Finalize Aggregate  (cost=781101.55..781101.56 rows=1 width=8)
  ->  Gather  (cost=781101.34..781101.55 rows=2 width=8)
        Workers Planned: 2
        ->  Partial Aggregate  (cost=780101.34..780101.35 rows=1 width=8)
              ->  Parallel Seq Scan on cast_info ci  (cost=0.00..775704.31 rows=1758810 width=0)
                    Filter: (role_id = 10)
JIT:
  Functions: 6
  Options: Inlining true, Optimization true, Expressions true, Deforming true