2022-12-02 21:17:57 [P-3800] [MainThread] [parse_query_plan] [DEBUG] parse_query_plan.py[line:126] Finalize Aggregate  (cost=69065.95..69065.96 rows=1 width=32) (actual time=255.329..259.288 rows=1 loops=1)
2022-12-02 21:17:57 [P-3800] [MainThread] [parse_query_plan] [DEBUG] parse_query_plan.py[line:132] ['Finalize Aggregate']
2022-12-02 21:17:57 [P-3800] [MainThread] [parse_query_plan] [DEBUG] parse_query_plan.py[line:149] _do_FinalizeAggregate
2022-12-02 21:17:57 [P-3800] [MainThread] [parse_query_plan] [DEBUG] parse_query_plan.py[line:126] Gather  (cost=69065.73..69065.94 rows=2 width=32) (actual time=255.143..259.279 rows=3 loops=1)
2022-12-02 21:17:57 [P-3800] [MainThread] [parse_query_plan] [DEBUG] parse_query_plan.py[line:132] ['Gather']
2022-12-02 21:17:57 [P-3800] [MainThread] [parse_query_plan] [DEBUG] parse_query_plan.py[line:149] _do_Gather
2022-12-02 21:17:57 [P-3800] [MainThread] [parse_query_plan] [DEBUG] parse_query_plan.py[line:126] Partial Aggregate  (cost=68065.73..68065.74 rows=1 width=32) (actual time=244.831..244.835 rows=1 loops=3)
2022-12-02 21:17:57 [P-3800] [MainThread] [parse_query_plan] [DEBUG] parse_query_plan.py[line:132] ['Partial Aggregate']
2022-12-02 21:17:57 [P-3800] [MainThread] [parse_query_plan] [DEBUG] parse_query_plan.py[line:149] _do_PartialAggregate
2022-12-02 21:17:57 [P-3800] [MainThread] [parse_query_plan] [DEBUG] parse_query_plan.py[line:126] Hash Join  (cost=17.13..68064.26 rows=588 width=16) (actual time=111.644..244.745 rows=59 loops=3)
2022-12-02 21:17:57 [P-3800] [MainThread] [parse_query_plan] [DEBUG] parse_query_plan.py[line:132] ['Hash Join']
2022-12-02 21:17:57 [P-3800] [MainThread] [parse_query_plan] [DEBUG] parse_query_plan.py[line:149] _do_HashJoin
2022-12-02 21:17:57 [P-3800] [MainThread] [parse_query_plan] [DEBUG] parse_query_plan.py[line:126] Nested Loop  (cost=13.58..68059.12 rows=588 width=20) (actual time=111.574..244.611 rows=59 loops=3)
2022-12-02 21:17:57 [P-3800] [MainThread] [parse_query_plan] [DEBUG] parse_query_plan.py[line:132] ['Nested Loop']
2022-12-02 21:17:57 [P-3800] [MainThread] [parse_query_plan] [DEBUG] parse_query_plan.py[line:149] _do_NestedLoop
2022-12-02 21:17:57 [P-3800] [MainThread] [parse_query_plan] [DEBUG] parse_query_plan.py[line:126] Nested Loop  (cost=13.12..66942.49 rows=460 width=24) (actual time=104.275..176.917 rows=97 loops=3)
2022-12-02 21:17:57 [P-3800] [MainThread] [parse_query_plan] [DEBUG] parse_query_plan.py[line:132] ['Nested Loop']
2022-12-02 21:17:57 [P-3800] [MainThread] [parse_query_plan] [DEBUG] parse_query_plan.py[line:149] _do_NestedLoop
2022-12-02 21:17:57 [P-3800] [MainThread] [parse_query_plan] [DEBUG] parse_query_plan.py[line:126] Hash Join  (cost=12.69..66139.23 rows=593 width=4) (actual time=103.809..171.073 rows=359 loops=3)
2022-12-02 21:17:57 [P-3800] [MainThread] [parse_query_plan] [DEBUG] parse_query_plan.py[line:132] ['Hash Join']
2022-12-02 21:17:57 [P-3800] [MainThread] [parse_query_plan] [DEBUG] parse_query_plan.py[line:149] _do_HashJoin
2022-12-02 21:17:57 [P-3800] [MainThread] [parse_query_plan] [DEBUG] parse_query_plan.py[line:126] Seq Scan on movie_companies mc  (cost=0.00..65848.35 rows=105348 width=8) (actual time=0.019..164.815 rows=142731 loops=3)
2022-12-02 21:17:57 [P-3800] [MainThread] [parse_query_plan] [DEBUG] parse_query_plan.py[line:132] ['Seq Scan', 'movie_companies mc']
2022-12-02 21:17:57 [P-3800] [MainThread] [parse_query_plan] [DEBUG] parse_query_plan.py[line:149] _do_SeqScan
2022-12-02 21:17:57 [P-3800] [MainThread] [parse_query_plan] [DEBUG] parse_query_plan.py[line:126] Hash  (cost=12.64..12.64 rows=4 width=4) (actual time=0.012..0.013 rows=1 loops=3)
2022-12-02 21:17:57 [P-3800] [MainThread] [parse_query_plan] [DEBUG] parse_query_plan.py[line:132] ['Hash']
2022-12-02 21:17:57 [P-3800] [MainThread] [parse_query_plan] [DEBUG] parse_query_plan.py[line:149] _do_Hash
2022-12-02 21:17:57 [P-3800] [MainThread] [parse_query_plan] [DEBUG] parse_query_plan.py[line:126] Bitmap Heap Scan on company_type ct  (cost=4.18..12.64 rows=4 width=4) (actual time=0.010..0.011 rows=1 loops=3)
2022-12-02 21:17:57 [P-3800] [MainThread] [parse_query_plan] [DEBUG] parse_query_plan.py[line:132] ['Bitmap Heap Scan', 'company_type ct']
2022-12-02 21:17:57 [P-3800] [MainThread] [parse_query_plan] [DEBUG] parse_query_plan.py[line:149] _do_BitMapHeapScan
2022-12-02 21:17:57 [P-3800] [MainThread] [parse_query_plan] [DEBUG] parse_query_plan.py[line:126] Bitmap Index Scan on company_type_kind  (cost=0.00..4.18 rows=4 width=0) (actual time=0.009..0.009 rows=1 loops=3)
2022-12-02 21:17:57 [P-3800] [MainThread] [parse_query_plan] [DEBUG] parse_query_plan.py[line:132] ['Bitmap Index Scan', 'company_type_kind']
2022-12-02 21:17:57 [P-3800] [MainThread] [parse_query_plan] [DEBUG] parse_query_plan.py[line:149] _do_BitMapIndexScan
2022-12-02 21:17:57 [P-3800] [MainThread] [parse_query_plan] [DEBUG] parse_query_plan.py[line:126] Index Scan using title_pkey on title t  (cost=0.43..1.35 rows=1 width=20) (actual time=0.016..0.016 rows=0 loops=1078)
2022-12-02 21:17:57 [P-3800] [MainThread] [parse_query_plan] [DEBUG] parse_query_plan.py[line:132] ['Index Scan', 'title_pkey', 'title t']
2022-12-02 21:17:57 [P-3800] [MainThread] [parse_query_plan] [DEBUG] parse_query_plan.py[line:149] _do_IndexScan
2022-12-02 21:17:57 [P-3800] [MainThread] [parse_query_plan] [DEBUG] parse_query_plan.py[line:126] Index Scan using movie_info_idx_mid on movie_info mi  (cost=0.46..2.41 rows=2 width=8) (actual time=0.406..0.695 rows=1 loops=292)
2022-12-02 21:17:57 [P-3800] [MainThread] [parse_query_plan] [DEBUG] parse_query_plan.py[line:132] ['Index Scan', 'movie_info_idx_mid', 'movie_info mi']
2022-12-02 21:17:57 [P-3800] [MainThread] [parse_query_plan] [DEBUG] parse_query_plan.py[line:149] _do_IndexScan
2022-12-02 21:17:57 [P-3800] [MainThread] [parse_query_plan] [DEBUG] parse_query_plan.py[line:185] <re.Match object; span=(0, 98), match="info = ANY ('{Sweden,Norway,Germany,Denmark,Swedi>
2022-12-02 21:17:57 [P-3800] [MainThread] [parse_query_plan] [DEBUG] parse_query_plan.py[line:126] Hash  (cost=2.13..2.13 rows=113 width=4) (actual time=0.029..0.029 rows=113 loops=3)
2022-12-02 21:17:57 [P-3800] [MainThread] [parse_query_plan] [DEBUG] parse_query_plan.py[line:132] ['Hash']
2022-12-02 21:17:57 [P-3800] [MainThread] [parse_query_plan] [DEBUG] parse_query_plan.py[line:149] _do_Hash
2022-12-02 21:17:57 [P-3800] [MainThread] [parse_query_plan] [DEBUG] parse_query_plan.py[line:126] Seq Scan on info_type it  (cost=0.00..2.13 rows=113 width=4) (actual time=0.009..0.015 rows=113 loops=3)
2022-12-02 21:17:57 [P-3800] [MainThread] [parse_query_plan] [DEBUG] parse_query_plan.py[line:132] ['Seq Scan', 'info_type it']
2022-12-02 21:17:57 [P-3800] [MainThread] [parse_query_plan] [DEBUG] parse_query_plan.py[line:149] _do_SeqScan
