2022-12-02 19:41:17 [P-15056] [MainThread] [parse_query_plan] [DEBUG] parse_query_plan.py[line:108] Finalize Aggregate  (cost=1147265.62..1147265.63 rows=1 width=64) (actual time=9997.443..10121.476 rows=1 loops=1)
2022-12-02 19:41:17 [P-15056] [MainThread] [parse_query_plan] [DEBUG] parse_query_plan.py[line:114] ['Finalize Aggregate']
2022-12-02 19:41:17 [P-15056] [MainThread] [parse_query_plan] [DEBUG] parse_query_plan.py[line:131] _do_FinalizeAggregate
2022-12-02 19:41:17 [P-15056] [MainThread] [parse_query_plan] [DEBUG] parse_query_plan.py[line:108] Gather  (cost=1147265.40..1147265.61 rows=2 width=64) (actual time=9992.075..10121.451 rows=3 loops=1)
2022-12-02 19:41:17 [P-15056] [MainThread] [parse_query_plan] [DEBUG] parse_query_plan.py[line:114] ['Gather']
2022-12-02 19:41:17 [P-15056] [MainThread] [parse_query_plan] [DEBUG] parse_query_plan.py[line:131] _do_Gather
2022-12-02 19:41:17 [P-15056] [MainThread] [parse_query_plan] [DEBUG] parse_query_plan.py[line:108] Partial Aggregate  (cost=1146265.40..1146265.41 rows=1 width=64) (actual time=9975.993..9976.191 rows=1 loops=3)
2022-12-02 19:41:17 [P-15056] [MainThread] [parse_query_plan] [DEBUG] parse_query_plan.py[line:114] ['Partial Aggregate']
2022-12-02 19:41:17 [P-15056] [MainThread] [parse_query_plan] [DEBUG] parse_query_plan.py[line:131] _do_PartialAggregate
2022-12-02 19:41:17 [P-15056] [MainThread] [parse_query_plan] [DEBUG] parse_query_plan.py[line:108] Hash Join  (cost=1112895.15..1144395.88 rows=373903 width=32) (actual time=9746.826..9870.158 rows=1160410 loops=3)
2022-12-02 19:41:17 [P-15056] [MainThread] [parse_query_plan] [DEBUG] parse_query_plan.py[line:114] ['Hash Join']
2022-12-02 19:41:17 [P-15056] [MainThread] [parse_query_plan] [DEBUG] parse_query_plan.py[line:131] _do_HashJoin
2022-12-02 19:41:17 [P-15056] [MainThread] [parse_query_plan] [DEBUG] parse_query_plan.py[line:108] Seq Scan on aka_name a1  (cost=0.00..22010.80 rows=546780 width=20) (actual time=7.374..324.587 rows=437424 loops=3)
2022-12-02 19:41:17 [P-15056] [MainThread] [parse_query_plan] [DEBUG] parse_query_plan.py[line:114] ['Seq Scan', 'aka_name a1']
