2022-12-02 20:49:11 [P-13376] [MainThread] [parse_query_plan] [DEBUG] parse_query_plan.py[line:126] Aggregate  (cost=344940.28..344940.29 rows=1 width=64) (actual time=280.480..285.606 rows=1 loops=1)
2022-12-02 20:49:11 [P-13376] [MainThread] [parse_query_plan] [DEBUG] parse_query_plan.py[line:132] ['Aggregate']
2022-12-02 20:49:11 [P-13376] [MainThread] [parse_query_plan] [DEBUG] parse_query_plan.py[line:149] _do_Aggregate
2022-12-02 20:49:11 [P-13376] [MainThread] [parse_query_plan] [DEBUG] parse_query_plan.py[line:126] Gather  (cost=5285.08..344940.27 rows=2 width=32) (actual time=85.895..285.543 rows=41 loops=1)
2022-12-02 20:49:11 [P-13376] [MainThread] [parse_query_plan] [DEBUG] parse_query_plan.py[line:132] ['Gather']
2022-12-02 20:49:11 [P-13376] [MainThread] [parse_query_plan] [DEBUG] parse_query_plan.py[line:149] _do_Gather
2022-12-02 20:49:11 [P-13376] [MainThread] [parse_query_plan] [DEBUG] parse_query_plan.py[line:126] Nested Loop  (cost=4285.08..343940.07 rows=1 width=32) (actual time=51.653..267.320 rows=14 loops=3)
2022-12-02 20:49:11 [P-13376] [MainThread] [parse_query_plan] [DEBUG] parse_query_plan.py[line:132] ['Nested Loop']
2022-12-02 20:49:11 [P-13376] [MainThread] [parse_query_plan] [DEBUG] parse_query_plan.py[line:149] _do_NestedLoop
2022-12-02 20:49:11 [P-13376] [MainThread] [parse_query_plan] [DEBUG] parse_query_plan.py[line:126] Nested Loop  (cost=4284.93..343939.50 rows=1 width=36) (actual time=51.630..267.276 rows=14 loops=3)
2022-12-02 20:49:11 [P-13376] [MainThread] [parse_query_plan] [DEBUG] parse_query_plan.py[line:132] ['Nested Loop']
2022-12-02 20:49:11 [P-13376] [MainThread] [parse_query_plan] [DEBUG] parse_query_plan.py[line:149] _do_NestedLoop
2022-12-02 20:49:11 [P-13376] [MainThread] [parse_query_plan] [DEBUG] parse_query_plan.py[line:126] Nested Loop  (cost=4284.50..343935.27 rows=1 width=24) (actual time=51.589..267.146 rows=15 loops=3)
2022-12-02 20:49:11 [P-13376] [MainThread] [parse_query_plan] [DEBUG] parse_query_plan.py[line:132] ['Nested Loop']
2022-12-02 20:49:11 [P-13376] [MainThread] [parse_query_plan] [DEBUG] parse_query_plan.py[line:149] _do_NestedLoop
2022-12-02 20:49:11 [P-13376] [MainThread] [parse_query_plan] [DEBUG] parse_query_plan.py[line:126] Nested Loop  (cost=4284.34..343922.90 rows=245 width=28) (actual time=51.559..267.078 rows=24 loops=3)
2022-12-02 20:49:11 [P-13376] [MainThread] [parse_query_plan] [DEBUG] parse_query_plan.py[line:132] ['Nested Loop']
2022-12-02 20:49:11 [P-13376] [MainThread] [parse_query_plan] [DEBUG] parse_query_plan.py[line:149] _do_NestedLoop
2022-12-02 20:49:11 [P-13376] [MainThread] [parse_query_plan] [DEBUG] parse_query_plan.py[line:126] Nested Loop  (cost=4283.90..87652.37 rows=8880 width=28) (actual time=20.461..209.730 rows=1943 loops=3)
2022-12-02 20:49:11 [P-13376] [MainThread] [parse_query_plan] [DEBUG] parse_query_plan.py[line:132] ['Nested Loop']
2022-12-02 20:49:11 [P-13376] [MainThread] [parse_query_plan] [DEBUG] parse_query_plan.py[line:149] _do_NestedLoop
2022-12-02 20:49:11 [P-13376] [MainThread] [parse_query_plan] [DEBUG] parse_query_plan.py[line:126] Hash Join  (cost=4283.47..65225.24 rows=16048 width=8) (actual time=20.397..196.831 rows=6981 loops=3)
2022-12-02 20:49:11 [P-13376] [MainThread] [parse_query_plan] [DEBUG] parse_query_plan.py[line:132] ['Hash Join']
2022-12-02 20:49:11 [P-13376] [MainThread] [parse_query_plan] [DEBUG] parse_query_plan.py[line:149] _do_HashJoin
2022-12-02 20:49:11 [P-13376] [MainThread] [parse_query_plan] [DEBUG] parse_query_plan.py[line:126] Seq Scan on movie_companies mc  (cost=0.00..55518.57 rows=2065957 width=12) (actual time=0.040..87.446 rows=1652765 loops=3)
2022-12-02 20:49:11 [P-13376] [MainThread] [parse_query_plan] [DEBUG] parse_query_plan.py[line:132] ['Seq Scan', 'movie_companies mc']
2022-12-02 20:49:11 [P-13376] [MainThread] [parse_query_plan] [DEBUG] parse_query_plan.py[line:149] _do_SeqScan
2022-12-02 20:49:11 [P-13376] [MainThread] [parse_query_plan] [DEBUG] parse_query_plan.py[line:126] Hash  (cost=4262.78..4262.78 rows=1655 width=4) (actual time=19.152..19.153 rows=810 loops=3)
2022-12-02 20:49:11 [P-13376] [MainThread] [parse_query_plan] [DEBUG] parse_query_plan.py[line:132] ['Hash']
2022-12-02 20:49:11 [P-13376] [MainThread] [parse_query_plan] [DEBUG] parse_query_plan.py[line:149] _do_Hash
2022-12-02 20:49:11 [P-13376] [MainThread] [parse_query_plan] [DEBUG] parse_query_plan.py[line:126] Bitmap Heap Scan on company_name cn  (cost=34.22..4262.78 rows=1655 width=4) (actual time=13.404..16.048 rows=810 loops=3)
2022-12-02 20:49:11 [P-13376] [MainThread] [parse_query_plan] [DEBUG] parse_query_plan.py[line:132] ['Bitmap Heap Scan', 'company_name cn']
2022-12-02 20:49:11 [P-13376] [MainThread] [parse_query_plan] [DEBUG] parse_query_plan.py[line:149] _do_BitMapHeapScan
2022-12-02 20:49:11 [P-13376] [MainThread] [parse_query_plan] [DEBUG] parse_query_plan.py[line:126] Bitmap Index Scan on company_name_idx_ccode  (cost=0.00..33.52 rows=2813 width=0) (actual time=0.202..0.202 rows=2430 loops=1)
2022-12-02 20:49:11 [P-13376] [MainThread] [parse_query_plan] [DEBUG] parse_query_plan.py[line:132] ['Bitmap Index Scan', 'company_name_idx_ccode']
2022-12-02 20:49:11 [P-13376] [MainThread] [parse_query_plan] [DEBUG] parse_query_plan.py[line:149] _do_BitMapIndexScan
2022-12-02 20:49:11 [P-13376] [MainThread] [parse_query_plan] [DEBUG] parse_query_plan.py[line:126] Index Scan using title_pkey on title t  (cost=0.43..1.40 rows=1 width=20) (actual time=0.002..0.002 rows=0 loops=20944)
2022-12-02 20:49:11 [P-13376] [MainThread] [parse_query_plan] [DEBUG] parse_query_plan.py[line:132] ['Index Scan', 'title_pkey', 'title t']
2022-12-02 20:49:11 [P-13376] [MainThread] [parse_query_plan] [DEBUG] parse_query_plan.py[line:149] _do_IndexScan
2022-12-02 20:49:11 [P-13376] [MainThread] [parse_query_plan] [DEBUG] parse_query_plan.py[line:126] Index Scan using cast_info_idx_mid on cast_info ci  (cost=0.44..28.85 rows=1 width=12) (actual time=0.028..0.029 rows=0 loops=5830)
2022-12-02 20:49:11 [P-13376] [MainThread] [parse_query_plan] [DEBUG] parse_query_plan.py[line:132] ['Index Scan', 'cast_info_idx_mid', 'cast_info ci']
2022-12-02 20:49:11 [P-13376] [MainThread] [parse_query_plan] [DEBUG] parse_query_plan.py[line:149] _do_IndexScan
2022-12-02 20:49:11 [P-13376] [MainThread] [parse_query_plan] [DEBUG] parse_query_plan.py[line:126] Memoize  (cost=0.16..0.58 rows=1 width=4) (actual time=0.002..0.002 rows=1 loops=72)
2022-12-02 20:49:11 [P-13376] [MainThread] [parse_query_plan] [DEBUG] parse_query_plan.py[line:132] ['Memoize']
2022-12-02 20:49:11 [P-13376] [MainThread] [parse_query_plan] [DEBUG] parse_query_plan.py[line:149] _do_Memorize
2022-12-02 20:49:11 [P-13376] [MainThread] [parse_query_plan] [DEBUG] parse_query_plan.py[line:126] Index Scan using role_type_pkey on role_type rt  (cost=0.15..0.57 rows=1 width=4) (actual time=0.010..0.010 rows=0 loops=7)
2022-12-02 20:49:11 [P-13376] [MainThread] [parse_query_plan] [DEBUG] parse_query_plan.py[line:132] ['Index Scan', 'role_type_pkey', 'role_type rt']
2022-12-02 20:49:11 [P-13376] [MainThread] [parse_query_plan] [DEBUG] parse_query_plan.py[line:149] _do_IndexScan
2022-12-02 20:49:11 [P-13376] [MainThread] [parse_query_plan] [DEBUG] parse_query_plan.py[line:126] Index Scan using char_name_pkey on char_name chn  (cost=0.43..4.23 rows=1 width=20) (actual time=0.007..0.007 rows=1 loops=46)
2022-12-02 20:49:11 [P-13376] [MainThread] [parse_query_plan] [DEBUG] parse_query_plan.py[line:132] ['Index Scan', 'char_name_pkey', 'char_name chn']
2022-12-02 20:49:11 [P-13376] [MainThread] [parse_query_plan] [DEBUG] parse_query_plan.py[line:149] _do_IndexScan
2022-12-02 20:49:11 [P-13376] [MainThread] [parse_query_plan] [DEBUG] parse_query_plan.py[line:126] Index Only Scan using company_type_pkey on company_type ct  (cost=0.15..0.57 rows=1 width=4) (actual time=0.002..0.002 rows=1 loops=41)
2022-12-02 20:49:11 [P-13376] [MainThread] [parse_query_plan] [DEBUG] parse_query_plan.py[line:132] ['Index Only Scan', 'company_type_pkey', 'company_type ct']
2022-12-02 20:49:11 [P-13376] [MainThread] [parse_query_plan] [DEBUG] parse_query_plan.py[line:149] _do_IndexOnlyScan
2022-12-02 20:49:11 [P-13376] [MainThread] [parse_query_plan] [DEBUG] parse_query_plan.py[line:126] Finalize Aggregate  (cost=263875.96..263875.97 rows=1 width=64) (actual time=236.485..241.236 rows=1 loops=1)
2022-12-02 20:49:11 [P-13376] [MainThread] [parse_query_plan] [DEBUG] parse_query_plan.py[line:132] ['Finalize Aggregate']
2022-12-02 20:49:11 [P-13376] [MainThread] [parse_query_plan] [DEBUG] parse_query_plan.py[line:149] _do_FinalizeAggregate
2022-12-02 20:49:11 [P-13376] [MainThread] [parse_query_plan] [DEBUG] parse_query_plan.py[line:126] Gather  (cost=263875.74..263875.95 rows=2 width=64) (actual time=236.228..241.217 rows=3 loops=1)
2022-12-02 20:49:11 [P-13376] [MainThread] [parse_query_plan] [DEBUG] parse_query_plan.py[line:132] ['Gather']
2022-12-02 20:49:11 [P-13376] [MainThread] [parse_query_plan] [DEBUG] parse_query_plan.py[line:149] _do_Gather
2022-12-02 20:49:11 [P-13376] [MainThread] [parse_query_plan] [DEBUG] parse_query_plan.py[line:126] Partial Aggregate  (cost=262875.74..262875.75 rows=1 width=64) (actual time=223.910..223.915 rows=1 loops=3)
2022-12-02 20:49:11 [P-13376] [MainThread] [parse_query_plan] [DEBUG] parse_query_plan.py[line:132] ['Partial Aggregate']
2022-12-02 20:49:11 [P-13376] [MainThread] [parse_query_plan] [DEBUG] parse_query_plan.py[line:149] _do_PartialAggregate
2022-12-02 20:49:11 [P-13376] [MainThread] [parse_query_plan] [DEBUG] parse_query_plan.py[line:126] Nested Loop  (cost=4297.62..262875.59 rows=30 width=32) (actual time=223.890..223.894 rows=0 loops=3)
2022-12-02 20:49:11 [P-13376] [MainThread] [parse_query_plan] [DEBUG] parse_query_plan.py[line:132] ['Nested Loop']
2022-12-02 20:49:11 [P-13376] [MainThread] [parse_query_plan] [DEBUG] parse_query_plan.py[line:149] _do_NestedLoop
2022-12-02 20:49:11 [P-13376] [MainThread] [parse_query_plan] [DEBUG] parse_query_plan.py[line:126] Nested Loop  (cost=4297.46..262873.18 rows=30 width=36) (actual time=223.890..223.894 rows=0 loops=3)
2022-12-02 20:49:11 [P-13376] [MainThread] [parse_query_plan] [DEBUG] parse_query_plan.py[line:132] ['Nested Loop']
2022-12-02 20:49:11 [P-13376] [MainThread] [parse_query_plan] [DEBUG] parse_query_plan.py[line:149] _do_NestedLoop
2022-12-02 20:49:11 [P-13376] [MainThread] [parse_query_plan] [DEBUG] parse_query_plan.py[line:126] Hash Join  (cost=4297.03..262787.43 rows=59 width=24) (actual time=223.889..223.893 rows=0 loops=3)
2022-12-02 20:49:11 [P-13376] [MainThread] [parse_query_plan] [DEBUG] parse_query_plan.py[line:132] ['Hash Join']
2022-12-02 20:49:11 [P-13376] [MainThread] [parse_query_plan] [DEBUG] parse_query_plan.py[line:149] _do_HashJoin
2022-12-02 20:49:11 [P-13376] [MainThread] [parse_query_plan] [DEBUG] parse_query_plan.py[line:126] Nested Loop  (cost=4284.34..262747.23 rows=10418 width=28) (actual time=3.268..210.030 rows=1220 loops=3)
2022-12-02 20:49:11 [P-13376] [MainThread] [parse_query_plan] [DEBUG] parse_query_plan.py[line:132] ['Nested Loop']
2022-12-02 20:49:11 [P-13376] [MainThread] [parse_query_plan] [DEBUG] parse_query_plan.py[line:149] _do_NestedLoop
2022-12-02 20:49:11 [P-13376] [MainThread] [parse_query_plan] [DEBUG] parse_query_plan.py[line:126] Nested Loop  (cost=4283.90..87652.37 rows=6083 width=28) (actual time=2.972..180.318 rows=1309 loops=3)
2022-12-02 20:49:11 [P-13376] [MainThread] [parse_query_plan] [DEBUG] parse_query_plan.py[line:132] ['Nested Loop']
2022-12-02 20:49:11 [P-13376] [MainThread] [parse_query_plan] [DEBUG] parse_query_plan.py[line:149] _do_NestedLoop
2022-12-02 20:49:11 [P-13376] [MainThread] [parse_query_plan] [DEBUG] parse_query_plan.py[line:126] Hash Join  (cost=4283.47..65225.24 rows=16048 width=8) (actual time=2.617..169.188 rows=6981 loops=3)
2022-12-02 20:49:11 [P-13376] [MainThread] [parse_query_plan] [DEBUG] parse_query_plan.py[line:132] ['Hash Join']
2022-12-02 20:49:11 [P-13376] [MainThread] [parse_query_plan] [DEBUG] parse_query_plan.py[line:149] _do_HashJoin
2022-12-02 20:49:11 [P-13376] [MainThread] [parse_query_plan] [DEBUG] parse_query_plan.py[line:126] Seq Scan on movie_companies mc  (cost=0.00..55518.57 rows=2065957 width=12) (actual time=0.019..81.841 rows=1652765 loops=3)
2022-12-02 20:49:11 [P-13376] [MainThread] [parse_query_plan] [DEBUG] parse_query_plan.py[line:132] ['Seq Scan', 'movie_companies mc']
2022-12-02 20:49:11 [P-13376] [MainThread] [parse_query_plan] [DEBUG] parse_query_plan.py[line:149] _do_SeqScan
2022-12-02 20:49:11 [P-13376] [MainThread] [parse_query_plan] [DEBUG] parse_query_plan.py[line:126] Hash  (cost=4262.78..4262.78 rows=1655 width=4) (actual time=1.972..1.973 rows=810 loops=3)
2022-12-02 20:49:11 [P-13376] [MainThread] [parse_query_plan] [DEBUG] parse_query_plan.py[line:132] ['Hash']
2022-12-02 20:49:11 [P-13376] [MainThread] [parse_query_plan] [DEBUG] parse_query_plan.py[line:149] _do_Hash
2022-12-02 20:49:11 [P-13376] [MainThread] [parse_query_plan] [DEBUG] parse_query_plan.py[line:126] Bitmap Heap Scan on company_name cn  (cost=34.22..4262.78 rows=1655 width=4) (actual time=0.352..5.605 rows=2430 loops=1)
2022-12-02 20:49:11 [P-13376] [MainThread] [parse_query_plan] [DEBUG] parse_query_plan.py[line:132] ['Bitmap Heap Scan', 'company_name cn']
2022-12-02 20:49:11 [P-13376] [MainThread] [parse_query_plan] [DEBUG] parse_query_plan.py[line:149] _do_BitMapHeapScan
2022-12-02 20:49:11 [P-13376] [MainThread] [parse_query_plan] [DEBUG] parse_query_plan.py[line:126] Bitmap Index Scan on company_name_idx_ccode  (cost=0.00..33.52 rows=2813 width=0) (actual time=0.234..0.234 rows=2430 loops=1)
2022-12-02 20:49:11 [P-13376] [MainThread] [parse_query_plan] [DEBUG] parse_query_plan.py[line:132] ['Bitmap Index Scan', 'company_name_idx_ccode']
2022-12-02 20:49:11 [P-13376] [MainThread] [parse_query_plan] [DEBUG] parse_query_plan.py[line:149] _do_BitMapIndexScan
2022-12-02 20:49:11 [P-13376] [MainThread] [parse_query_plan] [DEBUG] parse_query_plan.py[line:126] Index Scan using title_pkey on title t  (cost=0.43..1.40 rows=1 width=20) (actual time=0.001..0.001 rows=0 loops=20944)
2022-12-02 20:49:11 [P-13376] [MainThread] [parse_query_plan] [DEBUG] parse_query_plan.py[line:132] ['Index Scan', 'title_pkey', 'title t']
2022-12-02 20:49:11 [P-13376] [MainThread] [parse_query_plan] [DEBUG] parse_query_plan.py[line:149] _do_IndexScan
2022-12-02 20:49:11 [P-13376] [MainThread] [parse_query_plan] [DEBUG] parse_query_plan.py[line:126] Index Scan using cast_info_idx_mid on cast_info ci  (cost=0.44..28.76 rows=2 width=12) (actual time=0.015..0.022 rows=1 loops=3928)
2022-12-02 20:49:11 [P-13376] [MainThread] [parse_query_plan] [DEBUG] parse_query_plan.py[line:132] ['Index Scan', 'cast_info_idx_mid', 'cast_info ci']
2022-12-02 20:49:11 [P-13376] [MainThread] [parse_query_plan] [DEBUG] parse_query_plan.py[line:149] _do_IndexScan
2022-12-02 20:49:11 [P-13376] [MainThread] [parse_query_plan] [DEBUG] parse_query_plan.py[line:126] Hash  (cost=12.64..12.64 rows=4 width=4) (actual time=13.746..13.746 rows=1 loops=3)
2022-12-02 20:49:11 [P-13376] [MainThread] [parse_query_plan] [DEBUG] parse_query_plan.py[line:132] ['Hash']
2022-12-02 20:49:11 [P-13376] [MainThread] [parse_query_plan] [DEBUG] parse_query_plan.py[line:149] _do_Hash
2022-12-02 20:49:11 [P-13376] [MainThread] [parse_query_plan] [DEBUG] parse_query_plan.py[line:126] Bitmap Heap Scan on role_type rt  (cost=4.18..12.64 rows=4 width=4) (actual time=13.725..13.729 rows=1 loops=3)
2022-12-02 20:49:11 [P-13376] [MainThread] [parse_query_plan] [DEBUG] parse_query_plan.py[line:132] ['Bitmap Heap Scan', 'role_type rt']
2022-12-02 20:49:11 [P-13376] [MainThread] [parse_query_plan] [DEBUG] parse_query_plan.py[line:149] _do_BitMapHeapScan
2022-12-02 20:49:11 [P-13376] [MainThread] [parse_query_plan] [DEBUG] parse_query_plan.py[line:126] Bitmap Index Scan on role_type_role  (cost=0.00..4.18 rows=4 width=0) (actual time=0.013..0.013 rows=1 loops=3)
2022-12-02 20:49:11 [P-13376] [MainThread] [parse_query_plan] [DEBUG] parse_query_plan.py[line:132] ['Bitmap Index Scan', 'role_type_role']
2022-12-02 20:49:11 [P-13376] [MainThread] [parse_query_plan] [DEBUG] parse_query_plan.py[line:149] _do_BitMapIndexScan
2022-12-02 20:49:11 [P-13376] [MainThread] [parse_query_plan] [DEBUG] parse_query_plan.py[line:126] Index Scan using char_name_pkey on char_name chn  (cost=0.43..1.45 rows=1 width=20) (never executed)
2022-12-02 20:49:11 [P-13376] [MainThread] [parse_query_plan] [DEBUG] parse_query_plan.py[line:132] ['Index Scan', 'char_name_pkey', 'char_name chn']
2022-12-02 20:49:11 [P-13376] [MainThread] [parse_query_plan] [DEBUG] parse_query_plan.py[line:149] _do_IndexScan
2022-12-02 20:49:11 [P-13376] [MainThread] [parse_query_plan] [DEBUG] parse_query_plan.py[line:126] Memoize  (cost=0.16..0.58 rows=1 width=4) (never executed)
2022-12-02 20:49:11 [P-13376] [MainThread] [parse_query_plan] [DEBUG] parse_query_plan.py[line:132] ['Memoize']
2022-12-02 20:49:11 [P-13376] [MainThread] [parse_query_plan] [DEBUG] parse_query_plan.py[line:149] _do_Memorize
2022-12-02 20:49:11 [P-13376] [MainThread] [parse_query_plan] [DEBUG] parse_query_plan.py[line:126] Index Only Scan using company_type_pkey on company_type ct  (cost=0.15..0.57 rows=1 width=4) (never executed)
2022-12-02 20:49:11 [P-13376] [MainThread] [parse_query_plan] [DEBUG] parse_query_plan.py[line:132] ['Index Only Scan', 'company_type_pkey', 'company_type ct']
2022-12-02 20:49:11 [P-13376] [MainThread] [parse_query_plan] [DEBUG] parse_query_plan.py[line:149] _do_IndexOnlyScan
2022-12-02 20:49:11 [P-13376] [MainThread] [parse_query_plan] [DEBUG] parse_query_plan.py[line:126] Finalize Aggregate  (cost=1039315.89..1039315.90 rows=1 width=64) (actual time=7161.336..7203.405 rows=1 loops=1)
2022-12-02 20:49:11 [P-13376] [MainThread] [parse_query_plan] [DEBUG] parse_query_plan.py[line:132] ['Finalize Aggregate']
2022-12-02 20:49:11 [P-13376] [MainThread] [parse_query_plan] [DEBUG] parse_query_plan.py[line:149] _do_FinalizeAggregate
2022-12-02 20:49:11 [P-13376] [MainThread] [parse_query_plan] [DEBUG] parse_query_plan.py[line:126] Gather  (cost=1039315.67..1039315.88 rows=2 width=64) (actual time=7155.352..7202.009 rows=3 loops=1)
2022-12-02 20:49:11 [P-13376] [MainThread] [parse_query_plan] [DEBUG] parse_query_plan.py[line:132] ['Gather']
2022-12-02 20:49:11 [P-13376] [MainThread] [parse_query_plan] [DEBUG] parse_query_plan.py[line:149] _do_Gather
2022-12-02 20:49:11 [P-13376] [MainThread] [parse_query_plan] [DEBUG] parse_query_plan.py[line:126] Partial Aggregate  (cost=1038315.67..1038315.68 rows=1 width=64) (actual time=7140.414..7140.734 rows=1 loops=3)
2022-12-02 20:49:11 [P-13376] [MainThread] [parse_query_plan] [DEBUG] parse_query_plan.py[line:132] ['Partial Aggregate']
2022-12-02 20:49:11 [P-13376] [MainThread] [parse_query_plan] [DEBUG] parse_query_plan.py[line:149] _do_PartialAggregate
2022-12-02 20:49:11 [P-13376] [MainThread] [parse_query_plan] [DEBUG] parse_query_plan.py[line:126] Hash Join  (cost=959121.53..1035706.51 rows=521832 width=32) (actual time=7129.078..7140.045 rows=4 loops=3)
2022-12-02 20:49:11 [P-13376] [MainThread] [parse_query_plan] [DEBUG] parse_query_plan.py[line:132] ['Hash Join']
2022-12-02 20:49:11 [P-13376] [MainThread] [parse_query_plan] [DEBUG] parse_query_plan.py[line:149] _do_HashJoin
2022-12-02 20:49:11 [P-13376] [MainThread] [parse_query_plan] [DEBUG] parse_query_plan.py[line:126] Hash Join  (cost=959095.55..1034302.55 rows=521832 width=36) (actual time=6794.129..6805.094 rows=4 loops=3)
2022-12-02 20:49:11 [P-13376] [MainThread] [parse_query_plan] [DEBUG] parse_query_plan.py[line:132] ['Hash Join']
2022-12-02 20:49:11 [P-13376] [MainThread] [parse_query_plan] [DEBUG] parse_query_plan.py[line:149] _do_HashJoin
2022-12-02 20:49:11 [P-13376] [MainThread] [parse_query_plan] [DEBUG] parse_query_plan.py[line:126] Hash Join  (cost=7227.32..68169.09 rows=786713 width=8) (actual time=93.407..482.316 rows=738720 loops=3)
2022-12-02 20:49:11 [P-13376] [MainThread] [parse_query_plan] [DEBUG] parse_query_plan.py[line:132] ['Hash Join']
2022-12-02 20:49:11 [P-13376] [MainThread] [parse_query_plan] [DEBUG] parse_query_plan.py[line:149] _do_HashJoin
2022-12-02 20:49:11 [P-13376] [MainThread] [parse_query_plan] [DEBUG] parse_query_plan.py[line:126] Seq Scan on movie_companies mc  (cost=0.00..55518.57 rows=2065957 width=12) (actual time=1.078..206.400 rows=1652765 loops=3)
2022-12-02 20:49:11 [P-13376] [MainThread] [parse_query_plan] [DEBUG] parse_query_plan.py[line:132] ['Seq Scan', 'movie_companies mc']
2022-12-02 20:49:11 [P-13376] [MainThread] [parse_query_plan] [DEBUG] parse_query_plan.py[line:149] _do_SeqScan
2022-12-02 20:49:11 [P-13376] [MainThread] [parse_query_plan] [DEBUG] parse_query_plan.py[line:126] Hash  (cost=6509.10..6509.10 rows=57458 width=4) (actual time=91.292..91.293 rows=46313 loops=3)
2022-12-02 20:49:11 [P-13376] [MainThread] [parse_query_plan] [DEBUG] parse_query_plan.py[line:132] ['Hash']
2022-12-02 20:49:11 [P-13376] [MainThread] [parse_query_plan] [DEBUG] parse_query_plan.py[line:149] _do_Hash
2022-12-02 20:49:11 [P-13376] [MainThread] [parse_query_plan] [DEBUG] parse_query_plan.py[line:126] Seq Scan on company_name cn  (cost=0.00..6509.10 rows=57458 width=4) (actual time=1.466..82.971 rows=46313 loops=3)
2022-12-02 20:49:11 [P-13376] [MainThread] [parse_query_plan] [DEBUG] parse_query_plan.py[line:132] ['Seq Scan', 'company_name cn']
2022-12-02 20:49:11 [P-13376] [MainThread] [parse_query_plan] [DEBUG] parse_query_plan.py[line:149] _do_SeqScan
2022-12-02 20:49:11 [P-13376] [MainThread] [parse_query_plan] [DEBUG] parse_query_plan.py[line:126] Hash  (cost=941575.04..941575.04 rows=506735 width=40) (actual time=6206.278..6206.436 rows=6 loops=3)
2022-12-02 20:49:11 [P-13376] [MainThread] [parse_query_plan] [DEBUG] parse_query_plan.py[line:132] ['Hash']
2022-12-02 20:49:11 [P-13376] [MainThread] [parse_query_plan] [DEBUG] parse_query_plan.py[line:149] _do_Hash
2022-12-02 20:49:11 [P-13376] [MainThread] [parse_query_plan] [DEBUG] parse_query_plan.py[line:126] Nested Loop  (cost=84903.74..941575.04 rows=506735 width=40) (actual time=5943.007..6205.400 rows=6 loops=3)
2022-12-02 20:49:11 [P-13376] [MainThread] [parse_query_plan] [DEBUG] parse_query_plan.py[line:132] ['Nested Loop']
2022-12-02 20:49:11 [P-13376] [MainThread] [parse_query_plan] [DEBUG] parse_query_plan.py[line:149] _do_NestedLoop
2022-12-02 20:49:11 [P-13376] [MainThread] [parse_query_plan] [DEBUG] parse_query_plan.py[line:126] Hash Join  (cost=84903.30..883963.01 rows=1013942 width=28) (actual time=5891.657..6140.763 rows=454969 loops=3)
2022-12-02 20:49:11 [P-13376] [MainThread] [parse_query_plan] [DEBUG] parse_query_plan.py[line:132] ['Hash Join']
2022-12-02 20:49:11 [P-13376] [MainThread] [parse_query_plan] [DEBUG] parse_query_plan.py[line:149] _do_HashJoin
2022-12-02 20:49:11 [P-13376] [MainThread] [parse_query_plan] [DEBUG] parse_query_plan.py[line:126] Hash Join  (cost=25.98..779185.24 rows=1308361 width=8) (actual time=354.620..5013.920 rows=936355 loops=3)
2022-12-02 20:49:11 [P-13376] [MainThread] [parse_query_plan] [DEBUG] parse_query_plan.py[line:132] ['Hash Join']
2022-12-02 20:49:11 [P-13376] [MainThread] [parse_query_plan] [DEBUG] parse_query_plan.py[line:149] _do_HashJoin
2022-12-02 20:49:11 [P-13376] [MainThread] [parse_query_plan] [DEBUG] parse_query_plan.py[line:126] Seq Scan on cast_info ci  (cost=0.00..775704.31 rows=1308361 width=12) (actual time=354.541..4912.101 rows=936355 loops=3)
2022-12-02 20:49:11 [P-13376] [MainThread] [parse_query_plan] [DEBUG] parse_query_plan.py[line:132] ['Seq Scan', 'cast_info ci']
2022-12-02 20:49:11 [P-13376] [MainThread] [parse_query_plan] [DEBUG] parse_query_plan.py[line:149] _do_SeqScan
2022-12-02 20:49:11 [P-13376] [MainThread] [parse_query_plan] [DEBUG] parse_query_plan.py[line:126] Hash  (cost=17.10..17.10 rows=710 width=4) (actual time=0.054..0.055 rows=12 loops=3)
2022-12-02 20:49:11 [P-13376] [MainThread] [parse_query_plan] [DEBUG] parse_query_plan.py[line:132] ['Hash']
2022-12-02 20:49:11 [P-13376] [MainThread] [parse_query_plan] [DEBUG] parse_query_plan.py[line:149] _do_Hash
2022-12-02 20:49:11 [P-13376] [MainThread] [parse_query_plan] [DEBUG] parse_query_plan.py[line:126] Seq Scan on role_type rt  (cost=0.00..17.10 rows=710 width=4) (actual time=0.045..0.046 rows=12 loops=3)
2022-12-02 20:49:11 [P-13376] [MainThread] [parse_query_plan] [DEBUG] parse_query_plan.py[line:132] ['Seq Scan', 'role_type rt']
2022-12-02 20:49:11 [P-13376] [MainThread] [parse_query_plan] [DEBUG] parse_query_plan.py[line:149] _do_SeqScan
2022-12-02 20:49:11 [P-13376] [MainThread] [parse_query_plan] [DEBUG] parse_query_plan.py[line:126] Hash  (cost=65313.50..65313.50 rows=1065586 width=20) (actual time=733.414..733.415 rows=847455 loops=3)
2022-12-02 20:49:11 [P-13376] [MainThread] [parse_query_plan] [DEBUG] parse_query_plan.py[line:132] ['Hash']
2022-12-02 20:49:11 [P-13376] [MainThread] [parse_query_plan] [DEBUG] parse_query_plan.py[line:149] _do_Hash
2022-12-02 20:49:11 [P-13376] [MainThread] [parse_query_plan] [DEBUG] parse_query_plan.py[line:126] Seq Scan on title t  (cost=0.00..65313.50 rows=1065586 width=20) (actual time=0.306..551.579 rows=847455 loops=3)
2022-12-02 20:49:11 [P-13376] [MainThread] [parse_query_plan] [DEBUG] parse_query_plan.py[line:132] ['Seq Scan', 'title t']
2022-12-02 20:49:11 [P-13376] [MainThread] [parse_query_plan] [DEBUG] parse_query_plan.py[line:149] _do_SeqScan
2022-12-02 20:49:11 [P-13376] [MainThread] [parse_query_plan] [DEBUG] parse_query_plan.py[line:126] Memoize  (cost=0.44..1.46 rows=1 width=20) (actual time=0.000..0.000 rows=0 loops=1364907)
2022-12-02 20:49:11 [P-13376] [MainThread] [parse_query_plan] [DEBUG] parse_query_plan.py[line:132] ['Memoize']
2022-12-02 20:49:11 [P-13376] [MainThread] [parse_query_plan] [DEBUG] parse_query_plan.py[line:149] _do_Memorize
2022-12-02 20:49:11 [P-13376] [MainThread] [parse_query_plan] [DEBUG] parse_query_plan.py[line:126] Index Scan using char_name_pkey on char_name chn  (cost=0.43..1.45 rows=1 width=20) (actual time=0.357..0.357 rows=1 loops=18)
2022-12-02 20:49:11 [P-13376] [MainThread] [parse_query_plan] [DEBUG] parse_query_plan.py[line:132] ['Index Scan', 'char_name_pkey', 'char_name chn']
2022-12-02 20:49:11 [P-13376] [MainThread] [parse_query_plan] [DEBUG] parse_query_plan.py[line:149] _do_IndexScan
2022-12-02 20:49:11 [P-13376] [MainThread] [parse_query_plan] [DEBUG] parse_query_plan.py[line:126] Hash  (cost=17.10..17.10 rows=710 width=4) (actual time=334.152..334.153 rows=4 loops=3)
2022-12-02 20:49:11 [P-13376] [MainThread] [parse_query_plan] [DEBUG] parse_query_plan.py[line:132] ['Hash']
2022-12-02 20:49:11 [P-13376] [MainThread] [parse_query_plan] [DEBUG] parse_query_plan.py[line:149] _do_Hash
2022-12-02 20:49:11 [P-13376] [MainThread] [parse_query_plan] [DEBUG] parse_query_plan.py[line:126] Seq Scan on company_type ct  (cost=0.00..17.10 rows=710 width=4) (actual time=334.128..334.132 rows=4 loops=3)
2022-12-02 20:49:11 [P-13376] [MainThread] [parse_query_plan] [DEBUG] parse_query_plan.py[line:132] ['Seq Scan', 'company_type ct']
2022-12-02 20:49:11 [P-13376] [MainThread] [parse_query_plan] [DEBUG] parse_query_plan.py[line:149] _do_SeqScan
2022-12-02 20:49:11 [P-13376] [MainThread] [parse_query_plan] [DEBUG] parse_query_plan.py[line:126] Aggregate  (cost=1563.11..1563.12 rows=1 width=96) (actual time=865.971..865.975 rows=1 loops=1)
2022-12-02 20:49:11 [P-13376] [MainThread] [parse_query_plan] [DEBUG] parse_query_plan.py[line:132] ['Aggregate']
2022-12-02 20:49:11 [P-13376] [MainThread] [parse_query_plan] [DEBUG] parse_query_plan.py[line:149] _do_Aggregate
2022-12-02 20:49:11 [P-13376] [MainThread] [parse_query_plan] [DEBUG] parse_query_plan.py[line:126] Nested Loop  (cost=10.06..1563.10 rows=1 width=117) (actual time=16.608..865.500 rows=568 loops=1)
2022-12-02 20:49:11 [P-13376] [MainThread] [parse_query_plan] [DEBUG] parse_query_plan.py[line:132] ['Nested Loop']
2022-12-02 20:49:11 [P-13376] [MainThread] [parse_query_plan] [DEBUG] parse_query_plan.py[line:149] _do_NestedLoop
2022-12-02 20:49:11 [P-13376] [MainThread] [parse_query_plan] [DEBUG] parse_query_plan.py[line:126] Nested Loop  (cost=9.91..1562.06 rows=6 width=39) (actual time=6.757..863.914 rows=1119 loops=1)
2022-12-02 20:49:11 [P-13376] [MainThread] [parse_query_plan] [DEBUG] parse_query_plan.py[line:132] ['Nested Loop']
2022-12-02 20:49:11 [P-13376] [MainThread] [parse_query_plan] [DEBUG] parse_query_plan.py[line:149] _do_NestedLoop
2022-12-02 20:49:11 [P-13376] [MainThread] [parse_query_plan] [DEBUG] parse_query_plan.py[line:126] Nested Loop  (cost=9.48..1560.34 rows=1 width=47) (actual time=6.527..846.349 rows=129 loops=1)
2022-12-02 20:49:11 [P-13376] [MainThread] [parse_query_plan] [DEBUG] parse_query_plan.py[line:132] ['Nested Loop']
2022-12-02 20:49:11 [P-13376] [MainThread] [parse_query_plan] [DEBUG] parse_query_plan.py[line:149] _do_NestedLoop
2022-12-02 20:49:11 [P-13376] [MainThread] [parse_query_plan] [DEBUG] parse_query_plan.py[line:126] Nested Loop  (cost=9.06..1559.89 rows=1 width=32) (actual time=5.303..823.430 rows=905 loops=1)
2022-12-02 20:49:11 [P-13376] [MainThread] [parse_query_plan] [DEBUG] parse_query_plan.py[line:132] ['Nested Loop']
2022-12-02 20:49:11 [P-13376] [MainThread] [parse_query_plan] [DEBUG] parse_query_plan.py[line:149] _do_NestedLoop
2022-12-02 20:49:11 [P-13376] [MainThread] [parse_query_plan] [DEBUG] parse_query_plan.py[line:126] Nested Loop  (cost=8.90..1558.75 rows=26 width=36) (actual time=5.295..822.304 rows=1054 loops=1)
2022-12-02 20:49:11 [P-13376] [MainThread] [parse_query_plan] [DEBUG] parse_query_plan.py[line:132] ['Nested Loop']
2022-12-02 20:49:11 [P-13376] [MainThread] [parse_query_plan] [DEBUG] parse_query_plan.py[line:149] _do_NestedLoop
2022-12-02 20:49:11 [P-13376] [MainThread] [parse_query_plan] [DEBUG] parse_query_plan.py[line:126] Nested Loop  (cost=8.47..1553.35 rows=9 width=24) (actual time=5.161..779.914 rows=606 loops=1)
2022-12-02 20:49:11 [P-13376] [MainThread] [parse_query_plan] [DEBUG] parse_query_plan.py[line:132] ['Nested Loop']
2022-12-02 20:49:11 [P-13376] [MainThread] [parse_query_plan] [DEBUG] parse_query_plan.py[line:149] _do_NestedLoop
2022-12-02 20:49:11 [P-13376] [MainThread] [parse_query_plan] [DEBUG] parse_query_plan.py[line:126] Nested Loop  (cost=8.04..1537.90 rows=32 width=4) (actual time=2.935..565.164 rows=11404 loops=1)
2022-12-02 20:49:11 [P-13376] [MainThread] [parse_query_plan] [DEBUG] parse_query_plan.py[line:132] ['Nested Loop']
2022-12-02 20:49:11 [P-13376] [MainThread] [parse_query_plan] [DEBUG] parse_query_plan.py[line:149] _do_NestedLoop
2022-12-02 20:49:11 [P-13376] [MainThread] [parse_query_plan] [DEBUG] parse_query_plan.py[line:126] Index Scan using keyword_idx_keyword on keyword k  (cost=0.42..8.44 rows=1 width=4) (actual time=0.869..0.870 rows=1 loops=1)
2022-12-02 20:49:11 [P-13376] [MainThread] [parse_query_plan] [DEBUG] parse_query_plan.py[line:132] ['Index Scan', 'keyword_idx_keyword', 'keyword k']
2022-12-02 20:49:11 [P-13376] [MainThread] [parse_query_plan] [DEBUG] parse_query_plan.py[line:149] _do_IndexScan
2022-12-02 20:49:11 [P-13376] [MainThread] [parse_query_plan] [DEBUG] parse_query_plan.py[line:126] Bitmap Heap Scan on movie_keyword mk  (cost=7.62..1525.35 rows=411 width=8) (actual time=2.061..555.883 rows=11404 loops=1)
2022-12-02 20:49:11 [P-13376] [MainThread] [parse_query_plan] [DEBUG] parse_query_plan.py[line:132] ['Bitmap Heap Scan', 'movie_keyword mk']
2022-12-02 20:49:11 [P-13376] [MainThread] [parse_query_plan] [DEBUG] parse_query_plan.py[line:149] _do_BitMapHeapScan
2022-12-02 20:49:11 [P-13376] [MainThread] [parse_query_plan] [DEBUG] parse_query_plan.py[line:126] Bitmap Index Scan on movie_keyword_idx_keywordid  (cost=0.00..7.51 rows=411 width=0) (actual time=1.338..1.338 rows=11404 loops=1)
2022-12-02 20:49:11 [P-13376] [MainThread] [parse_query_plan] [DEBUG] parse_query_plan.py[line:132] ['Bitmap Index Scan', 'movie_keyword_idx_keywordid']
2022-12-02 20:49:11 [P-13376] [MainThread] [parse_query_plan] [DEBUG] parse_query_plan.py[line:149] _do_BitMapIndexScan
2022-12-02 20:49:11 [P-13376] [MainThread] [parse_query_plan] [DEBUG] parse_query_plan.py[line:126] Index Scan using title_pkey on title t  (cost=0.43..0.48 rows=1 width=20) (actual time=0.017..0.017 rows=0 loops=11404)
2022-12-02 20:49:11 [P-13376] [MainThread] [parse_query_plan] [DEBUG] parse_query_plan.py[line:132] ['Index Scan', 'title_pkey', 'title t']
2022-12-02 20:49:11 [P-13376] [MainThread] [parse_query_plan] [DEBUG] parse_query_plan.py[line:149] _do_IndexScan
2022-12-02 20:49:11 [P-13376] [MainThread] [parse_query_plan] [DEBUG] parse_query_plan.py[line:126] Index Scan using movie_companies_idx_mid on movie_companies mc  (cost=0.43..0.56 rows=3 width=12) (actual time=0.067..0.068 rows=2 loops=606)
2022-12-02 20:49:11 [P-13376] [MainThread] [parse_query_plan] [DEBUG] parse_query_plan.py[line:132] ['Index Scan', 'movie_companies_idx_mid', 'movie_companies mc']
2022-12-02 20:49:11 [P-13376] [MainThread] [parse_query_plan] [DEBUG] parse_query_plan.py[line:149] _do_IndexScan
2022-12-02 20:49:11 [P-13376] [MainThread] [parse_query_plan] [DEBUG] parse_query_plan.py[line:126] Memoize  (cost=0.16..0.18 rows=1 width=4) (actual time=0.001..0.001 rows=1 loops=1054)
2022-12-02 20:49:11 [P-13376] [MainThread] [parse_query_plan] [DEBUG] parse_query_plan.py[line:132] ['Memoize']
2022-12-02 20:49:11 [P-13376] [MainThread] [parse_query_plan] [DEBUG] parse_query_plan.py[line:149] _do_Memorize
2022-12-02 20:49:11 [P-13376] [MainThread] [parse_query_plan] [DEBUG] parse_query_plan.py[line:126] Index Scan using company_type_pkey on company_type ct  (cost=0.15..0.17 rows=1 width=4) (actual time=0.003..0.003 rows=0 loops=2)
2022-12-02 20:49:11 [P-13376] [MainThread] [parse_query_plan] [DEBUG] parse_query_plan.py[line:132] ['Index Scan', 'company_type_pkey', 'company_type ct']
2022-12-02 20:49:11 [P-13376] [MainThread] [parse_query_plan] [DEBUG] parse_query_plan.py[line:149] _do_IndexScan
2022-12-02 20:49:11 [P-13376] [MainThread] [parse_query_plan] [DEBUG] parse_query_plan.py[line:126] Index Scan using company_name_pkey on company_name cn  (cost=0.42..0.46 rows=1 width=23) (actual time=0.025..0.025 rows=0 loops=905)
2022-12-02 20:49:11 [P-13376] [MainThread] [parse_query_plan] [DEBUG] parse_query_plan.py[line:132] ['Index Scan', 'company_name_pkey', 'company_name cn']
2022-12-02 20:49:11 [P-13376] [MainThread] [parse_query_plan] [DEBUG] parse_query_plan.py[line:149] _do_IndexScan
2022-12-02 20:49:11 [P-13376] [MainThread] [parse_query_plan] [DEBUG] parse_query_plan.py[line:126] Index Scan using movie_link_idx_mid on movie_link ml  (cost=0.43..1.28 rows=44 width=8) (actual time=0.125..0.135 rows=9 loops=129)
2022-12-02 20:49:11 [P-13376] [MainThread] [parse_query_plan] [DEBUG] parse_query_plan.py[line:132] ['Index Scan', 'movie_link_idx_mid', 'movie_link ml']
2022-12-02 20:49:11 [P-13376] [MainThread] [parse_query_plan] [DEBUG] parse_query_plan.py[line:149] _do_IndexScan
2022-12-02 20:49:11 [P-13376] [MainThread] [parse_query_plan] [DEBUG] parse_query_plan.py[line:126] Index Scan using link_type_pkey on link_type lt  (cost=0.15..0.17 rows=1 width=86) (actual time=0.001..0.001 rows=1 loops=1119)
2022-12-02 20:49:11 [P-13376] [MainThread] [parse_query_plan] [DEBUG] parse_query_plan.py[line:132] ['Index Scan', 'link_type_pkey', 'link_type lt']
2022-12-02 20:49:11 [P-13376] [MainThread] [parse_query_plan] [DEBUG] parse_query_plan.py[line:149] _do_IndexScan
2022-12-02 20:49:11 [P-13376] [MainThread] [parse_query_plan] [DEBUG] parse_query_plan.py[line:126] Aggregate  (cost=1556.57..1556.58 rows=1 width=96) (actual time=15.210..15.212 rows=1 loops=1)
2022-12-02 20:49:11 [P-13376] [MainThread] [parse_query_plan] [DEBUG] parse_query_plan.py[line:132] ['Aggregate']
2022-12-02 20:49:11 [P-13376] [MainThread] [parse_query_plan] [DEBUG] parse_query_plan.py[line:149] _do_Aggregate
2022-12-02 20:49:11 [P-13376] [MainThread] [parse_query_plan] [DEBUG] parse_query_plan.py[line:126] Nested Loop  (cost=10.05..1556.56 rows=1 width=117) (actual time=15.208..15.210 rows=0 loops=1)
2022-12-02 20:49:11 [P-13376] [MainThread] [parse_query_plan] [DEBUG] parse_query_plan.py[line:132] ['Nested Loop']
2022-12-02 20:49:11 [P-13376] [MainThread] [parse_query_plan] [DEBUG] parse_query_plan.py[line:149] _do_NestedLoop
2022-12-02 20:49:11 [P-13376] [MainThread] [parse_query_plan] [DEBUG] parse_query_plan.py[line:126] Nested Loop  (cost=9.90..1556.37 rows=1 width=39) (actual time=15.207..15.210 rows=0 loops=1)
2022-12-02 20:49:11 [P-13376] [MainThread] [parse_query_plan] [DEBUG] parse_query_plan.py[line:132] ['Nested Loop']
2022-12-02 20:49:11 [P-13376] [MainThread] [parse_query_plan] [DEBUG] parse_query_plan.py[line:149] _do_NestedLoop
2022-12-02 20:49:11 [P-13376] [MainThread] [parse_query_plan] [DEBUG] parse_query_plan.py[line:126] Nested Loop  (cost=9.47..1554.61 rows=1 width=47) (actual time=1.077..15.206 rows=2 loops=1)
2022-12-02 20:49:11 [P-13376] [MainThread] [parse_query_plan] [DEBUG] parse_query_plan.py[line:132] ['Nested Loop']
2022-12-02 20:49:11 [P-13376] [MainThread] [parse_query_plan] [DEBUG] parse_query_plan.py[line:149] _do_NestedLoop
2022-12-02 20:49:11 [P-13376] [MainThread] [parse_query_plan] [DEBUG] parse_query_plan.py[line:126] Nested Loop  (cost=9.32..1554.43 rows=1 width=51) (actual time=1.074..15.202 rows=2 loops=1)
2022-12-02 20:49:11 [P-13376] [MainThread] [parse_query_plan] [DEBUG] parse_query_plan.py[line:132] ['Nested Loop']
2022-12-02 20:49:11 [P-13376] [MainThread] [parse_query_plan] [DEBUG] parse_query_plan.py[line:149] _do_NestedLoop
2022-12-02 20:49:11 [P-13376] [MainThread] [parse_query_plan] [DEBUG] parse_query_plan.py[line:126] Nested Loop  (cost=8.90..1553.97 rows=1 width=36) (actual time=1.070..15.191 rows=3 loops=1)
2022-12-02 20:49:11 [P-13376] [MainThread] [parse_query_plan] [DEBUG] parse_query_plan.py[line:132] ['Nested Loop']
2022-12-02 20:49:11 [P-13376] [MainThread] [parse_query_plan] [DEBUG] parse_query_plan.py[line:149] _do_NestedLoop
2022-12-02 20:49:11 [P-13376] [MainThread] [parse_query_plan] [DEBUG] parse_query_plan.py[line:126] Nested Loop  (cost=8.47..1553.38 rows=1 width=24) (actual time=1.065..15.185 rows=1 loops=1)
2022-12-02 20:49:11 [P-13376] [MainThread] [parse_query_plan] [DEBUG] parse_query_plan.py[line:132] ['Nested Loop']
2022-12-02 20:49:11 [P-13376] [MainThread] [parse_query_plan] [DEBUG] parse_query_plan.py[line:149] _do_NestedLoop
2022-12-02 20:49:11 [P-13376] [MainThread] [parse_query_plan] [DEBUG] parse_query_plan.py[line:126] Nested Loop  (cost=8.04..1537.90 rows=32 width=4) (actual time=0.959..6.388 rows=11404 loops=1)
2022-12-02 20:49:11 [P-13376] [MainThread] [parse_query_plan] [DEBUG] parse_query_plan.py[line:132] ['Nested Loop']
2022-12-02 20:49:11 [P-13376] [MainThread] [parse_query_plan] [DEBUG] parse_query_plan.py[line:149] _do_NestedLoop
2022-12-02 20:49:11 [P-13376] [MainThread] [parse_query_plan] [DEBUG] parse_query_plan.py[line:126] Index Scan using keyword_idx_keyword on keyword k  (cost=0.42..8.44 rows=1 width=4) (actual time=0.010..0.011 rows=1 loops=1)
2022-12-02 20:49:11 [P-13376] [MainThread] [parse_query_plan] [DEBUG] parse_query_plan.py[line:132] ['Index Scan', 'keyword_idx_keyword', 'keyword k']
2022-12-02 20:49:11 [P-13376] [MainThread] [parse_query_plan] [DEBUG] parse_query_plan.py[line:149] _do_IndexScan
2022-12-02 20:49:11 [P-13376] [MainThread] [parse_query_plan] [DEBUG] parse_query_plan.py[line:126] Bitmap Heap Scan on movie_keyword mk  (cost=7.62..1525.35 rows=411 width=8) (actual time=0.947..5.775 rows=11404 loops=1)
2022-12-02 20:49:11 [P-13376] [MainThread] [parse_query_plan] [DEBUG] parse_query_plan.py[line:132] ['Bitmap Heap Scan', 'movie_keyword mk']
2022-12-02 20:49:11 [P-13376] [MainThread] [parse_query_plan] [DEBUG] parse_query_plan.py[line:149] _do_BitMapHeapScan
2022-12-02 20:49:11 [P-13376] [MainThread] [parse_query_plan] [DEBUG] parse_query_plan.py[line:126] Bitmap Index Scan on movie_keyword_idx_keywordid  (cost=0.00..7.51 rows=411 width=0) (actual time=0.417..0.417 rows=11404 loops=1)
2022-12-02 20:49:11 [P-13376] [MainThread] [parse_query_plan] [DEBUG] parse_query_plan.py[line:132] ['Bitmap Index Scan', 'movie_keyword_idx_keywordid']
2022-12-02 20:49:11 [P-13376] [MainThread] [parse_query_plan] [DEBUG] parse_query_plan.py[line:149] _do_BitMapIndexScan
2022-12-02 20:49:11 [P-13376] [MainThread] [parse_query_plan] [DEBUG] parse_query_plan.py[line:126] Index Scan using title_pkey on title t  (cost=0.43..0.48 rows=1 width=20) (actual time=0.001..0.001 rows=0 loops=11404)
2022-12-02 20:49:11 [P-13376] [MainThread] [parse_query_plan] [DEBUG] parse_query_plan.py[line:132] ['Index Scan', 'title_pkey', 'title t']
2022-12-02 20:49:11 [P-13376] [MainThread] [parse_query_plan] [DEBUG] parse_query_plan.py[line:149] _do_IndexScan
2022-12-02 20:49:11 [P-13376] [MainThread] [parse_query_plan] [DEBUG] parse_query_plan.py[line:126] Index Scan using movie_companies_idx_mid on movie_companies mc  (cost=0.43..0.56 rows=3 width=12) (actual time=0.004..0.005 rows=3 loops=1)
2022-12-02 20:49:11 [P-13376] [MainThread] [parse_query_plan] [DEBUG] parse_query_plan.py[line:132] ['Index Scan', 'movie_companies_idx_mid', 'movie_companies mc']
2022-12-02 20:49:11 [P-13376] [MainThread] [parse_query_plan] [DEBUG] parse_query_plan.py[line:149] _do_IndexScan
2022-12-02 20:49:11 [P-13376] [MainThread] [parse_query_plan] [DEBUG] parse_query_plan.py[line:126] Index Scan using company_name_pkey on company_name cn  (cost=0.42..0.46 rows=1 width=23) (actual time=0.003..0.003 rows=1 loops=3)
2022-12-02 20:49:11 [P-13376] [MainThread] [parse_query_plan] [DEBUG] parse_query_plan.py[line:132] ['Index Scan', 'company_name_pkey', 'company_name cn']
2022-12-02 20:49:11 [P-13376] [MainThread] [parse_query_plan] [DEBUG] parse_query_plan.py[line:149] _do_IndexScan
2022-12-02 20:49:11 [P-13376] [MainThread] [parse_query_plan] [DEBUG] parse_query_plan.py[line:126] Index Scan using company_type_pkey on company_type ct  (cost=0.15..0.17 rows=1 width=4) (actual time=0.001..0.001 rows=1 loops=2)
2022-12-02 20:49:11 [P-13376] [MainThread] [parse_query_plan] [DEBUG] parse_query_plan.py[line:132] ['Index Scan', 'company_type_pkey', 'company_type ct']
2022-12-02 20:49:11 [P-13376] [MainThread] [parse_query_plan] [DEBUG] parse_query_plan.py[line:149] _do_IndexScan
2022-12-02 20:49:11 [P-13376] [MainThread] [parse_query_plan] [DEBUG] parse_query_plan.py[line:126] Index Scan using movie_link_idx_mid on movie_link ml  (cost=0.43..1.21 rows=44 width=8) (actual time=0.002..0.002 rows=0 loops=2)
2022-12-02 20:49:11 [P-13376] [MainThread] [parse_query_plan] [DEBUG] parse_query_plan.py[line:132] ['Index Scan', 'movie_link_idx_mid', 'movie_link ml']
2022-12-02 20:49:11 [P-13376] [MainThread] [parse_query_plan] [DEBUG] parse_query_plan.py[line:149] _do_IndexScan
2022-12-02 20:49:11 [P-13376] [MainThread] [parse_query_plan] [DEBUG] parse_query_plan.py[line:126] Index Scan using link_type_pkey on link_type lt  (cost=0.15..0.17 rows=1 width=86) (never executed)
2022-12-02 20:49:11 [P-13376] [MainThread] [parse_query_plan] [DEBUG] parse_query_plan.py[line:132] ['Index Scan', 'link_type_pkey', 'link_type lt']
2022-12-02 20:49:11 [P-13376] [MainThread] [parse_query_plan] [DEBUG] parse_query_plan.py[line:149] _do_IndexScan
2022-12-02 20:49:11 [P-13376] [MainThread] [parse_query_plan] [DEBUG] parse_query_plan.py[line:126] Aggregate  (cost=4746.91..4746.92 rows=1 width=96) (actual time=2729.986..2729.990 rows=1 loops=1)
2022-12-02 20:49:11 [P-13376] [MainThread] [parse_query_plan] [DEBUG] parse_query_plan.py[line:132] ['Aggregate']
2022-12-02 20:49:11 [P-13376] [MainThread] [parse_query_plan] [DEBUG] parse_query_plan.py[line:149] _do_Aggregate
2022-12-02 20:49:11 [P-13376] [MainThread] [parse_query_plan] [DEBUG] parse_query_plan.py[line:126] Nested Loop  (cost=22.93..4746.76 rows=20 width=59) (actual time=16.192..2719.648 rows=48573 loops=1)
2022-12-02 20:49:11 [P-13376] [MainThread] [parse_query_plan] [DEBUG] parse_query_plan.py[line:132] ['Nested Loop']
2022-12-02 20:49:11 [P-13376] [MainThread] [parse_query_plan] [DEBUG] parse_query_plan.py[line:149] _do_NestedLoop
2022-12-02 20:49:11 [P-13376] [MainThread] [parse_query_plan] [DEBUG] parse_query_plan.py[line:126] Nested Loop  (cost=22.77..4743.55 rows=20 width=63) (actual time=16.033..2710.711 rows=48573 loops=1)
2022-12-02 20:49:11 [P-13376] [MainThread] [parse_query_plan] [DEBUG] parse_query_plan.py[line:132] ['Nested Loop']
2022-12-02 20:49:11 [P-13376] [MainThread] [parse_query_plan] [DEBUG] parse_query_plan.py[line:149] _do_NestedLoop
2022-12-02 20:49:11 [P-13376] [MainThread] [parse_query_plan] [DEBUG] parse_query_plan.py[line:126] Nested Loop  (cost=22.34..4741.89 rows=1 width=71) (actual time=15.715..2682.110 rows=722 loops=1)
2022-12-02 20:49:11 [P-13376] [MainThread] [parse_query_plan] [DEBUG] parse_query_plan.py[line:132] ['Nested Loop']
2022-12-02 20:49:11 [P-13376] [MainThread] [parse_query_plan] [DEBUG] parse_query_plan.py[line:149] _do_NestedLoop
2022-12-02 20:49:11 [P-13376] [MainThread] [parse_query_plan] [DEBUG] parse_query_plan.py[line:126] Nested Loop  (cost=21.91..4741.41 rows=1 width=51) (actual time=5.891..2662.148 rows=7871 loops=1)
2022-12-02 20:49:11 [P-13376] [MainThread] [parse_query_plan] [DEBUG] parse_query_plan.py[line:132] ['Nested Loop']
2022-12-02 20:49:11 [P-13376] [MainThread] [parse_query_plan] [DEBUG] parse_query_plan.py[line:149] _do_NestedLoop
2022-12-02 20:49:11 [P-13376] [MainThread] [parse_query_plan] [DEBUG] parse_query_plan.py[line:126] Nested Loop  (cost=21.76..4741.24 rows=1 width=55) (actual time=5.887..2655.909 rows=8125 loops=1)
2022-12-02 20:49:11 [P-13376] [MainThread] [parse_query_plan] [DEBUG] parse_query_plan.py[line:132] ['Nested Loop']
2022-12-02 20:49:11 [P-13376] [MainThread] [parse_query_plan] [DEBUG] parse_query_plan.py[line:149] _do_NestedLoop
2022-12-02 20:49:11 [P-13376] [MainThread] [parse_query_plan] [DEBUG] parse_query_plan.py[line:126] Nested Loop  (cost=21.33..4626.93 rows=250 width=40) (actual time=4.262..2182.934 rows=254842 loops=1)
2022-12-02 20:49:11 [P-13376] [MainThread] [parse_query_plan] [DEBUG] parse_query_plan.py[line:132] ['Nested Loop']
2022-12-02 20:49:11 [P-13376] [MainThread] [parse_query_plan] [DEBUG] parse_query_plan.py[line:149] _do_NestedLoop
2022-12-02 20:49:11 [P-13376] [MainThread] [parse_query_plan] [DEBUG] parse_query_plan.py[line:126] Nested Loop  (cost=20.90..4570.74 rows=95 width=4) (actual time=3.888..905.103 rows=52583 loops=1)
2022-12-02 20:49:11 [P-13376] [MainThread] [parse_query_plan] [DEBUG] parse_query_plan.py[line:132] ['Nested Loop']
2022-12-02 20:49:11 [P-13376] [MainThread] [parse_query_plan] [DEBUG] parse_query_plan.py[line:149] _do_NestedLoop
2022-12-02 20:49:11 [P-13376] [MainThread] [parse_query_plan] [DEBUG] parse_query_plan.py[line:126] Bitmap Heap Scan on keyword k  (cost=13.28..24.95 rows=3 width=4) (actual time=0.779..0.787 rows=3 loops=1)
2022-12-02 20:49:11 [P-13376] [MainThread] [parse_query_plan] [DEBUG] parse_query_plan.py[line:132] ['Bitmap Heap Scan', 'keyword k']
2022-12-02 20:49:11 [P-13376] [MainThread] [parse_query_plan] [DEBUG] parse_query_plan.py[line:149] _do_BitMapHeapScan
2022-12-02 20:49:11 [P-13376] [MainThread] [parse_query_plan] [DEBUG] parse_query_plan.py[line:207] <re.Match object; span=(0, 58), match="(keyword = ANY ('{sequel,revenge,based-on-novel}'>
2022-12-02 20:49:11 [P-13376] [MainThread] [parse_query_plan] [DEBUG] parse_query_plan.py[line:126] Bitmap Index Scan on keyword_idx_keyword  (cost=0.00..13.28 rows=3 width=0) (actual time=0.491..0.491 rows=3 loops=1)
2022-12-02 20:49:11 [P-13376] [MainThread] [parse_query_plan] [DEBUG] parse_query_plan.py[line:132] ['Bitmap Index Scan', 'keyword_idx_keyword']
2022-12-02 20:49:11 [P-13376] [MainThread] [parse_query_plan] [DEBUG] parse_query_plan.py[line:149] _do_BitMapIndexScan
2022-12-02 20:49:11 [P-13376] [MainThread] [parse_query_plan] [DEBUG] parse_query_plan.py[line:207] <re.Match object; span=(0, 58), match="(keyword = ANY ('{sequel,revenge,based-on-novel}'>
2022-12-02 20:49:11 [P-13376] [MainThread] [parse_query_plan] [DEBUG] parse_query_plan.py[line:126] Bitmap Heap Scan on movie_keyword mk  (cost=7.62..1511.15 rows=411 width=8) (actual time=2.858..296.121 rows=17528 loops=3)
2022-12-02 20:49:11 [P-13376] [MainThread] [parse_query_plan] [DEBUG] parse_query_plan.py[line:132] ['Bitmap Heap Scan', 'movie_keyword mk']
2022-12-02 20:49:11 [P-13376] [MainThread] [parse_query_plan] [DEBUG] parse_query_plan.py[line:149] _do_BitMapHeapScan
2022-12-02 20:49:11 [P-13376] [MainThread] [parse_query_plan] [DEBUG] parse_query_plan.py[line:126] Bitmap Index Scan on movie_keyword_idx_keywordid  (cost=0.00..7.51 rows=411 width=0) (actual time=1.802..1.802 rows=17528 loops=3)
2022-12-02 20:49:11 [P-13376] [MainThread] [parse_query_plan] [DEBUG] parse_query_plan.py[line:132] ['Bitmap Index Scan', 'movie_keyword_idx_keywordid']
2022-12-02 20:49:11 [P-13376] [MainThread] [parse_query_plan] [DEBUG] parse_query_plan.py[line:149] _do_BitMapIndexScan
2022-12-02 20:49:11 [P-13376] [MainThread] [parse_query_plan] [DEBUG] parse_query_plan.py[line:126] Index Scan using movie_companies_idx_mid on movie_companies mc  (cost=0.43..0.56 rows=3 width=36) (actual time=0.021..0.023 rows=5 loops=52583)
2022-12-02 20:49:11 [P-13376] [MainThread] [parse_query_plan] [DEBUG] parse_query_plan.py[line:132] ['Index Scan', 'movie_companies_idx_mid', 'movie_companies mc']
2022-12-02 20:49:11 [P-13376] [MainThread] [parse_query_plan] [DEBUG] parse_query_plan.py[line:149] _do_IndexScan
2022-12-02 20:49:11 [P-13376] [MainThread] [parse_query_plan] [DEBUG] parse_query_plan.py[line:126] Index Scan using company_name_pkey on company_name cn  (cost=0.42..0.46 rows=1 width=23) (actual time=0.002..0.002 rows=0 loops=254842)
2022-12-02 20:49:11 [P-13376] [MainThread] [parse_query_plan] [DEBUG] parse_query_plan.py[line:132] ['Index Scan', 'company_name_pkey', 'company_name cn']
2022-12-02 20:49:11 [P-13376] [MainThread] [parse_query_plan] [DEBUG] parse_query_plan.py[line:149] _do_IndexScan
2022-12-02 20:49:11 [P-13376] [MainThread] [parse_query_plan] [DEBUG] parse_query_plan.py[line:126] Index Scan using company_type_pkey on company_type ct  (cost=0.15..0.17 rows=1 width=4) (actual time=0.001..0.001 rows=1 loops=8125)
2022-12-02 20:49:11 [P-13376] [MainThread] [parse_query_plan] [DEBUG] parse_query_plan.py[line:132] ['Index Scan', 'company_type_pkey', 'company_type ct']
2022-12-02 20:49:11 [P-13376] [MainThread] [parse_query_plan] [DEBUG] parse_query_plan.py[line:149] _do_IndexScan
2022-12-02 20:49:11 [P-13376] [MainThread] [parse_query_plan] [DEBUG] parse_query_plan.py[line:126] Index Scan using title_pkey on title t  (cost=0.43..0.48 rows=1 width=20) (actual time=0.002..0.002 rows=0 loops=7871)
2022-12-02 20:49:11 [P-13376] [MainThread] [parse_query_plan] [DEBUG] parse_query_plan.py[line:132] ['Index Scan', 'title_pkey', 'title t']
2022-12-02 20:49:11 [P-13376] [MainThread] [parse_query_plan] [DEBUG] parse_query_plan.py[line:149] _do_IndexScan
2022-12-02 20:49:11 [P-13376] [MainThread] [parse_query_plan] [DEBUG] parse_query_plan.py[line:126] Index Scan using movie_link_idx_mid on movie_link ml  (cost=0.43..1.22 rows=44 width=8) (actual time=0.025..0.035 rows=67 loops=722)
2022-12-02 20:49:11 [P-13376] [MainThread] [parse_query_plan] [DEBUG] parse_query_plan.py[line:132] ['Index Scan', 'movie_link_idx_mid', 'movie_link ml']
2022-12-02 20:49:11 [P-13376] [MainThread] [parse_query_plan] [DEBUG] parse_query_plan.py[line:149] _do_IndexScan
2022-12-02 20:49:11 [P-13376] [MainThread] [parse_query_plan] [DEBUG] parse_query_plan.py[line:126] Memoize  (cost=0.16..0.18 rows=1 width=4) (actual time=0.000..0.000 rows=1 loops=48573)
2022-12-02 20:49:11 [P-13376] [MainThread] [parse_query_plan] [DEBUG] parse_query_plan.py[line:132] ['Memoize']
2022-12-02 20:49:11 [P-13376] [MainThread] [parse_query_plan] [DEBUG] parse_query_plan.py[line:149] _do_Memorize
2022-12-02 20:49:11 [P-13376] [MainThread] [parse_query_plan] [DEBUG] parse_query_plan.py[line:126] Index Only Scan using link_type_pkey on link_type lt  (cost=0.15..0.17 rows=1 width=4) (actual time=0.012..0.012 rows=1 loops=15)
2022-12-02 20:49:11 [P-13376] [MainThread] [parse_query_plan] [DEBUG] parse_query_plan.py[line:132] ['Index Only Scan', 'link_type_pkey', 'link_type lt']
2022-12-02 20:49:11 [P-13376] [MainThread] [parse_query_plan] [DEBUG] parse_query_plan.py[line:149] _do_IndexOnlyScan
2022-12-02 20:49:11 [P-13376] [MainThread] [parse_query_plan] [DEBUG] parse_query_plan.py[line:126] Aggregate  (cost=5208.11..5208.12 rows=1 width=96) (actual time=1303.649..1303.653 rows=1 loops=1)
2022-12-02 20:49:11 [P-13376] [MainThread] [parse_query_plan] [DEBUG] parse_query_plan.py[line:132] ['Aggregate']
2022-12-02 20:49:11 [P-13376] [MainThread] [parse_query_plan] [DEBUG] parse_query_plan.py[line:149] _do_Aggregate
2022-12-02 20:49:11 [P-13376] [MainThread] [parse_query_plan] [DEBUG] parse_query_plan.py[line:126] Hash Join  (cost=48.75..5173.01 rows=4680 width=59) (actual time=2.916..1183.899 rows=765319 loops=1)
2022-12-02 20:49:11 [P-13376] [MainThread] [parse_query_plan] [DEBUG] parse_query_plan.py[line:132] ['Hash Join']
2022-12-02 20:49:11 [P-13376] [MainThread] [parse_query_plan] [DEBUG] parse_query_plan.py[line:149] _do_HashJoin
2022-12-02 20:49:11 [P-13376] [MainThread] [parse_query_plan] [DEBUG] parse_query_plan.py[line:126] Nested Loop  (cost=22.78..5134.68 rows=4680 width=63) (actual time=2.904..1112.150 rows=765319 loops=1)
2022-12-02 20:49:11 [P-13376] [MainThread] [parse_query_plan] [DEBUG] parse_query_plan.py[line:132] ['Nested Loop']
2022-12-02 20:49:11 [P-13376] [MainThread] [parse_query_plan] [DEBUG] parse_query_plan.py[line:149] _do_NestedLoop
2022-12-02 20:49:11 [P-13376] [MainThread] [parse_query_plan] [DEBUG] parse_query_plan.py[line:126] Nested Loop  (cost=22.35..4778.97 rows=214 width=71) (actual time=2.411..848.488 rows=24078 loops=1)
2022-12-02 20:49:11 [P-13376] [MainThread] [parse_query_plan] [DEBUG] parse_query_plan.py[line:132] ['Nested Loop']
2022-12-02 20:49:11 [P-13376] [MainThread] [parse_query_plan] [DEBUG] parse_query_plan.py[line:149] _do_NestedLoop
2022-12-02 20:49:11 [P-13376] [MainThread] [parse_query_plan] [DEBUG] parse_query_plan.py[line:126] Nested Loop  (cost=21.92..4675.41 rows=229 width=56) (actual time=2.407..809.210 rows=24382 loops=1)
2022-12-02 20:49:11 [P-13376] [MainThread] [parse_query_plan] [DEBUG] parse_query_plan.py[line:132] ['Nested Loop']
2022-12-02 20:49:11 [P-13376] [MainThread] [parse_query_plan] [DEBUG] parse_query_plan.py[line:149] _do_NestedLoop
2022-12-02 20:49:11 [P-13376] [MainThread] [parse_query_plan] [DEBUG] parse_query_plan.py[line:126] Nested Loop  (cost=21.76..4669.10 rows=232 width=60) (actual time=2.400..798.767 rows=27273 loops=1)
2022-12-02 20:49:11 [P-13376] [MainThread] [parse_query_plan] [DEBUG] parse_query_plan.py[line:132] ['Nested Loop']
2022-12-02 20:49:11 [P-13376] [MainThread] [parse_query_plan] [DEBUG] parse_query_plan.py[line:149] _do_NestedLoop
2022-12-02 20:49:11 [P-13376] [MainThread] [parse_query_plan] [DEBUG] parse_query_plan.py[line:126] Nested Loop  (cost=21.33..4616.40 rows=88 width=24) (actual time=2.384..726.006 rows=7738 loops=1)
2022-12-02 20:49:11 [P-13376] [MainThread] [parse_query_plan] [DEBUG] parse_query_plan.py[line:132] ['Nested Loop']
2022-12-02 20:49:11 [P-13376] [MainThread] [parse_query_plan] [DEBUG] parse_query_plan.py[line:149] _do_NestedLoop
2022-12-02 20:49:11 [P-13376] [MainThread] [parse_query_plan] [DEBUG] parse_query_plan.py[line:126] Nested Loop  (cost=20.90..4570.74 rows=95 width=4) (actual time=1.654..119.835 rows=52583 loops=1)
2022-12-02 20:49:11 [P-13376] [MainThread] [parse_query_plan] [DEBUG] parse_query_plan.py[line:132] ['Nested Loop']
2022-12-02 20:49:11 [P-13376] [MainThread] [parse_query_plan] [DEBUG] parse_query_plan.py[line:149] _do_NestedLoop
2022-12-02 20:49:11 [P-13376] [MainThread] [parse_query_plan] [DEBUG] parse_query_plan.py[line:126] Bitmap Heap Scan on keyword k  (cost=13.28..24.95 rows=3 width=4) (actual time=0.036..0.043 rows=3 loops=1)
2022-12-02 20:49:11 [P-13376] [MainThread] [parse_query_plan] [DEBUG] parse_query_plan.py[line:132] ['Bitmap Heap Scan', 'keyword k']
2022-12-02 20:49:11 [P-13376] [MainThread] [parse_query_plan] [DEBUG] parse_query_plan.py[line:149] _do_BitMapHeapScan
2022-12-02 20:49:11 [P-13376] [MainThread] [parse_query_plan] [DEBUG] parse_query_plan.py[line:207] <re.Match object; span=(0, 58), match="(keyword = ANY ('{sequel,revenge,based-on-novel}'>
2022-12-02 20:49:11 [P-13376] [MainThread] [parse_query_plan] [DEBUG] parse_query_plan.py[line:126] Bitmap Index Scan on keyword_idx_keyword  (cost=0.00..13.28 rows=3 width=0) (actual time=0.031..0.032 rows=3 loops=1)
2022-12-02 20:49:11 [P-13376] [MainThread] [parse_query_plan] [DEBUG] parse_query_plan.py[line:132] ['Bitmap Index Scan', 'keyword_idx_keyword']
2022-12-02 20:49:11 [P-13376] [MainThread] [parse_query_plan] [DEBUG] parse_query_plan.py[line:149] _do_BitMapIndexScan
2022-12-02 20:49:11 [P-13376] [MainThread] [parse_query_plan] [DEBUG] parse_query_plan.py[line:207] <re.Match object; span=(0, 58), match="(keyword = ANY ('{sequel,revenge,based-on-novel}'>
2022-12-02 20:49:11 [P-13376] [MainThread] [parse_query_plan] [DEBUG] parse_query_plan.py[line:126] Bitmap Heap Scan on movie_keyword mk  (cost=7.62..1511.15 rows=411 width=8) (actual time=2.106..38.430 rows=17528 loops=3)
2022-12-02 20:49:11 [P-13376] [MainThread] [parse_query_plan] [DEBUG] parse_query_plan.py[line:132] ['Bitmap Heap Scan', 'movie_keyword mk']
2022-12-02 20:49:11 [P-13376] [MainThread] [parse_query_plan] [DEBUG] parse_query_plan.py[line:149] _do_BitMapHeapScan
2022-12-02 20:49:11 [P-13376] [MainThread] [parse_query_plan] [DEBUG] parse_query_plan.py[line:126] Bitmap Index Scan on movie_keyword_idx_keywordid  (cost=0.00..7.51 rows=411 width=0) (actual time=1.148..1.148 rows=17528 loops=3)
2022-12-02 20:49:11 [P-13376] [MainThread] [parse_query_plan] [DEBUG] parse_query_plan.py[line:132] ['Bitmap Index Scan', 'movie_keyword_idx_keywordid']
2022-12-02 20:49:11 [P-13376] [MainThread] [parse_query_plan] [DEBUG] parse_query_plan.py[line:149] _do_BitMapIndexScan
2022-12-02 20:49:11 [P-13376] [MainThread] [parse_query_plan] [DEBUG] parse_query_plan.py[line:126] Index Scan using title_pkey on title t  (cost=0.43..0.48 rows=1 width=20) (actual time=0.011..0.011 rows=0 loops=52583)
2022-12-02 20:49:11 [P-13376] [MainThread] [parse_query_plan] [DEBUG] parse_query_plan.py[line:132] ['Index Scan', 'title_pkey', 'title t']
2022-12-02 20:49:11 [P-13376] [MainThread] [parse_query_plan] [DEBUG] parse_query_plan.py[line:149] _do_IndexScan
2022-12-02 20:49:11 [P-13376] [MainThread] [parse_query_plan] [DEBUG] parse_query_plan.py[line:126] Index Scan using movie_companies_idx_mid on movie_companies mc  (cost=0.43..0.56 rows=3 width=36) (actual time=0.006..0.008 rows=4 loops=7738)
2022-12-02 20:49:11 [P-13376] [MainThread] [parse_query_plan] [DEBUG] parse_query_plan.py[line:132] ['Index Scan', 'movie_companies_idx_mid', 'movie_companies mc']
2022-12-02 20:49:11 [P-13376] [MainThread] [parse_query_plan] [DEBUG] parse_query_plan.py[line:149] _do_IndexScan
2022-12-02 20:49:11 [P-13376] [MainThread] [parse_query_plan] [DEBUG] parse_query_plan.py[line:126] Memoize  (cost=0.16..0.18 rows=1 width=4) (actual time=0.000..0.000 rows=1 loops=27273)
2022-12-02 20:49:11 [P-13376] [MainThread] [parse_query_plan] [DEBUG] parse_query_plan.py[line:132] ['Memoize']
2022-12-02 20:49:11 [P-13376] [MainThread] [parse_query_plan] [DEBUG] parse_query_plan.py[line:149] _do_Memorize
2022-12-02 20:49:11 [P-13376] [MainThread] [parse_query_plan] [DEBUG] parse_query_plan.py[line:126] Index Scan using company_type_pkey on company_type ct  (cost=0.15..0.17 rows=1 width=4) (actual time=0.002..0.002 rows=0 loops=2)
2022-12-02 20:49:11 [P-13376] [MainThread] [parse_query_plan] [DEBUG] parse_query_plan.py[line:132] ['Index Scan', 'company_type_pkey', 'company_type ct']
2022-12-02 20:49:11 [P-13376] [MainThread] [parse_query_plan] [DEBUG] parse_query_plan.py[line:149] _do_IndexScan
2022-12-02 20:49:11 [P-13376] [MainThread] [parse_query_plan] [DEBUG] parse_query_plan.py[line:126] Index Scan using company_name_pkey on company_name cn  (cost=0.42..0.45 rows=1 width=23) (actual time=0.001..0.001 rows=1 loops=24382)
2022-12-02 20:49:11 [P-13376] [MainThread] [parse_query_plan] [DEBUG] parse_query_plan.py[line:132] ['Index Scan', 'company_name_pkey', 'company_name cn']
2022-12-02 20:49:11 [P-13376] [MainThread] [parse_query_plan] [DEBUG] parse_query_plan.py[line:149] _do_IndexScan
2022-12-02 20:49:11 [P-13376] [MainThread] [parse_query_plan] [DEBUG] parse_query_plan.py[line:126] Index Scan using movie_link_idx_mid on movie_link ml  (cost=0.43..1.22 rows=44 width=8) (actual time=0.006..0.009 rows=32 loops=24078)
2022-12-02 20:49:11 [P-13376] [MainThread] [parse_query_plan] [DEBUG] parse_query_plan.py[line:132] ['Index Scan', 'movie_link_idx_mid', 'movie_link ml']
2022-12-02 20:49:11 [P-13376] [MainThread] [parse_query_plan] [DEBUG] parse_query_plan.py[line:149] _do_IndexScan
2022-12-02 20:49:11 [P-13376] [MainThread] [parse_query_plan] [DEBUG] parse_query_plan.py[line:126] Hash  (cost=17.10..17.10 rows=710 width=4) (actual time=0.008..0.009 rows=18 loops=1)
2022-12-02 20:49:11 [P-13376] [MainThread] [parse_query_plan] [DEBUG] parse_query_plan.py[line:132] ['Hash']
2022-12-02 20:49:11 [P-13376] [MainThread] [parse_query_plan] [DEBUG] parse_query_plan.py[line:149] _do_Hash
2022-12-02 20:49:11 [P-13376] [MainThread] [parse_query_plan] [DEBUG] parse_query_plan.py[line:126] Seq Scan on link_type lt  (cost=0.00..17.10 rows=710 width=4) (actual time=0.005..0.006 rows=18 loops=1)
2022-12-02 20:49:11 [P-13376] [MainThread] [parse_query_plan] [DEBUG] parse_query_plan.py[line:132] ['Seq Scan', 'link_type lt']
2022-12-02 20:49:11 [P-13376] [MainThread] [parse_query_plan] [DEBUG] parse_query_plan.py[line:149] _do_SeqScan
2022-12-02 20:49:11 [P-13376] [MainThread] [parse_query_plan] [DEBUG] parse_query_plan.py[line:126] Aggregate  (cost=27.30..27.31 rows=1 width=96) (actual time=0.015..0.016 rows=1 loops=1)
2022-12-02 20:49:11 [P-13376] [MainThread] [parse_query_plan] [DEBUG] parse_query_plan.py[line:132] ['Aggregate']
2022-12-02 20:49:11 [P-13376] [MainThread] [parse_query_plan] [DEBUG] parse_query_plan.py[line:149] _do_Aggregate
2022-12-02 20:49:11 [P-13376] [MainThread] [parse_query_plan] [DEBUG] parse_query_plan.py[line:126] Nested Loop  (cost=6.20..27.29 rows=1 width=67) (actual time=0.014..0.015 rows=0 loops=1)
2022-12-02 20:49:11 [P-13376] [MainThread] [parse_query_plan] [DEBUG] parse_query_plan.py[line:132] ['Nested Loop']
2022-12-02 20:49:11 [P-13376] [MainThread] [parse_query_plan] [DEBUG] parse_query_plan.py[line:149] _do_NestedLoop
2022-12-02 20:49:11 [P-13376] [MainThread] [parse_query_plan] [DEBUG] parse_query_plan.py[line:126] Nested Loop  (cost=6.05..27.11 rows=1 width=71) (actual time=0.014..0.015 rows=0 loops=1)
2022-12-02 20:49:11 [P-13376] [MainThread] [parse_query_plan] [DEBUG] parse_query_plan.py[line:132] ['Nested Loop']
2022-12-02 20:49:11 [P-13376] [MainThread] [parse_query_plan] [DEBUG] parse_query_plan.py[line:149] _do_NestedLoop
2022-12-02 20:49:11 [P-13376] [MainThread] [parse_query_plan] [DEBUG] parse_query_plan.py[line:126] Nested Loop  (cost=5.62..25.13 rows=1 width=79) (actual time=0.014..0.015 rows=0 loops=1)
2022-12-02 20:49:11 [P-13376] [MainThread] [parse_query_plan] [DEBUG] parse_query_plan.py[line:132] ['Nested Loop']
2022-12-02 20:49:11 [P-13376] [MainThread] [parse_query_plan] [DEBUG] parse_query_plan.py[line:149] _do_NestedLoop
2022-12-02 20:49:11 [P-13376] [MainThread] [parse_query_plan] [DEBUG] parse_query_plan.py[line:126] Nested Loop  (cost=5.47..24.96 rows=1 width=83) (actual time=0.014..0.014 rows=0 loops=1)
2022-12-02 20:49:11 [P-13376] [MainThread] [parse_query_plan] [DEBUG] parse_query_plan.py[line:132] ['Nested Loop']
2022-12-02 20:49:11 [P-13376] [MainThread] [parse_query_plan] [DEBUG] parse_query_plan.py[line:149] _do_NestedLoop
2022-12-02 20:49:11 [P-13376] [MainThread] [parse_query_plan] [DEBUG] parse_query_plan.py[line:126] Nested Loop  (cost=5.04..24.51 rows=1 width=68) (actual time=0.014..0.014 rows=0 loops=1)
2022-12-02 20:49:11 [P-13376] [MainThread] [parse_query_plan] [DEBUG] parse_query_plan.py[line:132] ['Nested Loop']
2022-12-02 20:49:11 [P-13376] [MainThread] [parse_query_plan] [DEBUG] parse_query_plan.py[line:149] _do_NestedLoop
2022-12-02 20:49:11 [P-13376] [MainThread] [parse_query_plan] [DEBUG] parse_query_plan.py[line:126] Nested Loop  (cost=4.61..23.48 rows=1 width=56) (actual time=0.014..0.014 rows=0 loops=1)
2022-12-02 20:49:11 [P-13376] [MainThread] [parse_query_plan] [DEBUG] parse_query_plan.py[line:132] ['Nested Loop']
2022-12-02 20:49:11 [P-13376] [MainThread] [parse_query_plan] [DEBUG] parse_query_plan.py[line:149] _do_NestedLoop
2022-12-02 20:49:11 [P-13376] [MainThread] [parse_query_plan] [DEBUG] parse_query_plan.py[line:126] Nested Loop  (cost=4.18..15.07 rows=1 width=36) (actual time=0.014..0.014 rows=0 loops=1)
2022-12-02 20:49:11 [P-13376] [MainThread] [parse_query_plan] [DEBUG] parse_query_plan.py[line:132] ['Nested Loop']
2022-12-02 20:49:11 [P-13376] [MainThread] [parse_query_plan] [DEBUG] parse_query_plan.py[line:149] _do_NestedLoop
2022-12-02 20:49:11 [P-13376] [MainThread] [parse_query_plan] [DEBUG] parse_query_plan.py[line:126] Seq Scan on info_type it2  (cost=0.00..2.41 rows=1 width=4) (actual time=0.008..0.009 rows=1 loops=1)
2022-12-02 20:49:11 [P-13376] [MainThread] [parse_query_plan] [DEBUG] parse_query_plan.py[line:132] ['Seq Scan', 'info_type it2']
2022-12-02 20:49:11 [P-13376] [MainThread] [parse_query_plan] [DEBUG] parse_query_plan.py[line:149] _do_SeqScan
2022-12-02 20:49:11 [P-13376] [MainThread] [parse_query_plan] [DEBUG] parse_query_plan.py[line:126] Bitmap Heap Scan on movie_info_idx mi_idx  (cost=4.18..12.65 rows=1 width=40) (actual time=0.003..0.003 rows=0 loops=1)
2022-12-02 20:49:11 [P-13376] [MainThread] [parse_query_plan] [DEBUG] parse_query_plan.py[line:132] ['Bitmap Heap Scan', 'movie_info_idx mi_idx']
2022-12-02 20:49:11 [P-13376] [MainThread] [parse_query_plan] [DEBUG] parse_query_plan.py[line:149] _do_BitMapHeapScan
2022-12-02 20:49:11 [P-13376] [MainThread] [parse_query_plan] [DEBUG] parse_query_plan.py[line:126] Bitmap Index Scan on info_type_id_movie_info_idx  (cost=0.00..4.18 rows=4 width=0) (actual time=0.002..0.002 rows=0 loops=1)
2022-12-02 20:49:11 [P-13376] [MainThread] [parse_query_plan] [DEBUG] parse_query_plan.py[line:132] ['Bitmap Index Scan', 'info_type_id_movie_info_idx']
2022-12-02 20:49:11 [P-13376] [MainThread] [parse_query_plan] [DEBUG] parse_query_plan.py[line:149] _do_BitMapIndexScan
2022-12-02 20:49:11 [P-13376] [MainThread] [parse_query_plan] [DEBUG] parse_query_plan.py[line:126] Index Scan using title_pkey on title t  (cost=0.43..8.41 rows=1 width=20) (never executed)
2022-12-02 20:49:11 [P-13376] [MainThread] [parse_query_plan] [DEBUG] parse_query_plan.py[line:132] ['Index Scan', 'title_pkey', 'title t']
2022-12-02 20:49:11 [P-13376] [MainThread] [parse_query_plan] [DEBUG] parse_query_plan.py[line:149] _do_IndexScan
2022-12-02 20:49:11 [P-13376] [MainThread] [parse_query_plan] [DEBUG] parse_query_plan.py[line:126] Index Scan using movie_companies_idx_mid on movie_companies mc  (cost=0.43..0.97 rows=6 width=12) (never executed)
2022-12-02 20:49:11 [P-13376] [MainThread] [parse_query_plan] [DEBUG] parse_query_plan.py[line:132] ['Index Scan', 'movie_companies_idx_mid', 'movie_companies mc']
2022-12-02 20:49:11 [P-13376] [MainThread] [parse_query_plan] [DEBUG] parse_query_plan.py[line:149] _do_IndexScan
2022-12-02 20:49:11 [P-13376] [MainThread] [parse_query_plan] [DEBUG] parse_query_plan.py[line:126] Index Scan using company_name_pkey on company_name cn  (cost=0.42..0.45 rows=1 width=23) (never executed)
2022-12-02 20:49:11 [P-13376] [MainThread] [parse_query_plan] [DEBUG] parse_query_plan.py[line:132] ['Index Scan', 'company_name_pkey', 'company_name cn']
2022-12-02 20:49:11 [P-13376] [MainThread] [parse_query_plan] [DEBUG] parse_query_plan.py[line:149] _do_IndexScan
2022-12-02 20:49:11 [P-13376] [MainThread] [parse_query_plan] [DEBUG] parse_query_plan.py[line:126] Index Scan using company_type_pkey on company_type ct  (cost=0.15..0.17 rows=1 width=4) (never executed)
2022-12-02 20:49:11 [P-13376] [MainThread] [parse_query_plan] [DEBUG] parse_query_plan.py[line:132] ['Index Scan', 'company_type_pkey', 'company_type ct']
2022-12-02 20:49:11 [P-13376] [MainThread] [parse_query_plan] [DEBUG] parse_query_plan.py[line:149] _do_IndexScan
2022-12-02 20:49:11 [P-13376] [MainThread] [parse_query_plan] [DEBUG] parse_query_plan.py[line:126] Index Scan using movie_info_idx_mid on movie_info mi  (cost=0.44..1.96 rows=1 width=8) (never executed)
2022-12-02 20:49:11 [P-13376] [MainThread] [parse_query_plan] [DEBUG] parse_query_plan.py[line:132] ['Index Scan', 'movie_info_idx_mid', 'movie_info mi']
2022-12-02 20:49:11 [P-13376] [MainThread] [parse_query_plan] [DEBUG] parse_query_plan.py[line:149] _do_IndexScan
2022-12-02 20:49:11 [P-13376] [MainThread] [parse_query_plan] [DEBUG] parse_query_plan.py[line:183] <re.Match object; span=(0, 37), match="info = ANY ('{Drama,Horror}'::text[])">
2022-12-02 20:49:11 [P-13376] [MainThread] [parse_query_plan] [DEBUG] parse_query_plan.py[line:126] Index Scan using info_type_pkey on info_type it1  (cost=0.14..0.16 rows=1 width=4) (never executed)
2022-12-02 20:49:11 [P-13376] [MainThread] [parse_query_plan] [DEBUG] parse_query_plan.py[line:132] ['Index Scan', 'info_type_pkey', 'info_type it1']
2022-12-02 20:49:11 [P-13376] [MainThread] [parse_query_plan] [DEBUG] parse_query_plan.py[line:149] _do_IndexScan
2022-12-02 20:49:11 [P-13376] [MainThread] [parse_query_plan] [DEBUG] parse_query_plan.py[line:126] Aggregate  (cost=76.45..76.46 rows=1 width=64) (actual time=0.013..0.014 rows=1 loops=1)
2022-12-02 20:49:11 [P-13376] [MainThread] [parse_query_plan] [DEBUG] parse_query_plan.py[line:132] ['Aggregate']
2022-12-02 20:49:11 [P-13376] [MainThread] [parse_query_plan] [DEBUG] parse_query_plan.py[line:149] _do_Aggregate
2022-12-02 20:49:11 [P-13376] [MainThread] [parse_query_plan] [DEBUG] parse_query_plan.py[line:126] Nested Loop  (cost=6.20..76.44 rows=1 width=59) (actual time=0.012..0.013 rows=0 loops=1)
2022-12-02 20:49:11 [P-13376] [MainThread] [parse_query_plan] [DEBUG] parse_query_plan.py[line:132] ['Nested Loop']
2022-12-02 20:49:11 [P-13376] [MainThread] [parse_query_plan] [DEBUG] parse_query_plan.py[line:149] _do_NestedLoop
2022-12-02 20:49:11 [P-13376] [MainThread] [parse_query_plan] [DEBUG] parse_query_plan.py[line:126] Nested Loop  (cost=6.05..76.26 rows=1 width=63) (actual time=0.012..0.012 rows=0 loops=1)
2022-12-02 20:49:11 [P-13376] [MainThread] [parse_query_plan] [DEBUG] parse_query_plan.py[line:132] ['Nested Loop']
2022-12-02 20:49:11 [P-13376] [MainThread] [parse_query_plan] [DEBUG] parse_query_plan.py[line:149] _do_NestedLoop
2022-12-02 20:49:11 [P-13376] [MainThread] [parse_query_plan] [DEBUG] parse_query_plan.py[line:126] Nested Loop  (cost=5.62..73.68 rows=1 width=28) (actual time=0.012..0.012 rows=0 loops=1)
2022-12-02 20:49:11 [P-13376] [MainThread] [parse_query_plan] [DEBUG] parse_query_plan.py[line:132] ['Nested Loop']
2022-12-02 20:49:11 [P-13376] [MainThread] [parse_query_plan] [DEBUG] parse_query_plan.py[line:149] _do_NestedLoop
2022-12-02 20:49:11 [P-13376] [MainThread] [parse_query_plan] [DEBUG] parse_query_plan.py[line:126] Nested Loop  (cost=5.47..73.50 rows=1 width=32) (actual time=0.012..0.012 rows=0 loops=1)
2022-12-02 20:49:11 [P-13376] [MainThread] [parse_query_plan] [DEBUG] parse_query_plan.py[line:132] ['Nested Loop']
2022-12-02 20:49:11 [P-13376] [MainThread] [parse_query_plan] [DEBUG] parse_query_plan.py[line:149] _do_NestedLoop
2022-12-02 20:49:11 [P-13376] [MainThread] [parse_query_plan] [DEBUG] parse_query_plan.py[line:126] Nested Loop  (cost=5.04..73.05 rows=1 width=36) (actual time=0.011..0.012 rows=0 loops=1)
2022-12-02 20:49:11 [P-13376] [MainThread] [parse_query_plan] [DEBUG] parse_query_plan.py[line:132] ['Nested Loop']
2022-12-02 20:49:11 [P-13376] [MainThread] [parse_query_plan] [DEBUG] parse_query_plan.py[line:149] _do_NestedLoop
2022-12-02 20:49:11 [P-13376] [MainThread] [parse_query_plan] [DEBUG] parse_query_plan.py[line:126] Nested Loop  (cost=4.61..48.18 rows=1 width=24) (actual time=0.011..0.012 rows=0 loops=1)
2022-12-02 20:49:11 [P-13376] [MainThread] [parse_query_plan] [DEBUG] parse_query_plan.py[line:132] ['Nested Loop']
2022-12-02 20:49:11 [P-13376] [MainThread] [parse_query_plan] [DEBUG] parse_query_plan.py[line:149] _do_NestedLoop
2022-12-02 20:49:11 [P-13376] [MainThread] [parse_query_plan] [DEBUG] parse_query_plan.py[line:126] Nested Loop  (cost=4.18..15.09 rows=4 width=4) (actual time=0.011..0.012 rows=0 loops=1)
2022-12-02 20:49:11 [P-13376] [MainThread] [parse_query_plan] [DEBUG] parse_query_plan.py[line:132] ['Nested Loop']
2022-12-02 20:49:11 [P-13376] [MainThread] [parse_query_plan] [DEBUG] parse_query_plan.py[line:149] _do_NestedLoop
2022-12-02 20:49:11 [P-13376] [MainThread] [parse_query_plan] [DEBUG] parse_query_plan.py[line:126] Seq Scan on info_type it2  (cost=0.00..2.41 rows=1 width=4) (actual time=0.008..0.008 rows=1 loops=1)
2022-12-02 20:49:11 [P-13376] [MainThread] [parse_query_plan] [DEBUG] parse_query_plan.py[line:132] ['Seq Scan', 'info_type it2']
2022-12-02 20:49:11 [P-13376] [MainThread] [parse_query_plan] [DEBUG] parse_query_plan.py[line:149] _do_SeqScan
2022-12-02 20:49:11 [P-13376] [MainThread] [parse_query_plan] [DEBUG] parse_query_plan.py[line:126] Bitmap Heap Scan on movie_info_idx mi_idx  (cost=4.18..12.64 rows=4 width=8) (actual time=0.002..0.002 rows=0 loops=1)
2022-12-02 20:49:11 [P-13376] [MainThread] [parse_query_plan] [DEBUG] parse_query_plan.py[line:132] ['Bitmap Heap Scan', 'movie_info_idx mi_idx']
2022-12-02 20:49:11 [P-13376] [MainThread] [parse_query_plan] [DEBUG] parse_query_plan.py[line:149] _do_BitMapHeapScan
2022-12-02 20:49:11 [P-13376] [MainThread] [parse_query_plan] [DEBUG] parse_query_plan.py[line:126] Bitmap Index Scan on info_type_id_movie_info_idx  (cost=0.00..4.18 rows=4 width=0) (actual time=0.001..0.001 rows=0 loops=1)
2022-12-02 20:49:11 [P-13376] [MainThread] [parse_query_plan] [DEBUG] parse_query_plan.py[line:132] ['Bitmap Index Scan', 'info_type_id_movie_info_idx']
2022-12-02 20:49:11 [P-13376] [MainThread] [parse_query_plan] [DEBUG] parse_query_plan.py[line:149] _do_BitMapIndexScan
2022-12-02 20:49:11 [P-13376] [MainThread] [parse_query_plan] [DEBUG] parse_query_plan.py[line:126] Index Scan using title_pkey on title t  (cost=0.43..8.26 rows=1 width=20) (never executed)
2022-12-02 20:49:11 [P-13376] [MainThread] [parse_query_plan] [DEBUG] parse_query_plan.py[line:132] ['Index Scan', 'title_pkey', 'title t']
2022-12-02 20:49:11 [P-13376] [MainThread] [parse_query_plan] [DEBUG] parse_query_plan.py[line:149] _do_IndexScan
2022-12-02 20:49:11 [P-13376] [MainThread] [parse_query_plan] [DEBUG] parse_query_plan.py[line:126] Index Scan using movie_companies_idx_mid on movie_companies mc  (cost=0.43..24.80 rows=6 width=12) (never executed)
2022-12-02 20:49:11 [P-13376] [MainThread] [parse_query_plan] [DEBUG] parse_query_plan.py[line:132] ['Index Scan', 'movie_companies_idx_mid', 'movie_companies mc']
2022-12-02 20:49:11 [P-13376] [MainThread] [parse_query_plan] [DEBUG] parse_query_plan.py[line:149] _do_IndexScan
2022-12-02 20:49:11 [P-13376] [MainThread] [parse_query_plan] [DEBUG] parse_query_plan.py[line:126] Index Scan using company_name_pkey on company_name cn  (cost=0.42..0.45 rows=1 width=4) (never executed)
2022-12-02 20:49:11 [P-13376] [MainThread] [parse_query_plan] [DEBUG] parse_query_plan.py[line:132] ['Index Scan', 'company_name_pkey', 'company_name cn']
2022-12-02 20:49:11 [P-13376] [MainThread] [parse_query_plan] [DEBUG] parse_query_plan.py[line:149] _do_IndexScan
2022-12-02 20:49:11 [P-13376] [MainThread] [parse_query_plan] [DEBUG] parse_query_plan.py[line:126] Index Scan using company_type_pkey on company_type ct  (cost=0.15..0.17 rows=1 width=4) (never executed)
2022-12-02 20:49:11 [P-13376] [MainThread] [parse_query_plan] [DEBUG] parse_query_plan.py[line:132] ['Index Scan', 'company_type_pkey', 'company_type ct']
2022-12-02 20:49:11 [P-13376] [MainThread] [parse_query_plan] [DEBUG] parse_query_plan.py[line:149] _do_IndexScan
2022-12-02 20:49:11 [P-13376] [MainThread] [parse_query_plan] [DEBUG] parse_query_plan.py[line:126] Index Scan using movie_info_idx_mid on movie_info mi  (cost=0.44..1.81 rows=62 width=51) (never executed)
2022-12-02 20:49:11 [P-13376] [MainThread] [parse_query_plan] [DEBUG] parse_query_plan.py[line:132] ['Index Scan', 'movie_info_idx_mid', 'movie_info mi']
2022-12-02 20:49:11 [P-13376] [MainThread] [parse_query_plan] [DEBUG] parse_query_plan.py[line:149] _do_IndexScan
2022-12-02 20:49:11 [P-13376] [MainThread] [parse_query_plan] [DEBUG] parse_query_plan.py[line:126] Index Scan using info_type_pkey on info_type it1  (cost=0.14..0.16 rows=1 width=4) (never executed)
2022-12-02 20:49:11 [P-13376] [MainThread] [parse_query_plan] [DEBUG] parse_query_plan.py[line:132] ['Index Scan', 'info_type_pkey', 'info_type it1']
2022-12-02 20:49:11 [P-13376] [MainThread] [parse_query_plan] [DEBUG] parse_query_plan.py[line:149] _do_IndexScan
2022-12-02 20:49:11 [P-13376] [MainThread] [parse_query_plan] [DEBUG] parse_query_plan.py[line:126] Aggregate  (cost=27.37..27.38 rows=1 width=96) (actual time=0.013..0.014 rows=1 loops=1)
2022-12-02 20:49:11 [P-13376] [MainThread] [parse_query_plan] [DEBUG] parse_query_plan.py[line:132] ['Aggregate']
2022-12-02 20:49:11 [P-13376] [MainThread] [parse_query_plan] [DEBUG] parse_query_plan.py[line:149] _do_Aggregate
2022-12-02 20:49:11 [P-13376] [MainThread] [parse_query_plan] [DEBUG] parse_query_plan.py[line:126] Nested Loop  (cost=6.20..27.36 rows=1 width=67) (actual time=0.012..0.013 rows=0 loops=1)
2022-12-02 20:49:11 [P-13376] [MainThread] [parse_query_plan] [DEBUG] parse_query_plan.py[line:132] ['Nested Loop']
2022-12-02 20:49:11 [P-13376] [MainThread] [parse_query_plan] [DEBUG] parse_query_plan.py[line:149] _do_NestedLoop
2022-12-02 20:49:11 [P-13376] [MainThread] [parse_query_plan] [DEBUG] parse_query_plan.py[line:126] Nested Loop  (cost=6.05..27.18 rows=1 width=71) (actual time=0.012..0.013 rows=0 loops=1)
2022-12-02 20:49:11 [P-13376] [MainThread] [parse_query_plan] [DEBUG] parse_query_plan.py[line:132] ['Nested Loop']
2022-12-02 20:49:11 [P-13376] [MainThread] [parse_query_plan] [DEBUG] parse_query_plan.py[line:149] _do_NestedLoop
2022-12-02 20:49:11 [P-13376] [MainThread] [parse_query_plan] [DEBUG] parse_query_plan.py[line:126] Nested Loop  (cost=5.62..25.05 rows=1 width=79) (actual time=0.012..0.013 rows=0 loops=1)
2022-12-02 20:49:11 [P-13376] [MainThread] [parse_query_plan] [DEBUG] parse_query_plan.py[line:132] ['Nested Loop']
2022-12-02 20:49:11 [P-13376] [MainThread] [parse_query_plan] [DEBUG] parse_query_plan.py[line:149] _do_NestedLoop
2022-12-02 20:49:11 [P-13376] [MainThread] [parse_query_plan] [DEBUG] parse_query_plan.py[line:126] Nested Loop  (cost=5.19..24.61 rows=1 width=64) (actual time=0.012..0.013 rows=0 loops=1)
2022-12-02 20:49:11 [P-13376] [MainThread] [parse_query_plan] [DEBUG] parse_query_plan.py[line:132] ['Nested Loop']
2022-12-02 20:49:11 [P-13376] [MainThread] [parse_query_plan] [DEBUG] parse_query_plan.py[line:149] _do_NestedLoop
2022-12-02 20:49:11 [P-13376] [MainThread] [parse_query_plan] [DEBUG] parse_query_plan.py[line:126] Nested Loop  (cost=5.04..24.26 rows=2 width=68) (actual time=0.012..0.012 rows=0 loops=1)
2022-12-02 20:49:11 [P-13376] [MainThread] [parse_query_plan] [DEBUG] parse_query_plan.py[line:132] ['Nested Loop']
2022-12-02 20:49:11 [P-13376] [MainThread] [parse_query_plan] [DEBUG] parse_query_plan.py[line:149] _do_NestedLoop
2022-12-02 20:49:11 [P-13376] [MainThread] [parse_query_plan] [DEBUG] parse_query_plan.py[line:126] Nested Loop  (cost=4.61..23.48 rows=1 width=56) (actual time=0.012..0.012 rows=0 loops=1)
2022-12-02 20:49:11 [P-13376] [MainThread] [parse_query_plan] [DEBUG] parse_query_plan.py[line:132] ['Nested Loop']
2022-12-02 20:49:11 [P-13376] [MainThread] [parse_query_plan] [DEBUG] parse_query_plan.py[line:149] _do_NestedLoop
2022-12-02 20:49:11 [P-13376] [MainThread] [parse_query_plan] [DEBUG] parse_query_plan.py[line:126] Nested Loop  (cost=4.18..15.07 rows=1 width=36) (actual time=0.012..0.012 rows=0 loops=1)
2022-12-02 20:49:11 [P-13376] [MainThread] [parse_query_plan] [DEBUG] parse_query_plan.py[line:132] ['Nested Loop']
2022-12-02 20:49:11 [P-13376] [MainThread] [parse_query_plan] [DEBUG] parse_query_plan.py[line:149] _do_NestedLoop
2022-12-02 20:49:11 [P-13376] [MainThread] [parse_query_plan] [DEBUG] parse_query_plan.py[line:126] Seq Scan on info_type it2  (cost=0.00..2.41 rows=1 width=4) (actual time=0.008..0.008 rows=1 loops=1)
2022-12-02 20:49:11 [P-13376] [MainThread] [parse_query_plan] [DEBUG] parse_query_plan.py[line:132] ['Seq Scan', 'info_type it2']
2022-12-02 20:49:11 [P-13376] [MainThread] [parse_query_plan] [DEBUG] parse_query_plan.py[line:149] _do_SeqScan
2022-12-02 20:49:11 [P-13376] [MainThread] [parse_query_plan] [DEBUG] parse_query_plan.py[line:126] Bitmap Heap Scan on movie_info_idx mi_idx  (cost=4.18..12.65 rows=1 width=40) (actual time=0.002..0.002 rows=0 loops=1)
2022-12-02 20:49:11 [P-13376] [MainThread] [parse_query_plan] [DEBUG] parse_query_plan.py[line:132] ['Bitmap Heap Scan', 'movie_info_idx mi_idx']
2022-12-02 20:49:11 [P-13376] [MainThread] [parse_query_plan] [DEBUG] parse_query_plan.py[line:149] _do_BitMapHeapScan
2022-12-02 20:49:11 [P-13376] [MainThread] [parse_query_plan] [DEBUG] parse_query_plan.py[line:126] Bitmap Index Scan on info_type_id_movie_info_idx  (cost=0.00..4.18 rows=4 width=0) (actual time=0.001..0.001 rows=0 loops=1)
2022-12-02 20:49:11 [P-13376] [MainThread] [parse_query_plan] [DEBUG] parse_query_plan.py[line:132] ['Bitmap Index Scan', 'info_type_id_movie_info_idx']
2022-12-02 20:49:11 [P-13376] [MainThread] [parse_query_plan] [DEBUG] parse_query_plan.py[line:149] _do_BitMapIndexScan
2022-12-02 20:49:11 [P-13376] [MainThread] [parse_query_plan] [DEBUG] parse_query_plan.py[line:126] Index Scan using title_pkey on title t  (cost=0.43..8.41 rows=1 width=20) (never executed)
2022-12-02 20:49:11 [P-13376] [MainThread] [parse_query_plan] [DEBUG] parse_query_plan.py[line:132] ['Index Scan', 'title_pkey', 'title t']
2022-12-02 20:49:11 [P-13376] [MainThread] [parse_query_plan] [DEBUG] parse_query_plan.py[line:149] _do_IndexScan
2022-12-02 20:49:11 [P-13376] [MainThread] [parse_query_plan] [DEBUG] parse_query_plan.py[line:126] Index Scan using movie_companies_idx_mid on movie_companies mc  (cost=0.43..0.72 rows=6 width=12) (never executed)
2022-12-02 20:49:11 [P-13376] [MainThread] [parse_query_plan] [DEBUG] parse_query_plan.py[line:132] ['Index Scan', 'movie_companies_idx_mid', 'movie_companies mc']
2022-12-02 20:49:11 [P-13376] [MainThread] [parse_query_plan] [DEBUG] parse_query_plan.py[line:149] _do_IndexScan
2022-12-02 20:49:11 [P-13376] [MainThread] [parse_query_plan] [DEBUG] parse_query_plan.py[line:126] Index Scan using company_type_pkey on company_type ct  (cost=0.15..0.17 rows=1 width=4) (never executed)
2022-12-02 20:49:11 [P-13376] [MainThread] [parse_query_plan] [DEBUG] parse_query_plan.py[line:132] ['Index Scan', 'company_type_pkey', 'company_type ct']
2022-12-02 20:49:11 [P-13376] [MainThread] [parse_query_plan] [DEBUG] parse_query_plan.py[line:149] _do_IndexScan
2022-12-02 20:49:11 [P-13376] [MainThread] [parse_query_plan] [DEBUG] parse_query_plan.py[line:126] Index Scan using company_name_pkey on company_name cn  (cost=0.42..0.45 rows=1 width=23) (never executed)
2022-12-02 20:49:11 [P-13376] [MainThread] [parse_query_plan] [DEBUG] parse_query_plan.py[line:132] ['Index Scan', 'company_name_pkey', 'company_name cn']
2022-12-02 20:49:11 [P-13376] [MainThread] [parse_query_plan] [DEBUG] parse_query_plan.py[line:149] _do_IndexScan
2022-12-02 20:49:11 [P-13376] [MainThread] [parse_query_plan] [DEBUG] parse_query_plan.py[line:126] Index Scan using movie_info_idx_mid on movie_info mi  (cost=0.44..2.12 rows=1 width=8) (never executed)
2022-12-02 20:49:11 [P-13376] [MainThread] [parse_query_plan] [DEBUG] parse_query_plan.py[line:132] ['Index Scan', 'movie_info_idx_mid', 'movie_info mi']
2022-12-02 20:49:11 [P-13376] [MainThread] [parse_query_plan] [DEBUG] parse_query_plan.py[line:149] _do_IndexScan
2022-12-02 20:49:11 [P-13376] [MainThread] [parse_query_plan] [DEBUG] parse_query_plan.py[line:183] <re.Match object; span=(0, 52), match="info = ANY ('{Drama,Horror,Western,Family}'::text>
2022-12-02 20:49:11 [P-13376] [MainThread] [parse_query_plan] [DEBUG] parse_query_plan.py[line:126] Index Scan using info_type_pkey on info_type it1  (cost=0.14..0.16 rows=1 width=4) (never executed)
2022-12-02 20:49:11 [P-13376] [MainThread] [parse_query_plan] [DEBUG] parse_query_plan.py[line:132] ['Index Scan', 'info_type_pkey', 'info_type it1']
2022-12-02 20:49:11 [P-13376] [MainThread] [parse_query_plan] [DEBUG] parse_query_plan.py[line:149] _do_IndexScan
2022-12-02 20:49:11 [P-13376] [MainThread] [parse_query_plan] [DEBUG] parse_query_plan.py[line:126] Aggregate  (cost=52.74..52.75 rows=1 width=96) (actual time=0.013..0.014 rows=1 loops=1)
2022-12-02 20:49:11 [P-13376] [MainThread] [parse_query_plan] [DEBUG] parse_query_plan.py[line:132] ['Aggregate']
2022-12-02 20:49:11 [P-13376] [MainThread] [parse_query_plan] [DEBUG] parse_query_plan.py[line:149] _do_Aggregate
2022-12-02 20:49:11 [P-13376] [MainThread] [parse_query_plan] [DEBUG] parse_query_plan.py[line:126] Nested Loop  (cost=6.36..52.73 rows=1 width=91) (actual time=0.012..0.013 rows=0 loops=1)
2022-12-02 20:49:11 [P-13376] [MainThread] [parse_query_plan] [DEBUG] parse_query_plan.py[line:132] ['Nested Loop']
2022-12-02 20:49:11 [P-13376] [MainThread] [parse_query_plan] [DEBUG] parse_query_plan.py[line:149] _do_NestedLoop
2022-12-02 20:49:11 [P-13376] [MainThread] [parse_query_plan] [DEBUG] parse_query_plan.py[line:126] Nested Loop  (cost=6.21..52.55 rows=1 width=95) (actual time=0.012..0.013 rows=0 loops=1)
2022-12-02 20:49:11 [P-13376] [MainThread] [parse_query_plan] [DEBUG] parse_query_plan.py[line:132] ['Nested Loop']
2022-12-02 20:49:11 [P-13376] [MainThread] [parse_query_plan] [DEBUG] parse_query_plan.py[line:149] _do_NestedLoop
2022-12-02 20:49:11 [P-13376] [MainThread] [parse_query_plan] [DEBUG] parse_query_plan.py[line:126] Nested Loop  (cost=5.78..52.11 rows=1 width=99) (actual time=0.012..0.013 rows=0 loops=1)
2022-12-02 20:49:11 [P-13376] [MainThread] [parse_query_plan] [DEBUG] parse_query_plan.py[line:132] ['Nested Loop']
2022-12-02 20:49:11 [P-13376] [MainThread] [parse_query_plan] [DEBUG] parse_query_plan.py[line:149] _do_NestedLoop
2022-12-02 20:49:11 [P-13376] [MainThread] [parse_query_plan] [DEBUG] parse_query_plan.py[line:126] Nested Loop  (cost=5.35..51.50 rows=1 width=103) (actual time=0.012..0.013 rows=0 loops=1)
2022-12-02 20:49:11 [P-13376] [MainThread] [parse_query_plan] [DEBUG] parse_query_plan.py[line:132] ['Nested Loop']
2022-12-02 20:49:11 [P-13376] [MainThread] [parse_query_plan] [DEBUG] parse_query_plan.py[line:149] _do_NestedLoop
2022-12-02 20:49:11 [P-13376] [MainThread] [parse_query_plan] [DEBUG] parse_query_plan.py[line:126] Nested Loop  (cost=5.21..51.32 rows=1 width=107) (actual time=0.012..0.013 rows=0 loops=1)
2022-12-02 20:49:11 [P-13376] [MainThread] [parse_query_plan] [DEBUG] parse_query_plan.py[line:132] ['Nested Loop']
2022-12-02 20:49:11 [P-13376] [MainThread] [parse_query_plan] [DEBUG] parse_query_plan.py[line:149] _do_NestedLoop
2022-12-02 20:49:11 [P-13376] [MainThread] [parse_query_plan] [DEBUG] parse_query_plan.py[line:126] Nested Loop  (cost=4.77..48.75 rows=1 width=56) (actual time=0.012..0.012 rows=0 loops=1)
2022-12-02 20:49:11 [P-13376] [MainThread] [parse_query_plan] [DEBUG] parse_query_plan.py[line:132] ['Nested Loop']
2022-12-02 20:49:11 [P-13376] [MainThread] [parse_query_plan] [DEBUG] parse_query_plan.py[line:149] _do_NestedLoop
2022-12-02 20:49:11 [P-13376] [MainThread] [parse_query_plan] [DEBUG] parse_query_plan.py[line:126] Nested Loop  (cost=4.61..48.10 rows=4 width=60) (actual time=0.012..0.012 rows=0 loops=1)
2022-12-02 20:49:11 [P-13376] [MainThread] [parse_query_plan] [DEBUG] parse_query_plan.py[line:132] ['Nested Loop']
2022-12-02 20:49:11 [P-13376] [MainThread] [parse_query_plan] [DEBUG] parse_query_plan.py[line:149] _do_NestedLoop
2022-12-02 20:49:11 [P-13376] [MainThread] [parse_query_plan] [DEBUG] parse_query_plan.py[line:126] Nested Loop  (cost=4.18..15.09 rows=4 width=36) (actual time=0.012..0.012 rows=0 loops=1)
2022-12-02 20:49:11 [P-13376] [MainThread] [parse_query_plan] [DEBUG] parse_query_plan.py[line:132] ['Nested Loop']
2022-12-02 20:49:11 [P-13376] [MainThread] [parse_query_plan] [DEBUG] parse_query_plan.py[line:149] _do_NestedLoop
2022-12-02 20:49:11 [P-13376] [MainThread] [parse_query_plan] [DEBUG] parse_query_plan.py[line:126] Seq Scan on info_type it  (cost=0.00..2.41 rows=1 width=4) (actual time=0.008..0.008 rows=1 loops=1)
2022-12-02 20:49:11 [P-13376] [MainThread] [parse_query_plan] [DEBUG] parse_query_plan.py[line:132] ['Seq Scan', 'info_type it']
2022-12-02 20:49:11 [P-13376] [MainThread] [parse_query_plan] [DEBUG] parse_query_plan.py[line:149] _do_SeqScan
2022-12-02 20:49:11 [P-13376] [MainThread] [parse_query_plan] [DEBUG] parse_query_plan.py[line:126] Bitmap Heap Scan on movie_info_idx miidx  (cost=4.18..12.64 rows=4 width=40) (actual time=0.002..0.002 rows=0 loops=1)
2022-12-02 20:49:11 [P-13376] [MainThread] [parse_query_plan] [DEBUG] parse_query_plan.py[line:132] ['Bitmap Heap Scan', 'movie_info_idx miidx']
2022-12-02 20:49:11 [P-13376] [MainThread] [parse_query_plan] [DEBUG] parse_query_plan.py[line:149] _do_BitMapHeapScan
2022-12-02 20:49:11 [P-13376] [MainThread] [parse_query_plan] [DEBUG] parse_query_plan.py[line:126] Bitmap Index Scan on info_type_id_movie_info_idx  (cost=0.00..4.18 rows=4 width=0) (actual time=0.001..0.001 rows=0 loops=1)
2022-12-02 20:49:11 [P-13376] [MainThread] [parse_query_plan] [DEBUG] parse_query_plan.py[line:132] ['Bitmap Index Scan', 'info_type_id_movie_info_idx']
2022-12-02 20:49:11 [P-13376] [MainThread] [parse_query_plan] [DEBUG] parse_query_plan.py[line:149] _do_BitMapIndexScan
2022-12-02 20:49:11 [P-13376] [MainThread] [parse_query_plan] [DEBUG] parse_query_plan.py[line:126] Index Scan using title_pkey on title t  (cost=0.43..8.25 rows=1 width=24) (never executed)
2022-12-02 20:49:11 [P-13376] [MainThread] [parse_query_plan] [DEBUG] parse_query_plan.py[line:132] ['Index Scan', 'title_pkey', 'title t']
2022-12-02 20:49:11 [P-13376] [MainThread] [parse_query_plan] [DEBUG] parse_query_plan.py[line:149] _do_IndexScan
2022-12-02 20:49:11 [P-13376] [MainThread] [parse_query_plan] [DEBUG] parse_query_plan.py[line:126] Memoize  (cost=0.16..0.18 rows=1 width=4) (never executed)
2022-12-02 20:49:11 [P-13376] [MainThread] [parse_query_plan] [DEBUG] parse_query_plan.py[line:132] ['Memoize']
2022-12-02 20:49:11 [P-13376] [MainThread] [parse_query_plan] [DEBUG] parse_query_plan.py[line:149] _do_Memorize
2022-12-02 20:49:11 [P-13376] [MainThread] [parse_query_plan] [DEBUG] parse_query_plan.py[line:126] Index Scan using kind_type_pkey on kind_type kt  (cost=0.15..0.17 rows=1 width=4) (never executed)
2022-12-02 20:49:11 [P-13376] [MainThread] [parse_query_plan] [DEBUG] parse_query_plan.py[line:132] ['Index Scan', 'kind_type_pkey', 'kind_type kt']
2022-12-02 20:49:11 [P-13376] [MainThread] [parse_query_plan] [DEBUG] parse_query_plan.py[line:149] _do_IndexScan
2022-12-02 20:49:11 [P-13376] [MainThread] [parse_query_plan] [DEBUG] parse_query_plan.py[line:126] Index Scan using movie_info_idx_mid on movie_info mi  (cost=0.44..1.95 rows=62 width=51) (never executed)
2022-12-02 20:49:11 [P-13376] [MainThread] [parse_query_plan] [DEBUG] parse_query_plan.py[line:132] ['Index Scan', 'movie_info_idx_mid', 'movie_info mi']
2022-12-02 20:49:11 [P-13376] [MainThread] [parse_query_plan] [DEBUG] parse_query_plan.py[line:149] _do_IndexScan
2022-12-02 20:49:11 [P-13376] [MainThread] [parse_query_plan] [DEBUG] parse_query_plan.py[line:126] Index Scan using info_type_pkey on info_type it2  (cost=0.14..0.16 rows=1 width=4) (never executed)
2022-12-02 20:49:11 [P-13376] [MainThread] [parse_query_plan] [DEBUG] parse_query_plan.py[line:132] ['Index Scan', 'info_type_pkey', 'info_type it2']
2022-12-02 20:49:11 [P-13376] [MainThread] [parse_query_plan] [DEBUG] parse_query_plan.py[line:149] _do_IndexScan
2022-12-02 20:49:11 [P-13376] [MainThread] [parse_query_plan] [DEBUG] parse_query_plan.py[line:126] Index Scan using movie_companies_idx_mid on movie_companies mc  (cost=0.43..0.54 rows=6 width=12) (never executed)
2022-12-02 20:49:11 [P-13376] [MainThread] [parse_query_plan] [DEBUG] parse_query_plan.py[line:132] ['Index Scan', 'movie_companies_idx_mid', 'movie_companies mc']
2022-12-02 20:49:11 [P-13376] [MainThread] [parse_query_plan] [DEBUG] parse_query_plan.py[line:149] _do_IndexScan
2022-12-02 20:49:11 [P-13376] [MainThread] [parse_query_plan] [DEBUG] parse_query_plan.py[line:126] Index Scan using company_name_pkey on company_name cn  (cost=0.42..0.45 rows=1 width=4) (never executed)
2022-12-02 20:49:11 [P-13376] [MainThread] [parse_query_plan] [DEBUG] parse_query_plan.py[line:132] ['Index Scan', 'company_name_pkey', 'company_name cn']
2022-12-02 20:49:11 [P-13376] [MainThread] [parse_query_plan] [DEBUG] parse_query_plan.py[line:149] _do_IndexScan
2022-12-02 20:49:11 [P-13376] [MainThread] [parse_query_plan] [DEBUG] parse_query_plan.py[line:126] Index Scan using company_type_pkey on company_type ct  (cost=0.15..0.17 rows=1 width=4) (never executed)
2022-12-02 20:49:11 [P-13376] [MainThread] [parse_query_plan] [DEBUG] parse_query_plan.py[line:132] ['Index Scan', 'company_type_pkey', 'company_type ct']
2022-12-02 20:49:11 [P-13376] [MainThread] [parse_query_plan] [DEBUG] parse_query_plan.py[line:149] _do_IndexScan
2022-12-02 20:49:11 [P-13376] [MainThread] [parse_query_plan] [DEBUG] parse_query_plan.py[line:126] Aggregate  (cost=76.72..76.73 rows=1 width=96) (actual time=0.013..0.014 rows=1 loops=1)
2022-12-02 20:49:11 [P-13376] [MainThread] [parse_query_plan] [DEBUG] parse_query_plan.py[line:132] ['Aggregate']
2022-12-02 20:49:11 [P-13376] [MainThread] [parse_query_plan] [DEBUG] parse_query_plan.py[line:149] _do_Aggregate
2022-12-02 20:49:11 [P-13376] [MainThread] [parse_query_plan] [DEBUG] parse_query_plan.py[line:126] Nested Loop  (cost=6.35..76.72 rows=1 width=67) (actual time=0.013..0.013 rows=0 loops=1)
2022-12-02 20:49:11 [P-13376] [MainThread] [parse_query_plan] [DEBUG] parse_query_plan.py[line:132] ['Nested Loop']
2022-12-02 20:49:11 [P-13376] [MainThread] [parse_query_plan] [DEBUG] parse_query_plan.py[line:149] _do_NestedLoop
2022-12-02 20:49:11 [P-13376] [MainThread] [parse_query_plan] [DEBUG] parse_query_plan.py[line:126] Nested Loop  (cost=6.20..76.43 rows=1 width=71) (actual time=0.012..0.013 rows=0 loops=1)
2022-12-02 20:49:11 [P-13376] [MainThread] [parse_query_plan] [DEBUG] parse_query_plan.py[line:132] ['Nested Loop']
2022-12-02 20:49:11 [P-13376] [MainThread] [parse_query_plan] [DEBUG] parse_query_plan.py[line:149] _do_NestedLoop
2022-12-02 20:49:11 [P-13376] [MainThread] [parse_query_plan] [DEBUG] parse_query_plan.py[line:126] Nested Loop  (cost=6.05..76.24 rows=1 width=75) (actual time=0.012..0.013 rows=0 loops=1)
2022-12-02 20:49:11 [P-13376] [MainThread] [parse_query_plan] [DEBUG] parse_query_plan.py[line:132] ['Nested Loop']
2022-12-02 20:49:11 [P-13376] [MainThread] [parse_query_plan] [DEBUG] parse_query_plan.py[line:149] _do_NestedLoop
2022-12-02 20:49:11 [P-13376] [MainThread] [parse_query_plan] [DEBUG] parse_query_plan.py[line:126] Nested Loop  (cost=5.62..73.66 rows=1 width=83) (actual time=0.012..0.013 rows=0 loops=1)
2022-12-02 20:49:11 [P-13376] [MainThread] [parse_query_plan] [DEBUG] parse_query_plan.py[line:132] ['Nested Loop']
2022-12-02 20:49:11 [P-13376] [MainThread] [parse_query_plan] [DEBUG] parse_query_plan.py[line:149] _do_NestedLoop
2022-12-02 20:49:11 [P-13376] [MainThread] [parse_query_plan] [DEBUG] parse_query_plan.py[line:126] Nested Loop  (cost=5.47..73.49 rows=1 width=87) (actual time=0.012..0.013 rows=0 loops=1)
2022-12-02 20:49:11 [P-13376] [MainThread] [parse_query_plan] [DEBUG] parse_query_plan.py[line:132] ['Nested Loop']
2022-12-02 20:49:11 [P-13376] [MainThread] [parse_query_plan] [DEBUG] parse_query_plan.py[line:149] _do_NestedLoop
2022-12-02 20:49:11 [P-13376] [MainThread] [parse_query_plan] [DEBUG] parse_query_plan.py[line:126] Nested Loop  (cost=5.04..73.04 rows=1 width=72) (actual time=0.012..0.013 rows=0 loops=1)
2022-12-02 20:49:11 [P-13376] [MainThread] [parse_query_plan] [DEBUG] parse_query_plan.py[line:132] ['Nested Loop']
2022-12-02 20:49:11 [P-13376] [MainThread] [parse_query_plan] [DEBUG] parse_query_plan.py[line:149] _do_NestedLoop
2022-12-02 20:49:11 [P-13376] [MainThread] [parse_query_plan] [DEBUG] parse_query_plan.py[line:126] Nested Loop  (cost=4.61..48.16 rows=1 width=60) (actual time=0.012..0.012 rows=0 loops=1)
2022-12-02 20:49:11 [P-13376] [MainThread] [parse_query_plan] [DEBUG] parse_query_plan.py[line:132] ['Nested Loop']
2022-12-02 20:49:11 [P-13376] [MainThread] [parse_query_plan] [DEBUG] parse_query_plan.py[line:149] _do_NestedLoop
2022-12-02 20:49:11 [P-13376] [MainThread] [parse_query_plan] [DEBUG] parse_query_plan.py[line:126] Nested Loop  (cost=4.18..15.09 rows=4 width=36) (actual time=0.012..0.012 rows=0 loops=1)
2022-12-02 20:49:11 [P-13376] [MainThread] [parse_query_plan] [DEBUG] parse_query_plan.py[line:132] ['Nested Loop']
2022-12-02 20:49:11 [P-13376] [MainThread] [parse_query_plan] [DEBUG] parse_query_plan.py[line:149] _do_NestedLoop
2022-12-02 20:49:11 [P-13376] [MainThread] [parse_query_plan] [DEBUG] parse_query_plan.py[line:126] Seq Scan on info_type it  (cost=0.00..2.41 rows=1 width=4) (actual time=0.008..0.009 rows=1 loops=1)
2022-12-02 20:49:11 [P-13376] [MainThread] [parse_query_plan] [DEBUG] parse_query_plan.py[line:132] ['Seq Scan', 'info_type it']
2022-12-02 20:49:11 [P-13376] [MainThread] [parse_query_plan] [DEBUG] parse_query_plan.py[line:149] _do_SeqScan
2022-12-02 20:49:11 [P-13376] [MainThread] [parse_query_plan] [DEBUG] parse_query_plan.py[line:126] Bitmap Heap Scan on movie_info_idx miidx  (cost=4.18..12.64 rows=4 width=40) (actual time=0.002..0.002 rows=0 loops=1)
2022-12-02 20:49:11 [P-13376] [MainThread] [parse_query_plan] [DEBUG] parse_query_plan.py[line:132] ['Bitmap Heap Scan', 'movie_info_idx miidx']
2022-12-02 20:49:11 [P-13376] [MainThread] [parse_query_plan] [DEBUG] parse_query_plan.py[line:149] _do_BitMapHeapScan
2022-12-02 20:49:11 [P-13376] [MainThread] [parse_query_plan] [DEBUG] parse_query_plan.py[line:126] Bitmap Index Scan on info_type_id_movie_info_idx  (cost=0.00..4.18 rows=4 width=0) (actual time=0.001..0.001 rows=0 loops=1)
2022-12-02 20:49:11 [P-13376] [MainThread] [parse_query_plan] [DEBUG] parse_query_plan.py[line:132] ['Bitmap Index Scan', 'info_type_id_movie_info_idx']
2022-12-02 20:49:11 [P-13376] [MainThread] [parse_query_plan] [DEBUG] parse_query_plan.py[line:149] _do_BitMapIndexScan
2022-12-02 20:49:11 [P-13376] [MainThread] [parse_query_plan] [DEBUG] parse_query_plan.py[line:126] Index Scan using title_pkey on title t  (cost=0.43..8.26 rows=1 width=24) (never executed)
2022-12-02 20:49:11 [P-13376] [MainThread] [parse_query_plan] [DEBUG] parse_query_plan.py[line:132] ['Index Scan', 'title_pkey', 'title t']
2022-12-02 20:49:11 [P-13376] [MainThread] [parse_query_plan] [DEBUG] parse_query_plan.py[line:149] _do_IndexScan
2022-12-02 20:49:11 [P-13376] [MainThread] [parse_query_plan] [DEBUG] parse_query_plan.py[line:126] Index Scan using movie_companies_idx_mid on movie_companies mc  (cost=0.43..24.80 rows=6 width=12) (never executed)
2022-12-02 20:49:11 [P-13376] [MainThread] [parse_query_plan] [DEBUG] parse_query_plan.py[line:132] ['Index Scan', 'movie_companies_idx_mid', 'movie_companies mc']
2022-12-02 20:49:11 [P-13376] [MainThread] [parse_query_plan] [DEBUG] parse_query_plan.py[line:149] _do_IndexScan
2022-12-02 20:49:11 [P-13376] [MainThread] [parse_query_plan] [DEBUG] parse_query_plan.py[line:126] Index Scan using company_name_pkey on company_name cn  (cost=0.42..0.45 rows=1 width=23) (never executed)
2022-12-02 20:49:11 [P-13376] [MainThread] [parse_query_plan] [DEBUG] parse_query_plan.py[line:132] ['Index Scan', 'company_name_pkey', 'company_name cn']
2022-12-02 20:49:11 [P-13376] [MainThread] [parse_query_plan] [DEBUG] parse_query_plan.py[line:149] _do_IndexScan
2022-12-02 20:49:11 [P-13376] [MainThread] [parse_query_plan] [DEBUG] parse_query_plan.py[line:126] Index Scan using company_type_pkey on company_type ct  (cost=0.15..0.17 rows=1 width=4) (never executed)
2022-12-02 20:49:11 [P-13376] [MainThread] [parse_query_plan] [DEBUG] parse_query_plan.py[line:132] ['Index Scan', 'company_type_pkey', 'company_type ct']
2022-12-02 20:49:11 [P-13376] [MainThread] [parse_query_plan] [DEBUG] parse_query_plan.py[line:149] _do_IndexScan
2022-12-02 20:49:11 [P-13376] [MainThread] [parse_query_plan] [DEBUG] parse_query_plan.py[line:126] Index Scan using movie_info_idx_mid on movie_info mi  (cost=0.44..1.81 rows=62 width=8) (never executed)
2022-12-02 20:49:11 [P-13376] [MainThread] [parse_query_plan] [DEBUG] parse_query_plan.py[line:132] ['Index Scan', 'movie_info_idx_mid', 'movie_info mi']
2022-12-02 20:49:11 [P-13376] [MainThread] [parse_query_plan] [DEBUG] parse_query_plan.py[line:149] _do_IndexScan
2022-12-02 20:49:11 [P-13376] [MainThread] [parse_query_plan] [DEBUG] parse_query_plan.py[line:126] Index Scan using info_type_pkey on info_type it2  (cost=0.14..0.16 rows=1 width=4) (never executed)
2022-12-02 20:49:11 [P-13376] [MainThread] [parse_query_plan] [DEBUG] parse_query_plan.py[line:132] ['Index Scan', 'info_type_pkey', 'info_type it2']
2022-12-02 20:49:11 [P-13376] [MainThread] [parse_query_plan] [DEBUG] parse_query_plan.py[line:149] _do_IndexScan
2022-12-02 20:49:11 [P-13376] [MainThread] [parse_query_plan] [DEBUG] parse_query_plan.py[line:126] Index Scan using kind_type_pkey on kind_type kt  (cost=0.15..0.25 rows=1 width=4) (never executed)
2022-12-02 20:49:11 [P-13376] [MainThread] [parse_query_plan] [DEBUG] parse_query_plan.py[line:132] ['Index Scan', 'kind_type_pkey', 'kind_type kt']
2022-12-02 20:49:11 [P-13376] [MainThread] [parse_query_plan] [DEBUG] parse_query_plan.py[line:149] _do_IndexScan
2022-12-02 20:49:11 [P-13376] [MainThread] [parse_query_plan] [DEBUG] parse_query_plan.py[line:126] Aggregate  (cost=76.72..76.73 rows=1 width=96) (actual time=0.015..0.016 rows=1 loops=1)
2022-12-02 20:49:11 [P-13376] [MainThread] [parse_query_plan] [DEBUG] parse_query_plan.py[line:132] ['Aggregate']
2022-12-02 20:49:11 [P-13376] [MainThread] [parse_query_plan] [DEBUG] parse_query_plan.py[line:149] _do_Aggregate
2022-12-02 20:49:11 [P-13376] [MainThread] [parse_query_plan] [DEBUG] parse_query_plan.py[line:126] Nested Loop  (cost=6.35..76.72 rows=1 width=67) (actual time=0.014..0.015 rows=0 loops=1)
2022-12-02 20:49:11 [P-13376] [MainThread] [parse_query_plan] [DEBUG] parse_query_plan.py[line:132] ['Nested Loop']
2022-12-02 20:49:11 [P-13376] [MainThread] [parse_query_plan] [DEBUG] parse_query_plan.py[line:149] _do_NestedLoop
2022-12-02 20:49:11 [P-13376] [MainThread] [parse_query_plan] [DEBUG] parse_query_plan.py[line:126] Nested Loop  (cost=6.20..76.43 rows=1 width=71) (actual time=0.014..0.014 rows=0 loops=1)
2022-12-02 20:49:11 [P-13376] [MainThread] [parse_query_plan] [DEBUG] parse_query_plan.py[line:132] ['Nested Loop']
2022-12-02 20:49:11 [P-13376] [MainThread] [parse_query_plan] [DEBUG] parse_query_plan.py[line:149] _do_NestedLoop
2022-12-02 20:49:11 [P-13376] [MainThread] [parse_query_plan] [DEBUG] parse_query_plan.py[line:126] Nested Loop  (cost=6.05..76.24 rows=1 width=75) (actual time=0.014..0.014 rows=0 loops=1)
2022-12-02 20:49:11 [P-13376] [MainThread] [parse_query_plan] [DEBUG] parse_query_plan.py[line:132] ['Nested Loop']
2022-12-02 20:49:11 [P-13376] [MainThread] [parse_query_plan] [DEBUG] parse_query_plan.py[line:149] _do_NestedLoop
2022-12-02 20:49:11 [P-13376] [MainThread] [parse_query_plan] [DEBUG] parse_query_plan.py[line:126] Nested Loop  (cost=5.62..73.66 rows=1 width=83) (actual time=0.014..0.014 rows=0 loops=1)
2022-12-02 20:49:11 [P-13376] [MainThread] [parse_query_plan] [DEBUG] parse_query_plan.py[line:132] ['Nested Loop']
2022-12-02 20:49:11 [P-13376] [MainThread] [parse_query_plan] [DEBUG] parse_query_plan.py[line:149] _do_NestedLoop
2022-12-02 20:49:11 [P-13376] [MainThread] [parse_query_plan] [DEBUG] parse_query_plan.py[line:126] Nested Loop  (cost=5.47..73.49 rows=1 width=87) (actual time=0.013..0.014 rows=0 loops=1)
2022-12-02 20:49:11 [P-13376] [MainThread] [parse_query_plan] [DEBUG] parse_query_plan.py[line:132] ['Nested Loop']
2022-12-02 20:49:11 [P-13376] [MainThread] [parse_query_plan] [DEBUG] parse_query_plan.py[line:149] _do_NestedLoop
2022-12-02 20:49:11 [P-13376] [MainThread] [parse_query_plan] [DEBUG] parse_query_plan.py[line:126] Nested Loop  (cost=5.04..73.04 rows=1 width=72) (actual time=0.013..0.014 rows=0 loops=1)
2022-12-02 20:49:11 [P-13376] [MainThread] [parse_query_plan] [DEBUG] parse_query_plan.py[line:132] ['Nested Loop']
2022-12-02 20:49:11 [P-13376] [MainThread] [parse_query_plan] [DEBUG] parse_query_plan.py[line:149] _do_NestedLoop
2022-12-02 20:49:11 [P-13376] [MainThread] [parse_query_plan] [DEBUG] parse_query_plan.py[line:126] Nested Loop  (cost=4.61..48.16 rows=1 width=60) (actual time=0.013..0.014 rows=0 loops=1)
2022-12-02 20:49:11 [P-13376] [MainThread] [parse_query_plan] [DEBUG] parse_query_plan.py[line:132] ['Nested Loop']
2022-12-02 20:49:11 [P-13376] [MainThread] [parse_query_plan] [DEBUG] parse_query_plan.py[line:149] _do_NestedLoop
2022-12-02 20:49:11 [P-13376] [MainThread] [parse_query_plan] [DEBUG] parse_query_plan.py[line:126] Nested Loop  (cost=4.18..15.09 rows=4 width=36) (actual time=0.013..0.014 rows=0 loops=1)
2022-12-02 20:49:11 [P-13376] [MainThread] [parse_query_plan] [DEBUG] parse_query_plan.py[line:132] ['Nested Loop']
2022-12-02 20:49:11 [P-13376] [MainThread] [parse_query_plan] [DEBUG] parse_query_plan.py[line:149] _do_NestedLoop
2022-12-02 20:49:11 [P-13376] [MainThread] [parse_query_plan] [DEBUG] parse_query_plan.py[line:126] Seq Scan on info_type it  (cost=0.00..2.41 rows=1 width=4) (actual time=0.009..0.009 rows=1 loops=1)
2022-12-02 20:49:11 [P-13376] [MainThread] [parse_query_plan] [DEBUG] parse_query_plan.py[line:132] ['Seq Scan', 'info_type it']
2022-12-02 20:49:11 [P-13376] [MainThread] [parse_query_plan] [DEBUG] parse_query_plan.py[line:149] _do_SeqScan
2022-12-02 20:49:11 [P-13376] [MainThread] [parse_query_plan] [DEBUG] parse_query_plan.py[line:126] Bitmap Heap Scan on movie_info_idx miidx  (cost=4.18..12.64 rows=4 width=40) (actual time=0.002..0.002 rows=0 loops=1)
2022-12-02 20:49:11 [P-13376] [MainThread] [parse_query_plan] [DEBUG] parse_query_plan.py[line:132] ['Bitmap Heap Scan', 'movie_info_idx miidx']
2022-12-02 20:49:11 [P-13376] [MainThread] [parse_query_plan] [DEBUG] parse_query_plan.py[line:149] _do_BitMapHeapScan
2022-12-02 20:49:11 [P-13376] [MainThread] [parse_query_plan] [DEBUG] parse_query_plan.py[line:126] Bitmap Index Scan on info_type_id_movie_info_idx  (cost=0.00..4.18 rows=4 width=0) (actual time=0.001..0.001 rows=0 loops=1)
2022-12-02 20:49:11 [P-13376] [MainThread] [parse_query_plan] [DEBUG] parse_query_plan.py[line:132] ['Bitmap Index Scan', 'info_type_id_movie_info_idx']
2022-12-02 20:49:11 [P-13376] [MainThread] [parse_query_plan] [DEBUG] parse_query_plan.py[line:149] _do_BitMapIndexScan
2022-12-02 20:49:11 [P-13376] [MainThread] [parse_query_plan] [DEBUG] parse_query_plan.py[line:126] Index Scan using title_pkey on title t  (cost=0.43..8.26 rows=1 width=24) (never executed)
2022-12-02 20:49:11 [P-13376] [MainThread] [parse_query_plan] [DEBUG] parse_query_plan.py[line:132] ['Index Scan', 'title_pkey', 'title t']
2022-12-02 20:49:11 [P-13376] [MainThread] [parse_query_plan] [DEBUG] parse_query_plan.py[line:149] _do_IndexScan
2022-12-02 20:49:11 [P-13376] [MainThread] [parse_query_plan] [DEBUG] parse_query_plan.py[line:126] Index Scan using movie_companies_idx_mid on movie_companies mc  (cost=0.43..24.80 rows=6 width=12) (never executed)
2022-12-02 20:49:11 [P-13376] [MainThread] [parse_query_plan] [DEBUG] parse_query_plan.py[line:132] ['Index Scan', 'movie_companies_idx_mid', 'movie_companies mc']
2022-12-02 20:49:11 [P-13376] [MainThread] [parse_query_plan] [DEBUG] parse_query_plan.py[line:149] _do_IndexScan
2022-12-02 20:49:11 [P-13376] [MainThread] [parse_query_plan] [DEBUG] parse_query_plan.py[line:126] Index Scan using company_name_pkey on company_name cn  (cost=0.42..0.45 rows=1 width=23) (never executed)
2022-12-02 20:49:11 [P-13376] [MainThread] [parse_query_plan] [DEBUG] parse_query_plan.py[line:132] ['Index Scan', 'company_name_pkey', 'company_name cn']
2022-12-02 20:49:11 [P-13376] [MainThread] [parse_query_plan] [DEBUG] parse_query_plan.py[line:149] _do_IndexScan
2022-12-02 20:49:11 [P-13376] [MainThread] [parse_query_plan] [DEBUG] parse_query_plan.py[line:126] Index Scan using company_type_pkey on company_type ct  (cost=0.15..0.17 rows=1 width=4) (never executed)
2022-12-02 20:49:11 [P-13376] [MainThread] [parse_query_plan] [DEBUG] parse_query_plan.py[line:132] ['Index Scan', 'company_type_pkey', 'company_type ct']
2022-12-02 20:49:11 [P-13376] [MainThread] [parse_query_plan] [DEBUG] parse_query_plan.py[line:149] _do_IndexScan
2022-12-02 20:49:11 [P-13376] [MainThread] [parse_query_plan] [DEBUG] parse_query_plan.py[line:126] Index Scan using movie_info_idx_mid on movie_info mi  (cost=0.44..1.81 rows=62 width=8) (never executed)
2022-12-02 20:49:11 [P-13376] [MainThread] [parse_query_plan] [DEBUG] parse_query_plan.py[line:132] ['Index Scan', 'movie_info_idx_mid', 'movie_info mi']
2022-12-02 20:49:11 [P-13376] [MainThread] [parse_query_plan] [DEBUG] parse_query_plan.py[line:149] _do_IndexScan
2022-12-02 20:49:11 [P-13376] [MainThread] [parse_query_plan] [DEBUG] parse_query_plan.py[line:126] Index Scan using info_type_pkey on info_type it2  (cost=0.14..0.16 rows=1 width=4) (never executed)
2022-12-02 20:49:11 [P-13376] [MainThread] [parse_query_plan] [DEBUG] parse_query_plan.py[line:132] ['Index Scan', 'info_type_pkey', 'info_type it2']
2022-12-02 20:49:11 [P-13376] [MainThread] [parse_query_plan] [DEBUG] parse_query_plan.py[line:149] _do_IndexScan
2022-12-02 20:49:11 [P-13376] [MainThread] [parse_query_plan] [DEBUG] parse_query_plan.py[line:126] Index Scan using kind_type_pkey on kind_type kt  (cost=0.15..0.25 rows=1 width=4) (never executed)
2022-12-02 20:49:11 [P-13376] [MainThread] [parse_query_plan] [DEBUG] parse_query_plan.py[line:132] ['Index Scan', 'kind_type_pkey', 'kind_type kt']
2022-12-02 20:49:11 [P-13376] [MainThread] [parse_query_plan] [DEBUG] parse_query_plan.py[line:149] _do_IndexScan
2022-12-02 20:49:11 [P-13376] [MainThread] [parse_query_plan] [DEBUG] parse_query_plan.py[line:126] Aggregate  (cost=52.74..52.75 rows=1 width=96) (actual time=0.017..0.018 rows=1 loops=1)
2022-12-02 20:49:11 [P-13376] [MainThread] [parse_query_plan] [DEBUG] parse_query_plan.py[line:132] ['Aggregate']
2022-12-02 20:49:11 [P-13376] [MainThread] [parse_query_plan] [DEBUG] parse_query_plan.py[line:149] _do_Aggregate
2022-12-02 20:49:11 [P-13376] [MainThread] [parse_query_plan] [DEBUG] parse_query_plan.py[line:126] Nested Loop  (cost=6.36..52.73 rows=1 width=67) (actual time=0.016..0.017 rows=0 loops=1)
2022-12-02 20:49:11 [P-13376] [MainThread] [parse_query_plan] [DEBUG] parse_query_plan.py[line:132] ['Nested Loop']
2022-12-02 20:49:11 [P-13376] [MainThread] [parse_query_plan] [DEBUG] parse_query_plan.py[line:149] _do_NestedLoop
2022-12-02 20:49:11 [P-13376] [MainThread] [parse_query_plan] [DEBUG] parse_query_plan.py[line:126] Nested Loop  (cost=6.21..52.55 rows=1 width=71) (actual time=0.016..0.017 rows=0 loops=1)
2022-12-02 20:49:11 [P-13376] [MainThread] [parse_query_plan] [DEBUG] parse_query_plan.py[line:132] ['Nested Loop']
2022-12-02 20:49:11 [P-13376] [MainThread] [parse_query_plan] [DEBUG] parse_query_plan.py[line:149] _do_NestedLoop
2022-12-02 20:49:11 [P-13376] [MainThread] [parse_query_plan] [DEBUG] parse_query_plan.py[line:126] Nested Loop  (cost=5.78..52.11 rows=1 width=56) (actual time=0.016..0.017 rows=0 loops=1)
2022-12-02 20:49:11 [P-13376] [MainThread] [parse_query_plan] [DEBUG] parse_query_plan.py[line:132] ['Nested Loop']
2022-12-02 20:49:11 [P-13376] [MainThread] [parse_query_plan] [DEBUG] parse_query_plan.py[line:149] _do_NestedLoop
2022-12-02 20:49:11 [P-13376] [MainThread] [parse_query_plan] [DEBUG] parse_query_plan.py[line:126] Nested Loop  (cost=5.35..51.50 rows=1 width=60) (actual time=0.016..0.016 rows=0 loops=1)
2022-12-02 20:49:11 [P-13376] [MainThread] [parse_query_plan] [DEBUG] parse_query_plan.py[line:132] ['Nested Loop']
2022-12-02 20:49:11 [P-13376] [MainThread] [parse_query_plan] [DEBUG] parse_query_plan.py[line:149] _do_NestedLoop
2022-12-02 20:49:11 [P-13376] [MainThread] [parse_query_plan] [DEBUG] parse_query_plan.py[line:126] Nested Loop  (cost=5.21..51.32 rows=1 width=64) (actual time=0.016..0.016 rows=0 loops=1)
2022-12-02 20:49:11 [P-13376] [MainThread] [parse_query_plan] [DEBUG] parse_query_plan.py[line:132] ['Nested Loop']
2022-12-02 20:49:11 [P-13376] [MainThread] [parse_query_plan] [DEBUG] parse_query_plan.py[line:149] _do_NestedLoop
2022-12-02 20:49:11 [P-13376] [MainThread] [parse_query_plan] [DEBUG] parse_query_plan.py[line:126] Nested Loop  (cost=4.77..48.75 rows=1 width=56) (actual time=0.016..0.016 rows=0 loops=1)
2022-12-02 20:49:11 [P-13376] [MainThread] [parse_query_plan] [DEBUG] parse_query_plan.py[line:132] ['Nested Loop']
2022-12-02 20:49:11 [P-13376] [MainThread] [parse_query_plan] [DEBUG] parse_query_plan.py[line:149] _do_NestedLoop
2022-12-02 20:49:11 [P-13376] [MainThread] [parse_query_plan] [DEBUG] parse_query_plan.py[line:126] Nested Loop  (cost=4.61..48.10 rows=4 width=60) (actual time=0.016..0.016 rows=0 loops=1)
2022-12-02 20:49:11 [P-13376] [MainThread] [parse_query_plan] [DEBUG] parse_query_plan.py[line:132] ['Nested Loop']
2022-12-02 20:49:11 [P-13376] [MainThread] [parse_query_plan] [DEBUG] parse_query_plan.py[line:149] _do_NestedLoop
2022-12-02 20:49:11 [P-13376] [MainThread] [parse_query_plan] [DEBUG] parse_query_plan.py[line:126] Nested Loop  (cost=4.18..15.09 rows=4 width=36) (actual time=0.016..0.016 rows=0 loops=1)
2022-12-02 20:49:11 [P-13376] [MainThread] [parse_query_plan] [DEBUG] parse_query_plan.py[line:132] ['Nested Loop']
2022-12-02 20:49:11 [P-13376] [MainThread] [parse_query_plan] [DEBUG] parse_query_plan.py[line:149] _do_NestedLoop
2022-12-02 20:49:11 [P-13376] [MainThread] [parse_query_plan] [DEBUG] parse_query_plan.py[line:126] Seq Scan on info_type it  (cost=0.00..2.41 rows=1 width=4) (actual time=0.010..0.011 rows=1 loops=1)
2022-12-02 20:49:11 [P-13376] [MainThread] [parse_query_plan] [DEBUG] parse_query_plan.py[line:132] ['Seq Scan', 'info_type it']
2022-12-02 20:49:11 [P-13376] [MainThread] [parse_query_plan] [DEBUG] parse_query_plan.py[line:149] _do_SeqScan
2022-12-02 20:49:11 [P-13376] [MainThread] [parse_query_plan] [DEBUG] parse_query_plan.py[line:126] Bitmap Heap Scan on movie_info_idx miidx  (cost=4.18..12.64 rows=4 width=40) (actual time=0.003..0.003 rows=0 loops=1)
2022-12-02 20:49:11 [P-13376] [MainThread] [parse_query_plan] [DEBUG] parse_query_plan.py[line:132] ['Bitmap Heap Scan', 'movie_info_idx miidx']
2022-12-02 20:49:11 [P-13376] [MainThread] [parse_query_plan] [DEBUG] parse_query_plan.py[line:149] _do_BitMapHeapScan
2022-12-02 20:49:11 [P-13376] [MainThread] [parse_query_plan] [DEBUG] parse_query_plan.py[line:126] Bitmap Index Scan on info_type_id_movie_info_idx  (cost=0.00..4.18 rows=4 width=0) (actual time=0.002..0.002 rows=0 loops=1)
2022-12-02 20:49:11 [P-13376] [MainThread] [parse_query_plan] [DEBUG] parse_query_plan.py[line:132] ['Bitmap Index Scan', 'info_type_id_movie_info_idx']
2022-12-02 20:49:11 [P-13376] [MainThread] [parse_query_plan] [DEBUG] parse_query_plan.py[line:149] _do_BitMapIndexScan
2022-12-02 20:49:11 [P-13376] [MainThread] [parse_query_plan] [DEBUG] parse_query_plan.py[line:126] Index Scan using title_pkey on title t  (cost=0.43..8.25 rows=1 width=24) (never executed)
2022-12-02 20:49:11 [P-13376] [MainThread] [parse_query_plan] [DEBUG] parse_query_plan.py[line:132] ['Index Scan', 'title_pkey', 'title t']
2022-12-02 20:49:11 [P-13376] [MainThread] [parse_query_plan] [DEBUG] parse_query_plan.py[line:149] _do_IndexScan
2022-12-02 20:49:11 [P-13376] [MainThread] [parse_query_plan] [DEBUG] parse_query_plan.py[line:126] Memoize  (cost=0.16..0.18 rows=1 width=4) (never executed)
2022-12-02 20:49:11 [P-13376] [MainThread] [parse_query_plan] [DEBUG] parse_query_plan.py[line:132] ['Memoize']
2022-12-02 20:49:11 [P-13376] [MainThread] [parse_query_plan] [DEBUG] parse_query_plan.py[line:149] _do_Memorize
2022-12-02 20:49:11 [P-13376] [MainThread] [parse_query_plan] [DEBUG] parse_query_plan.py[line:126] Index Scan using kind_type_pkey on kind_type kt  (cost=0.15..0.17 rows=1 width=4) (never executed)
2022-12-02 20:49:11 [P-13376] [MainThread] [parse_query_plan] [DEBUG] parse_query_plan.py[line:132] ['Index Scan', 'kind_type_pkey', 'kind_type kt']
2022-12-02 20:49:11 [P-13376] [MainThread] [parse_query_plan] [DEBUG] parse_query_plan.py[line:149] _do_IndexScan
2022-12-02 20:49:11 [P-13376] [MainThread] [parse_query_plan] [DEBUG] parse_query_plan.py[line:126] Index Scan using movie_info_idx_mid on movie_info mi  (cost=0.44..1.95 rows=62 width=8) (never executed)
2022-12-02 20:49:11 [P-13376] [MainThread] [parse_query_plan] [DEBUG] parse_query_plan.py[line:132] ['Index Scan', 'movie_info_idx_mid', 'movie_info mi']
2022-12-02 20:49:11 [P-13376] [MainThread] [parse_query_plan] [DEBUG] parse_query_plan.py[line:149] _do_IndexScan
2022-12-02 20:49:11 [P-13376] [MainThread] [parse_query_plan] [DEBUG] parse_query_plan.py[line:126] Index Scan using info_type_pkey on info_type it2  (cost=0.14..0.16 rows=1 width=4) (never executed)
2022-12-02 20:49:11 [P-13376] [MainThread] [parse_query_plan] [DEBUG] parse_query_plan.py[line:132] ['Index Scan', 'info_type_pkey', 'info_type it2']
2022-12-02 20:49:11 [P-13376] [MainThread] [parse_query_plan] [DEBUG] parse_query_plan.py[line:149] _do_IndexScan
2022-12-02 20:49:11 [P-13376] [MainThread] [parse_query_plan] [DEBUG] parse_query_plan.py[line:126] Index Scan using movie_companies_idx_mid on movie_companies mc  (cost=0.43..0.54 rows=6 width=12) (never executed)
2022-12-02 20:49:11 [P-13376] [MainThread] [parse_query_plan] [DEBUG] parse_query_plan.py[line:132] ['Index Scan', 'movie_companies_idx_mid', 'movie_companies mc']
2022-12-02 20:49:11 [P-13376] [MainThread] [parse_query_plan] [DEBUG] parse_query_plan.py[line:149] _do_IndexScan
2022-12-02 20:49:11 [P-13376] [MainThread] [parse_query_plan] [DEBUG] parse_query_plan.py[line:126] Index Scan using company_name_pkey on company_name cn  (cost=0.42..0.45 rows=1 width=23) (never executed)
2022-12-02 20:49:11 [P-13376] [MainThread] [parse_query_plan] [DEBUG] parse_query_plan.py[line:132] ['Index Scan', 'company_name_pkey', 'company_name cn']
2022-12-02 20:49:11 [P-13376] [MainThread] [parse_query_plan] [DEBUG] parse_query_plan.py[line:149] _do_IndexScan
2022-12-02 20:49:11 [P-13376] [MainThread] [parse_query_plan] [DEBUG] parse_query_plan.py[line:126] Index Scan using company_type_pkey on company_type ct  (cost=0.15..0.17 rows=1 width=4) (never executed)
2022-12-02 20:49:11 [P-13376] [MainThread] [parse_query_plan] [DEBUG] parse_query_plan.py[line:132] ['Index Scan', 'company_type_pkey', 'company_type ct']
2022-12-02 20:49:11 [P-13376] [MainThread] [parse_query_plan] [DEBUG] parse_query_plan.py[line:149] _do_IndexScan
2022-12-02 20:49:11 [P-13376] [MainThread] [parse_query_plan] [DEBUG] parse_query_plan.py[line:126] Aggregate  (cost=29.13..29.14 rows=1 width=64) (actual time=0.013..0.014 rows=1 loops=1)
2022-12-02 20:49:11 [P-13376] [MainThread] [parse_query_plan] [DEBUG] parse_query_plan.py[line:132] ['Aggregate']
2022-12-02 20:49:11 [P-13376] [MainThread] [parse_query_plan] [DEBUG] parse_query_plan.py[line:149] _do_Aggregate
2022-12-02 20:49:11 [P-13376] [MainThread] [parse_query_plan] [DEBUG] parse_query_plan.py[line:126] Nested Loop  (cost=6.19..29.12 rows=1 width=48) (actual time=0.012..0.013 rows=0 loops=1)
2022-12-02 20:49:11 [P-13376] [MainThread] [parse_query_plan] [DEBUG] parse_query_plan.py[line:132] ['Nested Loop']
2022-12-02 20:49:11 [P-13376] [MainThread] [parse_query_plan] [DEBUG] parse_query_plan.py[line:149] _do_NestedLoop
2022-12-02 20:49:11 [P-13376] [MainThread] [parse_query_plan] [DEBUG] parse_query_plan.py[line:126] Nested Loop  (cost=5.77..28.67 rows=1 width=52) (actual time=0.012..0.013 rows=0 loops=1)
2022-12-02 20:49:11 [P-13376] [MainThread] [parse_query_plan] [DEBUG] parse_query_plan.py[line:132] ['Nested Loop']
2022-12-02 20:49:11 [P-13376] [MainThread] [parse_query_plan] [DEBUG] parse_query_plan.py[line:149] _do_NestedLoop
2022-12-02 20:49:11 [P-13376] [MainThread] [parse_query_plan] [DEBUG] parse_query_plan.py[line:126] Nested Loop  (cost=5.63..28.48 rows=1 width=56) (actual time=0.012..0.013 rows=0 loops=1)
2022-12-02 20:49:11 [P-13376] [MainThread] [parse_query_plan] [DEBUG] parse_query_plan.py[line:132] ['Nested Loop']
2022-12-02 20:49:11 [P-13376] [MainThread] [parse_query_plan] [DEBUG] parse_query_plan.py[line:149] _do_NestedLoop
2022-12-02 20:49:11 [P-13376] [MainThread] [parse_query_plan] [DEBUG] parse_query_plan.py[line:126] Nested Loop  (cost=5.19..25.97 rows=1 width=64) (actual time=0.012..0.012 rows=0 loops=1)
2022-12-02 20:49:11 [P-13376] [MainThread] [parse_query_plan] [DEBUG] parse_query_plan.py[line:132] ['Nested Loop']
2022-12-02 20:49:11 [P-13376] [MainThread] [parse_query_plan] [DEBUG] parse_query_plan.py[line:149] _do_NestedLoop
2022-12-02 20:49:11 [P-13376] [MainThread] [parse_query_plan] [DEBUG] parse_query_plan.py[line:126] Nested Loop  (cost=4.76..23.65 rows=1 width=56) (actual time=0.012..0.012 rows=0 loops=1)
2022-12-02 20:49:11 [P-13376] [MainThread] [parse_query_plan] [DEBUG] parse_query_plan.py[line:132] ['Nested Loop']
2022-12-02 20:49:11 [P-13376] [MainThread] [parse_query_plan] [DEBUG] parse_query_plan.py[line:149] _do_NestedLoop
2022-12-02 20:49:11 [P-13376] [MainThread] [parse_query_plan] [DEBUG] parse_query_plan.py[line:126] Nested Loop  (cost=4.61..23.48 rows=1 width=60) (actual time=0.012..0.012 rows=0 loops=1)
2022-12-02 20:49:11 [P-13376] [MainThread] [parse_query_plan] [DEBUG] parse_query_plan.py[line:132] ['Nested Loop']
2022-12-02 20:49:11 [P-13376] [MainThread] [parse_query_plan] [DEBUG] parse_query_plan.py[line:149] _do_NestedLoop
2022-12-02 20:49:11 [P-13376] [MainThread] [parse_query_plan] [DEBUG] parse_query_plan.py[line:126] Nested Loop  (cost=4.18..15.07 rows=1 width=36) (actual time=0.012..0.012 rows=0 loops=1)
2022-12-02 20:49:11 [P-13376] [MainThread] [parse_query_plan] [DEBUG] parse_query_plan.py[line:132] ['Nested Loop']
2022-12-02 20:49:11 [P-13376] [MainThread] [parse_query_plan] [DEBUG] parse_query_plan.py[line:149] _do_NestedLoop
2022-12-02 20:49:11 [P-13376] [MainThread] [parse_query_plan] [DEBUG] parse_query_plan.py[line:126] Seq Scan on info_type it2  (cost=0.00..2.41 rows=1 width=4) (actual time=0.008..0.008 rows=1 loops=1)
2022-12-02 20:49:11 [P-13376] [MainThread] [parse_query_plan] [DEBUG] parse_query_plan.py[line:132] ['Seq Scan', 'info_type it2']
2022-12-02 20:49:11 [P-13376] [MainThread] [parse_query_plan] [DEBUG] parse_query_plan.py[line:149] _do_SeqScan
2022-12-02 20:49:11 [P-13376] [MainThread] [parse_query_plan] [DEBUG] parse_query_plan.py[line:126] Bitmap Heap Scan on movie_info_idx mi_idx  (cost=4.18..12.65 rows=1 width=40) (actual time=0.002..0.002 rows=0 loops=1)
2022-12-02 20:49:11 [P-13376] [MainThread] [parse_query_plan] [DEBUG] parse_query_plan.py[line:132] ['Bitmap Heap Scan', 'movie_info_idx mi_idx']
2022-12-02 20:49:11 [P-13376] [MainThread] [parse_query_plan] [DEBUG] parse_query_plan.py[line:149] _do_BitMapHeapScan
2022-12-02 20:49:11 [P-13376] [MainThread] [parse_query_plan] [DEBUG] parse_query_plan.py[line:126] Bitmap Index Scan on info_type_id_movie_info_idx  (cost=0.00..4.18 rows=4 width=0) (actual time=0.001..0.001 rows=0 loops=1)
2022-12-02 20:49:11 [P-13376] [MainThread] [parse_query_plan] [DEBUG] parse_query_plan.py[line:132] ['Bitmap Index Scan', 'info_type_id_movie_info_idx']
2022-12-02 20:49:11 [P-13376] [MainThread] [parse_query_plan] [DEBUG] parse_query_plan.py[line:149] _do_BitMapIndexScan
2022-12-02 20:49:11 [P-13376] [MainThread] [parse_query_plan] [DEBUG] parse_query_plan.py[line:126] Index Scan using title_pkey on title t  (cost=0.43..8.40 rows=1 width=24) (never executed)
2022-12-02 20:49:11 [P-13376] [MainThread] [parse_query_plan] [DEBUG] parse_query_plan.py[line:132] ['Index Scan', 'title_pkey', 'title t']
2022-12-02 20:49:11 [P-13376] [MainThread] [parse_query_plan] [DEBUG] parse_query_plan.py[line:149] _do_IndexScan
2022-12-02 20:49:11 [P-13376] [MainThread] [parse_query_plan] [DEBUG] parse_query_plan.py[line:126] Index Scan using kind_type_pkey on kind_type kt  (cost=0.15..0.17 rows=1 width=4) (never executed)
2022-12-02 20:49:11 [P-13376] [MainThread] [parse_query_plan] [DEBUG] parse_query_plan.py[line:132] ['Index Scan', 'kind_type_pkey', 'kind_type kt']
2022-12-02 20:49:11 [P-13376] [MainThread] [parse_query_plan] [DEBUG] parse_query_plan.py[line:149] _do_IndexScan
2022-12-02 20:49:11 [P-13376] [MainThread] [parse_query_plan] [DEBUG] parse_query_plan.py[line:126] Index Scan using movie_keyword_idx_mid on movie_keyword mk  (cost=0.43..1.69 rows=63 width=8) (never executed)
2022-12-02 20:49:11 [P-13376] [MainThread] [parse_query_plan] [DEBUG] parse_query_plan.py[line:132] ['Index Scan', 'movie_keyword_idx_mid', 'movie_keyword mk']
2022-12-02 20:49:11 [P-13376] [MainThread] [parse_query_plan] [DEBUG] parse_query_plan.py[line:149] _do_IndexScan
2022-12-02 20:49:11 [P-13376] [MainThread] [parse_query_plan] [DEBUG] parse_query_plan.py[line:126] Index Scan using movie_info_idx_mid on movie_info mi  (cost=0.44..2.49 rows=2 width=8) (never executed)
2022-12-02 20:49:11 [P-13376] [MainThread] [parse_query_plan] [DEBUG] parse_query_plan.py[line:132] ['Index Scan', 'movie_info_idx_mid', 'movie_info mi']
2022-12-02 20:49:11 [P-13376] [MainThread] [parse_query_plan] [DEBUG] parse_query_plan.py[line:149] _do_IndexScan
2022-12-02 20:49:11 [P-13376] [MainThread] [parse_query_plan] [DEBUG] parse_query_plan.py[line:183] <re.Match object; span=(0, 99), match="info = ANY ('{Sweden,Norway,Germany,Denmark,Swedi>
2022-12-02 20:49:11 [P-13376] [MainThread] [parse_query_plan] [DEBUG] parse_query_plan.py[line:126] Index Scan using info_type_pkey on info_type it1  (cost=0.14..0.16 rows=1 width=4) (never executed)
2022-12-02 20:49:11 [P-13376] [MainThread] [parse_query_plan] [DEBUG] parse_query_plan.py[line:132] ['Index Scan', 'info_type_pkey', 'info_type it1']
2022-12-02 20:49:11 [P-13376] [MainThread] [parse_query_plan] [DEBUG] parse_query_plan.py[line:149] _do_IndexScan
2022-12-02 20:49:11 [P-13376] [MainThread] [parse_query_plan] [DEBUG] parse_query_plan.py[line:126] Index Scan using keyword_pkey on keyword k  (cost=0.42..0.44 rows=1 width=4) (never executed)
2022-12-02 20:49:11 [P-13376] [MainThread] [parse_query_plan] [DEBUG] parse_query_plan.py[line:132] ['Index Scan', 'keyword_pkey', 'keyword k']
2022-12-02 20:49:11 [P-13376] [MainThread] [parse_query_plan] [DEBUG] parse_query_plan.py[line:149] _do_IndexScan
2022-12-02 20:49:11 [P-13376] [MainThread] [parse_query_plan] [DEBUG] parse_query_plan.py[line:183] <re.Match object; span=(0, 65), match="keyword = ANY ('{murder,murder-in-title,blood,vio>
2022-12-02 20:49:11 [P-13376] [MainThread] [parse_query_plan] [DEBUG] parse_query_plan.py[line:126] Aggregate  (cost=37.78..37.79 rows=1 width=64) (actual time=0.012..0.012 rows=1 loops=1)
2022-12-02 20:49:11 [P-13376] [MainThread] [parse_query_plan] [DEBUG] parse_query_plan.py[line:132] ['Aggregate']
2022-12-02 20:49:11 [P-13376] [MainThread] [parse_query_plan] [DEBUG] parse_query_plan.py[line:149] _do_Aggregate
2022-12-02 20:49:11 [P-13376] [MainThread] [parse_query_plan] [DEBUG] parse_query_plan.py[line:126] Nested Loop  (cost=6.19..37.77 rows=1 width=48) (actual time=0.011..0.012 rows=0 loops=1)
2022-12-02 20:49:11 [P-13376] [MainThread] [parse_query_plan] [DEBUG] parse_query_plan.py[line:132] ['Nested Loop']
2022-12-02 20:49:11 [P-13376] [MainThread] [parse_query_plan] [DEBUG] parse_query_plan.py[line:149] _do_NestedLoop
2022-12-02 20:49:11 [P-13376] [MainThread] [parse_query_plan] [DEBUG] parse_query_plan.py[line:126] Nested Loop  (cost=6.04..37.40 rows=1 width=52) (actual time=0.011..0.011 rows=0 loops=1)
2022-12-02 20:49:11 [P-13376] [MainThread] [parse_query_plan] [DEBUG] parse_query_plan.py[line:132] ['Nested Loop']
2022-12-02 20:49:11 [P-13376] [MainThread] [parse_query_plan] [DEBUG] parse_query_plan.py[line:149] _do_NestedLoop
2022-12-02 20:49:11 [P-13376] [MainThread] [parse_query_plan] [DEBUG] parse_query_plan.py[line:126] Nested Loop  (cost=5.62..36.94 rows=1 width=56) (actual time=0.011..0.011 rows=0 loops=1)
2022-12-02 20:49:11 [P-13376] [MainThread] [parse_query_plan] [DEBUG] parse_query_plan.py[line:132] ['Nested Loop']
2022-12-02 20:49:11 [P-13376] [MainThread] [parse_query_plan] [DEBUG] parse_query_plan.py[line:149] _do_NestedLoop
2022-12-02 20:49:11 [P-13376] [MainThread] [parse_query_plan] [DEBUG] parse_query_plan.py[line:126] Nested Loop  (cost=5.48..36.76 rows=1 width=60) (actual time=0.011..0.011 rows=0 loops=1)
2022-12-02 20:49:11 [P-13376] [MainThread] [parse_query_plan] [DEBUG] parse_query_plan.py[line:132] ['Nested Loop']
2022-12-02 20:49:11 [P-13376] [MainThread] [parse_query_plan] [DEBUG] parse_query_plan.py[line:149] _do_NestedLoop
2022-12-02 20:49:11 [P-13376] [MainThread] [parse_query_plan] [DEBUG] parse_query_plan.py[line:126] Nested Loop  (cost=5.04..34.25 rows=1 width=68) (actual time=0.011..0.011 rows=0 loops=1)
2022-12-02 20:49:11 [P-13376] [MainThread] [parse_query_plan] [DEBUG] parse_query_plan.py[line:132] ['Nested Loop']
2022-12-02 20:49:11 [P-13376] [MainThread] [parse_query_plan] [DEBUG] parse_query_plan.py[line:149] _do_NestedLoop
2022-12-02 20:49:11 [P-13376] [MainThread] [parse_query_plan] [DEBUG] parse_query_plan.py[line:126] Nested Loop  (cost=4.61..23.53 rows=1 width=60) (actual time=0.011..0.011 rows=0 loops=1)
2022-12-02 20:49:11 [P-13376] [MainThread] [parse_query_plan] [DEBUG] parse_query_plan.py[line:132] ['Nested Loop']
2022-12-02 20:49:11 [P-13376] [MainThread] [parse_query_plan] [DEBUG] parse_query_plan.py[line:149] _do_NestedLoop
2022-12-02 20:49:11 [P-13376] [MainThread] [parse_query_plan] [DEBUG] parse_query_plan.py[line:126] Nested Loop  (cost=4.18..15.07 rows=1 width=36) (actual time=0.011..0.011 rows=0 loops=1)
2022-12-02 20:49:11 [P-13376] [MainThread] [parse_query_plan] [DEBUG] parse_query_plan.py[line:132] ['Nested Loop']
2022-12-02 20:49:11 [P-13376] [MainThread] [parse_query_plan] [DEBUG] parse_query_plan.py[line:149] _do_NestedLoop
2022-12-02 20:49:11 [P-13376] [MainThread] [parse_query_plan] [DEBUG] parse_query_plan.py[line:126] Seq Scan on info_type it2  (cost=0.00..2.41 rows=1 width=4) (actual time=0.007..0.008 rows=1 loops=1)
2022-12-02 20:49:11 [P-13376] [MainThread] [parse_query_plan] [DEBUG] parse_query_plan.py[line:132] ['Seq Scan', 'info_type it2']
2022-12-02 20:49:11 [P-13376] [MainThread] [parse_query_plan] [DEBUG] parse_query_plan.py[line:149] _do_SeqScan
2022-12-02 20:49:11 [P-13376] [MainThread] [parse_query_plan] [DEBUG] parse_query_plan.py[line:126] Bitmap Heap Scan on movie_info_idx mi_idx  (cost=4.18..12.65 rows=1 width=40) (actual time=0.002..0.002 rows=0 loops=1)
2022-12-02 20:49:11 [P-13376] [MainThread] [parse_query_plan] [DEBUG] parse_query_plan.py[line:132] ['Bitmap Heap Scan', 'movie_info_idx mi_idx']
2022-12-02 20:49:11 [P-13376] [MainThread] [parse_query_plan] [DEBUG] parse_query_plan.py[line:149] _do_BitMapHeapScan
2022-12-02 20:49:11 [P-13376] [MainThread] [parse_query_plan] [DEBUG] parse_query_plan.py[line:126] Bitmap Index Scan on info_type_id_movie_info_idx  (cost=0.00..4.18 rows=4 width=0) (actual time=0.001..0.001 rows=0 loops=1)
2022-12-02 20:49:11 [P-13376] [MainThread] [parse_query_plan] [DEBUG] parse_query_plan.py[line:132] ['Bitmap Index Scan', 'info_type_id_movie_info_idx']
2022-12-02 20:49:11 [P-13376] [MainThread] [parse_query_plan] [DEBUG] parse_query_plan.py[line:149] _do_BitMapIndexScan
2022-12-02 20:49:11 [P-13376] [MainThread] [parse_query_plan] [DEBUG] parse_query_plan.py[line:126] Index Scan using title_pkey on title t  (cost=0.43..8.41 rows=1 width=24) (never executed)
2022-12-02 20:49:11 [P-13376] [MainThread] [parse_query_plan] [DEBUG] parse_query_plan.py[line:132] ['Index Scan', 'title_pkey', 'title t']
2022-12-02 20:49:11 [P-13376] [MainThread] [parse_query_plan] [DEBUG] parse_query_plan.py[line:149] _do_IndexScan
2022-12-02 20:49:11 [P-13376] [MainThread] [parse_query_plan] [DEBUG] parse_query_plan.py[line:126] Index Scan using movie_keyword_idx_mid on movie_keyword mk  (cost=0.43..10.09 rows=63 width=8) (never executed)
2022-12-02 20:49:11 [P-13376] [MainThread] [parse_query_plan] [DEBUG] parse_query_plan.py[line:132] ['Index Scan', 'movie_keyword_idx_mid', 'movie_keyword mk']
2022-12-02 20:49:11 [P-13376] [MainThread] [parse_query_plan] [DEBUG] parse_query_plan.py[line:149] _do_IndexScan
2022-12-02 20:49:11 [P-13376] [MainThread] [parse_query_plan] [DEBUG] parse_query_plan.py[line:126] Index Scan using movie_info_idx_mid on movie_info mi  (cost=0.44..2.49 rows=2 width=8) (never executed)
2022-12-02 20:49:11 [P-13376] [MainThread] [parse_query_plan] [DEBUG] parse_query_plan.py[line:132] ['Index Scan', 'movie_info_idx_mid', 'movie_info mi']
2022-12-02 20:49:11 [P-13376] [MainThread] [parse_query_plan] [DEBUG] parse_query_plan.py[line:149] _do_IndexScan
2022-12-02 20:49:11 [P-13376] [MainThread] [parse_query_plan] [DEBUG] parse_query_plan.py[line:183] <re.Match object; span=(0, 99), match="info = ANY ('{Sweden,Norway,Germany,Denmark,Swedi>
2022-12-02 20:49:11 [P-13376] [MainThread] [parse_query_plan] [DEBUG] parse_query_plan.py[line:126] Index Scan using info_type_pkey on info_type it1  (cost=0.14..0.16 rows=1 width=4) (never executed)
2022-12-02 20:49:11 [P-13376] [MainThread] [parse_query_plan] [DEBUG] parse_query_plan.py[line:132] ['Index Scan', 'info_type_pkey', 'info_type it1']
2022-12-02 20:49:11 [P-13376] [MainThread] [parse_query_plan] [DEBUG] parse_query_plan.py[line:149] _do_IndexScan
2022-12-02 20:49:11 [P-13376] [MainThread] [parse_query_plan] [DEBUG] parse_query_plan.py[line:126] Index Scan using keyword_pkey on keyword k  (cost=0.42..0.44 rows=1 width=4) (never executed)
2022-12-02 20:49:11 [P-13376] [MainThread] [parse_query_plan] [DEBUG] parse_query_plan.py[line:132] ['Index Scan', 'keyword_pkey', 'keyword k']
2022-12-02 20:49:11 [P-13376] [MainThread] [parse_query_plan] [DEBUG] parse_query_plan.py[line:149] _do_IndexScan
2022-12-02 20:49:11 [P-13376] [MainThread] [parse_query_plan] [DEBUG] parse_query_plan.py[line:183] <re.Match object; span=(0, 50), match="keyword = ANY ('{murder,murder-in-title}'::text[]>
2022-12-02 20:49:11 [P-13376] [MainThread] [parse_query_plan] [DEBUG] parse_query_plan.py[line:126] Index Scan using kind_type_pkey on kind_type kt  (cost=0.15..0.32 rows=1 width=4) (never executed)
2022-12-02 20:49:11 [P-13376] [MainThread] [parse_query_plan] [DEBUG] parse_query_plan.py[line:132] ['Index Scan', 'kind_type_pkey', 'kind_type kt']
2022-12-02 20:49:11 [P-13376] [MainThread] [parse_query_plan] [DEBUG] parse_query_plan.py[line:149] _do_IndexScan
2022-12-02 20:49:11 [P-13376] [MainThread] [parse_query_plan] [DEBUG] parse_query_plan.py[line:126] Aggregate  (cost=29.07..29.08 rows=1 width=64) (actual time=0.012..0.013 rows=1 loops=1)
2022-12-02 20:49:11 [P-13376] [MainThread] [parse_query_plan] [DEBUG] parse_query_plan.py[line:132] ['Aggregate']
2022-12-02 20:49:11 [P-13376] [MainThread] [parse_query_plan] [DEBUG] parse_query_plan.py[line:149] _do_Aggregate
2022-12-02 20:49:11 [P-13376] [MainThread] [parse_query_plan] [DEBUG] parse_query_plan.py[line:126] Nested Loop  (cost=6.19..29.07 rows=1 width=48) (actual time=0.012..0.012 rows=0 loops=1)
2022-12-02 20:49:11 [P-13376] [MainThread] [parse_query_plan] [DEBUG] parse_query_plan.py[line:132] ['Nested Loop']
2022-12-02 20:49:11 [P-13376] [MainThread] [parse_query_plan] [DEBUG] parse_query_plan.py[line:149] _do_NestedLoop
2022-12-02 20:49:11 [P-13376] [MainThread] [parse_query_plan] [DEBUG] parse_query_plan.py[line:126] Nested Loop  (cost=5.77..28.62 rows=1 width=52) (actual time=0.012..0.012 rows=0 loops=1)
2022-12-02 20:49:11 [P-13376] [MainThread] [parse_query_plan] [DEBUG] parse_query_plan.py[line:132] ['Nested Loop']
2022-12-02 20:49:11 [P-13376] [MainThread] [parse_query_plan] [DEBUG] parse_query_plan.py[line:149] _do_NestedLoop
2022-12-02 20:49:11 [P-13376] [MainThread] [parse_query_plan] [DEBUG] parse_query_plan.py[line:126] Nested Loop  (cost=5.63..28.43 rows=1 width=56) (actual time=0.012..0.012 rows=0 loops=1)
2022-12-02 20:49:11 [P-13376] [MainThread] [parse_query_plan] [DEBUG] parse_query_plan.py[line:132] ['Nested Loop']
2022-12-02 20:49:11 [P-13376] [MainThread] [parse_query_plan] [DEBUG] parse_query_plan.py[line:149] _do_NestedLoop
2022-12-02 20:49:11 [P-13376] [MainThread] [parse_query_plan] [DEBUG] parse_query_plan.py[line:126] Nested Loop  (cost=5.19..25.92 rows=1 width=64) (actual time=0.011..0.012 rows=0 loops=1)
2022-12-02 20:49:11 [P-13376] [MainThread] [parse_query_plan] [DEBUG] parse_query_plan.py[line:132] ['Nested Loop']
2022-12-02 20:49:11 [P-13376] [MainThread] [parse_query_plan] [DEBUG] parse_query_plan.py[line:149] _do_NestedLoop
2022-12-02 20:49:11 [P-13376] [MainThread] [parse_query_plan] [DEBUG] parse_query_plan.py[line:126] Nested Loop  (cost=4.76..23.65 rows=1 width=56) (actual time=0.011..0.012 rows=0 loops=1)
2022-12-02 20:49:11 [P-13376] [MainThread] [parse_query_plan] [DEBUG] parse_query_plan.py[line:132] ['Nested Loop']
2022-12-02 20:49:11 [P-13376] [MainThread] [parse_query_plan] [DEBUG] parse_query_plan.py[line:149] _do_NestedLoop
2022-12-02 20:49:11 [P-13376] [MainThread] [parse_query_plan] [DEBUG] parse_query_plan.py[line:126] Nested Loop  (cost=4.61..23.48 rows=1 width=60) (actual time=0.011..0.012 rows=0 loops=1)
2022-12-02 20:49:11 [P-13376] [MainThread] [parse_query_plan] [DEBUG] parse_query_plan.py[line:132] ['Nested Loop']
2022-12-02 20:49:11 [P-13376] [MainThread] [parse_query_plan] [DEBUG] parse_query_plan.py[line:149] _do_NestedLoop
2022-12-02 20:49:11 [P-13376] [MainThread] [parse_query_plan] [DEBUG] parse_query_plan.py[line:126] Nested Loop  (cost=4.18..15.07 rows=1 width=36) (actual time=0.011..0.012 rows=0 loops=1)
2022-12-02 20:49:11 [P-13376] [MainThread] [parse_query_plan] [DEBUG] parse_query_plan.py[line:132] ['Nested Loop']
2022-12-02 20:49:11 [P-13376] [MainThread] [parse_query_plan] [DEBUG] parse_query_plan.py[line:149] _do_NestedLoop
2022-12-02 20:49:11 [P-13376] [MainThread] [parse_query_plan] [DEBUG] parse_query_plan.py[line:126] Seq Scan on info_type it2  (cost=0.00..2.41 rows=1 width=4) (actual time=0.007..0.008 rows=1 loops=1)
2022-12-02 20:49:11 [P-13376] [MainThread] [parse_query_plan] [DEBUG] parse_query_plan.py[line:132] ['Seq Scan', 'info_type it2']
2022-12-02 20:49:11 [P-13376] [MainThread] [parse_query_plan] [DEBUG] parse_query_plan.py[line:149] _do_SeqScan
2022-12-02 20:49:11 [P-13376] [MainThread] [parse_query_plan] [DEBUG] parse_query_plan.py[line:126] Bitmap Heap Scan on movie_info_idx mi_idx  (cost=4.18..12.65 rows=1 width=40) (actual time=0.002..0.002 rows=0 loops=1)
2022-12-02 20:49:11 [P-13376] [MainThread] [parse_query_plan] [DEBUG] parse_query_plan.py[line:132] ['Bitmap Heap Scan', 'movie_info_idx mi_idx']
2022-12-02 20:49:11 [P-13376] [MainThread] [parse_query_plan] [DEBUG] parse_query_plan.py[line:149] _do_BitMapHeapScan
2022-12-02 20:49:11 [P-13376] [MainThread] [parse_query_plan] [DEBUG] parse_query_plan.py[line:126] Bitmap Index Scan on info_type_id_movie_info_idx  (cost=0.00..4.18 rows=4 width=0) (actual time=0.001..0.001 rows=0 loops=1)
2022-12-02 20:49:11 [P-13376] [MainThread] [parse_query_plan] [DEBUG] parse_query_plan.py[line:132] ['Bitmap Index Scan', 'info_type_id_movie_info_idx']
2022-12-02 20:49:11 [P-13376] [MainThread] [parse_query_plan] [DEBUG] parse_query_plan.py[line:149] _do_BitMapIndexScan
2022-12-02 20:49:11 [P-13376] [MainThread] [parse_query_plan] [DEBUG] parse_query_plan.py[line:126] Index Scan using title_pkey on title t  (cost=0.43..8.40 rows=1 width=24) (never executed)
2022-12-02 20:49:11 [P-13376] [MainThread] [parse_query_plan] [DEBUG] parse_query_plan.py[line:132] ['Index Scan', 'title_pkey', 'title t']
2022-12-02 20:49:11 [P-13376] [MainThread] [parse_query_plan] [DEBUG] parse_query_plan.py[line:149] _do_IndexScan
2022-12-02 20:49:11 [P-13376] [MainThread] [parse_query_plan] [DEBUG] parse_query_plan.py[line:126] Index Scan using kind_type_pkey on kind_type kt  (cost=0.15..0.17 rows=1 width=4) (never executed)
2022-12-02 20:49:11 [P-13376] [MainThread] [parse_query_plan] [DEBUG] parse_query_plan.py[line:132] ['Index Scan', 'kind_type_pkey', 'kind_type kt']
2022-12-02 20:49:11 [P-13376] [MainThread] [parse_query_plan] [DEBUG] parse_query_plan.py[line:149] _do_IndexScan
2022-12-02 20:49:11 [P-13376] [MainThread] [parse_query_plan] [DEBUG] parse_query_plan.py[line:183] <re.Match object; span=(0, 46), match="(kind)::text = ANY ('{movie,episode}'::text[])">
2022-12-02 20:49:11 [P-13376] [MainThread] [parse_query_plan] [DEBUG] parse_query_plan.py[line:126] Index Scan using movie_keyword_idx_mid on movie_keyword mk  (cost=0.43..1.64 rows=63 width=8) (never executed)
2022-12-02 20:49:11 [P-13376] [MainThread] [parse_query_plan] [DEBUG] parse_query_plan.py[line:132] ['Index Scan', 'movie_keyword_idx_mid', 'movie_keyword mk']
2022-12-02 20:49:11 [P-13376] [MainThread] [parse_query_plan] [DEBUG] parse_query_plan.py[line:149] _do_IndexScan
2022-12-02 20:49:11 [P-13376] [MainThread] [parse_query_plan] [DEBUG] parse_query_plan.py[line:126] Index Scan using movie_info_idx_mid on movie_info mi  (cost=0.44..2.49 rows=2 width=8) (never executed)
2022-12-02 20:49:11 [P-13376] [MainThread] [parse_query_plan] [DEBUG] parse_query_plan.py[line:132] ['Index Scan', 'movie_info_idx_mid', 'movie_info mi']
2022-12-02 20:49:11 [P-13376] [MainThread] [parse_query_plan] [DEBUG] parse_query_plan.py[line:149] _do_IndexScan
2022-12-02 20:49:11 [P-13376] [MainThread] [parse_query_plan] [DEBUG] parse_query_plan.py[line:183] <re.Match object; span=(0, 99), match="info = ANY ('{Sweden,Norway,Germany,Denmark,Swedi>
2022-12-02 20:49:11 [P-13376] [MainThread] [parse_query_plan] [DEBUG] parse_query_plan.py[line:126] Index Scan using info_type_pkey on info_type it1  (cost=0.14..0.16 rows=1 width=4) (never executed)
2022-12-02 20:49:11 [P-13376] [MainThread] [parse_query_plan] [DEBUG] parse_query_plan.py[line:132] ['Index Scan', 'info_type_pkey', 'info_type it1']
2022-12-02 20:49:11 [P-13376] [MainThread] [parse_query_plan] [DEBUG] parse_query_plan.py[line:149] _do_IndexScan
2022-12-02 20:49:11 [P-13376] [MainThread] [parse_query_plan] [DEBUG] parse_query_plan.py[line:126] Index Scan using keyword_pkey on keyword k  (cost=0.42..0.44 rows=1 width=4) (never executed)
2022-12-02 20:49:11 [P-13376] [MainThread] [parse_query_plan] [DEBUG] parse_query_plan.py[line:132] ['Index Scan', 'keyword_pkey', 'keyword k']
2022-12-02 20:49:11 [P-13376] [MainThread] [parse_query_plan] [DEBUG] parse_query_plan.py[line:149] _do_IndexScan
2022-12-02 20:49:11 [P-13376] [MainThread] [parse_query_plan] [DEBUG] parse_query_plan.py[line:183] <re.Match object; span=(0, 65), match="keyword = ANY ('{murder,murder-in-title,blood,vio>
2022-12-02 20:49:11 [P-13376] [MainThread] [parse_query_plan] [DEBUG] parse_query_plan.py[line:126] Finalize Aggregate  (cost=82289.96..82289.97 rows=1 width=64) (actual time=696.579..700.697 rows=1 loops=1)
2022-12-02 20:49:11 [P-13376] [MainThread] [parse_query_plan] [DEBUG] parse_query_plan.py[line:132] ['Finalize Aggregate']
2022-12-02 20:49:11 [P-13376] [MainThread] [parse_query_plan] [DEBUG] parse_query_plan.py[line:149] _do_FinalizeAggregate
2022-12-02 20:49:11 [P-13376] [MainThread] [parse_query_plan] [DEBUG] parse_query_plan.py[line:126] Gather  (cost=82289.74..82289.95 rows=2 width=64) (actual time=693.108..700.684 rows=3 loops=1)
2022-12-02 20:49:11 [P-13376] [MainThread] [parse_query_plan] [DEBUG] parse_query_plan.py[line:132] ['Gather']
2022-12-02 20:49:11 [P-13376] [MainThread] [parse_query_plan] [DEBUG] parse_query_plan.py[line:149] _do_Gather
2022-12-02 20:49:11 [P-13376] [MainThread] [parse_query_plan] [DEBUG] parse_query_plan.py[line:126] Partial Aggregate  (cost=81289.74..81289.75 rows=1 width=64) (actual time=659.005..659.010 rows=1 loops=3)
2022-12-02 20:49:11 [P-13376] [MainThread] [parse_query_plan] [DEBUG] parse_query_plan.py[line:132] ['Partial Aggregate']
2022-12-02 20:49:11 [P-13376] [MainThread] [parse_query_plan] [DEBUG] parse_query_plan.py[line:149] _do_PartialAggregate
2022-12-02 20:49:11 [P-13376] [MainThread] [parse_query_plan] [DEBUG] parse_query_plan.py[line:126] Nested Loop  (cost=7229.76..81289.69 rows=10 width=59) (actual time=137.960..658.896 rows=205 loops=3)
2022-12-02 20:49:11 [P-13376] [MainThread] [parse_query_plan] [DEBUG] parse_query_plan.py[line:132] ['Nested Loop']
2022-12-02 20:49:11 [P-13376] [MainThread] [parse_query_plan] [DEBUG] parse_query_plan.py[line:149] _do_NestedLoop
2022-12-02 20:49:11 [P-13376] [MainThread] [parse_query_plan] [DEBUG] parse_query_plan.py[line:126] Nested Loop  (cost=7229.34..81285.31 rows=10 width=63) (actual time=137.885..656.237 rows=205 loops=3)
2022-12-02 20:49:11 [P-13376] [MainThread] [parse_query_plan] [DEBUG] parse_query_plan.py[line:132] ['Nested Loop']
2022-12-02 20:49:11 [P-13376] [MainThread] [parse_query_plan] [DEBUG] parse_query_plan.py[line:149] _do_NestedLoop
2022-12-02 20:49:11 [P-13376] [MainThread] [parse_query_plan] [DEBUG] parse_query_plan.py[line:126] Nested Loop  (cost=7228.91..81283.06 rows=1 width=75) (actual time=135.228..653.830 rows=20 loops=3)
2022-12-02 20:49:11 [P-13376] [MainThread] [parse_query_plan] [DEBUG] parse_query_plan.py[line:132] ['Nested Loop']
2022-12-02 20:49:11 [P-13376] [MainThread] [parse_query_plan] [DEBUG] parse_query_plan.py[line:149] _do_NestedLoop
2022-12-02 20:49:11 [P-13376] [MainThread] [parse_query_plan] [DEBUG] parse_query_plan.py[line:126] Nested Loop  (cost=7228.76..81282.89 rows=1 width=79) (actual time=135.100..653.633 rows=20 loops=3)
2022-12-02 20:49:11 [P-13376] [MainThread] [parse_query_plan] [DEBUG] parse_query_plan.py[line:132] ['Nested Loop']
2022-12-02 20:49:11 [P-13376] [MainThread] [parse_query_plan] [DEBUG] parse_query_plan.py[line:149] _do_NestedLoop
2022-12-02 20:49:11 [P-13376] [MainThread] [parse_query_plan] [DEBUG] parse_query_plan.py[line:126] Nested Loop  (cost=7228.62..81282.01 rows=5 width=83) (actual time=135.077..653.546 rows=20 loops=3)
2022-12-02 20:49:11 [P-13376] [MainThread] [parse_query_plan] [DEBUG] parse_query_plan.py[line:132] ['Nested Loop']
2022-12-02 20:49:11 [P-13376] [MainThread] [parse_query_plan] [DEBUG] parse_query_plan.py[line:149] _do_NestedLoop
2022-12-02 20:49:11 [P-13376] [MainThread] [parse_query_plan] [DEBUG] parse_query_plan.py[line:126] Nested Loop  (cost=7228.18..77648.74 rows=1461 width=32) (actual time=23.980..251.347 rows=413 loops=3)
2022-12-02 20:49:11 [P-13376] [MainThread] [parse_query_plan] [DEBUG] parse_query_plan.py[line:132] ['Nested Loop']
2022-12-02 20:49:11 [P-13376] [MainThread] [parse_query_plan] [DEBUG] parse_query_plan.py[line:149] _do_NestedLoop
2022-12-02 20:49:11 [P-13376] [MainThread] [parse_query_plan] [DEBUG] parse_query_plan.py[line:126] Nested Loop  (cost=7227.75..75699.33 rows=2208 width=12) (actual time=23.683..214.074 rows=5964 loops=3)
2022-12-02 20:49:11 [P-13376] [MainThread] [parse_query_plan] [DEBUG] parse_query_plan.py[line:132] ['Nested Loop']
2022-12-02 20:49:11 [P-13376] [MainThread] [parse_query_plan] [DEBUG] parse_query_plan.py[line:149] _do_NestedLoop
2022-12-02 20:49:11 [P-13376] [MainThread] [parse_query_plan] [DEBUG] parse_query_plan.py[line:126] Hash Join  (cost=7227.32..73100.89 rows=3658 width=8) (actual time=22.988..180.487 rows=17111 loops=3)
2022-12-02 20:49:11 [P-13376] [MainThread] [parse_query_plan] [DEBUG] parse_query_plan.py[line:132] ['Hash Join']
2022-12-02 20:49:11 [P-13376] [MainThread] [parse_query_plan] [DEBUG] parse_query_plan.py[line:149] _do_HashJoin
2022-12-02 20:49:11 [P-13376] [MainThread] [parse_query_plan] [DEBUG] parse_query_plan.py[line:126] Seq Scan on movie_companies mc  (cost=0.00..65848.35 rows=9605 width=12) (actual time=0.076..150.211 rows=24642 loops=3)
2022-12-02 20:49:11 [P-13376] [MainThread] [parse_query_plan] [DEBUG] parse_query_plan.py[line:132] ['Seq Scan', 'movie_companies mc']
2022-12-02 20:49:11 [P-13376] [MainThread] [parse_query_plan] [DEBUG] parse_query_plan.py[line:149] _do_SeqScan
2022-12-02 20:49:11 [P-13376] [MainThread] [parse_query_plan] [DEBUG] parse_query_plan.py[line:126] Hash  (cost=6509.10..6509.10 rows=57458 width=4) (actual time=22.099..22.100 rows=46313 loops=3)
2022-12-02 20:49:11 [P-13376] [MainThread] [parse_query_plan] [DEBUG] parse_query_plan.py[line:132] ['Hash']
2022-12-02 20:49:11 [P-13376] [MainThread] [parse_query_plan] [DEBUG] parse_query_plan.py[line:149] _do_Hash
2022-12-02 20:49:11 [P-13376] [MainThread] [parse_query_plan] [DEBUG] parse_query_plan.py[line:126] Seq Scan on company_name cn  (cost=0.00..6509.10 rows=57458 width=4) (actual time=0.013..12.538 rows=46313 loops=3)
2022-12-02 20:49:11 [P-13376] [MainThread] [parse_query_plan] [DEBUG] parse_query_plan.py[line:132] ['Seq Scan', 'company_name cn']
2022-12-02 20:49:11 [P-13376] [MainThread] [parse_query_plan] [DEBUG] parse_query_plan.py[line:149] _do_SeqScan
2022-12-02 20:49:11 [P-13376] [MainThread] [parse_query_plan] [DEBUG] parse_query_plan.py[line:126] Index Only Scan using aka_title_idx_movieid on aka_title aka_t  (cost=0.42..0.68 rows=3 width=4) (actual time=0.002..0.002 rows=0 loops=51334)
2022-12-02 20:49:11 [P-13376] [MainThread] [parse_query_plan] [DEBUG] parse_query_plan.py[line:132] ['Index Only Scan', 'aka_title_idx_movieid', 'aka_title aka_t']
2022-12-02 20:49:11 [P-13376] [MainThread] [parse_query_plan] [DEBUG] parse_query_plan.py[line:149] _do_IndexOnlyScan
2022-12-02 20:49:11 [P-13376] [MainThread] [parse_query_plan] [DEBUG] parse_query_plan.py[line:126] Index Scan using title_pkey on title t  (cost=0.43..0.88 rows=1 width=20) (actual time=0.006..0.006 rows=0 loops=17892)
2022-12-02 20:49:11 [P-13376] [MainThread] [parse_query_plan] [DEBUG] parse_query_plan.py[line:132] ['Index Scan', 'title_pkey', 'title t']
2022-12-02 20:49:11 [P-13376] [MainThread] [parse_query_plan] [DEBUG] parse_query_plan.py[line:149] _do_IndexScan
2022-12-02 20:49:11 [P-13376] [MainThread] [parse_query_plan] [DEBUG] parse_query_plan.py[line:126] Index Scan using movie_info_idx_mid on movie_info mi  (cost=0.44..2.48 rows=1 width=51) (actual time=0.970..0.974 rows=0 loops=1238)
2022-12-02 20:49:11 [P-13376] [MainThread] [parse_query_plan] [DEBUG] parse_query_plan.py[line:132] ['Index Scan', 'movie_info_idx_mid', 'movie_info mi']
2022-12-02 20:49:11 [P-13376] [MainThread] [parse_query_plan] [DEBUG] parse_query_plan.py[line:149] _do_IndexScan
2022-12-02 20:49:11 [P-13376] [MainThread] [parse_query_plan] [DEBUG] parse_query_plan.py[line:126] Index Scan using info_type_pkey on info_type it1  (cost=0.14..0.17 rows=1 width=4) (actual time=0.003..0.003 rows=1 loops=59)
2022-12-02 20:49:11 [P-13376] [MainThread] [parse_query_plan] [DEBUG] parse_query_plan.py[line:132] ['Index Scan', 'info_type_pkey', 'info_type it1']
2022-12-02 20:49:11 [P-13376] [MainThread] [parse_query_plan] [DEBUG] parse_query_plan.py[line:149] _do_IndexScan
2022-12-02 20:49:11 [P-13376] [MainThread] [parse_query_plan] [DEBUG] parse_query_plan.py[line:126] Index Only Scan using company_type_pkey on company_type ct  (cost=0.15..0.17 rows=1 width=4) (actual time=0.008..0.008 rows=1 loops=59)
2022-12-02 20:49:11 [P-13376] [MainThread] [parse_query_plan] [DEBUG] parse_query_plan.py[line:132] ['Index Only Scan', 'company_type_pkey', 'company_type ct']
2022-12-02 20:49:11 [P-13376] [MainThread] [parse_query_plan] [DEBUG] parse_query_plan.py[line:149] _do_IndexOnlyScan
2022-12-02 20:49:11 [P-13376] [MainThread] [parse_query_plan] [DEBUG] parse_query_plan.py[line:126] Index Scan using movie_keyword_idx_mid on movie_keyword mk  (cost=0.43..1.62 rows=63 width=8) (actual time=0.106..0.119 rows=10 loops=59)
2022-12-02 20:49:11 [P-13376] [MainThread] [parse_query_plan] [DEBUG] parse_query_plan.py[line:132] ['Index Scan', 'movie_keyword_idx_mid', 'movie_keyword mk']
2022-12-02 20:49:11 [P-13376] [MainThread] [parse_query_plan] [DEBUG] parse_query_plan.py[line:149] _do_IndexScan
2022-12-02 20:49:11 [P-13376] [MainThread] [parse_query_plan] [DEBUG] parse_query_plan.py[line:126] Index Only Scan using keyword_pkey on keyword k  (cost=0.42..0.44 rows=1 width=4) (actual time=0.013..0.013 rows=1 loops=616)
2022-12-02 20:49:11 [P-13376] [MainThread] [parse_query_plan] [DEBUG] parse_query_plan.py[line:132] ['Index Only Scan', 'keyword_pkey', 'keyword k']
2022-12-02 20:49:11 [P-13376] [MainThread] [parse_query_plan] [DEBUG] parse_query_plan.py[line:149] _do_IndexOnlyScan
2022-12-02 20:49:11 [P-13376] [MainThread] [parse_query_plan] [DEBUG] parse_query_plan.py[line:126] Aggregate  (cost=703.13..703.14 rows=1 width=64) (actual time=19.194..19.198 rows=1 loops=1)
2022-12-02 20:49:11 [P-13376] [MainThread] [parse_query_plan] [DEBUG] parse_query_plan.py[line:132] ['Aggregate']
2022-12-02 20:49:11 [P-13376] [MainThread] [parse_query_plan] [DEBUG] parse_query_plan.py[line:149] _do_Aggregate
2022-12-02 20:49:11 [P-13376] [MainThread] [parse_query_plan] [DEBUG] parse_query_plan.py[line:126] Nested Loop  (cost=3.15..703.09 rows=8 width=59) (actual time=4.864..19.188 rows=18 loops=1)
2022-12-02 20:49:11 [P-13376] [MainThread] [parse_query_plan] [DEBUG] parse_query_plan.py[line:132] ['Nested Loop']
2022-12-02 20:49:11 [P-13376] [MainThread] [parse_query_plan] [DEBUG] parse_query_plan.py[line:149] _do_NestedLoop
2022-12-02 20:49:11 [P-13376] [MainThread] [parse_query_plan] [DEBUG] parse_query_plan.py[line:126] Nested Loop  (cost=2.73..699.58 rows=8 width=63) (actual time=4.854..19.149 rows=18 loops=1)
2022-12-02 20:49:11 [P-13376] [MainThread] [parse_query_plan] [DEBUG] parse_query_plan.py[line:132] ['Nested Loop']
2022-12-02 20:49:11 [P-13376] [MainThread] [parse_query_plan] [DEBUG] parse_query_plan.py[line:149] _do_NestedLoop
2022-12-02 20:49:11 [P-13376] [MainThread] [parse_query_plan] [DEBUG] parse_query_plan.py[line:126] Nested Loop  (cost=2.30..697.13 rows=1 width=75) (actual time=4.843..19.126 rows=3 loops=1)
2022-12-02 20:49:11 [P-13376] [MainThread] [parse_query_plan] [DEBUG] parse_query_plan.py[line:132] ['Nested Loop']
2022-12-02 20:49:11 [P-13376] [MainThread] [parse_query_plan] [DEBUG] parse_query_plan.py[line:149] _do_NestedLoop
2022-12-02 20:49:11 [P-13376] [MainThread] [parse_query_plan] [DEBUG] parse_query_plan.py[line:126] Nested Loop  (cost=2.30..694.70 rows=1 width=79) (actual time=4.836..19.109 rows=3 loops=1)
2022-12-02 20:49:11 [P-13376] [MainThread] [parse_query_plan] [DEBUG] parse_query_plan.py[line:132] ['Nested Loop']
2022-12-02 20:49:11 [P-13376] [MainThread] [parse_query_plan] [DEBUG] parse_query_plan.py[line:149] _do_NestedLoop
2022-12-02 20:49:11 [P-13376] [MainThread] [parse_query_plan] [DEBUG] parse_query_plan.py[line:126] Nested Loop  (cost=1.86..690.74 rows=1 width=28) (actual time=2.703..18.836 rows=31 loops=1)
2022-12-02 20:49:11 [P-13376] [MainThread] [parse_query_plan] [DEBUG] parse_query_plan.py[line:132] ['Nested Loop']
2022-12-02 20:49:11 [P-13376] [MainThread] [parse_query_plan] [DEBUG] parse_query_plan.py[line:149] _do_NestedLoop
2022-12-02 20:49:11 [P-13376] [MainThread] [parse_query_plan] [DEBUG] parse_query_plan.py[line:126] Nested Loop  (cost=1.43..689.86 rows=1 width=8) (actual time=2.693..18.677 rows=86 loops=1)
2022-12-02 20:49:11 [P-13376] [MainThread] [parse_query_plan] [DEBUG] parse_query_plan.py[line:132] ['Nested Loop']
2022-12-02 20:49:11 [P-13376] [MainThread] [parse_query_plan] [DEBUG] parse_query_plan.py[line:149] _do_NestedLoop
2022-12-02 20:49:11 [P-13376] [MainThread] [parse_query_plan] [DEBUG] parse_query_plan.py[line:126] Nested Loop  (cost=1.28..689.69 rows=1 width=12) (actual time=2.682..18.595 rows=86 loops=1)
2022-12-02 20:49:11 [P-13376] [MainThread] [parse_query_plan] [DEBUG] parse_query_plan.py[line:132] ['Nested Loop']
2022-12-02 20:49:11 [P-13376] [MainThread] [parse_query_plan] [DEBUG] parse_query_plan.py[line:149] _do_NestedLoop
2022-12-02 20:49:11 [P-13376] [MainThread] [parse_query_plan] [DEBUG] parse_query_plan.py[line:126] Nested Loop  (cost=0.85..688.98 rows=1 width=8) (actual time=0.805..16.551 rows=1852 loops=1)
2022-12-02 20:49:11 [P-13376] [MainThread] [parse_query_plan] [DEBUG] parse_query_plan.py[line:132] ['Nested Loop']
2022-12-02 20:49:11 [P-13376] [MainThread] [parse_query_plan] [DEBUG] parse_query_plan.py[line:149] _do_NestedLoop
2022-12-02 20:49:11 [P-13376] [MainThread] [parse_query_plan] [DEBUG] parse_query_plan.py[line:126] Index Scan using company_name_idx_name on company_name cn  (cost=0.42..8.44 rows=1 width=4) (actual time=0.607..0.630 rows=1 loops=1)
2022-12-02 20:49:11 [P-13376] [MainThread] [parse_query_plan] [DEBUG] parse_query_plan.py[line:132] ['Index Scan', 'company_name_idx_name', 'company_name cn']
2022-12-02 20:49:11 [P-13376] [MainThread] [parse_query_plan] [DEBUG] parse_query_plan.py[line:149] _do_IndexScan
2022-12-02 20:49:11 [P-13376] [MainThread] [parse_query_plan] [DEBUG] parse_query_plan.py[line:126] Index Scan using movie_companies_idx_cid on movie_companies mc  (cost=0.43..680.53 rows=1 width=12) (actual time=0.196..15.789 rows=1852 loops=1)
2022-12-02 20:49:11 [P-13376] [MainThread] [parse_query_plan] [DEBUG] parse_query_plan.py[line:132] ['Index Scan', 'movie_companies_idx_cid', 'movie_companies mc']
2022-12-02 20:49:11 [P-13376] [MainThread] [parse_query_plan] [DEBUG] parse_query_plan.py[line:149] _do_IndexScan
2022-12-02 20:49:11 [P-13376] [MainThread] [parse_query_plan] [DEBUG] parse_query_plan.py[line:126] Index Only Scan using aka_title_idx_movieid on aka_title at  (cost=0.42..0.68 rows=3 width=4) (actual time=0.001..0.001 rows=0 loops=1852)
2022-12-02 20:49:11 [P-13376] [MainThread] [parse_query_plan] [DEBUG] parse_query_plan.py[line:132] ['Index Only Scan', 'aka_title_idx_movieid', 'aka_title at']
2022-12-02 20:49:11 [P-13376] [MainThread] [parse_query_plan] [DEBUG] parse_query_plan.py[line:149] _do_IndexOnlyScan
2022-12-02 20:49:11 [P-13376] [MainThread] [parse_query_plan] [DEBUG] parse_query_plan.py[line:126] Index Only Scan using company_type_pkey on company_type ct  (cost=0.15..0.17 rows=1 width=4) (actual time=0.001..0.001 rows=1 loops=86)
2022-12-02 20:49:11 [P-13376] [MainThread] [parse_query_plan] [DEBUG] parse_query_plan.py[line:132] ['Index Only Scan', 'company_type_pkey', 'company_type ct']
2022-12-02 20:49:11 [P-13376] [MainThread] [parse_query_plan] [DEBUG] parse_query_plan.py[line:149] _do_IndexOnlyScan
2022-12-02 20:49:11 [P-13376] [MainThread] [parse_query_plan] [DEBUG] parse_query_plan.py[line:126] Index Scan using title_pkey on title t  (cost=0.43..0.89 rows=1 width=20) (actual time=0.002..0.002 rows=0 loops=86)
2022-12-02 20:49:11 [P-13376] [MainThread] [parse_query_plan] [DEBUG] parse_query_plan.py[line:132] ['Index Scan', 'title_pkey', 'title t']
2022-12-02 20:49:11 [P-13376] [MainThread] [parse_query_plan] [DEBUG] parse_query_plan.py[line:149] _do_IndexScan
2022-12-02 20:49:11 [P-13376] [MainThread] [parse_query_plan] [DEBUG] parse_query_plan.py[line:126] Index Scan using movie_info_idx_mid on movie_info mi  (cost=0.44..3.95 rows=1 width=51) (actual time=0.008..0.009 rows=0 loops=31)
2022-12-02 20:49:11 [P-13376] [MainThread] [parse_query_plan] [DEBUG] parse_query_plan.py[line:132] ['Index Scan', 'movie_info_idx_mid', 'movie_info mi']
2022-12-02 20:49:11 [P-13376] [MainThread] [parse_query_plan] [DEBUG] parse_query_plan.py[line:149] _do_IndexScan
2022-12-02 20:49:11 [P-13376] [MainThread] [parse_query_plan] [DEBUG] parse_query_plan.py[line:126] Seq Scan on info_type it1  (cost=0.00..2.41 rows=1 width=4) (actual time=0.003..0.003 rows=1 loops=3)
2022-12-02 20:49:11 [P-13376] [MainThread] [parse_query_plan] [DEBUG] parse_query_plan.py[line:132] ['Seq Scan', 'info_type it1']
2022-12-02 20:49:11 [P-13376] [MainThread] [parse_query_plan] [DEBUG] parse_query_plan.py[line:149] _do_SeqScan
2022-12-02 20:49:11 [P-13376] [MainThread] [parse_query_plan] [DEBUG] parse_query_plan.py[line:126] Index Scan using movie_keyword_idx_mid on movie_keyword mk  (cost=0.43..1.83 rows=63 width=8) (actual time=0.006..0.006 rows=6 loops=3)
2022-12-02 20:49:11 [P-13376] [MainThread] [parse_query_plan] [DEBUG] parse_query_plan.py[line:132] ['Index Scan', 'movie_keyword_idx_mid', 'movie_keyword mk']
2022-12-02 20:49:11 [P-13376] [MainThread] [parse_query_plan] [DEBUG] parse_query_plan.py[line:149] _do_IndexScan
2022-12-02 20:49:11 [P-13376] [MainThread] [parse_query_plan] [DEBUG] parse_query_plan.py[line:126] Index Only Scan using keyword_pkey on keyword k  (cost=0.42..0.44 rows=1 width=4) (actual time=0.002..0.002 rows=1 loops=18)
2022-12-02 20:49:11 [P-13376] [MainThread] [parse_query_plan] [DEBUG] parse_query_plan.py[line:132] ['Index Only Scan', 'keyword_pkey', 'keyword k']
2022-12-02 20:49:11 [P-13376] [MainThread] [parse_query_plan] [DEBUG] parse_query_plan.py[line:149] _do_IndexOnlyScan
2022-12-02 20:49:11 [P-13376] [MainThread] [parse_query_plan] [DEBUG] parse_query_plan.py[line:126] Finalize Aggregate  (cost=533640.72..533640.73 rows=1 width=64) (actual time=3377.559..3383.955 rows=1 loops=1)
2022-12-02 20:49:11 [P-13376] [MainThread] [parse_query_plan] [DEBUG] parse_query_plan.py[line:132] ['Finalize Aggregate']
2022-12-02 20:49:11 [P-13376] [MainThread] [parse_query_plan] [DEBUG] parse_query_plan.py[line:149] _do_FinalizeAggregate
2022-12-02 20:49:11 [P-13376] [MainThread] [parse_query_plan] [DEBUG] parse_query_plan.py[line:126] Gather  (cost=533640.50..533640.71 rows=2 width=64) (actual time=3377.331..3383.927 rows=3 loops=1)
2022-12-02 20:49:11 [P-13376] [MainThread] [parse_query_plan] [DEBUG] parse_query_plan.py[line:132] ['Gather']
2022-12-02 20:49:11 [P-13376] [MainThread] [parse_query_plan] [DEBUG] parse_query_plan.py[line:149] _do_Gather
2022-12-02 20:49:11 [P-13376] [MainThread] [parse_query_plan] [DEBUG] parse_query_plan.py[line:126] Partial Aggregate  (cost=532640.50..532640.51 rows=1 width=64) (actual time=3364.530..3364.537 rows=1 loops=3)
2022-12-02 20:49:11 [P-13376] [MainThread] [parse_query_plan] [DEBUG] parse_query_plan.py[line:132] ['Partial Aggregate']
2022-12-02 20:49:11 [P-13376] [MainThread] [parse_query_plan] [DEBUG] parse_query_plan.py[line:149] _do_PartialAggregate
2022-12-02 20:49:11 [P-13376] [MainThread] [parse_query_plan] [DEBUG] parse_query_plan.py[line:126] Nested Loop  (cost=5.15..532637.89 rows=522 width=59) (actual time=2567.245..3364.131 rows=1653 loops=3)
2022-12-02 20:49:11 [P-13376] [MainThread] [parse_query_plan] [DEBUG] parse_query_plan.py[line:132] ['Nested Loop']
2022-12-02 20:49:11 [P-13376] [MainThread] [parse_query_plan] [DEBUG] parse_query_plan.py[line:149] _do_NestedLoop
2022-12-02 20:49:11 [P-13376] [MainThread] [parse_query_plan] [DEBUG] parse_query_plan.py[line:126] Nested Loop  (cost=4.72..532541.12 rows=190 width=75) (actual time=2518.970..3362.016 rows=1434 loops=3)
2022-12-02 20:49:11 [P-13376] [MainThread] [parse_query_plan] [DEBUG] parse_query_plan.py[line:132] ['Nested Loop']
2022-12-02 20:49:11 [P-13376] [MainThread] [parse_query_plan] [DEBUG] parse_query_plan.py[line:149] _do_NestedLoop
2022-12-02 20:49:11 [P-13376] [MainThread] [parse_query_plan] [DEBUG] parse_query_plan.py[line:126] Nested Loop  (cost=4.30..532457.92 rows=190 width=79) (actual time=2518.942..3347.173 rows=1434 loops=3)
2022-12-02 20:49:11 [P-13376] [MainThread] [parse_query_plan] [DEBUG] parse_query_plan.py[line:132] ['Nested Loop']
2022-12-02 20:49:11 [P-13376] [MainThread] [parse_query_plan] [DEBUG] parse_query_plan.py[line:149] _do_NestedLoop
2022-12-02 20:49:11 [P-13376] [MainThread] [parse_query_plan] [DEBUG] parse_query_plan.py[line:126] Nested Loop  (cost=3.87..532431.03 rows=12 width=71) (actual time=2513.316..3293.335 rows=530 loops=3)
2022-12-02 20:49:11 [P-13376] [MainThread] [parse_query_plan] [DEBUG] parse_query_plan.py[line:132] ['Nested Loop']
2022-12-02 20:49:11 [P-13376] [MainThread] [parse_query_plan] [DEBUG] parse_query_plan.py[line:149] _do_NestedLoop
2022-12-02 20:49:11 [P-13376] [MainThread] [parse_query_plan] [DEBUG] parse_query_plan.py[line:126] Nested Loop  (cost=3.71..532430.26 rows=12 width=75) (actual time=2513.294..3292.714 rows=530 loops=3)
2022-12-02 20:49:11 [P-13376] [MainThread] [parse_query_plan] [DEBUG] parse_query_plan.py[line:132] ['Nested Loop']
2022-12-02 20:49:11 [P-13376] [MainThread] [parse_query_plan] [DEBUG] parse_query_plan.py[line:149] _do_NestedLoop
2022-12-02 20:49:11 [P-13376] [MainThread] [parse_query_plan] [DEBUG] parse_query_plan.py[line:126] Nested Loop  (cost=3.29..532415.51 rows=33 width=79) (actual time=2513.141..3284.257 rows=575 loops=3)
2022-12-02 20:49:11 [P-13376] [MainThread] [parse_query_plan] [DEBUG] parse_query_plan.py[line:132] ['Nested Loop']
2022-12-02 20:49:11 [P-13376] [MainThread] [parse_query_plan] [DEBUG] parse_query_plan.py[line:149] _do_NestedLoop
2022-12-02 20:49:11 [P-13376] [MainThread] [parse_query_plan] [DEBUG] parse_query_plan.py[line:126] Nested Loop  (cost=2.86..532411.50 rows=6 width=67) (actual time=2512.175..3254.604 rows=377 loops=3)
2022-12-02 20:49:11 [P-13376] [MainThread] [parse_query_plan] [DEBUG] parse_query_plan.py[line:132] ['Nested Loop']
2022-12-02 20:49:11 [P-13376] [MainThread] [parse_query_plan] [DEBUG] parse_query_plan.py[line:149] _do_NestedLoop
2022-12-02 20:49:11 [P-13376] [MainThread] [parse_query_plan] [DEBUG] parse_query_plan.py[line:126] Hash Join  (cost=2.43..532347.70 rows=8 width=47) (actual time=2503.842..3150.314 rows=1244 loops=3)
2022-12-02 20:49:11 [P-13376] [MainThread] [parse_query_plan] [DEBUG] parse_query_plan.py[line:132] ['Hash Join']
2022-12-02 20:49:11 [P-13376] [MainThread] [parse_query_plan] [DEBUG] parse_query_plan.py[line:149] _do_HashJoin
2022-12-02 20:49:11 [P-13376] [MainThread] [parse_query_plan] [DEBUG] parse_query_plan.py[line:126] Seq Scan on movie_info mi  (cost=0.00..532343.03 rows=828 width=51) (actual time=2503.568..3149.010 rows=1244 loops=3)
2022-12-02 20:49:11 [P-13376] [MainThread] [parse_query_plan] [DEBUG] parse_query_plan.py[line:132] ['Seq Scan', 'movie_info mi']
2022-12-02 20:49:11 [P-13376] [MainThread] [parse_query_plan] [DEBUG] parse_query_plan.py[line:149] _do_SeqScan
2022-12-02 20:49:11 [P-13376] [MainThread] [parse_query_plan] [DEBUG] parse_query_plan.py[line:126] Hash  (cost=2.41..2.41 rows=1 width=4) (actual time=0.060..0.060 rows=1 loops=3)
2022-12-02 20:49:11 [P-13376] [MainThread] [parse_query_plan] [DEBUG] parse_query_plan.py[line:132] ['Hash']
2022-12-02 20:49:11 [P-13376] [MainThread] [parse_query_plan] [DEBUG] parse_query_plan.py[line:149] _do_Hash
2022-12-02 20:49:11 [P-13376] [MainThread] [parse_query_plan] [DEBUG] parse_query_plan.py[line:126] Seq Scan on info_type it1  (cost=0.00..2.41 rows=1 width=4) (actual time=0.048..0.051 rows=1 loops=3)
2022-12-02 20:49:11 [P-13376] [MainThread] [parse_query_plan] [DEBUG] parse_query_plan.py[line:132] ['Seq Scan', 'info_type it1']
2022-12-02 20:49:11 [P-13376] [MainThread] [parse_query_plan] [DEBUG] parse_query_plan.py[line:149] _do_SeqScan
2022-12-02 20:49:11 [P-13376] [MainThread] [parse_query_plan] [DEBUG] parse_query_plan.py[line:126] Index Scan using title_pkey on title t  (cost=0.43..7.97 rows=1 width=20) (actual time=0.083..0.083 rows=0 loops=3733)
2022-12-02 20:49:11 [P-13376] [MainThread] [parse_query_plan] [DEBUG] parse_query_plan.py[line:132] ['Index Scan', 'title_pkey', 'title t']
2022-12-02 20:49:11 [P-13376] [MainThread] [parse_query_plan] [DEBUG] parse_query_plan.py[line:149] _do_IndexScan
2022-12-02 20:49:11 [P-13376] [MainThread] [parse_query_plan] [DEBUG] parse_query_plan.py[line:126] Index Scan using movie_companies_idx_mid on movie_companies mc  (cost=0.43..0.61 rows=6 width=12) (actual time=0.074..0.077 rows=2 loops=1131)
2022-12-02 20:49:11 [P-13376] [MainThread] [parse_query_plan] [DEBUG] parse_query_plan.py[line:132] ['Index Scan', 'movie_companies_idx_mid', 'movie_companies mc']
2022-12-02 20:49:11 [P-13376] [MainThread] [parse_query_plan] [DEBUG] parse_query_plan.py[line:149] _do_IndexScan
2022-12-02 20:49:11 [P-13376] [MainThread] [parse_query_plan] [DEBUG] parse_query_plan.py[line:126] Index Scan using company_name_pkey on company_name cn  (cost=0.42..0.45 rows=1 width=4) (actual time=0.014..0.014 rows=1 loops=1725)
2022-12-02 20:49:11 [P-13376] [MainThread] [parse_query_plan] [DEBUG] parse_query_plan.py[line:132] ['Index Scan', 'company_name_pkey', 'company_name cn']
2022-12-02 20:49:11 [P-13376] [MainThread] [parse_query_plan] [DEBUG] parse_query_plan.py[line:149] _do_IndexScan
2022-12-02 20:49:11 [P-13376] [MainThread] [parse_query_plan] [DEBUG] parse_query_plan.py[line:126] Memoize  (cost=0.16..0.18 rows=1 width=4) (actual time=0.000..0.000 rows=1 loops=1590)
2022-12-02 20:49:11 [P-13376] [MainThread] [parse_query_plan] [DEBUG] parse_query_plan.py[line:132] ['Memoize']
2022-12-02 20:49:11 [P-13376] [MainThread] [parse_query_plan] [DEBUG] parse_query_plan.py[line:149] _do_Memorize
2022-12-02 20:49:11 [P-13376] [MainThread] [parse_query_plan] [DEBUG] parse_query_plan.py[line:126] Index Only Scan using company_type_pkey on company_type ct  (cost=0.15..0.17 rows=1 width=4) (actual time=0.006..0.006 rows=1 loops=6)
2022-12-02 20:49:11 [P-13376] [MainThread] [parse_query_plan] [DEBUG] parse_query_plan.py[line:132] ['Index Only Scan', 'company_type_pkey', 'company_type ct']
2022-12-02 20:49:11 [P-13376] [MainThread] [parse_query_plan] [DEBUG] parse_query_plan.py[line:149] _do_IndexOnlyScan
2022-12-02 20:49:11 [P-13376] [MainThread] [parse_query_plan] [DEBUG] parse_query_plan.py[line:126] Index Scan using movie_keyword_idx_mid on movie_keyword mk  (cost=0.43..1.61 rows=63 width=8) (actual time=0.100..0.101 rows=3 loops=1590)
2022-12-02 20:49:11 [P-13376] [MainThread] [parse_query_plan] [DEBUG] parse_query_plan.py[line:132] ['Index Scan', 'movie_keyword_idx_mid', 'movie_keyword mk']
2022-12-02 20:49:11 [P-13376] [MainThread] [parse_query_plan] [DEBUG] parse_query_plan.py[line:149] _do_IndexScan
2022-12-02 20:49:11 [P-13376] [MainThread] [parse_query_plan] [DEBUG] parse_query_plan.py[line:126] Index Only Scan using keyword_pkey on keyword k  (cost=0.42..0.44 rows=1 width=4) (actual time=0.010..0.010 rows=1 loops=4303)
2022-12-02 20:49:11 [P-13376] [MainThread] [parse_query_plan] [DEBUG] parse_query_plan.py[line:132] ['Index Only Scan', 'keyword_pkey', 'keyword k']
2022-12-02 20:49:11 [P-13376] [MainThread] [parse_query_plan] [DEBUG] parse_query_plan.py[line:149] _do_IndexOnlyScan
2022-12-02 20:49:11 [P-13376] [MainThread] [parse_query_plan] [DEBUG] parse_query_plan.py[line:126] Index Only Scan using aka_title_idx_movieid on aka_title at  (cost=0.42..0.48 rows=3 width=4) (actual time=0.001..0.001 rows=1 loops=4303)
2022-12-02 20:49:11 [P-13376] [MainThread] [parse_query_plan] [DEBUG] parse_query_plan.py[line:132] ['Index Only Scan', 'aka_title_idx_movieid', 'aka_title at']
2022-12-02 20:49:11 [P-13376] [MainThread] [parse_query_plan] [DEBUG] parse_query_plan.py[line:149] _do_IndexOnlyScan
2022-12-02 20:49:11 [P-13376] [MainThread] [parse_query_plan] [DEBUG] parse_query_plan.py[line:126] Finalize Aggregate  (cost=479312.66..479312.67 rows=1 width=64) (actual time=3702.753..3749.909 rows=1 loops=1)
2022-12-02 20:49:11 [P-13376] [MainThread] [parse_query_plan] [DEBUG] parse_query_plan.py[line:132] ['Finalize Aggregate']
2022-12-02 20:49:11 [P-13376] [MainThread] [parse_query_plan] [DEBUG] parse_query_plan.py[line:149] _do_FinalizeAggregate
2022-12-02 20:49:11 [P-13376] [MainThread] [parse_query_plan] [DEBUG] parse_query_plan.py[line:126] Gather  (cost=479312.44..479312.65 rows=2 width=64) (actual time=3689.332..3748.970 rows=3 loops=1)
2022-12-02 20:49:11 [P-13376] [MainThread] [parse_query_plan] [DEBUG] parse_query_plan.py[line:132] ['Gather']
2022-12-02 20:49:11 [P-13376] [MainThread] [parse_query_plan] [DEBUG] parse_query_plan.py[line:149] _do_Gather
2022-12-02 20:49:11 [P-13376] [MainThread] [parse_query_plan] [DEBUG] parse_query_plan.py[line:126] Partial Aggregate  (cost=478312.44..478312.45 rows=1 width=64) (actual time=3675.106..3675.333 rows=1 loops=3)
2022-12-02 20:49:11 [P-13376] [MainThread] [parse_query_plan] [DEBUG] parse_query_plan.py[line:132] ['Partial Aggregate']
2022-12-02 20:49:11 [P-13376] [MainThread] [parse_query_plan] [DEBUG] parse_query_plan.py[line:149] _do_PartialAggregate
2022-12-02 20:49:11 [P-13376] [MainThread] [parse_query_plan] [DEBUG] parse_query_plan.py[line:126] Hash Join  (cost=4852.55..478197.56 rows=22976 width=38) (actual time=2463.897..3672.310 rows=21331 loops=3)
2022-12-02 20:49:11 [P-13376] [MainThread] [parse_query_plan] [DEBUG] parse_query_plan.py[line:132] ['Hash Join']
2022-12-02 20:49:11 [P-13376] [MainThread] [parse_query_plan] [DEBUG] parse_query_plan.py[line:149] _do_HashJoin
2022-12-02 20:49:11 [P-13376] [MainThread] [parse_query_plan] [DEBUG] parse_query_plan.py[line:126] Nested Loop  (cost=4.73..473289.43 rows=22976 width=42) (actual time=2407.897..3609.913 rows=21331 loops=3)
2022-12-02 20:49:11 [P-13376] [MainThread] [parse_query_plan] [DEBUG] parse_query_plan.py[line:132] ['Nested Loop']
2022-12-02 20:49:11 [P-13376] [MainThread] [parse_query_plan] [DEBUG] parse_query_plan.py[line:149] _do_NestedLoop
2022-12-02 20:49:11 [P-13376] [MainThread] [parse_query_plan] [DEBUG] parse_query_plan.py[line:126] Nested Loop  (cost=4.30..471951.52 rows=597 width=54) (actual time=2406.849..3574.181 rows=984 loops=3)
2022-12-02 20:49:11 [P-13376] [MainThread] [parse_query_plan] [DEBUG] parse_query_plan.py[line:132] ['Nested Loop']
2022-12-02 20:49:11 [P-13376] [MainThread] [parse_query_plan] [DEBUG] parse_query_plan.py[line:149] _do_NestedLoop
2022-12-02 20:49:11 [P-13376] [MainThread] [parse_query_plan] [DEBUG] parse_query_plan.py[line:126] Nested Loop  (cost=4.14..471936.12 rows=597 width=58) (actual time=2406.818..3573.372 rows=984 loops=3)
2022-12-02 20:49:11 [P-13376] [MainThread] [parse_query_plan] [DEBUG] parse_query_plan.py[line:132] ['Nested Loop']
2022-12-02 20:49:11 [P-13376] [MainThread] [parse_query_plan] [DEBUG] parse_query_plan.py[line:149] _do_NestedLoop
2022-12-02 20:49:11 [P-13376] [MainThread] [parse_query_plan] [DEBUG] parse_query_plan.py[line:126] Nested Loop  (cost=3.71..471235.17 rows=1568 width=62) (actual time=2405.236..3557.170 rows=2530 loops=3)
2022-12-02 20:49:11 [P-13376] [MainThread] [parse_query_plan] [DEBUG] parse_query_plan.py[line:132] ['Nested Loop']
2022-12-02 20:49:11 [P-13376] [MainThread] [parse_query_plan] [DEBUG] parse_query_plan.py[line:149] _do_NestedLoop
2022-12-02 20:49:11 [P-13376] [MainThread] [parse_query_plan] [DEBUG] parse_query_plan.py[line:126] Nested Loop  (cost=3.28..471050.26 rows=277 width=50) (actual time=2403.612..3529.974 rows=576 loops=3)
2022-12-02 20:49:11 [P-13376] [MainThread] [parse_query_plan] [DEBUG] parse_query_plan.py[line:132] ['Nested Loop']
2022-12-02 20:49:11 [P-13376] [MainThread] [parse_query_plan] [DEBUG] parse_query_plan.py[line:149] _do_NestedLoop
2022-12-02 20:49:11 [P-13376] [MainThread] [parse_query_plan] [DEBUG] parse_query_plan.py[line:126] Nested Loop  (cost=2.85..470735.07 rows=357 width=30) (actual time=2393.181..3434.812 rows=3248 loops=3)
2022-12-02 20:49:11 [P-13376] [MainThread] [parse_query_plan] [DEBUG] parse_query_plan.py[line:132] ['Nested Loop']
2022-12-02 20:49:11 [P-13376] [MainThread] [parse_query_plan] [DEBUG] parse_query_plan.py[line:149] _do_NestedLoop
2022-12-02 20:49:11 [P-13376] [MainThread] [parse_query_plan] [DEBUG] parse_query_plan.py[line:126] Hash Join  (cost=2.43..470414.72 rows=326 width=4) (actual time=2314.465..3232.808 rows=27188 loops=3)
2022-12-02 20:49:11 [P-13376] [MainThread] [parse_query_plan] [DEBUG] parse_query_plan.py[line:132] ['Hash Join']
2022-12-02 20:49:11 [P-13376] [MainThread] [parse_query_plan] [DEBUG] parse_query_plan.py[line:149] _do_HashJoin
2022-12-02 20:49:11 [P-13376] [MainThread] [parse_query_plan] [DEBUG] parse_query_plan.py[line:126] Seq Scan on movie_info mi  (cost=0.00..470311.88 rows=36874 width=8) (actual time=1064.323..3225.221 rows=27311 loops=3)
2022-12-02 20:49:11 [P-13376] [MainThread] [parse_query_plan] [DEBUG] parse_query_plan.py[line:132] ['Seq Scan', 'movie_info mi']
2022-12-02 20:49:11 [P-13376] [MainThread] [parse_query_plan] [DEBUG] parse_query_plan.py[line:149] _do_SeqScan
2022-12-02 20:49:11 [P-13376] [MainThread] [parse_query_plan] [DEBUG] parse_query_plan.py[line:126] Hash  (cost=2.41..2.41 rows=1 width=4) (actual time=0.098..0.100 rows=1 loops=3)
2022-12-02 20:49:11 [P-13376] [MainThread] [parse_query_plan] [DEBUG] parse_query_plan.py[line:132] ['Hash']
2022-12-02 20:49:11 [P-13376] [MainThread] [parse_query_plan] [DEBUG] parse_query_plan.py[line:149] _do_Hash
2022-12-02 20:49:11 [P-13376] [MainThread] [parse_query_plan] [DEBUG] parse_query_plan.py[line:126] Seq Scan on info_type it1  (cost=0.00..2.41 rows=1 width=4) (actual time=0.084..0.089 rows=1 loops=3)
2022-12-02 20:49:11 [P-13376] [MainThread] [parse_query_plan] [DEBUG] parse_query_plan.py[line:132] ['Seq Scan', 'info_type it1']
2022-12-02 20:49:11 [P-13376] [MainThread] [parse_query_plan] [DEBUG] parse_query_plan.py[line:149] _do_SeqScan
2022-12-02 20:49:11 [P-13376] [MainThread] [parse_query_plan] [DEBUG] parse_query_plan.py[line:126] Index Scan using aka_title_idx_movieid on aka_title at  (cost=0.42..0.95 rows=3 width=26) (actual time=0.007..0.007 rows=0 loops=81565)
2022-12-02 20:49:11 [P-13376] [MainThread] [parse_query_plan] [DEBUG] parse_query_plan.py[line:132] ['Index Scan', 'aka_title_idx_movieid', 'aka_title at']
2022-12-02 20:49:11 [P-13376] [MainThread] [parse_query_plan] [DEBUG] parse_query_plan.py[line:149] _do_IndexScan
2022-12-02 20:49:11 [P-13376] [MainThread] [parse_query_plan] [DEBUG] parse_query_plan.py[line:126] Index Scan using title_pkey on title t  (cost=0.43..0.88 rows=1 width=20) (actual time=0.029..0.029 rows=0 loops=9743)
2022-12-02 20:49:11 [P-13376] [MainThread] [parse_query_plan] [DEBUG] parse_query_plan.py[line:132] ['Index Scan', 'title_pkey', 'title t']
2022-12-02 20:49:11 [P-13376] [MainThread] [parse_query_plan] [DEBUG] parse_query_plan.py[line:149] _do_IndexScan
2022-12-02 20:49:11 [P-13376] [MainThread] [parse_query_plan] [DEBUG] parse_query_plan.py[line:126] Index Scan using movie_companies_idx_mid on movie_companies mc  (cost=0.43..0.61 rows=6 width=12) (actual time=0.040..0.045 rows=4 loops=1729)
2022-12-02 20:49:11 [P-13376] [MainThread] [parse_query_plan] [DEBUG] parse_query_plan.py[line:132] ['Index Scan', 'movie_companies_idx_mid', 'movie_companies mc']
2022-12-02 20:49:11 [P-13376] [MainThread] [parse_query_plan] [DEBUG] parse_query_plan.py[line:149] _do_IndexScan
2022-12-02 20:49:11 [P-13376] [MainThread] [parse_query_plan] [DEBUG] parse_query_plan.py[line:126] Index Scan using company_name_pkey on company_name cn  (cost=0.42..0.45 rows=1 width=4) (actual time=0.006..0.006 rows=0 loops=7589)
2022-12-02 20:49:11 [P-13376] [MainThread] [parse_query_plan] [DEBUG] parse_query_plan.py[line:132] ['Index Scan', 'company_name_pkey', 'company_name cn']
2022-12-02 20:49:11 [P-13376] [MainThread] [parse_query_plan] [DEBUG] parse_query_plan.py[line:149] _do_IndexScan
2022-12-02 20:49:11 [P-13376] [MainThread] [parse_query_plan] [DEBUG] parse_query_plan.py[line:126] Memoize  (cost=0.16..0.18 rows=1 width=4) (actual time=0.000..0.000 rows=1 loops=2953)
2022-12-02 20:49:11 [P-13376] [MainThread] [parse_query_plan] [DEBUG] parse_query_plan.py[line:132] ['Memoize']
2022-12-02 20:49:11 [P-13376] [MainThread] [parse_query_plan] [DEBUG] parse_query_plan.py[line:149] _do_Memorize
2022-12-02 20:49:11 [P-13376] [MainThread] [parse_query_plan] [DEBUG] parse_query_plan.py[line:126] Index Only Scan using company_type_pkey on company_type ct  (cost=0.15..0.17 rows=1 width=4) (actual time=0.007..0.007 rows=1 loops=6)
2022-12-02 20:49:11 [P-13376] [MainThread] [parse_query_plan] [DEBUG] parse_query_plan.py[line:132] ['Index Only Scan', 'company_type_pkey', 'company_type ct']
2022-12-02 20:49:11 [P-13376] [MainThread] [parse_query_plan] [DEBUG] parse_query_plan.py[line:149] _do_IndexOnlyScan
2022-12-02 20:49:11 [P-13376] [MainThread] [parse_query_plan] [DEBUG] parse_query_plan.py[line:126] Index Scan using movie_keyword_idx_mid on movie_keyword mk  (cost=0.43..1.61 rows=63 width=8) (actual time=0.031..0.034 rows=22 loops=2953)
2022-12-02 20:49:11 [P-13376] [MainThread] [parse_query_plan] [DEBUG] parse_query_plan.py[line:132] ['Index Scan', 'movie_keyword_idx_mid', 'movie_keyword mk']
2022-12-02 20:49:11 [P-13376] [MainThread] [parse_query_plan] [DEBUG] parse_query_plan.py[line:149] _do_IndexScan
2022-12-02 20:49:11 [P-13376] [MainThread] [parse_query_plan] [DEBUG] parse_query_plan.py[line:126] Hash  (cost=3107.92..3107.92 rows=139192 width=4) (actual time=55.467..55.468 rows=78876 loops=3)
2022-12-02 20:49:11 [P-13376] [MainThread] [parse_query_plan] [DEBUG] parse_query_plan.py[line:132] ['Hash']
2022-12-02 20:49:11 [P-13376] [MainThread] [parse_query_plan] [DEBUG] parse_query_plan.py[line:149] _do_Hash
2022-12-02 20:49:11 [P-13376] [MainThread] [parse_query_plan] [DEBUG] parse_query_plan.py[line:126] Seq Scan on keyword k  (cost=0.00..3107.92 rows=139192 width=4) (actual time=16.440..39.060 rows=78876 loops=3)
2022-12-02 20:49:11 [P-13376] [MainThread] [parse_query_plan] [DEBUG] parse_query_plan.py[line:132] ['Seq Scan', 'keyword k']
2022-12-02 20:49:11 [P-13376] [MainThread] [parse_query_plan] [DEBUG] parse_query_plan.py[line:149] _do_SeqScan
2022-12-02 20:49:11 [P-13376] [MainThread] [parse_query_plan] [DEBUG] parse_query_plan.py[line:126] Aggregate  (cost=2127.43..2127.44 rows=1 width=64) (actual time=2631.815..2631.820 rows=1 loops=1)
2022-12-02 20:49:11 [P-13376] [MainThread] [parse_query_plan] [DEBUG] parse_query_plan.py[line:132] ['Aggregate']
2022-12-02 20:49:11 [P-13376] [MainThread] [parse_query_plan] [DEBUG] parse_query_plan.py[line:149] _do_Aggregate
2022-12-02 20:49:11 [P-13376] [MainThread] [parse_query_plan] [DEBUG] parse_query_plan.py[line:126] Nested Loop  (cost=10.62..2126.65 rows=155 width=32) (actual time=122.410..2631.008 rows=1041 loops=1)
2022-12-02 20:49:11 [P-13376] [MainThread] [parse_query_plan] [DEBUG] parse_query_plan.py[line:132] ['Nested Loop']
2022-12-02 20:49:11 [P-13376] [MainThread] [parse_query_plan] [DEBUG] parse_query_plan.py[line:149] _do_NestedLoop
2022-12-02 20:49:11 [P-13376] [MainThread] [parse_query_plan] [DEBUG] parse_query_plan.py[line:126] Nested Loop  (cost=10.20..1923.22 rows=63 width=24) (actual time=121.659..2533.533 rows=550 loops=1)
2022-12-02 20:49:11 [P-13376] [MainThread] [parse_query_plan] [DEBUG] parse_query_plan.py[line:132] ['Nested Loop']
2022-12-02 20:49:11 [P-13376] [MainThread] [parse_query_plan] [DEBUG] parse_query_plan.py[line:149] _do_NestedLoop
2022-12-02 20:49:11 [P-13376] [MainThread] [parse_query_plan] [DEBUG] parse_query_plan.py[line:126] Nested Loop  (cost=9.76..1823.94 rows=63 width=20) (actual time=121.258..2467.906 rows=550 loops=1)
2022-12-02 20:49:11 [P-13376] [MainThread] [parse_query_plan] [DEBUG] parse_query_plan.py[line:132] ['Nested Loop']
2022-12-02 20:49:11 [P-13376] [MainThread] [parse_query_plan] [DEBUG] parse_query_plan.py[line:149] _do_NestedLoop
2022-12-02 20:49:11 [P-13376] [MainThread] [parse_query_plan] [DEBUG] parse_query_plan.py[line:126] Nested Loop  (cost=9.32..1649.05 rows=4 width=28) (actual time=120.543..2406.075 rows=32 loops=1)
2022-12-02 20:49:11 [P-13376] [MainThread] [parse_query_plan] [DEBUG] parse_query_plan.py[line:132] ['Nested Loop']
2022-12-02 20:49:11 [P-13376] [MainThread] [parse_query_plan] [DEBUG] parse_query_plan.py[line:149] _do_NestedLoop
2022-12-02 20:49:11 [P-13376] [MainThread] [parse_query_plan] [DEBUG] parse_query_plan.py[line:126] Nested Loop  (cost=8.90..1626.52 rows=10 width=32) (actual time=85.317..2404.249 rows=154 loops=1)
2022-12-02 20:49:11 [P-13376] [MainThread] [parse_query_plan] [DEBUG] parse_query_plan.py[line:132] ['Nested Loop']
2022-12-02 20:49:11 [P-13376] [MainThread] [parse_query_plan] [DEBUG] parse_query_plan.py[line:149] _do_NestedLoop
2022-12-02 20:49:11 [P-13376] [MainThread] [parse_query_plan] [DEBUG] parse_query_plan.py[line:126] Nested Loop  (cost=8.47..1613.09 rows=2 width=24) (actual time=85.068..2391.802 rows=154 loops=1)
2022-12-02 20:49:11 [P-13376] [MainThread] [parse_query_plan] [DEBUG] parse_query_plan.py[line:132] ['Nested Loop']
2022-12-02 20:49:11 [P-13376] [MainThread] [parse_query_plan] [DEBUG] parse_query_plan.py[line:149] _do_NestedLoop
2022-12-02 20:49:11 [P-13376] [MainThread] [parse_query_plan] [DEBUG] parse_query_plan.py[line:126] Nested Loop  (cost=8.04..1537.90 rows=32 width=4) (actual time=53.350..887.087 rows=43721 loops=1)
2022-12-02 20:49:11 [P-13376] [MainThread] [parse_query_plan] [DEBUG] parse_query_plan.py[line:132] ['Nested Loop']
2022-12-02 20:49:11 [P-13376] [MainThread] [parse_query_plan] [DEBUG] parse_query_plan.py[line:149] _do_NestedLoop
2022-12-02 20:49:11 [P-13376] [MainThread] [parse_query_plan] [DEBUG] parse_query_plan.py[line:126] Index Scan using keyword_idx_keyword on keyword k  (cost=0.42..8.44 rows=1 width=4) (actual time=0.198..0.201 rows=1 loops=1)
2022-12-02 20:49:11 [P-13376] [MainThread] [parse_query_plan] [DEBUG] parse_query_plan.py[line:132] ['Index Scan', 'keyword_idx_keyword', 'keyword k']
2022-12-02 20:49:11 [P-13376] [MainThread] [parse_query_plan] [DEBUG] parse_query_plan.py[line:149] _do_IndexScan
2022-12-02 20:49:11 [P-13376] [MainThread] [parse_query_plan] [DEBUG] parse_query_plan.py[line:126] Bitmap Heap Scan on movie_keyword mk  (cost=7.62..1525.35 rows=411 width=8) (actual time=53.145..861.463 rows=43721 loops=1)
2022-12-02 20:49:11 [P-13376] [MainThread] [parse_query_plan] [DEBUG] parse_query_plan.py[line:132] ['Bitmap Heap Scan', 'movie_keyword mk']
2022-12-02 20:49:11 [P-13376] [MainThread] [parse_query_plan] [DEBUG] parse_query_plan.py[line:149] _do_BitMapHeapScan
2022-12-02 20:49:11 [P-13376] [MainThread] [parse_query_plan] [DEBUG] parse_query_plan.py[line:126] Bitmap Index Scan on movie_keyword_idx_keywordid  (cost=0.00..7.51 rows=411 width=0) (actual time=50.421..50.422 rows=43721 loops=1)
2022-12-02 20:49:11 [P-13376] [MainThread] [parse_query_plan] [DEBUG] parse_query_plan.py[line:132] ['Bitmap Index Scan', 'movie_keyword_idx_keywordid']
2022-12-02 20:49:11 [P-13376] [MainThread] [parse_query_plan] [DEBUG] parse_query_plan.py[line:149] _do_BitMapIndexScan
2022-12-02 20:49:11 [P-13376] [MainThread] [parse_query_plan] [DEBUG] parse_query_plan.py[line:126] Index Scan using title_pkey on title t  (cost=0.43..2.35 rows=1 width=20) (actual time=0.033..0.033 rows=0 loops=43721)
2022-12-02 20:49:11 [P-13376] [MainThread] [parse_query_plan] [DEBUG] parse_query_plan.py[line:132] ['Index Scan', 'title_pkey', 'title t']
2022-12-02 20:49:11 [P-13376] [MainThread] [parse_query_plan] [DEBUG] parse_query_plan.py[line:149] _do_IndexScan
2022-12-02 20:49:11 [P-13376] [MainThread] [parse_query_plan] [DEBUG] parse_query_plan.py[line:126] Index Scan using movie_companies_idx_mid on movie_companies mc  (cost=0.43..6.64 rows=6 width=8) (actual time=0.064..0.079 rows=1 loops=154)
2022-12-02 20:49:11 [P-13376] [MainThread] [parse_query_plan] [DEBUG] parse_query_plan.py[line:132] ['Index Scan', 'movie_companies_idx_mid', 'movie_companies mc']
2022-12-02 20:49:11 [P-13376] [MainThread] [parse_query_plan] [DEBUG] parse_query_plan.py[line:149] _do_IndexScan
2022-12-02 20:49:11 [P-13376] [MainThread] [parse_query_plan] [DEBUG] parse_query_plan.py[line:126] Index Scan using company_name_pkey on company_name cn  (cost=0.42..2.25 rows=1 width=4) (actual time=0.011..0.011 rows=0 loops=154)
2022-12-02 20:49:11 [P-13376] [MainThread] [parse_query_plan] [DEBUG] parse_query_plan.py[line:132] ['Index Scan', 'company_name_pkey', 'company_name cn']
2022-12-02 20:49:11 [P-13376] [MainThread] [parse_query_plan] [DEBUG] parse_query_plan.py[line:149] _do_IndexScan
2022-12-02 20:49:11 [P-13376] [MainThread] [parse_query_plan] [DEBUG] parse_query_plan.py[line:126] Index Scan using cast_info_idx_mid on cast_info ci  (cost=0.44..43.29 rows=35 width=8) (actual time=0.329..1.919 rows=17 loops=32)
2022-12-02 20:49:11 [P-13376] [MainThread] [parse_query_plan] [DEBUG] parse_query_plan.py[line:132] ['Index Scan', 'cast_info_idx_mid', 'cast_info ci']
2022-12-02 20:49:11 [P-13376] [MainThread] [parse_query_plan] [DEBUG] parse_query_plan.py[line:149] _do_IndexScan
2022-12-02 20:49:11 [P-13376] [MainThread] [parse_query_plan] [DEBUG] parse_query_plan.py[line:126] Index Only Scan using name_pkey on name n  (cost=0.43..1.58 rows=1 width=4) (actual time=0.118..0.118 rows=1 loops=550)
2022-12-02 20:49:11 [P-13376] [MainThread] [parse_query_plan] [DEBUG] parse_query_plan.py[line:132] ['Index Only Scan', 'name_pkey', 'name n']
2022-12-02 20:49:11 [P-13376] [MainThread] [parse_query_plan] [DEBUG] parse_query_plan.py[line:149] _do_IndexOnlyScan
2022-12-02 20:49:11 [P-13376] [MainThread] [parse_query_plan] [DEBUG] parse_query_plan.py[line:126] Index Scan using aka_name_idx_person on aka_name an  (cost=0.43..3.20 rows=2 width=20) (actual time=0.144..0.175 rows=2 loops=550)
2022-12-02 20:49:11 [P-13376] [MainThread] [parse_query_plan] [DEBUG] parse_query_plan.py[line:132] ['Index Scan', 'aka_name_idx_person', 'aka_name an']
2022-12-02 20:49:11 [P-13376] [MainThread] [parse_query_plan] [DEBUG] parse_query_plan.py[line:149] _do_IndexScan
2022-12-02 20:49:11 [P-13376] [MainThread] [parse_query_plan] [DEBUG] parse_query_plan.py[line:126] Aggregate  (cost=10637.62..10637.63 rows=1 width=64) (actual time=22038.658..22038.661 rows=1 loops=1)
2022-12-02 20:49:11 [P-13376] [MainThread] [parse_query_plan] [DEBUG] parse_query_plan.py[line:132] ['Aggregate']
2022-12-02 20:49:11 [P-13376] [MainThread] [parse_query_plan] [DEBUG] parse_query_plan.py[line:149] _do_Aggregate
2022-12-02 20:49:11 [P-13376] [MainThread] [parse_query_plan] [DEBUG] parse_query_plan.py[line:126] Nested Loop  (cost=10.62..10623.89 rows=2746 width=32) (actual time=4.968..21842.881 rows=991805 loops=1)
2022-12-02 20:49:11 [P-13376] [MainThread] [parse_query_plan] [DEBUG] parse_query_plan.py[line:132] ['Nested Loop']
2022-12-02 20:49:11 [P-13376] [MainThread] [parse_query_plan] [DEBUG] parse_query_plan.py[line:149] _do_NestedLoop
2022-12-02 20:49:11 [P-13376] [MainThread] [parse_query_plan] [DEBUG] parse_query_plan.py[line:126] Nested Loop  (cost=10.20..6984.67 rows=1127 width=24) (actual time=4.707..18806.055 rows=646823 loops=1)
2022-12-02 20:49:11 [P-13376] [MainThread] [parse_query_plan] [DEBUG] parse_query_plan.py[line:132] ['Nested Loop']
2022-12-02 20:49:11 [P-13376] [MainThread] [parse_query_plan] [DEBUG] parse_query_plan.py[line:149] _do_NestedLoop
2022-12-02 20:49:11 [P-13376] [MainThread] [parse_query_plan] [DEBUG] parse_query_plan.py[line:126] Nested Loop  (cost=9.76..5208.67 rows=1127 width=20) (actual time=4.487..14988.622 rows=646823 loops=1)
2022-12-02 20:49:11 [P-13376] [MainThread] [parse_query_plan] [DEBUG] parse_query_plan.py[line:132] ['Nested Loop']
2022-12-02 20:49:11 [P-13376] [MainThread] [parse_query_plan] [DEBUG] parse_query_plan.py[line:149] _do_NestedLoop
2022-12-02 20:49:11 [P-13376] [MainThread] [parse_query_plan] [DEBUG] parse_query_plan.py[line:126] Nested Loop  (cost=9.32..2235.53 rows=68 width=28) (actual time=4.029..1793.683 rows=23759 loops=1)
2022-12-02 20:49:11 [P-13376] [MainThread] [parse_query_plan] [DEBUG] parse_query_plan.py[line:132] ['Nested Loop']
2022-12-02 20:49:11 [P-13376] [MainThread] [parse_query_plan] [DEBUG] parse_query_plan.py[line:149] _do_NestedLoop
2022-12-02 20:49:11 [P-13376] [MainThread] [parse_query_plan] [DEBUG] parse_query_plan.py[line:126] Nested Loop  (cost=8.90..1827.67 rows=181 width=32) (actual time=4.019..1485.836 rows=47028 loops=1)
2022-12-02 20:49:11 [P-13376] [MainThread] [parse_query_plan] [DEBUG] parse_query_plan.py[line:132] ['Nested Loop']
2022-12-02 20:49:11 [P-13376] [MainThread] [parse_query_plan] [DEBUG] parse_query_plan.py[line:149] _do_NestedLoop
2022-12-02 20:49:11 [P-13376] [MainThread] [parse_query_plan] [DEBUG] parse_query_plan.py[line:126] Nested Loop  (cost=8.47..1612.93 rows=32 width=24) (actual time=3.392..952.426 rows=15818 loops=1)
2022-12-02 20:49:11 [P-13376] [MainThread] [parse_query_plan] [DEBUG] parse_query_plan.py[line:132] ['Nested Loop']
2022-12-02 20:49:11 [P-13376] [MainThread] [parse_query_plan] [DEBUG] parse_query_plan.py[line:149] _do_NestedLoop
2022-12-02 20:49:11 [P-13376] [MainThread] [parse_query_plan] [DEBUG] parse_query_plan.py[line:126] Nested Loop  (cost=8.04..1537.90 rows=32 width=4) (actual time=2.879..531.606 rows=43721 loops=1)
2022-12-02 20:49:11 [P-13376] [MainThread] [parse_query_plan] [DEBUG] parse_query_plan.py[line:132] ['Nested Loop']
2022-12-02 20:49:11 [P-13376] [MainThread] [parse_query_plan] [DEBUG] parse_query_plan.py[line:149] _do_NestedLoop
2022-12-02 20:49:11 [P-13376] [MainThread] [parse_query_plan] [DEBUG] parse_query_plan.py[line:126] Index Scan using keyword_idx_keyword on keyword k  (cost=0.42..8.44 rows=1 width=4) (actual time=0.021..0.023 rows=1 loops=1)
2022-12-02 20:49:11 [P-13376] [MainThread] [parse_query_plan] [DEBUG] parse_query_plan.py[line:132] ['Index Scan', 'keyword_idx_keyword', 'keyword k']
2022-12-02 20:49:11 [P-13376] [MainThread] [parse_query_plan] [DEBUG] parse_query_plan.py[line:149] _do_IndexScan
2022-12-02 20:49:11 [P-13376] [MainThread] [parse_query_plan] [DEBUG] parse_query_plan.py[line:126] Bitmap Heap Scan on movie_keyword mk  (cost=7.62..1525.35 rows=411 width=8) (actual time=2.855..515.293 rows=43721 loops=1)
2022-12-02 20:49:11 [P-13376] [MainThread] [parse_query_plan] [DEBUG] parse_query_plan.py[line:132] ['Bitmap Heap Scan', 'movie_keyword mk']
2022-12-02 20:49:11 [P-13376] [MainThread] [parse_query_plan] [DEBUG] parse_query_plan.py[line:149] _do_BitMapHeapScan
2022-12-02 20:49:11 [P-13376] [MainThread] [parse_query_plan] [DEBUG] parse_query_plan.py[line:126] Bitmap Index Scan on movie_keyword_idx_keywordid  (cost=0.00..7.51 rows=411 width=0) (actual time=1.382..1.383 rows=43721 loops=1)
2022-12-02 20:49:11 [P-13376] [MainThread] [parse_query_plan] [DEBUG] parse_query_plan.py[line:132] ['Bitmap Index Scan', 'movie_keyword_idx_keywordid']
2022-12-02 20:49:11 [P-13376] [MainThread] [parse_query_plan] [DEBUG] parse_query_plan.py[line:149] _do_BitMapIndexScan
2022-12-02 20:49:11 [P-13376] [MainThread] [parse_query_plan] [DEBUG] parse_query_plan.py[line:126] Index Scan using title_pkey on title t  (cost=0.43..2.34 rows=1 width=20) (actual time=0.009..0.009 rows=0 loops=43721)
2022-12-02 20:49:11 [P-13376] [MainThread] [parse_query_plan] [DEBUG] parse_query_plan.py[line:132] ['Index Scan', 'title_pkey', 'title t']
2022-12-02 20:49:11 [P-13376] [MainThread] [parse_query_plan] [DEBUG] parse_query_plan.py[line:149] _do_IndexScan
2022-12-02 20:49:11 [P-13376] [MainThread] [parse_query_plan] [DEBUG] parse_query_plan.py[line:126] Index Scan using movie_companies_idx_mid on movie_companies mc  (cost=0.43..6.65 rows=6 width=8) (actual time=0.022..0.033 rows=3 loops=15818)
2022-12-02 20:49:11 [P-13376] [MainThread] [parse_query_plan] [DEBUG] parse_query_plan.py[line:132] ['Index Scan', 'movie_companies_idx_mid', 'movie_companies mc']
2022-12-02 20:49:11 [P-13376] [MainThread] [parse_query_plan] [DEBUG] parse_query_plan.py[line:149] _do_IndexScan
2022-12-02 20:49:11 [P-13376] [MainThread] [parse_query_plan] [DEBUG] parse_query_plan.py[line:126] Index Scan using company_name_pkey on company_name cn  (cost=0.42..2.25 rows=1 width=4) (actual time=0.006..0.006 rows=1 loops=47028)
2022-12-02 20:49:11 [P-13376] [MainThread] [parse_query_plan] [DEBUG] parse_query_plan.py[line:132] ['Index Scan', 'company_name_pkey', 'company_name cn']
2022-12-02 20:49:11 [P-13376] [MainThread] [parse_query_plan] [DEBUG] parse_query_plan.py[line:149] _do_IndexScan
2022-12-02 20:49:11 [P-13376] [MainThread] [parse_query_plan] [DEBUG] parse_query_plan.py[line:126] Index Scan using cast_info_idx_mid on cast_info ci  (cost=0.44..43.29 rows=35 width=8) (actual time=0.044..0.550 rows=27 loops=23759)
2022-12-02 20:49:11 [P-13376] [MainThread] [parse_query_plan] [DEBUG] parse_query_plan.py[line:132] ['Index Scan', 'cast_info_idx_mid', 'cast_info ci']
2022-12-02 20:49:11 [P-13376] [MainThread] [parse_query_plan] [DEBUG] parse_query_plan.py[line:149] _do_IndexScan
2022-12-02 20:49:11 [P-13376] [MainThread] [parse_query_plan] [DEBUG] parse_query_plan.py[line:126] Index Only Scan using name_pkey on name n  (cost=0.43..1.58 rows=1 width=4) (actual time=0.005..0.005 rows=1 loops=646823)
2022-12-02 20:49:11 [P-13376] [MainThread] [parse_query_plan] [DEBUG] parse_query_plan.py[line:132] ['Index Only Scan', 'name_pkey', 'name n']
2022-12-02 20:49:11 [P-13376] [MainThread] [parse_query_plan] [DEBUG] parse_query_plan.py[line:149] _do_IndexOnlyScan
2022-12-02 20:49:11 [P-13376] [MainThread] [parse_query_plan] [DEBUG] parse_query_plan.py[line:126] Index Scan using aka_name_idx_person on aka_name an  (cost=0.43..3.20 rows=2 width=20) (actual time=0.004..0.004 rows=2 loops=646823)
2022-12-02 20:49:11 [P-13376] [MainThread] [parse_query_plan] [DEBUG] parse_query_plan.py[line:132] ['Index Scan', 'aka_name_idx_person', 'aka_name an']
2022-12-02 20:49:11 [P-13376] [MainThread] [parse_query_plan] [DEBUG] parse_query_plan.py[line:149] _do_IndexScan
2022-12-02 20:49:11 [P-13376] [MainThread] [parse_query_plan] [DEBUG] parse_query_plan.py[line:126] Aggregate  (cost=6948.41..6948.42 rows=1 width=64) (actual time=1895.079..1895.084 rows=1 loops=1)
2022-12-02 20:49:11 [P-13376] [MainThread] [parse_query_plan] [DEBUG] parse_query_plan.py[line:132] ['Aggregate']
2022-12-02 20:49:11 [P-13376] [MainThread] [parse_query_plan] [DEBUG] parse_query_plan.py[line:149] _do_Aggregate
2022-12-02 20:49:11 [P-13376] [MainThread] [parse_query_plan] [DEBUG] parse_query_plan.py[line:126] Nested Loop  (cost=10.62..6940.28 rows=1627 width=32) (actual time=9.655..1836.683 rows=460446 loops=1)
2022-12-02 20:49:11 [P-13376] [MainThread] [parse_query_plan] [DEBUG] parse_query_plan.py[line:132] ['Nested Loop']
2022-12-02 20:49:11 [P-13376] [MainThread] [parse_query_plan] [DEBUG] parse_query_plan.py[line:149] _do_NestedLoop
2022-12-02 20:49:11 [P-13376] [MainThread] [parse_query_plan] [DEBUG] parse_query_plan.py[line:126] Nested Loop  (cost=10.20..4783.22 rows=668 width=24) (actual time=9.645..1332.021 rows=282627 loops=1)
2022-12-02 20:49:11 [P-13376] [MainThread] [parse_query_plan] [DEBUG] parse_query_plan.py[line:132] ['Nested Loop']
2022-12-02 20:49:11 [P-13376] [MainThread] [parse_query_plan] [DEBUG] parse_query_plan.py[line:149] _do_NestedLoop
2022-12-02 20:49:11 [P-13376] [MainThread] [parse_query_plan] [DEBUG] parse_query_plan.py[line:126] Nested Loop  (cost=9.76..3730.54 rows=668 width=20) (actual time=9.637..900.216 rows=282627 loops=1)
2022-12-02 20:49:11 [P-13376] [MainThread] [parse_query_plan] [DEBUG] parse_query_plan.py[line:132] ['Nested Loop']
2022-12-02 20:49:11 [P-13376] [MainThread] [parse_query_plan] [DEBUG] parse_query_plan.py[line:149] _do_NestedLoop
2022-12-02 20:49:11 [P-13376] [MainThread] [parse_query_plan] [DEBUG] parse_query_plan.py[line:126] Nested Loop  (cost=9.32..1981.64 rows=40 width=28) (actual time=9.620..611.982 rows=9406 loops=1)
2022-12-02 20:49:11 [P-13376] [MainThread] [parse_query_plan] [DEBUG] parse_query_plan.py[line:132] ['Nested Loop']
2022-12-02 20:49:11 [P-13376] [MainThread] [parse_query_plan] [DEBUG] parse_query_plan.py[line:149] _do_NestedLoop
2022-12-02 20:49:11 [P-13376] [MainThread] [parse_query_plan] [DEBUG] parse_query_plan.py[line:126] Nested Loop  (cost=8.90..1740.53 rows=107 width=32) (actual time=9.611..583.218 rows=13746 loops=1)
2022-12-02 20:49:11 [P-13376] [MainThread] [parse_query_plan] [DEBUG] parse_query_plan.py[line:132] ['Nested Loop']
2022-12-02 20:49:11 [P-13376] [MainThread] [parse_query_plan] [DEBUG] parse_query_plan.py[line:149] _do_NestedLoop
2022-12-02 20:49:11 [P-13376] [MainThread] [parse_query_plan] [DEBUG] parse_query_plan.py[line:126] Nested Loop  (cost=8.47..1613.01 rows=19 width=24) (actual time=9.360..550.108 rows=6735 loops=1)
2022-12-02 20:49:11 [P-13376] [MainThread] [parse_query_plan] [DEBUG] parse_query_plan.py[line:132] ['Nested Loop']
2022-12-02 20:49:11 [P-13376] [MainThread] [parse_query_plan] [DEBUG] parse_query_plan.py[line:149] _do_NestedLoop
2022-12-02 20:49:11 [P-13376] [MainThread] [parse_query_plan] [DEBUG] parse_query_plan.py[line:126] Nested Loop  (cost=8.04..1537.90 rows=32 width=4) (actual time=3.108..201.472 rows=43721 loops=1)
2022-12-02 20:49:11 [P-13376] [MainThread] [parse_query_plan] [DEBUG] parse_query_plan.py[line:132] ['Nested Loop']
2022-12-02 20:49:11 [P-13376] [MainThread] [parse_query_plan] [DEBUG] parse_query_plan.py[line:149] _do_NestedLoop
2022-12-02 20:49:11 [P-13376] [MainThread] [parse_query_plan] [DEBUG] parse_query_plan.py[line:126] Index Scan using keyword_idx_keyword on keyword k  (cost=0.42..8.44 rows=1 width=4) (actual time=0.020..0.021 rows=1 loops=1)
2022-12-02 20:49:11 [P-13376] [MainThread] [parse_query_plan] [DEBUG] parse_query_plan.py[line:132] ['Index Scan', 'keyword_idx_keyword', 'keyword k']
2022-12-02 20:49:11 [P-13376] [MainThread] [parse_query_plan] [DEBUG] parse_query_plan.py[line:149] _do_IndexScan
2022-12-02 20:49:11 [P-13376] [MainThread] [parse_query_plan] [DEBUG] parse_query_plan.py[line:126] Bitmap Heap Scan on movie_keyword mk  (cost=7.62..1525.35 rows=411 width=8) (actual time=3.085..195.464 rows=43721 loops=1)
2022-12-02 20:49:11 [P-13376] [MainThread] [parse_query_plan] [DEBUG] parse_query_plan.py[line:132] ['Bitmap Heap Scan', 'movie_keyword mk']
2022-12-02 20:49:11 [P-13376] [MainThread] [parse_query_plan] [DEBUG] parse_query_plan.py[line:149] _do_BitMapHeapScan
2022-12-02 20:49:11 [P-13376] [MainThread] [parse_query_plan] [DEBUG] parse_query_plan.py[line:126] Bitmap Index Scan on movie_keyword_idx_keywordid  (cost=0.00..7.51 rows=411 width=0) (actual time=1.575..1.575 rows=43721 loops=1)
2022-12-02 20:49:11 [P-13376] [MainThread] [parse_query_plan] [DEBUG] parse_query_plan.py[line:132] ['Bitmap Index Scan', 'movie_keyword_idx_keywordid']
2022-12-02 20:49:11 [P-13376] [MainThread] [parse_query_plan] [DEBUG] parse_query_plan.py[line:149] _do_BitMapIndexScan
2022-12-02 20:49:11 [P-13376] [MainThread] [parse_query_plan] [DEBUG] parse_query_plan.py[line:126] Index Scan using title_pkey on title t  (cost=0.43..2.35 rows=1 width=20) (actual time=0.008..0.008 rows=0 loops=43721)
2022-12-02 20:49:11 [P-13376] [MainThread] [parse_query_plan] [DEBUG] parse_query_plan.py[line:132] ['Index Scan', 'title_pkey', 'title t']
2022-12-02 20:49:11 [P-13376] [MainThread] [parse_query_plan] [DEBUG] parse_query_plan.py[line:149] _do_IndexScan
2022-12-02 20:49:11 [P-13376] [MainThread] [parse_query_plan] [DEBUG] parse_query_plan.py[line:126] Index Scan using movie_companies_idx_mid on movie_companies mc  (cost=0.43..6.64 rows=6 width=8) (actual time=0.004..0.004 rows=2 loops=6735)
2022-12-02 20:49:11 [P-13376] [MainThread] [parse_query_plan] [DEBUG] parse_query_plan.py[line:132] ['Index Scan', 'movie_companies_idx_mid', 'movie_companies mc']
2022-12-02 20:49:11 [P-13376] [MainThread] [parse_query_plan] [DEBUG] parse_query_plan.py[line:149] _do_IndexScan
2022-12-02 20:49:11 [P-13376] [MainThread] [parse_query_plan] [DEBUG] parse_query_plan.py[line:126] Index Scan using company_name_pkey on company_name cn  (cost=0.42..2.25 rows=1 width=4) (actual time=0.002..0.002 rows=1 loops=13746)
2022-12-02 20:49:11 [P-13376] [MainThread] [parse_query_plan] [DEBUG] parse_query_plan.py[line:132] ['Index Scan', 'company_name_pkey', 'company_name cn']
2022-12-02 20:49:11 [P-13376] [MainThread] [parse_query_plan] [DEBUG] parse_query_plan.py[line:149] _do_IndexScan
2022-12-02 20:49:11 [P-13376] [MainThread] [parse_query_plan] [DEBUG] parse_query_plan.py[line:126] Index Scan using cast_info_idx_mid on cast_info ci  (cost=0.44..43.29 rows=35 width=8) (actual time=0.003..0.028 rows=30 loops=9406)
2022-12-02 20:49:11 [P-13376] [MainThread] [parse_query_plan] [DEBUG] parse_query_plan.py[line:132] ['Index Scan', 'cast_info_idx_mid', 'cast_info ci']
2022-12-02 20:49:11 [P-13376] [MainThread] [parse_query_plan] [DEBUG] parse_query_plan.py[line:149] _do_IndexScan
2022-12-02 20:49:11 [P-13376] [MainThread] [parse_query_plan] [DEBUG] parse_query_plan.py[line:126] Index Only Scan using name_pkey on name n  (cost=0.43..1.58 rows=1 width=4) (actual time=0.001..0.001 rows=1 loops=282627)
2022-12-02 20:49:11 [P-13376] [MainThread] [parse_query_plan] [DEBUG] parse_query_plan.py[line:132] ['Index Only Scan', 'name_pkey', 'name n']
2022-12-02 20:49:11 [P-13376] [MainThread] [parse_query_plan] [DEBUG] parse_query_plan.py[line:149] _do_IndexOnlyScan
2022-12-02 20:49:11 [P-13376] [MainThread] [parse_query_plan] [DEBUG] parse_query_plan.py[line:126] Index Scan using aka_name_idx_person on aka_name an  (cost=0.43..3.20 rows=2 width=20) (actual time=0.001..0.002 rows=2 loops=282627)
2022-12-02 20:49:11 [P-13376] [MainThread] [parse_query_plan] [DEBUG] parse_query_plan.py[line:132] ['Index Scan', 'aka_name_idx_person', 'aka_name an']
2022-12-02 20:49:11 [P-13376] [MainThread] [parse_query_plan] [DEBUG] parse_query_plan.py[line:149] _do_IndexScan
2022-12-02 20:49:11 [P-13376] [MainThread] [parse_query_plan] [DEBUG] parse_query_plan.py[line:126] Aggregate  (cost=5583.50..5583.51 rows=1 width=64) (actual time=1065.358..1065.363 rows=1 loops=1)
2022-12-02 20:49:11 [P-13376] [MainThread] [parse_query_plan] [DEBUG] parse_query_plan.py[line:132] ['Aggregate']
2022-12-02 20:49:11 [P-13376] [MainThread] [parse_query_plan] [DEBUG] parse_query_plan.py[line:149] _do_Aggregate
2022-12-02 20:49:11 [P-13376] [MainThread] [parse_query_plan] [DEBUG] parse_query_plan.py[line:126] Nested Loop  (cost=10.62..5577.47 rows=1206 width=32) (actual time=3.668..1021.337 rows=358158 loops=1)
2022-12-02 20:49:11 [P-13376] [MainThread] [parse_query_plan] [DEBUG] parse_query_plan.py[line:132] ['Nested Loop']
2022-12-02 20:49:11 [P-13376] [MainThread] [parse_query_plan] [DEBUG] parse_query_plan.py[line:149] _do_NestedLoop
2022-12-02 20:49:11 [P-13376] [MainThread] [parse_query_plan] [DEBUG] parse_query_plan.py[line:126] Nested Loop  (cost=10.20..3979.05 rows=495 width=24) (actual time=3.660..651.774 rows=215019 loops=1)
2022-12-02 20:49:11 [P-13376] [MainThread] [parse_query_plan] [DEBUG] parse_query_plan.py[line:132] ['Nested Loop']
2022-12-02 20:49:11 [P-13376] [MainThread] [parse_query_plan] [DEBUG] parse_query_plan.py[line:149] _do_NestedLoop
2022-12-02 20:49:11 [P-13376] [MainThread] [parse_query_plan] [DEBUG] parse_query_plan.py[line:126] Nested Loop  (cost=9.76..3199.00 rows=495 width=20) (actual time=3.653..341.352 rows=215019 loops=1)
2022-12-02 20:49:11 [P-13376] [MainThread] [parse_query_plan] [DEBUG] parse_query_plan.py[line:132] ['Nested Loop']
2022-12-02 20:49:11 [P-13376] [MainThread] [parse_query_plan] [DEBUG] parse_query_plan.py[line:149] _do_NestedLoop
2022-12-02 20:49:11 [P-13376] [MainThread] [parse_query_plan] [DEBUG] parse_query_plan.py[line:126] Nested Loop  (cost=9.32..1887.32 rows=30 width=28) (actual time=3.642..156.799 rows=7414 loops=1)
2022-12-02 20:49:11 [P-13376] [MainThread] [parse_query_plan] [DEBUG] parse_query_plan.py[line:132] ['Nested Loop']
2022-12-02 20:49:11 [P-13376] [MainThread] [parse_query_plan] [DEBUG] parse_query_plan.py[line:149] _do_NestedLoop
2022-12-02 20:49:11 [P-13376] [MainThread] [parse_query_plan] [DEBUG] parse_query_plan.py[line:126] Nested Loop  (cost=8.90..1707.05 rows=80 width=32) (actual time=3.637..137.781 rows=10548 loops=1)
2022-12-02 20:49:11 [P-13376] [MainThread] [parse_query_plan] [DEBUG] parse_query_plan.py[line:132] ['Nested Loop']
2022-12-02 20:49:11 [P-13376] [MainThread] [parse_query_plan] [DEBUG] parse_query_plan.py[line:149] _do_NestedLoop
2022-12-02 20:49:11 [P-13376] [MainThread] [parse_query_plan] [DEBUG] parse_query_plan.py[line:126] Nested Loop  (cost=8.47..1613.09 rows=14 width=24) (actual time=3.626..122.539 rows=5239 loops=1)
2022-12-02 20:49:11 [P-13376] [MainThread] [parse_query_plan] [DEBUG] parse_query_plan.py[line:132] ['Nested Loop']
2022-12-02 20:49:11 [P-13376] [MainThread] [parse_query_plan] [DEBUG] parse_query_plan.py[line:149] _do_NestedLoop
2022-12-02 20:49:11 [P-13376] [MainThread] [parse_query_plan] [DEBUG] parse_query_plan.py[line:126] Nested Loop  (cost=8.04..1537.90 rows=32 width=4) (actual time=2.816..62.686 rows=43721 loops=1)
2022-12-02 20:49:11 [P-13376] [MainThread] [parse_query_plan] [DEBUG] parse_query_plan.py[line:132] ['Nested Loop']
2022-12-02 20:49:11 [P-13376] [MainThread] [parse_query_plan] [DEBUG] parse_query_plan.py[line:149] _do_NestedLoop
2022-12-02 20:49:11 [P-13376] [MainThread] [parse_query_plan] [DEBUG] parse_query_plan.py[line:126] Index Scan using keyword_idx_keyword on keyword k  (cost=0.42..8.44 rows=1 width=4) (actual time=0.042..0.044 rows=1 loops=1)
2022-12-02 20:49:11 [P-13376] [MainThread] [parse_query_plan] [DEBUG] parse_query_plan.py[line:132] ['Index Scan', 'keyword_idx_keyword', 'keyword k']
2022-12-02 20:49:11 [P-13376] [MainThread] [parse_query_plan] [DEBUG] parse_query_plan.py[line:149] _do_IndexScan
2022-12-02 20:49:11 [P-13376] [MainThread] [parse_query_plan] [DEBUG] parse_query_plan.py[line:126] Bitmap Heap Scan on movie_keyword mk  (cost=7.62..1525.35 rows=411 width=8) (actual time=2.771..59.540 rows=43721 loops=1)
2022-12-02 20:49:11 [P-13376] [MainThread] [parse_query_plan] [DEBUG] parse_query_plan.py[line:132] ['Bitmap Heap Scan', 'movie_keyword mk']
2022-12-02 20:49:11 [P-13376] [MainThread] [parse_query_plan] [DEBUG] parse_query_plan.py[line:149] _do_BitMapHeapScan
2022-12-02 20:49:11 [P-13376] [MainThread] [parse_query_plan] [DEBUG] parse_query_plan.py[line:126] Bitmap Index Scan on movie_keyword_idx_keywordid  (cost=0.00..7.51 rows=411 width=0) (actual time=1.298..1.298 rows=43721 loops=1)
2022-12-02 20:49:11 [P-13376] [MainThread] [parse_query_plan] [DEBUG] parse_query_plan.py[line:132] ['Bitmap Index Scan', 'movie_keyword_idx_keywordid']
2022-12-02 20:49:11 [P-13376] [MainThread] [parse_query_plan] [DEBUG] parse_query_plan.py[line:149] _do_BitMapIndexScan
2022-12-02 20:49:11 [P-13376] [MainThread] [parse_query_plan] [DEBUG] parse_query_plan.py[line:126] Index Scan using title_pkey on title t  (cost=0.43..2.35 rows=1 width=20) (actual time=0.001..0.001 rows=0 loops=43721)
2022-12-02 20:49:11 [P-13376] [MainThread] [parse_query_plan] [DEBUG] parse_query_plan.py[line:132] ['Index Scan', 'title_pkey', 'title t']
2022-12-02 20:49:11 [P-13376] [MainThread] [parse_query_plan] [DEBUG] parse_query_plan.py[line:149] _do_IndexScan
2022-12-02 20:49:11 [P-13376] [MainThread] [parse_query_plan] [DEBUG] parse_query_plan.py[line:126] Index Scan using movie_companies_idx_mid on movie_companies mc  (cost=0.43..6.64 rows=6 width=8) (actual time=0.002..0.003 rows=2 loops=5239)
2022-12-02 20:49:11 [P-13376] [MainThread] [parse_query_plan] [DEBUG] parse_query_plan.py[line:132] ['Index Scan', 'movie_companies_idx_mid', 'movie_companies mc']
2022-12-02 20:49:11 [P-13376] [MainThread] [parse_query_plan] [DEBUG] parse_query_plan.py[line:149] _do_IndexScan
2022-12-02 20:49:11 [P-13376] [MainThread] [parse_query_plan] [DEBUG] parse_query_plan.py[line:126] Index Scan using company_name_pkey on company_name cn  (cost=0.42..2.25 rows=1 width=4) (actual time=0.002..0.002 rows=1 loops=10548)
2022-12-02 20:49:11 [P-13376] [MainThread] [parse_query_plan] [DEBUG] parse_query_plan.py[line:132] ['Index Scan', 'company_name_pkey', 'company_name cn']
2022-12-02 20:49:11 [P-13376] [MainThread] [parse_query_plan] [DEBUG] parse_query_plan.py[line:149] _do_IndexScan
2022-12-02 20:49:11 [P-13376] [MainThread] [parse_query_plan] [DEBUG] parse_query_plan.py[line:126] Index Scan using cast_info_idx_mid on cast_info ci  (cost=0.44..43.29 rows=35 width=8) (actual time=0.002..0.022 rows=29 loops=7414)
2022-12-02 20:49:11 [P-13376] [MainThread] [parse_query_plan] [DEBUG] parse_query_plan.py[line:132] ['Index Scan', 'cast_info_idx_mid', 'cast_info ci']
2022-12-02 20:49:11 [P-13376] [MainThread] [parse_query_plan] [DEBUG] parse_query_plan.py[line:149] _do_IndexScan
2022-12-02 20:49:11 [P-13376] [MainThread] [parse_query_plan] [DEBUG] parse_query_plan.py[line:126] Index Only Scan using name_pkey on name n  (cost=0.43..1.58 rows=1 width=4) (actual time=0.001..0.001 rows=1 loops=215019)
2022-12-02 20:49:11 [P-13376] [MainThread] [parse_query_plan] [DEBUG] parse_query_plan.py[line:132] ['Index Only Scan', 'name_pkey', 'name n']
2022-12-02 20:49:11 [P-13376] [MainThread] [parse_query_plan] [DEBUG] parse_query_plan.py[line:149] _do_IndexOnlyScan
2022-12-02 20:49:11 [P-13376] [MainThread] [parse_query_plan] [DEBUG] parse_query_plan.py[line:126] Index Scan using aka_name_idx_person on aka_name an  (cost=0.43..3.20 rows=2 width=20) (actual time=0.001..0.001 rows=2 loops=215019)
2022-12-02 20:49:11 [P-13376] [MainThread] [parse_query_plan] [DEBUG] parse_query_plan.py[line:132] ['Index Scan', 'aka_name_idx_person', 'aka_name an']
2022-12-02 20:49:11 [P-13376] [MainThread] [parse_query_plan] [DEBUG] parse_query_plan.py[line:149] _do_IndexScan
2022-12-02 20:49:11 [P-13376] [MainThread] [parse_query_plan] [DEBUG] parse_query_plan.py[line:126] Aggregate  (cost=6433.09..6433.10 rows=1 width=64) (actual time=14996.828..14996.831 rows=1 loops=1)
2022-12-02 20:49:11 [P-13376] [MainThread] [parse_query_plan] [DEBUG] parse_query_plan.py[line:132] ['Aggregate']
2022-12-02 20:49:11 [P-13376] [MainThread] [parse_query_plan] [DEBUG] parse_query_plan.py[line:149] _do_Aggregate
2022-12-02 20:49:11 [P-13376] [MainThread] [parse_query_plan] [DEBUG] parse_query_plan.py[line:126] Nested Loop  (cost=10.20..6432.86 rows=91 width=15) (actual time=10.245..14983.688 rows=59483 loops=1)
2022-12-02 20:49:11 [P-13376] [MainThread] [parse_query_plan] [DEBUG] parse_query_plan.py[line:132] ['Nested Loop']
2022-12-02 20:49:11 [P-13376] [MainThread] [parse_query_plan] [DEBUG] parse_query_plan.py[line:149] _do_NestedLoop
2022-12-02 20:49:11 [P-13376] [MainThread] [parse_query_plan] [DEBUG] parse_query_plan.py[line:126] Nested Loop  (cost=9.77..5931.12 rows=239 width=19) (actual time=10.239..14779.835 rows=140153 loops=1)
2022-12-02 20:49:11 [P-13376] [MainThread] [parse_query_plan] [DEBUG] parse_query_plan.py[line:132] ['Nested Loop']
2022-12-02 20:49:11 [P-13376] [MainThread] [parse_query_plan] [DEBUG] parse_query_plan.py[line:149] _do_NestedLoop
2022-12-02 20:49:11 [P-13376] [MainThread] [parse_query_plan] [DEBUG] parse_query_plan.py[line:126] Nested Loop  (cost=9.34..5385.45 rows=88 width=27) (actual time=10.225..14660.171 rows=25915 loops=1)
2022-12-02 20:49:11 [P-13376] [MainThread] [parse_query_plan] [DEBUG] parse_query_plan.py[line:132] ['Nested Loop']
2022-12-02 20:49:11 [P-13376] [MainThread] [parse_query_plan] [DEBUG] parse_query_plan.py[line:149] _do_NestedLoop
2022-12-02 20:49:11 [P-13376] [MainThread] [parse_query_plan] [DEBUG] parse_query_plan.py[line:126] Nested Loop  (cost=8.91..2906.73 rows=1094 width=16) (actual time=3.363..6648.630 rows=292953 loops=1)
2022-12-02 20:49:11 [P-13376] [MainThread] [parse_query_plan] [DEBUG] parse_query_plan.py[line:132] ['Nested Loop']
2022-12-02 20:49:11 [P-13376] [MainThread] [parse_query_plan] [DEBUG] parse_query_plan.py[line:149] _do_NestedLoop
2022-12-02 20:49:11 [P-13376] [MainThread] [parse_query_plan] [DEBUG] parse_query_plan.py[line:126] Nested Loop  (cost=8.47..1581.80 rows=32 width=8) (actual time=3.346..148.758 rows=15818 loops=1)
2022-12-02 20:49:11 [P-13376] [MainThread] [parse_query_plan] [DEBUG] parse_query_plan.py[line:132] ['Nested Loop']
2022-12-02 20:49:11 [P-13376] [MainThread] [parse_query_plan] [DEBUG] parse_query_plan.py[line:149] _do_NestedLoop
2022-12-02 20:49:11 [P-13376] [MainThread] [parse_query_plan] [DEBUG] parse_query_plan.py[line:126] Nested Loop  (cost=8.04..1537.90 rows=32 width=4) (actual time=2.857..77.738 rows=43721 loops=1)
2022-12-02 20:49:11 [P-13376] [MainThread] [parse_query_plan] [DEBUG] parse_query_plan.py[line:132] ['Nested Loop']
2022-12-02 20:49:11 [P-13376] [MainThread] [parse_query_plan] [DEBUG] parse_query_plan.py[line:149] _do_NestedLoop
2022-12-02 20:49:11 [P-13376] [MainThread] [parse_query_plan] [DEBUG] parse_query_plan.py[line:126] Index Scan using keyword_idx_keyword on keyword k  (cost=0.42..8.44 rows=1 width=4) (actual time=0.018..0.019 rows=1 loops=1)
2022-12-02 20:49:11 [P-13376] [MainThread] [parse_query_plan] [DEBUG] parse_query_plan.py[line:132] ['Index Scan', 'keyword_idx_keyword', 'keyword k']
2022-12-02 20:49:11 [P-13376] [MainThread] [parse_query_plan] [DEBUG] parse_query_plan.py[line:149] _do_IndexScan
2022-12-02 20:49:11 [P-13376] [MainThread] [parse_query_plan] [DEBUG] parse_query_plan.py[line:126] Bitmap Heap Scan on movie_keyword mk  (cost=7.62..1525.35 rows=411 width=8) (actual time=2.837..71.939 rows=43721 loops=1)
2022-12-02 20:49:11 [P-13376] [MainThread] [parse_query_plan] [DEBUG] parse_query_plan.py[line:132] ['Bitmap Heap Scan', 'movie_keyword mk']
2022-12-02 20:49:11 [P-13376] [MainThread] [parse_query_plan] [DEBUG] parse_query_plan.py[line:149] _do_BitMapHeapScan
2022-12-02 20:49:11 [P-13376] [MainThread] [parse_query_plan] [DEBUG] parse_query_plan.py[line:126] Bitmap Index Scan on movie_keyword_idx_keywordid  (cost=0.00..7.51 rows=411 width=0) (actual time=1.373..1.373 rows=43721 loops=1)
2022-12-02 20:49:11 [P-13376] [MainThread] [parse_query_plan] [DEBUG] parse_query_plan.py[line:132] ['Bitmap Index Scan', 'movie_keyword_idx_keywordid']
2022-12-02 20:49:11 [P-13376] [MainThread] [parse_query_plan] [DEBUG] parse_query_plan.py[line:149] _do_BitMapIndexScan
2022-12-02 20:49:11 [P-13376] [MainThread] [parse_query_plan] [DEBUG] parse_query_plan.py[line:126] Index Only Scan using title_pkey on title t  (cost=0.43..1.37 rows=1 width=4) (actual time=0.001..0.001 rows=0 loops=43721)
2022-12-02 20:49:11 [P-13376] [MainThread] [parse_query_plan] [DEBUG] parse_query_plan.py[line:132] ['Index Only Scan', 'title_pkey', 'title t']
2022-12-02 20:49:11 [P-13376] [MainThread] [parse_query_plan] [DEBUG] parse_query_plan.py[line:149] _do_IndexOnlyScan
2022-12-02 20:49:11 [P-13376] [MainThread] [parse_query_plan] [DEBUG] parse_query_plan.py[line:126] Index Scan using cast_info_idx_mid on cast_info ci  (cost=0.44..40.97 rows=35 width=8) (actual time=0.041..0.405 rows=19 loops=15818)
2022-12-02 20:49:11 [P-13376] [MainThread] [parse_query_plan] [DEBUG] parse_query_plan.py[line:132] ['Index Scan', 'cast_info_idx_mid', 'cast_info ci']
2022-12-02 20:49:11 [P-13376] [MainThread] [parse_query_plan] [DEBUG] parse_query_plan.py[line:149] _do_IndexScan
2022-12-02 20:49:11 [P-13376] [MainThread] [parse_query_plan] [DEBUG] parse_query_plan.py[line:126] Index Scan using name_pkey on name n  (cost=0.43..2.27 rows=1 width=19) (actual time=0.027..0.027 rows=0 loops=292953)
2022-12-02 20:49:11 [P-13376] [MainThread] [parse_query_plan] [DEBUG] parse_query_plan.py[line:132] ['Index Scan', 'name_pkey', 'name n']
2022-12-02 20:49:11 [P-13376] [MainThread] [parse_query_plan] [DEBUG] parse_query_plan.py[line:149] _do_IndexScan
2022-12-02 20:49:11 [P-13376] [MainThread] [parse_query_plan] [DEBUG] parse_query_plan.py[line:126] Index Scan using movie_companies_idx_mid on movie_companies mc  (cost=0.43..6.14 rows=6 width=8) (actual time=0.003..0.004 rows=5 loops=25915)
2022-12-02 20:49:11 [P-13376] [MainThread] [parse_query_plan] [DEBUG] parse_query_plan.py[line:132] ['Index Scan', 'movie_companies_idx_mid', 'movie_companies mc']
2022-12-02 20:49:11 [P-13376] [MainThread] [parse_query_plan] [DEBUG] parse_query_plan.py[line:149] _do_IndexScan
2022-12-02 20:49:11 [P-13376] [MainThread] [parse_query_plan] [DEBUG] parse_query_plan.py[line:126] Index Scan using company_name_pkey on company_name cn  (cost=0.42..2.10 rows=1 width=4) (actual time=0.001..0.001 rows=0 loops=140153)
2022-12-02 20:49:11 [P-13376] [MainThread] [parse_query_plan] [DEBUG] parse_query_plan.py[line:132] ['Index Scan', 'company_name_pkey', 'company_name cn']
2022-12-02 20:49:11 [P-13376] [MainThread] [parse_query_plan] [DEBUG] parse_query_plan.py[line:149] _do_IndexScan
2022-12-02 20:49:11 [P-13376] [MainThread] [parse_query_plan] [DEBUG] parse_query_plan.py[line:126] Aggregate  (cost=5347.59..5347.60 rows=1 width=64) (actual time=43480.462..43480.922 rows=1 loops=1)
2022-12-02 20:49:11 [P-13376] [MainThread] [parse_query_plan] [DEBUG] parse_query_plan.py[line:132] ['Aggregate']
2022-12-02 20:49:11 [P-13376] [MainThread] [parse_query_plan] [DEBUG] parse_query_plan.py[line:149] _do_Aggregate
2022-12-02 20:49:11 [P-13376] [MainThread] [parse_query_plan] [DEBUG] parse_query_plan.py[line:126] Nested Loop  (cost=10.20..5347.59 rows=1 width=15) (actual time=280.633..43478.226 rows=10742 loops=1)
2022-12-02 20:49:11 [P-13376] [MainThread] [parse_query_plan] [DEBUG] parse_query_plan.py[line:132] ['Nested Loop']
2022-12-02 20:49:11 [P-13376] [MainThread] [parse_query_plan] [DEBUG] parse_query_plan.py[line:149] _do_NestedLoop
2022-12-02 20:49:11 [P-13376] [MainThread] [parse_query_plan] [DEBUG] parse_query_plan.py[line:126] Nested Loop  (cost=9.77..5346.22 rows=1 width=27) (actual time=32.500..43397.416 rows=78722 loops=1)
2022-12-02 20:49:11 [P-13376] [MainThread] [parse_query_plan] [DEBUG] parse_query_plan.py[line:132] ['Nested Loop']
2022-12-02 20:49:11 [P-13376] [MainThread] [parse_query_plan] [DEBUG] parse_query_plan.py[line:149] _do_NestedLoop
2022-12-02 20:49:11 [P-13376] [MainThread] [parse_query_plan] [DEBUG] parse_query_plan.py[line:126] Nested Loop  (cost=9.34..5344.95 rows=1 width=31) (actual time=32.489..43202.266 rows=78722 loops=1)
2022-12-02 20:49:11 [P-13376] [MainThread] [parse_query_plan] [DEBUG] parse_query_plan.py[line:132] ['Nested Loop']
2022-12-02 20:49:11 [P-13376] [MainThread] [parse_query_plan] [DEBUG] parse_query_plan.py[line:149] _do_NestedLoop
2022-12-02 20:49:11 [P-13376] [MainThread] [parse_query_plan] [DEBUG] parse_query_plan.py[line:126] Nested Loop  (cost=8.91..5338.75 rows=1 width=23) (actual time=32.251..42623.723 rows=7825 loops=1)
2022-12-02 20:49:11 [P-13376] [MainThread] [parse_query_plan] [DEBUG] parse_query_plan.py[line:132] ['Nested Loop']
2022-12-02 20:49:11 [P-13376] [MainThread] [parse_query_plan] [DEBUG] parse_query_plan.py[line:149] _do_NestedLoop
2022-12-02 20:49:11 [P-13376] [MainThread] [parse_query_plan] [DEBUG] parse_query_plan.py[line:126] Nested Loop  (cost=8.48..2860.02 rows=1094 width=12) (actual time=3.433..31599.700 rows=1180265 loops=1)
2022-12-02 20:49:11 [P-13376] [MainThread] [parse_query_plan] [DEBUG] parse_query_plan.py[line:132] ['Nested Loop']
2022-12-02 20:49:11 [P-13376] [MainThread] [parse_query_plan] [DEBUG] parse_query_plan.py[line:149] _do_NestedLoop
2022-12-02 20:49:11 [P-13376] [MainThread] [parse_query_plan] [DEBUG] parse_query_plan.py[line:126] Nested Loop  (cost=8.04..1537.90 rows=32 width=4) (actual time=2.911..398.693 rows=43721 loops=1)
2022-12-02 20:49:11 [P-13376] [MainThread] [parse_query_plan] [DEBUG] parse_query_plan.py[line:132] ['Nested Loop']
2022-12-02 20:49:11 [P-13376] [MainThread] [parse_query_plan] [DEBUG] parse_query_plan.py[line:149] _do_NestedLoop
2022-12-02 20:49:11 [P-13376] [MainThread] [parse_query_plan] [DEBUG] parse_query_plan.py[line:126] Index Scan using keyword_idx_keyword on keyword k  (cost=0.42..8.44 rows=1 width=4) (actual time=0.018..0.449 rows=1 loops=1)
2022-12-02 20:49:11 [P-13376] [MainThread] [parse_query_plan] [DEBUG] parse_query_plan.py[line:132] ['Index Scan', 'keyword_idx_keyword', 'keyword k']
2022-12-02 20:49:11 [P-13376] [MainThread] [parse_query_plan] [DEBUG] parse_query_plan.py[line:149] _do_IndexScan
2022-12-02 20:49:11 [P-13376] [MainThread] [parse_query_plan] [DEBUG] parse_query_plan.py[line:126] Bitmap Heap Scan on movie_keyword mk  (cost=7.62..1525.35 rows=411 width=8) (actual time=2.892..384.734 rows=43721 loops=1)
2022-12-02 20:49:11 [P-13376] [MainThread] [parse_query_plan] [DEBUG] parse_query_plan.py[line:132] ['Bitmap Heap Scan', 'movie_keyword mk']
2022-12-02 20:49:11 [P-13376] [MainThread] [parse_query_plan] [DEBUG] parse_query_plan.py[line:149] _do_BitMapHeapScan
2022-12-02 20:49:11 [P-13376] [MainThread] [parse_query_plan] [DEBUG] parse_query_plan.py[line:126] Bitmap Index Scan on movie_keyword_idx_keywordid  (cost=0.00..7.51 rows=411 width=0) (actual time=1.401..1.406 rows=43721 loops=1)
2022-12-02 20:49:11 [P-13376] [MainThread] [parse_query_plan] [DEBUG] parse_query_plan.py[line:132] ['Bitmap Index Scan', 'movie_keyword_idx_keywordid']
2022-12-02 20:49:11 [P-13376] [MainThread] [parse_query_plan] [DEBUG] parse_query_plan.py[line:149] _do_BitMapIndexScan
2022-12-02 20:49:11 [P-13376] [MainThread] [parse_query_plan] [DEBUG] parse_query_plan.py[line:126] Index Scan using cast_info_idx_mid on cast_info ci  (cost=0.44..40.97 rows=35 width=8) (actual time=0.039..0.707 rows=27 loops=43721)
2022-12-02 20:49:11 [P-13376] [MainThread] [parse_query_plan] [DEBUG] parse_query_plan.py[line:132] ['Index Scan', 'cast_info_idx_mid', 'cast_info ci']
2022-12-02 20:49:11 [P-13376] [MainThread] [parse_query_plan] [DEBUG] parse_query_plan.py[line:149] _do_IndexScan
2022-12-02 20:49:11 [P-13376] [MainThread] [parse_query_plan] [DEBUG] parse_query_plan.py[line:126] Index Scan using name_pkey on name n  (cost=0.43..2.27 rows=1 width=19) (actual time=0.009..0.009 rows=0 loops=1180265)
2022-12-02 20:49:11 [P-13376] [MainThread] [parse_query_plan] [DEBUG] parse_query_plan.py[line:132] ['Index Scan', 'name_pkey', 'name n']
2022-12-02 20:49:11 [P-13376] [MainThread] [parse_query_plan] [DEBUG] parse_query_plan.py[line:149] _do_IndexScan
2022-12-02 20:49:11 [P-13376] [MainThread] [parse_query_plan] [DEBUG] parse_query_plan.py[line:126] Index Scan using movie_companies_idx_mid on movie_companies mc  (cost=0.43..6.14 rows=6 width=8) (actual time=0.047..0.072 rows=10 loops=7825)
2022-12-02 20:49:11 [P-13376] [MainThread] [parse_query_plan] [DEBUG] parse_query_plan.py[line:132] ['Index Scan', 'movie_companies_idx_mid', 'movie_companies mc']
2022-12-02 20:49:11 [P-13376] [MainThread] [parse_query_plan] [DEBUG] parse_query_plan.py[line:149] _do_IndexScan
2022-12-02 20:49:11 [P-13376] [MainThread] [parse_query_plan] [DEBUG] parse_query_plan.py[line:126] Index Only Scan using company_name_pkey on company_name cn  (cost=0.42..1.27 rows=1 width=4) (actual time=0.002..0.002 rows=1 loops=78722)
2022-12-02 20:49:11 [P-13376] [MainThread] [parse_query_plan] [DEBUG] parse_query_plan.py[line:132] ['Index Only Scan', 'company_name_pkey', 'company_name cn']
2022-12-02 20:49:11 [P-13376] [MainThread] [parse_query_plan] [DEBUG] parse_query_plan.py[line:149] _do_IndexOnlyScan
2022-12-02 20:49:11 [P-13376] [MainThread] [parse_query_plan] [DEBUG] parse_query_plan.py[line:126] Index Only Scan using title_pkey on title t  (cost=0.43..1.37 rows=1 width=4) (actual time=0.001..0.001 rows=0 loops=78722)
2022-12-02 20:49:11 [P-13376] [MainThread] [parse_query_plan] [DEBUG] parse_query_plan.py[line:132] ['Index Only Scan', 'title_pkey', 'title t']
2022-12-02 20:49:11 [P-13376] [MainThread] [parse_query_plan] [DEBUG] parse_query_plan.py[line:149] _do_IndexOnlyScan
2022-12-02 20:49:11 [P-13376] [MainThread] [parse_query_plan] [DEBUG] parse_query_plan.py[line:126] Aggregate  (cost=5347.59..5347.60 rows=1 width=64) (actual time=48678.481..48678.506 rows=1 loops=1)
2022-12-02 20:49:11 [P-13376] [MainThread] [parse_query_plan] [DEBUG] parse_query_plan.py[line:132] ['Aggregate']
2022-12-02 20:49:11 [P-13376] [MainThread] [parse_query_plan] [DEBUG] parse_query_plan.py[line:149] _do_Aggregate
2022-12-02 20:49:11 [P-13376] [MainThread] [parse_query_plan] [DEBUG] parse_query_plan.py[line:126] Nested Loop  (cost=10.20..5347.59 rows=1 width=15) (actual time=556.875..48676.822 rows=285 loops=1)
2022-12-02 20:49:11 [P-13376] [MainThread] [parse_query_plan] [DEBUG] parse_query_plan.py[line:132] ['Nested Loop']
2022-12-02 20:49:11 [P-13376] [MainThread] [parse_query_plan] [DEBUG] parse_query_plan.py[line:149] _do_NestedLoop
2022-12-02 20:49:11 [P-13376] [MainThread] [parse_query_plan] [DEBUG] parse_query_plan.py[line:126] Nested Loop  (cost=9.77..5346.22 rows=1 width=27) (actual time=281.928..48660.398 rows=3323 loops=1)
2022-12-02 20:49:11 [P-13376] [MainThread] [parse_query_plan] [DEBUG] parse_query_plan.py[line:132] ['Nested Loop']
2022-12-02 20:49:11 [P-13376] [MainThread] [parse_query_plan] [DEBUG] parse_query_plan.py[line:149] _do_NestedLoop
2022-12-02 20:49:11 [P-13376] [MainThread] [parse_query_plan] [DEBUG] parse_query_plan.py[line:126] Nested Loop  (cost=9.34..5344.95 rows=1 width=31) (actual time=281.906..48608.736 rows=3323 loops=1)
2022-12-02 20:49:11 [P-13376] [MainThread] [parse_query_plan] [DEBUG] parse_query_plan.py[line:132] ['Nested Loop']
2022-12-02 20:49:11 [P-13376] [MainThread] [parse_query_plan] [DEBUG] parse_query_plan.py[line:149] _do_NestedLoop
2022-12-02 20:49:11 [P-13376] [MainThread] [parse_query_plan] [DEBUG] parse_query_plan.py[line:126] Nested Loop  (cost=8.91..5338.75 rows=1 width=23) (actual time=281.659..48496.814 rows=300 loops=1)
2022-12-02 20:49:11 [P-13376] [MainThread] [parse_query_plan] [DEBUG] parse_query_plan.py[line:132] ['Nested Loop']
2022-12-02 20:49:11 [P-13376] [MainThread] [parse_query_plan] [DEBUG] parse_query_plan.py[line:149] _do_NestedLoop
2022-12-02 20:49:11 [P-13376] [MainThread] [parse_query_plan] [DEBUG] parse_query_plan.py[line:126] Nested Loop  (cost=8.48..2860.02 rows=1094 width=12) (actual time=10.513..36486.207 rows=1180265 loops=1)
2022-12-02 20:49:11 [P-13376] [MainThread] [parse_query_plan] [DEBUG] parse_query_plan.py[line:132] ['Nested Loop']
2022-12-02 20:49:11 [P-13376] [MainThread] [parse_query_plan] [DEBUG] parse_query_plan.py[line:149] _do_NestedLoop
2022-12-02 20:49:11 [P-13376] [MainThread] [parse_query_plan] [DEBUG] parse_query_plan.py[line:126] Nested Loop  (cost=8.04..1537.90 rows=32 width=4) (actual time=10.256..865.757 rows=43721 loops=1)
2022-12-02 20:49:11 [P-13376] [MainThread] [parse_query_plan] [DEBUG] parse_query_plan.py[line:132] ['Nested Loop']
2022-12-02 20:49:11 [P-13376] [MainThread] [parse_query_plan] [DEBUG] parse_query_plan.py[line:149] _do_NestedLoop
2022-12-02 20:49:11 [P-13376] [MainThread] [parse_query_plan] [DEBUG] parse_query_plan.py[line:126] Index Scan using keyword_idx_keyword on keyword k  (cost=0.42..8.44 rows=1 width=4) (actual time=1.151..1.713 rows=1 loops=1)
2022-12-02 20:49:11 [P-13376] [MainThread] [parse_query_plan] [DEBUG] parse_query_plan.py[line:132] ['Index Scan', 'keyword_idx_keyword', 'keyword k']
2022-12-02 20:49:11 [P-13376] [MainThread] [parse_query_plan] [DEBUG] parse_query_plan.py[line:149] _do_IndexScan
2022-12-02 20:49:11 [P-13376] [MainThread] [parse_query_plan] [DEBUG] parse_query_plan.py[line:126] Bitmap Heap Scan on movie_keyword mk  (cost=7.62..1525.35 rows=411 width=8) (actual time=9.100..847.082 rows=43721 loops=1)
2022-12-02 20:49:11 [P-13376] [MainThread] [parse_query_plan] [DEBUG] parse_query_plan.py[line:132] ['Bitmap Heap Scan', 'movie_keyword mk']
2022-12-02 20:49:11 [P-13376] [MainThread] [parse_query_plan] [DEBUG] parse_query_plan.py[line:149] _do_BitMapHeapScan
2022-12-02 20:49:11 [P-13376] [MainThread] [parse_query_plan] [DEBUG] parse_query_plan.py[line:126] Bitmap Index Scan on movie_keyword_idx_keywordid  (cost=0.00..7.51 rows=411 width=0) (actual time=6.475..6.481 rows=43721 loops=1)
2022-12-02 20:49:11 [P-13376] [MainThread] [parse_query_plan] [DEBUG] parse_query_plan.py[line:132] ['Bitmap Index Scan', 'movie_keyword_idx_keywordid']
2022-12-02 20:49:11 [P-13376] [MainThread] [parse_query_plan] [DEBUG] parse_query_plan.py[line:149] _do_BitMapIndexScan
2022-12-02 20:49:11 [P-13376] [MainThread] [parse_query_plan] [DEBUG] parse_query_plan.py[line:126] Index Scan using cast_info_idx_mid on cast_info ci  (cost=0.44..40.97 rows=35 width=8) (actual time=0.062..0.807 rows=27 loops=43721)
2022-12-02 20:49:11 [P-13376] [MainThread] [parse_query_plan] [DEBUG] parse_query_plan.py[line:132] ['Index Scan', 'cast_info_idx_mid', 'cast_info ci']
2022-12-02 20:49:11 [P-13376] [MainThread] [parse_query_plan] [DEBUG] parse_query_plan.py[line:149] _do_IndexScan
2022-12-02 20:49:11 [P-13376] [MainThread] [parse_query_plan] [DEBUG] parse_query_plan.py[line:126] Index Scan using name_pkey on name n  (cost=0.43..2.27 rows=1 width=19) (actual time=0.010..0.010 rows=0 loops=1180265)
2022-12-02 20:49:11 [P-13376] [MainThread] [parse_query_plan] [DEBUG] parse_query_plan.py[line:132] ['Index Scan', 'name_pkey', 'name n']
2022-12-02 20:49:11 [P-13376] [MainThread] [parse_query_plan] [DEBUG] parse_query_plan.py[line:149] _do_IndexScan
2022-12-02 20:49:11 [P-13376] [MainThread] [parse_query_plan] [DEBUG] parse_query_plan.py[line:126] Index Scan using movie_companies_idx_mid on movie_companies mc  (cost=0.43..6.14 rows=6 width=8) (actual time=0.269..0.369 rows=11 loops=300)
2022-12-02 20:49:11 [P-13376] [MainThread] [parse_query_plan] [DEBUG] parse_query_plan.py[line:132] ['Index Scan', 'movie_companies_idx_mid', 'movie_companies mc']
2022-12-02 20:49:11 [P-13376] [MainThread] [parse_query_plan] [DEBUG] parse_query_plan.py[line:149] _do_IndexScan
2022-12-02 20:49:11 [P-13376] [MainThread] [parse_query_plan] [DEBUG] parse_query_plan.py[line:126] Index Only Scan using company_name_pkey on company_name cn  (cost=0.42..1.27 rows=1 width=4) (actual time=0.015..0.015 rows=1 loops=3323)
2022-12-02 20:49:11 [P-13376] [MainThread] [parse_query_plan] [DEBUG] parse_query_plan.py[line:132] ['Index Only Scan', 'company_name_pkey', 'company_name cn']
2022-12-02 20:49:11 [P-13376] [MainThread] [parse_query_plan] [DEBUG] parse_query_plan.py[line:149] _do_IndexOnlyScan
2022-12-02 20:49:11 [P-13376] [MainThread] [parse_query_plan] [DEBUG] parse_query_plan.py[line:126] Index Only Scan using title_pkey on title t  (cost=0.43..1.37 rows=1 width=4) (actual time=0.005..0.005 rows=0 loops=3323)
2022-12-02 20:49:11 [P-13376] [MainThread] [parse_query_plan] [DEBUG] parse_query_plan.py[line:132] ['Index Only Scan', 'title_pkey', 'title t']
2022-12-02 20:49:11 [P-13376] [MainThread] [parse_query_plan] [DEBUG] parse_query_plan.py[line:149] _do_IndexOnlyScan
2022-12-02 20:49:11 [P-13376] [MainThread] [parse_query_plan] [DEBUG] parse_query_plan.py[line:126] Aggregate  (cost=5460.12..5460.13 rows=1 width=32) (actual time=42721.818..42722.446 rows=1 loops=1)
2022-12-02 20:49:11 [P-13376] [MainThread] [parse_query_plan] [DEBUG] parse_query_plan.py[line:132] ['Aggregate']
2022-12-02 20:49:11 [P-13376] [MainThread] [parse_query_plan] [DEBUG] parse_query_plan.py[line:149] _do_Aggregate
2022-12-02 20:49:11 [P-13376] [MainThread] [parse_query_plan] [DEBUG] parse_query_plan.py[line:126] Nested Loop  (cost=10.20..5460.05 rows=30 width=15) (actual time=657.158..42720.511 rows=1842 loops=1)
2022-12-02 20:49:11 [P-13376] [MainThread] [parse_query_plan] [DEBUG] parse_query_plan.py[line:132] ['Nested Loop']
2022-12-02 20:49:11 [P-13376] [MainThread] [parse_query_plan] [DEBUG] parse_query_plan.py[line:149] _do_NestedLoop
2022-12-02 20:49:11 [P-13376] [MainThread] [parse_query_plan] [DEBUG] parse_query_plan.py[line:126] Nested Loop  (cost=9.77..5422.01 rows=30 width=19) (actual time=656.925..42703.771 rows=1842 loops=1)
2022-12-02 20:49:11 [P-13376] [MainThread] [parse_query_plan] [DEBUG] parse_query_plan.py[line:132] ['Nested Loop']
2022-12-02 20:49:11 [P-13376] [MainThread] [parse_query_plan] [DEBUG] parse_query_plan.py[line:149] _do_NestedLoop
2022-12-02 20:49:11 [P-13376] [MainThread] [parse_query_plan] [DEBUG] parse_query_plan.py[line:126] Nested Loop  (cost=9.34..5353.81 rows=11 width=27) (actual time=383.163..42611.641 rows=485 loops=1)
2022-12-02 20:49:11 [P-13376] [MainThread] [parse_query_plan] [DEBUG] parse_query_plan.py[line:132] ['Nested Loop']
2022-12-02 20:49:11 [P-13376] [MainThread] [parse_query_plan] [DEBUG] parse_query_plan.py[line:149] _do_NestedLoop
2022-12-02 20:49:11 [P-13376] [MainThread] [parse_query_plan] [DEBUG] parse_query_plan.py[line:126] Nested Loop  (cost=8.91..5338.75 rows=11 width=23) (actual time=169.923..42556.681 rows=2114 loops=1)
2022-12-02 20:49:11 [P-13376] [MainThread] [parse_query_plan] [DEBUG] parse_query_plan.py[line:132] ['Nested Loop']
2022-12-02 20:49:11 [P-13376] [MainThread] [parse_query_plan] [DEBUG] parse_query_plan.py[line:149] _do_NestedLoop
2022-12-02 20:49:11 [P-13376] [MainThread] [parse_query_plan] [DEBUG] parse_query_plan.py[line:126] Nested Loop  (cost=8.48..2860.02 rows=1094 width=12) (actual time=9.617..32716.036 rows=1180265 loops=1)
2022-12-02 20:49:11 [P-13376] [MainThread] [parse_query_plan] [DEBUG] parse_query_plan.py[line:132] ['Nested Loop']
2022-12-02 20:49:11 [P-13376] [MainThread] [parse_query_plan] [DEBUG] parse_query_plan.py[line:149] _do_NestedLoop
2022-12-02 20:49:11 [P-13376] [MainThread] [parse_query_plan] [DEBUG] parse_query_plan.py[line:126] Nested Loop  (cost=8.04..1537.90 rows=32 width=4) (actual time=9.120..827.201 rows=43721 loops=1)
2022-12-02 20:49:11 [P-13376] [MainThread] [parse_query_plan] [DEBUG] parse_query_plan.py[line:132] ['Nested Loop']
2022-12-02 20:49:11 [P-13376] [MainThread] [parse_query_plan] [DEBUG] parse_query_plan.py[line:149] _do_NestedLoop
2022-12-02 20:49:11 [P-13376] [MainThread] [parse_query_plan] [DEBUG] parse_query_plan.py[line:126] Index Scan using keyword_idx_keyword on keyword k  (cost=0.42..8.44 rows=1 width=4) (actual time=0.704..1.218 rows=1 loops=1)
2022-12-02 20:49:11 [P-13376] [MainThread] [parse_query_plan] [DEBUG] parse_query_plan.py[line:132] ['Index Scan', 'keyword_idx_keyword', 'keyword k']
2022-12-02 20:49:11 [P-13376] [MainThread] [parse_query_plan] [DEBUG] parse_query_plan.py[line:149] _do_IndexScan
2022-12-02 20:49:11 [P-13376] [MainThread] [parse_query_plan] [DEBUG] parse_query_plan.py[line:126] Bitmap Heap Scan on movie_keyword mk  (cost=7.62..1525.35 rows=411 width=8) (actual time=8.410..810.677 rows=43721 loops=1)
2022-12-02 20:49:11 [P-13376] [MainThread] [parse_query_plan] [DEBUG] parse_query_plan.py[line:132] ['Bitmap Heap Scan', 'movie_keyword mk']
2022-12-02 20:49:11 [P-13376] [MainThread] [parse_query_plan] [DEBUG] parse_query_plan.py[line:149] _do_BitMapHeapScan
2022-12-02 20:49:11 [P-13376] [MainThread] [parse_query_plan] [DEBUG] parse_query_plan.py[line:126] Bitmap Index Scan on movie_keyword_idx_keywordid  (cost=0.00..7.51 rows=411 width=0) (actual time=6.383..6.383 rows=43721 loops=1)
2022-12-02 20:49:11 [P-13376] [MainThread] [parse_query_plan] [DEBUG] parse_query_plan.py[line:132] ['Bitmap Index Scan', 'movie_keyword_idx_keywordid']
2022-12-02 20:49:11 [P-13376] [MainThread] [parse_query_plan] [DEBUG] parse_query_plan.py[line:149] _do_BitMapIndexScan
2022-12-02 20:49:11 [P-13376] [MainThread] [parse_query_plan] [DEBUG] parse_query_plan.py[line:126] Index Scan using cast_info_idx_mid on cast_info ci  (cost=0.44..40.97 rows=35 width=8) (actual time=0.045..0.723 rows=27 loops=43721)
2022-12-02 20:49:11 [P-13376] [MainThread] [parse_query_plan] [DEBUG] parse_query_plan.py[line:132] ['Index Scan', 'cast_info_idx_mid', 'cast_info ci']
2022-12-02 20:49:11 [P-13376] [MainThread] [parse_query_plan] [DEBUG] parse_query_plan.py[line:149] _do_IndexScan
2022-12-02 20:49:11 [P-13376] [MainThread] [parse_query_plan] [DEBUG] parse_query_plan.py[line:126] Index Scan using name_pkey on name n  (cost=0.43..2.27 rows=1 width=19) (actual time=0.008..0.008 rows=0 loops=1180265)
2022-12-02 20:49:11 [P-13376] [MainThread] [parse_query_plan] [DEBUG] parse_query_plan.py[line:132] ['Index Scan', 'name_pkey', 'name n']
2022-12-02 20:49:11 [P-13376] [MainThread] [parse_query_plan] [DEBUG] parse_query_plan.py[line:149] _do_IndexScan
2022-12-02 20:49:11 [P-13376] [MainThread] [parse_query_plan] [DEBUG] parse_query_plan.py[line:126] Index Only Scan using title_pkey on title t  (cost=0.43..1.37 rows=1 width=4) (actual time=0.025..0.025 rows=0 loops=2114)
2022-12-02 20:49:11 [P-13376] [MainThread] [parse_query_plan] [DEBUG] parse_query_plan.py[line:132] ['Index Only Scan', 'title_pkey', 'title t']
2022-12-02 20:49:11 [P-13376] [MainThread] [parse_query_plan] [DEBUG] parse_query_plan.py[line:149] _do_IndexOnlyScan
2022-12-02 20:49:11 [P-13376] [MainThread] [parse_query_plan] [DEBUG] parse_query_plan.py[line:126] Index Scan using movie_companies_idx_mid on movie_companies mc  (cost=0.43..6.14 rows=6 width=8) (actual time=0.138..0.187 rows=4 loops=485)
2022-12-02 20:49:11 [P-13376] [MainThread] [parse_query_plan] [DEBUG] parse_query_plan.py[line:132] ['Index Scan', 'movie_companies_idx_mid', 'movie_companies mc']
2022-12-02 20:49:11 [P-13376] [MainThread] [parse_query_plan] [DEBUG] parse_query_plan.py[line:149] _do_IndexScan
2022-12-02 20:49:11 [P-13376] [MainThread] [parse_query_plan] [DEBUG] parse_query_plan.py[line:126] Index Only Scan using company_name_pkey on company_name cn  (cost=0.42..1.27 rows=1 width=4) (actual time=0.008..0.008 rows=1 loops=1842)
2022-12-02 20:49:11 [P-13376] [MainThread] [parse_query_plan] [DEBUG] parse_query_plan.py[line:132] ['Index Only Scan', 'company_name_pkey', 'company_name cn']
2022-12-02 20:49:11 [P-13376] [MainThread] [parse_query_plan] [DEBUG] parse_query_plan.py[line:149] _do_IndexOnlyScan
2022-12-02 20:49:11 [P-13376] [MainThread] [parse_query_plan] [DEBUG] parse_query_plan.py[line:126] Aggregate  (cost=7529.99..7530.00 rows=1 width=32) (actual time=11206.124..11206.128 rows=1 loops=1)
2022-12-02 20:49:11 [P-13376] [MainThread] [parse_query_plan] [DEBUG] parse_query_plan.py[line:132] ['Aggregate']
2022-12-02 20:49:11 [P-13376] [MainThread] [parse_query_plan] [DEBUG] parse_query_plan.py[line:149] _do_Aggregate
2022-12-02 20:49:11 [P-13376] [MainThread] [parse_query_plan] [DEBUG] parse_query_plan.py[line:126] Nested Loop  (cost=10.20..7527.17 rows=1127 width=15) (actual time=17.105..11090.944 rows=646823 loops=1)
2022-12-02 20:49:11 [P-13376] [MainThread] [parse_query_plan] [DEBUG] parse_query_plan.py[line:132] ['Nested Loop']
2022-12-02 20:49:11 [P-13376] [MainThread] [parse_query_plan] [DEBUG] parse_query_plan.py[line:149] _do_NestedLoop
2022-12-02 20:49:11 [P-13376] [MainThread] [parse_query_plan] [DEBUG] parse_query_plan.py[line:126] Nested Loop  (cost=9.76..4976.50 rows=1127 width=4) (actual time=16.924..8964.972 rows=646823 loops=1)
2022-12-02 20:49:11 [P-13376] [MainThread] [parse_query_plan] [DEBUG] parse_query_plan.py[line:132] ['Nested Loop']
2022-12-02 20:49:11 [P-13376] [MainThread] [parse_query_plan] [DEBUG] parse_query_plan.py[line:149] _do_NestedLoop
2022-12-02 20:49:11 [P-13376] [MainThread] [parse_query_plan] [DEBUG] parse_query_plan.py[line:126] Nested Loop  (cost=9.32..2161.03 rows=68 width=12) (actual time=16.667..2639.201 rows=23759 loops=1)
2022-12-02 20:49:11 [P-13376] [MainThread] [parse_query_plan] [DEBUG] parse_query_plan.py[line:132] ['Nested Loop']
2022-12-02 20:49:11 [P-13376] [MainThread] [parse_query_plan] [DEBUG] parse_query_plan.py[line:149] _do_NestedLoop
2022-12-02 20:49:11 [P-13376] [MainThread] [parse_query_plan] [DEBUG] parse_query_plan.py[line:126] Nested Loop  (cost=8.90..1781.04 rows=181 width=16) (actual time=16.396..2361.743 rows=47028 loops=1)
2022-12-02 20:49:11 [P-13376] [MainThread] [parse_query_plan] [DEBUG] parse_query_plan.py[line:132] ['Nested Loop']
2022-12-02 20:49:11 [P-13376] [MainThread] [parse_query_plan] [DEBUG] parse_query_plan.py[line:149] _do_NestedLoop
2022-12-02 20:49:11 [P-13376] [MainThread] [parse_query_plan] [DEBUG] parse_query_plan.py[line:126] Nested Loop  (cost=8.47..1581.80 rows=32 width=8) (actual time=16.087..1901.407 rows=15818 loops=1)
2022-12-02 20:49:11 [P-13376] [MainThread] [parse_query_plan] [DEBUG] parse_query_plan.py[line:132] ['Nested Loop']
2022-12-02 20:49:11 [P-13376] [MainThread] [parse_query_plan] [DEBUG] parse_query_plan.py[line:149] _do_NestedLoop
2022-12-02 20:49:11 [P-13376] [MainThread] [parse_query_plan] [DEBUG] parse_query_plan.py[line:126] Nested Loop  (cost=8.04..1537.90 rows=32 width=4) (actual time=7.753..1580.434 rows=43721 loops=1)
2022-12-02 20:49:11 [P-13376] [MainThread] [parse_query_plan] [DEBUG] parse_query_plan.py[line:132] ['Nested Loop']
2022-12-02 20:49:11 [P-13376] [MainThread] [parse_query_plan] [DEBUG] parse_query_plan.py[line:149] _do_NestedLoop
2022-12-02 20:49:11 [P-13376] [MainThread] [parse_query_plan] [DEBUG] parse_query_plan.py[line:126] Index Scan using keyword_idx_keyword on keyword k  (cost=0.42..8.44 rows=1 width=4) (actual time=0.364..0.367 rows=1 loops=1)
2022-12-02 20:49:11 [P-13376] [MainThread] [parse_query_plan] [DEBUG] parse_query_plan.py[line:132] ['Index Scan', 'keyword_idx_keyword', 'keyword k']
2022-12-02 20:49:11 [P-13376] [MainThread] [parse_query_plan] [DEBUG] parse_query_plan.py[line:149] _do_IndexScan
2022-12-02 20:49:11 [P-13376] [MainThread] [parse_query_plan] [DEBUG] parse_query_plan.py[line:126] Bitmap Heap Scan on movie_keyword mk  (cost=7.62..1525.35 rows=411 width=8) (actual time=7.384..1568.709 rows=43721 loops=1)
2022-12-02 20:49:11 [P-13376] [MainThread] [parse_query_plan] [DEBUG] parse_query_plan.py[line:132] ['Bitmap Heap Scan', 'movie_keyword mk']
2022-12-02 20:49:11 [P-13376] [MainThread] [parse_query_plan] [DEBUG] parse_query_plan.py[line:149] _do_BitMapHeapScan
2022-12-02 20:49:11 [P-13376] [MainThread] [parse_query_plan] [DEBUG] parse_query_plan.py[line:126] Bitmap Index Scan on movie_keyword_idx_keywordid  (cost=0.00..7.51 rows=411 width=0) (actual time=5.641..5.641 rows=43721 loops=1)
2022-12-02 20:49:11 [P-13376] [MainThread] [parse_query_plan] [DEBUG] parse_query_plan.py[line:132] ['Bitmap Index Scan', 'movie_keyword_idx_keywordid']
2022-12-02 20:49:11 [P-13376] [MainThread] [parse_query_plan] [DEBUG] parse_query_plan.py[line:149] _do_BitMapIndexScan
2022-12-02 20:49:11 [P-13376] [MainThread] [parse_query_plan] [DEBUG] parse_query_plan.py[line:126] Index Only Scan using title_pkey on title t  (cost=0.43..1.37 rows=1 width=4) (actual time=0.007..0.007 rows=0 loops=43721)
2022-12-02 20:49:11 [P-13376] [MainThread] [parse_query_plan] [DEBUG] parse_query_plan.py[line:132] ['Index Only Scan', 'title_pkey', 'title t']
2022-12-02 20:49:11 [P-13376] [MainThread] [parse_query_plan] [DEBUG] parse_query_plan.py[line:149] _do_IndexOnlyScan
2022-12-02 20:49:11 [P-13376] [MainThread] [parse_query_plan] [DEBUG] parse_query_plan.py[line:126] Index Scan using movie_companies_idx_mid on movie_companies mc  (cost=0.43..6.15 rows=6 width=8) (actual time=0.018..0.028 rows=3 loops=15818)
2022-12-02 20:49:11 [P-13376] [MainThread] [parse_query_plan] [DEBUG] parse_query_plan.py[line:132] ['Index Scan', 'movie_companies_idx_mid', 'movie_companies mc']
2022-12-02 20:49:11 [P-13376] [MainThread] [parse_query_plan] [DEBUG] parse_query_plan.py[line:149] _do_IndexScan
2022-12-02 20:49:11 [P-13376] [MainThread] [parse_query_plan] [DEBUG] parse_query_plan.py[line:126] Index Scan using company_name_pkey on company_name cn  (cost=0.42..2.10 rows=1 width=4) (actual time=0.006..0.006 rows=1 loops=47028)
2022-12-02 20:49:11 [P-13376] [MainThread] [parse_query_plan] [DEBUG] parse_query_plan.py[line:132] ['Index Scan', 'company_name_pkey', 'company_name cn']
2022-12-02 20:49:11 [P-13376] [MainThread] [parse_query_plan] [DEBUG] parse_query_plan.py[line:149] _do_IndexScan
2022-12-02 20:49:11 [P-13376] [MainThread] [parse_query_plan] [DEBUG] parse_query_plan.py[line:126] Index Scan using cast_info_idx_mid on cast_info ci  (cost=0.44..40.97 rows=35 width=8) (actual time=0.029..0.262 rows=27 loops=23759)
2022-12-02 20:49:11 [P-13376] [MainThread] [parse_query_plan] [DEBUG] parse_query_plan.py[line:132] ['Index Scan', 'cast_info_idx_mid', 'cast_info ci']
2022-12-02 20:49:11 [P-13376] [MainThread] [parse_query_plan] [DEBUG] parse_query_plan.py[line:149] _do_IndexScan
2022-12-02 20:49:11 [P-13376] [MainThread] [parse_query_plan] [DEBUG] parse_query_plan.py[line:126] Index Scan using name_pkey on name n  (cost=0.43..2.26 rows=1 width=19) (actual time=0.003..0.003 rows=1 loops=646823)
2022-12-02 20:49:11 [P-13376] [MainThread] [parse_query_plan] [DEBUG] parse_query_plan.py[line:132] ['Index Scan', 'name_pkey', 'name n']
2022-12-02 20:49:11 [P-13376] [MainThread] [parse_query_plan] [DEBUG] parse_query_plan.py[line:149] _do_IndexScan
2022-12-02 20:49:11 [P-13376] [MainThread] [parse_query_plan] [DEBUG] parse_query_plan.py[line:126] Aggregate  (cost=6772.48..6772.49 rows=1 width=32) (actual time=14372.702..14372.706 rows=1 loops=1)
2022-12-02 20:49:11 [P-13376] [MainThread] [parse_query_plan] [DEBUG] parse_query_plan.py[line:132] ['Aggregate']
2022-12-02 20:49:11 [P-13376] [MainThread] [parse_query_plan] [DEBUG] parse_query_plan.py[line:149] _do_Aggregate
2022-12-02 20:49:11 [P-13376] [MainThread] [parse_query_plan] [DEBUG] parse_query_plan.py[line:126] Nested Loop  (cost=10.20..6771.51 rows=389 width=15) (actual time=16.483..14334.057 rows=223752 loops=1)
2022-12-02 20:49:11 [P-13376] [MainThread] [parse_query_plan] [DEBUG] parse_query_plan.py[line:132] ['Nested Loop']
2022-12-02 20:49:11 [P-13376] [MainThread] [parse_query_plan] [DEBUG] parse_query_plan.py[line:149] _do_NestedLoop
2022-12-02 20:49:11 [P-13376] [MainThread] [parse_query_plan] [DEBUG] parse_query_plan.py[line:126] Nested Loop  (cost=9.77..6278.37 rows=389 width=19) (actual time=16.474..14087.118 rows=223752 loops=1)
2022-12-02 20:49:11 [P-13376] [MainThread] [parse_query_plan] [DEBUG] parse_query_plan.py[line:132] ['Nested Loop']
2022-12-02 20:49:11 [P-13376] [MainThread] [parse_query_plan] [DEBUG] parse_query_plan.py[line:149] _do_NestedLoop
2022-12-02 20:49:11 [P-13376] [MainThread] [parse_query_plan] [DEBUG] parse_query_plan.py[line:126] Nested Loop  (cost=9.34..5385.45 rows=144 width=27) (actual time=16.121..13482.910 rows=42777 loops=1)
2022-12-02 20:49:11 [P-13376] [MainThread] [parse_query_plan] [DEBUG] parse_query_plan.py[line:132] ['Nested Loop']
2022-12-02 20:49:11 [P-13376] [MainThread] [parse_query_plan] [DEBUG] parse_query_plan.py[line:149] _do_NestedLoop
2022-12-02 20:49:11 [P-13376] [MainThread] [parse_query_plan] [DEBUG] parse_query_plan.py[line:126] Nested Loop  (cost=8.91..2906.73 rows=1094 width=16) (actual time=14.925..10535.727 rows=292953 loops=1)
2022-12-02 20:49:11 [P-13376] [MainThread] [parse_query_plan] [DEBUG] parse_query_plan.py[line:132] ['Nested Loop']
2022-12-02 20:49:11 [P-13376] [MainThread] [parse_query_plan] [DEBUG] parse_query_plan.py[line:149] _do_NestedLoop
2022-12-02 20:49:11 [P-13376] [MainThread] [parse_query_plan] [DEBUG] parse_query_plan.py[line:126] Nested Loop  (cost=8.47..1581.80 rows=32 width=8) (actual time=14.640..1227.443 rows=15818 loops=1)
2022-12-02 20:49:11 [P-13376] [MainThread] [parse_query_plan] [DEBUG] parse_query_plan.py[line:132] ['Nested Loop']
2022-12-02 20:49:11 [P-13376] [MainThread] [parse_query_plan] [DEBUG] parse_query_plan.py[line:149] _do_NestedLoop
2022-12-02 20:49:11 [P-13376] [MainThread] [parse_query_plan] [DEBUG] parse_query_plan.py[line:126] Nested Loop  (cost=8.04..1537.90 rows=32 width=4) (actual time=5.465..945.657 rows=43721 loops=1)
2022-12-02 20:49:11 [P-13376] [MainThread] [parse_query_plan] [DEBUG] parse_query_plan.py[line:132] ['Nested Loop']
2022-12-02 20:49:11 [P-13376] [MainThread] [parse_query_plan] [DEBUG] parse_query_plan.py[line:149] _do_NestedLoop
2022-12-02 20:49:11 [P-13376] [MainThread] [parse_query_plan] [DEBUG] parse_query_plan.py[line:126] Index Scan using keyword_idx_keyword on keyword k  (cost=0.42..8.44 rows=1 width=4) (actual time=0.360..0.363 rows=1 loops=1)
2022-12-02 20:49:11 [P-13376] [MainThread] [parse_query_plan] [DEBUG] parse_query_plan.py[line:132] ['Index Scan', 'keyword_idx_keyword', 'keyword k']
2022-12-02 20:49:11 [P-13376] [MainThread] [parse_query_plan] [DEBUG] parse_query_plan.py[line:149] _do_IndexScan
2022-12-02 20:49:11 [P-13376] [MainThread] [parse_query_plan] [DEBUG] parse_query_plan.py[line:126] Bitmap Heap Scan on movie_keyword mk  (cost=7.62..1525.35 rows=411 width=8) (actual time=5.100..935.622 rows=43721 loops=1)
2022-12-02 20:49:11 [P-13376] [MainThread] [parse_query_plan] [DEBUG] parse_query_plan.py[line:132] ['Bitmap Heap Scan', 'movie_keyword mk']
2022-12-02 20:49:11 [P-13376] [MainThread] [parse_query_plan] [DEBUG] parse_query_plan.py[line:149] _do_BitMapHeapScan
2022-12-02 20:49:11 [P-13376] [MainThread] [parse_query_plan] [DEBUG] parse_query_plan.py[line:126] Bitmap Index Scan on movie_keyword_idx_keywordid  (cost=0.00..7.51 rows=411 width=0) (actual time=3.439..3.440 rows=43721 loops=1)
2022-12-02 20:49:11 [P-13376] [MainThread] [parse_query_plan] [DEBUG] parse_query_plan.py[line:132] ['Bitmap Index Scan', 'movie_keyword_idx_keywordid']
2022-12-02 20:49:11 [P-13376] [MainThread] [parse_query_plan] [DEBUG] parse_query_plan.py[line:149] _do_BitMapIndexScan
2022-12-02 20:49:11 [P-13376] [MainThread] [parse_query_plan] [DEBUG] parse_query_plan.py[line:126] Index Only Scan using title_pkey on title t  (cost=0.43..1.37 rows=1 width=4) (actual time=0.006..0.006 rows=0 loops=43721)
2022-12-02 20:49:11 [P-13376] [MainThread] [parse_query_plan] [DEBUG] parse_query_plan.py[line:132] ['Index Only Scan', 'title_pkey', 'title t']
2022-12-02 20:49:11 [P-13376] [MainThread] [parse_query_plan] [DEBUG] parse_query_plan.py[line:149] _do_IndexOnlyScan
2022-12-02 20:49:11 [P-13376] [MainThread] [parse_query_plan] [DEBUG] parse_query_plan.py[line:126] Index Scan using cast_info_idx_mid on cast_info ci  (cost=0.44..40.97 rows=35 width=8) (actual time=0.069..0.583 rows=19 loops=15818)
2022-12-02 20:49:11 [P-13376] [MainThread] [parse_query_plan] [DEBUG] parse_query_plan.py[line:132] ['Index Scan', 'cast_info_idx_mid', 'cast_info ci']
2022-12-02 20:49:11 [P-13376] [MainThread] [parse_query_plan] [DEBUG] parse_query_plan.py[line:149] _do_IndexScan
2022-12-02 20:49:11 [P-13376] [MainThread] [parse_query_plan] [DEBUG] parse_query_plan.py[line:126] Index Scan using name_pkey on name n  (cost=0.43..2.27 rows=1 width=19) (actual time=0.010..0.010 rows=0 loops=292953)
2022-12-02 20:49:11 [P-13376] [MainThread] [parse_query_plan] [DEBUG] parse_query_plan.py[line:132] ['Index Scan', 'name_pkey', 'name n']
2022-12-02 20:49:11 [P-13376] [MainThread] [parse_query_plan] [DEBUG] parse_query_plan.py[line:149] _do_IndexScan
2022-12-02 20:49:11 [P-13376] [MainThread] [parse_query_plan] [DEBUG] parse_query_plan.py[line:126] Index Scan using movie_companies_idx_mid on movie_companies mc  (cost=0.43..6.14 rows=6 width=8) (actual time=0.009..0.013 rows=5 loops=42777)
2022-12-02 20:49:11 [P-13376] [MainThread] [parse_query_plan] [DEBUG] parse_query_plan.py[line:132] ['Index Scan', 'movie_companies_idx_mid', 'movie_companies mc']
2022-12-02 20:49:11 [P-13376] [MainThread] [parse_query_plan] [DEBUG] parse_query_plan.py[line:149] _do_IndexScan
2022-12-02 20:49:11 [P-13376] [MainThread] [parse_query_plan] [DEBUG] parse_query_plan.py[line:126] Index Only Scan using company_name_pkey on company_name cn  (cost=0.42..1.27 rows=1 width=4) (actual time=0.001..0.001 rows=1 loops=223752)
2022-12-02 20:49:11 [P-13376] [MainThread] [parse_query_plan] [DEBUG] parse_query_plan.py[line:132] ['Index Only Scan', 'company_name_pkey', 'company_name cn']
2022-12-02 20:49:11 [P-13376] [MainThread] [parse_query_plan] [DEBUG] parse_query_plan.py[line:149] _do_IndexOnlyScan
2022-12-02 20:49:11 [P-13376] [MainThread] [parse_query_plan] [DEBUG] parse_query_plan.py[line:126] Aggregate  (cost=466.38..466.39 rows=1 width=96) (actual time=0.022..0.023 rows=1 loops=1)
2022-12-02 20:49:11 [P-13376] [MainThread] [parse_query_plan] [DEBUG] parse_query_plan.py[line:132] ['Aggregate']
2022-12-02 20:49:11 [P-13376] [MainThread] [parse_query_plan] [DEBUG] parse_query_plan.py[line:149] _do_Aggregate
2022-12-02 20:49:11 [P-13376] [MainThread] [parse_query_plan] [DEBUG] parse_query_plan.py[line:126] Nested Loop  (cost=5.92..466.37 rows=1 width=91) (actual time=0.021..0.021 rows=0 loops=1)
2022-12-02 20:49:11 [P-13376] [MainThread] [parse_query_plan] [DEBUG] parse_query_plan.py[line:132] ['Nested Loop']
2022-12-02 20:49:11 [P-13376] [MainThread] [parse_query_plan] [DEBUG] parse_query_plan.py[line:149] _do_NestedLoop
2022-12-02 20:49:11 [P-13376] [MainThread] [parse_query_plan] [DEBUG] parse_query_plan.py[line:126] Seq Scan on info_type it1  (cost=0.00..2.41 rows=1 width=4) (actual time=0.009..0.009 rows=1 loops=1)
2022-12-02 20:49:11 [P-13376] [MainThread] [parse_query_plan] [DEBUG] parse_query_plan.py[line:132] ['Seq Scan', 'info_type it1']
2022-12-02 20:49:11 [P-13376] [MainThread] [parse_query_plan] [DEBUG] parse_query_plan.py[line:149] _do_SeqScan
2022-12-02 20:49:11 [P-13376] [MainThread] [parse_query_plan] [DEBUG] parse_query_plan.py[line:126] Nested Loop  (cost=5.92..463.88 rows=6 width=95) (actual time=0.011..0.011 rows=0 loops=1)
2022-12-02 20:49:11 [P-13376] [MainThread] [parse_query_plan] [DEBUG] parse_query_plan.py[line:132] ['Nested Loop']
2022-12-02 20:49:11 [P-13376] [MainThread] [parse_query_plan] [DEBUG] parse_query_plan.py[line:149] _do_NestedLoop
2022-12-02 20:49:11 [P-13376] [MainThread] [parse_query_plan] [DEBUG] parse_query_plan.py[line:126] Nested Loop  (cost=5.48..352.79 rows=1 width=60) (actual time=0.011..0.011 rows=0 loops=1)
2022-12-02 20:49:11 [P-13376] [MainThread] [parse_query_plan] [DEBUG] parse_query_plan.py[line:132] ['Nested Loop']
2022-12-02 20:49:11 [P-13376] [MainThread] [parse_query_plan] [DEBUG] parse_query_plan.py[line:149] _do_NestedLoop
2022-12-02 20:49:11 [P-13376] [MainThread] [parse_query_plan] [DEBUG] parse_query_plan.py[line:126] Nested Loop  (cost=5.05..314.08 rows=10 width=64) (actual time=0.010..0.011 rows=0 loops=1)
2022-12-02 20:49:11 [P-13376] [MainThread] [parse_query_plan] [DEBUG] parse_query_plan.py[line:132] ['Nested Loop']
2022-12-02 20:49:11 [P-13376] [MainThread] [parse_query_plan] [DEBUG] parse_query_plan.py[line:149] _do_NestedLoop
2022-12-02 20:49:11 [P-13376] [MainThread] [parse_query_plan] [DEBUG] parse_query_plan.py[line:126] Nested Loop  (cost=4.61..48.10 rows=4 width=56) (actual time=0.010..0.011 rows=0 loops=1)
2022-12-02 20:49:11 [P-13376] [MainThread] [parse_query_plan] [DEBUG] parse_query_plan.py[line:132] ['Nested Loop']
2022-12-02 20:49:11 [P-13376] [MainThread] [parse_query_plan] [DEBUG] parse_query_plan.py[line:149] _do_NestedLoop
2022-12-02 20:49:11 [P-13376] [MainThread] [parse_query_plan] [DEBUG] parse_query_plan.py[line:126] Nested Loop  (cost=4.18..15.09 rows=4 width=36) (actual time=0.010..0.011 rows=0 loops=1)
2022-12-02 20:49:11 [P-13376] [MainThread] [parse_query_plan] [DEBUG] parse_query_plan.py[line:132] ['Nested Loop']
2022-12-02 20:49:11 [P-13376] [MainThread] [parse_query_plan] [DEBUG] parse_query_plan.py[line:149] _do_NestedLoop
2022-12-02 20:49:11 [P-13376] [MainThread] [parse_query_plan] [DEBUG] parse_query_plan.py[line:126] Seq Scan on info_type it2  (cost=0.00..2.41 rows=1 width=4) (actual time=0.005..0.005 rows=1 loops=1)
2022-12-02 20:49:11 [P-13376] [MainThread] [parse_query_plan] [DEBUG] parse_query_plan.py[line:132] ['Seq Scan', 'info_type it2']
2022-12-02 20:49:11 [P-13376] [MainThread] [parse_query_plan] [DEBUG] parse_query_plan.py[line:149] _do_SeqScan
2022-12-02 20:49:11 [P-13376] [MainThread] [parse_query_plan] [DEBUG] parse_query_plan.py[line:126] Bitmap Heap Scan on movie_info_idx mi_idx  (cost=4.18..12.64 rows=4 width=40) (actual time=0.003..0.003 rows=0 loops=1)
2022-12-02 20:49:11 [P-13376] [MainThread] [parse_query_plan] [DEBUG] parse_query_plan.py[line:132] ['Bitmap Heap Scan', 'movie_info_idx mi_idx']
2022-12-02 20:49:11 [P-13376] [MainThread] [parse_query_plan] [DEBUG] parse_query_plan.py[line:149] _do_BitMapHeapScan
2022-12-02 20:49:11 [P-13376] [MainThread] [parse_query_plan] [DEBUG] parse_query_plan.py[line:126] Bitmap Index Scan on info_type_id_movie_info_idx  (cost=0.00..4.18 rows=4 width=0) (actual time=0.002..0.002 rows=0 loops=1)
2022-12-02 20:49:11 [P-13376] [MainThread] [parse_query_plan] [DEBUG] parse_query_plan.py[line:132] ['Bitmap Index Scan', 'info_type_id_movie_info_idx']
2022-12-02 20:49:11 [P-13376] [MainThread] [parse_query_plan] [DEBUG] parse_query_plan.py[line:149] _do_BitMapIndexScan
2022-12-02 20:49:11 [P-13376] [MainThread] [parse_query_plan] [DEBUG] parse_query_plan.py[line:126] Index Scan using title_pkey on title t  (cost=0.43..8.25 rows=1 width=20) (never executed)
2022-12-02 20:49:11 [P-13376] [MainThread] [parse_query_plan] [DEBUG] parse_query_plan.py[line:132] ['Index Scan', 'title_pkey', 'title t']
2022-12-02 20:49:11 [P-13376] [MainThread] [parse_query_plan] [DEBUG] parse_query_plan.py[line:149] _do_IndexScan
2022-12-02 20:49:11 [P-13376] [MainThread] [parse_query_plan] [DEBUG] parse_query_plan.py[line:126] Index Scan using cast_info_idx_mid on cast_info ci  (cost=0.44..66.46 rows=3 width=8) (never executed)
2022-12-02 20:49:11 [P-13376] [MainThread] [parse_query_plan] [DEBUG] parse_query_plan.py[line:132] ['Index Scan', 'cast_info_idx_mid', 'cast_info ci']
2022-12-02 20:49:11 [P-13376] [MainThread] [parse_query_plan] [DEBUG] parse_query_plan.py[line:149] _do_IndexScan
2022-12-02 20:49:11 [P-13376] [MainThread] [parse_query_plan] [DEBUG] parse_query_plan.py[line:183] <re.Match object; span=(0, 58), match='note = ANY (\'{(producer),"(executive producer)"}>
2022-12-02 20:49:11 [P-13376] [MainThread] [parse_query_plan] [DEBUG] parse_query_plan.py[line:126] Index Scan using name_pkey on name n  (cost=0.43..3.87 rows=1 width=4) (never executed)
2022-12-02 20:49:11 [P-13376] [MainThread] [parse_query_plan] [DEBUG] parse_query_plan.py[line:132] ['Index Scan', 'name_pkey', 'name n']
2022-12-02 20:49:11 [P-13376] [MainThread] [parse_query_plan] [DEBUG] parse_query_plan.py[line:149] _do_IndexScan
2022-12-02 20:49:11 [P-13376] [MainThread] [parse_query_plan] [DEBUG] parse_query_plan.py[line:126] Index Scan using movie_info_idx_mid on movie_info mi  (cost=0.44..110.47 rows=62 width=51) (never executed)
2022-12-02 20:49:11 [P-13376] [MainThread] [parse_query_plan] [DEBUG] parse_query_plan.py[line:132] ['Index Scan', 'movie_info_idx_mid', 'movie_info mi']
2022-12-02 20:49:11 [P-13376] [MainThread] [parse_query_plan] [DEBUG] parse_query_plan.py[line:149] _do_IndexScan
2022-12-02 20:49:11 [P-13376] [MainThread] [parse_query_plan] [DEBUG] parse_query_plan.py[line:126] Aggregate  (cost=205.14..205.15 rows=1 width=96) (actual time=0.127..0.128 rows=1 loops=1)
2022-12-02 20:49:11 [P-13376] [MainThread] [parse_query_plan] [DEBUG] parse_query_plan.py[line:132] ['Aggregate']
2022-12-02 20:49:11 [P-13376] [MainThread] [parse_query_plan] [DEBUG] parse_query_plan.py[line:149] _do_Aggregate
2022-12-02 20:49:11 [P-13376] [MainThread] [parse_query_plan] [DEBUG] parse_query_plan.py[line:126] Nested Loop  (cost=6.06..205.14 rows=1 width=91) (actual time=0.126..0.127 rows=0 loops=1)
2022-12-02 20:49:11 [P-13376] [MainThread] [parse_query_plan] [DEBUG] parse_query_plan.py[line:132] ['Nested Loop']
2022-12-02 20:49:11 [P-13376] [MainThread] [parse_query_plan] [DEBUG] parse_query_plan.py[line:149] _do_NestedLoop
2022-12-02 20:49:11 [P-13376] [MainThread] [parse_query_plan] [DEBUG] parse_query_plan.py[line:126] Nested Loop  (cost=5.63..201.24 rows=1 width=95) (actual time=0.126..0.127 rows=0 loops=1)
2022-12-02 20:49:11 [P-13376] [MainThread] [parse_query_plan] [DEBUG] parse_query_plan.py[line:132] ['Nested Loop']
2022-12-02 20:49:11 [P-13376] [MainThread] [parse_query_plan] [DEBUG] parse_query_plan.py[line:149] _do_NestedLoop
2022-12-02 20:49:11 [P-13376] [MainThread] [parse_query_plan] [DEBUG] parse_query_plan.py[line:126] Nested Loop  (cost=5.49..201.06 rows=1 width=99) (actual time=0.125..0.126 rows=0 loops=1)
2022-12-02 20:49:11 [P-13376] [MainThread] [parse_query_plan] [DEBUG] parse_query_plan.py[line:132] ['Nested Loop']
2022-12-02 20:49:11 [P-13376] [MainThread] [parse_query_plan] [DEBUG] parse_query_plan.py[line:149] _do_NestedLoop
2022-12-02 20:49:11 [P-13376] [MainThread] [parse_query_plan] [DEBUG] parse_query_plan.py[line:126] Nested Loop  (cost=5.05..90.36 rows=1 width=64) (actual time=0.125..0.126 rows=0 loops=1)
2022-12-02 20:49:11 [P-13376] [MainThread] [parse_query_plan] [DEBUG] parse_query_plan.py[line:132] ['Nested Loop']
2022-12-02 20:49:11 [P-13376] [MainThread] [parse_query_plan] [DEBUG] parse_query_plan.py[line:149] _do_NestedLoop
2022-12-02 20:49:11 [P-13376] [MainThread] [parse_query_plan] [DEBUG] parse_query_plan.py[line:126] Nested Loop  (cost=4.61..23.48 rows=1 width=56) (actual time=0.125..0.126 rows=0 loops=1)
2022-12-02 20:49:11 [P-13376] [MainThread] [parse_query_plan] [DEBUG] parse_query_plan.py[line:132] ['Nested Loop']
2022-12-02 20:49:11 [P-13376] [MainThread] [parse_query_plan] [DEBUG] parse_query_plan.py[line:149] _do_NestedLoop
2022-12-02 20:49:11 [P-13376] [MainThread] [parse_query_plan] [DEBUG] parse_query_plan.py[line:126] Nested Loop  (cost=4.18..15.07 rows=1 width=36) (actual time=0.125..0.125 rows=0 loops=1)
2022-12-02 20:49:11 [P-13376] [MainThread] [parse_query_plan] [DEBUG] parse_query_plan.py[line:132] ['Nested Loop']
2022-12-02 20:49:11 [P-13376] [MainThread] [parse_query_plan] [DEBUG] parse_query_plan.py[line:149] _do_NestedLoop
2022-12-02 20:49:11 [P-13376] [MainThread] [parse_query_plan] [DEBUG] parse_query_plan.py[line:126] Seq Scan on info_type it2  (cost=0.00..2.41 rows=1 width=4) (actual time=0.009..0.011 rows=1 loops=1)
2022-12-02 20:49:11 [P-13376] [MainThread] [parse_query_plan] [DEBUG] parse_query_plan.py[line:132] ['Seq Scan', 'info_type it2']
2022-12-02 20:49:11 [P-13376] [MainThread] [parse_query_plan] [DEBUG] parse_query_plan.py[line:149] _do_SeqScan
2022-12-02 20:49:11 [P-13376] [MainThread] [parse_query_plan] [DEBUG] parse_query_plan.py[line:126] Bitmap Heap Scan on movie_info_idx mi_idx  (cost=4.18..12.65 rows=1 width=40) (actual time=0.112..0.112 rows=0 loops=1)
2022-12-02 20:49:11 [P-13376] [MainThread] [parse_query_plan] [DEBUG] parse_query_plan.py[line:132] ['Bitmap Heap Scan', 'movie_info_idx mi_idx']
2022-12-02 20:49:11 [P-13376] [MainThread] [parse_query_plan] [DEBUG] parse_query_plan.py[line:149] _do_BitMapHeapScan
2022-12-02 20:49:11 [P-13376] [MainThread] [parse_query_plan] [DEBUG] parse_query_plan.py[line:126] Bitmap Index Scan on info_type_id_movie_info_idx  (cost=0.00..4.18 rows=4 width=0) (actual time=0.001..0.001 rows=0 loops=1)
2022-12-02 20:49:11 [P-13376] [MainThread] [parse_query_plan] [DEBUG] parse_query_plan.py[line:132] ['Bitmap Index Scan', 'info_type_id_movie_info_idx']
2022-12-02 20:49:11 [P-13376] [MainThread] [parse_query_plan] [DEBUG] parse_query_plan.py[line:149] _do_BitMapIndexScan
2022-12-02 20:49:11 [P-13376] [MainThread] [parse_query_plan] [DEBUG] parse_query_plan.py[line:126] Index Scan using title_pkey on title t  (cost=0.43..8.41 rows=1 width=20) (never executed)
2022-12-02 20:49:11 [P-13376] [MainThread] [parse_query_plan] [DEBUG] parse_query_plan.py[line:132] ['Index Scan', 'title_pkey', 'title t']
2022-12-02 20:49:11 [P-13376] [MainThread] [parse_query_plan] [DEBUG] parse_query_plan.py[line:149] _do_IndexScan
2022-12-02 20:49:11 [P-13376] [MainThread] [parse_query_plan] [DEBUG] parse_query_plan.py[line:126] Index Scan using cast_info_idx_mid on cast_info ci  (cost=0.44..66.87 rows=1 width=8) (never executed)
2022-12-02 20:49:11 [P-13376] [MainThread] [parse_query_plan] [DEBUG] parse_query_plan.py[line:132] ['Index Scan', 'cast_info_idx_mid', 'cast_info ci']
2022-12-02 20:49:11 [P-13376] [MainThread] [parse_query_plan] [DEBUG] parse_query_plan.py[line:149] _do_IndexScan
2022-12-02 20:49:11 [P-13376] [MainThread] [parse_query_plan] [DEBUG] parse_query_plan.py[line:183] <re.Match object; span=(0, 89), match='note = ANY (\'{(writer),"(head writer)","(written>
2022-12-02 20:49:11 [P-13376] [MainThread] [parse_query_plan] [DEBUG] parse_query_plan.py[line:126] Index Scan using movie_info_idx_mid on movie_info mi  (cost=0.44..110.69 rows=1 width=51) (never executed)
2022-12-02 20:49:11 [P-13376] [MainThread] [parse_query_plan] [DEBUG] parse_query_plan.py[line:132] ['Index Scan', 'movie_info_idx_mid', 'movie_info mi']
2022-12-02 20:49:11 [P-13376] [MainThread] [parse_query_plan] [DEBUG] parse_query_plan.py[line:149] _do_IndexScan
2022-12-02 20:49:11 [P-13376] [MainThread] [parse_query_plan] [DEBUG] parse_query_plan.py[line:183] <re.Match object; span=(0, 40), match="info = ANY ('{Horror,Thriller}'::text[])">
2022-12-02 20:49:11 [P-13376] [MainThread] [parse_query_plan] [DEBUG] parse_query_plan.py[line:126] Index Scan using info_type_pkey on info_type it1  (cost=0.14..0.16 rows=1 width=4) (never executed)
2022-12-02 20:49:11 [P-13376] [MainThread] [parse_query_plan] [DEBUG] parse_query_plan.py[line:132] ['Index Scan', 'info_type_pkey', 'info_type it1']
2022-12-02 20:49:11 [P-13376] [MainThread] [parse_query_plan] [DEBUG] parse_query_plan.py[line:149] _do_IndexScan
2022-12-02 20:49:11 [P-13376] [MainThread] [parse_query_plan] [DEBUG] parse_query_plan.py[line:126] Index Scan using name_pkey on name n  (cost=0.43..3.90 rows=1 width=4) (never executed)
2022-12-02 20:49:11 [P-13376] [MainThread] [parse_query_plan] [DEBUG] parse_query_plan.py[line:132] ['Index Scan', 'name_pkey', 'name n']
2022-12-02 20:49:11 [P-13376] [MainThread] [parse_query_plan] [DEBUG] parse_query_plan.py[line:149] _do_IndexScan
2022-12-02 20:49:11 [P-13376] [MainThread] [parse_query_plan] [DEBUG] parse_query_plan.py[line:126] Aggregate  (cost=554.43..554.44 rows=1 width=96) (actual time=0.014..0.015 rows=1 loops=1)
2022-12-02 20:49:11 [P-13376] [MainThread] [parse_query_plan] [DEBUG] parse_query_plan.py[line:132] ['Aggregate']
2022-12-02 20:49:11 [P-13376] [MainThread] [parse_query_plan] [DEBUG] parse_query_plan.py[line:149] _do_Aggregate
2022-12-02 20:49:11 [P-13376] [MainThread] [parse_query_plan] [DEBUG] parse_query_plan.py[line:126] Nested Loop  (cost=5.92..554.43 rows=1 width=91) (actual time=0.013..0.014 rows=0 loops=1)
2022-12-02 20:49:11 [P-13376] [MainThread] [parse_query_plan] [DEBUG] parse_query_plan.py[line:132] ['Nested Loop']
2022-12-02 20:49:11 [P-13376] [MainThread] [parse_query_plan] [DEBUG] parse_query_plan.py[line:149] _do_NestedLoop
2022-12-02 20:49:11 [P-13376] [MainThread] [parse_query_plan] [DEBUG] parse_query_plan.py[line:126] Nested Loop  (cost=5.92..552.00 rows=1 width=95) (actual time=0.013..0.013 rows=0 loops=1)
2022-12-02 20:49:11 [P-13376] [MainThread] [parse_query_plan] [DEBUG] parse_query_plan.py[line:132] ['Nested Loop']
2022-12-02 20:49:11 [P-13376] [MainThread] [parse_query_plan] [DEBUG] parse_query_plan.py[line:149] _do_NestedLoop
2022-12-02 20:49:11 [P-13376] [MainThread] [parse_query_plan] [DEBUG] parse_query_plan.py[line:126] Nested Loop  (cost=5.48..330.11 rows=2 width=60) (actual time=0.013..0.013 rows=0 loops=1)
2022-12-02 20:49:11 [P-13376] [MainThread] [parse_query_plan] [DEBUG] parse_query_plan.py[line:132] ['Nested Loop']
2022-12-02 20:49:11 [P-13376] [MainThread] [parse_query_plan] [DEBUG] parse_query_plan.py[line:149] _do_NestedLoop
2022-12-02 20:49:11 [P-13376] [MainThread] [parse_query_plan] [DEBUG] parse_query_plan.py[line:126] Nested Loop  (cost=5.05..314.52 rows=4 width=64) (actual time=0.013..0.013 rows=0 loops=1)
2022-12-02 20:49:11 [P-13376] [MainThread] [parse_query_plan] [DEBUG] parse_query_plan.py[line:132] ['Nested Loop']
2022-12-02 20:49:11 [P-13376] [MainThread] [parse_query_plan] [DEBUG] parse_query_plan.py[line:149] _do_NestedLoop
2022-12-02 20:49:11 [P-13376] [MainThread] [parse_query_plan] [DEBUG] parse_query_plan.py[line:126] Nested Loop  (cost=4.61..48.10 rows=4 width=56) (actual time=0.013..0.013 rows=0 loops=1)
2022-12-02 20:49:11 [P-13376] [MainThread] [parse_query_plan] [DEBUG] parse_query_plan.py[line:132] ['Nested Loop']
2022-12-02 20:49:11 [P-13376] [MainThread] [parse_query_plan] [DEBUG] parse_query_plan.py[line:149] _do_NestedLoop
2022-12-02 20:49:11 [P-13376] [MainThread] [parse_query_plan] [DEBUG] parse_query_plan.py[line:126] Nested Loop  (cost=4.18..15.09 rows=4 width=36) (actual time=0.012..0.013 rows=0 loops=1)
2022-12-02 20:49:11 [P-13376] [MainThread] [parse_query_plan] [DEBUG] parse_query_plan.py[line:132] ['Nested Loop']
2022-12-02 20:49:11 [P-13376] [MainThread] [parse_query_plan] [DEBUG] parse_query_plan.py[line:149] _do_NestedLoop
2022-12-02 20:49:11 [P-13376] [MainThread] [parse_query_plan] [DEBUG] parse_query_plan.py[line:126] Seq Scan on info_type it2  (cost=0.00..2.41 rows=1 width=4) (actual time=0.008..0.009 rows=1 loops=1)
2022-12-02 20:49:11 [P-13376] [MainThread] [parse_query_plan] [DEBUG] parse_query_plan.py[line:132] ['Seq Scan', 'info_type it2']
2022-12-02 20:49:11 [P-13376] [MainThread] [parse_query_plan] [DEBUG] parse_query_plan.py[line:149] _do_SeqScan
2022-12-02 20:49:11 [P-13376] [MainThread] [parse_query_plan] [DEBUG] parse_query_plan.py[line:126] Bitmap Heap Scan on movie_info_idx mi_idx  (cost=4.18..12.64 rows=4 width=40) (actual time=0.002..0.002 rows=0 loops=1)
2022-12-02 20:49:11 [P-13376] [MainThread] [parse_query_plan] [DEBUG] parse_query_plan.py[line:132] ['Bitmap Heap Scan', 'movie_info_idx mi_idx']
2022-12-02 20:49:11 [P-13376] [MainThread] [parse_query_plan] [DEBUG] parse_query_plan.py[line:149] _do_BitMapHeapScan
2022-12-02 20:49:11 [P-13376] [MainThread] [parse_query_plan] [DEBUG] parse_query_plan.py[line:126] Bitmap Index Scan on info_type_id_movie_info_idx  (cost=0.00..4.18 rows=4 width=0) (actual time=0.001..0.001 rows=0 loops=1)
2022-12-02 20:49:11 [P-13376] [MainThread] [parse_query_plan] [DEBUG] parse_query_plan.py[line:132] ['Bitmap Index Scan', 'info_type_id_movie_info_idx']
2022-12-02 20:49:11 [P-13376] [MainThread] [parse_query_plan] [DEBUG] parse_query_plan.py[line:149] _do_BitMapIndexScan
2022-12-02 20:49:11 [P-13376] [MainThread] [parse_query_plan] [DEBUG] parse_query_plan.py[line:126] Index Scan using title_pkey on title t  (cost=0.43..8.25 rows=1 width=20) (never executed)
2022-12-02 20:49:11 [P-13376] [MainThread] [parse_query_plan] [DEBUG] parse_query_plan.py[line:132] ['Index Scan', 'title_pkey', 'title t']
2022-12-02 20:49:11 [P-13376] [MainThread] [parse_query_plan] [DEBUG] parse_query_plan.py[line:149] _do_IndexScan
2022-12-02 20:49:11 [P-13376] [MainThread] [parse_query_plan] [DEBUG] parse_query_plan.py[line:126] Index Scan using cast_info_idx_mid on cast_info ci  (cost=0.44..66.59 rows=1 width=8) (never executed)
2022-12-02 20:49:11 [P-13376] [MainThread] [parse_query_plan] [DEBUG] parse_query_plan.py[line:132] ['Index Scan', 'cast_info_idx_mid', 'cast_info ci']
2022-12-02 20:49:11 [P-13376] [MainThread] [parse_query_plan] [DEBUG] parse_query_plan.py[line:149] _do_IndexScan
2022-12-02 20:49:11 [P-13376] [MainThread] [parse_query_plan] [DEBUG] parse_query_plan.py[line:183] <re.Match object; span=(0, 89), match='note = ANY (\'{(writer),"(head writer)","(written>
2022-12-02 20:49:11 [P-13376] [MainThread] [parse_query_plan] [DEBUG] parse_query_plan.py[line:126] Index Scan using name_pkey on name n  (cost=0.43..3.90 rows=1 width=4) (never executed)
2022-12-02 20:49:11 [P-13376] [MainThread] [parse_query_plan] [DEBUG] parse_query_plan.py[line:132] ['Index Scan', 'name_pkey', 'name n']
2022-12-02 20:49:11 [P-13376] [MainThread] [parse_query_plan] [DEBUG] parse_query_plan.py[line:149] _do_IndexScan
2022-12-02 20:49:11 [P-13376] [MainThread] [parse_query_plan] [DEBUG] parse_query_plan.py[line:126] Index Scan using movie_info_idx_mid on movie_info mi  (cost=0.44..110.94 rows=1 width=51) (never executed)
2022-12-02 20:49:11 [P-13376] [MainThread] [parse_query_plan] [DEBUG] parse_query_plan.py[line:132] ['Index Scan', 'movie_info_idx_mid', 'movie_info mi']
2022-12-02 20:49:11 [P-13376] [MainThread] [parse_query_plan] [DEBUG] parse_query_plan.py[line:149] _do_IndexScan
2022-12-02 20:49:11 [P-13376] [MainThread] [parse_query_plan] [DEBUG] parse_query_plan.py[line:183] <re.Match object; span=(0, 64), match="info = ANY ('{Horror,Action,Sci-Fi,Thriller,Crime>
2022-12-02 20:49:11 [P-13376] [MainThread] [parse_query_plan] [DEBUG] parse_query_plan.py[line:126] Seq Scan on info_type it1  (cost=0.00..2.41 rows=1 width=4) (never executed)
2022-12-02 20:49:11 [P-13376] [MainThread] [parse_query_plan] [DEBUG] parse_query_plan.py[line:132] ['Seq Scan', 'info_type it1']
2022-12-02 20:49:11 [P-13376] [MainThread] [parse_query_plan] [DEBUG] parse_query_plan.py[line:149] _do_SeqScan
2022-12-02 20:49:11 [P-13376] [MainThread] [parse_query_plan] [DEBUG] parse_query_plan.py[line:126] Finalize Aggregate  (cost=141720.94..141720.95 rows=1 width=64) (actual time=1194.652..1206.174 rows=1 loops=1)
2022-12-02 20:49:11 [P-13376] [MainThread] [parse_query_plan] [DEBUG] parse_query_plan.py[line:132] ['Finalize Aggregate']
2022-12-02 20:49:11 [P-13376] [MainThread] [parse_query_plan] [DEBUG] parse_query_plan.py[line:149] _do_FinalizeAggregate
2022-12-02 20:49:11 [P-13376] [MainThread] [parse_query_plan] [DEBUG] parse_query_plan.py[line:126] Gather  (cost=141720.72..141720.93 rows=2 width=64) (actual time=1194.077..1206.150 rows=3 loops=1)
2022-12-02 20:49:11 [P-13376] [MainThread] [parse_query_plan] [DEBUG] parse_query_plan.py[line:132] ['Gather']
2022-12-02 20:49:11 [P-13376] [MainThread] [parse_query_plan] [DEBUG] parse_query_plan.py[line:149] _do_Gather
2022-12-02 20:49:11 [P-13376] [MainThread] [parse_query_plan] [DEBUG] parse_query_plan.py[line:126] Partial Aggregate  (cost=140720.72..140720.73 rows=1 width=64) (actual time=1108.846..1108.854 rows=1 loops=3)
2022-12-02 20:49:11 [P-13376] [MainThread] [parse_query_plan] [DEBUG] parse_query_plan.py[line:132] ['Partial Aggregate']
2022-12-02 20:49:11 [P-13376] [MainThread] [parse_query_plan] [DEBUG] parse_query_plan.py[line:149] _do_PartialAggregate
2022-12-02 20:49:11 [P-13376] [MainThread] [parse_query_plan] [DEBUG] parse_query_plan.py[line:126] Nested Loop  (cost=15.98..140720.71 rows=1 width=31) (actual time=637.894..1108.815 rows=7 loops=3)
2022-12-02 20:49:11 [P-13376] [MainThread] [parse_query_plan] [DEBUG] parse_query_plan.py[line:132] ['Nested Loop']
2022-12-02 20:49:11 [P-13376] [MainThread] [parse_query_plan] [DEBUG] parse_query_plan.py[line:149] _do_NestedLoop
2022-12-02 20:49:11 [P-13376] [MainThread] [parse_query_plan] [DEBUG] parse_query_plan.py[line:126] Nested Loop  (cost=15.84..140720.53 rows=1 width=35) (actual time=637.813..1108.714 rows=7 loops=3)
2022-12-02 20:49:11 [P-13376] [MainThread] [parse_query_plan] [DEBUG] parse_query_plan.py[line:132] ['Nested Loop']
2022-12-02 20:49:11 [P-13376] [MainThread] [parse_query_plan] [DEBUG] parse_query_plan.py[line:149] _do_NestedLoop
2022-12-02 20:49:11 [P-13376] [MainThread] [parse_query_plan] [DEBUG] parse_query_plan.py[line:126] Nested Loop  (cost=15.40..140595.27 rows=1 width=43) (actual time=518.623..1100.662 rows=7 loops=3)
2022-12-02 20:49:11 [P-13376] [MainThread] [parse_query_plan] [DEBUG] parse_query_plan.py[line:132] ['Nested Loop']
2022-12-02 20:49:11 [P-13376] [MainThread] [parse_query_plan] [DEBUG] parse_query_plan.py[line:149] _do_NestedLoop
2022-12-02 20:49:11 [P-13376] [MainThread] [parse_query_plan] [DEBUG] parse_query_plan.py[line:126] Nested Loop  (cost=14.98..140591.01 rows=1 width=47) (actual time=518.103..1099.768 rows=8 loops=3)
2022-12-02 20:49:11 [P-13376] [MainThread] [parse_query_plan] [DEBUG] parse_query_plan.py[line:132] ['Nested Loop']
2022-12-02 20:49:11 [P-13376] [MainThread] [parse_query_plan] [DEBUG] parse_query_plan.py[line:149] _do_NestedLoop
2022-12-02 20:49:11 [P-13376] [MainThread] [parse_query_plan] [DEBUG] parse_query_plan.py[line:126] Nested Loop  (cost=14.55..140578.03 rows=1 width=39) (actual time=371.157..1098.570 rows=46 loops=3)
2022-12-02 20:49:11 [P-13376] [MainThread] [parse_query_plan] [DEBUG] parse_query_plan.py[line:132] ['Nested Loop']
2022-12-02 20:49:11 [P-13376] [MainThread] [parse_query_plan] [DEBUG] parse_query_plan.py[line:149] _do_NestedLoop
2022-12-02 20:49:11 [P-13376] [MainThread] [parse_query_plan] [DEBUG] parse_query_plan.py[line:126] Nested Loop  (cost=14.12..140573.71 rows=1 width=19) (actual time=355.114..1091.154 rows=240 loops=3)
2022-12-02 20:49:11 [P-13376] [MainThread] [parse_query_plan] [DEBUG] parse_query_plan.py[line:132] ['Nested Loop']
2022-12-02 20:49:11 [P-13376] [MainThread] [parse_query_plan] [DEBUG] parse_query_plan.py[line:149] _do_NestedLoop
2022-12-02 20:49:11 [P-13376] [MainThread] [parse_query_plan] [DEBUG] parse_query_plan.py[line:126] Hash Join  (cost=13.68..140571.09 rows=1 width=23) (actual time=354.482..1070.986 rows=268 loops=3)
2022-12-02 20:49:11 [P-13376] [MainThread] [parse_query_plan] [DEBUG] parse_query_plan.py[line:132] ['Hash Join']
2022-12-02 20:49:11 [P-13376] [MainThread] [parse_query_plan] [DEBUG] parse_query_plan.py[line:149] _do_HashJoin
2022-12-02 20:49:11 [P-13376] [MainThread] [parse_query_plan] [DEBUG] parse_query_plan.py[line:126] Nested Loop  (cost=0.99..140558.29 rows=41 width=27) (actual time=353.505..1069.746 rows=268 loops=3)
2022-12-02 20:49:11 [P-13376] [MainThread] [parse_query_plan] [DEBUG] parse_query_plan.py[line:132] ['Nested Loop']
2022-12-02 20:49:11 [P-13376] [MainThread] [parse_query_plan] [DEBUG] parse_query_plan.py[line:149] _do_NestedLoop
2022-12-02 20:49:11 [P-13376] [MainThread] [parse_query_plan] [DEBUG] parse_query_plan.py[line:126] Nested Loop  (cost=0.43..125475.72 rows=13 width=23) (actual time=330.308..870.306 rows=826 loops=3)
2022-12-02 20:49:11 [P-13376] [MainThread] [parse_query_plan] [DEBUG] parse_query_plan.py[line:132] ['Nested Loop']
2022-12-02 20:49:11 [P-13376] [MainThread] [parse_query_plan] [DEBUG] parse_query_plan.py[line:149] _do_NestedLoop
2022-12-02 20:49:11 [P-13376] [MainThread] [parse_query_plan] [DEBUG] parse_query_plan.py[line:126] Seq Scan on name n  (cost=0.00..125138.38 rows=62 width=19) (actual time=329.341..840.892 rows=3511 loops=3)
2022-12-02 20:49:11 [P-13376] [MainThread] [parse_query_plan] [DEBUG] parse_query_plan.py[line:132] ['Seq Scan', 'name n']
2022-12-02 20:49:11 [P-13376] [MainThread] [parse_query_plan] [DEBUG] parse_query_plan.py[line:149] _do_SeqScan
2022-12-02 20:49:11 [P-13376] [MainThread] [parse_query_plan] [DEBUG] parse_query_plan.py[line:126] Index Only Scan using aka_name_idx_person on aka_name an  (cost=0.43..5.42 rows=2 width=4) (actual time=0.006..0.008 rows=0 loops=10533)
2022-12-02 20:49:11 [P-13376] [MainThread] [parse_query_plan] [DEBUG] parse_query_plan.py[line:132] ['Index Only Scan', 'aka_name_idx_person', 'aka_name an']
2022-12-02 20:49:11 [P-13376] [MainThread] [parse_query_plan] [DEBUG] parse_query_plan.py[line:149] _do_IndexOnlyScan
2022-12-02 20:49:11 [P-13376] [MainThread] [parse_query_plan] [DEBUG] parse_query_plan.py[line:126] Index Scan using cast_info_idx_pid on cast_info ci  (cost=0.56..1159.87 rows=26 width=16) (actual time=0.231..0.240 rows=0 loops=2477)
2022-12-02 20:49:11 [P-13376] [MainThread] [parse_query_plan] [DEBUG] parse_query_plan.py[line:132] ['Index Scan', 'cast_info_idx_pid', 'cast_info ci']
2022-12-02 20:49:11 [P-13376] [MainThread] [parse_query_plan] [DEBUG] parse_query_plan.py[line:149] _do_IndexScan
2022-12-02 20:49:11 [P-13376] [MainThread] [parse_query_plan] [DEBUG] parse_query_plan.py[line:183] <re.Match object; span=(0, 110), match='note = ANY (\'{(voice),"(voice: Japanese version)>
2022-12-02 20:49:11 [P-13376] [MainThread] [parse_query_plan] [DEBUG] parse_query_plan.py[line:126] Hash  (cost=12.64..12.64 rows=4 width=4) (actual time=0.200..0.202 rows=1 loops=3)
2022-12-02 20:49:11 [P-13376] [MainThread] [parse_query_plan] [DEBUG] parse_query_plan.py[line:132] ['Hash']
2022-12-02 20:49:11 [P-13376] [MainThread] [parse_query_plan] [DEBUG] parse_query_plan.py[line:149] _do_Hash
2022-12-02 20:49:11 [P-13376] [MainThread] [parse_query_plan] [DEBUG] parse_query_plan.py[line:126] Bitmap Heap Scan on role_type rt  (cost=4.18..12.64 rows=4 width=4) (actual time=0.124..0.125 rows=1 loops=3)
2022-12-02 20:49:11 [P-13376] [MainThread] [parse_query_plan] [DEBUG] parse_query_plan.py[line:132] ['Bitmap Heap Scan', 'role_type rt']
2022-12-02 20:49:11 [P-13376] [MainThread] [parse_query_plan] [DEBUG] parse_query_plan.py[line:149] _do_BitMapHeapScan
2022-12-02 20:49:11 [P-13376] [MainThread] [parse_query_plan] [DEBUG] parse_query_plan.py[line:126] Bitmap Index Scan on role_type_role  (cost=0.00..4.18 rows=4 width=0) (actual time=0.071..0.071 rows=1 loops=3)
2022-12-02 20:49:11 [P-13376] [MainThread] [parse_query_plan] [DEBUG] parse_query_plan.py[line:132] ['Bitmap Index Scan', 'role_type_role']
2022-12-02 20:49:11 [P-13376] [MainThread] [parse_query_plan] [DEBUG] parse_query_plan.py[line:149] _do_BitMapIndexScan
2022-12-02 20:49:11 [P-13376] [MainThread] [parse_query_plan] [DEBUG] parse_query_plan.py[line:126] Index Only Scan using char_name_pkey on char_name chn  (cost=0.43..2.62 rows=1 width=4) (actual time=0.074..0.074 rows=1 loops=803)
2022-12-02 20:49:11 [P-13376] [MainThread] [parse_query_plan] [DEBUG] parse_query_plan.py[line:132] ['Index Only Scan', 'char_name_pkey', 'char_name chn']
2022-12-02 20:49:11 [P-13376] [MainThread] [parse_query_plan] [DEBUG] parse_query_plan.py[line:149] _do_IndexOnlyScan
2022-12-02 20:49:11 [P-13376] [MainThread] [parse_query_plan] [DEBUG] parse_query_plan.py[line:126] Index Scan using title_pkey on title t  (cost=0.43..4.32 rows=1 width=20) (actual time=0.030..0.030 rows=0 loops=719)
2022-12-02 20:49:11 [P-13376] [MainThread] [parse_query_plan] [DEBUG] parse_query_plan.py[line:132] ['Index Scan', 'title_pkey', 'title t']
2022-12-02 20:49:11 [P-13376] [MainThread] [parse_query_plan] [DEBUG] parse_query_plan.py[line:149] _do_IndexScan
2022-12-02 20:49:11 [P-13376] [MainThread] [parse_query_plan] [DEBUG] parse_query_plan.py[line:126] Index Scan using movie_companies_idx_mid on movie_companies mc  (cost=0.43..12.97 rows=1 width=8) (actual time=0.022..0.023 rows=0 loops=139)
2022-12-02 20:49:11 [P-13376] [MainThread] [parse_query_plan] [DEBUG] parse_query_plan.py[line:132] ['Index Scan', 'movie_companies_idx_mid', 'movie_companies mc']
2022-12-02 20:49:11 [P-13376] [MainThread] [parse_query_plan] [DEBUG] parse_query_plan.py[line:149] _do_IndexScan
2022-12-02 20:49:11 [P-13376] [MainThread] [parse_query_plan] [DEBUG] parse_query_plan.py[line:126] Index Scan using company_name_pkey on company_name cn  (cost=0.42..4.26 rows=1 width=4) (actual time=0.105..0.105 rows=1 loops=25)
2022-12-02 20:49:11 [P-13376] [MainThread] [parse_query_plan] [DEBUG] parse_query_plan.py[line:132] ['Index Scan', 'company_name_pkey', 'company_name cn']
2022-12-02 20:49:11 [P-13376] [MainThread] [parse_query_plan] [DEBUG] parse_query_plan.py[line:149] _do_IndexScan
2022-12-02 20:49:11 [P-13376] [MainThread] [parse_query_plan] [DEBUG] parse_query_plan.py[line:126] Index Scan using movie_info_idx_mid on movie_info mi  (cost=0.44..125.25 rows=1 width=8) (actual time=0.977..1.147 rows=1 loops=21)
2022-12-02 20:49:11 [P-13376] [MainThread] [parse_query_plan] [DEBUG] parse_query_plan.py[line:132] ['Index Scan', 'movie_info_idx_mid', 'movie_info mi']
2022-12-02 20:49:11 [P-13376] [MainThread] [parse_query_plan] [DEBUG] parse_query_plan.py[line:149] _do_IndexScan
2022-12-02 20:49:11 [P-13376] [MainThread] [parse_query_plan] [DEBUG] parse_query_plan.py[line:126] Index Scan using info_type_pkey on info_type it  (cost=0.14..0.16 rows=1 width=4) (actual time=0.013..0.013 rows=1 loops=20)
2022-12-02 20:49:11 [P-13376] [MainThread] [parse_query_plan] [DEBUG] parse_query_plan.py[line:132] ['Index Scan', 'info_type_pkey', 'info_type it']
2022-12-02 20:49:11 [P-13376] [MainThread] [parse_query_plan] [DEBUG] parse_query_plan.py[line:149] _do_IndexScan
2022-12-02 20:49:11 [P-13376] [MainThread] [parse_query_plan] [DEBUG] parse_query_plan.py[line:126] Aggregate  (cost=54203.77..54203.78 rows=1 width=64) (actual time=1012.348..1017.221 rows=1 loops=1)
2022-12-02 20:49:11 [P-13376] [MainThread] [parse_query_plan] [DEBUG] parse_query_plan.py[line:132] ['Aggregate']
2022-12-02 20:49:11 [P-13376] [MainThread] [parse_query_plan] [DEBUG] parse_query_plan.py[line:149] _do_Aggregate
2022-12-02 20:49:11 [P-13376] [MainThread] [parse_query_plan] [DEBUG] parse_query_plan.py[line:126] Nested Loop  (cost=4013.43..54203.77 rows=1 width=31) (actual time=1012.344..1017.217 rows=0 loops=1)
2022-12-02 20:49:11 [P-13376] [MainThread] [parse_query_plan] [DEBUG] parse_query_plan.py[line:132] ['Nested Loop']
2022-12-02 20:49:11 [P-13376] [MainThread] [parse_query_plan] [DEBUG] parse_query_plan.py[line:149] _do_NestedLoop
2022-12-02 20:49:11 [P-13376] [MainThread] [parse_query_plan] [DEBUG] parse_query_plan.py[line:126] Nested Loop  (cost=4013.28..54201.35 rows=1 width=35) (actual time=1012.344..1017.217 rows=0 loops=1)
2022-12-02 20:49:11 [P-13376] [MainThread] [parse_query_plan] [DEBUG] parse_query_plan.py[line:132] ['Nested Loop']
2022-12-02 20:49:11 [P-13376] [MainThread] [parse_query_plan] [DEBUG] parse_query_plan.py[line:149] _do_NestedLoop
2022-12-02 20:49:11 [P-13376] [MainThread] [parse_query_plan] [DEBUG] parse_query_plan.py[line:126] Nested Loop  (cost=4012.85..54196.95 rows=1 width=28) (actual time=1012.344..1017.216 rows=0 loops=1)
2022-12-02 20:49:11 [P-13376] [MainThread] [parse_query_plan] [DEBUG] parse_query_plan.py[line:132] ['Nested Loop']
2022-12-02 20:49:11 [P-13376] [MainThread] [parse_query_plan] [DEBUG] parse_query_plan.py[line:149] _do_NestedLoop
2022-12-02 20:49:11 [P-13376] [MainThread] [parse_query_plan] [DEBUG] parse_query_plan.py[line:126] Nested Loop  (cost=4012.71..54196.76 rows=1 width=32) (actual time=1012.343..1017.215 rows=0 loops=1)
2022-12-02 20:49:11 [P-13376] [MainThread] [parse_query_plan] [DEBUG] parse_query_plan.py[line:132] ['Nested Loop']
2022-12-02 20:49:11 [P-13376] [MainThread] [parse_query_plan] [DEBUG] parse_query_plan.py[line:149] _do_NestedLoop
2022-12-02 20:49:11 [P-13376] [MainThread] [parse_query_plan] [DEBUG] parse_query_plan.py[line:126] Nested Loop  (cost=4012.27..54071.47 rows=1 width=40) (actual time=1012.343..1017.215 rows=0 loops=1)
2022-12-02 20:49:11 [P-13376] [MainThread] [parse_query_plan] [DEBUG] parse_query_plan.py[line:132] ['Nested Loop']
2022-12-02 20:49:11 [P-13376] [MainThread] [parse_query_plan] [DEBUG] parse_query_plan.py[line:149] _do_NestedLoop
2022-12-02 20:49:11 [P-13376] [MainThread] [parse_query_plan] [DEBUG] parse_query_plan.py[line:126] Nested Loop  (cost=4011.85..54067.18 rows=1 width=44) (actual time=1012.343..1017.214 rows=0 loops=1)
2022-12-02 20:49:11 [P-13376] [MainThread] [parse_query_plan] [DEBUG] parse_query_plan.py[line:132] ['Nested Loop']
2022-12-02 20:49:11 [P-13376] [MainThread] [parse_query_plan] [DEBUG] parse_query_plan.py[line:149] _do_NestedLoop
2022-12-02 20:49:11 [P-13376] [MainThread] [parse_query_plan] [DEBUG] parse_query_plan.py[line:126] Nested Loop  (cost=4011.41..54064.56 rows=1 width=48) (actual time=1012.342..1017.213 rows=0 loops=1)
2022-12-02 20:49:11 [P-13376] [MainThread] [parse_query_plan] [DEBUG] parse_query_plan.py[line:132] ['Nested Loop']
2022-12-02 20:49:11 [P-13376] [MainThread] [parse_query_plan] [DEBUG] parse_query_plan.py[line:149] _do_NestedLoop
2022-12-02 20:49:11 [P-13376] [MainThread] [parse_query_plan] [DEBUG] parse_query_plan.py[line:126] Nested Loop  (cost=4010.99..54061.68 rows=1 width=44) (actual time=1012.342..1017.213 rows=0 loops=1)
2022-12-02 20:49:11 [P-13376] [MainThread] [parse_query_plan] [DEBUG] parse_query_plan.py[line:132] ['Nested Loop']
2022-12-02 20:49:11 [P-13376] [MainThread] [parse_query_plan] [DEBUG] parse_query_plan.py[line:149] _do_NestedLoop
2022-12-02 20:49:11 [P-13376] [MainThread] [parse_query_plan] [DEBUG] parse_query_plan.py[line:126] Gather  (cost=4010.55..53984.48 rows=1 width=28) (actual time=1012.342..1017.210 rows=0 loops=1)
2022-12-02 20:49:11 [P-13376] [MainThread] [parse_query_plan] [DEBUG] parse_query_plan.py[line:132] ['Gather']
2022-12-02 20:49:11 [P-13376] [MainThread] [parse_query_plan] [DEBUG] parse_query_plan.py[line:149] _do_Gather
2022-12-02 20:49:11 [P-13376] [MainThread] [parse_query_plan] [DEBUG] parse_query_plan.py[line:126] Nested Loop  (cost=3010.55..52984.38 rows=1 width=28) (actual time=993.374..993.376 rows=0 loops=3)
2022-12-02 20:49:11 [P-13376] [MainThread] [parse_query_plan] [DEBUG] parse_query_plan.py[line:132] ['Nested Loop']
2022-12-02 20:49:11 [P-13376] [MainThread] [parse_query_plan] [DEBUG] parse_query_plan.py[line:149] _do_NestedLoop
2022-12-02 20:49:11 [P-13376] [MainThread] [parse_query_plan] [DEBUG] parse_query_plan.py[line:126] Bitmap Heap Scan on title t  (cost=3010.11..52773.59 rows=8 width=20) (actual time=439.230..993.097 rows=3 loops=3)
2022-12-02 20:49:11 [P-13376] [MainThread] [parse_query_plan] [DEBUG] parse_query_plan.py[line:132] ['Bitmap Heap Scan', 'title t']
2022-12-02 20:49:11 [P-13376] [MainThread] [parse_query_plan] [DEBUG] parse_query_plan.py[line:149] _do_BitMapHeapScan
2022-12-02 20:49:11 [P-13376] [MainThread] [parse_query_plan] [DEBUG] parse_query_plan.py[line:126] Bitmap Index Scan on title_idx_year  (cost=0.00..3010.11 rows=224568 width=0) (actual time=9.211..9.211 rows=225557 loops=1)
2022-12-02 20:49:11 [P-13376] [MainThread] [parse_query_plan] [DEBUG] parse_query_plan.py[line:132] ['Bitmap Index Scan', 'title_idx_year']
2022-12-02 20:49:11 [P-13376] [MainThread] [parse_query_plan] [DEBUG] parse_query_plan.py[line:149] _do_BitMapIndexScan
2022-12-02 20:49:11 [P-13376] [MainThread] [parse_query_plan] [DEBUG] parse_query_plan.py[line:126] Index Scan using movie_companies_idx_mid on movie_companies mc  (cost=0.43..26.34 rows=1 width=8) (actual time=0.088..0.088 rows=0 loops=9)
2022-12-02 20:49:11 [P-13376] [MainThread] [parse_query_plan] [DEBUG] parse_query_plan.py[line:132] ['Index Scan', 'movie_companies_idx_mid', 'movie_companies mc']
2022-12-02 20:49:11 [P-13376] [MainThread] [parse_query_plan] [DEBUG] parse_query_plan.py[line:149] _do_IndexScan
2022-12-02 20:49:11 [P-13376] [MainThread] [parse_query_plan] [DEBUG] parse_query_plan.py[line:126] Index Scan using cast_info_idx_mid on cast_info ci  (cost=0.44..77.19 rows=1 width=16) (never executed)
2022-12-02 20:49:11 [P-13376] [MainThread] [parse_query_plan] [DEBUG] parse_query_plan.py[line:132] ['Index Scan', 'cast_info_idx_mid', 'cast_info ci']
2022-12-02 20:49:11 [P-13376] [MainThread] [parse_query_plan] [DEBUG] parse_query_plan.py[line:149] _do_IndexScan
2022-12-02 20:49:11 [P-13376] [MainThread] [parse_query_plan] [DEBUG] parse_query_plan.py[line:126] Index Only Scan using aka_name_idx_person on aka_name an  (cost=0.43..2.86 rows=2 width=4) (never executed)
2022-12-02 20:49:11 [P-13376] [MainThread] [parse_query_plan] [DEBUG] parse_query_plan.py[line:132] ['Index Only Scan', 'aka_name_idx_person', 'aka_name an']
2022-12-02 20:49:11 [P-13376] [MainThread] [parse_query_plan] [DEBUG] parse_query_plan.py[line:149] _do_IndexOnlyScan
2022-12-02 20:49:11 [P-13376] [MainThread] [parse_query_plan] [DEBUG] parse_query_plan.py[line:126] Index Only Scan using char_name_pkey on char_name chn  (cost=0.43..2.62 rows=1 width=4) (never executed)
2022-12-02 20:49:11 [P-13376] [MainThread] [parse_query_plan] [DEBUG] parse_query_plan.py[line:132] ['Index Only Scan', 'char_name_pkey', 'char_name chn']
2022-12-02 20:49:11 [P-13376] [MainThread] [parse_query_plan] [DEBUG] parse_query_plan.py[line:149] _do_IndexOnlyScan
2022-12-02 20:49:11 [P-13376] [MainThread] [parse_query_plan] [DEBUG] parse_query_plan.py[line:126] Index Scan using company_name_pkey on company_name cn  (cost=0.42..4.29 rows=1 width=4) (never executed)
2022-12-02 20:49:11 [P-13376] [MainThread] [parse_query_plan] [DEBUG] parse_query_plan.py[line:132] ['Index Scan', 'company_name_pkey', 'company_name cn']
2022-12-02 20:49:11 [P-13376] [MainThread] [parse_query_plan] [DEBUG] parse_query_plan.py[line:149] _do_IndexScan
2022-12-02 20:49:11 [P-13376] [MainThread] [parse_query_plan] [DEBUG] parse_query_plan.py[line:126] Index Scan using movie_info_idx_mid on movie_info mi  (cost=0.44..125.28 rows=1 width=8) (never executed)
2022-12-02 20:49:11 [P-13376] [MainThread] [parse_query_plan] [DEBUG] parse_query_plan.py[line:132] ['Index Scan', 'movie_info_idx_mid', 'movie_info mi']
2022-12-02 20:49:11 [P-13376] [MainThread] [parse_query_plan] [DEBUG] parse_query_plan.py[line:149] _do_IndexScan
2022-12-02 20:49:11 [P-13376] [MainThread] [parse_query_plan] [DEBUG] parse_query_plan.py[line:126] Index Scan using info_type_pkey on info_type it  (cost=0.14..0.17 rows=1 width=4) (never executed)
2022-12-02 20:49:11 [P-13376] [MainThread] [parse_query_plan] [DEBUG] parse_query_plan.py[line:132] ['Index Scan', 'info_type_pkey', 'info_type it']
2022-12-02 20:49:11 [P-13376] [MainThread] [parse_query_plan] [DEBUG] parse_query_plan.py[line:149] _do_IndexScan
2022-12-02 20:49:11 [P-13376] [MainThread] [parse_query_plan] [DEBUG] parse_query_plan.py[line:126] Index Scan using name_pkey on name n  (cost=0.43..4.39 rows=1 width=19) (never executed)
2022-12-02 20:49:11 [P-13376] [MainThread] [parse_query_plan] [DEBUG] parse_query_plan.py[line:132] ['Index Scan', 'name_pkey', 'name n']
2022-12-02 20:49:11 [P-13376] [MainThread] [parse_query_plan] [DEBUG] parse_query_plan.py[line:149] _do_IndexScan
2022-12-02 20:49:11 [P-13376] [MainThread] [parse_query_plan] [DEBUG] parse_query_plan.py[line:126] Index Scan using role_type_pkey on role_type rt  (cost=0.15..1.77 rows=1 width=4) (never executed)
2022-12-02 20:49:11 [P-13376] [MainThread] [parse_query_plan] [DEBUG] parse_query_plan.py[line:132] ['Index Scan', 'role_type_pkey', 'role_type rt']
2022-12-02 20:49:11 [P-13376] [MainThread] [parse_query_plan] [DEBUG] parse_query_plan.py[line:149] _do_IndexScan
2022-12-02 20:49:11 [P-13376] [MainThread] [parse_query_plan] [DEBUG] parse_query_plan.py[line:126] Finalize Aggregate  (cost=602835.44..602835.45 rows=1 width=64) (actual time=24340.614..24373.075 rows=1 loops=1)
2022-12-02 20:49:11 [P-13376] [MainThread] [parse_query_plan] [DEBUG] parse_query_plan.py[line:132] ['Finalize Aggregate']
2022-12-02 20:49:11 [P-13376] [MainThread] [parse_query_plan] [DEBUG] parse_query_plan.py[line:149] _do_FinalizeAggregate
2022-12-02 20:49:11 [P-13376] [MainThread] [parse_query_plan] [DEBUG] parse_query_plan.py[line:126] Gather  (cost=602835.22..602835.43 rows=2 width=64) (actual time=24318.601..24372.379 rows=3 loops=1)
2022-12-02 20:49:11 [P-13376] [MainThread] [parse_query_plan] [DEBUG] parse_query_plan.py[line:132] ['Gather']
2022-12-02 20:49:11 [P-13376] [MainThread] [parse_query_plan] [DEBUG] parse_query_plan.py[line:149] _do_Gather
2022-12-02 20:49:11 [P-13376] [MainThread] [parse_query_plan] [DEBUG] parse_query_plan.py[line:126] Partial Aggregate  (cost=601835.22..601835.23 rows=1 width=64) (actual time=24303.633..24304.106 rows=1 loops=3)
2022-12-02 20:49:11 [P-13376] [MainThread] [parse_query_plan] [DEBUG] parse_query_plan.py[line:132] ['Partial Aggregate']
2022-12-02 20:49:11 [P-13376] [MainThread] [parse_query_plan] [DEBUG] parse_query_plan.py[line:149] _do_PartialAggregate
2022-12-02 20:49:11 [P-13376] [MainThread] [parse_query_plan] [DEBUG] parse_query_plan.py[line:126] Nested Loop  (cost=18.13..601835.21 rows=1 width=31) (actual time=3194.670..24301.400 rows=1341 loops=3)
2022-12-02 20:49:11 [P-13376] [MainThread] [parse_query_plan] [DEBUG] parse_query_plan.py[line:132] ['Nested Loop']
2022-12-02 20:49:11 [P-13376] [MainThread] [parse_query_plan] [DEBUG] parse_query_plan.py[line:149] _do_NestedLoop
2022-12-02 20:49:11 [P-13376] [MainThread] [parse_query_plan] [DEBUG] parse_query_plan.py[line:126] Nested Loop  (cost=17.71..601830.96 rows=1 width=35) (actual time=3194.068..24277.398 rows=2929 loops=3)
2022-12-02 20:49:11 [P-13376] [MainThread] [parse_query_plan] [DEBUG] parse_query_plan.py[line:132] ['Nested Loop']
2022-12-02 20:49:11 [P-13376] [MainThread] [parse_query_plan] [DEBUG] parse_query_plan.py[line:149] _do_NestedLoop
2022-12-02 20:49:11 [P-13376] [MainThread] [parse_query_plan] [DEBUG] parse_query_plan.py[line:126] Nested Loop  (cost=17.28..601817.96 rows=1 width=43) (actual time=3193.623..24248.567 rows=1819 loops=3)
2022-12-02 20:49:11 [P-13376] [MainThread] [parse_query_plan] [DEBUG] parse_query_plan.py[line:132] ['Nested Loop']
2022-12-02 20:49:11 [P-13376] [MainThread] [parse_query_plan] [DEBUG] parse_query_plan.py[line:149] _do_NestedLoop
2022-12-02 20:49:11 [P-13376] [MainThread] [parse_query_plan] [DEBUG] parse_query_plan.py[line:126] Nested Loop  (cost=16.85..601815.07 rows=1 width=51) (actual time=3158.672..24236.360 rows=737 loops=3)
2022-12-02 20:49:11 [P-13376] [MainThread] [parse_query_plan] [DEBUG] parse_query_plan.py[line:132] ['Nested Loop']
2022-12-02 20:49:11 [P-13376] [MainThread] [parse_query_plan] [DEBUG] parse_query_plan.py[line:149] _do_NestedLoop
2022-12-02 20:49:11 [P-13376] [MainThread] [parse_query_plan] [DEBUG] parse_query_plan.py[line:126] Nested Loop  (cost=16.42..601801.95 rows=3 width=32) (actual time=2657.922..23826.409 rows=45203 loops=3)
2022-12-02 20:49:11 [P-13376] [MainThread] [parse_query_plan] [DEBUG] parse_query_plan.py[line:132] ['Nested Loop']
2022-12-02 20:49:11 [P-13376] [MainThread] [parse_query_plan] [DEBUG] parse_query_plan.py[line:149] _do_NestedLoop
2022-12-02 20:49:11 [P-13376] [MainThread] [parse_query_plan] [DEBUG] parse_query_plan.py[line:126] Hash Join  (cost=15.99..601786.25 rows=6 width=36) (actual time=2657.061..23036.219 rows=46519 loops=3)
2022-12-02 20:49:11 [P-13376] [MainThread] [parse_query_plan] [DEBUG] parse_query_plan.py[line:132] ['Hash Join']
2022-12-02 20:49:11 [P-13376] [MainThread] [parse_query_plan] [DEBUG] parse_query_plan.py[line:149] _do_HashJoin
2022-12-02 20:49:11 [P-13376] [MainThread] [parse_query_plan] [DEBUG] parse_query_plan.py[line:126] Nested Loop  (cost=3.30..601770.53 rows=1146 width=40) (actual time=2485.365..23015.812 rows=116565 loops=3)
2022-12-02 20:49:11 [P-13376] [MainThread] [parse_query_plan] [DEBUG] parse_query_plan.py[line:132] ['Nested Loop']
2022-12-02 20:49:11 [P-13376] [MainThread] [parse_query_plan] [DEBUG] parse_query_plan.py[line:149] _do_NestedLoop
2022-12-02 20:49:11 [P-13376] [MainThread] [parse_query_plan] [DEBUG] parse_query_plan.py[line:126] Nested Loop  (cost=2.86..510050.76 rows=1232 width=24) (actual time=2432.766..4018.718 rows=108750 loops=3)
2022-12-02 20:49:11 [P-13376] [MainThread] [parse_query_plan] [DEBUG] parse_query_plan.py[line:132] ['Nested Loop']
2022-12-02 20:49:11 [P-13376] [MainThread] [parse_query_plan] [DEBUG] parse_query_plan.py[line:149] _do_NestedLoop
2022-12-02 20:49:11 [P-13376] [MainThread] [parse_query_plan] [DEBUG] parse_query_plan.py[line:126] Hash Join  (cost=2.43..501903.09 rows=1862 width=4) (actual time=2421.734..3166.139 rows=180669 loops=3)
2022-12-02 20:49:11 [P-13376] [MainThread] [parse_query_plan] [DEBUG] parse_query_plan.py[line:132] ['Hash Join']
2022-12-02 20:49:11 [P-13376] [MainThread] [parse_query_plan] [DEBUG] parse_query_plan.py[line:149] _do_HashJoin
2022-12-02 20:49:11 [P-13376] [MainThread] [parse_query_plan] [DEBUG] parse_query_plan.py[line:126] Seq Scan on movie_info mi  (cost=0.00..501327.45 rows=210471 width=8) (actual time=2183.542..3102.037 rows=180692 loops=3)
2022-12-02 20:49:11 [P-13376] [MainThread] [parse_query_plan] [DEBUG] parse_query_plan.py[line:132] ['Seq Scan', 'movie_info mi']
2022-12-02 20:49:11 [P-13376] [MainThread] [parse_query_plan] [DEBUG] parse_query_plan.py[line:149] _do_SeqScan
2022-12-02 20:49:11 [P-13376] [MainThread] [parse_query_plan] [DEBUG] parse_query_plan.py[line:126] Hash  (cost=2.41..2.41 rows=1 width=4) (actual time=0.070..0.071 rows=1 loops=3)
2022-12-02 20:49:11 [P-13376] [MainThread] [parse_query_plan] [DEBUG] parse_query_plan.py[line:132] ['Hash']
2022-12-02 20:49:11 [P-13376] [MainThread] [parse_query_plan] [DEBUG] parse_query_plan.py[line:149] _do_Hash
2022-12-02 20:49:11 [P-13376] [MainThread] [parse_query_plan] [DEBUG] parse_query_plan.py[line:126] Seq Scan on info_type it  (cost=0.00..2.41 rows=1 width=4) (actual time=0.053..0.061 rows=1 loops=3)
2022-12-02 20:49:11 [P-13376] [MainThread] [parse_query_plan] [DEBUG] parse_query_plan.py[line:132] ['Seq Scan', 'info_type it']
2022-12-02 20:49:11 [P-13376] [MainThread] [parse_query_plan] [DEBUG] parse_query_plan.py[line:149] _do_SeqScan
2022-12-02 20:49:11 [P-13376] [MainThread] [parse_query_plan] [DEBUG] parse_query_plan.py[line:126] Index Scan using title_pkey on title t  (cost=0.43..4.38 rows=1 width=20) (actual time=0.004..0.004 rows=1 loops=542008)
2022-12-02 20:49:11 [P-13376] [MainThread] [parse_query_plan] [DEBUG] parse_query_plan.py[line:132] ['Index Scan', 'title_pkey', 'title t']
2022-12-02 20:49:11 [P-13376] [MainThread] [parse_query_plan] [DEBUG] parse_query_plan.py[line:149] _do_IndexScan
2022-12-02 20:49:11 [P-13376] [MainThread] [parse_query_plan] [DEBUG] parse_query_plan.py[line:126] Index Scan using cast_info_idx_mid on cast_info ci  (cost=0.44..74.44 rows=1 width=16) (actual time=0.150..0.174 rows=1 loops=326251)
2022-12-02 20:49:11 [P-13376] [MainThread] [parse_query_plan] [DEBUG] parse_query_plan.py[line:132] ['Index Scan', 'cast_info_idx_mid', 'cast_info ci']
2022-12-02 20:49:11 [P-13376] [MainThread] [parse_query_plan] [DEBUG] parse_query_plan.py[line:149] _do_IndexScan
2022-12-02 20:49:11 [P-13376] [MainThread] [parse_query_plan] [DEBUG] parse_query_plan.py[line:183] <re.Match object; span=(0, 110), match='note = ANY (\'{(voice),"(voice: Japanese version)>
2022-12-02 20:49:11 [P-13376] [MainThread] [parse_query_plan] [DEBUG] parse_query_plan.py[line:126] Hash  (cost=12.64..12.64 rows=4 width=4) (actual time=0.216..0.476 rows=1 loops=3)
2022-12-02 20:49:11 [P-13376] [MainThread] [parse_query_plan] [DEBUG] parse_query_plan.py[line:132] ['Hash']
2022-12-02 20:49:11 [P-13376] [MainThread] [parse_query_plan] [DEBUG] parse_query_plan.py[line:149] _do_Hash
2022-12-02 20:49:11 [P-13376] [MainThread] [parse_query_plan] [DEBUG] parse_query_plan.py[line:126] Bitmap Heap Scan on role_type rt  (cost=4.18..12.64 rows=4 width=4) (actual time=0.209..0.396 rows=1 loops=3)
2022-12-02 20:49:11 [P-13376] [MainThread] [parse_query_plan] [DEBUG] parse_query_plan.py[line:132] ['Bitmap Heap Scan', 'role_type rt']
2022-12-02 20:49:11 [P-13376] [MainThread] [parse_query_plan] [DEBUG] parse_query_plan.py[line:149] _do_BitMapHeapScan
2022-12-02 20:49:11 [P-13376] [MainThread] [parse_query_plan] [DEBUG] parse_query_plan.py[line:126] Bitmap Index Scan on role_type_role  (cost=0.00..4.18 rows=4 width=0) (actual time=0.162..0.171 rows=1 loops=3)
2022-12-02 20:49:11 [P-13376] [MainThread] [parse_query_plan] [DEBUG] parse_query_plan.py[line:132] ['Bitmap Index Scan', 'role_type_role']
2022-12-02 20:49:11 [P-13376] [MainThread] [parse_query_plan] [DEBUG] parse_query_plan.py[line:149] _do_BitMapIndexScan
2022-12-02 20:49:11 [P-13376] [MainThread] [parse_query_plan] [DEBUG] parse_query_plan.py[line:126] Index Only Scan using char_name_pkey on char_name chn  (cost=0.43..2.62 rows=1 width=4) (actual time=0.017..0.017 rows=1 loops=139556)
2022-12-02 20:49:11 [P-13376] [MainThread] [parse_query_plan] [DEBUG] parse_query_plan.py[line:132] ['Index Only Scan', 'char_name_pkey', 'char_name chn']
2022-12-02 20:49:11 [P-13376] [MainThread] [parse_query_plan] [DEBUG] parse_query_plan.py[line:149] _do_IndexOnlyScan
2022-12-02 20:49:11 [P-13376] [MainThread] [parse_query_plan] [DEBUG] parse_query_plan.py[line:126] Index Scan using name_pkey on name n  (cost=0.43..4.38 rows=1 width=19) (actual time=0.009..0.009 rows=0 loops=135610)
2022-12-02 20:49:11 [P-13376] [MainThread] [parse_query_plan] [DEBUG] parse_query_plan.py[line:132] ['Index Scan', 'name_pkey', 'name n']
2022-12-02 20:49:11 [P-13376] [MainThread] [parse_query_plan] [DEBUG] parse_query_plan.py[line:149] _do_IndexScan
2022-12-02 20:49:11 [P-13376] [MainThread] [parse_query_plan] [DEBUG] parse_query_plan.py[line:126] Index Only Scan using aka_name_idx_person on aka_name an  (cost=0.43..2.86 rows=2 width=4) (actual time=0.014..0.015 rows=2 loops=2212)
2022-12-02 20:49:11 [P-13376] [MainThread] [parse_query_plan] [DEBUG] parse_query_plan.py[line:132] ['Index Only Scan', 'aka_name_idx_person', 'aka_name an']
2022-12-02 20:49:11 [P-13376] [MainThread] [parse_query_plan] [DEBUG] parse_query_plan.py[line:149] _do_IndexOnlyScan
2022-12-02 20:49:11 [P-13376] [MainThread] [parse_query_plan] [DEBUG] parse_query_plan.py[line:126] Index Scan using movie_companies_idx_mid on movie_companies mc  (cost=0.43..12.94 rows=6 width=8) (actual time=0.012..0.015 rows=2 loops=5457)
2022-12-02 20:49:11 [P-13376] [MainThread] [parse_query_plan] [DEBUG] parse_query_plan.py[line:132] ['Index Scan', 'movie_companies_idx_mid', 'movie_companies mc']
2022-12-02 20:49:11 [P-13376] [MainThread] [parse_query_plan] [DEBUG] parse_query_plan.py[line:149] _do_IndexScan
2022-12-02 20:49:11 [P-13376] [MainThread] [parse_query_plan] [DEBUG] parse_query_plan.py[line:126] Index Scan using company_name_pkey on company_name cn  (cost=0.42..4.25 rows=1 width=4) (actual time=0.008..0.008 rows=0 loops=8788)
2022-12-02 20:49:11 [P-13376] [MainThread] [parse_query_plan] [DEBUG] parse_query_plan.py[line:132] ['Index Scan', 'company_name_pkey', 'company_name cn']
2022-12-02 20:49:11 [P-13376] [MainThread] [parse_query_plan] [DEBUG] parse_query_plan.py[line:149] _do_IndexScan
2022-12-02 20:49:11 [P-13376] [MainThread] [parse_query_plan] [DEBUG] parse_query_plan.py[line:126] Finalize Aggregate  (cost=907094.67..907094.68 rows=1 width=64) (actual time=12648.416..12679.075 rows=1 loops=1)
2022-12-02 20:49:11 [P-13376] [MainThread] [parse_query_plan] [DEBUG] parse_query_plan.py[line:132] ['Finalize Aggregate']
2022-12-02 20:49:11 [P-13376] [MainThread] [parse_query_plan] [DEBUG] parse_query_plan.py[line:149] _do_FinalizeAggregate
2022-12-02 20:49:11 [P-13376] [MainThread] [parse_query_plan] [DEBUG] parse_query_plan.py[line:126] Gather  (cost=907094.45..907094.66 rows=2 width=64) (actual time=12638.909..12678.367 rows=3 loops=1)
2022-12-02 20:49:11 [P-13376] [MainThread] [parse_query_plan] [DEBUG] parse_query_plan.py[line:132] ['Gather']
2022-12-02 20:49:11 [P-13376] [MainThread] [parse_query_plan] [DEBUG] parse_query_plan.py[line:149] _do_Gather
2022-12-02 20:49:11 [P-13376] [MainThread] [parse_query_plan] [DEBUG] parse_query_plan.py[line:126] Partial Aggregate  (cost=906094.45..906094.46 rows=1 width=64) (actual time=12594.932..12595.303 rows=1 loops=3)
2022-12-02 20:49:11 [P-13376] [MainThread] [parse_query_plan] [DEBUG] parse_query_plan.py[line:132] ['Partial Aggregate']
2022-12-02 20:49:11 [P-13376] [MainThread] [parse_query_plan] [DEBUG] parse_query_plan.py[line:149] _do_PartialAggregate
2022-12-02 20:49:11 [P-13376] [MainThread] [parse_query_plan] [DEBUG] parse_query_plan.py[line:126] Nested Loop  (cost=18.13..906093.27 rows=236 width=31) (actual time=1728.049..12504.047 rows=707896 loops=3)
2022-12-02 20:49:11 [P-13376] [MainThread] [parse_query_plan] [DEBUG] parse_query_plan.py[line:132] ['Nested Loop']
2022-12-02 20:49:11 [P-13376] [MainThread] [parse_query_plan] [DEBUG] parse_query_plan.py[line:149] _do_NestedLoop
2022-12-02 20:49:11 [P-13376] [MainThread] [parse_query_plan] [DEBUG] parse_query_plan.py[line:126] Nested Loop  (cost=17.70..905813.54 rows=97 width=39) (actual time=1727.832..12221.655 rows=128104 loops=3)
2022-12-02 20:49:11 [P-13376] [MainThread] [parse_query_plan] [DEBUG] parse_query_plan.py[line:132] ['Nested Loop']
2022-12-02 20:49:11 [P-13376] [MainThread] [parse_query_plan] [DEBUG] parse_query_plan.py[line:149] _do_NestedLoop
2022-12-02 20:49:11 [P-13376] [MainThread] [parse_query_plan] [DEBUG] parse_query_plan.py[line:126] Nested Loop  (cost=17.28..904733.69 rows=254 width=43) (actual time=1720.981..11542.933 rows=374782 loops=3)
2022-12-02 20:49:11 [P-13376] [MainThread] [parse_query_plan] [DEBUG] parse_query_plan.py[line:132] ['Nested Loop']
2022-12-02 20:49:11 [P-13376] [MainThread] [parse_query_plan] [DEBUG] parse_query_plan.py[line:149] _do_NestedLoop
2022-12-02 20:49:11 [P-13376] [MainThread] [parse_query_plan] [DEBUG] parse_query_plan.py[line:126] Hash Join  (cost=16.85..904148.82 rows=45 width=51) (actual time=1719.401..10741.711 rows=126155 loops=3)
2022-12-02 20:49:11 [P-13376] [MainThread] [parse_query_plan] [DEBUG] parse_query_plan.py[line:132] ['Hash Join']
2022-12-02 20:49:11 [P-13376] [MainThread] [parse_query_plan] [DEBUG] parse_query_plan.py[line:149] _do_HashJoin
2022-12-02 20:49:11 [P-13376] [MainThread] [parse_query_plan] [DEBUG] parse_query_plan.py[line:126] Nested Loop  (cost=14.42..904132.61 rows=5062 width=55) (actual time=1406.689..10352.306 rows=738163 loops=3)
2022-12-02 20:49:11 [P-13376] [MainThread] [parse_query_plan] [DEBUG] parse_query_plan.py[line:132] ['Nested Loop']
2022-12-02 20:49:11 [P-13376] [MainThread] [parse_query_plan] [DEBUG] parse_query_plan.py[line:149] _do_NestedLoop
2022-12-02 20:49:11 [P-13376] [MainThread] [parse_query_plan] [DEBUG] parse_query_plan.py[line:126] Nested Loop  (cost=13.99..864968.40 rows=312 width=47) (actual time=1400.142..7248.847 rows=92800 loops=3)
2022-12-02 20:49:11 [P-13376] [MainThread] [parse_query_plan] [DEBUG] parse_query_plan.py[line:132] ['Nested Loop']
2022-12-02 20:49:11 [P-13376] [MainThread] [parse_query_plan] [DEBUG] parse_query_plan.py[line:149] _do_NestedLoop
2022-12-02 20:49:11 [P-13376] [MainThread] [parse_query_plan] [DEBUG] parse_query_plan.py[line:126] Nested Loop  (cost=13.56..862934.79 rows=471 width=27) (actual time=1396.420..6097.363 rows=164431 loops=3)
2022-12-02 20:49:11 [P-13376] [MainThread] [parse_query_plan] [DEBUG] parse_query_plan.py[line:132] ['Nested Loop']
2022-12-02 20:49:11 [P-13376] [MainThread] [parse_query_plan] [DEBUG] parse_query_plan.py[line:149] _do_NestedLoop
2022-12-02 20:49:11 [P-13376] [MainThread] [parse_query_plan] [DEBUG] parse_query_plan.py[line:126] Nested Loop  (cost=13.12..854183.97 rows=2001 width=8) (actual time=1395.968..5621.560 rows=164449 loops=3)
2022-12-02 20:49:11 [P-13376] [MainThread] [parse_query_plan] [DEBUG] parse_query_plan.py[line:132] ['Nested Loop']
2022-12-02 20:49:11 [P-13376] [MainThread] [parse_query_plan] [DEBUG] parse_query_plan.py[line:149] _do_NestedLoop
2022-12-02 20:49:11 [P-13376] [MainThread] [parse_query_plan] [DEBUG] parse_query_plan.py[line:126] Hash Join  (cost=12.69..843714.07 rows=4003 width=12) (actual time=1394.041..4788.986 rows=177765 loops=3)
2022-12-02 20:49:11 [P-13376] [MainThread] [parse_query_plan] [DEBUG] parse_query_plan.py[line:132] ['Hash Join']
2022-12-02 20:49:11 [P-13376] [MainThread] [parse_query_plan] [DEBUG] parse_query_plan.py[line:149] _do_HashJoin
2022-12-02 20:49:11 [P-13376] [MainThread] [parse_query_plan] [DEBUG] parse_query_plan.py[line:126] Seq Scan on cast_info ci  (cost=0.00..841824.97 rows=710577 width=16) (actual time=0.579..4722.032 rows=531113 loops=3)
2022-12-02 20:49:11 [P-13376] [MainThread] [parse_query_plan] [DEBUG] parse_query_plan.py[line:132] ['Seq Scan', 'cast_info ci']
2022-12-02 20:49:11 [P-13376] [MainThread] [parse_query_plan] [DEBUG] parse_query_plan.py[line:149] _do_SeqScan
2022-12-02 20:49:11 [P-13376] [MainThread] [parse_query_plan] [DEBUG] parse_query_plan.py[line:207] <re.Match object; span=(0, 111), match='(note = ANY (\'{(voice),"(voice: Japanese version>
2022-12-02 20:49:11 [P-13376] [MainThread] [parse_query_plan] [DEBUG] parse_query_plan.py[line:126] Hash  (cost=12.64..12.64 rows=4 width=4) (actual time=0.260..0.354 rows=1 loops=3)
2022-12-02 20:49:11 [P-13376] [MainThread] [parse_query_plan] [DEBUG] parse_query_plan.py[line:132] ['Hash']
2022-12-02 20:49:11 [P-13376] [MainThread] [parse_query_plan] [DEBUG] parse_query_plan.py[line:149] _do_Hash
2022-12-02 20:49:11 [P-13376] [MainThread] [parse_query_plan] [DEBUG] parse_query_plan.py[line:126] Bitmap Heap Scan on role_type rt  (cost=4.18..12.64 rows=4 width=4) (actual time=0.255..0.303 rows=1 loops=3)
2022-12-02 20:49:11 [P-13376] [MainThread] [parse_query_plan] [DEBUG] parse_query_plan.py[line:132] ['Bitmap Heap Scan', 'role_type rt']
2022-12-02 20:49:11 [P-13376] [MainThread] [parse_query_plan] [DEBUG] parse_query_plan.py[line:149] _do_BitMapHeapScan
2022-12-02 20:49:11 [P-13376] [MainThread] [parse_query_plan] [DEBUG] parse_query_plan.py[line:126] Bitmap Index Scan on role_type_role  (cost=0.00..4.18 rows=4 width=0) (actual time=0.238..0.283 rows=1 loops=3)
2022-12-02 20:49:11 [P-13376] [MainThread] [parse_query_plan] [DEBUG] parse_query_plan.py[line:132] ['Bitmap Index Scan', 'role_type_role']
2022-12-02 20:49:11 [P-13376] [MainThread] [parse_query_plan] [DEBUG] parse_query_plan.py[line:149] _do_BitMapIndexScan
2022-12-02 20:49:11 [P-13376] [MainThread] [parse_query_plan] [DEBUG] parse_query_plan.py[line:126] Index Only Scan using char_name_pkey on char_name chn  (cost=0.43..2.62 rows=1 width=4) (actual time=0.004..0.004 rows=1 loops=533295)
2022-12-02 20:49:11 [P-13376] [MainThread] [parse_query_plan] [DEBUG] parse_query_plan.py[line:132] ['Index Only Scan', 'char_name_pkey', 'char_name chn']
2022-12-02 20:49:11 [P-13376] [MainThread] [parse_query_plan] [DEBUG] parse_query_plan.py[line:149] _do_IndexOnlyScan
2022-12-02 20:49:11 [P-13376] [MainThread] [parse_query_plan] [DEBUG] parse_query_plan.py[line:126] Index Scan using name_pkey on name n  (cost=0.43..4.37 rows=1 width=19) (actual time=0.003..0.003 rows=1 loops=493348)
2022-12-02 20:49:11 [P-13376] [MainThread] [parse_query_plan] [DEBUG] parse_query_plan.py[line:132] ['Index Scan', 'name_pkey', 'name n']
2022-12-02 20:49:11 [P-13376] [MainThread] [parse_query_plan] [DEBUG] parse_query_plan.py[line:149] _do_IndexScan
2022-12-02 20:49:11 [P-13376] [MainThread] [parse_query_plan] [DEBUG] parse_query_plan.py[line:126] Index Scan using title_pkey on title t  (cost=0.43..4.32 rows=1 width=20) (actual time=0.007..0.007 rows=1 loops=493292)
2022-12-02 20:49:11 [P-13376] [MainThread] [parse_query_plan] [DEBUG] parse_query_plan.py[line:132] ['Index Scan', 'title_pkey', 'title t']
2022-12-02 20:49:11 [P-13376] [MainThread] [parse_query_plan] [DEBUG] parse_query_plan.py[line:149] _do_IndexScan
2022-12-02 20:49:11 [P-13376] [MainThread] [parse_query_plan] [DEBUG] parse_query_plan.py[line:126] Index Scan using movie_info_idx_mid on movie_info mi  (cost=0.44..124.91 rows=62 width=8) (actual time=0.014..0.032 rows=8 loops=278401)
2022-12-02 20:49:11 [P-13376] [MainThread] [parse_query_plan] [DEBUG] parse_query_plan.py[line:132] ['Index Scan', 'movie_info_idx_mid', 'movie_info mi']
2022-12-02 20:49:11 [P-13376] [MainThread] [parse_query_plan] [DEBUG] parse_query_plan.py[line:149] _do_IndexScan
2022-12-02 20:49:11 [P-13376] [MainThread] [parse_query_plan] [DEBUG] parse_query_plan.py[line:126] Hash  (cost=2.41..2.41 rows=1 width=4) (actual time=311.858..311.859 rows=1 loops=3)
2022-12-02 20:49:11 [P-13376] [MainThread] [parse_query_plan] [DEBUG] parse_query_plan.py[line:132] ['Hash']
2022-12-02 20:49:11 [P-13376] [MainThread] [parse_query_plan] [DEBUG] parse_query_plan.py[line:149] _do_Hash
2022-12-02 20:49:11 [P-13376] [MainThread] [parse_query_plan] [DEBUG] parse_query_plan.py[line:126] Seq Scan on info_type it  (cost=0.00..2.41 rows=1 width=4) (actual time=311.841..311.845 rows=1 loops=3)
2022-12-02 20:49:11 [P-13376] [MainThread] [parse_query_plan] [DEBUG] parse_query_plan.py[line:132] ['Seq Scan', 'info_type it']
2022-12-02 20:49:11 [P-13376] [MainThread] [parse_query_plan] [DEBUG] parse_query_plan.py[line:149] _do_SeqScan
2022-12-02 20:49:11 [P-13376] [MainThread] [parse_query_plan] [DEBUG] parse_query_plan.py[line:126] Index Scan using movie_companies_idx_mid on movie_companies mc  (cost=0.43..12.94 rows=6 width=8) (actual time=0.005..0.006 rows=3 loops=378464)
2022-12-02 20:49:11 [P-13376] [MainThread] [parse_query_plan] [DEBUG] parse_query_plan.py[line:132] ['Index Scan', 'movie_companies_idx_mid', 'movie_companies mc']
2022-12-02 20:49:11 [P-13376] [MainThread] [parse_query_plan] [DEBUG] parse_query_plan.py[line:149] _do_IndexScan
2022-12-02 20:49:11 [P-13376] [MainThread] [parse_query_plan] [DEBUG] parse_query_plan.py[line:126] Index Scan using company_name_pkey on company_name cn  (cost=0.42..4.25 rows=1 width=4) (actual time=0.002..0.002 rows=0 loops=1124346)
2022-12-02 20:49:11 [P-13376] [MainThread] [parse_query_plan] [DEBUG] parse_query_plan.py[line:132] ['Index Scan', 'company_name_pkey', 'company_name cn']
2022-12-02 20:49:11 [P-13376] [MainThread] [parse_query_plan] [DEBUG] parse_query_plan.py[line:149] _do_IndexScan
2022-12-02 20:49:11 [P-13376] [MainThread] [parse_query_plan] [DEBUG] parse_query_plan.py[line:126] Index Only Scan using aka_name_idx_person on aka_name an  (cost=0.43..2.86 rows=2 width=4) (actual time=0.001..0.002 rows=6 loops=384311)
2022-12-02 20:49:11 [P-13376] [MainThread] [parse_query_plan] [DEBUG] parse_query_plan.py[line:132] ['Index Only Scan', 'aka_name_idx_person', 'aka_name an']
2022-12-02 20:49:11 [P-13376] [MainThread] [parse_query_plan] [DEBUG] parse_query_plan.py[line:149] _do_IndexOnlyScan
2022-12-02 20:49:11 [P-13376] [MainThread] [parse_query_plan] [DEBUG] parse_query_plan.py[line:126] Aggregate  (cost=50.88..50.89 rows=1 width=68) (actual time=0.136..0.137 rows=1 loops=1)
2022-12-02 20:49:11 [P-13376] [MainThread] [parse_query_plan] [DEBUG] parse_query_plan.py[line:132] ['Aggregate']
2022-12-02 20:49:11 [P-13376] [MainThread] [parse_query_plan] [DEBUG] parse_query_plan.py[line:149] _do_Aggregate
2022-12-02 20:49:11 [P-13376] [MainThread] [parse_query_plan] [DEBUG] parse_query_plan.py[line:126] Nested Loop  (cost=5.19..50.87 rows=1 width=44) (actual time=0.135..0.135 rows=0 loops=1)
2022-12-02 20:49:11 [P-13376] [MainThread] [parse_query_plan] [DEBUG] parse_query_plan.py[line:132] ['Nested Loop']
2022-12-02 20:49:11 [P-13376] [MainThread] [parse_query_plan] [DEBUG] parse_query_plan.py[line:149] _do_NestedLoop
2022-12-02 20:49:11 [P-13376] [MainThread] [parse_query_plan] [DEBUG] parse_query_plan.py[line:126] Nested Loop  (cost=5.04..50.69 rows=1 width=48) (actual time=0.134..0.135 rows=0 loops=1)
2022-12-02 20:49:11 [P-13376] [MainThread] [parse_query_plan] [DEBUG] parse_query_plan.py[line:132] ['Nested Loop']
2022-12-02 20:49:11 [P-13376] [MainThread] [parse_query_plan] [DEBUG] parse_query_plan.py[line:149] _do_NestedLoop
2022-12-02 20:49:11 [P-13376] [MainThread] [parse_query_plan] [DEBUG] parse_query_plan.py[line:126] Nested Loop  (cost=4.61..48.10 rows=4 width=28) (actual time=0.134..0.135 rows=0 loops=1)
2022-12-02 20:49:11 [P-13376] [MainThread] [parse_query_plan] [DEBUG] parse_query_plan.py[line:132] ['Nested Loop']
2022-12-02 20:49:11 [P-13376] [MainThread] [parse_query_plan] [DEBUG] parse_query_plan.py[line:149] _do_NestedLoop
2022-12-02 20:49:11 [P-13376] [MainThread] [parse_query_plan] [DEBUG] parse_query_plan.py[line:126] Nested Loop  (cost=4.18..15.09 rows=4 width=4) (actual time=0.134..0.134 rows=0 loops=1)
2022-12-02 20:49:11 [P-13376] [MainThread] [parse_query_plan] [DEBUG] parse_query_plan.py[line:132] ['Nested Loop']
2022-12-02 20:49:11 [P-13376] [MainThread] [parse_query_plan] [DEBUG] parse_query_plan.py[line:149] _do_NestedLoop
2022-12-02 20:49:11 [P-13376] [MainThread] [parse_query_plan] [DEBUG] parse_query_plan.py[line:126] Seq Scan on info_type it  (cost=0.00..2.41 rows=1 width=4) (actual time=0.126..0.126 rows=1 loops=1)
2022-12-02 20:49:11 [P-13376] [MainThread] [parse_query_plan] [DEBUG] parse_query_plan.py[line:132] ['Seq Scan', 'info_type it']
2022-12-02 20:49:11 [P-13376] [MainThread] [parse_query_plan] [DEBUG] parse_query_plan.py[line:149] _do_SeqScan
2022-12-02 20:49:11 [P-13376] [MainThread] [parse_query_plan] [DEBUG] parse_query_plan.py[line:126] Bitmap Heap Scan on movie_info_idx mi_idx  (cost=4.18..12.64 rows=4 width=8) (actual time=0.004..0.004 rows=0 loops=1)
2022-12-02 20:49:11 [P-13376] [MainThread] [parse_query_plan] [DEBUG] parse_query_plan.py[line:132] ['Bitmap Heap Scan', 'movie_info_idx mi_idx']
2022-12-02 20:49:11 [P-13376] [MainThread] [parse_query_plan] [DEBUG] parse_query_plan.py[line:149] _do_BitMapHeapScan
2022-12-02 20:49:11 [P-13376] [MainThread] [parse_query_plan] [DEBUG] parse_query_plan.py[line:126] Bitmap Index Scan on info_type_id_movie_info_idx  (cost=0.00..4.18 rows=4 width=0) (actual time=0.002..0.002 rows=0 loops=1)
2022-12-02 20:49:11 [P-13376] [MainThread] [parse_query_plan] [DEBUG] parse_query_plan.py[line:132] ['Bitmap Index Scan', 'info_type_id_movie_info_idx']
2022-12-02 20:49:11 [P-13376] [MainThread] [parse_query_plan] [DEBUG] parse_query_plan.py[line:149] _do_BitMapIndexScan
2022-12-02 20:49:11 [P-13376] [MainThread] [parse_query_plan] [DEBUG] parse_query_plan.py[line:126] Index Scan using title_pkey on title t  (cost=0.43..8.25 rows=1 width=24) (never executed)
2022-12-02 20:49:11 [P-13376] [MainThread] [parse_query_plan] [DEBUG] parse_query_plan.py[line:132] ['Index Scan', 'title_pkey', 'title t']
2022-12-02 20:49:11 [P-13376] [MainThread] [parse_query_plan] [DEBUG] parse_query_plan.py[line:149] _do_IndexScan
2022-12-02 20:49:11 [P-13376] [MainThread] [parse_query_plan] [DEBUG] parse_query_plan.py[line:126] Index Scan using movie_companies_idx_mid on movie_companies mc  (cost=0.43..0.64 rows=1 width=32) (never executed)
2022-12-02 20:49:11 [P-13376] [MainThread] [parse_query_plan] [DEBUG] parse_query_plan.py[line:132] ['Index Scan', 'movie_companies_idx_mid', 'movie_companies mc']
2022-12-02 20:49:11 [P-13376] [MainThread] [parse_query_plan] [DEBUG] parse_query_plan.py[line:149] _do_IndexScan
2022-12-02 20:49:11 [P-13376] [MainThread] [parse_query_plan] [DEBUG] parse_query_plan.py[line:126] Index Scan using company_type_pkey on company_type ct  (cost=0.15..0.17 rows=1 width=4) (never executed)
2022-12-02 20:49:11 [P-13376] [MainThread] [parse_query_plan] [DEBUG] parse_query_plan.py[line:132] ['Index Scan', 'company_type_pkey', 'company_type ct']
2022-12-02 20:49:11 [P-13376] [MainThread] [parse_query_plan] [DEBUG] parse_query_plan.py[line:149] _do_IndexScan
2022-12-02 20:49:11 [P-13376] [MainThread] [parse_query_plan] [DEBUG] parse_query_plan.py[line:126] Aggregate  (cost=49.33..49.34 rows=1 width=68) (actual time=0.012..0.012 rows=1 loops=1)
2022-12-02 20:49:11 [P-13376] [MainThread] [parse_query_plan] [DEBUG] parse_query_plan.py[line:132] ['Aggregate']
2022-12-02 20:49:11 [P-13376] [MainThread] [parse_query_plan] [DEBUG] parse_query_plan.py[line:149] _do_Aggregate
2022-12-02 20:49:11 [P-13376] [MainThread] [parse_query_plan] [DEBUG] parse_query_plan.py[line:126] Nested Loop  (cost=5.19..49.32 rows=1 width=44) (actual time=0.011..0.011 rows=0 loops=1)
2022-12-02 20:49:11 [P-13376] [MainThread] [parse_query_plan] [DEBUG] parse_query_plan.py[line:132] ['Nested Loop']
2022-12-02 20:49:11 [P-13376] [MainThread] [parse_query_plan] [DEBUG] parse_query_plan.py[line:149] _do_NestedLoop
2022-12-02 20:49:11 [P-13376] [MainThread] [parse_query_plan] [DEBUG] parse_query_plan.py[line:126] Nested Loop  (cost=5.04..48.98 rows=2 width=48) (actual time=0.011..0.011 rows=0 loops=1)
2022-12-02 20:49:11 [P-13376] [MainThread] [parse_query_plan] [DEBUG] parse_query_plan.py[line:132] ['Nested Loop']
2022-12-02 20:49:11 [P-13376] [MainThread] [parse_query_plan] [DEBUG] parse_query_plan.py[line:149] _do_NestedLoop
2022-12-02 20:49:11 [P-13376] [MainThread] [parse_query_plan] [DEBUG] parse_query_plan.py[line:126] Nested Loop  (cost=4.61..48.12 rows=1 width=28) (actual time=0.011..0.011 rows=0 loops=1)
2022-12-02 20:49:11 [P-13376] [MainThread] [parse_query_plan] [DEBUG] parse_query_plan.py[line:132] ['Nested Loop']
2022-12-02 20:49:11 [P-13376] [MainThread] [parse_query_plan] [DEBUG] parse_query_plan.py[line:149] _do_NestedLoop
2022-12-02 20:49:11 [P-13376] [MainThread] [parse_query_plan] [DEBUG] parse_query_plan.py[line:126] Nested Loop  (cost=4.18..15.09 rows=4 width=4) (actual time=0.011..0.011 rows=0 loops=1)
2022-12-02 20:49:11 [P-13376] [MainThread] [parse_query_plan] [DEBUG] parse_query_plan.py[line:132] ['Nested Loop']
2022-12-02 20:49:11 [P-13376] [MainThread] [parse_query_plan] [DEBUG] parse_query_plan.py[line:149] _do_NestedLoop
2022-12-02 20:49:11 [P-13376] [MainThread] [parse_query_plan] [DEBUG] parse_query_plan.py[line:126] Seq Scan on info_type it  (cost=0.00..2.41 rows=1 width=4) (actual time=0.007..0.008 rows=1 loops=1)
2022-12-02 20:49:11 [P-13376] [MainThread] [parse_query_plan] [DEBUG] parse_query_plan.py[line:132] ['Seq Scan', 'info_type it']
2022-12-02 20:49:11 [P-13376] [MainThread] [parse_query_plan] [DEBUG] parse_query_plan.py[line:149] _do_SeqScan
2022-12-02 20:49:11 [P-13376] [MainThread] [parse_query_plan] [DEBUG] parse_query_plan.py[line:126] Bitmap Heap Scan on movie_info_idx mi_idx  (cost=4.18..12.64 rows=4 width=8) (actual time=0.002..0.002 rows=0 loops=1)
2022-12-02 20:49:11 [P-13376] [MainThread] [parse_query_plan] [DEBUG] parse_query_plan.py[line:132] ['Bitmap Heap Scan', 'movie_info_idx mi_idx']
2022-12-02 20:49:11 [P-13376] [MainThread] [parse_query_plan] [DEBUG] parse_query_plan.py[line:149] _do_BitMapHeapScan
2022-12-02 20:49:11 [P-13376] [MainThread] [parse_query_plan] [DEBUG] parse_query_plan.py[line:126] Bitmap Index Scan on info_type_id_movie_info_idx  (cost=0.00..4.18 rows=4 width=0) (actual time=0.001..0.001 rows=0 loops=1)
2022-12-02 20:49:11 [P-13376] [MainThread] [parse_query_plan] [DEBUG] parse_query_plan.py[line:132] ['Bitmap Index Scan', 'info_type_id_movie_info_idx']
2022-12-02 20:49:11 [P-13376] [MainThread] [parse_query_plan] [DEBUG] parse_query_plan.py[line:149] _do_BitMapIndexScan
2022-12-02 20:49:11 [P-13376] [MainThread] [parse_query_plan] [DEBUG] parse_query_plan.py[line:126] Index Scan using title_pkey on title t  (cost=0.43..8.26 rows=1 width=24) (never executed)
2022-12-02 20:49:11 [P-13376] [MainThread] [parse_query_plan] [DEBUG] parse_query_plan.py[line:132] ['Index Scan', 'title_pkey', 'title t']
2022-12-02 20:49:11 [P-13376] [MainThread] [parse_query_plan] [DEBUG] parse_query_plan.py[line:149] _do_IndexScan
2022-12-02 20:49:11 [P-13376] [MainThread] [parse_query_plan] [DEBUG] parse_query_plan.py[line:126] Index Scan using movie_companies_idx_mid on movie_companies mc  (cost=0.43..0.82 rows=3 width=32) (never executed)
2022-12-02 20:49:11 [P-13376] [MainThread] [parse_query_plan] [DEBUG] parse_query_plan.py[line:132] ['Index Scan', 'movie_companies_idx_mid', 'movie_companies mc']
2022-12-02 20:49:11 [P-13376] [MainThread] [parse_query_plan] [DEBUG] parse_query_plan.py[line:149] _do_IndexScan
2022-12-02 20:49:11 [P-13376] [MainThread] [parse_query_plan] [DEBUG] parse_query_plan.py[line:126] Index Scan using company_type_pkey on company_type ct  (cost=0.15..0.17 rows=1 width=4) (never executed)
2022-12-02 20:49:11 [P-13376] [MainThread] [parse_query_plan] [DEBUG] parse_query_plan.py[line:132] ['Index Scan', 'company_type_pkey', 'company_type ct']
2022-12-02 20:49:11 [P-13376] [MainThread] [parse_query_plan] [DEBUG] parse_query_plan.py[line:149] _do_IndexScan
2022-12-02 20:49:11 [P-13376] [MainThread] [parse_query_plan] [DEBUG] parse_query_plan.py[line:126] Aggregate  (cost=49.75..49.76 rows=1 width=68) (actual time=0.014..0.014 rows=1 loops=1)
2022-12-02 20:49:11 [P-13376] [MainThread] [parse_query_plan] [DEBUG] parse_query_plan.py[line:132] ['Aggregate']
2022-12-02 20:49:11 [P-13376] [MainThread] [parse_query_plan] [DEBUG] parse_query_plan.py[line:149] _do_Aggregate
2022-12-02 20:49:11 [P-13376] [MainThread] [parse_query_plan] [DEBUG] parse_query_plan.py[line:126] Nested Loop  (cost=5.19..49.74 rows=1 width=44) (actual time=0.013..0.014 rows=0 loops=1)
2022-12-02 20:49:11 [P-13376] [MainThread] [parse_query_plan] [DEBUG] parse_query_plan.py[line:132] ['Nested Loop']
2022-12-02 20:49:11 [P-13376] [MainThread] [parse_query_plan] [DEBUG] parse_query_plan.py[line:149] _do_NestedLoop
2022-12-02 20:49:11 [P-13376] [MainThread] [parse_query_plan] [DEBUG] parse_query_plan.py[line:126] Nested Loop  (cost=5.04..49.56 rows=1 width=48) (actual time=0.013..0.013 rows=0 loops=1)
2022-12-02 20:49:11 [P-13376] [MainThread] [parse_query_plan] [DEBUG] parse_query_plan.py[line:132] ['Nested Loop']
2022-12-02 20:49:11 [P-13376] [MainThread] [parse_query_plan] [DEBUG] parse_query_plan.py[line:149] _do_NestedLoop
2022-12-02 20:49:11 [P-13376] [MainThread] [parse_query_plan] [DEBUG] parse_query_plan.py[line:126] Nested Loop  (cost=4.61..48.11 rows=2 width=28) (actual time=0.013..0.013 rows=0 loops=1)
2022-12-02 20:49:11 [P-13376] [MainThread] [parse_query_plan] [DEBUG] parse_query_plan.py[line:132] ['Nested Loop']
2022-12-02 20:49:11 [P-13376] [MainThread] [parse_query_plan] [DEBUG] parse_query_plan.py[line:149] _do_NestedLoop
2022-12-02 20:49:11 [P-13376] [MainThread] [parse_query_plan] [DEBUG] parse_query_plan.py[line:126] Nested Loop  (cost=4.18..15.09 rows=4 width=4) (actual time=0.013..0.013 rows=0 loops=1)
2022-12-02 20:49:11 [P-13376] [MainThread] [parse_query_plan] [DEBUG] parse_query_plan.py[line:132] ['Nested Loop']
2022-12-02 20:49:11 [P-13376] [MainThread] [parse_query_plan] [DEBUG] parse_query_plan.py[line:149] _do_NestedLoop
2022-12-02 20:49:11 [P-13376] [MainThread] [parse_query_plan] [DEBUG] parse_query_plan.py[line:126] Seq Scan on info_type it  (cost=0.00..2.41 rows=1 width=4) (actual time=0.008..0.009 rows=1 loops=1)
2022-12-02 20:49:11 [P-13376] [MainThread] [parse_query_plan] [DEBUG] parse_query_plan.py[line:132] ['Seq Scan', 'info_type it']
2022-12-02 20:49:11 [P-13376] [MainThread] [parse_query_plan] [DEBUG] parse_query_plan.py[line:149] _do_SeqScan
2022-12-02 20:49:11 [P-13376] [MainThread] [parse_query_plan] [DEBUG] parse_query_plan.py[line:126] Bitmap Heap Scan on movie_info_idx mi_idx  (cost=4.18..12.64 rows=4 width=8) (actual time=0.002..0.002 rows=0 loops=1)
2022-12-02 20:49:11 [P-13376] [MainThread] [parse_query_plan] [DEBUG] parse_query_plan.py[line:132] ['Bitmap Heap Scan', 'movie_info_idx mi_idx']
2022-12-02 20:49:11 [P-13376] [MainThread] [parse_query_plan] [DEBUG] parse_query_plan.py[line:149] _do_BitMapHeapScan
2022-12-02 20:49:11 [P-13376] [MainThread] [parse_query_plan] [DEBUG] parse_query_plan.py[line:126] Bitmap Index Scan on info_type_id_movie_info_idx  (cost=0.00..4.18 rows=4 width=0) (actual time=0.001..0.001 rows=0 loops=1)
2022-12-02 20:49:11 [P-13376] [MainThread] [parse_query_plan] [DEBUG] parse_query_plan.py[line:132] ['Bitmap Index Scan', 'info_type_id_movie_info_idx']
2022-12-02 20:49:11 [P-13376] [MainThread] [parse_query_plan] [DEBUG] parse_query_plan.py[line:149] _do_BitMapIndexScan
2022-12-02 20:49:11 [P-13376] [MainThread] [parse_query_plan] [DEBUG] parse_query_plan.py[line:126] Index Scan using title_pkey on title t  (cost=0.43..8.26 rows=1 width=24) (never executed)
2022-12-02 20:49:11 [P-13376] [MainThread] [parse_query_plan] [DEBUG] parse_query_plan.py[line:132] ['Index Scan', 'title_pkey', 'title t']
2022-12-02 20:49:11 [P-13376] [MainThread] [parse_query_plan] [DEBUG] parse_query_plan.py[line:149] _do_IndexScan
2022-12-02 20:49:11 [P-13376] [MainThread] [parse_query_plan] [DEBUG] parse_query_plan.py[line:126] Index Scan using movie_companies_idx_mid on movie_companies mc  (cost=0.43..0.71 rows=1 width=32) (never executed)
2022-12-02 20:49:11 [P-13376] [MainThread] [parse_query_plan] [DEBUG] parse_query_plan.py[line:132] ['Index Scan', 'movie_companies_idx_mid', 'movie_companies mc']
2022-12-02 20:49:11 [P-13376] [MainThread] [parse_query_plan] [DEBUG] parse_query_plan.py[line:149] _do_IndexScan
2022-12-02 20:49:11 [P-13376] [MainThread] [parse_query_plan] [DEBUG] parse_query_plan.py[line:126] Index Scan using company_type_pkey on company_type ct  (cost=0.15..0.17 rows=1 width=4) (never executed)
2022-12-02 20:49:11 [P-13376] [MainThread] [parse_query_plan] [DEBUG] parse_query_plan.py[line:132] ['Index Scan', 'company_type_pkey', 'company_type ct']
2022-12-02 20:49:11 [P-13376] [MainThread] [parse_query_plan] [DEBUG] parse_query_plan.py[line:149] _do_IndexScan
2022-12-02 20:49:11 [P-13376] [MainThread] [parse_query_plan] [DEBUG] parse_query_plan.py[line:126] Aggregate  (cost=50.75..50.76 rows=1 width=68) (actual time=0.276..0.277 rows=1 loops=1)
2022-12-02 20:49:11 [P-13376] [MainThread] [parse_query_plan] [DEBUG] parse_query_plan.py[line:132] ['Aggregate']
2022-12-02 20:49:11 [P-13376] [MainThread] [parse_query_plan] [DEBUG] parse_query_plan.py[line:149] _do_Aggregate
2022-12-02 20:49:11 [P-13376] [MainThread] [parse_query_plan] [DEBUG] parse_query_plan.py[line:126] Nested Loop  (cost=5.20..50.74 rows=1 width=44) (actual time=0.275..0.275 rows=0 loops=1)
2022-12-02 20:49:11 [P-13376] [MainThread] [parse_query_plan] [DEBUG] parse_query_plan.py[line:132] ['Nested Loop']
2022-12-02 20:49:11 [P-13376] [MainThread] [parse_query_plan] [DEBUG] parse_query_plan.py[line:149] _do_NestedLoop
2022-12-02 20:49:11 [P-13376] [MainThread] [parse_query_plan] [DEBUG] parse_query_plan.py[line:126] Nested Loop  (cost=5.04..50.11 rows=7 width=48) (actual time=0.274..0.275 rows=0 loops=1)
2022-12-02 20:49:11 [P-13376] [MainThread] [parse_query_plan] [DEBUG] parse_query_plan.py[line:132] ['Nested Loop']
2022-12-02 20:49:11 [P-13376] [MainThread] [parse_query_plan] [DEBUG] parse_query_plan.py[line:149] _do_NestedLoop
2022-12-02 20:49:11 [P-13376] [MainThread] [parse_query_plan] [DEBUG] parse_query_plan.py[line:126] Nested Loop  (cost=4.61..48.11 rows=3 width=28) (actual time=0.274..0.275 rows=0 loops=1)
2022-12-02 20:49:11 [P-13376] [MainThread] [parse_query_plan] [DEBUG] parse_query_plan.py[line:132] ['Nested Loop']
2022-12-02 20:49:11 [P-13376] [MainThread] [parse_query_plan] [DEBUG] parse_query_plan.py[line:149] _do_NestedLoop
2022-12-02 20:49:11 [P-13376] [MainThread] [parse_query_plan] [DEBUG] parse_query_plan.py[line:126] Nested Loop  (cost=4.18..15.09 rows=4 width=4) (actual time=0.274..0.275 rows=0 loops=1)
2022-12-02 20:49:11 [P-13376] [MainThread] [parse_query_plan] [DEBUG] parse_query_plan.py[line:132] ['Nested Loop']
2022-12-02 20:49:11 [P-13376] [MainThread] [parse_query_plan] [DEBUG] parse_query_plan.py[line:149] _do_NestedLoop
2022-12-02 20:49:11 [P-13376] [MainThread] [parse_query_plan] [DEBUG] parse_query_plan.py[line:126] Seq Scan on info_type it  (cost=0.00..2.41 rows=1 width=4) (actual time=0.008..0.009 rows=1 loops=1)
2022-12-02 20:49:11 [P-13376] [MainThread] [parse_query_plan] [DEBUG] parse_query_plan.py[line:132] ['Seq Scan', 'info_type it']
2022-12-02 20:49:11 [P-13376] [MainThread] [parse_query_plan] [DEBUG] parse_query_plan.py[line:149] _do_SeqScan
2022-12-02 20:49:11 [P-13376] [MainThread] [parse_query_plan] [DEBUG] parse_query_plan.py[line:126] Bitmap Heap Scan on movie_info_idx mi_idx  (cost=4.18..12.64 rows=4 width=8) (actual time=0.263..0.264 rows=0 loops=1)
2022-12-02 20:49:11 [P-13376] [MainThread] [parse_query_plan] [DEBUG] parse_query_plan.py[line:132] ['Bitmap Heap Scan', 'movie_info_idx mi_idx']
2022-12-02 20:49:11 [P-13376] [MainThread] [parse_query_plan] [DEBUG] parse_query_plan.py[line:149] _do_BitMapHeapScan
2022-12-02 20:49:11 [P-13376] [MainThread] [parse_query_plan] [DEBUG] parse_query_plan.py[line:126] Bitmap Index Scan on info_type_id_movie_info_idx  (cost=0.00..4.18 rows=4 width=0) (actual time=0.001..0.001 rows=0 loops=1)
2022-12-02 20:49:11 [P-13376] [MainThread] [parse_query_plan] [DEBUG] parse_query_plan.py[line:132] ['Bitmap Index Scan', 'info_type_id_movie_info_idx']
2022-12-02 20:49:11 [P-13376] [MainThread] [parse_query_plan] [DEBUG] parse_query_plan.py[line:149] _do_BitMapIndexScan
2022-12-02 20:49:11 [P-13376] [MainThread] [parse_query_plan] [DEBUG] parse_query_plan.py[line:126] Index Scan using title_pkey on title t  (cost=0.43..8.26 rows=1 width=24) (never executed)
2022-12-02 20:49:11 [P-13376] [MainThread] [parse_query_plan] [DEBUG] parse_query_plan.py[line:132] ['Index Scan', 'title_pkey', 'title t']
2022-12-02 20:49:11 [P-13376] [MainThread] [parse_query_plan] [DEBUG] parse_query_plan.py[line:149] _do_IndexScan
2022-12-02 20:49:11 [P-13376] [MainThread] [parse_query_plan] [DEBUG] parse_query_plan.py[line:126] Index Scan using movie_companies_idx_mid on movie_companies mc  (cost=0.43..0.63 rows=3 width=32) (never executed)
2022-12-02 20:49:11 [P-13376] [MainThread] [parse_query_plan] [DEBUG] parse_query_plan.py[line:132] ['Index Scan', 'movie_companies_idx_mid', 'movie_companies mc']
2022-12-02 20:49:11 [P-13376] [MainThread] [parse_query_plan] [DEBUG] parse_query_plan.py[line:149] _do_IndexScan
2022-12-02 20:49:11 [P-13376] [MainThread] [parse_query_plan] [DEBUG] parse_query_plan.py[line:126] Memoize  (cost=0.16..0.18 rows=1 width=4) (never executed)
2022-12-02 20:49:11 [P-13376] [MainThread] [parse_query_plan] [DEBUG] parse_query_plan.py[line:132] ['Memoize']
2022-12-02 20:49:11 [P-13376] [MainThread] [parse_query_plan] [DEBUG] parse_query_plan.py[line:149] _do_Memorize
2022-12-02 20:49:11 [P-13376] [MainThread] [parse_query_plan] [DEBUG] parse_query_plan.py[line:126] Index Scan using company_type_pkey on company_type ct  (cost=0.15..0.17 rows=1 width=4) (never executed)
2022-12-02 20:49:11 [P-13376] [MainThread] [parse_query_plan] [DEBUG] parse_query_plan.py[line:132] ['Index Scan', 'company_type_pkey', 'company_type ct']
2022-12-02 20:49:11 [P-13376] [MainThread] [parse_query_plan] [DEBUG] parse_query_plan.py[line:149] _do_IndexScan
2022-12-02 20:49:11 [P-13376] [MainThread] [parse_query_plan] [DEBUG] parse_query_plan.py[line:126] Aggregate  (cost=2537.72..2537.73 rows=1 width=32) (actual time=19738.175..19738.181 rows=1 loops=1)
2022-12-02 20:49:11 [P-13376] [MainThread] [parse_query_plan] [DEBUG] parse_query_plan.py[line:132] ['Aggregate']
2022-12-02 20:49:11 [P-13376] [MainThread] [parse_query_plan] [DEBUG] parse_query_plan.py[line:149] _do_Aggregate
2022-12-02 20:49:11 [P-13376] [MainThread] [parse_query_plan] [DEBUG] parse_query_plan.py[line:126] Nested Loop  (cost=15.43..2537.72 rows=1 width=16) (actual time=19738.172..19738.177 rows=0 loops=1)
2022-12-02 20:49:11 [P-13376] [MainThread] [parse_query_plan] [DEBUG] parse_query_plan.py[line:132] ['Nested Loop']
2022-12-02 20:49:11 [P-13376] [MainThread] [parse_query_plan] [DEBUG] parse_query_plan.py[line:149] _do_NestedLoop
2022-12-02 20:49:11 [P-13376] [MainThread] [parse_query_plan] [DEBUG] parse_query_plan.py[line:126] Nested Loop  (cost=15.00..2536.17 rows=1 width=20) (actual time=19738.172..19738.176 rows=0 loops=1)
2022-12-02 20:49:11 [P-13376] [MainThread] [parse_query_plan] [DEBUG] parse_query_plan.py[line:132] ['Nested Loop']
2022-12-02 20:49:11 [P-13376] [MainThread] [parse_query_plan] [DEBUG] parse_query_plan.py[line:149] _do_NestedLoop
2022-12-02 20:49:11 [P-13376] [MainThread] [parse_query_plan] [DEBUG] parse_query_plan.py[line:126] Nested Loop  (cost=14.58..2533.57 rows=1 width=24) (actual time=19738.171..19738.175 rows=0 loops=1)
2022-12-02 20:49:11 [P-13376] [MainThread] [parse_query_plan] [DEBUG] parse_query_plan.py[line:132] ['Nested Loop']
2022-12-02 20:49:11 [P-13376] [MainThread] [parse_query_plan] [DEBUG] parse_query_plan.py[line:149] _do_NestedLoop
2022-12-02 20:49:11 [P-13376] [MainThread] [parse_query_plan] [DEBUG] parse_query_plan.py[line:126] Nested Loop  (cost=14.14..2531.24 rows=1 width=28) (actual time=3.179..8404.689 rows=7826904 loops=1)
2022-12-02 20:49:11 [P-13376] [MainThread] [parse_query_plan] [DEBUG] parse_query_plan.py[line:132] ['Nested Loop']
2022-12-02 20:49:11 [P-13376] [MainThread] [parse_query_plan] [DEBUG] parse_query_plan.py[line:149] _do_NestedLoop
2022-12-02 20:49:11 [P-13376] [MainThread] [parse_query_plan] [DEBUG] parse_query_plan.py[line:126] Nested Loop  (cost=13.70..2488.21 rows=1 width=32) (actual time=2.668..945.900 rows=79180 loops=1)
2022-12-02 20:49:11 [P-13376] [MainThread] [parse_query_plan] [DEBUG] parse_query_plan.py[line:132] ['Nested Loop']
2022-12-02 20:49:11 [P-13376] [MainThread] [parse_query_plan] [DEBUG] parse_query_plan.py[line:149] _do_NestedLoop
2022-12-02 20:49:11 [P-13376] [MainThread] [parse_query_plan] [DEBUG] parse_query_plan.py[line:126] Nested Loop  (cost=13.27..2484.00 rows=1 width=24) (actual time=2.146..816.053 rows=1933 loops=1)
2022-12-02 20:49:11 [P-13376] [MainThread] [parse_query_plan] [DEBUG] parse_query_plan.py[line:132] ['Nested Loop']
2022-12-02 20:49:11 [P-13376] [MainThread] [parse_query_plan] [DEBUG] parse_query_plan.py[line:149] _do_NestedLoop
2022-12-02 20:49:11 [P-13376] [MainThread] [parse_query_plan] [DEBUG] parse_query_plan.py[line:126] Nested Loop  (cost=13.12..2482.76 rows=1 width=28) (actual time=1.468..777.030 rows=37372 loops=1)
2022-12-02 20:49:11 [P-13376] [MainThread] [parse_query_plan] [DEBUG] parse_query_plan.py[line:132] ['Nested Loop']
2022-12-02 20:49:11 [P-13376] [MainThread] [parse_query_plan] [DEBUG] parse_query_plan.py[line:149] _do_NestedLoop
2022-12-02 20:49:11 [P-13376] [MainThread] [parse_query_plan] [DEBUG] parse_query_plan.py[line:126] Nested Loop  (cost=12.69..2479.65 rows=1 width=4) (actual time=1.336..62.409 rows=85941 loops=1)
2022-12-02 20:49:11 [P-13376] [MainThread] [parse_query_plan] [DEBUG] parse_query_plan.py[line:132] ['Nested Loop']
2022-12-02 20:49:11 [P-13376] [MainThread] [parse_query_plan] [DEBUG] parse_query_plan.py[line:149] _do_NestedLoop
2022-12-02 20:49:11 [P-13376] [MainThread] [parse_query_plan] [DEBUG] parse_query_plan.py[line:126] Seq Scan on comp_cast_type cct2  (cost=0.00..18.88 rows=1 width=4) (actual time=0.430..0.432 rows=2 loops=1)
2022-12-02 20:49:11 [P-13376] [MainThread] [parse_query_plan] [DEBUG] parse_query_plan.py[line:132] ['Seq Scan', 'comp_cast_type cct2']
2022-12-02 20:49:11 [P-13376] [MainThread] [parse_query_plan] [DEBUG] parse_query_plan.py[line:149] _do_SeqScan
2022-12-02 20:49:11 [P-13376] [MainThread] [parse_query_plan] [DEBUG] parse_query_plan.py[line:126] Hash Join  (cost=12.69..2451.27 rows=761 width=8) (actual time=0.454..26.370 rows=85941 loops=2)
2022-12-02 20:49:11 [P-13376] [MainThread] [parse_query_plan] [DEBUG] parse_query_plan.py[line:132] ['Hash Join']
2022-12-02 20:49:11 [P-13376] [MainThread] [parse_query_plan] [DEBUG] parse_query_plan.py[line:149] _do_HashJoin
2022-12-02 20:49:11 [P-13376] [MainThread] [parse_query_plan] [DEBUG] parse_query_plan.py[line:126] Seq Scan on complete_cast cc  (cost=0.00..2081.86 rows=135086 width=12) (actual time=0.318..11.158 rows=135086 loops=2)
2022-12-02 20:49:11 [P-13376] [MainThread] [parse_query_plan] [DEBUG] parse_query_plan.py[line:132] ['Seq Scan', 'complete_cast cc']
2022-12-02 20:49:11 [P-13376] [MainThread] [parse_query_plan] [DEBUG] parse_query_plan.py[line:149] _do_SeqScan
2022-12-02 20:49:11 [P-13376] [MainThread] [parse_query_plan] [DEBUG] parse_query_plan.py[line:126] Hash  (cost=12.64..12.64 rows=4 width=4) (actual time=0.144..0.146 rows=1 loops=1)
2022-12-02 20:49:11 [P-13376] [MainThread] [parse_query_plan] [DEBUG] parse_query_plan.py[line:132] ['Hash']
2022-12-02 20:49:11 [P-13376] [MainThread] [parse_query_plan] [DEBUG] parse_query_plan.py[line:149] _do_Hash
2022-12-02 20:49:11 [P-13376] [MainThread] [parse_query_plan] [DEBUG] parse_query_plan.py[line:126] Bitmap Heap Scan on comp_cast_type cct1  (cost=4.18..12.64 rows=4 width=4) (actual time=0.016..0.018 rows=1 loops=1)
2022-12-02 20:49:11 [P-13376] [MainThread] [parse_query_plan] [DEBUG] parse_query_plan.py[line:132] ['Bitmap Heap Scan', 'comp_cast_type cct1']
2022-12-02 20:49:11 [P-13376] [MainThread] [parse_query_plan] [DEBUG] parse_query_plan.py[line:149] _do_BitMapHeapScan
2022-12-02 20:49:11 [P-13376] [MainThread] [parse_query_plan] [DEBUG] parse_query_plan.py[line:126] Bitmap Index Scan on comp_cast_type_kind  (cost=0.00..4.18 rows=4 width=0) (actual time=0.013..0.014 rows=1 loops=1)
2022-12-02 20:49:11 [P-13376] [MainThread] [parse_query_plan] [DEBUG] parse_query_plan.py[line:132] ['Bitmap Index Scan', 'comp_cast_type_kind']
2022-12-02 20:49:11 [P-13376] [MainThread] [parse_query_plan] [DEBUG] parse_query_plan.py[line:149] _do_BitMapIndexScan
2022-12-02 20:49:11 [P-13376] [MainThread] [parse_query_plan] [DEBUG] parse_query_plan.py[line:126] Index Scan using title_pkey on title t  (cost=0.43..3.10 rows=1 width=24) (actual time=0.008..0.008 rows=0 loops=85941)
2022-12-02 20:49:11 [P-13376] [MainThread] [parse_query_plan] [DEBUG] parse_query_plan.py[line:132] ['Index Scan', 'title_pkey', 'title t']
2022-12-02 20:49:11 [P-13376] [MainThread] [parse_query_plan] [DEBUG] parse_query_plan.py[line:149] _do_IndexScan
2022-12-02 20:49:11 [P-13376] [MainThread] [parse_query_plan] [DEBUG] parse_query_plan.py[line:126] Index Scan using kind_type_pkey on kind_type kt  (cost=0.15..0.97 rows=1 width=4) (actual time=0.001..0.001 rows=0 loops=37372)
2022-12-02 20:49:11 [P-13376] [MainThread] [parse_query_plan] [DEBUG] parse_query_plan.py[line:132] ['Index Scan', 'kind_type_pkey', 'kind_type kt']
2022-12-02 20:49:11 [P-13376] [MainThread] [parse_query_plan] [DEBUG] parse_query_plan.py[line:149] _do_IndexScan
2022-12-02 20:49:11 [P-13376] [MainThread] [parse_query_plan] [DEBUG] parse_query_plan.py[line:126] Index Scan using movie_keyword_idx_mid on movie_keyword mk  (cost=0.43..3.58 rows=63 width=8) (actual time=0.046..0.063 rows=41 loops=1933)
2022-12-02 20:49:11 [P-13376] [MainThread] [parse_query_plan] [DEBUG] parse_query_plan.py[line:132] ['Index Scan', 'movie_keyword_idx_mid', 'movie_keyword mk']
2022-12-02 20:49:11 [P-13376] [MainThread] [parse_query_plan] [DEBUG] parse_query_plan.py[line:149] _do_IndexScan
2022-12-02 20:49:11 [P-13376] [MainThread] [parse_query_plan] [DEBUG] parse_query_plan.py[line:126] Index Scan using cast_info_idx_mid on cast_info ci  (cost=0.44..42.59 rows=35 width=12) (actual time=0.004..0.086 rows=99 loops=79180)
2022-12-02 20:49:11 [P-13376] [MainThread] [parse_query_plan] [DEBUG] parse_query_plan.py[line:132] ['Index Scan', 'cast_info_idx_mid', 'cast_info ci']
2022-12-02 20:49:11 [P-13376] [MainThread] [parse_query_plan] [DEBUG] parse_query_plan.py[line:149] _do_IndexScan
2022-12-02 20:49:11 [P-13376] [MainThread] [parse_query_plan] [DEBUG] parse_query_plan.py[line:126] Index Scan using char_name_pkey on char_name chn  (cost=0.43..2.32 rows=1 width=4) (actual time=0.001..0.001 rows=0 loops=7826904)
2022-12-02 20:49:11 [P-13376] [MainThread] [parse_query_plan] [DEBUG] parse_query_plan.py[line:132] ['Index Scan', 'char_name_pkey', 'char_name chn']
2022-12-02 20:49:11 [P-13376] [MainThread] [parse_query_plan] [DEBUG] parse_query_plan.py[line:149] _do_IndexScan
2022-12-02 20:49:11 [P-13376] [MainThread] [parse_query_plan] [DEBUG] parse_query_plan.py[line:126] Index Scan using keyword_pkey on keyword k  (cost=0.42..2.21 rows=1 width=4) (never executed)
2022-12-02 20:49:11 [P-13376] [MainThread] [parse_query_plan] [DEBUG] parse_query_plan.py[line:132] ['Index Scan', 'keyword_pkey', 'keyword k']
2022-12-02 20:49:11 [P-13376] [MainThread] [parse_query_plan] [DEBUG] parse_query_plan.py[line:149] _do_IndexScan
2022-12-02 20:49:11 [P-13376] [MainThread] [parse_query_plan] [DEBUG] parse_query_plan.py[line:183] <re.Match object; span=(0, 111), match="keyword = ANY ('{superhero,sequel,second-part,mar>
2022-12-02 20:49:11 [P-13376] [MainThread] [parse_query_plan] [DEBUG] parse_query_plan.py[line:126] Index Only Scan using name_pkey on name n  (cost=0.43..1.55 rows=1 width=4) (never executed)
2022-12-02 20:49:11 [P-13376] [MainThread] [parse_query_plan] [DEBUG] parse_query_plan.py[line:132] ['Index Only Scan', 'name_pkey', 'name n']
2022-12-02 20:49:11 [P-13376] [MainThread] [parse_query_plan] [DEBUG] parse_query_plan.py[line:149] _do_IndexOnlyScan
2022-12-02 20:49:11 [P-13376] [MainThread] [parse_query_plan] [DEBUG] parse_query_plan.py[line:126] Aggregate  (cost=2538.56..2538.57 rows=1 width=32) (actual time=3487.200..3487.207 rows=1 loops=1)
2022-12-02 20:49:11 [P-13376] [MainThread] [parse_query_plan] [DEBUG] parse_query_plan.py[line:132] ['Aggregate']
2022-12-02 20:49:11 [P-13376] [MainThread] [parse_query_plan] [DEBUG] parse_query_plan.py[line:149] _do_Aggregate
2022-12-02 20:49:11 [P-13376] [MainThread] [parse_query_plan] [DEBUG] parse_query_plan.py[line:126] Nested Loop  (cost=15.43..2538.56 rows=1 width=16) (actual time=3487.198..3487.204 rows=0 loops=1)
2022-12-02 20:49:11 [P-13376] [MainThread] [parse_query_plan] [DEBUG] parse_query_plan.py[line:132] ['Nested Loop']
2022-12-02 20:49:11 [P-13376] [MainThread] [parse_query_plan] [DEBUG] parse_query_plan.py[line:149] _do_NestedLoop
2022-12-02 20:49:11 [P-13376] [MainThread] [parse_query_plan] [DEBUG] parse_query_plan.py[line:126] Nested Loop  (cost=15.00..2536.18 rows=1 width=20) (actual time=3487.197..3487.203 rows=0 loops=1)
2022-12-02 20:49:11 [P-13376] [MainThread] [parse_query_plan] [DEBUG] parse_query_plan.py[line:132] ['Nested Loop']
2022-12-02 20:49:11 [P-13376] [MainThread] [parse_query_plan] [DEBUG] parse_query_plan.py[line:149] _do_NestedLoop
2022-12-02 20:49:11 [P-13376] [MainThread] [parse_query_plan] [DEBUG] parse_query_plan.py[line:126] Nested Loop  (cost=14.58..2533.58 rows=1 width=24) (actual time=3487.197..3487.202 rows=0 loops=1)
2022-12-02 20:49:11 [P-13376] [MainThread] [parse_query_plan] [DEBUG] parse_query_plan.py[line:132] ['Nested Loop']
2022-12-02 20:49:11 [P-13376] [MainThread] [parse_query_plan] [DEBUG] parse_query_plan.py[line:149] _do_NestedLoop
2022-12-02 20:49:11 [P-13376] [MainThread] [parse_query_plan] [DEBUG] parse_query_plan.py[line:126] Nested Loop  (cost=14.14..2531.25 rows=1 width=28) (actual time=0.115..1442.218 rows=3641014 loops=1)
2022-12-02 20:49:11 [P-13376] [MainThread] [parse_query_plan] [DEBUG] parse_query_plan.py[line:132] ['Nested Loop']
2022-12-02 20:49:11 [P-13376] [MainThread] [parse_query_plan] [DEBUG] parse_query_plan.py[line:149] _do_NestedLoop
2022-12-02 20:49:11 [P-13376] [MainThread] [parse_query_plan] [DEBUG] parse_query_plan.py[line:126] Nested Loop  (cost=13.70..2488.22 rows=1 width=32) (actual time=0.103..164.030 rows=25048 loops=1)
2022-12-02 20:49:11 [P-13376] [MainThread] [parse_query_plan] [DEBUG] parse_query_plan.py[line:132] ['Nested Loop']
2022-12-02 20:49:11 [P-13376] [MainThread] [parse_query_plan] [DEBUG] parse_query_plan.py[line:149] _do_NestedLoop
2022-12-02 20:49:11 [P-13376] [MainThread] [parse_query_plan] [DEBUG] parse_query_plan.py[line:126] Nested Loop  (cost=13.27..2484.00 rows=1 width=24) (actual time=0.089..155.434 rows=471 loops=1)
2022-12-02 20:49:11 [P-13376] [MainThread] [parse_query_plan] [DEBUG] parse_query_plan.py[line:132] ['Nested Loop']
2022-12-02 20:49:11 [P-13376] [MainThread] [parse_query_plan] [DEBUG] parse_query_plan.py[line:149] _do_NestedLoop
2022-12-02 20:49:11 [P-13376] [MainThread] [parse_query_plan] [DEBUG] parse_query_plan.py[line:126] Nested Loop  (cost=13.12..2482.76 rows=1 width=28) (actual time=0.076..146.402 rows=16170 loops=1)
2022-12-02 20:49:11 [P-13376] [MainThread] [parse_query_plan] [DEBUG] parse_query_plan.py[line:132] ['Nested Loop']
2022-12-02 20:49:11 [P-13376] [MainThread] [parse_query_plan] [DEBUG] parse_query_plan.py[line:149] _do_NestedLoop
2022-12-02 20:49:11 [P-13376] [MainThread] [parse_query_plan] [DEBUG] parse_query_plan.py[line:126] Nested Loop  (cost=12.69..2479.65 rows=1 width=4) (actual time=0.033..44.561 rows=85941 loops=1)
2022-12-02 20:49:11 [P-13376] [MainThread] [parse_query_plan] [DEBUG] parse_query_plan.py[line:132] ['Nested Loop']
2022-12-02 20:49:11 [P-13376] [MainThread] [parse_query_plan] [DEBUG] parse_query_plan.py[line:149] _do_NestedLoop
2022-12-02 20:49:11 [P-13376] [MainThread] [parse_query_plan] [DEBUG] parse_query_plan.py[line:126] Seq Scan on comp_cast_type cct2  (cost=0.00..18.88 rows=1 width=4) (actual time=0.006..0.008 rows=2 loops=1)
2022-12-02 20:49:11 [P-13376] [MainThread] [parse_query_plan] [DEBUG] parse_query_plan.py[line:132] ['Seq Scan', 'comp_cast_type cct2']
2022-12-02 20:49:11 [P-13376] [MainThread] [parse_query_plan] [DEBUG] parse_query_plan.py[line:149] _do_SeqScan
2022-12-02 20:49:11 [P-13376] [MainThread] [parse_query_plan] [DEBUG] parse_query_plan.py[line:126] Hash Join  (cost=12.69..2451.27 rows=761 width=8) (actual time=0.015..18.411 rows=85941 loops=2)
2022-12-02 20:49:11 [P-13376] [MainThread] [parse_query_plan] [DEBUG] parse_query_plan.py[line:132] ['Hash Join']
2022-12-02 20:49:11 [P-13376] [MainThread] [parse_query_plan] [DEBUG] parse_query_plan.py[line:149] _do_HashJoin
2022-12-02 20:49:11 [P-13376] [MainThread] [parse_query_plan] [DEBUG] parse_query_plan.py[line:126] Seq Scan on complete_cast cc  (cost=0.00..2081.86 rows=135086 width=12) (actual time=0.005..6.529 rows=135086 loops=2)
2022-12-02 20:49:11 [P-13376] [MainThread] [parse_query_plan] [DEBUG] parse_query_plan.py[line:132] ['Seq Scan', 'complete_cast cc']
2022-12-02 20:49:11 [P-13376] [MainThread] [parse_query_plan] [DEBUG] parse_query_plan.py[line:149] _do_SeqScan
2022-12-02 20:49:11 [P-13376] [MainThread] [parse_query_plan] [DEBUG] parse_query_plan.py[line:126] Hash  (cost=12.64..12.64 rows=4 width=4) (actual time=0.013..0.014 rows=1 loops=1)
2022-12-02 20:49:11 [P-13376] [MainThread] [parse_query_plan] [DEBUG] parse_query_plan.py[line:132] ['Hash']
2022-12-02 20:49:11 [P-13376] [MainThread] [parse_query_plan] [DEBUG] parse_query_plan.py[line:149] _do_Hash
2022-12-02 20:49:11 [P-13376] [MainThread] [parse_query_plan] [DEBUG] parse_query_plan.py[line:126] Bitmap Heap Scan on comp_cast_type cct1  (cost=4.18..12.64 rows=4 width=4) (actual time=0.011..0.012 rows=1 loops=1)
2022-12-02 20:49:11 [P-13376] [MainThread] [parse_query_plan] [DEBUG] parse_query_plan.py[line:132] ['Bitmap Heap Scan', 'comp_cast_type cct1']
2022-12-02 20:49:11 [P-13376] [MainThread] [parse_query_plan] [DEBUG] parse_query_plan.py[line:149] _do_BitMapHeapScan
2022-12-02 20:49:11 [P-13376] [MainThread] [parse_query_plan] [DEBUG] parse_query_plan.py[line:126] Bitmap Index Scan on comp_cast_type_kind  (cost=0.00..4.18 rows=4 width=0) (actual time=0.009..0.009 rows=1 loops=1)
2022-12-02 20:49:11 [P-13376] [MainThread] [parse_query_plan] [DEBUG] parse_query_plan.py[line:132] ['Bitmap Index Scan', 'comp_cast_type_kind']
2022-12-02 20:49:11 [P-13376] [MainThread] [parse_query_plan] [DEBUG] parse_query_plan.py[line:149] _do_BitMapIndexScan
2022-12-02 20:49:11 [P-13376] [MainThread] [parse_query_plan] [DEBUG] parse_query_plan.py[line:126] Index Scan using title_pkey on title t  (cost=0.43..3.10 rows=1 width=24) (actual time=0.001..0.001 rows=0 loops=85941)
2022-12-02 20:49:11 [P-13376] [MainThread] [parse_query_plan] [DEBUG] parse_query_plan.py[line:132] ['Index Scan', 'title_pkey', 'title t']
2022-12-02 20:49:11 [P-13376] [MainThread] [parse_query_plan] [DEBUG] parse_query_plan.py[line:149] _do_IndexScan
2022-12-02 20:49:11 [P-13376] [MainThread] [parse_query_plan] [DEBUG] parse_query_plan.py[line:126] Index Scan using kind_type_pkey on kind_type kt  (cost=0.15..0.97 rows=1 width=4) (actual time=0.000..0.000 rows=0 loops=16170)
2022-12-02 20:49:11 [P-13376] [MainThread] [parse_query_plan] [DEBUG] parse_query_plan.py[line:132] ['Index Scan', 'kind_type_pkey', 'kind_type kt']
2022-12-02 20:49:11 [P-13376] [MainThread] [parse_query_plan] [DEBUG] parse_query_plan.py[line:149] _do_IndexScan
2022-12-02 20:49:11 [P-13376] [MainThread] [parse_query_plan] [DEBUG] parse_query_plan.py[line:126] Index Scan using movie_keyword_idx_mid on movie_keyword mk  (cost=0.43..3.59 rows=63 width=8) (actual time=0.005..0.013 rows=53 loops=471)
2022-12-02 20:49:11 [P-13376] [MainThread] [parse_query_plan] [DEBUG] parse_query_plan.py[line:132] ['Index Scan', 'movie_keyword_idx_mid', 'movie_keyword mk']
2022-12-02 20:49:11 [P-13376] [MainThread] [parse_query_plan] [DEBUG] parse_query_plan.py[line:149] _do_IndexScan
2022-12-02 20:49:11 [P-13376] [MainThread] [parse_query_plan] [DEBUG] parse_query_plan.py[line:126] Index Scan using cast_info_idx_mid on cast_info ci  (cost=0.44..42.59 rows=35 width=12) (actual time=0.001..0.040 rows=145 loops=25048)
2022-12-02 20:49:11 [P-13376] [MainThread] [parse_query_plan] [DEBUG] parse_query_plan.py[line:132] ['Index Scan', 'cast_info_idx_mid', 'cast_info ci']
2022-12-02 20:49:11 [P-13376] [MainThread] [parse_query_plan] [DEBUG] parse_query_plan.py[line:149] _do_IndexScan
2022-12-02 20:49:11 [P-13376] [MainThread] [parse_query_plan] [DEBUG] parse_query_plan.py[line:126] Index Scan using char_name_pkey on char_name chn  (cost=0.43..2.32 rows=1 width=4) (actual time=0.000..0.000 rows=0 loops=3641014)
2022-12-02 20:49:11 [P-13376] [MainThread] [parse_query_plan] [DEBUG] parse_query_plan.py[line:132] ['Index Scan', 'char_name_pkey', 'char_name chn']
2022-12-02 20:49:11 [P-13376] [MainThread] [parse_query_plan] [DEBUG] parse_query_plan.py[line:149] _do_IndexScan
2022-12-02 20:49:11 [P-13376] [MainThread] [parse_query_plan] [DEBUG] parse_query_plan.py[line:126] Index Scan using keyword_pkey on keyword k  (cost=0.42..2.21 rows=1 width=4) (never executed)
2022-12-02 20:49:11 [P-13376] [MainThread] [parse_query_plan] [DEBUG] parse_query_plan.py[line:132] ['Index Scan', 'keyword_pkey', 'keyword k']
2022-12-02 20:49:11 [P-13376] [MainThread] [parse_query_plan] [DEBUG] parse_query_plan.py[line:149] _do_IndexScan
2022-12-02 20:49:11 [P-13376] [MainThread] [parse_query_plan] [DEBUG] parse_query_plan.py[line:183] <re.Match object; span=(0, 111), match="keyword = ANY ('{superhero,sequel,second-part,mar>
2022-12-02 20:49:11 [P-13376] [MainThread] [parse_query_plan] [DEBUG] parse_query_plan.py[line:126] Index Scan using name_pkey on name n  (cost=0.43..2.37 rows=1 width=4) (never executed)
2022-12-02 20:49:11 [P-13376] [MainThread] [parse_query_plan] [DEBUG] parse_query_plan.py[line:132] ['Index Scan', 'name_pkey', 'name n']
2022-12-02 20:49:11 [P-13376] [MainThread] [parse_query_plan] [DEBUG] parse_query_plan.py[line:149] _do_IndexScan
2022-12-02 20:49:11 [P-13376] [MainThread] [parse_query_plan] [DEBUG] parse_query_plan.py[line:126] Aggregate  (cost=2538.50..2538.51 rows=1 width=64) (actual time=3857.584..3857.590 rows=1 loops=1)
2022-12-02 20:49:11 [P-13376] [MainThread] [parse_query_plan] [DEBUG] parse_query_plan.py[line:132] ['Aggregate']
2022-12-02 20:49:11 [P-13376] [MainThread] [parse_query_plan] [DEBUG] parse_query_plan.py[line:149] _do_Aggregate
2022-12-02 20:49:11 [P-13376] [MainThread] [parse_query_plan] [DEBUG] parse_query_plan.py[line:126] Nested Loop  (cost=15.45..2538.49 rows=1 width=31) (actual time=94.774..3857.069 rows=383 loops=1)
2022-12-02 20:49:11 [P-13376] [MainThread] [parse_query_plan] [DEBUG] parse_query_plan.py[line:132] ['Nested Loop']
2022-12-02 20:49:11 [P-13376] [MainThread] [parse_query_plan] [DEBUG] parse_query_plan.py[line:149] _do_NestedLoop
2022-12-02 20:49:11 [P-13376] [MainThread] [parse_query_plan] [DEBUG] parse_query_plan.py[line:126] Nested Loop  (cost=15.02..2536.12 rows=1 width=20) (actual time=93.682..3700.092 rows=383 loops=1)
2022-12-02 20:49:11 [P-13376] [MainThread] [parse_query_plan] [DEBUG] parse_query_plan.py[line:132] ['Nested Loop']
2022-12-02 20:49:11 [P-13376] [MainThread] [parse_query_plan] [DEBUG] parse_query_plan.py[line:149] _do_NestedLoop
2022-12-02 20:49:11 [P-13376] [MainThread] [parse_query_plan] [DEBUG] parse_query_plan.py[line:126] Nested Loop  (cost=14.58..2533.57 rows=1 width=24) (actual time=16.252..3312.043 rows=93710 loops=1)
2022-12-02 20:49:11 [P-13376] [MainThread] [parse_query_plan] [DEBUG] parse_query_plan.py[line:132] ['Nested Loop']
2022-12-02 20:49:11 [P-13376] [MainThread] [parse_query_plan] [DEBUG] parse_query_plan.py[line:149] _do_NestedLoop
2022-12-02 20:49:11 [P-13376] [MainThread] [parse_query_plan] [DEBUG] parse_query_plan.py[line:126] Nested Loop  (cost=14.14..2531.25 rows=1 width=28) (actual time=2.014..1254.670 rows=3641014 loops=1)
2022-12-02 20:49:11 [P-13376] [MainThread] [parse_query_plan] [DEBUG] parse_query_plan.py[line:132] ['Nested Loop']
2022-12-02 20:49:11 [P-13376] [MainThread] [parse_query_plan] [DEBUG] parse_query_plan.py[line:149] _do_NestedLoop
2022-12-02 20:49:11 [P-13376] [MainThread] [parse_query_plan] [DEBUG] parse_query_plan.py[line:126] Nested Loop  (cost=13.70..2488.22 rows=1 width=32) (actual time=1.364..162.408 rows=25048 loops=1)
2022-12-02 20:49:11 [P-13376] [MainThread] [parse_query_plan] [DEBUG] parse_query_plan.py[line:132] ['Nested Loop']
2022-12-02 20:49:11 [P-13376] [MainThread] [parse_query_plan] [DEBUG] parse_query_plan.py[line:149] _do_NestedLoop
2022-12-02 20:49:11 [P-13376] [MainThread] [parse_query_plan] [DEBUG] parse_query_plan.py[line:126] Nested Loop  (cost=13.27..2484.00 rows=1 width=24) (actual time=1.043..152.960 rows=471 loops=1)
2022-12-02 20:49:11 [P-13376] [MainThread] [parse_query_plan] [DEBUG] parse_query_plan.py[line:132] ['Nested Loop']
2022-12-02 20:49:11 [P-13376] [MainThread] [parse_query_plan] [DEBUG] parse_query_plan.py[line:149] _do_NestedLoop
2022-12-02 20:49:11 [P-13376] [MainThread] [parse_query_plan] [DEBUG] parse_query_plan.py[line:126] Nested Loop  (cost=13.12..2482.76 rows=1 width=28) (actual time=1.028..143.968 rows=16170 loops=1)
2022-12-02 20:49:11 [P-13376] [MainThread] [parse_query_plan] [DEBUG] parse_query_plan.py[line:132] ['Nested Loop']
2022-12-02 20:49:11 [P-13376] [MainThread] [parse_query_plan] [DEBUG] parse_query_plan.py[line:149] _do_NestedLoop
2022-12-02 20:49:11 [P-13376] [MainThread] [parse_query_plan] [DEBUG] parse_query_plan.py[line:126] Nested Loop  (cost=12.69..2479.65 rows=1 width=4) (actual time=0.652..45.054 rows=85941 loops=1)
2022-12-02 20:49:11 [P-13376] [MainThread] [parse_query_plan] [DEBUG] parse_query_plan.py[line:132] ['Nested Loop']
2022-12-02 20:49:11 [P-13376] [MainThread] [parse_query_plan] [DEBUG] parse_query_plan.py[line:149] _do_NestedLoop
2022-12-02 20:49:11 [P-13376] [MainThread] [parse_query_plan] [DEBUG] parse_query_plan.py[line:126] Seq Scan on comp_cast_type cct2  (cost=0.00..18.88 rows=1 width=4) (actual time=0.008..0.010 rows=2 loops=1)
2022-12-02 20:49:11 [P-13376] [MainThread] [parse_query_plan] [DEBUG] parse_query_plan.py[line:132] ['Seq Scan', 'comp_cast_type cct2']
2022-12-02 20:49:11 [P-13376] [MainThread] [parse_query_plan] [DEBUG] parse_query_plan.py[line:149] _do_SeqScan
2022-12-02 20:49:11 [P-13376] [MainThread] [parse_query_plan] [DEBUG] parse_query_plan.py[line:126] Hash Join  (cost=12.69..2451.27 rows=761 width=8) (actual time=0.323..18.808 rows=85941 loops=2)
2022-12-02 20:49:11 [P-13376] [MainThread] [parse_query_plan] [DEBUG] parse_query_plan.py[line:132] ['Hash Join']
2022-12-02 20:49:11 [P-13376] [MainThread] [parse_query_plan] [DEBUG] parse_query_plan.py[line:149] _do_HashJoin
2022-12-02 20:49:11 [P-13376] [MainThread] [parse_query_plan] [DEBUG] parse_query_plan.py[line:126] Seq Scan on complete_cast cc  (cost=0.00..2081.86 rows=135086 width=12) (actual time=0.157..6.747 rows=135086 loops=2)
2022-12-02 20:49:11 [P-13376] [MainThread] [parse_query_plan] [DEBUG] parse_query_plan.py[line:132] ['Seq Scan', 'complete_cast cc']
2022-12-02 20:49:11 [P-13376] [MainThread] [parse_query_plan] [DEBUG] parse_query_plan.py[line:149] _do_SeqScan
2022-12-02 20:49:11 [P-13376] [MainThread] [parse_query_plan] [DEBUG] parse_query_plan.py[line:126] Hash  (cost=12.64..12.64 rows=4 width=4) (actual time=0.017..0.018 rows=1 loops=1)
2022-12-02 20:49:11 [P-13376] [MainThread] [parse_query_plan] [DEBUG] parse_query_plan.py[line:132] ['Hash']
2022-12-02 20:49:11 [P-13376] [MainThread] [parse_query_plan] [DEBUG] parse_query_plan.py[line:149] _do_Hash
2022-12-02 20:49:11 [P-13376] [MainThread] [parse_query_plan] [DEBUG] parse_query_plan.py[line:126] Bitmap Heap Scan on comp_cast_type cct1  (cost=4.18..12.64 rows=4 width=4) (actual time=0.015..0.015 rows=1 loops=1)
2022-12-02 20:49:11 [P-13376] [MainThread] [parse_query_plan] [DEBUG] parse_query_plan.py[line:132] ['Bitmap Heap Scan', 'comp_cast_type cct1']
2022-12-02 20:49:11 [P-13376] [MainThread] [parse_query_plan] [DEBUG] parse_query_plan.py[line:149] _do_BitMapHeapScan
2022-12-02 20:49:11 [P-13376] [MainThread] [parse_query_plan] [DEBUG] parse_query_plan.py[line:126] Bitmap Index Scan on comp_cast_type_kind  (cost=0.00..4.18 rows=4 width=0) (actual time=0.012..0.012 rows=1 loops=1)
2022-12-02 20:49:11 [P-13376] [MainThread] [parse_query_plan] [DEBUG] parse_query_plan.py[line:132] ['Bitmap Index Scan', 'comp_cast_type_kind']
2022-12-02 20:49:11 [P-13376] [MainThread] [parse_query_plan] [DEBUG] parse_query_plan.py[line:149] _do_BitMapIndexScan
2022-12-02 20:49:11 [P-13376] [MainThread] [parse_query_plan] [DEBUG] parse_query_plan.py[line:126] Index Scan using title_pkey on title t  (cost=0.43..3.10 rows=1 width=24) (actual time=0.001..0.001 rows=0 loops=85941)
2022-12-02 20:49:11 [P-13376] [MainThread] [parse_query_plan] [DEBUG] parse_query_plan.py[line:132] ['Index Scan', 'title_pkey', 'title t']
2022-12-02 20:49:11 [P-13376] [MainThread] [parse_query_plan] [DEBUG] parse_query_plan.py[line:149] _do_IndexScan
2022-12-02 20:49:11 [P-13376] [MainThread] [parse_query_plan] [DEBUG] parse_query_plan.py[line:126] Index Scan using kind_type_pkey on kind_type kt  (cost=0.15..0.97 rows=1 width=4) (actual time=0.000..0.000 rows=0 loops=16170)
2022-12-02 20:49:11 [P-13376] [MainThread] [parse_query_plan] [DEBUG] parse_query_plan.py[line:132] ['Index Scan', 'kind_type_pkey', 'kind_type kt']
2022-12-02 20:49:11 [P-13376] [MainThread] [parse_query_plan] [DEBUG] parse_query_plan.py[line:149] _do_IndexScan
2022-12-02 20:49:11 [P-13376] [MainThread] [parse_query_plan] [DEBUG] parse_query_plan.py[line:126] Index Scan using movie_keyword_idx_mid on movie_keyword mk  (cost=0.43..3.59 rows=63 width=8) (actual time=0.007..0.015 rows=53 loops=471)
2022-12-02 20:49:11 [P-13376] [MainThread] [parse_query_plan] [DEBUG] parse_query_plan.py[line:132] ['Index Scan', 'movie_keyword_idx_mid', 'movie_keyword mk']
2022-12-02 20:49:11 [P-13376] [MainThread] [parse_query_plan] [DEBUG] parse_query_plan.py[line:149] _do_IndexScan
2022-12-02 20:49:11 [P-13376] [MainThread] [parse_query_plan] [DEBUG] parse_query_plan.py[line:126] Index Scan using cast_info_idx_mid on cast_info ci  (cost=0.44..42.59 rows=35 width=12) (actual time=0.001..0.032 rows=145 loops=25048)
2022-12-02 20:49:11 [P-13376] [MainThread] [parse_query_plan] [DEBUG] parse_query_plan.py[line:132] ['Index Scan', 'cast_info_idx_mid', 'cast_info ci']
2022-12-02 20:49:11 [P-13376] [MainThread] [parse_query_plan] [DEBUG] parse_query_plan.py[line:149] _do_IndexScan
2022-12-02 20:49:11 [P-13376] [MainThread] [parse_query_plan] [DEBUG] parse_query_plan.py[line:126] Index Scan using char_name_pkey on char_name chn  (cost=0.43..2.32 rows=1 width=4) (actual time=0.000..0.000 rows=0 loops=3641014)
2022-12-02 20:49:11 [P-13376] [MainThread] [parse_query_plan] [DEBUG] parse_query_plan.py[line:132] ['Index Scan', 'char_name_pkey', 'char_name chn']
2022-12-02 20:49:11 [P-13376] [MainThread] [parse_query_plan] [DEBUG] parse_query_plan.py[line:149] _do_IndexScan
2022-12-02 20:49:11 [P-13376] [MainThread] [parse_query_plan] [DEBUG] parse_query_plan.py[line:126] Index Scan using keyword_pkey on keyword k  (cost=0.45..2.23 rows=1 width=4) (actual time=0.004..0.004 rows=0 loops=93710)
2022-12-02 20:49:11 [P-13376] [MainThread] [parse_query_plan] [DEBUG] parse_query_plan.py[line:132] ['Index Scan', 'keyword_pkey', 'keyword k']
2022-12-02 20:49:11 [P-13376] [MainThread] [parse_query_plan] [DEBUG] parse_query_plan.py[line:149] _do_IndexScan
2022-12-02 20:49:11 [P-13376] [MainThread] [parse_query_plan] [DEBUG] parse_query_plan.py[line:183] <re.Match object; span=(0, 114), match="keyword = ANY ('{superhero,marvel-comics,based-on>
2022-12-02 20:49:11 [P-13376] [MainThread] [parse_query_plan] [DEBUG] parse_query_plan.py[line:126] Index Scan using name_pkey on name n  (cost=0.43..2.37 rows=1 width=19) (actual time=0.409..0.409 rows=1 loops=383)
2022-12-02 20:49:11 [P-13376] [MainThread] [parse_query_plan] [DEBUG] parse_query_plan.py[line:132] ['Index Scan', 'name_pkey', 'name n']
2022-12-02 20:49:11 [P-13376] [MainThread] [parse_query_plan] [DEBUG] parse_query_plan.py[line:149] _do_IndexScan
2022-12-02 20:49:11 [P-13376] [MainThread] [parse_query_plan] [DEBUG] parse_query_plan.py[line:126] Aggregate  (cost=1565.45..1565.46 rows=1 width=96) (actual time=954.584..954.589 rows=1 loops=1)
2022-12-02 20:49:11 [P-13376] [MainThread] [parse_query_plan] [DEBUG] parse_query_plan.py[line:132] ['Aggregate']
2022-12-02 20:49:11 [P-13376] [MainThread] [parse_query_plan] [DEBUG] parse_query_plan.py[line:149] _do_Aggregate
2022-12-02 20:49:11 [P-13376] [MainThread] [parse_query_plan] [DEBUG] parse_query_plan.py[line:126] Nested Loop  (cost=10.50..1565.44 rows=1 width=117) (actual time=68.327..954.523 rows=110 loops=1)
2022-12-02 20:49:11 [P-13376] [MainThread] [parse_query_plan] [DEBUG] parse_query_plan.py[line:132] ['Nested Loop']
2022-12-02 20:49:11 [P-13376] [MainThread] [parse_query_plan] [DEBUG] parse_query_plan.py[line:149] _do_NestedLoop
2022-12-02 20:49:11 [P-13376] [MainThread] [parse_query_plan] [DEBUG] parse_query_plan.py[line:126] Nested Loop  (cost=10.35..1564.40 rows=6 width=39) (actual time=43.016..953.870 rows=593 loops=1)
2022-12-02 20:49:11 [P-13376] [MainThread] [parse_query_plan] [DEBUG] parse_query_plan.py[line:132] ['Nested Loop']
2022-12-02 20:49:11 [P-13376] [MainThread] [parse_query_plan] [DEBUG] parse_query_plan.py[line:149] _do_NestedLoop
2022-12-02 20:49:11 [P-13376] [MainThread] [parse_query_plan] [DEBUG] parse_query_plan.py[line:126] Nested Loop  (cost=9.92..1562.69 rows=1 width=51) (actual time=24.488..950.308 rows=117 loops=1)
2022-12-02 20:49:11 [P-13376] [MainThread] [parse_query_plan] [DEBUG] parse_query_plan.py[line:132] ['Nested Loop']
2022-12-02 20:49:11 [P-13376] [MainThread] [parse_query_plan] [DEBUG] parse_query_plan.py[line:149] _do_NestedLoop
2022-12-02 20:49:11 [P-13376] [MainThread] [parse_query_plan] [DEBUG] parse_query_plan.py[line:126] Nested Loop  (cost=9.48..1560.34 rows=1 width=47) (actual time=10.715..847.718 rows=129 loops=1)
2022-12-02 20:49:11 [P-13376] [MainThread] [parse_query_plan] [DEBUG] parse_query_plan.py[line:132] ['Nested Loop']
2022-12-02 20:49:11 [P-13376] [MainThread] [parse_query_plan] [DEBUG] parse_query_plan.py[line:149] _do_NestedLoop
2022-12-02 20:49:11 [P-13376] [MainThread] [parse_query_plan] [DEBUG] parse_query_plan.py[line:126] Nested Loop  (cost=9.06..1559.89 rows=1 width=32) (actual time=9.364..822.025 rows=905 loops=1)
2022-12-02 20:49:11 [P-13376] [MainThread] [parse_query_plan] [DEBUG] parse_query_plan.py[line:132] ['Nested Loop']
2022-12-02 20:49:11 [P-13376] [MainThread] [parse_query_plan] [DEBUG] parse_query_plan.py[line:149] _do_NestedLoop
2022-12-02 20:49:11 [P-13376] [MainThread] [parse_query_plan] [DEBUG] parse_query_plan.py[line:126] Nested Loop  (cost=8.90..1558.75 rows=26 width=36) (actual time=9.105..820.755 rows=1054 loops=1)
2022-12-02 20:49:11 [P-13376] [MainThread] [parse_query_plan] [DEBUG] parse_query_plan.py[line:132] ['Nested Loop']
2022-12-02 20:49:11 [P-13376] [MainThread] [parse_query_plan] [DEBUG] parse_query_plan.py[line:149] _do_NestedLoop
2022-12-02 20:49:11 [P-13376] [MainThread] [parse_query_plan] [DEBUG] parse_query_plan.py[line:126] Nested Loop  (cost=8.47..1553.35 rows=9 width=24) (actual time=8.956..758.188 rows=606 loops=1)
2022-12-02 20:49:11 [P-13376] [MainThread] [parse_query_plan] [DEBUG] parse_query_plan.py[line:132] ['Nested Loop']
2022-12-02 20:49:11 [P-13376] [MainThread] [parse_query_plan] [DEBUG] parse_query_plan.py[line:149] _do_NestedLoop
2022-12-02 20:49:11 [P-13376] [MainThread] [parse_query_plan] [DEBUG] parse_query_plan.py[line:126] Nested Loop  (cost=8.04..1537.90 rows=32 width=4) (actual time=5.783..710.440 rows=11404 loops=1)
2022-12-02 20:49:11 [P-13376] [MainThread] [parse_query_plan] [DEBUG] parse_query_plan.py[line:132] ['Nested Loop']
2022-12-02 20:49:11 [P-13376] [MainThread] [parse_query_plan] [DEBUG] parse_query_plan.py[line:149] _do_NestedLoop
2022-12-02 20:49:11 [P-13376] [MainThread] [parse_query_plan] [DEBUG] parse_query_plan.py[line:126] Index Scan using keyword_idx_keyword on keyword k  (cost=0.42..8.44 rows=1 width=4) (actual time=0.863..0.864 rows=1 loops=1)
2022-12-02 20:49:11 [P-13376] [MainThread] [parse_query_plan] [DEBUG] parse_query_plan.py[line:132] ['Index Scan', 'keyword_idx_keyword', 'keyword k']
2022-12-02 20:49:11 [P-13376] [MainThread] [parse_query_plan] [DEBUG] parse_query_plan.py[line:149] _do_IndexScan
2022-12-02 20:49:11 [P-13376] [MainThread] [parse_query_plan] [DEBUG] parse_query_plan.py[line:126] Bitmap Heap Scan on movie_keyword mk  (cost=7.62..1525.35 rows=411 width=8) (actual time=4.916..706.115 rows=11404 loops=1)
2022-12-02 20:49:11 [P-13376] [MainThread] [parse_query_plan] [DEBUG] parse_query_plan.py[line:132] ['Bitmap Heap Scan', 'movie_keyword mk']
2022-12-02 20:49:11 [P-13376] [MainThread] [parse_query_plan] [DEBUG] parse_query_plan.py[line:149] _do_BitMapHeapScan
2022-12-02 20:49:11 [P-13376] [MainThread] [parse_query_plan] [DEBUG] parse_query_plan.py[line:126] Bitmap Index Scan on movie_keyword_idx_keywordid  (cost=0.00..7.51 rows=411 width=0) (actual time=4.090..4.090 rows=11404 loops=1)
2022-12-02 20:49:11 [P-13376] [MainThread] [parse_query_plan] [DEBUG] parse_query_plan.py[line:132] ['Bitmap Index Scan', 'movie_keyword_idx_keywordid']
2022-12-02 20:49:11 [P-13376] [MainThread] [parse_query_plan] [DEBUG] parse_query_plan.py[line:149] _do_BitMapIndexScan
2022-12-02 20:49:11 [P-13376] [MainThread] [parse_query_plan] [DEBUG] parse_query_plan.py[line:126] Index Scan using title_pkey on title t  (cost=0.43..0.48 rows=1 width=20) (actual time=0.003..0.003 rows=0 loops=11404)
2022-12-02 20:49:11 [P-13376] [MainThread] [parse_query_plan] [DEBUG] parse_query_plan.py[line:132] ['Index Scan', 'title_pkey', 'title t']
2022-12-02 20:49:11 [P-13376] [MainThread] [parse_query_plan] [DEBUG] parse_query_plan.py[line:149] _do_IndexScan
2022-12-02 20:49:11 [P-13376] [MainThread] [parse_query_plan] [DEBUG] parse_query_plan.py[line:126] Index Scan using movie_companies_idx_mid on movie_companies mc  (cost=0.43..0.56 rows=3 width=12) (actual time=0.093..0.102 rows=2 loops=606)
2022-12-02 20:49:11 [P-13376] [MainThread] [parse_query_plan] [DEBUG] parse_query_plan.py[line:132] ['Index Scan', 'movie_companies_idx_mid', 'movie_companies mc']
2022-12-02 20:49:11 [P-13376] [MainThread] [parse_query_plan] [DEBUG] parse_query_plan.py[line:149] _do_IndexScan
2022-12-02 20:49:11 [P-13376] [MainThread] [parse_query_plan] [DEBUG] parse_query_plan.py[line:126] Memoize  (cost=0.16..0.18 rows=1 width=4) (actual time=0.001..0.001 rows=1 loops=1054)
2022-12-02 20:49:11 [P-13376] [MainThread] [parse_query_plan] [DEBUG] parse_query_plan.py[line:132] ['Memoize']
2022-12-02 20:49:11 [P-13376] [MainThread] [parse_query_plan] [DEBUG] parse_query_plan.py[line:149] _do_Memorize
2022-12-02 20:49:11 [P-13376] [MainThread] [parse_query_plan] [DEBUG] parse_query_plan.py[line:126] Index Scan using company_type_pkey on company_type ct  (cost=0.15..0.17 rows=1 width=4) (actual time=0.125..0.125 rows=0 loops=2)
2022-12-02 20:49:11 [P-13376] [MainThread] [parse_query_plan] [DEBUG] parse_query_plan.py[line:132] ['Index Scan', 'company_type_pkey', 'company_type ct']
2022-12-02 20:49:11 [P-13376] [MainThread] [parse_query_plan] [DEBUG] parse_query_plan.py[line:149] _do_IndexScan
2022-12-02 20:49:11 [P-13376] [MainThread] [parse_query_plan] [DEBUG] parse_query_plan.py[line:126] Index Scan using company_name_pkey on company_name cn  (cost=0.42..0.46 rows=1 width=23) (actual time=0.028..0.028 rows=0 loops=905)
2022-12-02 20:49:11 [P-13376] [MainThread] [parse_query_plan] [DEBUG] parse_query_plan.py[line:132] ['Index Scan', 'company_name_pkey', 'company_name cn']
2022-12-02 20:49:11 [P-13376] [MainThread] [parse_query_plan] [DEBUG] parse_query_plan.py[line:149] _do_IndexScan
2022-12-02 20:49:11 [P-13376] [MainThread] [parse_query_plan] [DEBUG] parse_query_plan.py[line:126] Index Scan using movie_info_idx_mid on movie_info mi  (cost=0.44..2.33 rows=1 width=4) (actual time=0.740..0.794 rows=1 loops=129)
2022-12-02 20:49:11 [P-13376] [MainThread] [parse_query_plan] [DEBUG] parse_query_plan.py[line:132] ['Index Scan', 'movie_info_idx_mid', 'movie_info mi']
2022-12-02 20:49:11 [P-13376] [MainThread] [parse_query_plan] [DEBUG] parse_query_plan.py[line:149] _do_IndexScan
2022-12-02 20:49:11 [P-13376] [MainThread] [parse_query_plan] [DEBUG] parse_query_plan.py[line:183] <re.Match object; span=(0, 86), match="info = ANY ('{Sweden,Norway,Germany,Denmark,Swedi>
2022-12-02 20:49:11 [P-13376] [MainThread] [parse_query_plan] [DEBUG] parse_query_plan.py[line:126] Index Scan using movie_link_idx_mid on movie_link ml  (cost=0.43..1.28 rows=44 width=8) (actual time=0.029..0.030 rows=5 loops=117)
2022-12-02 20:49:11 [P-13376] [MainThread] [parse_query_plan] [DEBUG] parse_query_plan.py[line:132] ['Index Scan', 'movie_link_idx_mid', 'movie_link ml']
2022-12-02 20:49:11 [P-13376] [MainThread] [parse_query_plan] [DEBUG] parse_query_plan.py[line:149] _do_IndexScan
2022-12-02 20:49:11 [P-13376] [MainThread] [parse_query_plan] [DEBUG] parse_query_plan.py[line:126] Index Scan using link_type_pkey on link_type lt  (cost=0.15..0.17 rows=1 width=86) (actual time=0.001..0.001 rows=0 loops=593)
2022-12-02 20:49:11 [P-13376] [MainThread] [parse_query_plan] [DEBUG] parse_query_plan.py[line:132] ['Index Scan', 'link_type_pkey', 'link_type lt']
2022-12-02 20:49:11 [P-13376] [MainThread] [parse_query_plan] [DEBUG] parse_query_plan.py[line:149] _do_IndexScan
2022-12-02 20:49:11 [P-13376] [MainThread] [parse_query_plan] [DEBUG] parse_query_plan.py[line:126] Aggregate  (cost=1565.49..1565.50 rows=1 width=96) (actual time=3550.562..3550.565 rows=1 loops=1)
2022-12-02 20:49:11 [P-13376] [MainThread] [parse_query_plan] [DEBUG] parse_query_plan.py[line:132] ['Aggregate']
2022-12-02 20:49:11 [P-13376] [MainThread] [parse_query_plan] [DEBUG] parse_query_plan.py[line:149] _do_Aggregate
2022-12-02 20:49:11 [P-13376] [MainThread] [parse_query_plan] [DEBUG] parse_query_plan.py[line:126] Nested Loop  (cost=10.50..1565.48 rows=1 width=117) (actual time=25.054..3550.508 rows=103 loops=1)
2022-12-02 20:49:11 [P-13376] [MainThread] [parse_query_plan] [DEBUG] parse_query_plan.py[line:132] ['Nested Loop']
2022-12-02 20:49:11 [P-13376] [MainThread] [parse_query_plan] [DEBUG] parse_query_plan.py[line:149] _do_NestedLoop
2022-12-02 20:49:11 [P-13376] [MainThread] [parse_query_plan] [DEBUG] parse_query_plan.py[line:126] Nested Loop  (cost=10.35..1564.27 rows=7 width=39) (actual time=25.045..3550.219 rows=357 loops=1)
2022-12-02 20:49:11 [P-13376] [MainThread] [parse_query_plan] [DEBUG] parse_query_plan.py[line:132] ['Nested Loop']
2022-12-02 20:49:11 [P-13376] [MainThread] [parse_query_plan] [DEBUG] parse_query_plan.py[line:149] _do_NestedLoop
2022-12-02 20:49:11 [P-13376] [MainThread] [parse_query_plan] [DEBUG] parse_query_plan.py[line:126] Nested Loop  (cost=9.92..1562.56 rows=1 width=51) (actual time=21.767..3546.639 rows=33 loops=1)
2022-12-02 20:49:11 [P-13376] [MainThread] [parse_query_plan] [DEBUG] parse_query_plan.py[line:132] ['Nested Loop']
2022-12-02 20:49:11 [P-13376] [MainThread] [parse_query_plan] [DEBUG] parse_query_plan.py[line:149] _do_NestedLoop
2022-12-02 20:49:11 [P-13376] [MainThread] [parse_query_plan] [DEBUG] parse_query_plan.py[line:126] Nested Loop  (cost=9.49..1562.08 rows=1 width=31) (actual time=15.203..3545.020 rows=485 loops=1)
2022-12-02 20:49:11 [P-13376] [MainThread] [parse_query_plan] [DEBUG] parse_query_plan.py[line:132] ['Nested Loop']
2022-12-02 20:49:11 [P-13376] [MainThread] [parse_query_plan] [DEBUG] parse_query_plan.py[line:149] _do_NestedLoop
2022-12-02 20:49:11 [P-13376] [MainThread] [parse_query_plan] [DEBUG] parse_query_plan.py[line:126] Nested Loop  (cost=9.05..1560.20 rows=1 width=27) (actual time=4.960..715.463 rows=2393 loops=1)
2022-12-02 20:49:11 [P-13376] [MainThread] [parse_query_plan] [DEBUG] parse_query_plan.py[line:132] ['Nested Loop']
2022-12-02 20:49:11 [P-13376] [MainThread] [parse_query_plan] [DEBUG] parse_query_plan.py[line:149] _do_NestedLoop
2022-12-02 20:49:11 [P-13376] [MainThread] [parse_query_plan] [DEBUG] parse_query_plan.py[line:126] Nested Loop  (cost=8.63..1559.75 rows=1 width=12) (actual time=1.415..516.311 rows=13127 loops=1)
2022-12-02 20:49:11 [P-13376] [MainThread] [parse_query_plan] [DEBUG] parse_query_plan.py[line:132] ['Nested Loop']
2022-12-02 20:49:11 [P-13376] [MainThread] [parse_query_plan] [DEBUG] parse_query_plan.py[line:149] _do_NestedLoop
2022-12-02 20:49:11 [P-13376] [MainThread] [parse_query_plan] [DEBUG] parse_query_plan.py[line:126] Nested Loop  (cost=8.47..1556.82 rows=97 width=16) (actual time=1.405..505.823 rows=15092 loops=1)
2022-12-02 20:49:11 [P-13376] [MainThread] [parse_query_plan] [DEBUG] parse_query_plan.py[line:132] ['Nested Loop']
2022-12-02 20:49:11 [P-13376] [MainThread] [parse_query_plan] [DEBUG] parse_query_plan.py[line:149] _do_NestedLoop
2022-12-02 20:49:11 [P-13376] [MainThread] [parse_query_plan] [DEBUG] parse_query_plan.py[line:126] Nested Loop  (cost=8.04..1537.90 rows=32 width=4) (actual time=0.960..33.979 rows=11404 loops=1)
2022-12-02 20:49:11 [P-13376] [MainThread] [parse_query_plan] [DEBUG] parse_query_plan.py[line:132] ['Nested Loop']
2022-12-02 20:49:11 [P-13376] [MainThread] [parse_query_plan] [DEBUG] parse_query_plan.py[line:149] _do_NestedLoop
2022-12-02 20:49:11 [P-13376] [MainThread] [parse_query_plan] [DEBUG] parse_query_plan.py[line:126] Index Scan using keyword_idx_keyword on keyword k  (cost=0.42..8.44 rows=1 width=4) (actual time=0.012..0.013 rows=1 loops=1)
2022-12-02 20:49:11 [P-13376] [MainThread] [parse_query_plan] [DEBUG] parse_query_plan.py[line:132] ['Index Scan', 'keyword_idx_keyword', 'keyword k']
2022-12-02 20:49:11 [P-13376] [MainThread] [parse_query_plan] [DEBUG] parse_query_plan.py[line:149] _do_IndexScan
2022-12-02 20:49:11 [P-13376] [MainThread] [parse_query_plan] [DEBUG] parse_query_plan.py[line:126] Bitmap Heap Scan on movie_keyword mk  (cost=7.62..1525.35 rows=411 width=8) (actual time=0.946..32.148 rows=11404 loops=1)
2022-12-02 20:49:11 [P-13376] [MainThread] [parse_query_plan] [DEBUG] parse_query_plan.py[line:132] ['Bitmap Heap Scan', 'movie_keyword mk']
2022-12-02 20:49:11 [P-13376] [MainThread] [parse_query_plan] [DEBUG] parse_query_plan.py[line:149] _do_BitMapHeapScan
2022-12-02 20:49:11 [P-13376] [MainThread] [parse_query_plan] [DEBUG] parse_query_plan.py[line:126] Bitmap Index Scan on movie_keyword_idx_keywordid  (cost=0.00..7.51 rows=411 width=0) (actual time=0.405..0.405 rows=11404 loops=1)
2022-12-02 20:49:11 [P-13376] [MainThread] [parse_query_plan] [DEBUG] parse_query_plan.py[line:132] ['Bitmap Index Scan', 'movie_keyword_idx_keywordid']
2022-12-02 20:49:11 [P-13376] [MainThread] [parse_query_plan] [DEBUG] parse_query_plan.py[line:149] _do_BitMapIndexScan
2022-12-02 20:49:11 [P-13376] [MainThread] [parse_query_plan] [DEBUG] parse_query_plan.py[line:126] Index Scan using movie_companies_idx_mid on movie_companies mc  (cost=0.43..0.56 rows=3 width=12) (actual time=0.039..0.041 rows=1 loops=11404)
2022-12-02 20:49:11 [P-13376] [MainThread] [parse_query_plan] [DEBUG] parse_query_plan.py[line:132] ['Index Scan', 'movie_companies_idx_mid', 'movie_companies mc']
2022-12-02 20:49:11 [P-13376] [MainThread] [parse_query_plan] [DEBUG] parse_query_plan.py[line:149] _do_IndexScan
2022-12-02 20:49:11 [P-13376] [MainThread] [parse_query_plan] [DEBUG] parse_query_plan.py[line:126] Memoize  (cost=0.16..0.18 rows=1 width=4) (actual time=0.000..0.000 rows=1 loops=15092)
2022-12-02 20:49:11 [P-13376] [MainThread] [parse_query_plan] [DEBUG] parse_query_plan.py[line:132] ['Memoize']
2022-12-02 20:49:11 [P-13376] [MainThread] [parse_query_plan] [DEBUG] parse_query_plan.py[line:149] _do_Memorize
2022-12-02 20:49:11 [P-13376] [MainThread] [parse_query_plan] [DEBUG] parse_query_plan.py[line:126] Index Scan using company_type_pkey on company_type ct  (cost=0.15..0.17 rows=1 width=4) (actual time=0.004..0.004 rows=0 loops=2)
2022-12-02 20:49:11 [P-13376] [MainThread] [parse_query_plan] [DEBUG] parse_query_plan.py[line:132] ['Index Scan', 'company_type_pkey', 'company_type ct']
2022-12-02 20:49:11 [P-13376] [MainThread] [parse_query_plan] [DEBUG] parse_query_plan.py[line:149] _do_IndexScan
2022-12-02 20:49:11 [P-13376] [MainThread] [parse_query_plan] [DEBUG] parse_query_plan.py[line:126] Index Scan using company_name_pkey on company_name cn  (cost=0.42..0.46 rows=1 width=23) (actual time=0.015..0.015 rows=0 loops=13127)
2022-12-02 20:49:11 [P-13376] [MainThread] [parse_query_plan] [DEBUG] parse_query_plan.py[line:132] ['Index Scan', 'company_name_pkey', 'company_name cn']
2022-12-02 20:49:11 [P-13376] [MainThread] [parse_query_plan] [DEBUG] parse_query_plan.py[line:149] _do_IndexScan
2022-12-02 20:49:11 [P-13376] [MainThread] [parse_query_plan] [DEBUG] parse_query_plan.py[line:126] Index Scan using movie_info_idx_mid on movie_info mi  (cost=0.44..1.87 rows=1 width=4) (actual time=1.115..1.182 rows=0 loops=2393)
2022-12-02 20:49:11 [P-13376] [MainThread] [parse_query_plan] [DEBUG] parse_query_plan.py[line:132] ['Index Scan', 'movie_info_idx_mid', 'movie_info mi']
2022-12-02 20:49:11 [P-13376] [MainThread] [parse_query_plan] [DEBUG] parse_query_plan.py[line:149] _do_IndexScan
2022-12-02 20:49:11 [P-13376] [MainThread] [parse_query_plan] [DEBUG] parse_query_plan.py[line:183] <re.Match object; span=(0, 39), match="info = ANY ('{Germany,German}'::text[])">
2022-12-02 20:49:11 [P-13376] [MainThread] [parse_query_plan] [DEBUG] parse_query_plan.py[line:126] Index Scan using title_pkey on title t  (cost=0.43..0.48 rows=1 width=20) (actual time=0.002..0.002 rows=0 loops=485)
2022-12-02 20:49:11 [P-13376] [MainThread] [parse_query_plan] [DEBUG] parse_query_plan.py[line:132] ['Index Scan', 'title_pkey', 'title t']
2022-12-02 20:49:11 [P-13376] [MainThread] [parse_query_plan] [DEBUG] parse_query_plan.py[line:149] _do_IndexScan
2022-12-02 20:49:11 [P-13376] [MainThread] [parse_query_plan] [DEBUG] parse_query_plan.py[line:126] Index Scan using movie_link_idx_mid on movie_link ml  (cost=0.43..1.27 rows=44 width=8) (actual time=0.101..0.107 rows=11 loops=33)
2022-12-02 20:49:11 [P-13376] [MainThread] [parse_query_plan] [DEBUG] parse_query_plan.py[line:132] ['Index Scan', 'movie_link_idx_mid', 'movie_link ml']
2022-12-02 20:49:11 [P-13376] [MainThread] [parse_query_plan] [DEBUG] parse_query_plan.py[line:149] _do_IndexScan
2022-12-02 20:49:11 [P-13376] [MainThread] [parse_query_plan] [DEBUG] parse_query_plan.py[line:126] Index Scan using link_type_pkey on link_type lt  (cost=0.15..0.17 rows=1 width=86) (actual time=0.001..0.001 rows=0 loops=357)
2022-12-02 20:49:11 [P-13376] [MainThread] [parse_query_plan] [DEBUG] parse_query_plan.py[line:132] ['Index Scan', 'link_type_pkey', 'link_type lt']
2022-12-02 20:49:11 [P-13376] [MainThread] [parse_query_plan] [DEBUG] parse_query_plan.py[line:149] _do_IndexScan
2022-12-02 20:49:11 [P-13376] [MainThread] [parse_query_plan] [DEBUG] parse_query_plan.py[line:126] Aggregate  (cost=1566.52..1566.53 rows=1 width=96) (actual time=265.618..265.621 rows=1 loops=1)
2022-12-02 20:49:11 [P-13376] [MainThread] [parse_query_plan] [DEBUG] parse_query_plan.py[line:132] ['Aggregate']
2022-12-02 20:49:11 [P-13376] [MainThread] [parse_query_plan] [DEBUG] parse_query_plan.py[line:149] _do_Aggregate
2022-12-02 20:49:11 [P-13376] [MainThread] [parse_query_plan] [DEBUG] parse_query_plan.py[line:126] Nested Loop  (cost=10.52..1566.51 rows=1 width=117) (actual time=4.527..265.379 rows=807 loops=1)
2022-12-02 20:49:11 [P-13376] [MainThread] [parse_query_plan] [DEBUG] parse_query_plan.py[line:132] ['Nested Loop']
2022-12-02 20:49:11 [P-13376] [MainThread] [parse_query_plan] [DEBUG] parse_query_plan.py[line:149] _do_NestedLoop
2022-12-02 20:49:11 [P-13376] [MainThread] [parse_query_plan] [DEBUG] parse_query_plan.py[line:126] Nested Loop  (cost=10.37..1564.45 rows=12 width=39) (actual time=3.253..263.791 rows=2282 loops=1)
2022-12-02 20:49:11 [P-13376] [MainThread] [parse_query_plan] [DEBUG] parse_query_plan.py[line:132] ['Nested Loop']
2022-12-02 20:49:11 [P-13376] [MainThread] [parse_query_plan] [DEBUG] parse_query_plan.py[line:149] _do_NestedLoop
2022-12-02 20:49:11 [P-13376] [MainThread] [parse_query_plan] [DEBUG] parse_query_plan.py[line:126] Nested Loop  (cost=9.94..1562.77 rows=1 width=51) (actual time=2.799..249.098 rows=267 loops=1)
2022-12-02 20:49:11 [P-13376] [MainThread] [parse_query_plan] [DEBUG] parse_query_plan.py[line:132] ['Nested Loop']
2022-12-02 20:49:11 [P-13376] [MainThread] [parse_query_plan] [DEBUG] parse_query_plan.py[line:149] _do_NestedLoop
2022-12-02 20:49:11 [P-13376] [MainThread] [parse_query_plan] [DEBUG] parse_query_plan.py[line:126] Nested Loop  (cost=9.51..1562.29 rows=1 width=31) (actual time=2.397..245.970 rows=2178 loops=1)
2022-12-02 20:49:11 [P-13376] [MainThread] [parse_query_plan] [DEBUG] parse_query_plan.py[line:132] ['Nested Loop']
2022-12-02 20:49:11 [P-13376] [MainThread] [parse_query_plan] [DEBUG] parse_query_plan.py[line:149] _do_NestedLoop
2022-12-02 20:49:11 [P-13376] [MainThread] [parse_query_plan] [DEBUG] parse_query_plan.py[line:126] Nested Loop  (cost=9.05..1560.20 rows=1 width=27) (actual time=2.338..129.012 rows=2393 loops=1)
2022-12-02 20:49:11 [P-13376] [MainThread] [parse_query_plan] [DEBUG] parse_query_plan.py[line:132] ['Nested Loop']
2022-12-02 20:49:11 [P-13376] [MainThread] [parse_query_plan] [DEBUG] parse_query_plan.py[line:149] _do_NestedLoop
2022-12-02 20:49:11 [P-13376] [MainThread] [parse_query_plan] [DEBUG] parse_query_plan.py[line:126] Nested Loop  (cost=8.63..1559.75 rows=1 width=12) (actual time=1.893..92.671 rows=13127 loops=1)
2022-12-02 20:49:11 [P-13376] [MainThread] [parse_query_plan] [DEBUG] parse_query_plan.py[line:132] ['Nested Loop']
2022-12-02 20:49:11 [P-13376] [MainThread] [parse_query_plan] [DEBUG] parse_query_plan.py[line:149] _do_NestedLoop
2022-12-02 20:49:11 [P-13376] [MainThread] [parse_query_plan] [DEBUG] parse_query_plan.py[line:126] Nested Loop  (cost=8.47..1556.82 rows=97 width=16) (actual time=1.881..88.832 rows=15092 loops=1)
2022-12-02 20:49:11 [P-13376] [MainThread] [parse_query_plan] [DEBUG] parse_query_plan.py[line:132] ['Nested Loop']
2022-12-02 20:49:11 [P-13376] [MainThread] [parse_query_plan] [DEBUG] parse_query_plan.py[line:149] _do_NestedLoop
2022-12-02 20:49:11 [P-13376] [MainThread] [parse_query_plan] [DEBUG] parse_query_plan.py[line:126] Nested Loop  (cost=8.04..1537.90 rows=32 width=4) (actual time=1.862..28.674 rows=11404 loops=1)
2022-12-02 20:49:11 [P-13376] [MainThread] [parse_query_plan] [DEBUG] parse_query_plan.py[line:132] ['Nested Loop']
2022-12-02 20:49:11 [P-13376] [MainThread] [parse_query_plan] [DEBUG] parse_query_plan.py[line:149] _do_NestedLoop
2022-12-02 20:49:11 [P-13376] [MainThread] [parse_query_plan] [DEBUG] parse_query_plan.py[line:126] Index Scan using keyword_idx_keyword on keyword k  (cost=0.42..8.44 rows=1 width=4) (actual time=0.023..0.025 rows=1 loops=1)
2022-12-02 20:49:11 [P-13376] [MainThread] [parse_query_plan] [DEBUG] parse_query_plan.py[line:132] ['Index Scan', 'keyword_idx_keyword', 'keyword k']
2022-12-02 20:49:11 [P-13376] [MainThread] [parse_query_plan] [DEBUG] parse_query_plan.py[line:149] _do_IndexScan
2022-12-02 20:49:11 [P-13376] [MainThread] [parse_query_plan] [DEBUG] parse_query_plan.py[line:126] Bitmap Heap Scan on movie_keyword mk  (cost=7.62..1525.35 rows=411 width=8) (actual time=1.835..27.619 rows=11404 loops=1)
2022-12-02 20:49:11 [P-13376] [MainThread] [parse_query_plan] [DEBUG] parse_query_plan.py[line:132] ['Bitmap Heap Scan', 'movie_keyword mk']
2022-12-02 20:49:11 [P-13376] [MainThread] [parse_query_plan] [DEBUG] parse_query_plan.py[line:149] _do_BitMapHeapScan
2022-12-02 20:49:11 [P-13376] [MainThread] [parse_query_plan] [DEBUG] parse_query_plan.py[line:126] Bitmap Index Scan on movie_keyword_idx_keywordid  (cost=0.00..7.51 rows=411 width=0) (actual time=1.288..1.289 rows=11404 loops=1)
2022-12-02 20:49:11 [P-13376] [MainThread] [parse_query_plan] [DEBUG] parse_query_plan.py[line:132] ['Bitmap Index Scan', 'movie_keyword_idx_keywordid']
2022-12-02 20:49:11 [P-13376] [MainThread] [parse_query_plan] [DEBUG] parse_query_plan.py[line:149] _do_BitMapIndexScan
2022-12-02 20:49:11 [P-13376] [MainThread] [parse_query_plan] [DEBUG] parse_query_plan.py[line:126] Index Scan using movie_companies_idx_mid on movie_companies mc  (cost=0.43..0.56 rows=3 width=12) (actual time=0.005..0.005 rows=1 loops=11404)
2022-12-02 20:49:11 [P-13376] [MainThread] [parse_query_plan] [DEBUG] parse_query_plan.py[line:132] ['Index Scan', 'movie_companies_idx_mid', 'movie_companies mc']
2022-12-02 20:49:11 [P-13376] [MainThread] [parse_query_plan] [DEBUG] parse_query_plan.py[line:149] _do_IndexScan
2022-12-02 20:49:11 [P-13376] [MainThread] [parse_query_plan] [DEBUG] parse_query_plan.py[line:126] Memoize  (cost=0.16..0.18 rows=1 width=4) (actual time=0.000..0.000 rows=1 loops=15092)
2022-12-02 20:49:11 [P-13376] [MainThread] [parse_query_plan] [DEBUG] parse_query_plan.py[line:132] ['Memoize']
2022-12-02 20:49:11 [P-13376] [MainThread] [parse_query_plan] [DEBUG] parse_query_plan.py[line:149] _do_Memorize
2022-12-02 20:49:11 [P-13376] [MainThread] [parse_query_plan] [DEBUG] parse_query_plan.py[line:126] Index Scan using company_type_pkey on company_type ct  (cost=0.15..0.17 rows=1 width=4) (actual time=0.005..0.005 rows=0 loops=2)
2022-12-02 20:49:11 [P-13376] [MainThread] [parse_query_plan] [DEBUG] parse_query_plan.py[line:132] ['Index Scan', 'company_type_pkey', 'company_type ct']
2022-12-02 20:49:11 [P-13376] [MainThread] [parse_query_plan] [DEBUG] parse_query_plan.py[line:149] _do_IndexScan
2022-12-02 20:49:11 [P-13376] [MainThread] [parse_query_plan] [DEBUG] parse_query_plan.py[line:126] Index Scan using company_name_pkey on company_name cn  (cost=0.42..0.46 rows=1 width=23) (actual time=0.003..0.003 rows=0 loops=13127)
2022-12-02 20:49:11 [P-13376] [MainThread] [parse_query_plan] [DEBUG] parse_query_plan.py[line:132] ['Index Scan', 'company_name_pkey', 'company_name cn']
2022-12-02 20:49:11 [P-13376] [MainThread] [parse_query_plan] [DEBUG] parse_query_plan.py[line:149] _do_IndexScan
2022-12-02 20:49:11 [P-13376] [MainThread] [parse_query_plan] [DEBUG] parse_query_plan.py[line:126] Index Scan using movie_info_idx_mid on movie_info mi  (cost=0.46..2.04 rows=4 width=4) (actual time=0.034..0.049 rows=1 loops=2393)
2022-12-02 20:49:11 [P-13376] [MainThread] [parse_query_plan] [DEBUG] parse_query_plan.py[line:132] ['Index Scan', 'movie_info_idx_mid', 'movie_info mi']
2022-12-02 20:49:11 [P-13376] [MainThread] [parse_query_plan] [DEBUG] parse_query_plan.py[line:149] _do_IndexScan
2022-12-02 20:49:11 [P-13376] [MainThread] [parse_query_plan] [DEBUG] parse_query_plan.py[line:183] <re.Match object; span=(0, 94), match="info = ANY ('{Sweden,Norway,Germany,Denmark,Swedi>
2022-12-02 20:49:11 [P-13376] [MainThread] [parse_query_plan] [DEBUG] parse_query_plan.py[line:126] Index Scan using title_pkey on title t  (cost=0.43..0.48 rows=1 width=20) (actual time=0.001..0.001 rows=0 loops=2178)
2022-12-02 20:49:11 [P-13376] [MainThread] [parse_query_plan] [DEBUG] parse_query_plan.py[line:132] ['Index Scan', 'title_pkey', 'title t']
2022-12-02 20:49:11 [P-13376] [MainThread] [parse_query_plan] [DEBUG] parse_query_plan.py[line:149] _do_IndexScan
2022-12-02 20:49:11 [P-13376] [MainThread] [parse_query_plan] [DEBUG] parse_query_plan.py[line:126] Index Scan using movie_link_idx_mid on movie_link ml  (cost=0.43..1.24 rows=44 width=8) (actual time=0.050..0.054 rows=9 loops=267)
2022-12-02 20:49:11 [P-13376] [MainThread] [parse_query_plan] [DEBUG] parse_query_plan.py[line:132] ['Index Scan', 'movie_link_idx_mid', 'movie_link ml']
2022-12-02 20:49:11 [P-13376] [MainThread] [parse_query_plan] [DEBUG] parse_query_plan.py[line:149] _do_IndexScan
2022-12-02 20:49:11 [P-13376] [MainThread] [parse_query_plan] [DEBUG] parse_query_plan.py[line:126] Index Scan using link_type_pkey on link_type lt  (cost=0.15..0.17 rows=1 width=86) (actual time=0.001..0.001 rows=0 loops=2282)
2022-12-02 20:49:11 [P-13376] [MainThread] [parse_query_plan] [DEBUG] parse_query_plan.py[line:132] ['Index Scan', 'link_type_pkey', 'link_type lt']
2022-12-02 20:49:11 [P-13376] [MainThread] [parse_query_plan] [DEBUG] parse_query_plan.py[line:149] _do_IndexScan
2022-12-02 20:49:11 [P-13376] [MainThread] [parse_query_plan] [DEBUG] parse_query_plan.py[line:126] Aggregate  (cost=29.98..29.99 rows=1 width=96) (actual time=0.021..0.022 rows=1 loops=1)
2022-12-02 20:49:11 [P-13376] [MainThread] [parse_query_plan] [DEBUG] parse_query_plan.py[line:132] ['Aggregate']
2022-12-02 20:49:11 [P-13376] [MainThread] [parse_query_plan] [DEBUG] parse_query_plan.py[line:149] _do_Aggregate
2022-12-02 20:49:11 [P-13376] [MainThread] [parse_query_plan] [DEBUG] parse_query_plan.py[line:126] Nested Loop  (cost=7.20..29.98 rows=1 width=67) (actual time=0.020..0.021 rows=0 loops=1)
2022-12-02 20:49:11 [P-13376] [MainThread] [parse_query_plan] [DEBUG] parse_query_plan.py[line:132] ['Nested Loop']
2022-12-02 20:49:11 [P-13376] [MainThread] [parse_query_plan] [DEBUG] parse_query_plan.py[line:149] _do_NestedLoop
2022-12-02 20:49:11 [P-13376] [MainThread] [parse_query_plan] [DEBUG] parse_query_plan.py[line:126] Nested Loop  (cost=6.78..29.52 rows=1 width=71) (actual time=0.020..0.020 rows=0 loops=1)
2022-12-02 20:49:11 [P-13376] [MainThread] [parse_query_plan] [DEBUG] parse_query_plan.py[line:132] ['Nested Loop']
2022-12-02 20:49:11 [P-13376] [MainThread] [parse_query_plan] [DEBUG] parse_query_plan.py[line:149] _do_NestedLoop
2022-12-02 20:49:11 [P-13376] [MainThread] [parse_query_plan] [DEBUG] parse_query_plan.py[line:126] Nested Loop  (cost=6.64..29.34 rows=1 width=75) (actual time=0.019..0.020 rows=0 loops=1)
2022-12-02 20:49:11 [P-13376] [MainThread] [parse_query_plan] [DEBUG] parse_query_plan.py[line:132] ['Nested Loop']
2022-12-02 20:49:11 [P-13376] [MainThread] [parse_query_plan] [DEBUG] parse_query_plan.py[line:149] _do_NestedLoop
2022-12-02 20:49:11 [P-13376] [MainThread] [parse_query_plan] [DEBUG] parse_query_plan.py[line:126] Nested Loop  (cost=6.20..27.30 rows=1 width=87) (actual time=0.019..0.020 rows=0 loops=1)
2022-12-02 20:49:11 [P-13376] [MainThread] [parse_query_plan] [DEBUG] parse_query_plan.py[line:132] ['Nested Loop']
2022-12-02 20:49:11 [P-13376] [MainThread] [parse_query_plan] [DEBUG] parse_query_plan.py[line:149] _do_NestedLoop
2022-12-02 20:49:11 [P-13376] [MainThread] [parse_query_plan] [DEBUG] parse_query_plan.py[line:126] Nested Loop  (cost=6.05..27.13 rows=1 width=91) (actual time=0.019..0.020 rows=0 loops=1)
2022-12-02 20:49:11 [P-13376] [MainThread] [parse_query_plan] [DEBUG] parse_query_plan.py[line:132] ['Nested Loop']
2022-12-02 20:49:11 [P-13376] [MainThread] [parse_query_plan] [DEBUG] parse_query_plan.py[line:149] _do_NestedLoop
2022-12-02 20:49:11 [P-13376] [MainThread] [parse_query_plan] [DEBUG] parse_query_plan.py[line:126] Nested Loop  (cost=5.63..26.55 rows=1 width=76) (actual time=0.019..0.020 rows=0 loops=1)
2022-12-02 20:49:11 [P-13376] [MainThread] [parse_query_plan] [DEBUG] parse_query_plan.py[line:132] ['Nested Loop']
2022-12-02 20:49:11 [P-13376] [MainThread] [parse_query_plan] [DEBUG] parse_query_plan.py[line:149] _do_NestedLoop
2022-12-02 20:49:11 [P-13376] [MainThread] [parse_query_plan] [DEBUG] parse_query_plan.py[line:126] Nested Loop  (cost=5.19..25.95 rows=1 width=64) (actual time=0.019..0.020 rows=0 loops=1)
2022-12-02 20:49:11 [P-13376] [MainThread] [parse_query_plan] [DEBUG] parse_query_plan.py[line:132] ['Nested Loop']
2022-12-02 20:49:11 [P-13376] [MainThread] [parse_query_plan] [DEBUG] parse_query_plan.py[line:149] _do_NestedLoop
2022-12-02 20:49:11 [P-13376] [MainThread] [parse_query_plan] [DEBUG] parse_query_plan.py[line:126] Nested Loop  (cost=4.76..23.65 rows=1 width=56) (actual time=0.019..0.020 rows=0 loops=1)
2022-12-02 20:49:11 [P-13376] [MainThread] [parse_query_plan] [DEBUG] parse_query_plan.py[line:132] ['Nested Loop']
2022-12-02 20:49:11 [P-13376] [MainThread] [parse_query_plan] [DEBUG] parse_query_plan.py[line:149] _do_NestedLoop
2022-12-02 20:49:11 [P-13376] [MainThread] [parse_query_plan] [DEBUG] parse_query_plan.py[line:126] Nested Loop  (cost=4.61..23.48 rows=1 width=60) (actual time=0.019..0.019 rows=0 loops=1)
2022-12-02 20:49:11 [P-13376] [MainThread] [parse_query_plan] [DEBUG] parse_query_plan.py[line:132] ['Nested Loop']
2022-12-02 20:49:11 [P-13376] [MainThread] [parse_query_plan] [DEBUG] parse_query_plan.py[line:149] _do_NestedLoop
2022-12-02 20:49:11 [P-13376] [MainThread] [parse_query_plan] [DEBUG] parse_query_plan.py[line:126] Nested Loop  (cost=4.18..15.07 rows=1 width=36) (actual time=0.019..0.019 rows=0 loops=1)
2022-12-02 20:49:11 [P-13376] [MainThread] [parse_query_plan] [DEBUG] parse_query_plan.py[line:132] ['Nested Loop']
2022-12-02 20:49:11 [P-13376] [MainThread] [parse_query_plan] [DEBUG] parse_query_plan.py[line:149] _do_NestedLoop
2022-12-02 20:49:11 [P-13376] [MainThread] [parse_query_plan] [DEBUG] parse_query_plan.py[line:126] Seq Scan on info_type it2  (cost=0.00..2.41 rows=1 width=4) (actual time=0.012..0.013 rows=1 loops=1)
2022-12-02 20:49:11 [P-13376] [MainThread] [parse_query_plan] [DEBUG] parse_query_plan.py[line:132] ['Seq Scan', 'info_type it2']
2022-12-02 20:49:11 [P-13376] [MainThread] [parse_query_plan] [DEBUG] parse_query_plan.py[line:149] _do_SeqScan
2022-12-02 20:49:11 [P-13376] [MainThread] [parse_query_plan] [DEBUG] parse_query_plan.py[line:126] Bitmap Heap Scan on movie_info_idx mi_idx  (cost=4.18..12.65 rows=1 width=40) (actual time=0.004..0.004 rows=0 loops=1)
2022-12-02 20:49:11 [P-13376] [MainThread] [parse_query_plan] [DEBUG] parse_query_plan.py[line:132] ['Bitmap Heap Scan', 'movie_info_idx mi_idx']
2022-12-02 20:49:11 [P-13376] [MainThread] [parse_query_plan] [DEBUG] parse_query_plan.py[line:149] _do_BitMapHeapScan
2022-12-02 20:49:11 [P-13376] [MainThread] [parse_query_plan] [DEBUG] parse_query_plan.py[line:126] Bitmap Index Scan on info_type_id_movie_info_idx  (cost=0.00..4.18 rows=4 width=0) (actual time=0.003..0.003 rows=0 loops=1)
2022-12-02 20:49:11 [P-13376] [MainThread] [parse_query_plan] [DEBUG] parse_query_plan.py[line:132] ['Bitmap Index Scan', 'info_type_id_movie_info_idx']
2022-12-02 20:49:11 [P-13376] [MainThread] [parse_query_plan] [DEBUG] parse_query_plan.py[line:149] _do_BitMapIndexScan
2022-12-02 20:49:11 [P-13376] [MainThread] [parse_query_plan] [DEBUG] parse_query_plan.py[line:126] Index Scan using title_pkey on title t  (cost=0.43..8.40 rows=1 width=24) (never executed)
2022-12-02 20:49:11 [P-13376] [MainThread] [parse_query_plan] [DEBUG] parse_query_plan.py[line:132] ['Index Scan', 'title_pkey', 'title t']
2022-12-02 20:49:11 [P-13376] [MainThread] [parse_query_plan] [DEBUG] parse_query_plan.py[line:149] _do_IndexScan
2022-12-02 20:49:11 [P-13376] [MainThread] [parse_query_plan] [DEBUG] parse_query_plan.py[line:126] Index Scan using kind_type_pkey on kind_type kt  (cost=0.15..0.17 rows=1 width=4) (never executed)
2022-12-02 20:49:11 [P-13376] [MainThread] [parse_query_plan] [DEBUG] parse_query_plan.py[line:132] ['Index Scan', 'kind_type_pkey', 'kind_type kt']
2022-12-02 20:49:11 [P-13376] [MainThread] [parse_query_plan] [DEBUG] parse_query_plan.py[line:149] _do_IndexScan
2022-12-02 20:49:11 [P-13376] [MainThread] [parse_query_plan] [DEBUG] parse_query_plan.py[line:183] <re.Match object; span=(0, 46), match="(kind)::text = ANY ('{movie,episode}'::text[])">
2022-12-02 20:49:11 [P-13376] [MainThread] [parse_query_plan] [DEBUG] parse_query_plan.py[line:126] Index Scan using movie_keyword_idx_mid on movie_keyword mk  (cost=0.43..1.66 rows=63 width=8) (never executed)
2022-12-02 20:49:11 [P-13376] [MainThread] [parse_query_plan] [DEBUG] parse_query_plan.py[line:132] ['Index Scan', 'movie_keyword_idx_mid', 'movie_keyword mk']
2022-12-02 20:49:11 [P-13376] [MainThread] [parse_query_plan] [DEBUG] parse_query_plan.py[line:149] _do_IndexScan
2022-12-02 20:49:11 [P-13376] [MainThread] [parse_query_plan] [DEBUG] parse_query_plan.py[line:126] Index Scan using movie_companies_idx_mid on movie_companies mc  (cost=0.43..0.59 rows=1 width=12) (never executed)
2022-12-02 20:49:11 [P-13376] [MainThread] [parse_query_plan] [DEBUG] parse_query_plan.py[line:132] ['Index Scan', 'movie_companies_idx_mid', 'movie_companies mc']
2022-12-02 20:49:11 [P-13376] [MainThread] [parse_query_plan] [DEBUG] parse_query_plan.py[line:149] _do_IndexScan
2022-12-02 20:49:11 [P-13376] [MainThread] [parse_query_plan] [DEBUG] parse_query_plan.py[line:126] Index Scan using company_name_pkey on company_name cn  (cost=0.42..0.58 rows=1 width=23) (never executed)
2022-12-02 20:49:11 [P-13376] [MainThread] [parse_query_plan] [DEBUG] parse_query_plan.py[line:132] ['Index Scan', 'company_name_pkey', 'company_name cn']
2022-12-02 20:49:11 [P-13376] [MainThread] [parse_query_plan] [DEBUG] parse_query_plan.py[line:149] _do_IndexScan
2022-12-02 20:49:11 [P-13376] [MainThread] [parse_query_plan] [DEBUG] parse_query_plan.py[line:126] Index Only Scan using company_type_pkey on company_type ct  (cost=0.15..0.17 rows=1 width=4) (never executed)
2022-12-02 20:49:11 [P-13376] [MainThread] [parse_query_plan] [DEBUG] parse_query_plan.py[line:132] ['Index Only Scan', 'company_type_pkey', 'company_type ct']
2022-12-02 20:49:11 [P-13376] [MainThread] [parse_query_plan] [DEBUG] parse_query_plan.py[line:149] _do_IndexOnlyScan
2022-12-02 20:49:11 [P-13376] [MainThread] [parse_query_plan] [DEBUG] parse_query_plan.py[line:126] Index Scan using movie_info_idx_mid on movie_info mi  (cost=0.44..2.02 rows=2 width=8) (never executed)
2022-12-02 20:49:11 [P-13376] [MainThread] [parse_query_plan] [DEBUG] parse_query_plan.py[line:132] ['Index Scan', 'movie_info_idx_mid', 'movie_info mi']
2022-12-02 20:49:11 [P-13376] [MainThread] [parse_query_plan] [DEBUG] parse_query_plan.py[line:149] _do_IndexScan
2022-12-02 20:49:11 [P-13376] [MainThread] [parse_query_plan] [DEBUG] parse_query_plan.py[line:183] <re.Match object; span=(0, 52), match="info = ANY ('{Germany,German,USA,American}'::text>
2022-12-02 20:49:11 [P-13376] [MainThread] [parse_query_plan] [DEBUG] parse_query_plan.py[line:126] Index Scan using info_type_pkey on info_type it1  (cost=0.14..0.16 rows=1 width=4) (never executed)
2022-12-02 20:49:11 [P-13376] [MainThread] [parse_query_plan] [DEBUG] parse_query_plan.py[line:132] ['Index Scan', 'info_type_pkey', 'info_type it1']
2022-12-02 20:49:11 [P-13376] [MainThread] [parse_query_plan] [DEBUG] parse_query_plan.py[line:149] _do_IndexScan
2022-12-02 20:49:11 [P-13376] [MainThread] [parse_query_plan] [DEBUG] parse_query_plan.py[line:126] Index Scan using keyword_pkey on keyword k  (cost=0.42..0.44 rows=1 width=4) (never executed)
2022-12-02 20:49:11 [P-13376] [MainThread] [parse_query_plan] [DEBUG] parse_query_plan.py[line:132] ['Index Scan', 'keyword_pkey', 'keyword k']
2022-12-02 20:49:11 [P-13376] [MainThread] [parse_query_plan] [DEBUG] parse_query_plan.py[line:149] _do_IndexScan
2022-12-02 20:49:11 [P-13376] [MainThread] [parse_query_plan] [DEBUG] parse_query_plan.py[line:183] <re.Match object; span=(0, 65), match="keyword = ANY ('{murder,murder-in-title,blood,vio>
2022-12-02 20:49:11 [P-13376] [MainThread] [parse_query_plan] [DEBUG] parse_query_plan.py[line:126] Aggregate  (cost=30.00..30.01 rows=1 width=96) (actual time=0.019..0.020 rows=1 loops=1)
2022-12-02 20:49:11 [P-13376] [MainThread] [parse_query_plan] [DEBUG] parse_query_plan.py[line:132] ['Aggregate']
2022-12-02 20:49:11 [P-13376] [MainThread] [parse_query_plan] [DEBUG] parse_query_plan.py[line:149] _do_Aggregate
2022-12-02 20:49:11 [P-13376] [MainThread] [parse_query_plan] [DEBUG] parse_query_plan.py[line:126] Nested Loop  (cost=7.20..29.99 rows=1 width=67) (actual time=0.018..0.018 rows=0 loops=1)
2022-12-02 20:49:11 [P-13376] [MainThread] [parse_query_plan] [DEBUG] parse_query_plan.py[line:132] ['Nested Loop']
2022-12-02 20:49:11 [P-13376] [MainThread] [parse_query_plan] [DEBUG] parse_query_plan.py[line:149] _do_NestedLoop
2022-12-02 20:49:11 [P-13376] [MainThread] [parse_query_plan] [DEBUG] parse_query_plan.py[line:126] Nested Loop  (cost=6.78..29.53 rows=1 width=71) (actual time=0.018..0.018 rows=0 loops=1)
2022-12-02 20:49:11 [P-13376] [MainThread] [parse_query_plan] [DEBUG] parse_query_plan.py[line:132] ['Nested Loop']
2022-12-02 20:49:11 [P-13376] [MainThread] [parse_query_plan] [DEBUG] parse_query_plan.py[line:149] _do_NestedLoop
2022-12-02 20:49:11 [P-13376] [MainThread] [parse_query_plan] [DEBUG] parse_query_plan.py[line:126] Nested Loop  (cost=6.64..29.35 rows=1 width=75) (actual time=0.018..0.018 rows=0 loops=1)
2022-12-02 20:49:11 [P-13376] [MainThread] [parse_query_plan] [DEBUG] parse_query_plan.py[line:132] ['Nested Loop']
2022-12-02 20:49:11 [P-13376] [MainThread] [parse_query_plan] [DEBUG] parse_query_plan.py[line:149] _do_NestedLoop
2022-12-02 20:49:11 [P-13376] [MainThread] [parse_query_plan] [DEBUG] parse_query_plan.py[line:126] Nested Loop  (cost=6.20..27.31 rows=1 width=87) (actual time=0.017..0.018 rows=0 loops=1)
2022-12-02 20:49:11 [P-13376] [MainThread] [parse_query_plan] [DEBUG] parse_query_plan.py[line:132] ['Nested Loop']
2022-12-02 20:49:11 [P-13376] [MainThread] [parse_query_plan] [DEBUG] parse_query_plan.py[line:149] _do_NestedLoop
2022-12-02 20:49:11 [P-13376] [MainThread] [parse_query_plan] [DEBUG] parse_query_plan.py[line:126] Nested Loop  (cost=6.05..27.14 rows=1 width=91) (actual time=0.017..0.018 rows=0 loops=1)
2022-12-02 20:49:11 [P-13376] [MainThread] [parse_query_plan] [DEBUG] parse_query_plan.py[line:132] ['Nested Loop']
2022-12-02 20:49:11 [P-13376] [MainThread] [parse_query_plan] [DEBUG] parse_query_plan.py[line:149] _do_NestedLoop
2022-12-02 20:49:11 [P-13376] [MainThread] [parse_query_plan] [DEBUG] parse_query_plan.py[line:126] Nested Loop  (cost=5.63..26.56 rows=1 width=76) (actual time=0.017..0.018 rows=0 loops=1)
2022-12-02 20:49:11 [P-13376] [MainThread] [parse_query_plan] [DEBUG] parse_query_plan.py[line:132] ['Nested Loop']
2022-12-02 20:49:11 [P-13376] [MainThread] [parse_query_plan] [DEBUG] parse_query_plan.py[line:149] _do_NestedLoop
2022-12-02 20:49:11 [P-13376] [MainThread] [parse_query_plan] [DEBUG] parse_query_plan.py[line:126] Nested Loop  (cost=5.19..25.96 rows=1 width=64) (actual time=0.017..0.018 rows=0 loops=1)
2022-12-02 20:49:11 [P-13376] [MainThread] [parse_query_plan] [DEBUG] parse_query_plan.py[line:132] ['Nested Loop']
2022-12-02 20:49:11 [P-13376] [MainThread] [parse_query_plan] [DEBUG] parse_query_plan.py[line:149] _do_NestedLoop
2022-12-02 20:49:11 [P-13376] [MainThread] [parse_query_plan] [DEBUG] parse_query_plan.py[line:126] Nested Loop  (cost=4.76..23.65 rows=1 width=56) (actual time=0.017..0.018 rows=0 loops=1)
2022-12-02 20:49:11 [P-13376] [MainThread] [parse_query_plan] [DEBUG] parse_query_plan.py[line:132] ['Nested Loop']
2022-12-02 20:49:11 [P-13376] [MainThread] [parse_query_plan] [DEBUG] parse_query_plan.py[line:149] _do_NestedLoop
2022-12-02 20:49:11 [P-13376] [MainThread] [parse_query_plan] [DEBUG] parse_query_plan.py[line:126] Nested Loop  (cost=4.61..23.48 rows=1 width=60) (actual time=0.017..0.017 rows=0 loops=1)
2022-12-02 20:49:11 [P-13376] [MainThread] [parse_query_plan] [DEBUG] parse_query_plan.py[line:132] ['Nested Loop']
2022-12-02 20:49:11 [P-13376] [MainThread] [parse_query_plan] [DEBUG] parse_query_plan.py[line:149] _do_NestedLoop
2022-12-02 20:49:11 [P-13376] [MainThread] [parse_query_plan] [DEBUG] parse_query_plan.py[line:126] Nested Loop  (cost=4.18..15.07 rows=1 width=36) (actual time=0.017..0.017 rows=0 loops=1)
2022-12-02 20:49:11 [P-13376] [MainThread] [parse_query_plan] [DEBUG] parse_query_plan.py[line:132] ['Nested Loop']
2022-12-02 20:49:11 [P-13376] [MainThread] [parse_query_plan] [DEBUG] parse_query_plan.py[line:149] _do_NestedLoop
2022-12-02 20:49:11 [P-13376] [MainThread] [parse_query_plan] [DEBUG] parse_query_plan.py[line:126] Seq Scan on info_type it2  (cost=0.00..2.41 rows=1 width=4) (actual time=0.011..0.011 rows=1 loops=1)
2022-12-02 20:49:11 [P-13376] [MainThread] [parse_query_plan] [DEBUG] parse_query_plan.py[line:132] ['Seq Scan', 'info_type it2']
2022-12-02 20:49:11 [P-13376] [MainThread] [parse_query_plan] [DEBUG] parse_query_plan.py[line:149] _do_SeqScan
2022-12-02 20:49:11 [P-13376] [MainThread] [parse_query_plan] [DEBUG] parse_query_plan.py[line:126] Bitmap Heap Scan on movie_info_idx mi_idx  (cost=4.18..12.65 rows=1 width=40) (actual time=0.004..0.004 rows=0 loops=1)
2022-12-02 20:49:11 [P-13376] [MainThread] [parse_query_plan] [DEBUG] parse_query_plan.py[line:132] ['Bitmap Heap Scan', 'movie_info_idx mi_idx']
2022-12-02 20:49:11 [P-13376] [MainThread] [parse_query_plan] [DEBUG] parse_query_plan.py[line:149] _do_BitMapHeapScan
2022-12-02 20:49:11 [P-13376] [MainThread] [parse_query_plan] [DEBUG] parse_query_plan.py[line:126] Bitmap Index Scan on info_type_id_movie_info_idx  (cost=0.00..4.18 rows=4 width=0) (actual time=0.003..0.003 rows=0 loops=1)
2022-12-02 20:49:11 [P-13376] [MainThread] [parse_query_plan] [DEBUG] parse_query_plan.py[line:132] ['Bitmap Index Scan', 'info_type_id_movie_info_idx']
2022-12-02 20:49:11 [P-13376] [MainThread] [parse_query_plan] [DEBUG] parse_query_plan.py[line:149] _do_BitMapIndexScan
2022-12-02 20:49:11 [P-13376] [MainThread] [parse_query_plan] [DEBUG] parse_query_plan.py[line:126] Index Scan using title_pkey on title t  (cost=0.43..8.40 rows=1 width=24) (never executed)
2022-12-02 20:49:11 [P-13376] [MainThread] [parse_query_plan] [DEBUG] parse_query_plan.py[line:132] ['Index Scan', 'title_pkey', 'title t']
2022-12-02 20:49:11 [P-13376] [MainThread] [parse_query_plan] [DEBUG] parse_query_plan.py[line:149] _do_IndexScan
2022-12-02 20:49:11 [P-13376] [MainThread] [parse_query_plan] [DEBUG] parse_query_plan.py[line:126] Index Scan using kind_type_pkey on kind_type kt  (cost=0.15..0.17 rows=1 width=4) (never executed)
2022-12-02 20:49:11 [P-13376] [MainThread] [parse_query_plan] [DEBUG] parse_query_plan.py[line:132] ['Index Scan', 'kind_type_pkey', 'kind_type kt']
2022-12-02 20:49:11 [P-13376] [MainThread] [parse_query_plan] [DEBUG] parse_query_plan.py[line:149] _do_IndexScan
2022-12-02 20:49:11 [P-13376] [MainThread] [parse_query_plan] [DEBUG] parse_query_plan.py[line:183] <re.Match object; span=(0, 46), match="(kind)::text = ANY ('{movie,episode}'::text[])">
2022-12-02 20:49:11 [P-13376] [MainThread] [parse_query_plan] [DEBUG] parse_query_plan.py[line:126] Index Scan using movie_keyword_idx_mid on movie_keyword mk  (cost=0.43..1.68 rows=63 width=8) (never executed)
2022-12-02 20:49:11 [P-13376] [MainThread] [parse_query_plan] [DEBUG] parse_query_plan.py[line:132] ['Index Scan', 'movie_keyword_idx_mid', 'movie_keyword mk']
2022-12-02 20:49:11 [P-13376] [MainThread] [parse_query_plan] [DEBUG] parse_query_plan.py[line:149] _do_IndexScan
2022-12-02 20:49:11 [P-13376] [MainThread] [parse_query_plan] [DEBUG] parse_query_plan.py[line:126] Index Scan using movie_companies_idx_mid on movie_companies mc  (cost=0.43..0.59 rows=1 width=12) (never executed)
2022-12-02 20:49:11 [P-13376] [MainThread] [parse_query_plan] [DEBUG] parse_query_plan.py[line:132] ['Index Scan', 'movie_companies_idx_mid', 'movie_companies mc']
2022-12-02 20:49:11 [P-13376] [MainThread] [parse_query_plan] [DEBUG] parse_query_plan.py[line:149] _do_IndexScan
2022-12-02 20:49:11 [P-13376] [MainThread] [parse_query_plan] [DEBUG] parse_query_plan.py[line:126] Index Scan using company_name_pkey on company_name cn  (cost=0.42..0.58 rows=1 width=23) (never executed)
2022-12-02 20:49:11 [P-13376] [MainThread] [parse_query_plan] [DEBUG] parse_query_plan.py[line:132] ['Index Scan', 'company_name_pkey', 'company_name cn']
2022-12-02 20:49:11 [P-13376] [MainThread] [parse_query_plan] [DEBUG] parse_query_plan.py[line:149] _do_IndexScan
2022-12-02 20:49:11 [P-13376] [MainThread] [parse_query_plan] [DEBUG] parse_query_plan.py[line:126] Index Only Scan using company_type_pkey on company_type ct  (cost=0.15..0.17 rows=1 width=4) (never executed)
2022-12-02 20:49:11 [P-13376] [MainThread] [parse_query_plan] [DEBUG] parse_query_plan.py[line:132] ['Index Only Scan', 'company_type_pkey', 'company_type ct']
2022-12-02 20:49:11 [P-13376] [MainThread] [parse_query_plan] [DEBUG] parse_query_plan.py[line:149] _do_IndexOnlyScan
2022-12-02 20:49:11 [P-13376] [MainThread] [parse_query_plan] [DEBUG] parse_query_plan.py[line:126] Index Scan using movie_info_idx_mid on movie_info mi  (cost=0.44..2.02 rows=2 width=8) (never executed)
2022-12-02 20:49:11 [P-13376] [MainThread] [parse_query_plan] [DEBUG] parse_query_plan.py[line:132] ['Index Scan', 'movie_info_idx_mid', 'movie_info mi']
2022-12-02 20:49:11 [P-13376] [MainThread] [parse_query_plan] [DEBUG] parse_query_plan.py[line:149] _do_IndexScan
2022-12-02 20:49:11 [P-13376] [MainThread] [parse_query_plan] [DEBUG] parse_query_plan.py[line:183] <re.Match object; span=(0, 52), match="info = ANY ('{Germany,German,USA,American}'::text>
2022-12-02 20:49:11 [P-13376] [MainThread] [parse_query_plan] [DEBUG] parse_query_plan.py[line:126] Index Scan using info_type_pkey on info_type it1  (cost=0.14..0.16 rows=1 width=4) (never executed)
2022-12-02 20:49:11 [P-13376] [MainThread] [parse_query_plan] [DEBUG] parse_query_plan.py[line:132] ['Index Scan', 'info_type_pkey', 'info_type it1']
2022-12-02 20:49:11 [P-13376] [MainThread] [parse_query_plan] [DEBUG] parse_query_plan.py[line:149] _do_IndexScan
2022-12-02 20:49:11 [P-13376] [MainThread] [parse_query_plan] [DEBUG] parse_query_plan.py[line:126] Index Scan using keyword_pkey on keyword k  (cost=0.42..0.44 rows=1 width=4) (never executed)
2022-12-02 20:49:11 [P-13376] [MainThread] [parse_query_plan] [DEBUG] parse_query_plan.py[line:132] ['Index Scan', 'keyword_pkey', 'keyword k']
2022-12-02 20:49:11 [P-13376] [MainThread] [parse_query_plan] [DEBUG] parse_query_plan.py[line:149] _do_IndexScan
2022-12-02 20:49:11 [P-13376] [MainThread] [parse_query_plan] [DEBUG] parse_query_plan.py[line:183] <re.Match object; span=(0, 65), match="keyword = ANY ('{murder,murder-in-title,blood,vio>
2022-12-02 20:49:11 [P-13376] [MainThread] [parse_query_plan] [DEBUG] parse_query_plan.py[line:126] Aggregate  (cost=30.43..30.44 rows=1 width=96) (actual time=0.037..0.038 rows=1 loops=1)
2022-12-02 20:49:11 [P-13376] [MainThread] [parse_query_plan] [DEBUG] parse_query_plan.py[line:132] ['Aggregate']
2022-12-02 20:49:11 [P-13376] [MainThread] [parse_query_plan] [DEBUG] parse_query_plan.py[line:149] _do_Aggregate
2022-12-02 20:49:11 [P-13376] [MainThread] [parse_query_plan] [DEBUG] parse_query_plan.py[line:126] Nested Loop  (cost=7.20..30.42 rows=1 width=67) (actual time=0.035..0.036 rows=0 loops=1)
2022-12-02 20:49:11 [P-13376] [MainThread] [parse_query_plan] [DEBUG] parse_query_plan.py[line:132] ['Nested Loop']
2022-12-02 20:49:11 [P-13376] [MainThread] [parse_query_plan] [DEBUG] parse_query_plan.py[line:149] _do_NestedLoop
2022-12-02 20:49:11 [P-13376] [MainThread] [parse_query_plan] [DEBUG] parse_query_plan.py[line:126] Nested Loop  (cost=6.78..29.97 rows=1 width=71) (actual time=0.035..0.036 rows=0 loops=1)
2022-12-02 20:49:11 [P-13376] [MainThread] [parse_query_plan] [DEBUG] parse_query_plan.py[line:132] ['Nested Loop']
2022-12-02 20:49:11 [P-13376] [MainThread] [parse_query_plan] [DEBUG] parse_query_plan.py[line:149] _do_NestedLoop
2022-12-02 20:49:11 [P-13376] [MainThread] [parse_query_plan] [DEBUG] parse_query_plan.py[line:126] Nested Loop  (cost=6.64..29.78 rows=1 width=75) (actual time=0.035..0.036 rows=0 loops=1)
2022-12-02 20:49:11 [P-13376] [MainThread] [parse_query_plan] [DEBUG] parse_query_plan.py[line:132] ['Nested Loop']
2022-12-02 20:49:11 [P-13376] [MainThread] [parse_query_plan] [DEBUG] parse_query_plan.py[line:149] _do_NestedLoop
2022-12-02 20:49:11 [P-13376] [MainThread] [parse_query_plan] [DEBUG] parse_query_plan.py[line:126] Nested Loop  (cost=6.20..27.27 rows=1 width=87) (actual time=0.035..0.036 rows=0 loops=1)
2022-12-02 20:49:11 [P-13376] [MainThread] [parse_query_plan] [DEBUG] parse_query_plan.py[line:132] ['Nested Loop']
2022-12-02 20:49:11 [P-13376] [MainThread] [parse_query_plan] [DEBUG] parse_query_plan.py[line:149] _do_NestedLoop
2022-12-02 20:49:11 [P-13376] [MainThread] [parse_query_plan] [DEBUG] parse_query_plan.py[line:126] Nested Loop  (cost=6.05..27.10 rows=1 width=91) (actual time=0.035..0.036 rows=0 loops=1)
2022-12-02 20:49:11 [P-13376] [MainThread] [parse_query_plan] [DEBUG] parse_query_plan.py[line:132] ['Nested Loop']
2022-12-02 20:49:11 [P-13376] [MainThread] [parse_query_plan] [DEBUG] parse_query_plan.py[line:149] _do_NestedLoop
2022-12-02 20:49:11 [P-13376] [MainThread] [parse_query_plan] [DEBUG] parse_query_plan.py[line:126] Nested Loop  (cost=5.63..26.53 rows=1 width=76) (actual time=0.035..0.036 rows=0 loops=1)
2022-12-02 20:49:11 [P-13376] [MainThread] [parse_query_plan] [DEBUG] parse_query_plan.py[line:132] ['Nested Loop']
2022-12-02 20:49:11 [P-13376] [MainThread] [parse_query_plan] [DEBUG] parse_query_plan.py[line:149] _do_NestedLoop
2022-12-02 20:49:11 [P-13376] [MainThread] [parse_query_plan] [DEBUG] parse_query_plan.py[line:126] Nested Loop  (cost=5.19..25.92 rows=1 width=64) (actual time=0.035..0.035 rows=0 loops=1)
2022-12-02 20:49:11 [P-13376] [MainThread] [parse_query_plan] [DEBUG] parse_query_plan.py[line:132] ['Nested Loop']
2022-12-02 20:49:11 [P-13376] [MainThread] [parse_query_plan] [DEBUG] parse_query_plan.py[line:149] _do_NestedLoop
2022-12-02 20:49:11 [P-13376] [MainThread] [parse_query_plan] [DEBUG] parse_query_plan.py[line:126] Nested Loop  (cost=4.76..23.65 rows=1 width=56) (actual time=0.035..0.035 rows=0 loops=1)
2022-12-02 20:49:11 [P-13376] [MainThread] [parse_query_plan] [DEBUG] parse_query_plan.py[line:132] ['Nested Loop']
2022-12-02 20:49:11 [P-13376] [MainThread] [parse_query_plan] [DEBUG] parse_query_plan.py[line:149] _do_NestedLoop
2022-12-02 20:49:11 [P-13376] [MainThread] [parse_query_plan] [DEBUG] parse_query_plan.py[line:126] Nested Loop  (cost=4.61..23.48 rows=1 width=60) (actual time=0.035..0.035 rows=0 loops=1)
2022-12-02 20:49:11 [P-13376] [MainThread] [parse_query_plan] [DEBUG] parse_query_plan.py[line:132] ['Nested Loop']
2022-12-02 20:49:11 [P-13376] [MainThread] [parse_query_plan] [DEBUG] parse_query_plan.py[line:149] _do_NestedLoop
2022-12-02 20:49:11 [P-13376] [MainThread] [parse_query_plan] [DEBUG] parse_query_plan.py[line:126] Nested Loop  (cost=4.18..15.07 rows=1 width=36) (actual time=0.035..0.035 rows=0 loops=1)
2022-12-02 20:49:11 [P-13376] [MainThread] [parse_query_plan] [DEBUG] parse_query_plan.py[line:132] ['Nested Loop']
2022-12-02 20:49:11 [P-13376] [MainThread] [parse_query_plan] [DEBUG] parse_query_plan.py[line:149] _do_NestedLoop
2022-12-02 20:49:11 [P-13376] [MainThread] [parse_query_plan] [DEBUG] parse_query_plan.py[line:126] Seq Scan on info_type it2  (cost=0.00..2.41 rows=1 width=4) (actual time=0.011..0.012 rows=1 loops=1)
2022-12-02 20:49:11 [P-13376] [MainThread] [parse_query_plan] [DEBUG] parse_query_plan.py[line:132] ['Seq Scan', 'info_type it2']
2022-12-02 20:49:11 [P-13376] [MainThread] [parse_query_plan] [DEBUG] parse_query_plan.py[line:149] _do_SeqScan
2022-12-02 20:49:11 [P-13376] [MainThread] [parse_query_plan] [DEBUG] parse_query_plan.py[line:126] Bitmap Heap Scan on movie_info_idx mi_idx  (cost=4.18..12.65 rows=1 width=40) (actual time=0.004..0.004 rows=0 loops=1)
2022-12-02 20:49:11 [P-13376] [MainThread] [parse_query_plan] [DEBUG] parse_query_plan.py[line:132] ['Bitmap Heap Scan', 'movie_info_idx mi_idx']
2022-12-02 20:49:11 [P-13376] [MainThread] [parse_query_plan] [DEBUG] parse_query_plan.py[line:149] _do_BitMapHeapScan
2022-12-02 20:49:11 [P-13376] [MainThread] [parse_query_plan] [DEBUG] parse_query_plan.py[line:126] Bitmap Index Scan on info_type_id_movie_info_idx  (cost=0.00..4.18 rows=4 width=0) (actual time=0.003..0.003 rows=0 loops=1)
2022-12-02 20:49:11 [P-13376] [MainThread] [parse_query_plan] [DEBUG] parse_query_plan.py[line:132] ['Bitmap Index Scan', 'info_type_id_movie_info_idx']
2022-12-02 20:49:11 [P-13376] [MainThread] [parse_query_plan] [DEBUG] parse_query_plan.py[line:149] _do_BitMapIndexScan
2022-12-02 20:49:11 [P-13376] [MainThread] [parse_query_plan] [DEBUG] parse_query_plan.py[line:126] Index Scan using title_pkey on title t  (cost=0.43..8.40 rows=1 width=24) (never executed)
2022-12-02 20:49:11 [P-13376] [MainThread] [parse_query_plan] [DEBUG] parse_query_plan.py[line:132] ['Index Scan', 'title_pkey', 'title t']
2022-12-02 20:49:11 [P-13376] [MainThread] [parse_query_plan] [DEBUG] parse_query_plan.py[line:149] _do_IndexScan
2022-12-02 20:49:11 [P-13376] [MainThread] [parse_query_plan] [DEBUG] parse_query_plan.py[line:126] Index Scan using kind_type_pkey on kind_type kt  (cost=0.15..0.17 rows=1 width=4) (never executed)
2022-12-02 20:49:11 [P-13376] [MainThread] [parse_query_plan] [DEBUG] parse_query_plan.py[line:132] ['Index Scan', 'kind_type_pkey', 'kind_type kt']
2022-12-02 20:49:11 [P-13376] [MainThread] [parse_query_plan] [DEBUG] parse_query_plan.py[line:149] _do_IndexScan
2022-12-02 20:49:11 [P-13376] [MainThread] [parse_query_plan] [DEBUG] parse_query_plan.py[line:183] <re.Match object; span=(0, 46), match="(kind)::text = ANY ('{movie,episode}'::text[])">
2022-12-02 20:49:11 [P-13376] [MainThread] [parse_query_plan] [DEBUG] parse_query_plan.py[line:126] Index Scan using movie_keyword_idx_mid on movie_keyword mk  (cost=0.43..1.64 rows=63 width=8) (never executed)
2022-12-02 20:49:11 [P-13376] [MainThread] [parse_query_plan] [DEBUG] parse_query_plan.py[line:132] ['Index Scan', 'movie_keyword_idx_mid', 'movie_keyword mk']
2022-12-02 20:49:11 [P-13376] [MainThread] [parse_query_plan] [DEBUG] parse_query_plan.py[line:149] _do_IndexScan
2022-12-02 20:49:11 [P-13376] [MainThread] [parse_query_plan] [DEBUG] parse_query_plan.py[line:126] Index Scan using movie_companies_idx_mid on movie_companies mc  (cost=0.43..0.59 rows=1 width=12) (never executed)
2022-12-02 20:49:11 [P-13376] [MainThread] [parse_query_plan] [DEBUG] parse_query_plan.py[line:132] ['Index Scan', 'movie_companies_idx_mid', 'movie_companies mc']
2022-12-02 20:49:11 [P-13376] [MainThread] [parse_query_plan] [DEBUG] parse_query_plan.py[line:149] _do_IndexScan
2022-12-02 20:49:11 [P-13376] [MainThread] [parse_query_plan] [DEBUG] parse_query_plan.py[line:126] Index Scan using company_name_pkey on company_name cn  (cost=0.42..0.58 rows=1 width=23) (never executed)
2022-12-02 20:49:11 [P-13376] [MainThread] [parse_query_plan] [DEBUG] parse_query_plan.py[line:132] ['Index Scan', 'company_name_pkey', 'company_name cn']
2022-12-02 20:49:11 [P-13376] [MainThread] [parse_query_plan] [DEBUG] parse_query_plan.py[line:149] _do_IndexScan
2022-12-02 20:49:11 [P-13376] [MainThread] [parse_query_plan] [DEBUG] parse_query_plan.py[line:126] Index Only Scan using company_type_pkey on company_type ct  (cost=0.15..0.17 rows=1 width=4) (never executed)
2022-12-02 20:49:11 [P-13376] [MainThread] [parse_query_plan] [DEBUG] parse_query_plan.py[line:132] ['Index Only Scan', 'company_type_pkey', 'company_type ct']
2022-12-02 20:49:11 [P-13376] [MainThread] [parse_query_plan] [DEBUG] parse_query_plan.py[line:149] _do_IndexOnlyScan
2022-12-02 20:49:11 [P-13376] [MainThread] [parse_query_plan] [DEBUG] parse_query_plan.py[line:126] Index Scan using movie_info_idx_mid on movie_info mi  (cost=0.44..2.49 rows=2 width=8) (never executed)
2022-12-02 20:49:11 [P-13376] [MainThread] [parse_query_plan] [DEBUG] parse_query_plan.py[line:132] ['Index Scan', 'movie_info_idx_mid', 'movie_info mi']
2022-12-02 20:49:11 [P-13376] [MainThread] [parse_query_plan] [DEBUG] parse_query_plan.py[line:149] _do_IndexScan
2022-12-02 20:49:11 [P-13376] [MainThread] [parse_query_plan] [DEBUG] parse_query_plan.py[line:183] <re.Match object; span=(0, 99), match="info = ANY ('{Sweden,Norway,Germany,Denmark,Swedi>
2022-12-02 20:49:11 [P-13376] [MainThread] [parse_query_plan] [DEBUG] parse_query_plan.py[line:126] Index Scan using info_type_pkey on info_type it1  (cost=0.14..0.16 rows=1 width=4) (never executed)
2022-12-02 20:49:11 [P-13376] [MainThread] [parse_query_plan] [DEBUG] parse_query_plan.py[line:132] ['Index Scan', 'info_type_pkey', 'info_type it1']
2022-12-02 20:49:11 [P-13376] [MainThread] [parse_query_plan] [DEBUG] parse_query_plan.py[line:149] _do_IndexScan
2022-12-02 20:49:11 [P-13376] [MainThread] [parse_query_plan] [DEBUG] parse_query_plan.py[line:126] Index Scan using keyword_pkey on keyword k  (cost=0.42..0.44 rows=1 width=4) (never executed)
2022-12-02 20:49:11 [P-13376] [MainThread] [parse_query_plan] [DEBUG] parse_query_plan.py[line:132] ['Index Scan', 'keyword_pkey', 'keyword k']
2022-12-02 20:49:11 [P-13376] [MainThread] [parse_query_plan] [DEBUG] parse_query_plan.py[line:149] _do_IndexScan
2022-12-02 20:49:11 [P-13376] [MainThread] [parse_query_plan] [DEBUG] parse_query_plan.py[line:183] <re.Match object; span=(0, 65), match="keyword = ANY ('{murder,murder-in-title,blood,vio>
2022-12-02 20:49:11 [P-13376] [MainThread] [parse_query_plan] [DEBUG] parse_query_plan.py[line:126] Aggregate  (cost=30.33..30.34 rows=1 width=96) (actual time=0.022..0.023 rows=1 loops=1)
2022-12-02 20:49:11 [P-13376] [MainThread] [parse_query_plan] [DEBUG] parse_query_plan.py[line:132] ['Aggregate']
2022-12-02 20:49:11 [P-13376] [MainThread] [parse_query_plan] [DEBUG] parse_query_plan.py[line:149] _do_Aggregate
2022-12-02 20:49:11 [P-13376] [MainThread] [parse_query_plan] [DEBUG] parse_query_plan.py[line:126] Nested Loop  (cost=7.20..30.32 rows=1 width=67) (actual time=0.020..0.021 rows=0 loops=1)
2022-12-02 20:49:11 [P-13376] [MainThread] [parse_query_plan] [DEBUG] parse_query_plan.py[line:132] ['Nested Loop']
2022-12-02 20:49:11 [P-13376] [MainThread] [parse_query_plan] [DEBUG] parse_query_plan.py[line:149] _do_NestedLoop
2022-12-02 20:49:11 [P-13376] [MainThread] [parse_query_plan] [DEBUG] parse_query_plan.py[line:126] Nested Loop  (cost=6.78..29.87 rows=1 width=71) (actual time=0.020..0.021 rows=0 loops=1)
2022-12-02 20:49:11 [P-13376] [MainThread] [parse_query_plan] [DEBUG] parse_query_plan.py[line:132] ['Nested Loop']
2022-12-02 20:49:11 [P-13376] [MainThread] [parse_query_plan] [DEBUG] parse_query_plan.py[line:149] _do_NestedLoop
2022-12-02 20:49:11 [P-13376] [MainThread] [parse_query_plan] [DEBUG] parse_query_plan.py[line:126] Nested Loop  (cost=6.64..29.68 rows=1 width=75) (actual time=0.020..0.021 rows=0 loops=1)
2022-12-02 20:49:11 [P-13376] [MainThread] [parse_query_plan] [DEBUG] parse_query_plan.py[line:132] ['Nested Loop']
2022-12-02 20:49:11 [P-13376] [MainThread] [parse_query_plan] [DEBUG] parse_query_plan.py[line:149] _do_NestedLoop
2022-12-02 20:49:11 [P-13376] [MainThread] [parse_query_plan] [DEBUG] parse_query_plan.py[line:126] Nested Loop  (cost=6.49..29.52 rows=1 width=79) (actual time=0.020..0.021 rows=0 loops=1)
2022-12-02 20:49:11 [P-13376] [MainThread] [parse_query_plan] [DEBUG] parse_query_plan.py[line:132] ['Nested Loop']
2022-12-02 20:49:11 [P-13376] [MainThread] [parse_query_plan] [DEBUG] parse_query_plan.py[line:149] _do_NestedLoop
2022-12-02 20:49:11 [P-13376] [MainThread] [parse_query_plan] [DEBUG] parse_query_plan.py[line:126] Nested Loop  (cost=6.06..29.07 rows=1 width=64) (actual time=0.020..0.021 rows=0 loops=1)
2022-12-02 20:49:11 [P-13376] [MainThread] [parse_query_plan] [DEBUG] parse_query_plan.py[line:132] ['Nested Loop']
2022-12-02 20:49:11 [P-13376] [MainThread] [parse_query_plan] [DEBUG] parse_query_plan.py[line:149] _do_NestedLoop
2022-12-02 20:49:11 [P-13376] [MainThread] [parse_query_plan] [DEBUG] parse_query_plan.py[line:126] Nested Loop  (cost=5.63..28.43 rows=1 width=72) (actual time=0.020..0.021 rows=0 loops=1)
2022-12-02 20:49:11 [P-13376] [MainThread] [parse_query_plan] [DEBUG] parse_query_plan.py[line:132] ['Nested Loop']
2022-12-02 20:49:11 [P-13376] [MainThread] [parse_query_plan] [DEBUG] parse_query_plan.py[line:149] _do_NestedLoop
2022-12-02 20:49:11 [P-13376] [MainThread] [parse_query_plan] [DEBUG] parse_query_plan.py[line:126] Nested Loop  (cost=5.19..25.92 rows=1 width=64) (actual time=0.020..0.021 rows=0 loops=1)
2022-12-02 20:49:11 [P-13376] [MainThread] [parse_query_plan] [DEBUG] parse_query_plan.py[line:132] ['Nested Loop']
2022-12-02 20:49:11 [P-13376] [MainThread] [parse_query_plan] [DEBUG] parse_query_plan.py[line:149] _do_NestedLoop
2022-12-02 20:49:11 [P-13376] [MainThread] [parse_query_plan] [DEBUG] parse_query_plan.py[line:126] Nested Loop  (cost=4.76..23.65 rows=1 width=56) (actual time=0.020..0.020 rows=0 loops=1)
2022-12-02 20:49:11 [P-13376] [MainThread] [parse_query_plan] [DEBUG] parse_query_plan.py[line:132] ['Nested Loop']
2022-12-02 20:49:11 [P-13376] [MainThread] [parse_query_plan] [DEBUG] parse_query_plan.py[line:149] _do_NestedLoop
2022-12-02 20:49:11 [P-13376] [MainThread] [parse_query_plan] [DEBUG] parse_query_plan.py[line:126] Nested Loop  (cost=4.61..23.48 rows=1 width=60) (actual time=0.020..0.020 rows=0 loops=1)
2022-12-02 20:49:11 [P-13376] [MainThread] [parse_query_plan] [DEBUG] parse_query_plan.py[line:132] ['Nested Loop']
2022-12-02 20:49:11 [P-13376] [MainThread] [parse_query_plan] [DEBUG] parse_query_plan.py[line:149] _do_NestedLoop
2022-12-02 20:49:11 [P-13376] [MainThread] [parse_query_plan] [DEBUG] parse_query_plan.py[line:126] Nested Loop  (cost=4.18..15.07 rows=1 width=36) (actual time=0.020..0.020 rows=0 loops=1)
2022-12-02 20:49:11 [P-13376] [MainThread] [parse_query_plan] [DEBUG] parse_query_plan.py[line:132] ['Nested Loop']
2022-12-02 20:49:11 [P-13376] [MainThread] [parse_query_plan] [DEBUG] parse_query_plan.py[line:149] _do_NestedLoop
2022-12-02 20:49:11 [P-13376] [MainThread] [parse_query_plan] [DEBUG] parse_query_plan.py[line:126] Seq Scan on info_type it2  (cost=0.00..2.41 rows=1 width=4) (actual time=0.011..0.012 rows=1 loops=1)
2022-12-02 20:49:11 [P-13376] [MainThread] [parse_query_plan] [DEBUG] parse_query_plan.py[line:132] ['Seq Scan', 'info_type it2']
2022-12-02 20:49:11 [P-13376] [MainThread] [parse_query_plan] [DEBUG] parse_query_plan.py[line:149] _do_SeqScan
2022-12-02 20:49:11 [P-13376] [MainThread] [parse_query_plan] [DEBUG] parse_query_plan.py[line:126] Bitmap Heap Scan on movie_info_idx mi_idx  (cost=4.18..12.65 rows=1 width=40) (actual time=0.006..0.006 rows=0 loops=1)
2022-12-02 20:49:11 [P-13376] [MainThread] [parse_query_plan] [DEBUG] parse_query_plan.py[line:132] ['Bitmap Heap Scan', 'movie_info_idx mi_idx']
2022-12-02 20:49:11 [P-13376] [MainThread] [parse_query_plan] [DEBUG] parse_query_plan.py[line:149] _do_BitMapHeapScan
2022-12-02 20:49:11 [P-13376] [MainThread] [parse_query_plan] [DEBUG] parse_query_plan.py[line:126] Bitmap Index Scan on info_type_id_movie_info_idx  (cost=0.00..4.18 rows=4 width=0) (actual time=0.003..0.003 rows=0 loops=1)
2022-12-02 20:49:11 [P-13376] [MainThread] [parse_query_plan] [DEBUG] parse_query_plan.py[line:132] ['Bitmap Index Scan', 'info_type_id_movie_info_idx']
2022-12-02 20:49:11 [P-13376] [MainThread] [parse_query_plan] [DEBUG] parse_query_plan.py[line:149] _do_BitMapIndexScan
2022-12-02 20:49:11 [P-13376] [MainThread] [parse_query_plan] [DEBUG] parse_query_plan.py[line:126] Index Scan using title_pkey on title t  (cost=0.43..8.40 rows=1 width=24) (never executed)
2022-12-02 20:49:11 [P-13376] [MainThread] [parse_query_plan] [DEBUG] parse_query_plan.py[line:132] ['Index Scan', 'title_pkey', 'title t']
2022-12-02 20:49:11 [P-13376] [MainThread] [parse_query_plan] [DEBUG] parse_query_plan.py[line:149] _do_IndexScan
2022-12-02 20:49:11 [P-13376] [MainThread] [parse_query_plan] [DEBUG] parse_query_plan.py[line:126] Index Scan using kind_type_pkey on kind_type kt  (cost=0.15..0.17 rows=1 width=4) (never executed)
2022-12-02 20:49:11 [P-13376] [MainThread] [parse_query_plan] [DEBUG] parse_query_plan.py[line:132] ['Index Scan', 'kind_type_pkey', 'kind_type kt']
2022-12-02 20:49:11 [P-13376] [MainThread] [parse_query_plan] [DEBUG] parse_query_plan.py[line:149] _do_IndexScan
2022-12-02 20:49:11 [P-13376] [MainThread] [parse_query_plan] [DEBUG] parse_query_plan.py[line:183] <re.Match object; span=(0, 46), match="(kind)::text = ANY ('{movie,episode}'::text[])">
2022-12-02 20:49:11 [P-13376] [MainThread] [parse_query_plan] [DEBUG] parse_query_plan.py[line:126] Index Scan using movie_keyword_idx_mid on movie_keyword mk  (cost=0.43..1.64 rows=63 width=8) (never executed)
2022-12-02 20:49:11 [P-13376] [MainThread] [parse_query_plan] [DEBUG] parse_query_plan.py[line:132] ['Index Scan', 'movie_keyword_idx_mid', 'movie_keyword mk']
2022-12-02 20:49:11 [P-13376] [MainThread] [parse_query_plan] [DEBUG] parse_query_plan.py[line:149] _do_IndexScan
2022-12-02 20:49:11 [P-13376] [MainThread] [parse_query_plan] [DEBUG] parse_query_plan.py[line:126] Index Scan using movie_info_idx_mid on movie_info mi  (cost=0.44..2.49 rows=2 width=8) (never executed)
2022-12-02 20:49:11 [P-13376] [MainThread] [parse_query_plan] [DEBUG] parse_query_plan.py[line:132] ['Index Scan', 'movie_info_idx_mid', 'movie_info mi']
2022-12-02 20:49:11 [P-13376] [MainThread] [parse_query_plan] [DEBUG] parse_query_plan.py[line:149] _do_IndexScan
2022-12-02 20:49:11 [P-13376] [MainThread] [parse_query_plan] [DEBUG] parse_query_plan.py[line:183] <re.Match object; span=(0, 99), match="info = ANY ('{Sweden,Norway,Germany,Denmark,Swedi>
2022-12-02 20:49:11 [P-13376] [MainThread] [parse_query_plan] [DEBUG] parse_query_plan.py[line:126] Index Scan using movie_companies_idx_mid on movie_companies mc  (cost=0.43..0.56 rows=6 width=12) (never executed)
2022-12-02 20:49:11 [P-13376] [MainThread] [parse_query_plan] [DEBUG] parse_query_plan.py[line:132] ['Index Scan', 'movie_companies_idx_mid', 'movie_companies mc']
2022-12-02 20:49:11 [P-13376] [MainThread] [parse_query_plan] [DEBUG] parse_query_plan.py[line:149] _do_IndexScan
2022-12-02 20:49:11 [P-13376] [MainThread] [parse_query_plan] [DEBUG] parse_query_plan.py[line:126] Index Scan using company_name_pkey on company_name cn  (cost=0.42..0.45 rows=1 width=23) (never executed)
2022-12-02 20:49:11 [P-13376] [MainThread] [parse_query_plan] [DEBUG] parse_query_plan.py[line:132] ['Index Scan', 'company_name_pkey', 'company_name cn']
2022-12-02 20:49:11 [P-13376] [MainThread] [parse_query_plan] [DEBUG] parse_query_plan.py[line:149] _do_IndexScan
2022-12-02 20:49:11 [P-13376] [MainThread] [parse_query_plan] [DEBUG] parse_query_plan.py[line:126] Index Only Scan using company_type_pkey on company_type ct  (cost=0.15..0.17 rows=1 width=4) (never executed)
2022-12-02 20:49:11 [P-13376] [MainThread] [parse_query_plan] [DEBUG] parse_query_plan.py[line:132] ['Index Only Scan', 'company_type_pkey', 'company_type ct']
2022-12-02 20:49:11 [P-13376] [MainThread] [parse_query_plan] [DEBUG] parse_query_plan.py[line:149] _do_IndexOnlyScan
2022-12-02 20:49:11 [P-13376] [MainThread] [parse_query_plan] [DEBUG] parse_query_plan.py[line:126] Index Scan using info_type_pkey on info_type it1  (cost=0.14..0.16 rows=1 width=4) (never executed)
2022-12-02 20:49:11 [P-13376] [MainThread] [parse_query_plan] [DEBUG] parse_query_plan.py[line:132] ['Index Scan', 'info_type_pkey', 'info_type it1']
2022-12-02 20:49:11 [P-13376] [MainThread] [parse_query_plan] [DEBUG] parse_query_plan.py[line:149] _do_IndexScan
2022-12-02 20:49:11 [P-13376] [MainThread] [parse_query_plan] [DEBUG] parse_query_plan.py[line:126] Index Scan using keyword_pkey on keyword k  (cost=0.42..0.44 rows=1 width=4) (never executed)
2022-12-02 20:49:11 [P-13376] [MainThread] [parse_query_plan] [DEBUG] parse_query_plan.py[line:132] ['Index Scan', 'keyword_pkey', 'keyword k']
2022-12-02 20:49:11 [P-13376] [MainThread] [parse_query_plan] [DEBUG] parse_query_plan.py[line:149] _do_IndexScan
2022-12-02 20:49:11 [P-13376] [MainThread] [parse_query_plan] [DEBUG] parse_query_plan.py[line:183] <re.Match object; span=(0, 65), match="keyword = ANY ('{murder,murder-in-title,blood,vio>
2022-12-02 20:49:11 [P-13376] [MainThread] [parse_query_plan] [DEBUG] parse_query_plan.py[line:126] Aggregate  (cost=4104.81..4104.82 rows=1 width=64) (actual time=180.403..180.408 rows=1 loops=1)
2022-12-02 20:49:11 [P-13376] [MainThread] [parse_query_plan] [DEBUG] parse_query_plan.py[line:132] ['Aggregate']
2022-12-02 20:49:11 [P-13376] [MainThread] [parse_query_plan] [DEBUG] parse_query_plan.py[line:149] _do_Aggregate
2022-12-02 20:49:11 [P-13376] [MainThread] [parse_query_plan] [DEBUG] parse_query_plan.py[line:126] Nested Loop  (cost=15.72..4104.80 rows=1 width=64) (actual time=180.400..180.405 rows=0 loops=1)
2022-12-02 20:49:11 [P-13376] [MainThread] [parse_query_plan] [DEBUG] parse_query_plan.py[line:132] ['Nested Loop']
2022-12-02 20:49:11 [P-13376] [MainThread] [parse_query_plan] [DEBUG] parse_query_plan.py[line:149] _do_NestedLoop
2022-12-02 20:49:11 [P-13376] [MainThread] [parse_query_plan] [DEBUG] parse_query_plan.py[line:126] Nested Loop  (cost=15.30..4104.36 rows=1 width=68) (actual time=180.400..180.404 rows=0 loops=1)
2022-12-02 20:49:11 [P-13376] [MainThread] [parse_query_plan] [DEBUG] parse_query_plan.py[line:132] ['Nested Loop']
2022-12-02 20:49:11 [P-13376] [MainThread] [parse_query_plan] [DEBUG] parse_query_plan.py[line:149] _do_NestedLoop
2022-12-02 20:49:11 [P-13376] [MainThread] [parse_query_plan] [DEBUG] parse_query_plan.py[line:126] Nested Loop  (cost=15.16..4104.17 rows=1 width=72) (actual time=180.399..180.403 rows=0 loops=1)
2022-12-02 20:49:11 [P-13376] [MainThread] [parse_query_plan] [DEBUG] parse_query_plan.py[line:132] ['Nested Loop']
2022-12-02 20:49:11 [P-13376] [MainThread] [parse_query_plan] [DEBUG] parse_query_plan.py[line:149] _do_NestedLoop
2022-12-02 20:49:11 [P-13376] [MainThread] [parse_query_plan] [DEBUG] parse_query_plan.py[line:126] Nested Loop  (cost=15.01..4104.00 rows=1 width=76) (actual time=180.399..180.403 rows=0 loops=1)
2022-12-02 20:49:11 [P-13376] [MainThread] [parse_query_plan] [DEBUG] parse_query_plan.py[line:132] ['Nested Loop']
2022-12-02 20:49:11 [P-13376] [MainThread] [parse_query_plan] [DEBUG] parse_query_plan.py[line:149] _do_NestedLoop
2022-12-02 20:49:11 [P-13376] [MainThread] [parse_query_plan] [DEBUG] parse_query_plan.py[line:126] Nested Loop  (cost=14.58..4103.55 rows=1 width=80) (actual time=180.399..180.403 rows=0 loops=1)
2022-12-02 20:49:11 [P-13376] [MainThread] [parse_query_plan] [DEBUG] parse_query_plan.py[line:132] ['Nested Loop']
2022-12-02 20:49:11 [P-13376] [MainThread] [parse_query_plan] [DEBUG] parse_query_plan.py[line:149] _do_NestedLoop
2022-12-02 20:49:11 [P-13376] [MainThread] [parse_query_plan] [DEBUG] parse_query_plan.py[line:126] Nested Loop  (cost=14.15..4102.92 rows=1 width=88) (actual time=180.399..180.402 rows=0 loops=1)
2022-12-02 20:49:11 [P-13376] [MainThread] [parse_query_plan] [DEBUG] parse_query_plan.py[line:132] ['Nested Loop']
2022-12-02 20:49:11 [P-13376] [MainThread] [parse_query_plan] [DEBUG] parse_query_plan.py[line:149] _do_NestedLoop
2022-12-02 20:49:11 [P-13376] [MainThread] [parse_query_plan] [DEBUG] parse_query_plan.py[line:126] Nested Loop  (cost=13.72..4100.66 rows=1 width=80) (actual time=180.399..180.401 rows=0 loops=1)
2022-12-02 20:49:11 [P-13376] [MainThread] [parse_query_plan] [DEBUG] parse_query_plan.py[line:132] ['Nested Loop']
2022-12-02 20:49:11 [P-13376] [MainThread] [parse_query_plan] [DEBUG] parse_query_plan.py[line:149] _do_NestedLoop
2022-12-02 20:49:11 [P-13376] [MainThread] [parse_query_plan] [DEBUG] parse_query_plan.py[line:126] Nested Loop  (cost=13.28..4095.38 rows=2 width=72) (actual time=0.093..40.328 rows=73 loops=1)
2022-12-02 20:49:11 [P-13376] [MainThread] [parse_query_plan] [DEBUG] parse_query_plan.py[line:132] ['Nested Loop']
2022-12-02 20:49:11 [P-13376] [MainThread] [parse_query_plan] [DEBUG] parse_query_plan.py[line:149] _do_NestedLoop
2022-12-02 20:49:11 [P-13376] [MainThread] [parse_query_plan] [DEBUG] parse_query_plan.py[line:126] Nested Loop  (cost=13.12..4082.13 rows=503 width=28) (actual time=0.080..40.048 rows=1020 loops=1)
2022-12-02 20:49:11 [P-13376] [MainThread] [parse_query_plan] [DEBUG] parse_query_plan.py[line:132] ['Nested Loop']
2022-12-02 20:49:11 [P-13376] [MainThread] [parse_query_plan] [DEBUG] parse_query_plan.py[line:149] _do_NestedLoop
2022-12-02 20:49:11 [P-13376] [MainThread] [parse_query_plan] [DEBUG] parse_query_plan.py[line:126] Hash Join  (cost=12.69..2451.27 rows=761 width=4) (actual time=0.046..14.521 rows=24592 loops=1)
2022-12-02 20:49:11 [P-13376] [MainThread] [parse_query_plan] [DEBUG] parse_query_plan.py[line:132] ['Hash Join']
2022-12-02 20:49:11 [P-13376] [MainThread] [parse_query_plan] [DEBUG] parse_query_plan.py[line:149] _do_HashJoin
2022-12-02 20:49:11 [P-13376] [MainThread] [parse_query_plan] [DEBUG] parse_query_plan.py[line:126] Seq Scan on complete_cast cc  (cost=0.00..2081.86 rows=135086 width=8) (actual time=0.013..6.483 rows=135086 loops=1)
2022-12-02 20:49:11 [P-13376] [MainThread] [parse_query_plan] [DEBUG] parse_query_plan.py[line:132] ['Seq Scan', 'complete_cast cc']
2022-12-02 20:49:11 [P-13376] [MainThread] [parse_query_plan] [DEBUG] parse_query_plan.py[line:149] _do_SeqScan
2022-12-02 20:49:11 [P-13376] [MainThread] [parse_query_plan] [DEBUG] parse_query_plan.py[line:126] Hash  (cost=12.64..12.64 rows=4 width=4) (actual time=0.023..0.024 rows=1 loops=1)
2022-12-02 20:49:11 [P-13376] [MainThread] [parse_query_plan] [DEBUG] parse_query_plan.py[line:132] ['Hash']
2022-12-02 20:49:11 [P-13376] [MainThread] [parse_query_plan] [DEBUG] parse_query_plan.py[line:149] _do_Hash
2022-12-02 20:49:11 [P-13376] [MainThread] [parse_query_plan] [DEBUG] parse_query_plan.py[line:126] Bitmap Heap Scan on comp_cast_type cct1  (cost=4.18..12.64 rows=4 width=4) (actual time=0.018..0.019 rows=1 loops=1)
2022-12-02 20:49:11 [P-13376] [MainThread] [parse_query_plan] [DEBUG] parse_query_plan.py[line:132] ['Bitmap Heap Scan', 'comp_cast_type cct1']
2022-12-02 20:49:11 [P-13376] [MainThread] [parse_query_plan] [DEBUG] parse_query_plan.py[line:149] _do_BitMapHeapScan
2022-12-02 20:49:11 [P-13376] [MainThread] [parse_query_plan] [DEBUG] parse_query_plan.py[line:126] Bitmap Index Scan on comp_cast_type_kind  (cost=0.00..4.18 rows=4 width=0) (actual time=0.011..0.011 rows=1 loops=1)
2022-12-02 20:49:11 [P-13376] [MainThread] [parse_query_plan] [DEBUG] parse_query_plan.py[line:132] ['Bitmap Index Scan', 'comp_cast_type_kind']
2022-12-02 20:49:11 [P-13376] [MainThread] [parse_query_plan] [DEBUG] parse_query_plan.py[line:149] _do_BitMapIndexScan
2022-12-02 20:49:11 [P-13376] [MainThread] [parse_query_plan] [DEBUG] parse_query_plan.py[line:126] Index Scan using title_pkey on title t  (cost=0.43..2.14 rows=1 width=24) (actual time=0.001..0.001 rows=0 loops=24592)
2022-12-02 20:49:11 [P-13376] [MainThread] [parse_query_plan] [DEBUG] parse_query_plan.py[line:132] ['Index Scan', 'title_pkey', 'title t']
2022-12-02 20:49:11 [P-13376] [MainThread] [parse_query_plan] [DEBUG] parse_query_plan.py[line:149] _do_IndexScan
2022-12-02 20:49:11 [P-13376] [MainThread] [parse_query_plan] [DEBUG] parse_query_plan.py[line:126] Memoize  (cost=0.16..0.18 rows=1 width=52) (actual time=0.000..0.000 rows=0 loops=1020)
2022-12-02 20:49:11 [P-13376] [MainThread] [parse_query_plan] [DEBUG] parse_query_plan.py[line:132] ['Memoize']
2022-12-02 20:49:11 [P-13376] [MainThread] [parse_query_plan] [DEBUG] parse_query_plan.py[line:149] _do_Memorize
2022-12-02 20:49:11 [P-13376] [MainThread] [parse_query_plan] [DEBUG] parse_query_plan.py[line:126] Index Scan using kind_type_pkey on kind_type kt  (cost=0.15..0.17 rows=1 width=52) (actual time=0.005..0.005 rows=0 loops=5)
2022-12-02 20:49:11 [P-13376] [MainThread] [parse_query_plan] [DEBUG] parse_query_plan.py[line:132] ['Index Scan', 'kind_type_pkey', 'kind_type kt']
2022-12-02 20:49:11 [P-13376] [MainThread] [parse_query_plan] [DEBUG] parse_query_plan.py[line:149] _do_IndexScan
2022-12-02 20:49:11 [P-13376] [MainThread] [parse_query_plan] [DEBUG] parse_query_plan.py[line:126] Index Scan using movie_info_idx_mid on movie_info mi  (cost=0.44..2.63 rows=1 width=8) (actual time=1.918..1.918 rows=0 loops=73)
2022-12-02 20:49:11 [P-13376] [MainThread] [parse_query_plan] [DEBUG] parse_query_plan.py[line:132] ['Index Scan', 'movie_info_idx_mid', 'movie_info mi']
2022-12-02 20:49:11 [P-13376] [MainThread] [parse_query_plan] [DEBUG] parse_query_plan.py[line:149] _do_IndexScan
2022-12-02 20:49:11 [P-13376] [MainThread] [parse_query_plan] [DEBUG] parse_query_plan.py[line:126] Index Scan using movie_keyword_idx_mid on movie_keyword mk  (cost=0.43..1.62 rows=63 width=8) (never executed)
2022-12-02 20:49:11 [P-13376] [MainThread] [parse_query_plan] [DEBUG] parse_query_plan.py[line:132] ['Index Scan', 'movie_keyword_idx_mid', 'movie_keyword mk']
2022-12-02 20:49:11 [P-13376] [MainThread] [parse_query_plan] [DEBUG] parse_query_plan.py[line:149] _do_IndexScan
2022-12-02 20:49:11 [P-13376] [MainThread] [parse_query_plan] [DEBUG] parse_query_plan.py[line:126] Index Scan using movie_companies_idx_mid on movie_companies mc  (cost=0.43..0.56 rows=6 width=12) (never executed)
2022-12-02 20:49:11 [P-13376] [MainThread] [parse_query_plan] [DEBUG] parse_query_plan.py[line:132] ['Index Scan', 'movie_companies_idx_mid', 'movie_companies mc']
2022-12-02 20:49:11 [P-13376] [MainThread] [parse_query_plan] [DEBUG] parse_query_plan.py[line:149] _do_IndexScan
2022-12-02 20:49:11 [P-13376] [MainThread] [parse_query_plan] [DEBUG] parse_query_plan.py[line:126] Index Scan using company_name_pkey on company_name cn  (cost=0.42..0.45 rows=1 width=4) (never executed)
2022-12-02 20:49:11 [P-13376] [MainThread] [parse_query_plan] [DEBUG] parse_query_plan.py[line:132] ['Index Scan', 'company_name_pkey', 'company_name cn']
2022-12-02 20:49:11 [P-13376] [MainThread] [parse_query_plan] [DEBUG] parse_query_plan.py[line:149] _do_IndexScan
2022-12-02 20:49:11 [P-13376] [MainThread] [parse_query_plan] [DEBUG] parse_query_plan.py[line:126] Index Only Scan using company_type_pkey on company_type ct  (cost=0.15..0.17 rows=1 width=4) (never executed)
2022-12-02 20:49:11 [P-13376] [MainThread] [parse_query_plan] [DEBUG] parse_query_plan.py[line:132] ['Index Only Scan', 'company_type_pkey', 'company_type ct']
2022-12-02 20:49:11 [P-13376] [MainThread] [parse_query_plan] [DEBUG] parse_query_plan.py[line:149] _do_IndexOnlyScan
2022-12-02 20:49:11 [P-13376] [MainThread] [parse_query_plan] [DEBUG] parse_query_plan.py[line:126] Index Scan using info_type_pkey on info_type it1  (cost=0.14..0.17 rows=1 width=4) (never executed)
2022-12-02 20:49:11 [P-13376] [MainThread] [parse_query_plan] [DEBUG] parse_query_plan.py[line:132] ['Index Scan', 'info_type_pkey', 'info_type it1']
2022-12-02 20:49:11 [P-13376] [MainThread] [parse_query_plan] [DEBUG] parse_query_plan.py[line:149] _do_IndexScan
2022-12-02 20:49:11 [P-13376] [MainThread] [parse_query_plan] [DEBUG] parse_query_plan.py[line:126] Index Only Scan using keyword_pkey on keyword k  (cost=0.42..0.44 rows=1 width=4) (never executed)
2022-12-02 20:49:11 [P-13376] [MainThread] [parse_query_plan] [DEBUG] parse_query_plan.py[line:132] ['Index Only Scan', 'keyword_pkey', 'keyword k']
2022-12-02 20:49:11 [P-13376] [MainThread] [parse_query_plan] [DEBUG] parse_query_plan.py[line:149] _do_IndexOnlyScan
2022-12-02 20:49:11 [P-13376] [MainThread] [parse_query_plan] [DEBUG] parse_query_plan.py[line:126] Aggregate  (cost=4104.52..4104.53 rows=1 width=64) (actual time=32.975..32.980 rows=1 loops=1)
2022-12-02 20:49:11 [P-13376] [MainThread] [parse_query_plan] [DEBUG] parse_query_plan.py[line:132] ['Aggregate']
2022-12-02 20:49:11 [P-13376] [MainThread] [parse_query_plan] [DEBUG] parse_query_plan.py[line:149] _do_Aggregate
2022-12-02 20:49:11 [P-13376] [MainThread] [parse_query_plan] [DEBUG] parse_query_plan.py[line:126] Nested Loop  (cost=15.72..4104.51 rows=1 width=64) (actual time=32.973..32.977 rows=0 loops=1)
2022-12-02 20:49:11 [P-13376] [MainThread] [parse_query_plan] [DEBUG] parse_query_plan.py[line:132] ['Nested Loop']
2022-12-02 20:49:11 [P-13376] [MainThread] [parse_query_plan] [DEBUG] parse_query_plan.py[line:149] _do_NestedLoop
2022-12-02 20:49:11 [P-13376] [MainThread] [parse_query_plan] [DEBUG] parse_query_plan.py[line:126] Nested Loop  (cost=15.30..4104.06 rows=1 width=68) (actual time=32.973..32.976 rows=0 loops=1)
2022-12-02 20:49:11 [P-13376] [MainThread] [parse_query_plan] [DEBUG] parse_query_plan.py[line:132] ['Nested Loop']
2022-12-02 20:49:11 [P-13376] [MainThread] [parse_query_plan] [DEBUG] parse_query_plan.py[line:149] _do_NestedLoop
2022-12-02 20:49:11 [P-13376] [MainThread] [parse_query_plan] [DEBUG] parse_query_plan.py[line:126] Nested Loop  (cost=15.16..4103.86 rows=1 width=72) (actual time=32.972..32.976 rows=0 loops=1)
2022-12-02 20:49:11 [P-13376] [MainThread] [parse_query_plan] [DEBUG] parse_query_plan.py[line:132] ['Nested Loop']
2022-12-02 20:49:11 [P-13376] [MainThread] [parse_query_plan] [DEBUG] parse_query_plan.py[line:149] _do_NestedLoop
2022-12-02 20:49:11 [P-13376] [MainThread] [parse_query_plan] [DEBUG] parse_query_plan.py[line:126] Nested Loop  (cost=15.01..4103.69 rows=1 width=76) (actual time=32.972..32.975 rows=0 loops=1)
2022-12-02 20:49:11 [P-13376] [MainThread] [parse_query_plan] [DEBUG] parse_query_plan.py[line:132] ['Nested Loop']
2022-12-02 20:49:11 [P-13376] [MainThread] [parse_query_plan] [DEBUG] parse_query_plan.py[line:149] _do_NestedLoop
2022-12-02 20:49:11 [P-13376] [MainThread] [parse_query_plan] [DEBUG] parse_query_plan.py[line:126] Nested Loop  (cost=14.58..4103.24 rows=1 width=80) (actual time=32.972..32.975 rows=0 loops=1)
2022-12-02 20:49:11 [P-13376] [MainThread] [parse_query_plan] [DEBUG] parse_query_plan.py[line:132] ['Nested Loop']
2022-12-02 20:49:11 [P-13376] [MainThread] [parse_query_plan] [DEBUG] parse_query_plan.py[line:149] _do_NestedLoop
2022-12-02 20:49:11 [P-13376] [MainThread] [parse_query_plan] [DEBUG] parse_query_plan.py[line:126] Nested Loop  (cost=14.15..4102.61 rows=1 width=88) (actual time=32.972..32.974 rows=0 loops=1)
2022-12-02 20:49:11 [P-13376] [MainThread] [parse_query_plan] [DEBUG] parse_query_plan.py[line:132] ['Nested Loop']
2022-12-02 20:49:11 [P-13376] [MainThread] [parse_query_plan] [DEBUG] parse_query_plan.py[line:149] _do_NestedLoop
2022-12-02 20:49:11 [P-13376] [MainThread] [parse_query_plan] [DEBUG] parse_query_plan.py[line:126] Nested Loop  (cost=13.72..4100.35 rows=1 width=80) (actual time=32.971..32.974 rows=0 loops=1)
2022-12-02 20:49:11 [P-13376] [MainThread] [parse_query_plan] [DEBUG] parse_query_plan.py[line:132] ['Nested Loop']
2022-12-02 20:49:11 [P-13376] [MainThread] [parse_query_plan] [DEBUG] parse_query_plan.py[line:149] _do_NestedLoop
2022-12-02 20:49:11 [P-13376] [MainThread] [parse_query_plan] [DEBUG] parse_query_plan.py[line:126] Nested Loop  (cost=13.28..4095.38 rows=2 width=72) (actual time=0.055..30.363 rows=73 loops=1)
2022-12-02 20:49:11 [P-13376] [MainThread] [parse_query_plan] [DEBUG] parse_query_plan.py[line:132] ['Nested Loop']
2022-12-02 20:49:11 [P-13376] [MainThread] [parse_query_plan] [DEBUG] parse_query_plan.py[line:149] _do_NestedLoop
2022-12-02 20:49:11 [P-13376] [MainThread] [parse_query_plan] [DEBUG] parse_query_plan.py[line:126] Nested Loop  (cost=13.12..4082.13 rows=503 width=28) (actual time=0.048..30.201 rows=1020 loops=1)
2022-12-02 20:49:11 [P-13376] [MainThread] [parse_query_plan] [DEBUG] parse_query_plan.py[line:132] ['Nested Loop']
2022-12-02 20:49:11 [P-13376] [MainThread] [parse_query_plan] [DEBUG] parse_query_plan.py[line:149] _do_NestedLoop
2022-12-02 20:49:11 [P-13376] [MainThread] [parse_query_plan] [DEBUG] parse_query_plan.py[line:126] Hash Join  (cost=12.69..2451.27 rows=761 width=4) (actual time=0.030..12.234 rows=24592 loops=1)
2022-12-02 20:49:11 [P-13376] [MainThread] [parse_query_plan] [DEBUG] parse_query_plan.py[line:132] ['Hash Join']
2022-12-02 20:49:11 [P-13376] [MainThread] [parse_query_plan] [DEBUG] parse_query_plan.py[line:149] _do_HashJoin
2022-12-02 20:49:11 [P-13376] [MainThread] [parse_query_plan] [DEBUG] parse_query_plan.py[line:126] Seq Scan on complete_cast cc  (cost=0.00..2081.86 rows=135086 width=8) (actual time=0.007..4.446 rows=135086 loops=1)
2022-12-02 20:49:11 [P-13376] [MainThread] [parse_query_plan] [DEBUG] parse_query_plan.py[line:132] ['Seq Scan', 'complete_cast cc']
2022-12-02 20:49:11 [P-13376] [MainThread] [parse_query_plan] [DEBUG] parse_query_plan.py[line:149] _do_SeqScan
2022-12-02 20:49:11 [P-13376] [MainThread] [parse_query_plan] [DEBUG] parse_query_plan.py[line:126] Hash  (cost=12.64..12.64 rows=4 width=4) (actual time=0.014..0.015 rows=1 loops=1)
2022-12-02 20:49:11 [P-13376] [MainThread] [parse_query_plan] [DEBUG] parse_query_plan.py[line:132] ['Hash']
2022-12-02 20:49:11 [P-13376] [MainThread] [parse_query_plan] [DEBUG] parse_query_plan.py[line:149] _do_Hash
2022-12-02 20:49:11 [P-13376] [MainThread] [parse_query_plan] [DEBUG] parse_query_plan.py[line:126] Bitmap Heap Scan on comp_cast_type cct1  (cost=4.18..12.64 rows=4 width=4) (actual time=0.010..0.011 rows=1 loops=1)
2022-12-02 20:49:11 [P-13376] [MainThread] [parse_query_plan] [DEBUG] parse_query_plan.py[line:132] ['Bitmap Heap Scan', 'comp_cast_type cct1']
2022-12-02 20:49:11 [P-13376] [MainThread] [parse_query_plan] [DEBUG] parse_query_plan.py[line:149] _do_BitMapHeapScan
2022-12-02 20:49:11 [P-13376] [MainThread] [parse_query_plan] [DEBUG] parse_query_plan.py[line:126] Bitmap Index Scan on comp_cast_type_kind  (cost=0.00..4.18 rows=4 width=0) (actual time=0.007..0.007 rows=1 loops=1)
2022-12-02 20:49:11 [P-13376] [MainThread] [parse_query_plan] [DEBUG] parse_query_plan.py[line:132] ['Bitmap Index Scan', 'comp_cast_type_kind']
2022-12-02 20:49:11 [P-13376] [MainThread] [parse_query_plan] [DEBUG] parse_query_plan.py[line:149] _do_BitMapIndexScan
2022-12-02 20:49:11 [P-13376] [MainThread] [parse_query_plan] [DEBUG] parse_query_plan.py[line:126] Index Scan using title_pkey on title t  (cost=0.43..2.14 rows=1 width=24) (actual time=0.001..0.001 rows=0 loops=24592)
2022-12-02 20:49:11 [P-13376] [MainThread] [parse_query_plan] [DEBUG] parse_query_plan.py[line:132] ['Index Scan', 'title_pkey', 'title t']
2022-12-02 20:49:11 [P-13376] [MainThread] [parse_query_plan] [DEBUG] parse_query_plan.py[line:149] _do_IndexScan
2022-12-02 20:49:11 [P-13376] [MainThread] [parse_query_plan] [DEBUG] parse_query_plan.py[line:126] Memoize  (cost=0.16..0.18 rows=1 width=52) (actual time=0.000..0.000 rows=0 loops=1020)
2022-12-02 20:49:11 [P-13376] [MainThread] [parse_query_plan] [DEBUG] parse_query_plan.py[line:132] ['Memoize']
2022-12-02 20:49:11 [P-13376] [MainThread] [parse_query_plan] [DEBUG] parse_query_plan.py[line:149] _do_Memorize
2022-12-02 20:49:11 [P-13376] [MainThread] [parse_query_plan] [DEBUG] parse_query_plan.py[line:126] Index Scan using kind_type_pkey on kind_type kt  (cost=0.15..0.17 rows=1 width=52) (actual time=0.002..0.002 rows=0 loops=5)
2022-12-02 20:49:11 [P-13376] [MainThread] [parse_query_plan] [DEBUG] parse_query_plan.py[line:132] ['Index Scan', 'kind_type_pkey', 'kind_type kt']
2022-12-02 20:49:11 [P-13376] [MainThread] [parse_query_plan] [DEBUG] parse_query_plan.py[line:149] _do_IndexScan
2022-12-02 20:49:11 [P-13376] [MainThread] [parse_query_plan] [DEBUG] parse_query_plan.py[line:126] Index Scan using movie_info_idx_mid on movie_info mi  (cost=0.44..2.48 rows=1 width=8) (actual time=0.036..0.036 rows=0 loops=73)
2022-12-02 20:49:11 [P-13376] [MainThread] [parse_query_plan] [DEBUG] parse_query_plan.py[line:132] ['Index Scan', 'movie_info_idx_mid', 'movie_info mi']
2022-12-02 20:49:11 [P-13376] [MainThread] [parse_query_plan] [DEBUG] parse_query_plan.py[line:149] _do_IndexScan
2022-12-02 20:49:11 [P-13376] [MainThread] [parse_query_plan] [DEBUG] parse_query_plan.py[line:126] Index Scan using movie_keyword_idx_mid on movie_keyword mk  (cost=0.43..1.62 rows=63 width=8) (never executed)
2022-12-02 20:49:11 [P-13376] [MainThread] [parse_query_plan] [DEBUG] parse_query_plan.py[line:132] ['Index Scan', 'movie_keyword_idx_mid', 'movie_keyword mk']
2022-12-02 20:49:11 [P-13376] [MainThread] [parse_query_plan] [DEBUG] parse_query_plan.py[line:149] _do_IndexScan
2022-12-02 20:49:11 [P-13376] [MainThread] [parse_query_plan] [DEBUG] parse_query_plan.py[line:126] Index Scan using movie_companies_idx_mid on movie_companies mc  (cost=0.43..0.56 rows=6 width=12) (never executed)
2022-12-02 20:49:11 [P-13376] [MainThread] [parse_query_plan] [DEBUG] parse_query_plan.py[line:132] ['Index Scan', 'movie_companies_idx_mid', 'movie_companies mc']
2022-12-02 20:49:11 [P-13376] [MainThread] [parse_query_plan] [DEBUG] parse_query_plan.py[line:149] _do_IndexScan
2022-12-02 20:49:11 [P-13376] [MainThread] [parse_query_plan] [DEBUG] parse_query_plan.py[line:126] Index Scan using company_name_pkey on company_name cn  (cost=0.42..0.45 rows=1 width=4) (never executed)
2022-12-02 20:49:11 [P-13376] [MainThread] [parse_query_plan] [DEBUG] parse_query_plan.py[line:132] ['Index Scan', 'company_name_pkey', 'company_name cn']
2022-12-02 20:49:11 [P-13376] [MainThread] [parse_query_plan] [DEBUG] parse_query_plan.py[line:149] _do_IndexScan
2022-12-02 20:49:11 [P-13376] [MainThread] [parse_query_plan] [DEBUG] parse_query_plan.py[line:126] Index Only Scan using company_type_pkey on company_type ct  (cost=0.15..0.17 rows=1 width=4) (never executed)
2022-12-02 20:49:11 [P-13376] [MainThread] [parse_query_plan] [DEBUG] parse_query_plan.py[line:132] ['Index Only Scan', 'company_type_pkey', 'company_type ct']
2022-12-02 20:49:11 [P-13376] [MainThread] [parse_query_plan] [DEBUG] parse_query_plan.py[line:149] _do_IndexOnlyScan
2022-12-02 20:49:11 [P-13376] [MainThread] [parse_query_plan] [DEBUG] parse_query_plan.py[line:126] Index Scan using info_type_pkey on info_type it1  (cost=0.14..0.17 rows=1 width=4) (never executed)
2022-12-02 20:49:11 [P-13376] [MainThread] [parse_query_plan] [DEBUG] parse_query_plan.py[line:132] ['Index Scan', 'info_type_pkey', 'info_type it1']
2022-12-02 20:49:11 [P-13376] [MainThread] [parse_query_plan] [DEBUG] parse_query_plan.py[line:149] _do_IndexScan
2022-12-02 20:49:11 [P-13376] [MainThread] [parse_query_plan] [DEBUG] parse_query_plan.py[line:126] Index Scan using keyword_pkey on keyword k  (cost=0.42..0.44 rows=1 width=4) (never executed)
2022-12-02 20:49:11 [P-13376] [MainThread] [parse_query_plan] [DEBUG] parse_query_plan.py[line:132] ['Index Scan', 'keyword_pkey', 'keyword k']
2022-12-02 20:49:11 [P-13376] [MainThread] [parse_query_plan] [DEBUG] parse_query_plan.py[line:149] _do_IndexScan
2022-12-02 20:49:11 [P-13376] [MainThread] [parse_query_plan] [DEBUG] parse_query_plan.py[line:183] <re.Match object; span=(0, 57), match="keyword = ANY ('{nerd,loner,alienation,dignity}':>
2022-12-02 20:49:11 [P-13376] [MainThread] [parse_query_plan] [DEBUG] parse_query_plan.py[line:126] Aggregate  (cost=4132.25..4132.26 rows=1 width=64) (actual time=270.406..270.412 rows=1 loops=1)
2022-12-02 20:49:11 [P-13376] [MainThread] [parse_query_plan] [DEBUG] parse_query_plan.py[line:132] ['Aggregate']
2022-12-02 20:49:11 [P-13376] [MainThread] [parse_query_plan] [DEBUG] parse_query_plan.py[line:149] _do_Aggregate
2022-12-02 20:49:11 [P-13376] [MainThread] [parse_query_plan] [DEBUG] parse_query_plan.py[line:126] Nested Loop  (cost=15.72..4132.25 rows=1 width=64) (actual time=101.721..270.276 rows=1140 loops=1)
2022-12-02 20:49:11 [P-13376] [MainThread] [parse_query_plan] [DEBUG] parse_query_plan.py[line:132] ['Nested Loop']
2022-12-02 20:49:11 [P-13376] [MainThread] [parse_query_plan] [DEBUG] parse_query_plan.py[line:149] _do_NestedLoop
2022-12-02 20:49:11 [P-13376] [MainThread] [parse_query_plan] [DEBUG] parse_query_plan.py[line:126] Nested Loop  (cost=15.57..4132.08 rows=1 width=68) (actual time=101.704..269.627 rows=1140 loops=1)
2022-12-02 20:49:11 [P-13376] [MainThread] [parse_query_plan] [DEBUG] parse_query_plan.py[line:132] ['Nested Loop']
2022-12-02 20:49:11 [P-13376] [MainThread] [parse_query_plan] [DEBUG] parse_query_plan.py[line:149] _do_NestedLoop
2022-12-02 20:49:11 [P-13376] [MainThread] [parse_query_plan] [DEBUG] parse_query_plan.py[line:126] Nested Loop  (cost=15.15..4131.63 rows=1 width=72) (actual time=101.690..266.413 rows=3306 loops=1)
2022-12-02 20:49:11 [P-13376] [MainThread] [parse_query_plan] [DEBUG] parse_query_plan.py[line:132] ['Nested Loop']
2022-12-02 20:49:11 [P-13376] [MainThread] [parse_query_plan] [DEBUG] parse_query_plan.py[line:149] _do_NestedLoop
2022-12-02 20:49:11 [P-13376] [MainThread] [parse_query_plan] [DEBUG] parse_query_plan.py[line:126] Nested Loop  (cost=14.71..4130.99 rows=1 width=80) (actual time=101.544..265.623 rows=114 loops=1)
2022-12-02 20:49:11 [P-13376] [MainThread] [parse_query_plan] [DEBUG] parse_query_plan.py[line:132] ['Nested Loop']
2022-12-02 20:49:11 [P-13376] [MainThread] [parse_query_plan] [DEBUG] parse_query_plan.py[line:149] _do_NestedLoop
2022-12-02 20:49:11 [P-13376] [MainThread] [parse_query_plan] [DEBUG] parse_query_plan.py[line:126] Nested Loop  (cost=14.57..4130.80 rows=1 width=84) (actual time=101.535..265.538 rows=114 loops=1)
2022-12-02 20:49:11 [P-13376] [MainThread] [parse_query_plan] [DEBUG] parse_query_plan.py[line:132] ['Nested Loop']
2022-12-02 20:49:11 [P-13376] [MainThread] [parse_query_plan] [DEBUG] parse_query_plan.py[line:149] _do_NestedLoop
2022-12-02 20:49:11 [P-13376] [MainThread] [parse_query_plan] [DEBUG] parse_query_plan.py[line:126] Nested Loop  (cost=14.15..4130.36 rows=1 width=88) (actual time=101.521..265.278 rows=114 loops=1)
2022-12-02 20:49:11 [P-13376] [MainThread] [parse_query_plan] [DEBUG] parse_query_plan.py[line:132] ['Nested Loop']
2022-12-02 20:49:11 [P-13376] [MainThread] [parse_query_plan] [DEBUG] parse_query_plan.py[line:149] _do_NestedLoop
2022-12-02 20:49:11 [P-13376] [MainThread] [parse_query_plan] [DEBUG] parse_query_plan.py[line:126] Nested Loop  (cost=13.72..4128.12 rows=1 width=80) (actual time=101.488..265.211 rows=2 loops=1)
2022-12-02 20:49:11 [P-13376] [MainThread] [parse_query_plan] [DEBUG] parse_query_plan.py[line:132] ['Nested Loop']
2022-12-02 20:49:11 [P-13376] [MainThread] [parse_query_plan] [DEBUG] parse_query_plan.py[line:149] _do_NestedLoop
2022-12-02 20:49:11 [P-13376] [MainThread] [parse_query_plan] [DEBUG] parse_query_plan.py[line:126] Nested Loop  (cost=13.28..4097.55 rows=12 width=72) (actual time=0.050..34.113 rows=347 loops=1)
2022-12-02 20:49:11 [P-13376] [MainThread] [parse_query_plan] [DEBUG] parse_query_plan.py[line:132] ['Nested Loop']
2022-12-02 20:49:11 [P-13376] [MainThread] [parse_query_plan] [DEBUG] parse_query_plan.py[line:149] _do_NestedLoop
2022-12-02 20:49:11 [P-13376] [MainThread] [parse_query_plan] [DEBUG] parse_query_plan.py[line:126] Nested Loop  (cost=13.12..4082.13 rows=590 width=28) (actual time=0.042..33.447 rows=1673 loops=1)
2022-12-02 20:49:11 [P-13376] [MainThread] [parse_query_plan] [DEBUG] parse_query_plan.py[line:132] ['Nested Loop']
2022-12-02 20:49:11 [P-13376] [MainThread] [parse_query_plan] [DEBUG] parse_query_plan.py[line:149] _do_NestedLoop
2022-12-02 20:49:11 [P-13376] [MainThread] [parse_query_plan] [DEBUG] parse_query_plan.py[line:126] Hash Join  (cost=12.69..2451.27 rows=761 width=4) (actual time=0.029..13.109 rows=24592 loops=1)
2022-12-02 20:49:11 [P-13376] [MainThread] [parse_query_plan] [DEBUG] parse_query_plan.py[line:132] ['Hash Join']
2022-12-02 20:49:11 [P-13376] [MainThread] [parse_query_plan] [DEBUG] parse_query_plan.py[line:149] _do_HashJoin
2022-12-02 20:49:11 [P-13376] [MainThread] [parse_query_plan] [DEBUG] parse_query_plan.py[line:126] Seq Scan on complete_cast cc  (cost=0.00..2081.86 rows=135086 width=8) (actual time=0.004..4.711 rows=135086 loops=1)
2022-12-02 20:49:11 [P-13376] [MainThread] [parse_query_plan] [DEBUG] parse_query_plan.py[line:132] ['Seq Scan', 'complete_cast cc']
2022-12-02 20:49:11 [P-13376] [MainThread] [parse_query_plan] [DEBUG] parse_query_plan.py[line:149] _do_SeqScan
2022-12-02 20:49:11 [P-13376] [MainThread] [parse_query_plan] [DEBUG] parse_query_plan.py[line:126] Hash  (cost=12.64..12.64 rows=4 width=4) (actual time=0.015..0.016 rows=1 loops=1)
2022-12-02 20:49:11 [P-13376] [MainThread] [parse_query_plan] [DEBUG] parse_query_plan.py[line:132] ['Hash']
2022-12-02 20:49:11 [P-13376] [MainThread] [parse_query_plan] [DEBUG] parse_query_plan.py[line:149] _do_Hash
2022-12-02 20:49:11 [P-13376] [MainThread] [parse_query_plan] [DEBUG] parse_query_plan.py[line:126] Bitmap Heap Scan on comp_cast_type cct1  (cost=4.18..12.64 rows=4 width=4) (actual time=0.011..0.012 rows=1 loops=1)
2022-12-02 20:49:11 [P-13376] [MainThread] [parse_query_plan] [DEBUG] parse_query_plan.py[line:132] ['Bitmap Heap Scan', 'comp_cast_type cct1']
2022-12-02 20:49:11 [P-13376] [MainThread] [parse_query_plan] [DEBUG] parse_query_plan.py[line:149] _do_BitMapHeapScan
2022-12-02 20:49:11 [P-13376] [MainThread] [parse_query_plan] [DEBUG] parse_query_plan.py[line:126] Bitmap Index Scan on comp_cast_type_kind  (cost=0.00..4.18 rows=4 width=0) (actual time=0.007..0.007 rows=1 loops=1)
2022-12-02 20:49:11 [P-13376] [MainThread] [parse_query_plan] [DEBUG] parse_query_plan.py[line:132] ['Bitmap Index Scan', 'comp_cast_type_kind']
2022-12-02 20:49:11 [P-13376] [MainThread] [parse_query_plan] [DEBUG] parse_query_plan.py[line:149] _do_BitMapIndexScan
2022-12-02 20:49:11 [P-13376] [MainThread] [parse_query_plan] [DEBUG] parse_query_plan.py[line:126] Index Scan using title_pkey on title t  (cost=0.43..2.14 rows=1 width=24) (actual time=0.001..0.001 rows=0 loops=24592)
2022-12-02 20:49:11 [P-13376] [MainThread] [parse_query_plan] [DEBUG] parse_query_plan.py[line:132] ['Index Scan', 'title_pkey', 'title t']
2022-12-02 20:49:11 [P-13376] [MainThread] [parse_query_plan] [DEBUG] parse_query_plan.py[line:149] _do_IndexScan
2022-12-02 20:49:11 [P-13376] [MainThread] [parse_query_plan] [DEBUG] parse_query_plan.py[line:126] Memoize  (cost=0.16..0.18 rows=1 width=52) (actual time=0.000..0.000 rows=0 loops=1673)
2022-12-02 20:49:11 [P-13376] [MainThread] [parse_query_plan] [DEBUG] parse_query_plan.py[line:132] ['Memoize']
2022-12-02 20:49:11 [P-13376] [MainThread] [parse_query_plan] [DEBUG] parse_query_plan.py[line:149] _do_Memorize
2022-12-02 20:49:11 [P-13376] [MainThread] [parse_query_plan] [DEBUG] parse_query_plan.py[line:126] Index Scan using kind_type_pkey on kind_type kt  (cost=0.15..0.17 rows=1 width=52) (actual time=0.004..0.004 rows=1 loops=5)
2022-12-02 20:49:11 [P-13376] [MainThread] [parse_query_plan] [DEBUG] parse_query_plan.py[line:132] ['Index Scan', 'kind_type_pkey', 'kind_type kt']
2022-12-02 20:49:11 [P-13376] [MainThread] [parse_query_plan] [DEBUG] parse_query_plan.py[line:149] _do_IndexScan
2022-12-02 20:49:11 [P-13376] [MainThread] [parse_query_plan] [DEBUG] parse_query_plan.py[line:183] <re.Match object; span=(0, 76), match='(kind)::text = ANY (\'{movie,"tv movie","video mo>
2022-12-02 20:49:11 [P-13376] [MainThread] [parse_query_plan] [DEBUG] parse_query_plan.py[line:126] Index Scan using movie_info_idx_mid on movie_info mi  (cost=0.44..2.54 rows=1 width=8) (actual time=0.666..0.666 rows=0 loops=347)
2022-12-02 20:49:11 [P-13376] [MainThread] [parse_query_plan] [DEBUG] parse_query_plan.py[line:132] ['Index Scan', 'movie_info_idx_mid', 'movie_info mi']
2022-12-02 20:49:11 [P-13376] [MainThread] [parse_query_plan] [DEBUG] parse_query_plan.py[line:149] _do_IndexScan
2022-12-02 20:49:11 [P-13376] [MainThread] [parse_query_plan] [DEBUG] parse_query_plan.py[line:126] Index Scan using movie_keyword_idx_mid on movie_keyword mk  (cost=0.43..1.61 rows=63 width=8) (actual time=0.017..0.027 rows=57 loops=2)
2022-12-02 20:49:11 [P-13376] [MainThread] [parse_query_plan] [DEBUG] parse_query_plan.py[line:132] ['Index Scan', 'movie_keyword_idx_mid', 'movie_keyword mk']
2022-12-02 20:49:11 [P-13376] [MainThread] [parse_query_plan] [DEBUG] parse_query_plan.py[line:149] _do_IndexScan
2022-12-02 20:49:11 [P-13376] [MainThread] [parse_query_plan] [DEBUG] parse_query_plan.py[line:126] Index Only Scan using keyword_pkey on keyword k  (cost=0.42..0.44 rows=1 width=4) (actual time=0.002..0.002 rows=1 loops=114)
2022-12-02 20:49:11 [P-13376] [MainThread] [parse_query_plan] [DEBUG] parse_query_plan.py[line:132] ['Index Only Scan', 'keyword_pkey', 'keyword k']
2022-12-02 20:49:11 [P-13376] [MainThread] [parse_query_plan] [DEBUG] parse_query_plan.py[line:149] _do_IndexOnlyScan
2022-12-02 20:49:11 [P-13376] [MainThread] [parse_query_plan] [DEBUG] parse_query_plan.py[line:126] Index Scan using info_type_pkey on info_type it1  (cost=0.14..0.17 rows=1 width=4) (actual time=0.001..0.001 rows=1 loops=114)
2022-12-02 20:49:11 [P-13376] [MainThread] [parse_query_plan] [DEBUG] parse_query_plan.py[line:132] ['Index Scan', 'info_type_pkey', 'info_type it1']
2022-12-02 20:49:11 [P-13376] [MainThread] [parse_query_plan] [DEBUG] parse_query_plan.py[line:149] _do_IndexScan
2022-12-02 20:49:11 [P-13376] [MainThread] [parse_query_plan] [DEBUG] parse_query_plan.py[line:126] Index Scan using movie_companies_idx_mid on movie_companies mc  (cost=0.43..0.56 rows=6 width=12) (actual time=0.002..0.004 rows=29 loops=114)
2022-12-02 20:49:11 [P-13376] [MainThread] [parse_query_plan] [DEBUG] parse_query_plan.py[line:132] ['Index Scan', 'movie_companies_idx_mid', 'movie_companies mc']
2022-12-02 20:49:11 [P-13376] [MainThread] [parse_query_plan] [DEBUG] parse_query_plan.py[line:149] _do_IndexScan
2022-12-02 20:49:11 [P-13376] [MainThread] [parse_query_plan] [DEBUG] parse_query_plan.py[line:126] Index Scan using company_name_pkey on company_name cn  (cost=0.42..0.45 rows=1 width=4) (actual time=0.001..0.001 rows=0 loops=3306)
2022-12-02 20:49:11 [P-13376] [MainThread] [parse_query_plan] [DEBUG] parse_query_plan.py[line:132] ['Index Scan', 'company_name_pkey', 'company_name cn']
2022-12-02 20:49:11 [P-13376] [MainThread] [parse_query_plan] [DEBUG] parse_query_plan.py[line:149] _do_IndexScan
2022-12-02 20:49:11 [P-13376] [MainThread] [parse_query_plan] [DEBUG] parse_query_plan.py[line:126] Index Only Scan using company_type_pkey on company_type ct  (cost=0.15..0.17 rows=1 width=4) (actual time=0.000..0.000 rows=1 loops=1140)
2022-12-02 20:49:11 [P-13376] [MainThread] [parse_query_plan] [DEBUG] parse_query_plan.py[line:132] ['Index Only Scan', 'company_type_pkey', 'company_type ct']
2022-12-02 20:49:11 [P-13376] [MainThread] [parse_query_plan] [DEBUG] parse_query_plan.py[line:149] _do_IndexOnlyScan
2022-12-02 20:49:11 [P-13376] [MainThread] [parse_query_plan] [DEBUG] parse_query_plan.py[line:126] Aggregate  (cost=7970.01..7970.02 rows=1 width=96) (actual time=1578.453..1578.461 rows=1 loops=1)
2022-12-02 20:49:11 [P-13376] [MainThread] [parse_query_plan] [DEBUG] parse_query_plan.py[line:132] ['Aggregate']
2022-12-02 20:49:11 [P-13376] [MainThread] [parse_query_plan] [DEBUG] parse_query_plan.py[line:149] _do_Aggregate
2022-12-02 20:49:11 [P-13376] [MainThread] [parse_query_plan] [DEBUG] parse_query_plan.py[line:126] Nested Loop  (cost=24.66..7970.00 rows=1 width=47) (actual time=1148.160..1578.443 rows=54 loops=1)
2022-12-02 20:49:11 [P-13376] [MainThread] [parse_query_plan] [DEBUG] parse_query_plan.py[line:132] ['Nested Loop']
2022-12-02 20:49:11 [P-13376] [MainThread] [parse_query_plan] [DEBUG] parse_query_plan.py[line:149] _do_NestedLoop
2022-12-02 20:49:11 [P-13376] [MainThread] [parse_query_plan] [DEBUG] parse_query_plan.py[line:126] Nested Loop  (cost=24.23..7965.46 rows=1 width=40) (actual time=21.950..1572.029 rows=860 loops=1)
2022-12-02 20:49:11 [P-13376] [MainThread] [parse_query_plan] [DEBUG] parse_query_plan.py[line:132] ['Nested Loop']
2022-12-02 20:49:11 [P-13376] [MainThread] [parse_query_plan] [DEBUG] parse_query_plan.py[line:149] _do_NestedLoop
2022-12-02 20:49:11 [P-13376] [MainThread] [parse_query_plan] [DEBUG] parse_query_plan.py[line:126] Nested Loop  (cost=24.08..7965.28 rows=1 width=44) (actual time=21.948..1571.387 rows=860 loops=1)
2022-12-02 20:49:11 [P-13376] [MainThread] [parse_query_plan] [DEBUG] parse_query_plan.py[line:132] ['Nested Loop']
2022-12-02 20:49:11 [P-13376] [MainThread] [parse_query_plan] [DEBUG] parse_query_plan.py[line:149] _do_NestedLoop
2022-12-02 20:49:11 [P-13376] [MainThread] [parse_query_plan] [DEBUG] parse_query_plan.py[line:126] Nested Loop  (cost=23.66..7952.02 rows=3 width=48) (actual time=21.941..1567.112 rows=2906 loops=1)
2022-12-02 20:49:11 [P-13376] [MainThread] [parse_query_plan] [DEBUG] parse_query_plan.py[line:132] ['Nested Loop']
2022-12-02 20:49:11 [P-13376] [MainThread] [parse_query_plan] [DEBUG] parse_query_plan.py[line:149] _do_NestedLoop
2022-12-02 20:49:11 [P-13376] [MainThread] [parse_query_plan] [DEBUG] parse_query_plan.py[line:126] Nested Loop  (cost=23.23..7924.95 rows=2 width=60) (actual time=21.918..1564.584 rows=276 loops=1)
2022-12-02 20:49:11 [P-13376] [MainThread] [parse_query_plan] [DEBUG] parse_query_plan.py[line:132] ['Nested Loop']
2022-12-02 20:49:11 [P-13376] [MainThread] [parse_query_plan] [DEBUG] parse_query_plan.py[line:149] _do_NestedLoop
2022-12-02 20:49:11 [P-13376] [MainThread] [parse_query_plan] [DEBUG] parse_query_plan.py[line:126] Nested Loop  (cost=22.80..7921.96 rows=1 width=56) (actual time=21.787..1553.896 rows=146 loops=1)
2022-12-02 20:49:11 [P-13376] [MainThread] [parse_query_plan] [DEBUG] parse_query_plan.py[line:132] ['Nested Loop']
2022-12-02 20:49:11 [P-13376] [MainThread] [parse_query_plan] [DEBUG] parse_query_plan.py[line:149] _do_NestedLoop
2022-12-02 20:49:11 [P-13376] [MainThread] [parse_query_plan] [DEBUG] parse_query_plan.py[line:126] Nested Loop  (cost=22.37..7917.46 rows=1 width=44) (actual time=21.086..1528.440 rows=146 loops=1)
2022-12-02 20:49:11 [P-13376] [MainThread] [parse_query_plan] [DEBUG] parse_query_plan.py[line:132] ['Nested Loop']
2022-12-02 20:49:11 [P-13376] [MainThread] [parse_query_plan] [DEBUG] parse_query_plan.py[line:149] _do_NestedLoop
2022-12-02 20:49:11 [P-13376] [MainThread] [parse_query_plan] [DEBUG] parse_query_plan.py[line:126] Nested Loop  (cost=21.93..7787.36 rows=1 width=36) (actual time=20.929..1507.767 rows=134 loops=1)
2022-12-02 20:49:11 [P-13376] [MainThread] [parse_query_plan] [DEBUG] parse_query_plan.py[line:132] ['Nested Loop']
2022-12-02 20:49:11 [P-13376] [MainThread] [parse_query_plan] [DEBUG] parse_query_plan.py[line:149] _do_NestedLoop
2022-12-02 20:49:11 [P-13376] [MainThread] [parse_query_plan] [DEBUG] parse_query_plan.py[line:126] Nested Loop  (cost=21.77..7768.35 rows=19 width=40) (actual time=19.989..1506.711 rows=588 loops=1)
2022-12-02 20:49:11 [P-13376] [MainThread] [parse_query_plan] [DEBUG] parse_query_plan.py[line:132] ['Nested Loop']
2022-12-02 20:49:11 [P-13376] [MainThread] [parse_query_plan] [DEBUG] parse_query_plan.py[line:149] _do_NestedLoop
2022-12-02 20:49:11 [P-13376] [MainThread] [parse_query_plan] [DEBUG] parse_query_plan.py[line:126] Nested Loop  (cost=21.33..4994.89 rows=36 width=24) (actual time=16.215..800.600 rows=294 loops=1)
2022-12-02 20:49:11 [P-13376] [MainThread] [parse_query_plan] [DEBUG] parse_query_plan.py[line:132] ['Nested Loop']
2022-12-02 20:49:11 [P-13376] [MainThread] [parse_query_plan] [DEBUG] parse_query_plan.py[line:149] _do_NestedLoop
2022-12-02 20:49:11 [P-13376] [MainThread] [parse_query_plan] [DEBUG] parse_query_plan.py[line:126] Nested Loop  (cost=20.90..4570.74 rows=95 width=4) (actual time=13.868..714.670 rows=10720 loops=1)
2022-12-02 20:49:11 [P-13376] [MainThread] [parse_query_plan] [DEBUG] parse_query_plan.py[line:132] ['Nested Loop']
2022-12-02 20:49:11 [P-13376] [MainThread] [parse_query_plan] [DEBUG] parse_query_plan.py[line:149] _do_NestedLoop
2022-12-02 20:49:11 [P-13376] [MainThread] [parse_query_plan] [DEBUG] parse_query_plan.py[line:126] Bitmap Heap Scan on keyword k  (cost=13.28..24.95 rows=3 width=4) (actual time=10.971..10.985 rows=3 loops=1)
2022-12-02 20:49:11 [P-13376] [MainThread] [parse_query_plan] [DEBUG] parse_query_plan.py[line:132] ['Bitmap Heap Scan', 'keyword k']
2022-12-02 20:49:11 [P-13376] [MainThread] [parse_query_plan] [DEBUG] parse_query_plan.py[line:149] _do_BitMapHeapScan
2022-12-02 20:49:11 [P-13376] [MainThread] [parse_query_plan] [DEBUG] parse_query_plan.py[line:207] <re.Match object; span=(0, 66), match="(keyword = ANY ('{hero,martial-arts,hand-to-hand->
2022-12-02 20:49:11 [P-13376] [MainThread] [parse_query_plan] [DEBUG] parse_query_plan.py[line:126] Bitmap Index Scan on keyword_idx_keyword  (cost=0.00..13.28 rows=3 width=0) (actual time=10.963..10.963 rows=3 loops=1)
2022-12-02 20:49:11 [P-13376] [MainThread] [parse_query_plan] [DEBUG] parse_query_plan.py[line:132] ['Bitmap Index Scan', 'keyword_idx_keyword']
2022-12-02 20:49:11 [P-13376] [MainThread] [parse_query_plan] [DEBUG] parse_query_plan.py[line:149] _do_BitMapIndexScan
2022-12-02 20:49:11 [P-13376] [MainThread] [parse_query_plan] [DEBUG] parse_query_plan.py[line:207] <re.Match object; span=(0, 66), match="(keyword = ANY ('{hero,martial-arts,hand-to-hand->
2022-12-02 20:49:11 [P-13376] [MainThread] [parse_query_plan] [DEBUG] parse_query_plan.py[line:126] Bitmap Heap Scan on movie_keyword mk  (cost=7.62..1511.15 rows=411 width=8) (actual time=2.556..233.382 rows=3573 loops=3)
2022-12-02 20:49:11 [P-13376] [MainThread] [parse_query_plan] [DEBUG] parse_query_plan.py[line:132] ['Bitmap Heap Scan', 'movie_keyword mk']
2022-12-02 20:49:11 [P-13376] [MainThread] [parse_query_plan] [DEBUG] parse_query_plan.py[line:149] _do_BitMapHeapScan
2022-12-02 20:49:11 [P-13376] [MainThread] [parse_query_plan] [DEBUG] parse_query_plan.py[line:126] Bitmap Index Scan on movie_keyword_idx_keywordid  (cost=0.00..7.51 rows=411 width=0) (actual time=1.865..1.865 rows=3573 loops=3)
2022-12-02 20:49:11 [P-13376] [MainThread] [parse_query_plan] [DEBUG] parse_query_plan.py[line:132] ['Bitmap Index Scan', 'movie_keyword_idx_keywordid']
2022-12-02 20:49:11 [P-13376] [MainThread] [parse_query_plan] [DEBUG] parse_query_plan.py[line:149] _do_BitMapIndexScan
2022-12-02 20:49:11 [P-13376] [MainThread] [parse_query_plan] [DEBUG] parse_query_plan.py[line:126] Index Scan using title_pkey on title t  (cost=0.43..4.46 rows=1 width=20) (actual time=0.007..0.007 rows=0 loops=10720)
2022-12-02 20:49:11 [P-13376] [MainThread] [parse_query_plan] [DEBUG] parse_query_plan.py[line:132] ['Index Scan', 'title_pkey', 'title t']
2022-12-02 20:49:11 [P-13376] [MainThread] [parse_query_plan] [DEBUG] parse_query_plan.py[line:149] _do_IndexScan
2022-12-02 20:49:11 [P-13376] [MainThread] [parse_query_plan] [DEBUG] parse_query_plan.py[line:126] Index Scan using cast_info_idx_mid on cast_info ci  (cost=0.44..77.03 rows=1 width=16) (actual time=1.899..2.400 rows=2 loops=294)
2022-12-02 20:49:11 [P-13376] [MainThread] [parse_query_plan] [DEBUG] parse_query_plan.py[line:132] ['Index Scan', 'cast_info_idx_mid', 'cast_info ci']
2022-12-02 20:49:11 [P-13376] [MainThread] [parse_query_plan] [DEBUG] parse_query_plan.py[line:149] _do_IndexScan
2022-12-02 20:49:11 [P-13376] [MainThread] [parse_query_plan] [DEBUG] parse_query_plan.py[line:183] <re.Match object; span=(0, 110), match='note = ANY (\'{(voice),"(voice: Japanese version)>
2022-12-02 20:49:11 [P-13376] [MainThread] [parse_query_plan] [DEBUG] parse_query_plan.py[line:126] Memoize  (cost=0.16..1.78 rows=1 width=4) (actual time=0.001..0.001 rows=0 loops=588)
2022-12-02 20:49:11 [P-13376] [MainThread] [parse_query_plan] [DEBUG] parse_query_plan.py[line:132] ['Memoize']
2022-12-02 20:49:11 [P-13376] [MainThread] [parse_query_plan] [DEBUG] parse_query_plan.py[line:149] _do_Memorize
2022-12-02 20:49:11 [P-13376] [MainThread] [parse_query_plan] [DEBUG] parse_query_plan.py[line:126] Index Scan using role_type_pkey on role_type rt  (cost=0.15..1.77 rows=1 width=4) (actual time=0.142..0.142 rows=0 loops=3)
2022-12-02 20:49:11 [P-13376] [MainThread] [parse_query_plan] [DEBUG] parse_query_plan.py[line:132] ['Index Scan', 'role_type_pkey', 'role_type rt']
2022-12-02 20:49:11 [P-13376] [MainThread] [parse_query_plan] [DEBUG] parse_query_plan.py[line:149] _do_IndexScan
2022-12-02 20:49:11 [P-13376] [MainThread] [parse_query_plan] [DEBUG] parse_query_plan.py[line:126] Index Scan using movie_info_idx_mid on movie_info mi  (cost=0.44..130.07 rows=3 width=8) (actual time=0.111..0.153 rows=1 loops=134)
2022-12-02 20:49:11 [P-13376] [MainThread] [parse_query_plan] [DEBUG] parse_query_plan.py[line:132] ['Index Scan', 'movie_info_idx_mid', 'movie_info mi']
2022-12-02 20:49:11 [P-13376] [MainThread] [parse_query_plan] [DEBUG] parse_query_plan.py[line:149] _do_IndexScan
2022-12-02 20:49:11 [P-13376] [MainThread] [parse_query_plan] [DEBUG] parse_query_plan.py[line:126] Index Scan using char_name_pkey on char_name chn  (cost=0.43..4.49 rows=1 width=20) (actual time=0.173..0.173 rows=1 loops=146)
2022-12-02 20:49:11 [P-13376] [MainThread] [parse_query_plan] [DEBUG] parse_query_plan.py[line:132] ['Index Scan', 'char_name_pkey', 'char_name chn']
2022-12-02 20:49:11 [P-13376] [MainThread] [parse_query_plan] [DEBUG] parse_query_plan.py[line:149] _do_IndexScan
2022-12-02 20:49:11 [P-13376] [MainThread] [parse_query_plan] [DEBUG] parse_query_plan.py[line:126] Index Only Scan using aka_name_idx_person on aka_name an  (cost=0.43..2.97 rows=2 width=4) (actual time=0.064..0.072 rows=2 loops=146)
2022-12-02 20:49:11 [P-13376] [MainThread] [parse_query_plan] [DEBUG] parse_query_plan.py[line:132] ['Index Only Scan', 'aka_name_idx_person', 'aka_name an']
2022-12-02 20:49:11 [P-13376] [MainThread] [parse_query_plan] [DEBUG] parse_query_plan.py[line:149] _do_IndexOnlyScan
2022-12-02 20:49:11 [P-13376] [MainThread] [parse_query_plan] [DEBUG] parse_query_plan.py[line:126] Index Scan using movie_companies_idx_mid on movie_companies mc  (cost=0.43..13.46 rows=6 width=8) (actual time=0.005..0.008 rows=11 loops=276)
2022-12-02 20:49:11 [P-13376] [MainThread] [parse_query_plan] [DEBUG] parse_query_plan.py[line:132] ['Index Scan', 'movie_companies_idx_mid', 'movie_companies mc']
2022-12-02 20:49:11 [P-13376] [MainThread] [parse_query_plan] [DEBUG] parse_query_plan.py[line:149] _do_IndexScan
2022-12-02 20:49:11 [P-13376] [MainThread] [parse_query_plan] [DEBUG] parse_query_plan.py[line:126] Index Scan using company_name_pkey on company_name cn  (cost=0.42..4.42 rows=1 width=4) (actual time=0.001..0.001 rows=0 loops=2906)
2022-12-02 20:49:11 [P-13376] [MainThread] [parse_query_plan] [DEBUG] parse_query_plan.py[line:132] ['Index Scan', 'company_name_pkey', 'company_name cn']
2022-12-02 20:49:11 [P-13376] [MainThread] [parse_query_plan] [DEBUG] parse_query_plan.py[line:149] _do_IndexScan
2022-12-02 20:49:11 [P-13376] [MainThread] [parse_query_plan] [DEBUG] parse_query_plan.py[line:126] Index Scan using info_type_pkey on info_type it  (cost=0.14..0.16 rows=1 width=4) (actual time=0.001..0.001 rows=1 loops=860)
2022-12-02 20:49:11 [P-13376] [MainThread] [parse_query_plan] [DEBUG] parse_query_plan.py[line:132] ['Index Scan', 'info_type_pkey', 'info_type it']
2022-12-02 20:49:11 [P-13376] [MainThread] [parse_query_plan] [DEBUG] parse_query_plan.py[line:149] _do_IndexScan
2022-12-02 20:49:11 [P-13376] [MainThread] [parse_query_plan] [DEBUG] parse_query_plan.py[line:126] Index Scan using name_pkey on name n  (cost=0.43..4.54 rows=1 width=19) (actual time=0.007..0.007 rows=0 loops=860)
2022-12-02 20:49:11 [P-13376] [MainThread] [parse_query_plan] [DEBUG] parse_query_plan.py[line:132] ['Index Scan', 'name_pkey', 'name n']
2022-12-02 20:49:11 [P-13376] [MainThread] [parse_query_plan] [DEBUG] parse_query_plan.py[line:149] _do_IndexScan
2022-12-02 20:49:11 [P-13376] [MainThread] [parse_query_plan] [DEBUG] parse_query_plan.py[line:126] Aggregate  (cost=996.98..996.99 rows=1 width=96) (actual time=12.276..12.279 rows=1 loops=1)
2022-12-02 20:49:11 [P-13376] [MainThread] [parse_query_plan] [DEBUG] parse_query_plan.py[line:132] ['Aggregate']
2022-12-02 20:49:11 [P-13376] [MainThread] [parse_query_plan] [DEBUG] parse_query_plan.py[line:149] _do_Aggregate
2022-12-02 20:49:11 [P-13376] [MainThread] [parse_query_plan] [DEBUG] parse_query_plan.py[line:126] Nested Loop  (cost=4.47..996.97 rows=1 width=47) (actual time=12.274..12.276 rows=0 loops=1)
2022-12-02 20:49:11 [P-13376] [MainThread] [parse_query_plan] [DEBUG] parse_query_plan.py[line:132] ['Nested Loop']
2022-12-02 20:49:11 [P-13376] [MainThread] [parse_query_plan] [DEBUG] parse_query_plan.py[line:149] _do_NestedLoop
2022-12-02 20:49:11 [P-13376] [MainThread] [parse_query_plan] [DEBUG] parse_query_plan.py[line:126] Nested Loop  (cost=4.04..988.10 rows=2 width=51) (actual time=12.273..12.276 rows=0 loops=1)
2022-12-02 20:49:11 [P-13376] [MainThread] [parse_query_plan] [DEBUG] parse_query_plan.py[line:132] ['Nested Loop']
2022-12-02 20:49:11 [P-13376] [MainThread] [parse_query_plan] [DEBUG] parse_query_plan.py[line:149] _do_NestedLoop
2022-12-02 20:49:11 [P-13376] [MainThread] [parse_query_plan] [DEBUG] parse_query_plan.py[line:126] Nested Loop  (cost=3.60..981.36 rows=1 width=63) (actual time=12.273..12.275 rows=0 loops=1)
2022-12-02 20:49:11 [P-13376] [MainThread] [parse_query_plan] [DEBUG] parse_query_plan.py[line:132] ['Nested Loop']
2022-12-02 20:49:11 [P-13376] [MainThread] [parse_query_plan] [DEBUG] parse_query_plan.py[line:149] _do_NestedLoop
2022-12-02 20:49:11 [P-13376] [MainThread] [parse_query_plan] [DEBUG] parse_query_plan.py[line:126] Seq Scan on info_type it  (cost=0.00..2.41 rows=1 width=4) (actual time=0.011..0.016 rows=1 loops=1)
2022-12-02 20:49:11 [P-13376] [MainThread] [parse_query_plan] [DEBUG] parse_query_plan.py[line:132] ['Seq Scan', 'info_type it']
2022-12-02 20:49:11 [P-13376] [MainThread] [parse_query_plan] [DEBUG] parse_query_plan.py[line:149] _do_SeqScan
2022-12-02 20:49:11 [P-13376] [MainThread] [parse_query_plan] [DEBUG] parse_query_plan.py[line:126] Nested Loop  (cost=3.60..978.94 rows=1 width=67) (actual time=12.257..12.258 rows=0 loops=1)
2022-12-02 20:49:11 [P-13376] [MainThread] [parse_query_plan] [DEBUG] parse_query_plan.py[line:132] ['Nested Loop']
2022-12-02 20:49:11 [P-13376] [MainThread] [parse_query_plan] [DEBUG] parse_query_plan.py[line:149] _do_NestedLoop
2022-12-02 20:49:11 [P-13376] [MainThread] [parse_query_plan] [DEBUG] parse_query_plan.py[line:126] Nested Loop  (cost=3.17..848.82 rows=1 width=59) (actual time=12.257..12.258 rows=0 loops=1)
2022-12-02 20:49:11 [P-13376] [MainThread] [parse_query_plan] [DEBUG] parse_query_plan.py[line:132] ['Nested Loop']
2022-12-02 20:49:11 [P-13376] [MainThread] [parse_query_plan] [DEBUG] parse_query_plan.py[line:149] _do_NestedLoop
2022-12-02 20:49:11 [P-13376] [MainThread] [parse_query_plan] [DEBUG] parse_query_plan.py[line:126] Nested Loop  (cost=2.73..844.28 rows=1 width=52) (actual time=12.256..12.258 rows=0 loops=1)
2022-12-02 20:49:11 [P-13376] [MainThread] [parse_query_plan] [DEBUG] parse_query_plan.py[line:132] ['Nested Loop']
2022-12-02 20:49:11 [P-13376] [MainThread] [parse_query_plan] [DEBUG] parse_query_plan.py[line:149] _do_NestedLoop
2022-12-02 20:49:11 [P-13376] [MainThread] [parse_query_plan] [DEBUG] parse_query_plan.py[line:126] Nested Loop  (cost=2.30..835.29 rows=2 width=40) (actual time=12.256..12.258 rows=0 loops=1)
2022-12-02 20:49:11 [P-13376] [MainThread] [parse_query_plan] [DEBUG] parse_query_plan.py[line:132] ['Nested Loop']
2022-12-02 20:49:11 [P-13376] [MainThread] [parse_query_plan] [DEBUG] parse_query_plan.py[line:149] _do_NestedLoop
2022-12-02 20:49:11 [P-13376] [MainThread] [parse_query_plan] [DEBUG] parse_query_plan.py[line:126] Nested Loop  (cost=1.87..832.30 rows=1 width=36) (actual time=12.256..12.257 rows=0 loops=1)
2022-12-02 20:49:11 [P-13376] [MainThread] [parse_query_plan] [DEBUG] parse_query_plan.py[line:132] ['Nested Loop']
2022-12-02 20:49:11 [P-13376] [MainThread] [parse_query_plan] [DEBUG] parse_query_plan.py[line:149] _do_NestedLoop
2022-12-02 20:49:11 [P-13376] [MainThread] [parse_query_plan] [DEBUG] parse_query_plan.py[line:126] Nested Loop  (cost=1.72..829.89 rows=1 width=40) (actual time=12.256..12.257 rows=0 loops=1)
2022-12-02 20:49:11 [P-13376] [MainThread] [parse_query_plan] [DEBUG] parse_query_plan.py[line:132] ['Nested Loop']
2022-12-02 20:49:11 [P-13376] [MainThread] [parse_query_plan] [DEBUG] parse_query_plan.py[line:149] _do_NestedLoop
2022-12-02 20:49:11 [P-13376] [MainThread] [parse_query_plan] [DEBUG] parse_query_plan.py[line:126] Nested Loop  (cost=1.28..752.82 rows=1 width=24) (actual time=4.045..11.695 rows=2 loops=1)
2022-12-02 20:49:11 [P-13376] [MainThread] [parse_query_plan] [DEBUG] parse_query_plan.py[line:132] ['Nested Loop']
2022-12-02 20:49:11 [P-13376] [MainThread] [parse_query_plan] [DEBUG] parse_query_plan.py[line:149] _do_NestedLoop
2022-12-02 20:49:11 [P-13376] [MainThread] [parse_query_plan] [DEBUG] parse_query_plan.py[line:126] Nested Loop  (cost=0.85..690.17 rows=14 width=4) (actual time=2.724..6.534 rows=324 loops=1)
2022-12-02 20:49:11 [P-13376] [MainThread] [parse_query_plan] [DEBUG] parse_query_plan.py[line:132] ['Nested Loop']
2022-12-02 20:49:11 [P-13376] [MainThread] [parse_query_plan] [DEBUG] parse_query_plan.py[line:149] _do_NestedLoop
2022-12-02 20:49:11 [P-13376] [MainThread] [parse_query_plan] [DEBUG] parse_query_plan.py[line:126] Index Scan using company_name_idx_name on company_name cn  (cost=0.42..8.44 rows=1 width=4) (actual time=1.659..1.664 rows=1 loops=1)
2022-12-02 20:49:11 [P-13376] [MainThread] [parse_query_plan] [DEBUG] parse_query_plan.py[line:132] ['Index Scan', 'company_name_idx_name', 'company_name cn']
2022-12-02 20:49:11 [P-13376] [MainThread] [parse_query_plan] [DEBUG] parse_query_plan.py[line:149] _do_IndexScan
2022-12-02 20:49:11 [P-13376] [MainThread] [parse_query_plan] [DEBUG] parse_query_plan.py[line:126] Index Scan using movie_companies_idx_cid on movie_companies mc  (cost=0.43..679.32 rows=241 width=8) (actual time=1.063..4.827 rows=324 loops=1)
2022-12-02 20:49:11 [P-13376] [MainThread] [parse_query_plan] [DEBUG] parse_query_plan.py[line:132] ['Index Scan', 'movie_companies_idx_cid', 'movie_companies mc']
2022-12-02 20:49:11 [P-13376] [MainThread] [parse_query_plan] [DEBUG] parse_query_plan.py[line:149] _do_IndexScan
2022-12-02 20:49:11 [P-13376] [MainThread] [parse_query_plan] [DEBUG] parse_query_plan.py[line:126] Index Scan using title_pkey on title t  (cost=0.43..4.47 rows=1 width=20) (actual time=0.016..0.016 rows=0 loops=324)
2022-12-02 20:49:11 [P-13376] [MainThread] [parse_query_plan] [DEBUG] parse_query_plan.py[line:132] ['Index Scan', 'title_pkey', 'title t']
2022-12-02 20:49:11 [P-13376] [MainThread] [parse_query_plan] [DEBUG] parse_query_plan.py[line:149] _do_IndexScan
2022-12-02 20:49:11 [P-13376] [MainThread] [parse_query_plan] [DEBUG] parse_query_plan.py[line:126] Index Scan using cast_info_idx_mid on cast_info ci  (cost=0.44..77.05 rows=1 width=16) (actual time=0.280..0.280 rows=0 loops=2)
2022-12-02 20:49:11 [P-13376] [MainThread] [parse_query_plan] [DEBUG] parse_query_plan.py[line:132] ['Index Scan', 'cast_info_idx_mid', 'cast_info ci']
2022-12-02 20:49:11 [P-13376] [MainThread] [parse_query_plan] [DEBUG] parse_query_plan.py[line:149] _do_IndexScan
2022-12-02 20:49:11 [P-13376] [MainThread] [parse_query_plan] [DEBUG] parse_query_plan.py[line:183] <re.Match object; span=(0, 110), match='note = ANY (\'{(voice),"(voice: Japanese version)>
2022-12-02 20:49:11 [P-13376] [MainThread] [parse_query_plan] [DEBUG] parse_query_plan.py[line:126] Index Scan using role_type_pkey on role_type rt  (cost=0.15..1.77 rows=1 width=4) (never executed)
2022-12-02 20:49:11 [P-13376] [MainThread] [parse_query_plan] [DEBUG] parse_query_plan.py[line:132] ['Index Scan', 'role_type_pkey', 'role_type rt']
2022-12-02 20:49:11 [P-13376] [MainThread] [parse_query_plan] [DEBUG] parse_query_plan.py[line:149] _do_IndexScan
2022-12-02 20:49:11 [P-13376] [MainThread] [parse_query_plan] [DEBUG] parse_query_plan.py[line:126] Index Only Scan using aka_name_idx_person on aka_name an  (cost=0.43..2.97 rows=2 width=4) (never executed)
2022-12-02 20:49:11 [P-13376] [MainThread] [parse_query_plan] [DEBUG] parse_query_plan.py[line:132] ['Index Only Scan', 'aka_name_idx_person', 'aka_name an']
2022-12-02 20:49:11 [P-13376] [MainThread] [parse_query_plan] [DEBUG] parse_query_plan.py[line:149] _do_IndexOnlyScan
2022-12-02 20:49:11 [P-13376] [MainThread] [parse_query_plan] [DEBUG] parse_query_plan.py[line:126] Index Scan using char_name_pkey on char_name chn  (cost=0.43..4.49 rows=1 width=20) (never executed)
2022-12-02 20:49:11 [P-13376] [MainThread] [parse_query_plan] [DEBUG] parse_query_plan.py[line:132] ['Index Scan', 'char_name_pkey', 'char_name chn']
2022-12-02 20:49:11 [P-13376] [MainThread] [parse_query_plan] [DEBUG] parse_query_plan.py[line:149] _do_IndexScan
2022-12-02 20:49:11 [P-13376] [MainThread] [parse_query_plan] [DEBUG] parse_query_plan.py[line:126] Index Scan using name_pkey on name n  (cost=0.43..4.54 rows=1 width=19) (never executed)
2022-12-02 20:49:11 [P-13376] [MainThread] [parse_query_plan] [DEBUG] parse_query_plan.py[line:132] ['Index Scan', 'name_pkey', 'name n']
2022-12-02 20:49:11 [P-13376] [MainThread] [parse_query_plan] [DEBUG] parse_query_plan.py[line:149] _do_IndexScan
2022-12-02 20:49:11 [P-13376] [MainThread] [parse_query_plan] [DEBUG] parse_query_plan.py[line:126] Index Scan using movie_info_idx_mid on movie_info mi  (cost=0.44..130.08 rows=3 width=8) (never executed)
2022-12-02 20:49:11 [P-13376] [MainThread] [parse_query_plan] [DEBUG] parse_query_plan.py[line:132] ['Index Scan', 'movie_info_idx_mid', 'movie_info mi']
2022-12-02 20:49:11 [P-13376] [MainThread] [parse_query_plan] [DEBUG] parse_query_plan.py[line:149] _do_IndexScan
2022-12-02 20:49:11 [P-13376] [MainThread] [parse_query_plan] [DEBUG] parse_query_plan.py[line:126] Index Scan using movie_keyword_idx_mid on movie_keyword mk  (cost=0.43..5.95 rows=63 width=8) (never executed)
2022-12-02 20:49:11 [P-13376] [MainThread] [parse_query_plan] [DEBUG] parse_query_plan.py[line:132] ['Index Scan', 'movie_keyword_idx_mid', 'movie_keyword mk']
2022-12-02 20:49:11 [P-13376] [MainThread] [parse_query_plan] [DEBUG] parse_query_plan.py[line:149] _do_IndexScan
2022-12-02 20:49:11 [P-13376] [MainThread] [parse_query_plan] [DEBUG] parse_query_plan.py[line:126] Memoize  (cost=0.43..4.43 rows=1 width=4) (never executed)
2022-12-02 20:49:11 [P-13376] [MainThread] [parse_query_plan] [DEBUG] parse_query_plan.py[line:132] ['Memoize']
2022-12-02 20:49:11 [P-13376] [MainThread] [parse_query_plan] [DEBUG] parse_query_plan.py[line:149] _do_Memorize
2022-12-02 20:49:11 [P-13376] [MainThread] [parse_query_plan] [DEBUG] parse_query_plan.py[line:126] Index Scan using keyword_pkey on keyword k  (cost=0.42..4.42 rows=1 width=4) (never executed)
2022-12-02 20:49:11 [P-13376] [MainThread] [parse_query_plan] [DEBUG] parse_query_plan.py[line:132] ['Index Scan', 'keyword_pkey', 'keyword k']
2022-12-02 20:49:11 [P-13376] [MainThread] [parse_query_plan] [DEBUG] parse_query_plan.py[line:149] _do_IndexScan
2022-12-02 20:49:11 [P-13376] [MainThread] [parse_query_plan] [DEBUG] parse_query_plan.py[line:183] <re.Match object; span=(0, 89), match="keyword = ANY ('{hero,martial-arts,hand-to-hand-c>
2022-12-02 20:49:11 [P-13376] [MainThread] [parse_query_plan] [DEBUG] parse_query_plan.py[line:126] Aggregate  (cost=293.84..293.85 rows=1 width=128) (actual time=0.016..0.017 rows=1 loops=1)
2022-12-02 20:49:11 [P-13376] [MainThread] [parse_query_plan] [DEBUG] parse_query_plan.py[line:132] ['Aggregate']
2022-12-02 20:49:11 [P-13376] [MainThread] [parse_query_plan] [DEBUG] parse_query_plan.py[line:149] _do_Aggregate
2022-12-02 20:49:11 [P-13376] [MainThread] [parse_query_plan] [DEBUG] parse_query_plan.py[line:126] Nested Loop  (cost=47.97..293.83 rows=1 width=106) (actual time=0.015..0.016 rows=0 loops=1)
2022-12-02 20:49:11 [P-13376] [MainThread] [parse_query_plan] [DEBUG] parse_query_plan.py[line:132] ['Nested Loop']
2022-12-02 20:49:11 [P-13376] [MainThread] [parse_query_plan] [DEBUG] parse_query_plan.py[line:149] _do_NestedLoop
2022-12-02 20:49:11 [P-13376] [MainThread] [parse_query_plan] [DEBUG] parse_query_plan.py[line:126] Nested Loop  (cost=47.54..289.80 rows=1 width=106) (actual time=0.015..0.015 rows=0 loops=1)
2022-12-02 20:49:11 [P-13376] [MainThread] [parse_query_plan] [DEBUG] parse_query_plan.py[line:132] ['Nested Loop']
2022-12-02 20:49:11 [P-13376] [MainThread] [parse_query_plan] [DEBUG] parse_query_plan.py[line:149] _do_NestedLoop
2022-12-02 20:49:11 [P-13376] [MainThread] [parse_query_plan] [DEBUG] parse_query_plan.py[line:126] Nested Loop  (cost=47.11..285.71 rows=1 width=95) (actual time=0.015..0.015 rows=0 loops=1)
2022-12-02 20:49:11 [P-13376] [MainThread] [parse_query_plan] [DEBUG] parse_query_plan.py[line:132] ['Nested Loop']
2022-12-02 20:49:11 [P-13376] [MainThread] [parse_query_plan] [DEBUG] parse_query_plan.py[line:149] _do_NestedLoop
2022-12-02 20:49:11 [P-13376] [MainThread] [parse_query_plan] [DEBUG] parse_query_plan.py[line:126] Nested Loop  (cost=46.96..285.53 rows=1 width=99) (actual time=0.015..0.015 rows=0 loops=1)
2022-12-02 20:49:11 [P-13376] [MainThread] [parse_query_plan] [DEBUG] parse_query_plan.py[line:132] ['Nested Loop']
2022-12-02 20:49:11 [P-13376] [MainThread] [parse_query_plan] [DEBUG] parse_query_plan.py[line:149] _do_NestedLoop
2022-12-02 20:49:11 [P-13376] [MainThread] [parse_query_plan] [DEBUG] parse_query_plan.py[line:126] Nested Loop  (cost=46.53..168.85 rows=1 width=48) (actual time=0.014..0.015 rows=0 loops=1)
2022-12-02 20:49:11 [P-13376] [MainThread] [parse_query_plan] [DEBUG] parse_query_plan.py[line:132] ['Nested Loop']
2022-12-02 20:49:11 [P-13376] [MainThread] [parse_query_plan] [DEBUG] parse_query_plan.py[line:149] _do_NestedLoop
2022-12-02 20:49:11 [P-13376] [MainThread] [parse_query_plan] [DEBUG] parse_query_plan.py[line:126] Hash Join  (cost=46.09..99.00 rows=1 width=40) (actual time=0.014..0.015 rows=0 loops=1)
2022-12-02 20:49:11 [P-13376] [MainThread] [parse_query_plan] [DEBUG] parse_query_plan.py[line:132] ['Hash Join']
2022-12-02 20:49:11 [P-13376] [MainThread] [parse_query_plan] [DEBUG] parse_query_plan.py[line:149] _do_HashJoin
2022-12-02 20:49:11 [P-13376] [MainThread] [parse_query_plan] [DEBUG] parse_query_plan.py[line:126] Nested Loop  (cost=4.61..56.86 rows=253 width=44) (actual time=0.014..0.014 rows=0 loops=1)
2022-12-02 20:49:11 [P-13376] [MainThread] [parse_query_plan] [DEBUG] parse_query_plan.py[line:132] ['Nested Loop']
2022-12-02 20:49:11 [P-13376] [MainThread] [parse_query_plan] [DEBUG] parse_query_plan.py[line:149] _do_NestedLoop
2022-12-02 20:49:11 [P-13376] [MainThread] [parse_query_plan] [DEBUG] parse_query_plan.py[line:126] Nested Loop  (cost=4.18..15.09 rows=4 width=36) (actual time=0.014..0.014 rows=0 loops=1)
2022-12-02 20:49:11 [P-13376] [MainThread] [parse_query_plan] [DEBUG] parse_query_plan.py[line:132] ['Nested Loop']
2022-12-02 20:49:11 [P-13376] [MainThread] [parse_query_plan] [DEBUG] parse_query_plan.py[line:149] _do_NestedLoop
2022-12-02 20:49:11 [P-13376] [MainThread] [parse_query_plan] [DEBUG] parse_query_plan.py[line:126] Seq Scan on info_type it2  (cost=0.00..2.41 rows=1 width=4) (actual time=0.008..0.009 rows=1 loops=1)
2022-12-02 20:49:11 [P-13376] [MainThread] [parse_query_plan] [DEBUG] parse_query_plan.py[line:132] ['Seq Scan', 'info_type it2']
2022-12-02 20:49:11 [P-13376] [MainThread] [parse_query_plan] [DEBUG] parse_query_plan.py[line:149] _do_SeqScan
2022-12-02 20:49:11 [P-13376] [MainThread] [parse_query_plan] [DEBUG] parse_query_plan.py[line:126] Bitmap Heap Scan on movie_info_idx mi_idx  (cost=4.18..12.64 rows=4 width=40) (actual time=0.003..0.003 rows=0 loops=1)
2022-12-02 20:49:11 [P-13376] [MainThread] [parse_query_plan] [DEBUG] parse_query_plan.py[line:132] ['Bitmap Heap Scan', 'movie_info_idx mi_idx']
2022-12-02 20:49:11 [P-13376] [MainThread] [parse_query_plan] [DEBUG] parse_query_plan.py[line:149] _do_BitMapHeapScan
2022-12-02 20:49:11 [P-13376] [MainThread] [parse_query_plan] [DEBUG] parse_query_plan.py[line:126] Bitmap Index Scan on info_type_id_movie_info_idx  (cost=0.00..4.18 rows=4 width=0) (actual time=0.002..0.002 rows=0 loops=1)
2022-12-02 20:49:11 [P-13376] [MainThread] [parse_query_plan] [DEBUG] parse_query_plan.py[line:132] ['Bitmap Index Scan', 'info_type_id_movie_info_idx']
2022-12-02 20:49:11 [P-13376] [MainThread] [parse_query_plan] [DEBUG] parse_query_plan.py[line:149] _do_BitMapIndexScan
2022-12-02 20:49:11 [P-13376] [MainThread] [parse_query_plan] [DEBUG] parse_query_plan.py[line:126] Index Scan using movie_keyword_idx_mid on movie_keyword mk  (cost=0.43..9.81 rows=63 width=8) (never executed)
2022-12-02 20:49:11 [P-13376] [MainThread] [parse_query_plan] [DEBUG] parse_query_plan.py[line:132] ['Index Scan', 'movie_keyword_idx_mid', 'movie_keyword mk']
2022-12-02 20:49:11 [P-13376] [MainThread] [parse_query_plan] [DEBUG] parse_query_plan.py[line:149] _do_IndexScan
2022-12-02 20:49:11 [P-13376] [MainThread] [parse_query_plan] [DEBUG] parse_query_plan.py[line:126] Hash  (cost=41.41..41.41 rows=5 width=4) (never executed)
2022-12-02 20:49:11 [P-13376] [MainThread] [parse_query_plan] [DEBUG] parse_query_plan.py[line:132] ['Hash']
2022-12-02 20:49:11 [P-13376] [MainThread] [parse_query_plan] [DEBUG] parse_query_plan.py[line:149] _do_Hash
2022-12-02 20:49:11 [P-13376] [MainThread] [parse_query_plan] [DEBUG] parse_query_plan.py[line:126] Bitmap Heap Scan on keyword k  (cost=22.14..41.41 rows=5 width=4) (never executed)
2022-12-02 20:49:11 [P-13376] [MainThread] [parse_query_plan] [DEBUG] parse_query_plan.py[line:132] ['Bitmap Heap Scan', 'keyword k']
2022-12-02 20:49:11 [P-13376] [MainThread] [parse_query_plan] [DEBUG] parse_query_plan.py[line:149] _do_BitMapHeapScan
2022-12-02 20:49:11 [P-13376] [MainThread] [parse_query_plan] [DEBUG] parse_query_plan.py[line:207] <re.Match object; span=(0, 66), match="(keyword = ANY ('{murder,blood,gore,death,female->
2022-12-02 20:49:11 [P-13376] [MainThread] [parse_query_plan] [DEBUG] parse_query_plan.py[line:126] Bitmap Index Scan on keyword_idx_keyword  (cost=0.00..22.14 rows=5 width=0) (never executed)
2022-12-02 20:49:11 [P-13376] [MainThread] [parse_query_plan] [DEBUG] parse_query_plan.py[line:132] ['Bitmap Index Scan', 'keyword_idx_keyword']
2022-12-02 20:49:11 [P-13376] [MainThread] [parse_query_plan] [DEBUG] parse_query_plan.py[line:149] _do_BitMapIndexScan
2022-12-02 20:49:11 [P-13376] [MainThread] [parse_query_plan] [DEBUG] parse_query_plan.py[line:207] <re.Match object; span=(0, 66), match="(keyword = ANY ('{murder,blood,gore,death,female->
2022-12-02 20:49:11 [P-13376] [MainThread] [parse_query_plan] [DEBUG] parse_query_plan.py[line:126] Index Scan using cast_info_idx_mid on cast_info ci  (cost=0.44..69.84 rows=1 width=8) (never executed)
2022-12-02 20:49:11 [P-13376] [MainThread] [parse_query_plan] [DEBUG] parse_query_plan.py[line:132] ['Index Scan', 'cast_info_idx_mid', 'cast_info ci']
2022-12-02 20:49:11 [P-13376] [MainThread] [parse_query_plan] [DEBUG] parse_query_plan.py[line:149] _do_IndexScan
2022-12-02 20:49:11 [P-13376] [MainThread] [parse_query_plan] [DEBUG] parse_query_plan.py[line:183] <re.Match object; span=(0, 89), match='note = ANY (\'{(writer),"(head writer)","(written>
2022-12-02 20:49:11 [P-13376] [MainThread] [parse_query_plan] [DEBUG] parse_query_plan.py[line:126] Index Scan using movie_info_idx_mid on movie_info mi  (cost=0.44..116.66 rows=1 width=51) (never executed)
2022-12-02 20:49:11 [P-13376] [MainThread] [parse_query_plan] [DEBUG] parse_query_plan.py[line:132] ['Index Scan', 'movie_info_idx_mid', 'movie_info mi']
2022-12-02 20:49:11 [P-13376] [MainThread] [parse_query_plan] [DEBUG] parse_query_plan.py[line:149] _do_IndexScan
2022-12-02 20:49:11 [P-13376] [MainThread] [parse_query_plan] [DEBUG] parse_query_plan.py[line:126] Index Scan using info_type_pkey on info_type it1  (cost=0.14..0.16 rows=1 width=4) (never executed)
2022-12-02 20:49:11 [P-13376] [MainThread] [parse_query_plan] [DEBUG] parse_query_plan.py[line:132] ['Index Scan', 'info_type_pkey', 'info_type it1']
2022-12-02 20:49:11 [P-13376] [MainThread] [parse_query_plan] [DEBUG] parse_query_plan.py[line:149] _do_IndexScan
2022-12-02 20:49:11 [P-13376] [MainThread] [parse_query_plan] [DEBUG] parse_query_plan.py[line:126] Index Scan using name_pkey on name n  (cost=0.43..4.10 rows=1 width=19) (never executed)
2022-12-02 20:49:11 [P-13376] [MainThread] [parse_query_plan] [DEBUG] parse_query_plan.py[line:132] ['Index Scan', 'name_pkey', 'name n']
2022-12-02 20:49:11 [P-13376] [MainThread] [parse_query_plan] [DEBUG] parse_query_plan.py[line:149] _do_IndexScan
2022-12-02 20:49:11 [P-13376] [MainThread] [parse_query_plan] [DEBUG] parse_query_plan.py[line:126] Index Scan using title_pkey on title t  (cost=0.43..4.02 rows=1 width=20) (never executed)
2022-12-02 20:49:11 [P-13376] [MainThread] [parse_query_plan] [DEBUG] parse_query_plan.py[line:132] ['Index Scan', 'title_pkey', 'title t']
2022-12-02 20:49:11 [P-13376] [MainThread] [parse_query_plan] [DEBUG] parse_query_plan.py[line:149] _do_IndexScan
2022-12-02 20:49:11 [P-13376] [MainThread] [parse_query_plan] [DEBUG] parse_query_plan.py[line:126] Aggregate  (cost=257.02..257.03 rows=1 width=128) (actual time=0.015..0.016 rows=1 loops=1)
2022-12-02 20:49:11 [P-13376] [MainThread] [parse_query_plan] [DEBUG] parse_query_plan.py[line:132] ['Aggregate']
2022-12-02 20:49:11 [P-13376] [MainThread] [parse_query_plan] [DEBUG] parse_query_plan.py[line:149] _do_Aggregate
2022-12-02 20:49:11 [P-13376] [MainThread] [parse_query_plan] [DEBUG] parse_query_plan.py[line:126] Nested Loop  (cost=6.78..257.01 rows=1 width=106) (actual time=0.013..0.014 rows=0 loops=1)
2022-12-02 20:49:11 [P-13376] [MainThread] [parse_query_plan] [DEBUG] parse_query_plan.py[line:132] ['Nested Loop']
2022-12-02 20:49:11 [P-13376] [MainThread] [parse_query_plan] [DEBUG] parse_query_plan.py[line:149] _do_NestedLoop
2022-12-02 20:49:11 [P-13376] [MainThread] [parse_query_plan] [DEBUG] parse_query_plan.py[line:126] Nested Loop  (cost=6.35..252.91 rows=1 width=95) (actual time=0.013..0.014 rows=0 loops=1)
2022-12-02 20:49:11 [P-13376] [MainThread] [parse_query_plan] [DEBUG] parse_query_plan.py[line:132] ['Nested Loop']
2022-12-02 20:49:11 [P-13376] [MainThread] [parse_query_plan] [DEBUG] parse_query_plan.py[line:149] _do_NestedLoop
2022-12-02 20:49:11 [P-13376] [MainThread] [parse_query_plan] [DEBUG] parse_query_plan.py[line:126] Nested Loop  (cost=5.93..247.77 rows=1 width=99) (actual time=0.013..0.014 rows=0 loops=1)
2022-12-02 20:49:11 [P-13376] [MainThread] [parse_query_plan] [DEBUG] parse_query_plan.py[line:132] ['Nested Loop']
2022-12-02 20:49:11 [P-13376] [MainThread] [parse_query_plan] [DEBUG] parse_query_plan.py[line:149] _do_NestedLoop
2022-12-02 20:49:11 [P-13376] [MainThread] [parse_query_plan] [DEBUG] parse_query_plan.py[line:126] Nested Loop  (cost=5.93..245.35 rows=1 width=103) (actual time=0.013..0.014 rows=0 loops=1)
2022-12-02 20:49:11 [P-13376] [MainThread] [parse_query_plan] [DEBUG] parse_query_plan.py[line:132] ['Nested Loop']
2022-12-02 20:49:11 [P-13376] [MainThread] [parse_query_plan] [DEBUG] parse_query_plan.py[line:149] _do_NestedLoop
2022-12-02 20:49:11 [P-13376] [MainThread] [parse_query_plan] [DEBUG] parse_query_plan.py[line:126] Nested Loop  (cost=5.49..128.67 rows=1 width=72) (actual time=0.013..0.014 rows=0 loops=1)
2022-12-02 20:49:11 [P-13376] [MainThread] [parse_query_plan] [DEBUG] parse_query_plan.py[line:132] ['Nested Loop']
2022-12-02 20:49:11 [P-13376] [MainThread] [parse_query_plan] [DEBUG] parse_query_plan.py[line:149] _do_NestedLoop
2022-12-02 20:49:11 [P-13376] [MainThread] [parse_query_plan] [DEBUG] parse_query_plan.py[line:126] Nested Loop  (cost=5.05..58.82 rows=1 width=64) (actual time=0.013..0.013 rows=0 loops=1)
2022-12-02 20:49:11 [P-13376] [MainThread] [parse_query_plan] [DEBUG] parse_query_plan.py[line:132] ['Nested Loop']
2022-12-02 20:49:11 [P-13376] [MainThread] [parse_query_plan] [DEBUG] parse_query_plan.py[line:149] _do_NestedLoop
2022-12-02 20:49:11 [P-13376] [MainThread] [parse_query_plan] [DEBUG] parse_query_plan.py[line:126] Nested Loop  (cost=4.62..48.22 rows=1 width=56) (actual time=0.013..0.013 rows=0 loops=1)
2022-12-02 20:49:11 [P-13376] [MainThread] [parse_query_plan] [DEBUG] parse_query_plan.py[line:132] ['Nested Loop']
2022-12-02 20:49:11 [P-13376] [MainThread] [parse_query_plan] [DEBUG] parse_query_plan.py[line:149] _do_NestedLoop
2022-12-02 20:49:11 [P-13376] [MainThread] [parse_query_plan] [DEBUG] parse_query_plan.py[line:126] Nested Loop  (cost=4.18..15.09 rows=4 width=36) (actual time=0.013..0.013 rows=0 loops=1)
2022-12-02 20:49:11 [P-13376] [MainThread] [parse_query_plan] [DEBUG] parse_query_plan.py[line:132] ['Nested Loop']
2022-12-02 20:49:11 [P-13376] [MainThread] [parse_query_plan] [DEBUG] parse_query_plan.py[line:149] _do_NestedLoop
2022-12-02 20:49:11 [P-13376] [MainThread] [parse_query_plan] [DEBUG] parse_query_plan.py[line:126] Seq Scan on info_type it2  (cost=0.00..2.41 rows=1 width=4) (actual time=0.008..0.009 rows=1 loops=1)
2022-12-02 20:49:11 [P-13376] [MainThread] [parse_query_plan] [DEBUG] parse_query_plan.py[line:132] ['Seq Scan', 'info_type it2']
2022-12-02 20:49:11 [P-13376] [MainThread] [parse_query_plan] [DEBUG] parse_query_plan.py[line:149] _do_SeqScan
2022-12-02 20:49:11 [P-13376] [MainThread] [parse_query_plan] [DEBUG] parse_query_plan.py[line:126] Bitmap Heap Scan on movie_info_idx mi_idx  (cost=4.18..12.64 rows=4 width=40) (actual time=0.003..0.003 rows=0 loops=1)
2022-12-02 20:49:11 [P-13376] [MainThread] [parse_query_plan] [DEBUG] parse_query_plan.py[line:132] ['Bitmap Heap Scan', 'movie_info_idx mi_idx']
2022-12-02 20:49:11 [P-13376] [MainThread] [parse_query_plan] [DEBUG] parse_query_plan.py[line:149] _do_BitMapHeapScan
2022-12-02 20:49:11 [P-13376] [MainThread] [parse_query_plan] [DEBUG] parse_query_plan.py[line:126] Bitmap Index Scan on info_type_id_movie_info_idx  (cost=0.00..4.18 rows=4 width=0) (actual time=0.002..0.002 rows=0 loops=1)
2022-12-02 20:49:11 [P-13376] [MainThread] [parse_query_plan] [DEBUG] parse_query_plan.py[line:132] ['Bitmap Index Scan', 'info_type_id_movie_info_idx']
2022-12-02 20:49:11 [P-13376] [MainThread] [parse_query_plan] [DEBUG] parse_query_plan.py[line:149] _do_BitMapIndexScan
2022-12-02 20:49:11 [P-13376] [MainThread] [parse_query_plan] [DEBUG] parse_query_plan.py[line:126] Memoize  (cost=0.44..8.27 rows=1 width=20) (never executed)
2022-12-02 20:49:11 [P-13376] [MainThread] [parse_query_plan] [DEBUG] parse_query_plan.py[line:132] ['Memoize']
2022-12-02 20:49:11 [P-13376] [MainThread] [parse_query_plan] [DEBUG] parse_query_plan.py[line:149] _do_Memorize
2022-12-02 20:49:11 [P-13376] [MainThread] [parse_query_plan] [DEBUG] parse_query_plan.py[line:126] Index Scan using title_pkey on title t  (cost=0.43..8.26 rows=1 width=20) (never executed)
2022-12-02 20:49:11 [P-13376] [MainThread] [parse_query_plan] [DEBUG] parse_query_plan.py[line:132] ['Index Scan', 'title_pkey', 'title t']
2022-12-02 20:49:11 [P-13376] [MainThread] [parse_query_plan] [DEBUG] parse_query_plan.py[line:149] _do_IndexScan
2022-12-02 20:49:11 [P-13376] [MainThread] [parse_query_plan] [DEBUG] parse_query_plan.py[line:126] Index Scan using movie_keyword_idx_mid on movie_keyword mk  (cost=0.43..9.81 rows=63 width=8) (never executed)
2022-12-02 20:49:11 [P-13376] [MainThread] [parse_query_plan] [DEBUG] parse_query_plan.py[line:132] ['Index Scan', 'movie_keyword_idx_mid', 'movie_keyword mk']
2022-12-02 20:49:11 [P-13376] [MainThread] [parse_query_plan] [DEBUG] parse_query_plan.py[line:149] _do_IndexScan
2022-12-02 20:49:11 [P-13376] [MainThread] [parse_query_plan] [DEBUG] parse_query_plan.py[line:126] Index Scan using cast_info_idx_mid on cast_info ci  (cost=0.44..69.84 rows=1 width=8) (never executed)
2022-12-02 20:49:11 [P-13376] [MainThread] [parse_query_plan] [DEBUG] parse_query_plan.py[line:132] ['Index Scan', 'cast_info_idx_mid', 'cast_info ci']
2022-12-02 20:49:11 [P-13376] [MainThread] [parse_query_plan] [DEBUG] parse_query_plan.py[line:149] _do_IndexScan
2022-12-02 20:49:11 [P-13376] [MainThread] [parse_query_plan] [DEBUG] parse_query_plan.py[line:183] <re.Match object; span=(0, 89), match='note = ANY (\'{(writer),"(head writer)","(written>
2022-12-02 20:49:11 [P-13376] [MainThread] [parse_query_plan] [DEBUG] parse_query_plan.py[line:126] Index Scan using movie_info_idx_mid on movie_info mi  (cost=0.44..116.66 rows=1 width=51) (never executed)
2022-12-02 20:49:11 [P-13376] [MainThread] [parse_query_plan] [DEBUG] parse_query_plan.py[line:132] ['Index Scan', 'movie_info_idx_mid', 'movie_info mi']
2022-12-02 20:49:11 [P-13376] [MainThread] [parse_query_plan] [DEBUG] parse_query_plan.py[line:149] _do_IndexScan
2022-12-02 20:49:11 [P-13376] [MainThread] [parse_query_plan] [DEBUG] parse_query_plan.py[line:126] Seq Scan on info_type it1  (cost=0.00..2.41 rows=1 width=4) (never executed)
2022-12-02 20:49:11 [P-13376] [MainThread] [parse_query_plan] [DEBUG] parse_query_plan.py[line:132] ['Seq Scan', 'info_type it1']
2022-12-02 20:49:11 [P-13376] [MainThread] [parse_query_plan] [DEBUG] parse_query_plan.py[line:149] _do_SeqScan
2022-12-02 20:49:11 [P-13376] [MainThread] [parse_query_plan] [DEBUG] parse_query_plan.py[line:126] Index Scan using keyword_pkey on keyword k  (cost=0.42..3.96 rows=1 width=4) (never executed)
2022-12-02 20:49:11 [P-13376] [MainThread] [parse_query_plan] [DEBUG] parse_query_plan.py[line:132] ['Index Scan', 'keyword_pkey', 'keyword k']
2022-12-02 20:49:11 [P-13376] [MainThread] [parse_query_plan] [DEBUG] parse_query_plan.py[line:149] _do_IndexScan
2022-12-02 20:49:11 [P-13376] [MainThread] [parse_query_plan] [DEBUG] parse_query_plan.py[line:183] <re.Match object; span=(0, 65), match="keyword = ANY ('{murder,blood,gore,death,female-n>
2022-12-02 20:49:11 [P-13376] [MainThread] [parse_query_plan] [DEBUG] parse_query_plan.py[line:126] Index Scan using name_pkey on name n  (cost=0.43..4.10 rows=1 width=19) (never executed)
2022-12-02 20:49:11 [P-13376] [MainThread] [parse_query_plan] [DEBUG] parse_query_plan.py[line:132] ['Index Scan', 'name_pkey', 'name n']
2022-12-02 20:49:11 [P-13376] [MainThread] [parse_query_plan] [DEBUG] parse_query_plan.py[line:149] _do_IndexScan
2022-12-02 20:49:11 [P-13376] [MainThread] [parse_query_plan] [DEBUG] parse_query_plan.py[line:126] Aggregate  (cost=310.55..310.56 rows=1 width=128) (actual time=0.016..0.017 rows=1 loops=1)
2022-12-02 20:49:11 [P-13376] [MainThread] [parse_query_plan] [DEBUG] parse_query_plan.py[line:132] ['Aggregate']
2022-12-02 20:49:11 [P-13376] [MainThread] [parse_query_plan] [DEBUG] parse_query_plan.py[line:149] _do_Aggregate
2022-12-02 20:49:11 [P-13376] [MainThread] [parse_query_plan] [DEBUG] parse_query_plan.py[line:126] Nested Loop  (cost=64.37..310.54 rows=1 width=106) (actual time=0.014..0.015 rows=0 loops=1)
2022-12-02 20:49:11 [P-13376] [MainThread] [parse_query_plan] [DEBUG] parse_query_plan.py[line:132] ['Nested Loop']
2022-12-02 20:49:11 [P-13376] [MainThread] [parse_query_plan] [DEBUG] parse_query_plan.py[line:149] _do_NestedLoop
2022-12-02 20:49:11 [P-13376] [MainThread] [parse_query_plan] [DEBUG] parse_query_plan.py[line:126] Nested Loop  (cost=63.94..306.51 rows=1 width=106) (actual time=0.014..0.015 rows=0 loops=1)
2022-12-02 20:49:11 [P-13376] [MainThread] [parse_query_plan] [DEBUG] parse_query_plan.py[line:132] ['Nested Loop']
2022-12-02 20:49:11 [P-13376] [MainThread] [parse_query_plan] [DEBUG] parse_query_plan.py[line:149] _do_NestedLoop
2022-12-02 20:49:11 [P-13376] [MainThread] [parse_query_plan] [DEBUG] parse_query_plan.py[line:126] Nested Loop  (cost=63.51..302.42 rows=1 width=95) (actual time=0.014..0.015 rows=0 loops=1)
2022-12-02 20:49:11 [P-13376] [MainThread] [parse_query_plan] [DEBUG] parse_query_plan.py[line:132] ['Nested Loop']
2022-12-02 20:49:11 [P-13376] [MainThread] [parse_query_plan] [DEBUG] parse_query_plan.py[line:149] _do_NestedLoop
2022-12-02 20:49:11 [P-13376] [MainThread] [parse_query_plan] [DEBUG] parse_query_plan.py[line:126] Nested Loop  (cost=63.36..302.24 rows=1 width=99) (actual time=0.014..0.015 rows=0 loops=1)
2022-12-02 20:49:11 [P-13376] [MainThread] [parse_query_plan] [DEBUG] parse_query_plan.py[line:132] ['Nested Loop']
2022-12-02 20:49:11 [P-13376] [MainThread] [parse_query_plan] [DEBUG] parse_query_plan.py[line:149] _do_NestedLoop
2022-12-02 20:49:11 [P-13376] [MainThread] [parse_query_plan] [DEBUG] parse_query_plan.py[line:126] Nested Loop  (cost=62.93..185.25 rows=1 width=48) (actual time=0.014..0.015 rows=0 loops=1)
2022-12-02 20:49:11 [P-13376] [MainThread] [parse_query_plan] [DEBUG] parse_query_plan.py[line:132] ['Nested Loop']
2022-12-02 20:49:11 [P-13376] [MainThread] [parse_query_plan] [DEBUG] parse_query_plan.py[line:149] _do_NestedLoop
2022-12-02 20:49:11 [P-13376] [MainThread] [parse_query_plan] [DEBUG] parse_query_plan.py[line:126] Hash Join  (cost=62.49..115.40 rows=1 width=40) (actual time=0.014..0.015 rows=0 loops=1)
2022-12-02 20:49:11 [P-13376] [MainThread] [parse_query_plan] [DEBUG] parse_query_plan.py[line:132] ['Hash Join']
2022-12-02 20:49:11 [P-13376] [MainThread] [parse_query_plan] [DEBUG] parse_query_plan.py[line:149] _do_HashJoin
2022-12-02 20:49:11 [P-13376] [MainThread] [parse_query_plan] [DEBUG] parse_query_plan.py[line:126] Nested Loop  (cost=4.61..56.86 rows=253 width=44) (actual time=0.013..0.014 rows=0 loops=1)
2022-12-02 20:49:11 [P-13376] [MainThread] [parse_query_plan] [DEBUG] parse_query_plan.py[line:132] ['Nested Loop']
2022-12-02 20:49:11 [P-13376] [MainThread] [parse_query_plan] [DEBUG] parse_query_plan.py[line:149] _do_NestedLoop
2022-12-02 20:49:11 [P-13376] [MainThread] [parse_query_plan] [DEBUG] parse_query_plan.py[line:126] Nested Loop  (cost=4.18..15.09 rows=4 width=36) (actual time=0.013..0.014 rows=0 loops=1)
2022-12-02 20:49:11 [P-13376] [MainThread] [parse_query_plan] [DEBUG] parse_query_plan.py[line:132] ['Nested Loop']
2022-12-02 20:49:11 [P-13376] [MainThread] [parse_query_plan] [DEBUG] parse_query_plan.py[line:149] _do_NestedLoop
2022-12-02 20:49:11 [P-13376] [MainThread] [parse_query_plan] [DEBUG] parse_query_plan.py[line:126] Seq Scan on info_type it2  (cost=0.00..2.41 rows=1 width=4) (actual time=0.008..0.009 rows=1 loops=1)
2022-12-02 20:49:11 [P-13376] [MainThread] [parse_query_plan] [DEBUG] parse_query_plan.py[line:132] ['Seq Scan', 'info_type it2']
2022-12-02 20:49:11 [P-13376] [MainThread] [parse_query_plan] [DEBUG] parse_query_plan.py[line:149] _do_SeqScan
2022-12-02 20:49:11 [P-13376] [MainThread] [parse_query_plan] [DEBUG] parse_query_plan.py[line:126] Bitmap Heap Scan on movie_info_idx mi_idx  (cost=4.18..12.64 rows=4 width=40) (actual time=0.003..0.003 rows=0 loops=1)
2022-12-02 20:49:11 [P-13376] [MainThread] [parse_query_plan] [DEBUG] parse_query_plan.py[line:132] ['Bitmap Heap Scan', 'movie_info_idx mi_idx']
2022-12-02 20:49:11 [P-13376] [MainThread] [parse_query_plan] [DEBUG] parse_query_plan.py[line:149] _do_BitMapHeapScan
2022-12-02 20:49:11 [P-13376] [MainThread] [parse_query_plan] [DEBUG] parse_query_plan.py[line:126] Bitmap Index Scan on info_type_id_movie_info_idx  (cost=0.00..4.18 rows=4 width=0) (actual time=0.002..0.002 rows=0 loops=1)
2022-12-02 20:49:11 [P-13376] [MainThread] [parse_query_plan] [DEBUG] parse_query_plan.py[line:132] ['Bitmap Index Scan', 'info_type_id_movie_info_idx']
2022-12-02 20:49:11 [P-13376] [MainThread] [parse_query_plan] [DEBUG] parse_query_plan.py[line:149] _do_BitMapIndexScan
2022-12-02 20:49:11 [P-13376] [MainThread] [parse_query_plan] [DEBUG] parse_query_plan.py[line:126] Index Scan using movie_keyword_idx_mid on movie_keyword mk  (cost=0.43..9.81 rows=63 width=8) (never executed)
2022-12-02 20:49:11 [P-13376] [MainThread] [parse_query_plan] [DEBUG] parse_query_plan.py[line:132] ['Index Scan', 'movie_keyword_idx_mid', 'movie_keyword mk']
2022-12-02 20:49:11 [P-13376] [MainThread] [parse_query_plan] [DEBUG] parse_query_plan.py[line:149] _do_IndexScan
2022-12-02 20:49:11 [P-13376] [MainThread] [parse_query_plan] [DEBUG] parse_query_plan.py[line:126] Hash  (cost=57.78..57.78 rows=7 width=4) (never executed)
2022-12-02 20:49:11 [P-13376] [MainThread] [parse_query_plan] [DEBUG] parse_query_plan.py[line:132] ['Hash']
2022-12-02 20:49:11 [P-13376] [MainThread] [parse_query_plan] [DEBUG] parse_query_plan.py[line:149] _do_Hash
2022-12-02 20:49:11 [P-13376] [MainThread] [parse_query_plan] [DEBUG] parse_query_plan.py[line:126] Bitmap Heap Scan on keyword k  (cost=30.99..57.78 rows=7 width=4) (never executed)
2022-12-02 20:49:11 [P-13376] [MainThread] [parse_query_plan] [DEBUG] parse_query_plan.py[line:132] ['Bitmap Heap Scan', 'keyword k']
2022-12-02 20:49:11 [P-13376] [MainThread] [parse_query_plan] [DEBUG] parse_query_plan.py[line:149] _do_BitMapHeapScan
2022-12-02 20:49:11 [P-13376] [MainThread] [parse_query_plan] [DEBUG] parse_query_plan.py[line:207] <re.Match object; span=(0, 84), match="(keyword = ANY ('{murder,violence,blood,gore,deat>
2022-12-02 20:49:11 [P-13376] [MainThread] [parse_query_plan] [DEBUG] parse_query_plan.py[line:126] Bitmap Index Scan on keyword_idx_keyword  (cost=0.00..30.99 rows=7 width=0) (never executed)
2022-12-02 20:49:11 [P-13376] [MainThread] [parse_query_plan] [DEBUG] parse_query_plan.py[line:132] ['Bitmap Index Scan', 'keyword_idx_keyword']
2022-12-02 20:49:11 [P-13376] [MainThread] [parse_query_plan] [DEBUG] parse_query_plan.py[line:149] _do_BitMapIndexScan
2022-12-02 20:49:11 [P-13376] [MainThread] [parse_query_plan] [DEBUG] parse_query_plan.py[line:207] <re.Match object; span=(0, 84), match="(keyword = ANY ('{murder,violence,blood,gore,deat>
2022-12-02 20:49:11 [P-13376] [MainThread] [parse_query_plan] [DEBUG] parse_query_plan.py[line:126] Index Scan using cast_info_idx_mid on cast_info ci  (cost=0.44..69.84 rows=1 width=8) (never executed)
2022-12-02 20:49:11 [P-13376] [MainThread] [parse_query_plan] [DEBUG] parse_query_plan.py[line:132] ['Index Scan', 'cast_info_idx_mid', 'cast_info ci']
2022-12-02 20:49:11 [P-13376] [MainThread] [parse_query_plan] [DEBUG] parse_query_plan.py[line:149] _do_IndexScan
2022-12-02 20:49:11 [P-13376] [MainThread] [parse_query_plan] [DEBUG] parse_query_plan.py[line:183] <re.Match object; span=(0, 89), match='note = ANY (\'{(writer),"(head writer)","(written>
2022-12-02 20:49:11 [P-13376] [MainThread] [parse_query_plan] [DEBUG] parse_query_plan.py[line:126] Index Scan using movie_info_idx_mid on movie_info mi  (cost=0.44..116.97 rows=1 width=51) (never executed)
2022-12-02 20:49:11 [P-13376] [MainThread] [parse_query_plan] [DEBUG] parse_query_plan.py[line:132] ['Index Scan', 'movie_info_idx_mid', 'movie_info mi']
2022-12-02 20:49:11 [P-13376] [MainThread] [parse_query_plan] [DEBUG] parse_query_plan.py[line:149] _do_IndexScan
2022-12-02 20:49:11 [P-13376] [MainThread] [parse_query_plan] [DEBUG] parse_query_plan.py[line:183] <re.Match object; span=(0, 64), match="info = ANY ('{Horror,Action,Sci-Fi,Thriller,Crime>
2022-12-02 20:49:11 [P-13376] [MainThread] [parse_query_plan] [DEBUG] parse_query_plan.py[line:126] Index Scan using info_type_pkey on info_type it1  (cost=0.14..0.16 rows=1 width=4) (never executed)
2022-12-02 20:49:11 [P-13376] [MainThread] [parse_query_plan] [DEBUG] parse_query_plan.py[line:132] ['Index Scan', 'info_type_pkey', 'info_type it1']
2022-12-02 20:49:11 [P-13376] [MainThread] [parse_query_plan] [DEBUG] parse_query_plan.py[line:149] _do_IndexScan
2022-12-02 20:49:11 [P-13376] [MainThread] [parse_query_plan] [DEBUG] parse_query_plan.py[line:126] Index Scan using name_pkey on name n  (cost=0.43..4.10 rows=1 width=19) (never executed)
2022-12-02 20:49:11 [P-13376] [MainThread] [parse_query_plan] [DEBUG] parse_query_plan.py[line:132] ['Index Scan', 'name_pkey', 'name n']
2022-12-02 20:49:11 [P-13376] [MainThread] [parse_query_plan] [DEBUG] parse_query_plan.py[line:149] _do_IndexScan
2022-12-02 20:49:11 [P-13376] [MainThread] [parse_query_plan] [DEBUG] parse_query_plan.py[line:126] Index Scan using title_pkey on title t  (cost=0.43..4.02 rows=1 width=20) (never executed)
2022-12-02 20:49:11 [P-13376] [MainThread] [parse_query_plan] [DEBUG] parse_query_plan.py[line:132] ['Index Scan', 'title_pkey', 'title t']
2022-12-02 20:49:11 [P-13376] [MainThread] [parse_query_plan] [DEBUG] parse_query_plan.py[line:149] _do_IndexScan
2022-12-02 20:49:11 [P-13376] [MainThread] [parse_query_plan] [DEBUG] parse_query_plan.py[line:126] Aggregate  (cost=127.51..127.52 rows=1 width=128) (actual time=0.015..0.016 rows=1 loops=1)
2022-12-02 20:49:11 [P-13376] [MainThread] [parse_query_plan] [DEBUG] parse_query_plan.py[line:132] ['Aggregate']
2022-12-02 20:49:11 [P-13376] [MainThread] [parse_query_plan] [DEBUG] parse_query_plan.py[line:149] _do_Aggregate
2022-12-02 20:49:11 [P-13376] [MainThread] [parse_query_plan] [DEBUG] parse_query_plan.py[line:126] Nested Loop  (cost=7.67..127.50 rows=1 width=79) (actual time=0.014..0.015 rows=0 loops=1)
2022-12-02 20:49:11 [P-13376] [MainThread] [parse_query_plan] [DEBUG] parse_query_plan.py[line:132] ['Nested Loop']
2022-12-02 20:49:11 [P-13376] [MainThread] [parse_query_plan] [DEBUG] parse_query_plan.py[line:149] _do_NestedLoop
2022-12-02 20:49:11 [P-13376] [MainThread] [parse_query_plan] [DEBUG] parse_query_plan.py[line:126] Nested Loop  (cost=7.52..126.25 rows=1 width=83) (actual time=0.013..0.014 rows=0 loops=1)
2022-12-02 20:49:11 [P-13376] [MainThread] [parse_query_plan] [DEBUG] parse_query_plan.py[line:132] ['Nested Loop']
2022-12-02 20:49:11 [P-13376] [MainThread] [parse_query_plan] [DEBUG] parse_query_plan.py[line:149] _do_NestedLoop
2022-12-02 20:49:11 [P-13376] [MainThread] [parse_query_plan] [DEBUG] parse_query_plan.py[line:126] Nested Loop  (cost=7.08..123.71 rows=1 width=87) (actual time=0.013..0.014 rows=0 loops=1)
2022-12-02 20:49:11 [P-13376] [MainThread] [parse_query_plan] [DEBUG] parse_query_plan.py[line:132] ['Nested Loop']
2022-12-02 20:49:11 [P-13376] [MainThread] [parse_query_plan] [DEBUG] parse_query_plan.py[line:149] _do_NestedLoop
2022-12-02 20:49:11 [P-13376] [MainThread] [parse_query_plan] [DEBUG] parse_query_plan.py[line:126] Nested Loop  (cost=6.92..121.72 rows=2 width=91) (actual time=0.013..0.014 rows=0 loops=1)
2022-12-02 20:49:11 [P-13376] [MainThread] [parse_query_plan] [DEBUG] parse_query_plan.py[line:132] ['Nested Loop']
2022-12-02 20:49:11 [P-13376] [MainThread] [parse_query_plan] [DEBUG] parse_query_plan.py[line:149] _do_NestedLoop
2022-12-02 20:49:11 [P-13376] [MainThread] [parse_query_plan] [DEBUG] parse_query_plan.py[line:126] Nested Loop  (cost=6.49..117.50 rows=1 width=103) (actual time=0.013..0.014 rows=0 loops=1)
2022-12-02 20:49:11 [P-13376] [MainThread] [parse_query_plan] [DEBUG] parse_query_plan.py[line:132] ['Nested Loop']
2022-12-02 20:49:11 [P-13376] [MainThread] [parse_query_plan] [DEBUG] parse_query_plan.py[line:149] _do_NestedLoop
2022-12-02 20:49:11 [P-13376] [MainThread] [parse_query_plan] [DEBUG] parse_query_plan.py[line:126] Nested Loop  (cost=6.05..115.13 rows=1 width=92) (actual time=0.013..0.014 rows=0 loops=1)
2022-12-02 20:49:11 [P-13376] [MainThread] [parse_query_plan] [DEBUG] parse_query_plan.py[line:132] ['Nested Loop']
2022-12-02 20:49:11 [P-13376] [MainThread] [parse_query_plan] [DEBUG] parse_query_plan.py[line:149] _do_NestedLoop
2022-12-02 20:49:11 [P-13376] [MainThread] [parse_query_plan] [DEBUG] parse_query_plan.py[line:126] Nested Loop  (cost=5.62..71.05 rows=19 width=80) (actual time=0.013..0.014 rows=0 loops=1)
2022-12-02 20:49:11 [P-13376] [MainThread] [parse_query_plan] [DEBUG] parse_query_plan.py[line:132] ['Nested Loop']
2022-12-02 20:49:11 [P-13376] [MainThread] [parse_query_plan] [DEBUG] parse_query_plan.py[line:149] _do_NestedLoop
2022-12-02 20:49:11 [P-13376] [MainThread] [parse_query_plan] [DEBUG] parse_query_plan.py[line:126] Nested Loop  (cost=5.18..27.84 rows=1 width=68) (actual time=0.013..0.014 rows=0 loops=1)
2022-12-02 20:49:11 [P-13376] [MainThread] [parse_query_plan] [DEBUG] parse_query_plan.py[line:132] ['Nested Loop']
2022-12-02 20:49:11 [P-13376] [MainThread] [parse_query_plan] [DEBUG] parse_query_plan.py[line:149] _do_NestedLoop
2022-12-02 20:49:11 [P-13376] [MainThread] [parse_query_plan] [DEBUG] parse_query_plan.py[line:126] Nested Loop  (cost=5.03..26.54 rows=1 width=72) (actual time=0.013..0.013 rows=0 loops=1)
2022-12-02 20:49:11 [P-13376] [MainThread] [parse_query_plan] [DEBUG] parse_query_plan.py[line:132] ['Nested Loop']
2022-12-02 20:49:11 [P-13376] [MainThread] [parse_query_plan] [DEBUG] parse_query_plan.py[line:149] _do_NestedLoop
2022-12-02 20:49:11 [P-13376] [MainThread] [parse_query_plan] [DEBUG] parse_query_plan.py[line:126] Nested Loop  (cost=4.61..23.48 rows=1 width=60) (actual time=0.013..0.013 rows=0 loops=1)
2022-12-02 20:49:11 [P-13376] [MainThread] [parse_query_plan] [DEBUG] parse_query_plan.py[line:132] ['Nested Loop']
2022-12-02 20:49:11 [P-13376] [MainThread] [parse_query_plan] [DEBUG] parse_query_plan.py[line:149] _do_NestedLoop
2022-12-02 20:49:11 [P-13376] [MainThread] [parse_query_plan] [DEBUG] parse_query_plan.py[line:126] Nested Loop  (cost=4.18..15.07 rows=1 width=36) (actual time=0.013..0.013 rows=0 loops=1)
2022-12-02 20:49:11 [P-13376] [MainThread] [parse_query_plan] [DEBUG] parse_query_plan.py[line:132] ['Nested Loop']
2022-12-02 20:49:11 [P-13376] [MainThread] [parse_query_plan] [DEBUG] parse_query_plan.py[line:149] _do_NestedLoop
2022-12-02 20:49:11 [P-13376] [MainThread] [parse_query_plan] [DEBUG] parse_query_plan.py[line:126] Seq Scan on info_type it2  (cost=0.00..2.41 rows=1 width=4) (actual time=0.009..0.009 rows=1 loops=1)
2022-12-02 20:49:11 [P-13376] [MainThread] [parse_query_plan] [DEBUG] parse_query_plan.py[line:132] ['Seq Scan', 'info_type it2']
2022-12-02 20:49:11 [P-13376] [MainThread] [parse_query_plan] [DEBUG] parse_query_plan.py[line:149] _do_SeqScan
2022-12-02 20:49:11 [P-13376] [MainThread] [parse_query_plan] [DEBUG] parse_query_plan.py[line:126] Bitmap Heap Scan on movie_info_idx mi_idx  (cost=4.18..12.65 rows=1 width=40) (actual time=0.002..0.002 rows=0 loops=1)
2022-12-02 20:49:11 [P-13376] [MainThread] [parse_query_plan] [DEBUG] parse_query_plan.py[line:132] ['Bitmap Heap Scan', 'movie_info_idx mi_idx']
2022-12-02 20:49:11 [P-13376] [MainThread] [parse_query_plan] [DEBUG] parse_query_plan.py[line:149] _do_BitMapHeapScan
2022-12-02 20:49:11 [P-13376] [MainThread] [parse_query_plan] [DEBUG] parse_query_plan.py[line:126] Bitmap Index Scan on info_type_id_movie_info_idx  (cost=0.00..4.18 rows=4 width=0) (actual time=0.002..0.002 rows=0 loops=1)
2022-12-02 20:49:11 [P-13376] [MainThread] [parse_query_plan] [DEBUG] parse_query_plan.py[line:132] ['Bitmap Index Scan', 'info_type_id_movie_info_idx']
2022-12-02 20:49:11 [P-13376] [MainThread] [parse_query_plan] [DEBUG] parse_query_plan.py[line:149] _do_BitMapIndexScan
2022-12-02 20:49:11 [P-13376] [MainThread] [parse_query_plan] [DEBUG] parse_query_plan.py[line:126] Index Scan using title_pkey on title t  (cost=0.43..8.40 rows=1 width=24) (never executed)
2022-12-02 20:49:11 [P-13376] [MainThread] [parse_query_plan] [DEBUG] parse_query_plan.py[line:132] ['Index Scan', 'title_pkey', 'title t']
2022-12-02 20:49:11 [P-13376] [MainThread] [parse_query_plan] [DEBUG] parse_query_plan.py[line:149] _do_IndexScan
2022-12-02 20:49:11 [P-13376] [MainThread] [parse_query_plan] [DEBUG] parse_query_plan.py[line:126] Index Scan using complete_cast_idx_mid on complete_cast cc  (cost=0.42..3.05 rows=2 width=12) (never executed)
2022-12-02 20:49:11 [P-13376] [MainThread] [parse_query_plan] [DEBUG] parse_query_plan.py[line:132] ['Index Scan', 'complete_cast_idx_mid', 'complete_cast cc']
2022-12-02 20:49:11 [P-13376] [MainThread] [parse_query_plan] [DEBUG] parse_query_plan.py[line:149] _do_IndexScan
2022-12-02 20:49:11 [P-13376] [MainThread] [parse_query_plan] [DEBUG] parse_query_plan.py[line:126] Index Scan using comp_cast_type_pkey on comp_cast_type cct1  (cost=0.15..0.97 rows=1 width=4) (never executed)
2022-12-02 20:49:11 [P-13376] [MainThread] [parse_query_plan] [DEBUG] parse_query_plan.py[line:132] ['Index Scan', 'comp_cast_type_pkey', 'comp_cast_type cct1']
2022-12-02 20:49:11 [P-13376] [MainThread] [parse_query_plan] [DEBUG] parse_query_plan.py[line:149] _do_IndexScan
2022-12-02 20:49:11 [P-13376] [MainThread] [parse_query_plan] [DEBUG] parse_query_plan.py[line:126] Index Scan using cast_info_idx_mid on cast_info ci  (cost=0.44..42.86 rows=35 width=12) (never executed)
2022-12-02 20:49:11 [P-13376] [MainThread] [parse_query_plan] [DEBUG] parse_query_plan.py[line:132] ['Index Scan', 'cast_info_idx_mid', 'cast_info ci']
2022-12-02 20:49:11 [P-13376] [MainThread] [parse_query_plan] [DEBUG] parse_query_plan.py[line:149] _do_IndexScan
2022-12-02 20:49:11 [P-13376] [MainThread] [parse_query_plan] [DEBUG] parse_query_plan.py[line:126] Index Scan using char_name_pkey on char_name chn  (cost=0.43..2.32 rows=1 width=20) (never executed)
2022-12-02 20:49:11 [P-13376] [MainThread] [parse_query_plan] [DEBUG] parse_query_plan.py[line:132] ['Index Scan', 'char_name_pkey', 'char_name chn']
2022-12-02 20:49:11 [P-13376] [MainThread] [parse_query_plan] [DEBUG] parse_query_plan.py[line:149] _do_IndexScan
2022-12-02 20:49:11 [P-13376] [MainThread] [parse_query_plan] [DEBUG] parse_query_plan.py[line:126] Index Scan using name_pkey on name n  (cost=0.43..2.37 rows=1 width=19) (never executed)
2022-12-02 20:49:11 [P-13376] [MainThread] [parse_query_plan] [DEBUG] parse_query_plan.py[line:132] ['Index Scan', 'name_pkey', 'name n']
2022-12-02 20:49:11 [P-13376] [MainThread] [parse_query_plan] [DEBUG] parse_query_plan.py[line:149] _do_IndexScan
2022-12-02 20:49:11 [P-13376] [MainThread] [parse_query_plan] [DEBUG] parse_query_plan.py[line:126] Index Scan using movie_keyword_idx_mid on movie_keyword mk  (cost=0.43..3.59 rows=63 width=8) (never executed)
2022-12-02 20:49:11 [P-13376] [MainThread] [parse_query_plan] [DEBUG] parse_query_plan.py[line:132] ['Index Scan', 'movie_keyword_idx_mid', 'movie_keyword mk']
2022-12-02 20:49:11 [P-13376] [MainThread] [parse_query_plan] [DEBUG] parse_query_plan.py[line:149] _do_IndexScan
2022-12-02 20:49:11 [P-13376] [MainThread] [parse_query_plan] [DEBUG] parse_query_plan.py[line:126] Memoize  (cost=0.16..0.98 rows=1 width=4) (never executed)
2022-12-02 20:49:11 [P-13376] [MainThread] [parse_query_plan] [DEBUG] parse_query_plan.py[line:132] ['Memoize']
2022-12-02 20:49:11 [P-13376] [MainThread] [parse_query_plan] [DEBUG] parse_query_plan.py[line:149] _do_Memorize
2022-12-02 20:49:11 [P-13376] [MainThread] [parse_query_plan] [DEBUG] parse_query_plan.py[line:126] Index Scan using comp_cast_type_pkey on comp_cast_type cct2  (cost=0.15..0.97 rows=1 width=4) (never executed)
2022-12-02 20:49:11 [P-13376] [MainThread] [parse_query_plan] [DEBUG] parse_query_plan.py[line:132] ['Index Scan', 'comp_cast_type_pkey', 'comp_cast_type cct2']
2022-12-02 20:49:11 [P-13376] [MainThread] [parse_query_plan] [DEBUG] parse_query_plan.py[line:149] _do_IndexScan
2022-12-02 20:49:11 [P-13376] [MainThread] [parse_query_plan] [DEBUG] parse_query_plan.py[line:126] Index Scan using keyword_pkey on keyword k  (cost=0.45..2.23 rows=1 width=4) (never executed)
2022-12-02 20:49:11 [P-13376] [MainThread] [parse_query_plan] [DEBUG] parse_query_plan.py[line:132] ['Index Scan', 'keyword_pkey', 'keyword k']
2022-12-02 20:49:11 [P-13376] [MainThread] [parse_query_plan] [DEBUG] parse_query_plan.py[line:149] _do_IndexScan
2022-12-02 20:49:11 [P-13376] [MainThread] [parse_query_plan] [DEBUG] parse_query_plan.py[line:183] <re.Match object; span=(0, 114), match="keyword = ANY ('{superhero,marvel-comics,based-on>
2022-12-02 20:49:11 [P-13376] [MainThread] [parse_query_plan] [DEBUG] parse_query_plan.py[line:126] Index Scan using kind_type_pkey on kind_type kt  (cost=0.15..0.97 rows=1 width=4) (never executed)
2022-12-02 20:49:11 [P-13376] [MainThread] [parse_query_plan] [DEBUG] parse_query_plan.py[line:132] ['Index Scan', 'kind_type_pkey', 'kind_type kt']
2022-12-02 20:49:11 [P-13376] [MainThread] [parse_query_plan] [DEBUG] parse_query_plan.py[line:149] _do_IndexScan
2022-12-02 20:49:11 [P-13376] [MainThread] [parse_query_plan] [DEBUG] parse_query_plan.py[line:126] Aggregate  (cost=117.33..117.34 rows=1 width=96) (actual time=0.016..0.017 rows=1 loops=1)
2022-12-02 20:49:11 [P-13376] [MainThread] [parse_query_plan] [DEBUG] parse_query_plan.py[line:132] ['Aggregate']
2022-12-02 20:49:11 [P-13376] [MainThread] [parse_query_plan] [DEBUG] parse_query_plan.py[line:149] _do_Aggregate
2022-12-02 20:49:11 [P-13376] [MainThread] [parse_query_plan] [DEBUG] parse_query_plan.py[line:126] Nested Loop  (cost=7.66..117.32 rows=1 width=64) (actual time=0.015..0.016 rows=0 loops=1)
2022-12-02 20:49:11 [P-13376] [MainThread] [parse_query_plan] [DEBUG] parse_query_plan.py[line:132] ['Nested Loop']
2022-12-02 20:49:11 [P-13376] [MainThread] [parse_query_plan] [DEBUG] parse_query_plan.py[line:149] _do_NestedLoop
2022-12-02 20:49:11 [P-13376] [MainThread] [parse_query_plan] [DEBUG] parse_query_plan.py[line:126] Nested Loop  (cost=7.51..116.02 rows=1 width=68) (actual time=0.014..0.015 rows=0 loops=1)
2022-12-02 20:49:11 [P-13376] [MainThread] [parse_query_plan] [DEBUG] parse_query_plan.py[line:132] ['Nested Loop']
2022-12-02 20:49:11 [P-13376] [MainThread] [parse_query_plan] [DEBUG] parse_query_plan.py[line:149] _do_NestedLoop
2022-12-02 20:49:11 [P-13376] [MainThread] [parse_query_plan] [DEBUG] parse_query_plan.py[line:126] Nested Loop  (cost=7.36..114.23 rows=1 width=72) (actual time=0.014..0.015 rows=0 loops=1)
2022-12-02 20:49:11 [P-13376] [MainThread] [parse_query_plan] [DEBUG] parse_query_plan.py[line:132] ['Nested Loop']
2022-12-02 20:49:11 [P-13376] [MainThread] [parse_query_plan] [DEBUG] parse_query_plan.py[line:149] _do_NestedLoop
2022-12-02 20:49:11 [P-13376] [MainThread] [parse_query_plan] [DEBUG] parse_query_plan.py[line:126] Nested Loop  (cost=6.94..111.17 rows=1 width=80) (actual time=0.014..0.015 rows=0 loops=1)
2022-12-02 20:49:11 [P-13376] [MainThread] [parse_query_plan] [DEBUG] parse_query_plan.py[line:132] ['Nested Loop']
2022-12-02 20:49:11 [P-13376] [MainThread] [parse_query_plan] [DEBUG] parse_query_plan.py[line:149] _do_NestedLoop
2022-12-02 20:49:11 [P-13376] [MainThread] [parse_query_plan] [DEBUG] parse_query_plan.py[line:126] Nested Loop  (cost=6.51..108.85 rows=1 width=68) (actual time=0.014..0.015 rows=0 loops=1)
2022-12-02 20:49:11 [P-13376] [MainThread] [parse_query_plan] [DEBUG] parse_query_plan.py[line:132] ['Nested Loop']
2022-12-02 20:49:11 [P-13376] [MainThread] [parse_query_plan] [DEBUG] parse_query_plan.py[line:149] _do_NestedLoop
2022-12-02 20:49:11 [P-13376] [MainThread] [parse_query_plan] [DEBUG] parse_query_plan.py[line:126] Nested Loop  (cost=6.35..104.65 rows=19 width=72) (actual time=0.014..0.015 rows=0 loops=1)
2022-12-02 20:49:11 [P-13376] [MainThread] [parse_query_plan] [DEBUG] parse_query_plan.py[line:132] ['Nested Loop']
2022-12-02 20:49:11 [P-13376] [MainThread] [parse_query_plan] [DEBUG] parse_query_plan.py[line:149] _do_NestedLoop
2022-12-02 20:49:11 [P-13376] [MainThread] [parse_query_plan] [DEBUG] parse_query_plan.py[line:126] Nested Loop  (cost=5.91..75.19 rows=19 width=76) (actual time=0.014..0.015 rows=0 loops=1)
2022-12-02 20:49:11 [P-13376] [MainThread] [parse_query_plan] [DEBUG] parse_query_plan.py[line:132] ['Nested Loop']
2022-12-02 20:49:11 [P-13376] [MainThread] [parse_query_plan] [DEBUG] parse_query_plan.py[line:149] _do_NestedLoop
2022-12-02 20:49:11 [P-13376] [MainThread] [parse_query_plan] [DEBUG] parse_query_plan.py[line:126] Nested Loop  (cost=5.47..32.15 rows=1 width=64) (actual time=0.014..0.015 rows=0 loops=1)
2022-12-02 20:49:11 [P-13376] [MainThread] [parse_query_plan] [DEBUG] parse_query_plan.py[line:132] ['Nested Loop']
2022-12-02 20:49:11 [P-13376] [MainThread] [parse_query_plan] [DEBUG] parse_query_plan.py[line:149] _do_NestedLoop
2022-12-02 20:49:11 [P-13376] [MainThread] [parse_query_plan] [DEBUG] parse_query_plan.py[line:126] Nested Loop  (cost=5.04..27.71 rows=2 width=68) (actual time=0.014..0.014 rows=0 loops=1)
2022-12-02 20:49:11 [P-13376] [MainThread] [parse_query_plan] [DEBUG] parse_query_plan.py[line:132] ['Nested Loop']
2022-12-02 20:49:11 [P-13376] [MainThread] [parse_query_plan] [DEBUG] parse_query_plan.py[line:149] _do_NestedLoop
2022-12-02 20:49:11 [P-13376] [MainThread] [parse_query_plan] [DEBUG] parse_query_plan.py[line:126] Nested Loop  (cost=4.61..23.48 rows=1 width=60) (actual time=0.014..0.014 rows=0 loops=1)
2022-12-02 20:49:11 [P-13376] [MainThread] [parse_query_plan] [DEBUG] parse_query_plan.py[line:132] ['Nested Loop']
2022-12-02 20:49:11 [P-13376] [MainThread] [parse_query_plan] [DEBUG] parse_query_plan.py[line:149] _do_NestedLoop
2022-12-02 20:49:11 [P-13376] [MainThread] [parse_query_plan] [DEBUG] parse_query_plan.py[line:126] Nested Loop  (cost=4.18..15.07 rows=1 width=36) (actual time=0.014..0.014 rows=0 loops=1)
2022-12-02 20:49:11 [P-13376] [MainThread] [parse_query_plan] [DEBUG] parse_query_plan.py[line:132] ['Nested Loop']
2022-12-02 20:49:11 [P-13376] [MainThread] [parse_query_plan] [DEBUG] parse_query_plan.py[line:149] _do_NestedLoop
2022-12-02 20:49:11 [P-13376] [MainThread] [parse_query_plan] [DEBUG] parse_query_plan.py[line:126] Seq Scan on info_type it2  (cost=0.00..2.41 rows=1 width=4) (actual time=0.009..0.010 rows=1 loops=1)
2022-12-02 20:49:11 [P-13376] [MainThread] [parse_query_plan] [DEBUG] parse_query_plan.py[line:132] ['Seq Scan', 'info_type it2']
2022-12-02 20:49:11 [P-13376] [MainThread] [parse_query_plan] [DEBUG] parse_query_plan.py[line:149] _do_SeqScan
2022-12-02 20:49:11 [P-13376] [MainThread] [parse_query_plan] [DEBUG] parse_query_plan.py[line:126] Bitmap Heap Scan on movie_info_idx mi_idx  (cost=4.18..12.65 rows=1 width=40) (actual time=0.003..0.003 rows=0 loops=1)
2022-12-02 20:49:11 [P-13376] [MainThread] [parse_query_plan] [DEBUG] parse_query_plan.py[line:132] ['Bitmap Heap Scan', 'movie_info_idx mi_idx']
2022-12-02 20:49:11 [P-13376] [MainThread] [parse_query_plan] [DEBUG] parse_query_plan.py[line:149] _do_BitMapHeapScan
2022-12-02 20:49:11 [P-13376] [MainThread] [parse_query_plan] [DEBUG] parse_query_plan.py[line:126] Bitmap Index Scan on info_type_id_movie_info_idx  (cost=0.00..4.18 rows=4 width=0) (actual time=0.002..0.002 rows=0 loops=1)
2022-12-02 20:49:11 [P-13376] [MainThread] [parse_query_plan] [DEBUG] parse_query_plan.py[line:132] ['Bitmap Index Scan', 'info_type_id_movie_info_idx']
2022-12-02 20:49:11 [P-13376] [MainThread] [parse_query_plan] [DEBUG] parse_query_plan.py[line:149] _do_BitMapIndexScan
2022-12-02 20:49:11 [P-13376] [MainThread] [parse_query_plan] [DEBUG] parse_query_plan.py[line:126] Index Scan using title_pkey on title t  (cost=0.43..8.40 rows=1 width=24) (never executed)
2022-12-02 20:49:11 [P-13376] [MainThread] [parse_query_plan] [DEBUG] parse_query_plan.py[line:132] ['Index Scan', 'title_pkey', 'title t']
2022-12-02 20:49:11 [P-13376] [MainThread] [parse_query_plan] [DEBUG] parse_query_plan.py[line:149] _do_IndexScan
2022-12-02 20:49:11 [P-13376] [MainThread] [parse_query_plan] [DEBUG] parse_query_plan.py[line:126] Index Scan using movie_keyword_idx_mid on movie_keyword mk  (cost=0.43..3.60 rows=63 width=8) (never executed)
2022-12-02 20:49:11 [P-13376] [MainThread] [parse_query_plan] [DEBUG] parse_query_plan.py[line:132] ['Index Scan', 'movie_keyword_idx_mid', 'movie_keyword mk']
2022-12-02 20:49:11 [P-13376] [MainThread] [parse_query_plan] [DEBUG] parse_query_plan.py[line:149] _do_IndexScan
2022-12-02 20:49:11 [P-13376] [MainThread] [parse_query_plan] [DEBUG] parse_query_plan.py[line:126] Memoize  (cost=0.43..2.21 rows=1 width=4) (never executed)
2022-12-02 20:49:11 [P-13376] [MainThread] [parse_query_plan] [DEBUG] parse_query_plan.py[line:132] ['Memoize']
2022-12-02 20:49:11 [P-13376] [MainThread] [parse_query_plan] [DEBUG] parse_query_plan.py[line:149] _do_Memorize
2022-12-02 20:49:11 [P-13376] [MainThread] [parse_query_plan] [DEBUG] parse_query_plan.py[line:126] Index Scan using keyword_pkey on keyword k  (cost=0.42..2.20 rows=1 width=4) (never executed)
2022-12-02 20:49:11 [P-13376] [MainThread] [parse_query_plan] [DEBUG] parse_query_plan.py[line:132] ['Index Scan', 'keyword_pkey', 'keyword k']
2022-12-02 20:49:11 [P-13376] [MainThread] [parse_query_plan] [DEBUG] parse_query_plan.py[line:149] _do_IndexScan
2022-12-02 20:49:11 [P-13376] [MainThread] [parse_query_plan] [DEBUG] parse_query_plan.py[line:183] <re.Match object; span=(0, 72), match="keyword = ANY ('{superhero,marvel-comics,based-on>
2022-12-02 20:49:11 [P-13376] [MainThread] [parse_query_plan] [DEBUG] parse_query_plan.py[line:126] Index Scan using cast_info_idx_mid on cast_info ci  (cost=0.44..42.60 rows=35 width=12) (never executed)
2022-12-02 20:49:11 [P-13376] [MainThread] [parse_query_plan] [DEBUG] parse_query_plan.py[line:132] ['Index Scan', 'cast_info_idx_mid', 'cast_info ci']
2022-12-02 20:49:11 [P-13376] [MainThread] [parse_query_plan] [DEBUG] parse_query_plan.py[line:149] _do_IndexScan
2022-12-02 20:49:11 [P-13376] [MainThread] [parse_query_plan] [DEBUG] parse_query_plan.py[line:126] Index Only Scan using name_pkey on name n  (cost=0.43..1.55 rows=1 width=4) (never executed)
2022-12-02 20:49:11 [P-13376] [MainThread] [parse_query_plan] [DEBUG] parse_query_plan.py[line:132] ['Index Only Scan', 'name_pkey', 'name n']
2022-12-02 20:49:11 [P-13376] [MainThread] [parse_query_plan] [DEBUG] parse_query_plan.py[line:149] _do_IndexOnlyScan
2022-12-02 20:49:11 [P-13376] [MainThread] [parse_query_plan] [DEBUG] parse_query_plan.py[line:126] Memoize  (cost=0.16..0.98 rows=1 width=4) (never executed)
2022-12-02 20:49:11 [P-13376] [MainThread] [parse_query_plan] [DEBUG] parse_query_plan.py[line:132] ['Memoize']
2022-12-02 20:49:11 [P-13376] [MainThread] [parse_query_plan] [DEBUG] parse_query_plan.py[line:149] _do_Memorize
2022-12-02 20:49:11 [P-13376] [MainThread] [parse_query_plan] [DEBUG] parse_query_plan.py[line:126] Index Scan using kind_type_pkey on kind_type kt  (cost=0.15..0.97 rows=1 width=4) (never executed)
2022-12-02 20:49:11 [P-13376] [MainThread] [parse_query_plan] [DEBUG] parse_query_plan.py[line:132] ['Index Scan', 'kind_type_pkey', 'kind_type kt']
2022-12-02 20:49:11 [P-13376] [MainThread] [parse_query_plan] [DEBUG] parse_query_plan.py[line:149] _do_IndexScan
2022-12-02 20:49:11 [P-13376] [MainThread] [parse_query_plan] [DEBUG] parse_query_plan.py[line:126] Index Scan using char_name_pkey on char_name chn  (cost=0.43..2.32 rows=1 width=20) (never executed)
2022-12-02 20:49:11 [P-13376] [MainThread] [parse_query_plan] [DEBUG] parse_query_plan.py[line:132] ['Index Scan', 'char_name_pkey', 'char_name chn']
2022-12-02 20:49:11 [P-13376] [MainThread] [parse_query_plan] [DEBUG] parse_query_plan.py[line:149] _do_IndexScan
2022-12-02 20:49:11 [P-13376] [MainThread] [parse_query_plan] [DEBUG] parse_query_plan.py[line:126] Index Scan using complete_cast_idx_mid on complete_cast cc  (cost=0.42..3.05 rows=2 width=12) (never executed)
2022-12-02 20:49:11 [P-13376] [MainThread] [parse_query_plan] [DEBUG] parse_query_plan.py[line:132] ['Index Scan', 'complete_cast_idx_mid', 'complete_cast cc']
2022-12-02 20:49:11 [P-13376] [MainThread] [parse_query_plan] [DEBUG] parse_query_plan.py[line:149] _do_IndexScan
2022-12-02 20:49:11 [P-13376] [MainThread] [parse_query_plan] [DEBUG] parse_query_plan.py[line:126] Index Scan using comp_cast_type_pkey on comp_cast_type cct2  (cost=0.15..0.97 rows=1 width=4) (never executed)
2022-12-02 20:49:11 [P-13376] [MainThread] [parse_query_plan] [DEBUG] parse_query_plan.py[line:132] ['Index Scan', 'comp_cast_type_pkey', 'comp_cast_type cct2']
2022-12-02 20:49:11 [P-13376] [MainThread] [parse_query_plan] [DEBUG] parse_query_plan.py[line:149] _do_IndexScan
2022-12-02 20:49:11 [P-13376] [MainThread] [parse_query_plan] [DEBUG] parse_query_plan.py[line:126] Index Scan using comp_cast_type_pkey on comp_cast_type cct1  (cost=0.15..0.97 rows=1 width=4) (never executed)
2022-12-02 20:49:11 [P-13376] [MainThread] [parse_query_plan] [DEBUG] parse_query_plan.py[line:132] ['Index Scan', 'comp_cast_type_pkey', 'comp_cast_type cct1']
2022-12-02 20:49:11 [P-13376] [MainThread] [parse_query_plan] [DEBUG] parse_query_plan.py[line:149] _do_IndexScan
2022-12-02 20:49:11 [P-13376] [MainThread] [parse_query_plan] [DEBUG] parse_query_plan.py[line:126] Aggregate  (cost=144.72..144.73 rows=1 width=96) (actual time=0.015..0.016 rows=1 loops=1)
2022-12-02 20:49:11 [P-13376] [MainThread] [parse_query_plan] [DEBUG] parse_query_plan.py[line:132] ['Aggregate']
2022-12-02 20:49:11 [P-13376] [MainThread] [parse_query_plan] [DEBUG] parse_query_plan.py[line:149] _do_Aggregate
2022-12-02 20:49:11 [P-13376] [MainThread] [parse_query_plan] [DEBUG] parse_query_plan.py[line:126] Nested Loop  (cost=7.68..144.71 rows=1 width=64) (actual time=0.014..0.015 rows=0 loops=1)
2022-12-02 20:49:11 [P-13376] [MainThread] [parse_query_plan] [DEBUG] parse_query_plan.py[line:132] ['Nested Loop']
2022-12-02 20:49:11 [P-13376] [MainThread] [parse_query_plan] [DEBUG] parse_query_plan.py[line:149] _do_NestedLoop
2022-12-02 20:49:11 [P-13376] [MainThread] [parse_query_plan] [DEBUG] parse_query_plan.py[line:126] Nested Loop  (cost=7.53..142.92 rows=1 width=68) (actual time=0.014..0.015 rows=0 loops=1)
2022-12-02 20:49:11 [P-13376] [MainThread] [parse_query_plan] [DEBUG] parse_query_plan.py[line:132] ['Nested Loop']
2022-12-02 20:49:11 [P-13376] [MainThread] [parse_query_plan] [DEBUG] parse_query_plan.py[line:149] _do_NestedLoop
2022-12-02 20:49:11 [P-13376] [MainThread] [parse_query_plan] [DEBUG] parse_query_plan.py[line:126] Nested Loop  (cost=7.38..141.68 rows=1 width=72) (actual time=0.014..0.014 rows=0 loops=1)
2022-12-02 20:49:11 [P-13376] [MainThread] [parse_query_plan] [DEBUG] parse_query_plan.py[line:132] ['Nested Loop']
2022-12-02 20:49:11 [P-13376] [MainThread] [parse_query_plan] [DEBUG] parse_query_plan.py[line:149] _do_NestedLoop
2022-12-02 20:49:11 [P-13376] [MainThread] [parse_query_plan] [DEBUG] parse_query_plan.py[line:126] Nested Loop  (cost=6.95..140.13 rows=1 width=76) (actual time=0.014..0.014 rows=0 loops=1)
2022-12-02 20:49:11 [P-13376] [MainThread] [parse_query_plan] [DEBUG] parse_query_plan.py[line:132] ['Nested Loop']
2022-12-02 20:49:11 [P-13376] [MainThread] [parse_query_plan] [DEBUG] parse_query_plan.py[line:149] _do_NestedLoop
2022-12-02 20:49:11 [P-13376] [MainThread] [parse_query_plan] [DEBUG] parse_query_plan.py[line:126] Nested Loop  (cost=6.52..96.05 rows=19 width=64) (actual time=0.014..0.014 rows=0 loops=1)
2022-12-02 20:49:11 [P-13376] [MainThread] [parse_query_plan] [DEBUG] parse_query_plan.py[line:132] ['Nested Loop']
2022-12-02 20:49:11 [P-13376] [MainThread] [parse_query_plan] [DEBUG] parse_query_plan.py[line:149] _do_NestedLoop
2022-12-02 20:49:11 [P-13376] [MainThread] [parse_query_plan] [DEBUG] parse_query_plan.py[line:126] Nested Loop  (cost=6.08..53.01 rows=1 width=72) (actual time=0.014..0.014 rows=0 loops=1)
2022-12-02 20:49:11 [P-13376] [MainThread] [parse_query_plan] [DEBUG] parse_query_plan.py[line:132] ['Nested Loop']
2022-12-02 20:49:11 [P-13376] [MainThread] [parse_query_plan] [DEBUG] parse_query_plan.py[line:149] _do_NestedLoop
2022-12-02 20:49:11 [P-13376] [MainThread] [parse_query_plan] [DEBUG] parse_query_plan.py[line:126] Nested Loop  (cost=5.62..48.52 rows=2 width=76) (actual time=0.013..0.014 rows=0 loops=1)
2022-12-02 20:49:11 [P-13376] [MainThread] [parse_query_plan] [DEBUG] parse_query_plan.py[line:132] ['Nested Loop']
2022-12-02 20:49:11 [P-13376] [MainThread] [parse_query_plan] [DEBUG] parse_query_plan.py[line:149] _do_NestedLoop
2022-12-02 20:49:11 [P-13376] [MainThread] [parse_query_plan] [DEBUG] parse_query_plan.py[line:126] Nested Loop  (cost=5.19..44.29 rows=1 width=68) (actual time=0.013..0.014 rows=0 loops=1)
2022-12-02 20:49:11 [P-13376] [MainThread] [parse_query_plan] [DEBUG] parse_query_plan.py[line:132] ['Nested Loop']
2022-12-02 20:49:11 [P-13376] [MainThread] [parse_query_plan] [DEBUG] parse_query_plan.py[line:149] _do_NestedLoop
2022-12-02 20:49:11 [P-13376] [MainThread] [parse_query_plan] [DEBUG] parse_query_plan.py[line:126] Nested Loop  (cost=4.76..41.19 rows=1 width=44) (actual time=0.013..0.014 rows=0 loops=1)
2022-12-02 20:49:11 [P-13376] [MainThread] [parse_query_plan] [DEBUG] parse_query_plan.py[line:132] ['Nested Loop']
2022-12-02 20:49:11 [P-13376] [MainThread] [parse_query_plan] [DEBUG] parse_query_plan.py[line:149] _do_NestedLoop
2022-12-02 20:49:11 [P-13376] [MainThread] [parse_query_plan] [DEBUG] parse_query_plan.py[line:126] Nested Loop  (cost=4.60..38.46 rows=6 width=48) (actual time=0.013..0.014 rows=0 loops=1)
2022-12-02 20:49:11 [P-13376] [MainThread] [parse_query_plan] [DEBUG] parse_query_plan.py[line:132] ['Nested Loop']
2022-12-02 20:49:11 [P-13376] [MainThread] [parse_query_plan] [DEBUG] parse_query_plan.py[line:149] _do_NestedLoop
2022-12-02 20:49:11 [P-13376] [MainThread] [parse_query_plan] [DEBUG] parse_query_plan.py[line:126] Nested Loop  (cost=4.18..15.09 rows=4 width=36) (actual time=0.013..0.013 rows=0 loops=1)
2022-12-02 20:49:11 [P-13376] [MainThread] [parse_query_plan] [DEBUG] parse_query_plan.py[line:132] ['Nested Loop']
2022-12-02 20:49:11 [P-13376] [MainThread] [parse_query_plan] [DEBUG] parse_query_plan.py[line:149] _do_NestedLoop
2022-12-02 20:49:11 [P-13376] [MainThread] [parse_query_plan] [DEBUG] parse_query_plan.py[line:126] Seq Scan on info_type it2  (cost=0.00..2.41 rows=1 width=4) (actual time=0.009..0.009 rows=1 loops=1)
2022-12-02 20:49:11 [P-13376] [MainThread] [parse_query_plan] [DEBUG] parse_query_plan.py[line:132] ['Seq Scan', 'info_type it2']
2022-12-02 20:49:11 [P-13376] [MainThread] [parse_query_plan] [DEBUG] parse_query_plan.py[line:149] _do_SeqScan
2022-12-02 20:49:11 [P-13376] [MainThread] [parse_query_plan] [DEBUG] parse_query_plan.py[line:126] Bitmap Heap Scan on movie_info_idx mi_idx  (cost=4.18..12.64 rows=4 width=40) (actual time=0.002..0.002 rows=0 loops=1)
2022-12-02 20:49:11 [P-13376] [MainThread] [parse_query_plan] [DEBUG] parse_query_plan.py[line:132] ['Bitmap Heap Scan', 'movie_info_idx mi_idx']
2022-12-02 20:49:11 [P-13376] [MainThread] [parse_query_plan] [DEBUG] parse_query_plan.py[line:149] _do_BitMapHeapScan
2022-12-02 20:49:11 [P-13376] [MainThread] [parse_query_plan] [DEBUG] parse_query_plan.py[line:126] Bitmap Index Scan on info_type_id_movie_info_idx  (cost=0.00..4.18 rows=4 width=0) (actual time=0.002..0.002 rows=0 loops=1)
2022-12-02 20:49:11 [P-13376] [MainThread] [parse_query_plan] [DEBUG] parse_query_plan.py[line:132] ['Bitmap Index Scan', 'info_type_id_movie_info_idx']
2022-12-02 20:49:11 [P-13376] [MainThread] [parse_query_plan] [DEBUG] parse_query_plan.py[line:149] _do_BitMapIndexScan
2022-12-02 20:49:11 [P-13376] [MainThread] [parse_query_plan] [DEBUG] parse_query_plan.py[line:126] Index Scan using complete_cast_idx_mid on complete_cast cc  (cost=0.42..5.82 rows=2 width=12) (never executed)
2022-12-02 20:49:11 [P-13376] [MainThread] [parse_query_plan] [DEBUG] parse_query_plan.py[line:132] ['Index Scan', 'complete_cast_idx_mid', 'complete_cast cc']
2022-12-02 20:49:11 [P-13376] [MainThread] [parse_query_plan] [DEBUG] parse_query_plan.py[line:149] _do_IndexScan
2022-12-02 20:49:11 [P-13376] [MainThread] [parse_query_plan] [DEBUG] parse_query_plan.py[line:126] Memoize  (cost=0.16..0.98 rows=1 width=4) (never executed)
2022-12-02 20:49:11 [P-13376] [MainThread] [parse_query_plan] [DEBUG] parse_query_plan.py[line:132] ['Memoize']
2022-12-02 20:49:11 [P-13376] [MainThread] [parse_query_plan] [DEBUG] parse_query_plan.py[line:149] _do_Memorize
2022-12-02 20:49:11 [P-13376] [MainThread] [parse_query_plan] [DEBUG] parse_query_plan.py[line:126] Index Scan using comp_cast_type_pkey on comp_cast_type cct1  (cost=0.15..0.97 rows=1 width=4) (never executed)
2022-12-02 20:49:11 [P-13376] [MainThread] [parse_query_plan] [DEBUG] parse_query_plan.py[line:132] ['Index Scan', 'comp_cast_type_pkey', 'comp_cast_type cct1']
2022-12-02 20:49:11 [P-13376] [MainThread] [parse_query_plan] [DEBUG] parse_query_plan.py[line:149] _do_IndexScan
2022-12-02 20:49:11 [P-13376] [MainThread] [parse_query_plan] [DEBUG] parse_query_plan.py[line:126] Index Scan using title_pkey on title t  (cost=0.43..3.10 rows=1 width=24) (never executed)
2022-12-02 20:49:11 [P-13376] [MainThread] [parse_query_plan] [DEBUG] parse_query_plan.py[line:132] ['Index Scan', 'title_pkey', 'title t']
2022-12-02 20:49:11 [P-13376] [MainThread] [parse_query_plan] [DEBUG] parse_query_plan.py[line:149] _do_IndexScan
2022-12-02 20:49:11 [P-13376] [MainThread] [parse_query_plan] [DEBUG] parse_query_plan.py[line:126] Index Scan using movie_keyword_idx_mid on movie_keyword mk  (cost=0.43..3.59 rows=63 width=8) (never executed)
2022-12-02 20:49:11 [P-13376] [MainThread] [parse_query_plan] [DEBUG] parse_query_plan.py[line:132] ['Index Scan', 'movie_keyword_idx_mid', 'movie_keyword mk']
2022-12-02 20:49:11 [P-13376] [MainThread] [parse_query_plan] [DEBUG] parse_query_plan.py[line:149] _do_IndexScan
2022-12-02 20:49:11 [P-13376] [MainThread] [parse_query_plan] [DEBUG] parse_query_plan.py[line:126] Memoize  (cost=0.46..2.24 rows=1 width=4) (never executed)
2022-12-02 20:49:11 [P-13376] [MainThread] [parse_query_plan] [DEBUG] parse_query_plan.py[line:132] ['Memoize']
2022-12-02 20:49:11 [P-13376] [MainThread] [parse_query_plan] [DEBUG] parse_query_plan.py[line:149] _do_Memorize
2022-12-02 20:49:11 [P-13376] [MainThread] [parse_query_plan] [DEBUG] parse_query_plan.py[line:126] Index Scan using keyword_pkey on keyword k  (cost=0.45..2.23 rows=1 width=4) (never executed)
2022-12-02 20:49:11 [P-13376] [MainThread] [parse_query_plan] [DEBUG] parse_query_plan.py[line:132] ['Index Scan', 'keyword_pkey', 'keyword k']
2022-12-02 20:49:11 [P-13376] [MainThread] [parse_query_plan] [DEBUG] parse_query_plan.py[line:149] _do_IndexScan
2022-12-02 20:49:11 [P-13376] [MainThread] [parse_query_plan] [DEBUG] parse_query_plan.py[line:183] <re.Match object; span=(0, 114), match="keyword = ANY ('{superhero,marvel-comics,based-on>
2022-12-02 20:49:11 [P-13376] [MainThread] [parse_query_plan] [DEBUG] parse_query_plan.py[line:126] Index Scan using cast_info_idx_mid on cast_info ci  (cost=0.44..42.60 rows=35 width=12) (never executed)
2022-12-02 20:49:11 [P-13376] [MainThread] [parse_query_plan] [DEBUG] parse_query_plan.py[line:132] ['Index Scan', 'cast_info_idx_mid', 'cast_info ci']
2022-12-02 20:49:11 [P-13376] [MainThread] [parse_query_plan] [DEBUG] parse_query_plan.py[line:149] _do_IndexScan
2022-12-02 20:49:11 [P-13376] [MainThread] [parse_query_plan] [DEBUG] parse_query_plan.py[line:126] Index Scan using char_name_pkey on char_name chn  (cost=0.43..2.32 rows=1 width=20) (never executed)
2022-12-02 20:49:11 [P-13376] [MainThread] [parse_query_plan] [DEBUG] parse_query_plan.py[line:132] ['Index Scan', 'char_name_pkey', 'char_name chn']
2022-12-02 20:49:11 [P-13376] [MainThread] [parse_query_plan] [DEBUG] parse_query_plan.py[line:149] _do_IndexScan
2022-12-02 20:49:11 [P-13376] [MainThread] [parse_query_plan] [DEBUG] parse_query_plan.py[line:126] Index Only Scan using name_pkey on name n  (cost=0.43..1.55 rows=1 width=4) (never executed)
2022-12-02 20:49:11 [P-13376] [MainThread] [parse_query_plan] [DEBUG] parse_query_plan.py[line:132] ['Index Only Scan', 'name_pkey', 'name n']
2022-12-02 20:49:11 [P-13376] [MainThread] [parse_query_plan] [DEBUG] parse_query_plan.py[line:149] _do_IndexOnlyScan
2022-12-02 20:49:11 [P-13376] [MainThread] [parse_query_plan] [DEBUG] parse_query_plan.py[line:126] Index Scan using kind_type_pkey on kind_type kt  (cost=0.15..0.97 rows=1 width=4) (never executed)
2022-12-02 20:49:11 [P-13376] [MainThread] [parse_query_plan] [DEBUG] parse_query_plan.py[line:132] ['Index Scan', 'kind_type_pkey', 'kind_type kt']
2022-12-02 20:49:11 [P-13376] [MainThread] [parse_query_plan] [DEBUG] parse_query_plan.py[line:149] _do_IndexScan
2022-12-02 20:49:11 [P-13376] [MainThread] [parse_query_plan] [DEBUG] parse_query_plan.py[line:126] Index Scan using comp_cast_type_pkey on comp_cast_type cct2  (cost=0.15..0.97 rows=1 width=4) (never executed)
2022-12-02 20:49:11 [P-13376] [MainThread] [parse_query_plan] [DEBUG] parse_query_plan.py[line:132] ['Index Scan', 'comp_cast_type_pkey', 'comp_cast_type cct2']
2022-12-02 20:49:11 [P-13376] [MainThread] [parse_query_plan] [DEBUG] parse_query_plan.py[line:149] _do_IndexScan
2022-12-02 20:49:11 [P-13376] [MainThread] [parse_query_plan] [DEBUG] parse_query_plan.py[line:126] Aggregate  (cost=1560.38..1560.39 rows=1 width=96) (actual time=2110.343..2110.348 rows=1 loops=1)
2022-12-02 20:49:11 [P-13376] [MainThread] [parse_query_plan] [DEBUG] parse_query_plan.py[line:132] ['Aggregate']
2022-12-02 20:49:11 [P-13376] [MainThread] [parse_query_plan] [DEBUG] parse_query_plan.py[line:149] _do_Aggregate
2022-12-02 20:49:11 [P-13376] [MainThread] [parse_query_plan] [DEBUG] parse_query_plan.py[line:126] Nested Loop  (cost=11.22..1560.37 rows=1 width=117) (actual time=42.106..2110.327 rows=36 loops=1)
2022-12-02 20:49:11 [P-13376] [MainThread] [parse_query_plan] [DEBUG] parse_query_plan.py[line:132] ['Nested Loop']
2022-12-02 20:49:11 [P-13376] [MainThread] [parse_query_plan] [DEBUG] parse_query_plan.py[line:149] _do_NestedLoop
2022-12-02 20:49:11 [P-13376] [MainThread] [parse_query_plan] [DEBUG] parse_query_plan.py[line:126] Nested Loop  (cost=11.07..1560.18 rows=1 width=39) (actual time=42.094..2110.293 rows=36 loops=1)
2022-12-02 20:49:11 [P-13376] [MainThread] [parse_query_plan] [DEBUG] parse_query_plan.py[line:132] ['Nested Loop']
2022-12-02 20:49:11 [P-13376] [MainThread] [parse_query_plan] [DEBUG] parse_query_plan.py[line:149] _do_NestedLoop
2022-12-02 20:49:11 [P-13376] [MainThread] [parse_query_plan] [DEBUG] parse_query_plan.py[line:126] Nested Loop  (cost=10.64..1558.46 rows=1 width=55) (actual time=22.662..2110.236 rows=31 loops=1)
2022-12-02 20:49:11 [P-13376] [MainThread] [parse_query_plan] [DEBUG] parse_query_plan.py[line:132] ['Nested Loop']
2022-12-02 20:49:11 [P-13376] [MainThread] [parse_query_plan] [DEBUG] parse_query_plan.py[line:149] _do_NestedLoop
2022-12-02 20:49:11 [P-13376] [MainThread] [parse_query_plan] [DEBUG] parse_query_plan.py[line:126] Nested Loop  (cost=10.22..1558.01 rows=1 width=40) (actual time=20.307..2109.559 rows=135 loops=1)
2022-12-02 20:49:11 [P-13376] [MainThread] [parse_query_plan] [DEBUG] parse_query_plan.py[line:132] ['Nested Loop']
2022-12-02 20:49:11 [P-13376] [MainThread] [parse_query_plan] [DEBUG] parse_query_plan.py[line:149] _do_NestedLoop
2022-12-02 20:49:11 [P-13376] [MainThread] [parse_query_plan] [DEBUG] parse_query_plan.py[line:126] Nested Loop  (cost=10.07..1557.83 rows=1 width=44) (actual time=20.296..2109.416 rows=148 loops=1)
2022-12-02 20:49:11 [P-13376] [MainThread] [parse_query_plan] [DEBUG] parse_query_plan.py[line:132] ['Nested Loop']
2022-12-02 20:49:11 [P-13376] [MainThread] [parse_query_plan] [DEBUG] parse_query_plan.py[line:149] _do_NestedLoop
2022-12-02 20:49:11 [P-13376] [MainThread] [parse_query_plan] [DEBUG] parse_query_plan.py[line:126] Nested Loop  (cost=9.64..1557.23 rows=1 width=32) (actual time=20.281..2109.131 rows=48 loops=1)
2022-12-02 20:49:11 [P-13376] [MainThread] [parse_query_plan] [DEBUG] parse_query_plan.py[line:132] ['Nested Loop']
2022-12-02 20:49:11 [P-13376] [MainThread] [parse_query_plan] [DEBUG] parse_query_plan.py[line:149] _do_NestedLoop
2022-12-02 20:49:11 [P-13376] [MainThread] [parse_query_plan] [DEBUG] parse_query_plan.py[line:126] Nested Loop  (cost=9.49..1557.05 rows=1 width=36) (actual time=20.276..2109.045 rows=73 loops=1)
2022-12-02 20:49:11 [P-13376] [MainThread] [parse_query_plan] [DEBUG] parse_query_plan.py[line:132] ['Nested Loop']
2022-12-02 20:49:11 [P-13376] [MainThread] [parse_query_plan] [DEBUG] parse_query_plan.py[line:149] _do_NestedLoop
2022-12-02 20:49:11 [P-13376] [MainThread] [parse_query_plan] [DEBUG] parse_query_plan.py[line:126] Nested Loop  (cost=9.06..1556.57 rows=1 width=16) (actual time=17.928..2107.362 rows=801 loops=1)
2022-12-02 20:49:11 [P-13376] [MainThread] [parse_query_plan] [DEBUG] parse_query_plan.py[line:132] ['Nested Loop']
2022-12-02 20:49:11 [P-13376] [MainThread] [parse_query_plan] [DEBUG] parse_query_plan.py[line:149] _do_NestedLoop
2022-12-02 20:49:11 [P-13376] [MainThread] [parse_query_plan] [DEBUG] parse_query_plan.py[line:126] Nested Loop  (cost=8.62..1554.54 rows=1 width=12) (actual time=1.048..52.190 rows=2911 loops=1)
2022-12-02 20:49:11 [P-13376] [MainThread] [parse_query_plan] [DEBUG] parse_query_plan.py[line:132] ['Nested Loop']
2022-12-02 20:49:11 [P-13376] [MainThread] [parse_query_plan] [DEBUG] parse_query_plan.py[line:149] _do_NestedLoop
2022-12-02 20:49:11 [P-13376] [MainThread] [parse_query_plan] [DEBUG] parse_query_plan.py[line:126] Nested Loop  (cost=8.46..1553.11 rows=37 width=16) (actual time=1.036..49.301 rows=2911 loops=1)
2022-12-02 20:49:11 [P-13376] [MainThread] [parse_query_plan] [DEBUG] parse_query_plan.py[line:132] ['Nested Loop']
2022-12-02 20:49:11 [P-13376] [MainThread] [parse_query_plan] [DEBUG] parse_query_plan.py[line:149] _do_NestedLoop
2022-12-02 20:49:11 [P-13376] [MainThread] [parse_query_plan] [DEBUG] parse_query_plan.py[line:126] Nested Loop  (cost=8.04..1537.90 rows=32 width=4) (actual time=0.997..29.409 rows=11404 loops=1)
2022-12-02 20:49:11 [P-13376] [MainThread] [parse_query_plan] [DEBUG] parse_query_plan.py[line:132] ['Nested Loop']
2022-12-02 20:49:11 [P-13376] [MainThread] [parse_query_plan] [DEBUG] parse_query_plan.py[line:149] _do_NestedLoop
2022-12-02 20:49:11 [P-13376] [MainThread] [parse_query_plan] [DEBUG] parse_query_plan.py[line:126] Index Scan using keyword_idx_keyword on keyword k  (cost=0.42..8.44 rows=1 width=4) (actual time=0.025..0.027 rows=1 loops=1)
2022-12-02 20:49:11 [P-13376] [MainThread] [parse_query_plan] [DEBUG] parse_query_plan.py[line:132] ['Index Scan', 'keyword_idx_keyword', 'keyword k']
2022-12-02 20:49:11 [P-13376] [MainThread] [parse_query_plan] [DEBUG] parse_query_plan.py[line:149] _do_IndexScan
2022-12-02 20:49:11 [P-13376] [MainThread] [parse_query_plan] [DEBUG] parse_query_plan.py[line:126] Bitmap Heap Scan on movie_keyword mk  (cost=7.62..1525.35 rows=411 width=8) (actual time=0.969..28.206 rows=11404 loops=1)
2022-12-02 20:49:11 [P-13376] [MainThread] [parse_query_plan] [DEBUG] parse_query_plan.py[line:132] ['Bitmap Heap Scan', 'movie_keyword mk']
2022-12-02 20:49:11 [P-13376] [MainThread] [parse_query_plan] [DEBUG] parse_query_plan.py[line:149] _do_BitMapHeapScan
2022-12-02 20:49:11 [P-13376] [MainThread] [parse_query_plan] [DEBUG] parse_query_plan.py[line:126] Bitmap Index Scan on movie_keyword_idx_keywordid  (cost=0.00..7.51 rows=411 width=0) (actual time=0.413..0.413 rows=11404 loops=1)
2022-12-02 20:49:11 [P-13376] [MainThread] [parse_query_plan] [DEBUG] parse_query_plan.py[line:132] ['Bitmap Index Scan', 'movie_keyword_idx_keywordid']
2022-12-02 20:49:11 [P-13376] [MainThread] [parse_query_plan] [DEBUG] parse_query_plan.py[line:149] _do_BitMapIndexScan
2022-12-02 20:49:11 [P-13376] [MainThread] [parse_query_plan] [DEBUG] parse_query_plan.py[line:126] Index Scan using complete_cast_idx_mid on complete_cast cc  (cost=0.42..0.46 rows=2 width=12) (actual time=0.001..0.001 rows=0 loops=11404)
2022-12-02 20:49:11 [P-13376] [MainThread] [parse_query_plan] [DEBUG] parse_query_plan.py[line:132] ['Index Scan', 'complete_cast_idx_mid', 'complete_cast cc']
2022-12-02 20:49:11 [P-13376] [MainThread] [parse_query_plan] [DEBUG] parse_query_plan.py[line:149] _do_IndexScan
2022-12-02 20:49:11 [P-13376] [MainThread] [parse_query_plan] [DEBUG] parse_query_plan.py[line:126] Memoize  (cost=0.16..0.18 rows=1 width=4) (actual time=0.000..0.000 rows=1 loops=2911)
2022-12-02 20:49:11 [P-13376] [MainThread] [parse_query_plan] [DEBUG] parse_query_plan.py[line:132] ['Memoize']
2022-12-02 20:49:11 [P-13376] [MainThread] [parse_query_plan] [DEBUG] parse_query_plan.py[line:149] _do_Memorize
2022-12-02 20:49:11 [P-13376] [MainThread] [parse_query_plan] [DEBUG] parse_query_plan.py[line:126] Index Scan using comp_cast_type_pkey on comp_cast_type cct1  (cost=0.15..0.17 rows=1 width=4) (actual time=0.005..0.005 rows=1 loops=2)
2022-12-02 20:49:11 [P-13376] [MainThread] [parse_query_plan] [DEBUG] parse_query_plan.py[line:132] ['Index Scan', 'comp_cast_type_pkey', 'comp_cast_type cct1']
2022-12-02 20:49:11 [P-13376] [MainThread] [parse_query_plan] [DEBUG] parse_query_plan.py[line:149] _do_IndexScan
2022-12-02 20:49:11 [P-13376] [MainThread] [parse_query_plan] [DEBUG] parse_query_plan.py[line:183] <re.Match object; span=(0, 42), match="(kind)::text = ANY ('{cast,crew}'::text[])">
2022-12-02 20:49:11 [P-13376] [MainThread] [parse_query_plan] [DEBUG] parse_query_plan.py[line:126] Index Scan using movie_info_idx_mid on movie_info mi  (cost=0.44..2.02 rows=1 width=4) (actual time=0.668..0.706 rows=0 loops=2911)
2022-12-02 20:49:11 [P-13376] [MainThread] [parse_query_plan] [DEBUG] parse_query_plan.py[line:132] ['Index Scan', 'movie_info_idx_mid', 'movie_info mi']
2022-12-02 20:49:11 [P-13376] [MainThread] [parse_query_plan] [DEBUG] parse_query_plan.py[line:149] _do_IndexScan
2022-12-02 20:49:11 [P-13376] [MainThread] [parse_query_plan] [DEBUG] parse_query_plan.py[line:183] <re.Match object; span=(0, 54), match="info = ANY ('{Sweden,Germany,Swedish,German}'::te>
2022-12-02 20:49:11 [P-13376] [MainThread] [parse_query_plan] [DEBUG] parse_query_plan.py[line:126] Index Scan using title_pkey on title t  (cost=0.43..0.48 rows=1 width=20) (actual time=0.002..0.002 rows=0 loops=801)
2022-12-02 20:49:11 [P-13376] [MainThread] [parse_query_plan] [DEBUG] parse_query_plan.py[line:132] ['Index Scan', 'title_pkey', 'title t']
2022-12-02 20:49:11 [P-13376] [MainThread] [parse_query_plan] [DEBUG] parse_query_plan.py[line:149] _do_IndexScan
2022-12-02 20:49:11 [P-13376] [MainThread] [parse_query_plan] [DEBUG] parse_query_plan.py[line:126] Index Scan using comp_cast_type_pkey on comp_cast_type cct2  (cost=0.15..0.17 rows=1 width=4) (actual time=0.001..0.001 rows=1 loops=73)
2022-12-02 20:49:11 [P-13376] [MainThread] [parse_query_plan] [DEBUG] parse_query_plan.py[line:132] ['Index Scan', 'comp_cast_type_pkey', 'comp_cast_type cct2']
2022-12-02 20:49:11 [P-13376] [MainThread] [parse_query_plan] [DEBUG] parse_query_plan.py[line:149] _do_IndexScan
2022-12-02 20:49:11 [P-13376] [MainThread] [parse_query_plan] [DEBUG] parse_query_plan.py[line:126] Index Scan using movie_companies_idx_mid on movie_companies mc  (cost=0.43..0.56 rows=3 width=12) (actual time=0.005..0.005 rows=3 loops=48)
2022-12-02 20:49:11 [P-13376] [MainThread] [parse_query_plan] [DEBUG] parse_query_plan.py[line:132] ['Index Scan', 'movie_companies_idx_mid', 'movie_companies mc']
2022-12-02 20:49:11 [P-13376] [MainThread] [parse_query_plan] [DEBUG] parse_query_plan.py[line:149] _do_IndexScan
2022-12-02 20:49:11 [P-13376] [MainThread] [parse_query_plan] [DEBUG] parse_query_plan.py[line:126] Index Scan using company_type_pkey on company_type ct  (cost=0.15..0.17 rows=1 width=4) (actual time=0.001..0.001 rows=1 loops=148)
2022-12-02 20:49:11 [P-13376] [MainThread] [parse_query_plan] [DEBUG] parse_query_plan.py[line:132] ['Index Scan', 'company_type_pkey', 'company_type ct']
2022-12-02 20:49:11 [P-13376] [MainThread] [parse_query_plan] [DEBUG] parse_query_plan.py[line:149] _do_IndexScan
2022-12-02 20:49:11 [P-13376] [MainThread] [parse_query_plan] [DEBUG] parse_query_plan.py[line:126] Index Scan using company_name_pkey on company_name cn  (cost=0.42..0.46 rows=1 width=23) (actual time=0.005..0.005 rows=0 loops=135)
2022-12-02 20:49:11 [P-13376] [MainThread] [parse_query_plan] [DEBUG] parse_query_plan.py[line:132] ['Index Scan', 'company_name_pkey', 'company_name cn']
2022-12-02 20:49:11 [P-13376] [MainThread] [parse_query_plan] [DEBUG] parse_query_plan.py[line:149] _do_IndexScan
2022-12-02 20:49:11 [P-13376] [MainThread] [parse_query_plan] [DEBUG] parse_query_plan.py[line:126] Index Scan using movie_link_idx_mid on movie_link ml  (cost=0.43..1.28 rows=44 width=8) (actual time=0.001..0.001 rows=1 loops=31)
2022-12-02 20:49:11 [P-13376] [MainThread] [parse_query_plan] [DEBUG] parse_query_plan.py[line:132] ['Index Scan', 'movie_link_idx_mid', 'movie_link ml']
2022-12-02 20:49:11 [P-13376] [MainThread] [parse_query_plan] [DEBUG] parse_query_plan.py[line:149] _do_IndexScan
2022-12-02 20:49:11 [P-13376] [MainThread] [parse_query_plan] [DEBUG] parse_query_plan.py[line:126] Index Scan using link_type_pkey on link_type lt  (cost=0.15..0.17 rows=1 width=86) (actual time=0.001..0.001 rows=1 loops=36)
2022-12-02 20:49:11 [P-13376] [MainThread] [parse_query_plan] [DEBUG] parse_query_plan.py[line:132] ['Index Scan', 'link_type_pkey', 'link_type lt']
2022-12-02 20:49:11 [P-13376] [MainThread] [parse_query_plan] [DEBUG] parse_query_plan.py[line:149] _do_IndexScan
2022-12-02 20:49:11 [P-13376] [MainThread] [parse_query_plan] [DEBUG] parse_query_plan.py[line:126] Aggregate  (cost=1559.33..1559.34 rows=1 width=96) (actual time=37.496..37.501 rows=1 loops=1)
2022-12-02 20:49:11 [P-13376] [MainThread] [parse_query_plan] [DEBUG] parse_query_plan.py[line:132] ['Aggregate']
2022-12-02 20:49:11 [P-13376] [MainThread] [parse_query_plan] [DEBUG] parse_query_plan.py[line:149] _do_Aggregate
2022-12-02 20:49:11 [P-13376] [MainThread] [parse_query_plan] [DEBUG] parse_query_plan.py[line:126] Nested Loop  (cost=11.21..1559.32 rows=1 width=117) (actual time=37.493..37.498 rows=0 loops=1)
2022-12-02 20:49:11 [P-13376] [MainThread] [parse_query_plan] [DEBUG] parse_query_plan.py[line:132] ['Nested Loop']
2022-12-02 20:49:11 [P-13376] [MainThread] [parse_query_plan] [DEBUG] parse_query_plan.py[line:149] _do_NestedLoop
2022-12-02 20:49:11 [P-13376] [MainThread] [parse_query_plan] [DEBUG] parse_query_plan.py[line:126] Nested Loop  (cost=10.77..1557.29 rows=1 width=137) (actual time=37.493..37.497 rows=0 loops=1)
2022-12-02 20:49:11 [P-13376] [MainThread] [parse_query_plan] [DEBUG] parse_query_plan.py[line:132] ['Nested Loop']
2022-12-02 20:49:11 [P-13376] [MainThread] [parse_query_plan] [DEBUG] parse_query_plan.py[line:149] _do_NestedLoop
2022-12-02 20:49:11 [P-13376] [MainThread] [parse_query_plan] [DEBUG] parse_query_plan.py[line:126] Nested Loop  (cost=10.62..1557.10 rows=1 width=59) (actual time=37.493..37.496 rows=0 loops=1)
2022-12-02 20:49:11 [P-13376] [MainThread] [parse_query_plan] [DEBUG] parse_query_plan.py[line:132] ['Nested Loop']
2022-12-02 20:49:11 [P-13376] [MainThread] [parse_query_plan] [DEBUG] parse_query_plan.py[line:149] _do_NestedLoop
2022-12-02 20:49:11 [P-13376] [MainThread] [parse_query_plan] [DEBUG] parse_query_plan.py[line:126] Nested Loop  (cost=10.19..1555.34 rows=1 width=51) (actual time=1.357..37.482 rows=5 loops=1)
2022-12-02 20:49:11 [P-13376] [MainThread] [parse_query_plan] [DEBUG] parse_query_plan.py[line:132] ['Nested Loop']
2022-12-02 20:49:11 [P-13376] [MainThread] [parse_query_plan] [DEBUG] parse_query_plan.py[line:149] _do_NestedLoop
2022-12-02 20:49:11 [P-13376] [MainThread] [parse_query_plan] [DEBUG] parse_query_plan.py[line:126] Nested Loop  (cost=9.77..1554.89 rows=1 width=36) (actual time=1.345..35.981 rows=22 loops=1)
2022-12-02 20:49:11 [P-13376] [MainThread] [parse_query_plan] [DEBUG] parse_query_plan.py[line:132] ['Nested Loop']
2022-12-02 20:49:11 [P-13376] [MainThread] [parse_query_plan] [DEBUG] parse_query_plan.py[line:149] _do_NestedLoop
2022-12-02 20:49:11 [P-13376] [MainThread] [parse_query_plan] [DEBUG] parse_query_plan.py[line:126] Nested Loop  (cost=9.62..1554.71 rows=1 width=40) (actual time=1.337..35.941 rows=33 loops=1)
2022-12-02 20:49:11 [P-13376] [MainThread] [parse_query_plan] [DEBUG] parse_query_plan.py[line:132] ['Nested Loop']
2022-12-02 20:49:11 [P-13376] [MainThread] [parse_query_plan] [DEBUG] parse_query_plan.py[line:149] _do_NestedLoop
2022-12-02 20:49:11 [P-13376] [MainThread] [parse_query_plan] [DEBUG] parse_query_plan.py[line:126] Nested Loop  (cost=9.19..1554.11 rows=1 width=28) (actual time=1.322..35.821 rows=9 loops=1)
2022-12-02 20:49:11 [P-13376] [MainThread] [parse_query_plan] [DEBUG] parse_query_plan.py[line:132] ['Nested Loop']
2022-12-02 20:49:11 [P-13376] [MainThread] [parse_query_plan] [DEBUG] parse_query_plan.py[line:149] _do_NestedLoop
2022-12-02 20:49:11 [P-13376] [MainThread] [parse_query_plan] [DEBUG] parse_query_plan.py[line:126] Nested Loop  (cost=9.04..1553.93 rows=1 width=32) (actual time=1.320..35.806 rows=14 loops=1)
2022-12-02 20:49:11 [P-13376] [MainThread] [parse_query_plan] [DEBUG] parse_query_plan.py[line:132] ['Nested Loop']
2022-12-02 20:49:11 [P-13376] [MainThread] [parse_query_plan] [DEBUG] parse_query_plan.py[line:149] _do_NestedLoop
2022-12-02 20:49:11 [P-13376] [MainThread] [parse_query_plan] [DEBUG] parse_query_plan.py[line:126] Nested Loop  (cost=8.89..1553.76 rows=1 width=36) (actual time=1.312..35.779 rows=14 loops=1)
2022-12-02 20:49:11 [P-13376] [MainThread] [parse_query_plan] [DEBUG] parse_query_plan.py[line:132] ['Nested Loop']
2022-12-02 20:49:11 [P-13376] [MainThread] [parse_query_plan] [DEBUG] parse_query_plan.py[line:149] _do_NestedLoop
2022-12-02 20:49:11 [P-13376] [MainThread] [parse_query_plan] [DEBUG] parse_query_plan.py[line:126] Nested Loop  (cost=8.47..1553.27 rows=1 width=24) (actual time=1.251..35.645 rows=52 loops=1)
2022-12-02 20:49:11 [P-13376] [MainThread] [parse_query_plan] [DEBUG] parse_query_plan.py[line:132] ['Nested Loop']
2022-12-02 20:49:11 [P-13376] [MainThread] [parse_query_plan] [DEBUG] parse_query_plan.py[line:149] _do_NestedLoop
2022-12-02 20:49:11 [P-13376] [MainThread] [parse_query_plan] [DEBUG] parse_query_plan.py[line:126] Nested Loop  (cost=8.04..1537.90 rows=32 width=4) (actual time=0.988..22.636 rows=11404 loops=1)
2022-12-02 20:49:11 [P-13376] [MainThread] [parse_query_plan] [DEBUG] parse_query_plan.py[line:132] ['Nested Loop']
2022-12-02 20:49:11 [P-13376] [MainThread] [parse_query_plan] [DEBUG] parse_query_plan.py[line:149] _do_NestedLoop
2022-12-02 20:49:11 [P-13376] [MainThread] [parse_query_plan] [DEBUG] parse_query_plan.py[line:126] Index Scan using keyword_idx_keyword on keyword k  (cost=0.42..8.44 rows=1 width=4) (actual time=0.023..0.025 rows=1 loops=1)
2022-12-02 20:49:11 [P-13376] [MainThread] [parse_query_plan] [DEBUG] parse_query_plan.py[line:132] ['Index Scan', 'keyword_idx_keyword', 'keyword k']
2022-12-02 20:49:11 [P-13376] [MainThread] [parse_query_plan] [DEBUG] parse_query_plan.py[line:149] _do_IndexScan
2022-12-02 20:49:11 [P-13376] [MainThread] [parse_query_plan] [DEBUG] parse_query_plan.py[line:126] Bitmap Heap Scan on movie_keyword mk  (cost=7.62..1525.35 rows=411 width=8) (actual time=0.962..21.883 rows=11404 loops=1)
2022-12-02 20:49:11 [P-13376] [MainThread] [parse_query_plan] [DEBUG] parse_query_plan.py[line:132] ['Bitmap Heap Scan', 'movie_keyword mk']
2022-12-02 20:49:11 [P-13376] [MainThread] [parse_query_plan] [DEBUG] parse_query_plan.py[line:149] _do_BitMapHeapScan
2022-12-02 20:49:11 [P-13376] [MainThread] [parse_query_plan] [DEBUG] parse_query_plan.py[line:126] Bitmap Index Scan on movie_keyword_idx_keywordid  (cost=0.00..7.51 rows=411 width=0) (actual time=0.407..0.407 rows=11404 loops=1)
2022-12-02 20:49:11 [P-13376] [MainThread] [parse_query_plan] [DEBUG] parse_query_plan.py[line:132] ['Bitmap Index Scan', 'movie_keyword_idx_keywordid']
2022-12-02 20:49:11 [P-13376] [MainThread] [parse_query_plan] [DEBUG] parse_query_plan.py[line:149] _do_BitMapIndexScan
2022-12-02 20:49:11 [P-13376] [MainThread] [parse_query_plan] [DEBUG] parse_query_plan.py[line:126] Index Scan using title_pkey on title t  (cost=0.43..0.48 rows=1 width=20) (actual time=0.001..0.001 rows=0 loops=11404)
2022-12-02 20:49:11 [P-13376] [MainThread] [parse_query_plan] [DEBUG] parse_query_plan.py[line:132] ['Index Scan', 'title_pkey', 'title t']
2022-12-02 20:49:11 [P-13376] [MainThread] [parse_query_plan] [DEBUG] parse_query_plan.py[line:149] _do_IndexScan
2022-12-02 20:49:11 [P-13376] [MainThread] [parse_query_plan] [DEBUG] parse_query_plan.py[line:126] Index Scan using complete_cast_idx_mid on complete_cast cc  (cost=0.42..0.46 rows=2 width=12) (actual time=0.002..0.002 rows=0 loops=52)
2022-12-02 20:49:11 [P-13376] [MainThread] [parse_query_plan] [DEBUG] parse_query_plan.py[line:132] ['Index Scan', 'complete_cast_idx_mid', 'complete_cast cc']
2022-12-02 20:49:11 [P-13376] [MainThread] [parse_query_plan] [DEBUG] parse_query_plan.py[line:149] _do_IndexScan
2022-12-02 20:49:11 [P-13376] [MainThread] [parse_query_plan] [DEBUG] parse_query_plan.py[line:126] Index Scan using comp_cast_type_pkey on comp_cast_type cct1  (cost=0.15..0.17 rows=1 width=4) (actual time=0.001..0.001 rows=1 loops=14)
2022-12-02 20:49:11 [P-13376] [MainThread] [parse_query_plan] [DEBUG] parse_query_plan.py[line:132] ['Index Scan', 'comp_cast_type_pkey', 'comp_cast_type cct1']
2022-12-02 20:49:11 [P-13376] [MainThread] [parse_query_plan] [DEBUG] parse_query_plan.py[line:149] _do_IndexScan
2022-12-02 20:49:11 [P-13376] [MainThread] [parse_query_plan] [DEBUG] parse_query_plan.py[line:183] <re.Match object; span=(0, 42), match="(kind)::text = ANY ('{cast,crew}'::text[])">
2022-12-02 20:49:11 [P-13376] [MainThread] [parse_query_plan] [DEBUG] parse_query_plan.py[line:126] Index Scan using comp_cast_type_pkey on comp_cast_type cct2  (cost=0.15..0.17 rows=1 width=4) (actual time=0.001..0.001 rows=1 loops=14)
2022-12-02 20:49:11 [P-13376] [MainThread] [parse_query_plan] [DEBUG] parse_query_plan.py[line:132] ['Index Scan', 'comp_cast_type_pkey', 'comp_cast_type cct2']
2022-12-02 20:49:11 [P-13376] [MainThread] [parse_query_plan] [DEBUG] parse_query_plan.py[line:149] _do_IndexScan
2022-12-02 20:49:11 [P-13376] [MainThread] [parse_query_plan] [DEBUG] parse_query_plan.py[line:126] Index Scan using movie_companies_idx_mid on movie_companies mc  (cost=0.43..0.56 rows=3 width=12) (actual time=0.010..0.012 rows=4 loops=9)
2022-12-02 20:49:11 [P-13376] [MainThread] [parse_query_plan] [DEBUG] parse_query_plan.py[line:132] ['Index Scan', 'movie_companies_idx_mid', 'movie_companies mc']
2022-12-02 20:49:11 [P-13376] [MainThread] [parse_query_plan] [DEBUG] parse_query_plan.py[line:149] _do_IndexScan
2022-12-02 20:49:11 [P-13376] [MainThread] [parse_query_plan] [DEBUG] parse_query_plan.py[line:126] Index Scan using company_type_pkey on company_type ct  (cost=0.15..0.17 rows=1 width=4) (actual time=0.001..0.001 rows=1 loops=33)
2022-12-02 20:49:11 [P-13376] [MainThread] [parse_query_plan] [DEBUG] parse_query_plan.py[line:132] ['Index Scan', 'company_type_pkey', 'company_type ct']
2022-12-02 20:49:11 [P-13376] [MainThread] [parse_query_plan] [DEBUG] parse_query_plan.py[line:149] _do_IndexScan
2022-12-02 20:49:11 [P-13376] [MainThread] [parse_query_plan] [DEBUG] parse_query_plan.py[line:126] Index Scan using company_name_pkey on company_name cn  (cost=0.42..0.46 rows=1 width=23) (actual time=0.068..0.068 rows=0 loops=22)
2022-12-02 20:49:11 [P-13376] [MainThread] [parse_query_plan] [DEBUG] parse_query_plan.py[line:132] ['Index Scan', 'company_name_pkey', 'company_name cn']
2022-12-02 20:49:11 [P-13376] [MainThread] [parse_query_plan] [DEBUG] parse_query_plan.py[line:149] _do_IndexScan
2022-12-02 20:49:11 [P-13376] [MainThread] [parse_query_plan] [DEBUG] parse_query_plan.py[line:126] Index Scan using movie_link_idx_mid on movie_link ml  (cost=0.43..1.21 rows=44 width=8) (actual time=0.002..0.002 rows=0 loops=5)
2022-12-02 20:49:11 [P-13376] [MainThread] [parse_query_plan] [DEBUG] parse_query_plan.py[line:132] ['Index Scan', 'movie_link_idx_mid', 'movie_link ml']
2022-12-02 20:49:11 [P-13376] [MainThread] [parse_query_plan] [DEBUG] parse_query_plan.py[line:149] _do_IndexScan
2022-12-02 20:49:11 [P-13376] [MainThread] [parse_query_plan] [DEBUG] parse_query_plan.py[line:126] Index Scan using link_type_pkey on link_type lt  (cost=0.15..0.17 rows=1 width=86) (never executed)
2022-12-02 20:49:11 [P-13376] [MainThread] [parse_query_plan] [DEBUG] parse_query_plan.py[line:132] ['Index Scan', 'link_type_pkey', 'link_type lt']
2022-12-02 20:49:11 [P-13376] [MainThread] [parse_query_plan] [DEBUG] parse_query_plan.py[line:149] _do_IndexScan
2022-12-02 20:49:11 [P-13376] [MainThread] [parse_query_plan] [DEBUG] parse_query_plan.py[line:126] Index Scan using movie_info_idx_mid on movie_info mi  (cost=0.44..2.02 rows=1 width=4) (never executed)
2022-12-02 20:49:11 [P-13376] [MainThread] [parse_query_plan] [DEBUG] parse_query_plan.py[line:132] ['Index Scan', 'movie_info_idx_mid', 'movie_info mi']
2022-12-02 20:49:11 [P-13376] [MainThread] [parse_query_plan] [DEBUG] parse_query_plan.py[line:149] _do_IndexScan
2022-12-02 20:49:11 [P-13376] [MainThread] [parse_query_plan] [DEBUG] parse_query_plan.py[line:183] <re.Match object; span=(0, 54), match="info = ANY ('{Sweden,Germany,Swedish,German}'::te>
2022-12-02 20:49:11 [P-13376] [MainThread] [parse_query_plan] [DEBUG] parse_query_plan.py[line:126] Aggregate  (cost=1560.69..1560.70 rows=1 width=96) (actual time=86.576..86.580 rows=1 loops=1)
2022-12-02 20:49:11 [P-13376] [MainThread] [parse_query_plan] [DEBUG] parse_query_plan.py[line:132] ['Aggregate']
2022-12-02 20:49:11 [P-13376] [MainThread] [parse_query_plan] [DEBUG] parse_query_plan.py[line:149] _do_Aggregate
2022-12-02 20:49:11 [P-13376] [MainThread] [parse_query_plan] [DEBUG] parse_query_plan.py[line:126] Nested Loop  (cost=11.25..1560.68 rows=1 width=117) (actual time=6.562..86.463 rows=288 loops=1)
2022-12-02 20:49:11 [P-13376] [MainThread] [parse_query_plan] [DEBUG] parse_query_plan.py[line:132] ['Nested Loop']
2022-12-02 20:49:11 [P-13376] [MainThread] [parse_query_plan] [DEBUG] parse_query_plan.py[line:149] _do_NestedLoop
2022-12-02 20:49:11 [P-13376] [MainThread] [parse_query_plan] [DEBUG] parse_query_plan.py[line:126] Nested Loop  (cost=10.83..1560.22 rows=1 width=102) (actual time=1.833..80.442 rows=2214 loops=1)
2022-12-02 20:49:11 [P-13376] [MainThread] [parse_query_plan] [DEBUG] parse_query_plan.py[line:132] ['Nested Loop']
2022-12-02 20:49:11 [P-13376] [MainThread] [parse_query_plan] [DEBUG] parse_query_plan.py[line:149] _do_NestedLoop
2022-12-02 20:49:11 [P-13376] [MainThread] [parse_query_plan] [DEBUG] parse_query_plan.py[line:126] Nested Loop  (cost=10.67..1559.76 rows=3 width=106) (actual time=1.827..79.873 rows=2480 loops=1)
2022-12-02 20:49:11 [P-13376] [MainThread] [parse_query_plan] [DEBUG] parse_query_plan.py[line:132] ['Nested Loop']
2022-12-02 20:49:11 [P-13376] [MainThread] [parse_query_plan] [DEBUG] parse_query_plan.py[line:149] _do_NestedLoop
2022-12-02 20:49:11 [P-13376] [MainThread] [parse_query_plan] [DEBUG] parse_query_plan.py[line:126] Nested Loop  (cost=10.24..1559.16 rows=1 width=118) (actual time=1.812..75.470 rows=1138 loops=1)
2022-12-02 20:49:11 [P-13376] [MainThread] [parse_query_plan] [DEBUG] parse_query_plan.py[line:132] ['Nested Loop']
2022-12-02 20:49:11 [P-13376] [MainThread] [parse_query_plan] [DEBUG] parse_query_plan.py[line:149] _do_NestedLoop
2022-12-02 20:49:11 [P-13376] [MainThread] [parse_query_plan] [DEBUG] parse_query_plan.py[line:126] Nested Loop  (cost=10.09..1558.97 rows=1 width=40) (actual time=1.800..66.136 rows=14745 loops=1)
2022-12-02 20:49:11 [P-13376] [MainThread] [parse_query_plan] [DEBUG] parse_query_plan.py[line:132] ['Nested Loop']
2022-12-02 20:49:11 [P-13376] [MainThread] [parse_query_plan] [DEBUG] parse_query_plan.py[line:149] _do_NestedLoop
2022-12-02 20:49:11 [P-13376] [MainThread] [parse_query_plan] [DEBUG] parse_query_plan.py[line:126] Nested Loop  (cost=9.66..1557.29 rows=1 width=32) (actual time=1.042..36.625 rows=266 loops=1)
2022-12-02 20:49:11 [P-13376] [MainThread] [parse_query_plan] [DEBUG] parse_query_plan.py[line:132] ['Nested Loop']
2022-12-02 20:49:11 [P-13376] [MainThread] [parse_query_plan] [DEBUG] parse_query_plan.py[line:149] _do_NestedLoop
2022-12-02 20:49:11 [P-13376] [MainThread] [parse_query_plan] [DEBUG] parse_query_plan.py[line:126] Nested Loop  (cost=9.20..1555.20 rows=1 width=28) (actual time=0.996..21.708 rows=176 loops=1)
2022-12-02 20:49:11 [P-13376] [MainThread] [parse_query_plan] [DEBUG] parse_query_plan.py[line:132] ['Nested Loop']
2022-12-02 20:49:11 [P-13376] [MainThread] [parse_query_plan] [DEBUG] parse_query_plan.py[line:149] _do_NestedLoop
2022-12-02 20:49:11 [P-13376] [MainThread] [parse_query_plan] [DEBUG] parse_query_plan.py[line:126] Nested Loop  (cost=8.77..1554.72 rows=1 width=8) (actual time=0.949..19.853 rows=2005 loops=1)
2022-12-02 20:49:11 [P-13376] [MainThread] [parse_query_plan] [DEBUG] parse_query_plan.py[line:132] ['Nested Loop']
2022-12-02 20:49:11 [P-13376] [MainThread] [parse_query_plan] [DEBUG] parse_query_plan.py[line:149] _do_NestedLoop
2022-12-02 20:49:11 [P-13376] [MainThread] [parse_query_plan] [DEBUG] parse_query_plan.py[line:126] Nested Loop  (cost=8.62..1554.54 rows=1 width=12) (actual time=0.947..18.648 rows=2005 loops=1)
2022-12-02 20:49:11 [P-13376] [MainThread] [parse_query_plan] [DEBUG] parse_query_plan.py[line:132] ['Nested Loop']
2022-12-02 20:49:11 [P-13376] [MainThread] [parse_query_plan] [DEBUG] parse_query_plan.py[line:149] _do_NestedLoop
2022-12-02 20:49:11 [P-13376] [MainThread] [parse_query_plan] [DEBUG] parse_query_plan.py[line:126] Nested Loop  (cost=8.46..1553.11 rows=37 width=16) (actual time=0.941..18.003 rows=2911 loops=1)
2022-12-02 20:49:11 [P-13376] [MainThread] [parse_query_plan] [DEBUG] parse_query_plan.py[line:132] ['Nested Loop']
2022-12-02 20:49:11 [P-13376] [MainThread] [parse_query_plan] [DEBUG] parse_query_plan.py[line:149] _do_NestedLoop
2022-12-02 20:49:11 [P-13376] [MainThread] [parse_query_plan] [DEBUG] parse_query_plan.py[line:126] Nested Loop  (cost=8.04..1537.90 rows=32 width=4) (actual time=0.920..6.837 rows=11404 loops=1)
2022-12-02 20:49:11 [P-13376] [MainThread] [parse_query_plan] [DEBUG] parse_query_plan.py[line:132] ['Nested Loop']
2022-12-02 20:49:11 [P-13376] [MainThread] [parse_query_plan] [DEBUG] parse_query_plan.py[line:149] _do_NestedLoop
2022-12-02 20:49:11 [P-13376] [MainThread] [parse_query_plan] [DEBUG] parse_query_plan.py[line:126] Index Scan using keyword_idx_keyword on keyword k  (cost=0.42..8.44 rows=1 width=4) (actual time=0.011..0.012 rows=1 loops=1)
2022-12-02 20:49:11 [P-13376] [MainThread] [parse_query_plan] [DEBUG] parse_query_plan.py[line:132] ['Index Scan', 'keyword_idx_keyword', 'keyword k']
2022-12-02 20:49:11 [P-13376] [MainThread] [parse_query_plan] [DEBUG] parse_query_plan.py[line:149] _do_IndexScan
2022-12-02 20:49:11 [P-13376] [MainThread] [parse_query_plan] [DEBUG] parse_query_plan.py[line:126] Bitmap Heap Scan on movie_keyword mk  (cost=7.62..1525.35 rows=411 width=8) (actual time=0.906..6.169 rows=11404 loops=1)
2022-12-02 20:49:11 [P-13376] [MainThread] [parse_query_plan] [DEBUG] parse_query_plan.py[line:132] ['Bitmap Heap Scan', 'movie_keyword mk']
2022-12-02 20:49:11 [P-13376] [MainThread] [parse_query_plan] [DEBUG] parse_query_plan.py[line:149] _do_BitMapHeapScan
2022-12-02 20:49:11 [P-13376] [MainThread] [parse_query_plan] [DEBUG] parse_query_plan.py[line:126] Bitmap Index Scan on movie_keyword_idx_keywordid  (cost=0.00..7.51 rows=411 width=0) (actual time=0.378..0.378 rows=11404 loops=1)
2022-12-02 20:49:11 [P-13376] [MainThread] [parse_query_plan] [DEBUG] parse_query_plan.py[line:132] ['Bitmap Index Scan', 'movie_keyword_idx_keywordid']
2022-12-02 20:49:11 [P-13376] [MainThread] [parse_query_plan] [DEBUG] parse_query_plan.py[line:149] _do_BitMapIndexScan
2022-12-02 20:49:11 [P-13376] [MainThread] [parse_query_plan] [DEBUG] parse_query_plan.py[line:126] Index Scan using complete_cast_idx_mid on complete_cast cc  (cost=0.42..0.46 rows=2 width=12) (actual time=0.001..0.001 rows=0 loops=11404)
2022-12-02 20:49:11 [P-13376] [MainThread] [parse_query_plan] [DEBUG] parse_query_plan.py[line:132] ['Index Scan', 'complete_cast_idx_mid', 'complete_cast cc']
2022-12-02 20:49:11 [P-13376] [MainThread] [parse_query_plan] [DEBUG] parse_query_plan.py[line:149] _do_IndexScan
2022-12-02 20:49:11 [P-13376] [MainThread] [parse_query_plan] [DEBUG] parse_query_plan.py[line:126] Memoize  (cost=0.16..0.18 rows=1 width=4) (actual time=0.000..0.000 rows=1 loops=2911)
2022-12-02 20:49:11 [P-13376] [MainThread] [parse_query_plan] [DEBUG] parse_query_plan.py[line:132] ['Memoize']
2022-12-02 20:49:11 [P-13376] [MainThread] [parse_query_plan] [DEBUG] parse_query_plan.py[line:149] _do_Memorize
2022-12-02 20:49:11 [P-13376] [MainThread] [parse_query_plan] [DEBUG] parse_query_plan.py[line:126] Index Scan using comp_cast_type_pkey on comp_cast_type cct1  (cost=0.15..0.17 rows=1 width=4) (actual time=0.002..0.002 rows=0 loops=2)
2022-12-02 20:49:11 [P-13376] [MainThread] [parse_query_plan] [DEBUG] parse_query_plan.py[line:132] ['Index Scan', 'comp_cast_type_pkey', 'comp_cast_type cct1']
2022-12-02 20:49:11 [P-13376] [MainThread] [parse_query_plan] [DEBUG] parse_query_plan.py[line:149] _do_IndexScan
2022-12-02 20:49:11 [P-13376] [MainThread] [parse_query_plan] [DEBUG] parse_query_plan.py[line:126] Index Scan using comp_cast_type_pkey on comp_cast_type cct2  (cost=0.15..0.17 rows=1 width=4) (actual time=0.000..0.000 rows=1 loops=2005)
2022-12-02 20:49:11 [P-13376] [MainThread] [parse_query_plan] [DEBUG] parse_query_plan.py[line:132] ['Index Scan', 'comp_cast_type_pkey', 'comp_cast_type cct2']
2022-12-02 20:49:11 [P-13376] [MainThread] [parse_query_plan] [DEBUG] parse_query_plan.py[line:149] _do_IndexScan
2022-12-02 20:49:11 [P-13376] [MainThread] [parse_query_plan] [DEBUG] parse_query_plan.py[line:126] Index Scan using title_pkey on title t  (cost=0.43..0.48 rows=1 width=20) (actual time=0.001..0.001 rows=0 loops=2005)
2022-12-02 20:49:11 [P-13376] [MainThread] [parse_query_plan] [DEBUG] parse_query_plan.py[line:132] ['Index Scan', 'title_pkey', 'title t']
2022-12-02 20:49:11 [P-13376] [MainThread] [parse_query_plan] [DEBUG] parse_query_plan.py[line:149] _do_IndexScan
2022-12-02 20:49:11 [P-13376] [MainThread] [parse_query_plan] [DEBUG] parse_query_plan.py[line:126] Index Scan using movie_info_idx_mid on movie_info mi  (cost=0.46..2.04 rows=4 width=4) (actual time=0.052..0.084 rows=2 loops=176)
2022-12-02 20:49:11 [P-13376] [MainThread] [parse_query_plan] [DEBUG] parse_query_plan.py[line:132] ['Index Scan', 'movie_info_idx_mid', 'movie_info mi']
2022-12-02 20:49:11 [P-13376] [MainThread] [parse_query_plan] [DEBUG] parse_query_plan.py[line:149] _do_IndexScan
2022-12-02 20:49:11 [P-13376] [MainThread] [parse_query_plan] [DEBUG] parse_query_plan.py[line:183] <re.Match object; span=(0, 94), match="info = ANY ('{Sweden,Norway,Germany,Denmark,Swedi>
2022-12-02 20:49:11 [P-13376] [MainThread] [parse_query_plan] [DEBUG] parse_query_plan.py[line:126] Index Scan using movie_link_idx_mid on movie_link ml  (cost=0.43..1.24 rows=44 width=8) (actual time=0.088..0.107 rows=55 loops=266)
2022-12-02 20:49:11 [P-13376] [MainThread] [parse_query_plan] [DEBUG] parse_query_plan.py[line:132] ['Index Scan', 'movie_link_idx_mid', 'movie_link ml']
2022-12-02 20:49:11 [P-13376] [MainThread] [parse_query_plan] [DEBUG] parse_query_plan.py[line:149] _do_IndexScan
2022-12-02 20:49:11 [P-13376] [MainThread] [parse_query_plan] [DEBUG] parse_query_plan.py[line:126] Index Scan using link_type_pkey on link_type lt  (cost=0.15..0.17 rows=1 width=86) (actual time=0.001..0.001 rows=0 loops=14745)
2022-12-02 20:49:11 [P-13376] [MainThread] [parse_query_plan] [DEBUG] parse_query_plan.py[line:132] ['Index Scan', 'link_type_pkey', 'link_type lt']
2022-12-02 20:49:11 [P-13376] [MainThread] [parse_query_plan] [DEBUG] parse_query_plan.py[line:149] _do_IndexScan
2022-12-02 20:49:11 [P-13376] [MainThread] [parse_query_plan] [DEBUG] parse_query_plan.py[line:126] Index Scan using movie_companies_idx_mid on movie_companies mc  (cost=0.43..0.56 rows=3 width=12) (actual time=0.003..0.004 rows=2 loops=1138)
2022-12-02 20:49:11 [P-13376] [MainThread] [parse_query_plan] [DEBUG] parse_query_plan.py[line:132] ['Index Scan', 'movie_companies_idx_mid', 'movie_companies mc']
2022-12-02 20:49:11 [P-13376] [MainThread] [parse_query_plan] [DEBUG] parse_query_plan.py[line:149] _do_IndexScan
2022-12-02 20:49:11 [P-13376] [MainThread] [parse_query_plan] [DEBUG] parse_query_plan.py[line:126] Memoize  (cost=0.16..0.18 rows=1 width=4) (actual time=0.000..0.000 rows=1 loops=2480)
2022-12-02 20:49:11 [P-13376] [MainThread] [parse_query_plan] [DEBUG] parse_query_plan.py[line:132] ['Memoize']
2022-12-02 20:49:11 [P-13376] [MainThread] [parse_query_plan] [DEBUG] parse_query_plan.py[line:149] _do_Memorize
2022-12-02 20:49:11 [P-13376] [MainThread] [parse_query_plan] [DEBUG] parse_query_plan.py[line:126] Index Scan using company_type_pkey on company_type ct  (cost=0.15..0.17 rows=1 width=4) (actual time=0.003..0.003 rows=0 loops=2)
2022-12-02 20:49:11 [P-13376] [MainThread] [parse_query_plan] [DEBUG] parse_query_plan.py[line:132] ['Index Scan', 'company_type_pkey', 'company_type ct']
2022-12-02 20:49:11 [P-13376] [MainThread] [parse_query_plan] [DEBUG] parse_query_plan.py[line:149] _do_IndexScan
2022-12-02 20:49:11 [P-13376] [MainThread] [parse_query_plan] [DEBUG] parse_query_plan.py[line:126] Index Scan using company_name_pkey on company_name cn  (cost=0.42..0.46 rows=1 width=23) (actual time=0.003..0.003 rows=0 loops=2214)
2022-12-02 20:49:11 [P-13376] [MainThread] [parse_query_plan] [DEBUG] parse_query_plan.py[line:132] ['Index Scan', 'company_name_pkey', 'company_name cn']
2022-12-02 20:49:11 [P-13376] [MainThread] [parse_query_plan] [DEBUG] parse_query_plan.py[line:149] _do_IndexScan
2022-12-02 20:49:11 [P-13376] [MainThread] [parse_query_plan] [DEBUG] parse_query_plan.py[line:126] Aggregate  (cost=31.68..31.69 rows=1 width=96) (actual time=0.016..0.017 rows=1 loops=1)
2022-12-02 20:49:11 [P-13376] [MainThread] [parse_query_plan] [DEBUG] parse_query_plan.py[line:132] ['Aggregate']
2022-12-02 20:49:11 [P-13376] [MainThread] [parse_query_plan] [DEBUG] parse_query_plan.py[line:149] _do_Aggregate
2022-12-02 20:49:11 [P-13376] [MainThread] [parse_query_plan] [DEBUG] parse_query_plan.py[line:126] Nested Loop  (cost=7.92..31.67 rows=1 width=67) (actual time=0.015..0.016 rows=0 loops=1)
2022-12-02 20:49:11 [P-13376] [MainThread] [parse_query_plan] [DEBUG] parse_query_plan.py[line:132] ['Nested Loop']
2022-12-02 20:49:11 [P-13376] [MainThread] [parse_query_plan] [DEBUG] parse_query_plan.py[line:149] _do_NestedLoop
2022-12-02 20:49:11 [P-13376] [MainThread] [parse_query_plan] [DEBUG] parse_query_plan.py[line:126] Nested Loop  (cost=7.77..31.50 rows=1 width=71) (actual time=0.015..0.016 rows=0 loops=1)
2022-12-02 20:49:11 [P-13376] [MainThread] [parse_query_plan] [DEBUG] parse_query_plan.py[line:132] ['Nested Loop']
2022-12-02 20:49:11 [P-13376] [MainThread] [parse_query_plan] [DEBUG] parse_query_plan.py[line:149] _do_NestedLoop
2022-12-02 20:49:11 [P-13376] [MainThread] [parse_query_plan] [DEBUG] parse_query_plan.py[line:126] Nested Loop  (cost=7.62..31.32 rows=1 width=75) (actual time=0.015..0.015 rows=0 loops=1)
2022-12-02 20:49:11 [P-13376] [MainThread] [parse_query_plan] [DEBUG] parse_query_plan.py[line:132] ['Nested Loop']
2022-12-02 20:49:11 [P-13376] [MainThread] [parse_query_plan] [DEBUG] parse_query_plan.py[line:149] _do_NestedLoop
2022-12-02 20:49:11 [P-13376] [MainThread] [parse_query_plan] [DEBUG] parse_query_plan.py[line:126] Nested Loop  (cost=7.47..31.15 rows=1 width=79) (actual time=0.015..0.015 rows=0 loops=1)
2022-12-02 20:49:11 [P-13376] [MainThread] [parse_query_plan] [DEBUG] parse_query_plan.py[line:132] ['Nested Loop']
2022-12-02 20:49:11 [P-13376] [MainThread] [parse_query_plan] [DEBUG] parse_query_plan.py[line:149] _do_NestedLoop
2022-12-02 20:49:11 [P-13376] [MainThread] [parse_query_plan] [DEBUG] parse_query_plan.py[line:126] Nested Loop  (cost=7.05..30.68 rows=1 width=91) (actual time=0.015..0.015 rows=0 loops=1)
2022-12-02 20:49:11 [P-13376] [MainThread] [parse_query_plan] [DEBUG] parse_query_plan.py[line:132] ['Nested Loop']
2022-12-02 20:49:11 [P-13376] [MainThread] [parse_query_plan] [DEBUG] parse_query_plan.py[line:149] _do_NestedLoop
2022-12-02 20:49:11 [P-13376] [MainThread] [parse_query_plan] [DEBUG] parse_query_plan.py[line:126] Nested Loop  (cost=6.91..30.49 rows=1 width=95) (actual time=0.014..0.015 rows=0 loops=1)
2022-12-02 20:49:11 [P-13376] [MainThread] [parse_query_plan] [DEBUG] parse_query_plan.py[line:132] ['Nested Loop']
2022-12-02 20:49:11 [P-13376] [MainThread] [parse_query_plan] [DEBUG] parse_query_plan.py[line:149] _do_NestedLoop
2022-12-02 20:49:11 [P-13376] [MainThread] [parse_query_plan] [DEBUG] parse_query_plan.py[line:126] Nested Loop  (cost=6.47..27.98 rows=1 width=87) (actual time=0.014..0.015 rows=0 loops=1)
2022-12-02 20:49:11 [P-13376] [MainThread] [parse_query_plan] [DEBUG] parse_query_plan.py[line:132] ['Nested Loop']
2022-12-02 20:49:11 [P-13376] [MainThread] [parse_query_plan] [DEBUG] parse_query_plan.py[line:149] _do_NestedLoop
2022-12-02 20:49:11 [P-13376] [MainThread] [parse_query_plan] [DEBUG] parse_query_plan.py[line:126] Nested Loop  (cost=6.05..27.41 rows=1 width=72) (actual time=0.014..0.015 rows=0 loops=1)
2022-12-02 20:49:11 [P-13376] [MainThread] [parse_query_plan] [DEBUG] parse_query_plan.py[line:132] ['Nested Loop']
2022-12-02 20:49:11 [P-13376] [MainThread] [parse_query_plan] [DEBUG] parse_query_plan.py[line:149] _do_NestedLoop
2022-12-02 20:49:11 [P-13376] [MainThread] [parse_query_plan] [DEBUG] parse_query_plan.py[line:126] Nested Loop  (cost=5.61..26.80 rows=1 width=60) (actual time=0.014..0.015 rows=0 loops=1)
2022-12-02 20:49:11 [P-13376] [MainThread] [parse_query_plan] [DEBUG] parse_query_plan.py[line:132] ['Nested Loop']
2022-12-02 20:49:11 [P-13376] [MainThread] [parse_query_plan] [DEBUG] parse_query_plan.py[line:149] _do_NestedLoop
2022-12-02 20:49:11 [P-13376] [MainThread] [parse_query_plan] [DEBUG] parse_query_plan.py[line:126] Nested Loop  (cost=5.19..25.90 rows=2 width=64) (actual time=0.014..0.015 rows=0 loops=1)
2022-12-02 20:49:11 [P-13376] [MainThread] [parse_query_plan] [DEBUG] parse_query_plan.py[line:132] ['Nested Loop']
2022-12-02 20:49:11 [P-13376] [MainThread] [parse_query_plan] [DEBUG] parse_query_plan.py[line:149] _do_NestedLoop
2022-12-02 20:49:11 [P-13376] [MainThread] [parse_query_plan] [DEBUG] parse_query_plan.py[line:126] Nested Loop  (cost=4.76..23.65 rows=1 width=56) (actual time=0.014..0.015 rows=0 loops=1)
2022-12-02 20:49:11 [P-13376] [MainThread] [parse_query_plan] [DEBUG] parse_query_plan.py[line:132] ['Nested Loop']
2022-12-02 20:49:11 [P-13376] [MainThread] [parse_query_plan] [DEBUG] parse_query_plan.py[line:149] _do_NestedLoop
2022-12-02 20:49:11 [P-13376] [MainThread] [parse_query_plan] [DEBUG] parse_query_plan.py[line:126] Nested Loop  (cost=4.61..23.48 rows=1 width=60) (actual time=0.014..0.014 rows=0 loops=1)
2022-12-02 20:49:11 [P-13376] [MainThread] [parse_query_plan] [DEBUG] parse_query_plan.py[line:132] ['Nested Loop']
2022-12-02 20:49:11 [P-13376] [MainThread] [parse_query_plan] [DEBUG] parse_query_plan.py[line:149] _do_NestedLoop
2022-12-02 20:49:11 [P-13376] [MainThread] [parse_query_plan] [DEBUG] parse_query_plan.py[line:126] Nested Loop  (cost=4.18..15.07 rows=1 width=36) (actual time=0.014..0.014 rows=0 loops=1)
2022-12-02 20:49:11 [P-13376] [MainThread] [parse_query_plan] [DEBUG] parse_query_plan.py[line:132] ['Nested Loop']
2022-12-02 20:49:11 [P-13376] [MainThread] [parse_query_plan] [DEBUG] parse_query_plan.py[line:149] _do_NestedLoop
2022-12-02 20:49:11 [P-13376] [MainThread] [parse_query_plan] [DEBUG] parse_query_plan.py[line:126] Seq Scan on info_type it2  (cost=0.00..2.41 rows=1 width=4) (actual time=0.009..0.010 rows=1 loops=1)
2022-12-02 20:49:11 [P-13376] [MainThread] [parse_query_plan] [DEBUG] parse_query_plan.py[line:132] ['Seq Scan', 'info_type it2']
2022-12-02 20:49:11 [P-13376] [MainThread] [parse_query_plan] [DEBUG] parse_query_plan.py[line:149] _do_SeqScan
2022-12-02 20:49:11 [P-13376] [MainThread] [parse_query_plan] [DEBUG] parse_query_plan.py[line:126] Bitmap Heap Scan on movie_info_idx mi_idx  (cost=4.18..12.65 rows=1 width=40) (actual time=0.003..0.003 rows=0 loops=1)
2022-12-02 20:49:11 [P-13376] [MainThread] [parse_query_plan] [DEBUG] parse_query_plan.py[line:132] ['Bitmap Heap Scan', 'movie_info_idx mi_idx']
2022-12-02 20:49:11 [P-13376] [MainThread] [parse_query_plan] [DEBUG] parse_query_plan.py[line:149] _do_BitMapHeapScan
2022-12-02 20:49:11 [P-13376] [MainThread] [parse_query_plan] [DEBUG] parse_query_plan.py[line:126] Bitmap Index Scan on info_type_id_movie_info_idx  (cost=0.00..4.18 rows=4 width=0) (actual time=0.001..0.001 rows=0 loops=1)
2022-12-02 20:49:11 [P-13376] [MainThread] [parse_query_plan] [DEBUG] parse_query_plan.py[line:132] ['Bitmap Index Scan', 'info_type_id_movie_info_idx']
2022-12-02 20:49:11 [P-13376] [MainThread] [parse_query_plan] [DEBUG] parse_query_plan.py[line:149] _do_BitMapIndexScan
2022-12-02 20:49:11 [P-13376] [MainThread] [parse_query_plan] [DEBUG] parse_query_plan.py[line:126] Index Scan using title_pkey on title t  (cost=0.43..8.40 rows=1 width=24) (never executed)
2022-12-02 20:49:11 [P-13376] [MainThread] [parse_query_plan] [DEBUG] parse_query_plan.py[line:132] ['Index Scan', 'title_pkey', 'title t']
2022-12-02 20:49:11 [P-13376] [MainThread] [parse_query_plan] [DEBUG] parse_query_plan.py[line:149] _do_IndexScan
2022-12-02 20:49:11 [P-13376] [MainThread] [parse_query_plan] [DEBUG] parse_query_plan.py[line:126] Index Scan using kind_type_pkey on kind_type kt  (cost=0.15..0.17 rows=1 width=4) (never executed)
2022-12-02 20:49:11 [P-13376] [MainThread] [parse_query_plan] [DEBUG] parse_query_plan.py[line:132] ['Index Scan', 'kind_type_pkey', 'kind_type kt']
2022-12-02 20:49:11 [P-13376] [MainThread] [parse_query_plan] [DEBUG] parse_query_plan.py[line:149] _do_IndexScan
2022-12-02 20:49:11 [P-13376] [MainThread] [parse_query_plan] [DEBUG] parse_query_plan.py[line:183] <re.Match object; span=(0, 46), match="(kind)::text = ANY ('{movie,episode}'::text[])">
2022-12-02 20:49:11 [P-13376] [MainThread] [parse_query_plan] [DEBUG] parse_query_plan.py[line:126] Index Scan using movie_keyword_idx_mid on movie_keyword mk  (cost=0.43..1.62 rows=63 width=8) (never executed)
2022-12-02 20:49:11 [P-13376] [MainThread] [parse_query_plan] [DEBUG] parse_query_plan.py[line:132] ['Index Scan', 'movie_keyword_idx_mid', 'movie_keyword mk']
2022-12-02 20:49:11 [P-13376] [MainThread] [parse_query_plan] [DEBUG] parse_query_plan.py[line:149] _do_IndexScan
2022-12-02 20:49:11 [P-13376] [MainThread] [parse_query_plan] [DEBUG] parse_query_plan.py[line:126] Index Scan using keyword_pkey on keyword k  (cost=0.42..0.44 rows=1 width=4) (never executed)
2022-12-02 20:49:11 [P-13376] [MainThread] [parse_query_plan] [DEBUG] parse_query_plan.py[line:132] ['Index Scan', 'keyword_pkey', 'keyword k']
2022-12-02 20:49:11 [P-13376] [MainThread] [parse_query_plan] [DEBUG] parse_query_plan.py[line:149] _do_IndexScan
2022-12-02 20:49:11 [P-13376] [MainThread] [parse_query_plan] [DEBUG] parse_query_plan.py[line:183] <re.Match object; span=(0, 65), match="keyword = ANY ('{murder,murder-in-title,blood,vio>
2022-12-02 20:49:11 [P-13376] [MainThread] [parse_query_plan] [DEBUG] parse_query_plan.py[line:126] Index Scan using movie_companies_idx_mid on movie_companies mc  (cost=0.43..0.59 rows=1 width=12) (never executed)
2022-12-02 20:49:11 [P-13376] [MainThread] [parse_query_plan] [DEBUG] parse_query_plan.py[line:132] ['Index Scan', 'movie_companies_idx_mid', 'movie_companies mc']
2022-12-02 20:49:11 [P-13376] [MainThread] [parse_query_plan] [DEBUG] parse_query_plan.py[line:149] _do_IndexScan
2022-12-02 20:49:11 [P-13376] [MainThread] [parse_query_plan] [DEBUG] parse_query_plan.py[line:126] Index Scan using company_name_pkey on company_name cn  (cost=0.42..0.58 rows=1 width=23) (never executed)
2022-12-02 20:49:11 [P-13376] [MainThread] [parse_query_plan] [DEBUG] parse_query_plan.py[line:132] ['Index Scan', 'company_name_pkey', 'company_name cn']
2022-12-02 20:49:11 [P-13376] [MainThread] [parse_query_plan] [DEBUG] parse_query_plan.py[line:149] _do_IndexScan
2022-12-02 20:49:11 [P-13376] [MainThread] [parse_query_plan] [DEBUG] parse_query_plan.py[line:126] Index Scan using movie_info_idx_mid on movie_info mi  (cost=0.44..2.49 rows=2 width=8) (never executed)
2022-12-02 20:49:11 [P-13376] [MainThread] [parse_query_plan] [DEBUG] parse_query_plan.py[line:132] ['Index Scan', 'movie_info_idx_mid', 'movie_info mi']
2022-12-02 20:49:11 [P-13376] [MainThread] [parse_query_plan] [DEBUG] parse_query_plan.py[line:149] _do_IndexScan
2022-12-02 20:49:11 [P-13376] [MainThread] [parse_query_plan] [DEBUG] parse_query_plan.py[line:183] <re.Match object; span=(0, 99), match="info = ANY ('{Sweden,Norway,Germany,Denmark,Swedi>
2022-12-02 20:49:11 [P-13376] [MainThread] [parse_query_plan] [DEBUG] parse_query_plan.py[line:126] Index Scan using info_type_pkey on info_type it1  (cost=0.14..0.16 rows=1 width=4) (never executed)
2022-12-02 20:49:11 [P-13376] [MainThread] [parse_query_plan] [DEBUG] parse_query_plan.py[line:132] ['Index Scan', 'info_type_pkey', 'info_type it1']
2022-12-02 20:49:11 [P-13376] [MainThread] [parse_query_plan] [DEBUG] parse_query_plan.py[line:149] _do_IndexScan
2022-12-02 20:49:11 [P-13376] [MainThread] [parse_query_plan] [DEBUG] parse_query_plan.py[line:126] Index Scan using complete_cast_idx_mid on complete_cast cc  (cost=0.42..0.46 rows=2 width=12) (never executed)
2022-12-02 20:49:11 [P-13376] [MainThread] [parse_query_plan] [DEBUG] parse_query_plan.py[line:132] ['Index Scan', 'complete_cast_idx_mid', 'complete_cast cc']
2022-12-02 20:49:11 [P-13376] [MainThread] [parse_query_plan] [DEBUG] parse_query_plan.py[line:149] _do_IndexScan
2022-12-02 20:49:11 [P-13376] [MainThread] [parse_query_plan] [DEBUG] parse_query_plan.py[line:126] Index Scan using comp_cast_type_pkey on comp_cast_type cct2  (cost=0.15..0.17 rows=1 width=4) (never executed)
2022-12-02 20:49:11 [P-13376] [MainThread] [parse_query_plan] [DEBUG] parse_query_plan.py[line:132] ['Index Scan', 'comp_cast_type_pkey', 'comp_cast_type cct2']
2022-12-02 20:49:11 [P-13376] [MainThread] [parse_query_plan] [DEBUG] parse_query_plan.py[line:149] _do_IndexScan
2022-12-02 20:49:11 [P-13376] [MainThread] [parse_query_plan] [DEBUG] parse_query_plan.py[line:126] Index Scan using comp_cast_type_pkey on comp_cast_type cct1  (cost=0.15..0.17 rows=1 width=4) (never executed)
2022-12-02 20:49:11 [P-13376] [MainThread] [parse_query_plan] [DEBUG] parse_query_plan.py[line:132] ['Index Scan', 'comp_cast_type_pkey', 'comp_cast_type cct1']
2022-12-02 20:49:11 [P-13376] [MainThread] [parse_query_plan] [DEBUG] parse_query_plan.py[line:149] _do_IndexScan
2022-12-02 20:49:11 [P-13376] [MainThread] [parse_query_plan] [DEBUG] parse_query_plan.py[line:126] Index Only Scan using company_type_pkey on company_type ct  (cost=0.15..0.17 rows=1 width=4) (never executed)
2022-12-02 20:49:11 [P-13376] [MainThread] [parse_query_plan] [DEBUG] parse_query_plan.py[line:132] ['Index Only Scan', 'company_type_pkey', 'company_type ct']
2022-12-02 20:49:11 [P-13376] [MainThread] [parse_query_plan] [DEBUG] parse_query_plan.py[line:149] _do_IndexOnlyScan
2022-12-02 20:49:11 [P-13376] [MainThread] [parse_query_plan] [DEBUG] parse_query_plan.py[line:126] Aggregate  (cost=31.22..31.23 rows=1 width=96) (actual time=0.016..0.017 rows=1 loops=1)
2022-12-02 20:49:11 [P-13376] [MainThread] [parse_query_plan] [DEBUG] parse_query_plan.py[line:132] ['Aggregate']
2022-12-02 20:49:11 [P-13376] [MainThread] [parse_query_plan] [DEBUG] parse_query_plan.py[line:149] _do_Aggregate
2022-12-02 20:49:11 [P-13376] [MainThread] [parse_query_plan] [DEBUG] parse_query_plan.py[line:126] Nested Loop  (cost=7.92..31.21 rows=1 width=67) (actual time=0.014..0.015 rows=0 loops=1)
2022-12-02 20:49:11 [P-13376] [MainThread] [parse_query_plan] [DEBUG] parse_query_plan.py[line:132] ['Nested Loop']
2022-12-02 20:49:11 [P-13376] [MainThread] [parse_query_plan] [DEBUG] parse_query_plan.py[line:149] _do_NestedLoop
2022-12-02 20:49:11 [P-13376] [MainThread] [parse_query_plan] [DEBUG] parse_query_plan.py[line:126] Nested Loop  (cost=7.77..31.03 rows=1 width=71) (actual time=0.014..0.015 rows=0 loops=1)
2022-12-02 20:49:11 [P-13376] [MainThread] [parse_query_plan] [DEBUG] parse_query_plan.py[line:132] ['Nested Loop']
2022-12-02 20:49:11 [P-13376] [MainThread] [parse_query_plan] [DEBUG] parse_query_plan.py[line:149] _do_NestedLoop
2022-12-02 20:49:11 [P-13376] [MainThread] [parse_query_plan] [DEBUG] parse_query_plan.py[line:126] Nested Loop  (cost=7.63..30.85 rows=1 width=75) (actual time=0.014..0.015 rows=0 loops=1)
2022-12-02 20:49:11 [P-13376] [MainThread] [parse_query_plan] [DEBUG] parse_query_plan.py[line:132] ['Nested Loop']
2022-12-02 20:49:11 [P-13376] [MainThread] [parse_query_plan] [DEBUG] parse_query_plan.py[line:149] _do_NestedLoop
2022-12-02 20:49:11 [P-13376] [MainThread] [parse_query_plan] [DEBUG] parse_query_plan.py[line:126] Nested Loop  (cost=7.19..28.82 rows=1 width=91) (actual time=0.014..0.015 rows=0 loops=1)
2022-12-02 20:49:11 [P-13376] [MainThread] [parse_query_plan] [DEBUG] parse_query_plan.py[line:132] ['Nested Loop']
2022-12-02 20:49:11 [P-13376] [MainThread] [parse_query_plan] [DEBUG] parse_query_plan.py[line:149] _do_NestedLoop
2022-12-02 20:49:11 [P-13376] [MainThread] [parse_query_plan] [DEBUG] parse_query_plan.py[line:126] Nested Loop  (cost=7.04..28.65 rows=1 width=95) (actual time=0.014..0.015 rows=0 loops=1)
2022-12-02 20:49:11 [P-13376] [MainThread] [parse_query_plan] [DEBUG] parse_query_plan.py[line:132] ['Nested Loop']
2022-12-02 20:49:11 [P-13376] [MainThread] [parse_query_plan] [DEBUG] parse_query_plan.py[line:149] _do_NestedLoop
2022-12-02 20:49:11 [P-13376] [MainThread] [parse_query_plan] [DEBUG] parse_query_plan.py[line:126] Nested Loop  (cost=6.62..28.07 rows=1 width=80) (actual time=0.014..0.015 rows=0 loops=1)
2022-12-02 20:49:11 [P-13376] [MainThread] [parse_query_plan] [DEBUG] parse_query_plan.py[line:132] ['Nested Loop']
2022-12-02 20:49:11 [P-13376] [MainThread] [parse_query_plan] [DEBUG] parse_query_plan.py[line:149] _do_NestedLoop
2022-12-02 20:49:11 [P-13376] [MainThread] [parse_query_plan] [DEBUG] parse_query_plan.py[line:126] Nested Loop  (cost=6.18..27.47 rows=1 width=68) (actual time=0.014..0.014 rows=0 loops=1)
2022-12-02 20:49:11 [P-13376] [MainThread] [parse_query_plan] [DEBUG] parse_query_plan.py[line:132] ['Nested Loop']
2022-12-02 20:49:11 [P-13376] [MainThread] [parse_query_plan] [DEBUG] parse_query_plan.py[line:149] _do_NestedLoop
2022-12-02 20:49:11 [P-13376] [MainThread] [parse_query_plan] [DEBUG] parse_query_plan.py[line:126] Nested Loop  (cost=6.03..27.30 rows=1 width=72) (actual time=0.014..0.014 rows=0 loops=1)
2022-12-02 20:49:11 [P-13376] [MainThread] [parse_query_plan] [DEBUG] parse_query_plan.py[line:132] ['Nested Loop']
2022-12-02 20:49:11 [P-13376] [MainThread] [parse_query_plan] [DEBUG] parse_query_plan.py[line:149] _do_NestedLoop
2022-12-02 20:49:11 [P-13376] [MainThread] [parse_query_plan] [DEBUG] parse_query_plan.py[line:126] Nested Loop  (cost=5.61..26.82 rows=1 width=60) (actual time=0.014..0.014 rows=0 loops=1)
2022-12-02 20:49:11 [P-13376] [MainThread] [parse_query_plan] [DEBUG] parse_query_plan.py[line:132] ['Nested Loop']
2022-12-02 20:49:11 [P-13376] [MainThread] [parse_query_plan] [DEBUG] parse_query_plan.py[line:149] _do_NestedLoop
2022-12-02 20:49:11 [P-13376] [MainThread] [parse_query_plan] [DEBUG] parse_query_plan.py[line:126] Nested Loop  (cost=5.19..25.92 rows=2 width=64) (actual time=0.014..0.014 rows=0 loops=1)
2022-12-02 20:49:11 [P-13376] [MainThread] [parse_query_plan] [DEBUG] parse_query_plan.py[line:132] ['Nested Loop']
2022-12-02 20:49:11 [P-13376] [MainThread] [parse_query_plan] [DEBUG] parse_query_plan.py[line:149] _do_NestedLoop
2022-12-02 20:49:11 [P-13376] [MainThread] [parse_query_plan] [DEBUG] parse_query_plan.py[line:126] Nested Loop  (cost=4.76..23.65 rows=1 width=56) (actual time=0.014..0.014 rows=0 loops=1)
2022-12-02 20:49:11 [P-13376] [MainThread] [parse_query_plan] [DEBUG] parse_query_plan.py[line:132] ['Nested Loop']
2022-12-02 20:49:11 [P-13376] [MainThread] [parse_query_plan] [DEBUG] parse_query_plan.py[line:149] _do_NestedLoop
2022-12-02 20:49:11 [P-13376] [MainThread] [parse_query_plan] [DEBUG] parse_query_plan.py[line:126] Nested Loop  (cost=4.61..23.48 rows=1 width=60) (actual time=0.014..0.014 rows=0 loops=1)
2022-12-02 20:49:11 [P-13376] [MainThread] [parse_query_plan] [DEBUG] parse_query_plan.py[line:132] ['Nested Loop']
2022-12-02 20:49:11 [P-13376] [MainThread] [parse_query_plan] [DEBUG] parse_query_plan.py[line:149] _do_NestedLoop
2022-12-02 20:49:11 [P-13376] [MainThread] [parse_query_plan] [DEBUG] parse_query_plan.py[line:126] Nested Loop  (cost=4.18..15.07 rows=1 width=36) (actual time=0.013..0.014 rows=0 loops=1)
2022-12-02 20:49:11 [P-13376] [MainThread] [parse_query_plan] [DEBUG] parse_query_plan.py[line:132] ['Nested Loop']
2022-12-02 20:49:11 [P-13376] [MainThread] [parse_query_plan] [DEBUG] parse_query_plan.py[line:149] _do_NestedLoop
2022-12-02 20:49:11 [P-13376] [MainThread] [parse_query_plan] [DEBUG] parse_query_plan.py[line:126] Seq Scan on info_type it2  (cost=0.00..2.41 rows=1 width=4) (actual time=0.009..0.009 rows=1 loops=1)
2022-12-02 20:49:11 [P-13376] [MainThread] [parse_query_plan] [DEBUG] parse_query_plan.py[line:132] ['Seq Scan', 'info_type it2']
2022-12-02 20:49:11 [P-13376] [MainThread] [parse_query_plan] [DEBUG] parse_query_plan.py[line:149] _do_SeqScan
2022-12-02 20:49:11 [P-13376] [MainThread] [parse_query_plan] [DEBUG] parse_query_plan.py[line:126] Bitmap Heap Scan on movie_info_idx mi_idx  (cost=4.18..12.65 rows=1 width=40) (actual time=0.002..0.003 rows=0 loops=1)
2022-12-02 20:49:11 [P-13376] [MainThread] [parse_query_plan] [DEBUG] parse_query_plan.py[line:132] ['Bitmap Heap Scan', 'movie_info_idx mi_idx']
2022-12-02 20:49:11 [P-13376] [MainThread] [parse_query_plan] [DEBUG] parse_query_plan.py[line:149] _do_BitMapHeapScan
2022-12-02 20:49:11 [P-13376] [MainThread] [parse_query_plan] [DEBUG] parse_query_plan.py[line:126] Bitmap Index Scan on info_type_id_movie_info_idx  (cost=0.00..4.18 rows=4 width=0) (actual time=0.001..0.001 rows=0 loops=1)
2022-12-02 20:49:11 [P-13376] [MainThread] [parse_query_plan] [DEBUG] parse_query_plan.py[line:132] ['Bitmap Index Scan', 'info_type_id_movie_info_idx']
2022-12-02 20:49:11 [P-13376] [MainThread] [parse_query_plan] [DEBUG] parse_query_plan.py[line:149] _do_BitMapIndexScan
2022-12-02 20:49:11 [P-13376] [MainThread] [parse_query_plan] [DEBUG] parse_query_plan.py[line:126] Index Scan using title_pkey on title t  (cost=0.43..8.40 rows=1 width=24) (never executed)
2022-12-02 20:49:11 [P-13376] [MainThread] [parse_query_plan] [DEBUG] parse_query_plan.py[line:132] ['Index Scan', 'title_pkey', 'title t']
2022-12-02 20:49:11 [P-13376] [MainThread] [parse_query_plan] [DEBUG] parse_query_plan.py[line:149] _do_IndexScan
2022-12-02 20:49:11 [P-13376] [MainThread] [parse_query_plan] [DEBUG] parse_query_plan.py[line:126] Index Scan using kind_type_pkey on kind_type kt  (cost=0.15..0.17 rows=1 width=4) (never executed)
2022-12-02 20:49:11 [P-13376] [MainThread] [parse_query_plan] [DEBUG] parse_query_plan.py[line:132] ['Index Scan', 'kind_type_pkey', 'kind_type kt']
2022-12-02 20:49:11 [P-13376] [MainThread] [parse_query_plan] [DEBUG] parse_query_plan.py[line:149] _do_IndexScan
2022-12-02 20:49:11 [P-13376] [MainThread] [parse_query_plan] [DEBUG] parse_query_plan.py[line:183] <re.Match object; span=(0, 46), match="(kind)::text = ANY ('{movie,episode}'::text[])">
2022-12-02 20:49:11 [P-13376] [MainThread] [parse_query_plan] [DEBUG] parse_query_plan.py[line:126] Index Scan using movie_keyword_idx_mid on movie_keyword mk  (cost=0.43..1.64 rows=63 width=8) (never executed)
2022-12-02 20:49:11 [P-13376] [MainThread] [parse_query_plan] [DEBUG] parse_query_plan.py[line:132] ['Index Scan', 'movie_keyword_idx_mid', 'movie_keyword mk']
2022-12-02 20:49:11 [P-13376] [MainThread] [parse_query_plan] [DEBUG] parse_query_plan.py[line:149] _do_IndexScan
2022-12-02 20:49:11 [P-13376] [MainThread] [parse_query_plan] [DEBUG] parse_query_plan.py[line:126] Index Scan using keyword_pkey on keyword k  (cost=0.42..0.44 rows=1 width=4) (never executed)
2022-12-02 20:49:11 [P-13376] [MainThread] [parse_query_plan] [DEBUG] parse_query_plan.py[line:132] ['Index Scan', 'keyword_pkey', 'keyword k']
2022-12-02 20:49:11 [P-13376] [MainThread] [parse_query_plan] [DEBUG] parse_query_plan.py[line:149] _do_IndexScan
2022-12-02 20:49:11 [P-13376] [MainThread] [parse_query_plan] [DEBUG] parse_query_plan.py[line:183] <re.Match object; span=(0, 65), match="keyword = ANY ('{murder,murder-in-title,blood,vio>
2022-12-02 20:49:11 [P-13376] [MainThread] [parse_query_plan] [DEBUG] parse_query_plan.py[line:126] Index Scan using complete_cast_idx_mid on complete_cast cc  (cost=0.42..0.46 rows=2 width=12) (never executed)
2022-12-02 20:49:11 [P-13376] [MainThread] [parse_query_plan] [DEBUG] parse_query_plan.py[line:132] ['Index Scan', 'complete_cast_idx_mid', 'complete_cast cc']
2022-12-02 20:49:11 [P-13376] [MainThread] [parse_query_plan] [DEBUG] parse_query_plan.py[line:149] _do_IndexScan
2022-12-02 20:49:11 [P-13376] [MainThread] [parse_query_plan] [DEBUG] parse_query_plan.py[line:126] Index Scan using comp_cast_type_pkey on comp_cast_type cct2  (cost=0.15..0.17 rows=1 width=4) (never executed)
2022-12-02 20:49:11 [P-13376] [MainThread] [parse_query_plan] [DEBUG] parse_query_plan.py[line:132] ['Index Scan', 'comp_cast_type_pkey', 'comp_cast_type cct2']
2022-12-02 20:49:11 [P-13376] [MainThread] [parse_query_plan] [DEBUG] parse_query_plan.py[line:149] _do_IndexScan
2022-12-02 20:49:11 [P-13376] [MainThread] [parse_query_plan] [DEBUG] parse_query_plan.py[line:126] Index Scan using movie_companies_idx_mid on movie_companies mc  (cost=0.43..0.59 rows=1 width=12) (never executed)
2022-12-02 20:49:11 [P-13376] [MainThread] [parse_query_plan] [DEBUG] parse_query_plan.py[line:132] ['Index Scan', 'movie_companies_idx_mid', 'movie_companies mc']
2022-12-02 20:49:11 [P-13376] [MainThread] [parse_query_plan] [DEBUG] parse_query_plan.py[line:149] _do_IndexScan
2022-12-02 20:49:11 [P-13376] [MainThread] [parse_query_plan] [DEBUG] parse_query_plan.py[line:126] Index Scan using company_name_pkey on company_name cn  (cost=0.42..0.58 rows=1 width=23) (never executed)
2022-12-02 20:49:11 [P-13376] [MainThread] [parse_query_plan] [DEBUG] parse_query_plan.py[line:132] ['Index Scan', 'company_name_pkey', 'company_name cn']
2022-12-02 20:49:11 [P-13376] [MainThread] [parse_query_plan] [DEBUG] parse_query_plan.py[line:149] _do_IndexScan
2022-12-02 20:49:11 [P-13376] [MainThread] [parse_query_plan] [DEBUG] parse_query_plan.py[line:126] Index Only Scan using company_type_pkey on company_type ct  (cost=0.15..0.17 rows=1 width=4) (never executed)
2022-12-02 20:49:11 [P-13376] [MainThread] [parse_query_plan] [DEBUG] parse_query_plan.py[line:132] ['Index Only Scan', 'company_type_pkey', 'company_type ct']
2022-12-02 20:49:11 [P-13376] [MainThread] [parse_query_plan] [DEBUG] parse_query_plan.py[line:149] _do_IndexOnlyScan
2022-12-02 20:49:11 [P-13376] [MainThread] [parse_query_plan] [DEBUG] parse_query_plan.py[line:126] Index Scan using movie_info_idx_mid on movie_info mi  (cost=0.44..2.02 rows=1 width=8) (never executed)
2022-12-02 20:49:11 [P-13376] [MainThread] [parse_query_plan] [DEBUG] parse_query_plan.py[line:132] ['Index Scan', 'movie_info_idx_mid', 'movie_info mi']
2022-12-02 20:49:11 [P-13376] [MainThread] [parse_query_plan] [DEBUG] parse_query_plan.py[line:149] _do_IndexScan
2022-12-02 20:49:11 [P-13376] [MainThread] [parse_query_plan] [DEBUG] parse_query_plan.py[line:183] <re.Match object; span=(0, 54), match="info = ANY ('{Sweden,Germany,Swedish,German}'::te>
2022-12-02 20:49:11 [P-13376] [MainThread] [parse_query_plan] [DEBUG] parse_query_plan.py[line:126] Index Scan using info_type_pkey on info_type it1  (cost=0.14..0.16 rows=1 width=4) (never executed)
2022-12-02 20:49:11 [P-13376] [MainThread] [parse_query_plan] [DEBUG] parse_query_plan.py[line:132] ['Index Scan', 'info_type_pkey', 'info_type it1']
2022-12-02 20:49:11 [P-13376] [MainThread] [parse_query_plan] [DEBUG] parse_query_plan.py[line:149] _do_IndexScan
2022-12-02 20:49:11 [P-13376] [MainThread] [parse_query_plan] [DEBUG] parse_query_plan.py[line:126] Index Scan using comp_cast_type_pkey on comp_cast_type cct1  (cost=0.15..0.17 rows=1 width=4) (never executed)
2022-12-02 20:49:11 [P-13376] [MainThread] [parse_query_plan] [DEBUG] parse_query_plan.py[line:132] ['Index Scan', 'comp_cast_type_pkey', 'comp_cast_type cct1']
2022-12-02 20:49:11 [P-13376] [MainThread] [parse_query_plan] [DEBUG] parse_query_plan.py[line:149] _do_IndexScan
2022-12-02 20:49:11 [P-13376] [MainThread] [parse_query_plan] [DEBUG] parse_query_plan.py[line:126] Aggregate  (cost=31.70..31.71 rows=1 width=96) (actual time=0.017..0.018 rows=1 loops=1)
2022-12-02 20:49:11 [P-13376] [MainThread] [parse_query_plan] [DEBUG] parse_query_plan.py[line:132] ['Aggregate']
2022-12-02 20:49:11 [P-13376] [MainThread] [parse_query_plan] [DEBUG] parse_query_plan.py[line:149] _do_Aggregate
2022-12-02 20:49:11 [P-13376] [MainThread] [parse_query_plan] [DEBUG] parse_query_plan.py[line:126] Nested Loop  (cost=7.92..31.70 rows=1 width=67) (actual time=0.015..0.016 rows=0 loops=1)
2022-12-02 20:49:11 [P-13376] [MainThread] [parse_query_plan] [DEBUG] parse_query_plan.py[line:132] ['Nested Loop']
2022-12-02 20:49:11 [P-13376] [MainThread] [parse_query_plan] [DEBUG] parse_query_plan.py[line:149] _do_NestedLoop
2022-12-02 20:49:11 [P-13376] [MainThread] [parse_query_plan] [DEBUG] parse_query_plan.py[line:126] Nested Loop  (cost=7.77..31.52 rows=1 width=71) (actual time=0.015..0.016 rows=0 loops=1)
2022-12-02 20:49:11 [P-13376] [MainThread] [parse_query_plan] [DEBUG] parse_query_plan.py[line:132] ['Nested Loop']
2022-12-02 20:49:11 [P-13376] [MainThread] [parse_query_plan] [DEBUG] parse_query_plan.py[line:149] _do_NestedLoop
2022-12-02 20:49:11 [P-13376] [MainThread] [parse_query_plan] [DEBUG] parse_query_plan.py[line:126] Nested Loop  (cost=7.63..31.34 rows=1 width=75) (actual time=0.015..0.016 rows=0 loops=1)
2022-12-02 20:49:11 [P-13376] [MainThread] [parse_query_plan] [DEBUG] parse_query_plan.py[line:132] ['Nested Loop']
2022-12-02 20:49:11 [P-13376] [MainThread] [parse_query_plan] [DEBUG] parse_query_plan.py[line:149] _do_NestedLoop
2022-12-02 20:49:11 [P-13376] [MainThread] [parse_query_plan] [DEBUG] parse_query_plan.py[line:126] Nested Loop  (cost=7.19..28.83 rows=1 width=91) (actual time=0.015..0.016 rows=0 loops=1)
2022-12-02 20:49:11 [P-13376] [MainThread] [parse_query_plan] [DEBUG] parse_query_plan.py[line:132] ['Nested Loop']
2022-12-02 20:49:11 [P-13376] [MainThread] [parse_query_plan] [DEBUG] parse_query_plan.py[line:149] _do_NestedLoop
2022-12-02 20:49:11 [P-13376] [MainThread] [parse_query_plan] [DEBUG] parse_query_plan.py[line:126] Nested Loop  (cost=7.04..28.66 rows=1 width=95) (actual time=0.015..0.016 rows=0 loops=1)
2022-12-02 20:49:11 [P-13376] [MainThread] [parse_query_plan] [DEBUG] parse_query_plan.py[line:132] ['Nested Loop']
2022-12-02 20:49:11 [P-13376] [MainThread] [parse_query_plan] [DEBUG] parse_query_plan.py[line:149] _do_NestedLoop
2022-12-02 20:49:11 [P-13376] [MainThread] [parse_query_plan] [DEBUG] parse_query_plan.py[line:126] Nested Loop  (cost=6.62..28.08 rows=1 width=80) (actual time=0.015..0.015 rows=0 loops=1)
2022-12-02 20:49:11 [P-13376] [MainThread] [parse_query_plan] [DEBUG] parse_query_plan.py[line:132] ['Nested Loop']
2022-12-02 20:49:11 [P-13376] [MainThread] [parse_query_plan] [DEBUG] parse_query_plan.py[line:149] _do_NestedLoop
2022-12-02 20:49:11 [P-13376] [MainThread] [parse_query_plan] [DEBUG] parse_query_plan.py[line:126] Nested Loop  (cost=6.18..27.48 rows=1 width=68) (actual time=0.015..0.015 rows=0 loops=1)
2022-12-02 20:49:11 [P-13376] [MainThread] [parse_query_plan] [DEBUG] parse_query_plan.py[line:132] ['Nested Loop']
2022-12-02 20:49:11 [P-13376] [MainThread] [parse_query_plan] [DEBUG] parse_query_plan.py[line:149] _do_NestedLoop
2022-12-02 20:49:11 [P-13376] [MainThread] [parse_query_plan] [DEBUG] parse_query_plan.py[line:126] Nested Loop  (cost=6.03..27.30 rows=1 width=72) (actual time=0.015..0.015 rows=0 loops=1)
2022-12-02 20:49:11 [P-13376] [MainThread] [parse_query_plan] [DEBUG] parse_query_plan.py[line:132] ['Nested Loop']
2022-12-02 20:49:11 [P-13376] [MainThread] [parse_query_plan] [DEBUG] parse_query_plan.py[line:149] _do_NestedLoop
2022-12-02 20:49:11 [P-13376] [MainThread] [parse_query_plan] [DEBUG] parse_query_plan.py[line:126] Nested Loop  (cost=5.61..26.82 rows=1 width=60) (actual time=0.015..0.015 rows=0 loops=1)
2022-12-02 20:49:11 [P-13376] [MainThread] [parse_query_plan] [DEBUG] parse_query_plan.py[line:132] ['Nested Loop']
2022-12-02 20:49:11 [P-13376] [MainThread] [parse_query_plan] [DEBUG] parse_query_plan.py[line:149] _do_NestedLoop
2022-12-02 20:49:11 [P-13376] [MainThread] [parse_query_plan] [DEBUG] parse_query_plan.py[line:126] Nested Loop  (cost=5.19..25.92 rows=2 width=64) (actual time=0.015..0.015 rows=0 loops=1)
2022-12-02 20:49:11 [P-13376] [MainThread] [parse_query_plan] [DEBUG] parse_query_plan.py[line:132] ['Nested Loop']
2022-12-02 20:49:11 [P-13376] [MainThread] [parse_query_plan] [DEBUG] parse_query_plan.py[line:149] _do_NestedLoop
2022-12-02 20:49:11 [P-13376] [MainThread] [parse_query_plan] [DEBUG] parse_query_plan.py[line:126] Nested Loop  (cost=4.76..23.65 rows=1 width=56) (actual time=0.015..0.015 rows=0 loops=1)
2022-12-02 20:49:11 [P-13376] [MainThread] [parse_query_plan] [DEBUG] parse_query_plan.py[line:132] ['Nested Loop']
2022-12-02 20:49:11 [P-13376] [MainThread] [parse_query_plan] [DEBUG] parse_query_plan.py[line:149] _do_NestedLoop
2022-12-02 20:49:11 [P-13376] [MainThread] [parse_query_plan] [DEBUG] parse_query_plan.py[line:126] Nested Loop  (cost=4.61..23.48 rows=1 width=60) (actual time=0.014..0.015 rows=0 loops=1)
2022-12-02 20:49:11 [P-13376] [MainThread] [parse_query_plan] [DEBUG] parse_query_plan.py[line:132] ['Nested Loop']
2022-12-02 20:49:11 [P-13376] [MainThread] [parse_query_plan] [DEBUG] parse_query_plan.py[line:149] _do_NestedLoop
2022-12-02 20:49:11 [P-13376] [MainThread] [parse_query_plan] [DEBUG] parse_query_plan.py[line:126] Nested Loop  (cost=4.18..15.07 rows=1 width=36) (actual time=0.014..0.015 rows=0 loops=1)
2022-12-02 20:49:11 [P-13376] [MainThread] [parse_query_plan] [DEBUG] parse_query_plan.py[line:132] ['Nested Loop']
2022-12-02 20:49:11 [P-13376] [MainThread] [parse_query_plan] [DEBUG] parse_query_plan.py[line:149] _do_NestedLoop
2022-12-02 20:49:11 [P-13376] [MainThread] [parse_query_plan] [DEBUG] parse_query_plan.py[line:126] Seq Scan on info_type it2  (cost=0.00..2.41 rows=1 width=4) (actual time=0.009..0.010 rows=1 loops=1)
2022-12-02 20:49:11 [P-13376] [MainThread] [parse_query_plan] [DEBUG] parse_query_plan.py[line:132] ['Seq Scan', 'info_type it2']
2022-12-02 20:49:11 [P-13376] [MainThread] [parse_query_plan] [DEBUG] parse_query_plan.py[line:149] _do_SeqScan
2022-12-02 20:49:11 [P-13376] [MainThread] [parse_query_plan] [DEBUG] parse_query_plan.py[line:126] Bitmap Heap Scan on movie_info_idx mi_idx  (cost=4.18..12.65 rows=1 width=40) (actual time=0.003..0.003 rows=0 loops=1)
2022-12-02 20:49:11 [P-13376] [MainThread] [parse_query_plan] [DEBUG] parse_query_plan.py[line:132] ['Bitmap Heap Scan', 'movie_info_idx mi_idx']
2022-12-02 20:49:11 [P-13376] [MainThread] [parse_query_plan] [DEBUG] parse_query_plan.py[line:149] _do_BitMapHeapScan
2022-12-02 20:49:11 [P-13376] [MainThread] [parse_query_plan] [DEBUG] parse_query_plan.py[line:126] Bitmap Index Scan on info_type_id_movie_info_idx  (cost=0.00..4.18 rows=4 width=0) (actual time=0.002..0.002 rows=0 loops=1)
2022-12-02 20:49:11 [P-13376] [MainThread] [parse_query_plan] [DEBUG] parse_query_plan.py[line:132] ['Bitmap Index Scan', 'info_type_id_movie_info_idx']
2022-12-02 20:49:11 [P-13376] [MainThread] [parse_query_plan] [DEBUG] parse_query_plan.py[line:149] _do_BitMapIndexScan
2022-12-02 20:49:11 [P-13376] [MainThread] [parse_query_plan] [DEBUG] parse_query_plan.py[line:126] Index Scan using title_pkey on title t  (cost=0.43..8.40 rows=1 width=24) (never executed)
2022-12-02 20:49:11 [P-13376] [MainThread] [parse_query_plan] [DEBUG] parse_query_plan.py[line:132] ['Index Scan', 'title_pkey', 'title t']
2022-12-02 20:49:11 [P-13376] [MainThread] [parse_query_plan] [DEBUG] parse_query_plan.py[line:149] _do_IndexScan
2022-12-02 20:49:11 [P-13376] [MainThread] [parse_query_plan] [DEBUG] parse_query_plan.py[line:126] Index Scan using kind_type_pkey on kind_type kt  (cost=0.15..0.17 rows=1 width=4) (never executed)
2022-12-02 20:49:11 [P-13376] [MainThread] [parse_query_plan] [DEBUG] parse_query_plan.py[line:132] ['Index Scan', 'kind_type_pkey', 'kind_type kt']
2022-12-02 20:49:11 [P-13376] [MainThread] [parse_query_plan] [DEBUG] parse_query_plan.py[line:149] _do_IndexScan
2022-12-02 20:49:11 [P-13376] [MainThread] [parse_query_plan] [DEBUG] parse_query_plan.py[line:183] <re.Match object; span=(0, 46), match="(kind)::text = ANY ('{movie,episode}'::text[])">
2022-12-02 20:49:11 [P-13376] [MainThread] [parse_query_plan] [DEBUG] parse_query_plan.py[line:126] Index Scan using movie_keyword_idx_mid on movie_keyword mk  (cost=0.43..1.64 rows=63 width=8) (never executed)
2022-12-02 20:49:11 [P-13376] [MainThread] [parse_query_plan] [DEBUG] parse_query_plan.py[line:132] ['Index Scan', 'movie_keyword_idx_mid', 'movie_keyword mk']
2022-12-02 20:49:11 [P-13376] [MainThread] [parse_query_plan] [DEBUG] parse_query_plan.py[line:149] _do_IndexScan
2022-12-02 20:49:11 [P-13376] [MainThread] [parse_query_plan] [DEBUG] parse_query_plan.py[line:126] Index Scan using keyword_pkey on keyword k  (cost=0.42..0.44 rows=1 width=4) (never executed)
2022-12-02 20:49:11 [P-13376] [MainThread] [parse_query_plan] [DEBUG] parse_query_plan.py[line:132] ['Index Scan', 'keyword_pkey', 'keyword k']
2022-12-02 20:49:11 [P-13376] [MainThread] [parse_query_plan] [DEBUG] parse_query_plan.py[line:149] _do_IndexScan
2022-12-02 20:49:11 [P-13376] [MainThread] [parse_query_plan] [DEBUG] parse_query_plan.py[line:183] <re.Match object; span=(0, 65), match="keyword = ANY ('{murder,murder-in-title,blood,vio>
2022-12-02 20:49:11 [P-13376] [MainThread] [parse_query_plan] [DEBUG] parse_query_plan.py[line:126] Index Scan using complete_cast_idx_mid on complete_cast cc  (cost=0.42..0.46 rows=2 width=12) (never executed)
2022-12-02 20:49:11 [P-13376] [MainThread] [parse_query_plan] [DEBUG] parse_query_plan.py[line:132] ['Index Scan', 'complete_cast_idx_mid', 'complete_cast cc']
2022-12-02 20:49:11 [P-13376] [MainThread] [parse_query_plan] [DEBUG] parse_query_plan.py[line:149] _do_IndexScan
2022-12-02 20:49:11 [P-13376] [MainThread] [parse_query_plan] [DEBUG] parse_query_plan.py[line:126] Index Scan using comp_cast_type_pkey on comp_cast_type cct2  (cost=0.15..0.17 rows=1 width=4) (never executed)
2022-12-02 20:49:11 [P-13376] [MainThread] [parse_query_plan] [DEBUG] parse_query_plan.py[line:132] ['Index Scan', 'comp_cast_type_pkey', 'comp_cast_type cct2']
2022-12-02 20:49:11 [P-13376] [MainThread] [parse_query_plan] [DEBUG] parse_query_plan.py[line:149] _do_IndexScan
2022-12-02 20:49:11 [P-13376] [MainThread] [parse_query_plan] [DEBUG] parse_query_plan.py[line:126] Index Scan using movie_companies_idx_mid on movie_companies mc  (cost=0.43..0.59 rows=1 width=12) (never executed)
2022-12-02 20:49:11 [P-13376] [MainThread] [parse_query_plan] [DEBUG] parse_query_plan.py[line:132] ['Index Scan', 'movie_companies_idx_mid', 'movie_companies mc']
2022-12-02 20:49:11 [P-13376] [MainThread] [parse_query_plan] [DEBUG] parse_query_plan.py[line:149] _do_IndexScan
2022-12-02 20:49:11 [P-13376] [MainThread] [parse_query_plan] [DEBUG] parse_query_plan.py[line:126] Index Scan using company_name_pkey on company_name cn  (cost=0.42..0.58 rows=1 width=23) (never executed)
2022-12-02 20:49:11 [P-13376] [MainThread] [parse_query_plan] [DEBUG] parse_query_plan.py[line:132] ['Index Scan', 'company_name_pkey', 'company_name cn']
2022-12-02 20:49:11 [P-13376] [MainThread] [parse_query_plan] [DEBUG] parse_query_plan.py[line:149] _do_IndexScan
2022-12-02 20:49:11 [P-13376] [MainThread] [parse_query_plan] [DEBUG] parse_query_plan.py[line:126] Index Only Scan using company_type_pkey on company_type ct  (cost=0.15..0.17 rows=1 width=4) (never executed)
2022-12-02 20:49:11 [P-13376] [MainThread] [parse_query_plan] [DEBUG] parse_query_plan.py[line:132] ['Index Only Scan', 'company_type_pkey', 'company_type ct']
2022-12-02 20:49:11 [P-13376] [MainThread] [parse_query_plan] [DEBUG] parse_query_plan.py[line:149] _do_IndexOnlyScan
2022-12-02 20:49:11 [P-13376] [MainThread] [parse_query_plan] [DEBUG] parse_query_plan.py[line:126] Index Scan using movie_info_idx_mid on movie_info mi  (cost=0.44..2.49 rows=2 width=8) (never executed)
2022-12-02 20:49:11 [P-13376] [MainThread] [parse_query_plan] [DEBUG] parse_query_plan.py[line:132] ['Index Scan', 'movie_info_idx_mid', 'movie_info mi']
2022-12-02 20:49:11 [P-13376] [MainThread] [parse_query_plan] [DEBUG] parse_query_plan.py[line:149] _do_IndexScan
2022-12-02 20:49:11 [P-13376] [MainThread] [parse_query_plan] [DEBUG] parse_query_plan.py[line:183] <re.Match object; span=(0, 99), match="info = ANY ('{Sweden,Norway,Germany,Denmark,Swedi>
2022-12-02 20:49:11 [P-13376] [MainThread] [parse_query_plan] [DEBUG] parse_query_plan.py[line:126] Index Scan using info_type_pkey on info_type it1  (cost=0.14..0.16 rows=1 width=4) (never executed)
2022-12-02 20:49:11 [P-13376] [MainThread] [parse_query_plan] [DEBUG] parse_query_plan.py[line:132] ['Index Scan', 'info_type_pkey', 'info_type it1']
2022-12-02 20:49:11 [P-13376] [MainThread] [parse_query_plan] [DEBUG] parse_query_plan.py[line:149] _do_IndexScan
2022-12-02 20:49:11 [P-13376] [MainThread] [parse_query_plan] [DEBUG] parse_query_plan.py[line:126] Index Scan using comp_cast_type_pkey on comp_cast_type cct1  (cost=0.15..0.17 rows=1 width=4) (never executed)
2022-12-02 20:49:11 [P-13376] [MainThread] [parse_query_plan] [DEBUG] parse_query_plan.py[line:132] ['Index Scan', 'comp_cast_type_pkey', 'comp_cast_type cct1']
2022-12-02 20:49:11 [P-13376] [MainThread] [parse_query_plan] [DEBUG] parse_query_plan.py[line:149] _do_IndexScan
2022-12-02 20:49:11 [P-13376] [MainThread] [parse_query_plan] [DEBUG] parse_query_plan.py[line:126] Aggregate  (cost=643.09..643.10 rows=1 width=96) (actual time=4.766..4.769 rows=1 loops=1)
2022-12-02 20:49:11 [P-13376] [MainThread] [parse_query_plan] [DEBUG] parse_query_plan.py[line:132] ['Aggregate']
2022-12-02 20:49:11 [P-13376] [MainThread] [parse_query_plan] [DEBUG] parse_query_plan.py[line:149] _do_Aggregate
2022-12-02 20:49:11 [P-13376] [MainThread] [parse_query_plan] [DEBUG] parse_query_plan.py[line:126] Nested Loop  (cost=9.90..643.08 rows=1 width=47) (actual time=4.764..4.767 rows=0 loops=1)
2022-12-02 20:49:11 [P-13376] [MainThread] [parse_query_plan] [DEBUG] parse_query_plan.py[line:132] ['Nested Loop']
2022-12-02 20:49:11 [P-13376] [MainThread] [parse_query_plan] [DEBUG] parse_query_plan.py[line:149] _do_NestedLoop
2022-12-02 20:49:11 [P-13376] [MainThread] [parse_query_plan] [DEBUG] parse_query_plan.py[line:126] Nested Loop  (cost=9.47..633.68 rows=2 width=51) (actual time=4.764..4.767 rows=0 loops=1)
2022-12-02 20:49:11 [P-13376] [MainThread] [parse_query_plan] [DEBUG] parse_query_plan.py[line:132] ['Nested Loop']
2022-12-02 20:49:11 [P-13376] [MainThread] [parse_query_plan] [DEBUG] parse_query_plan.py[line:149] _do_NestedLoop
2022-12-02 20:49:11 [P-13376] [MainThread] [parse_query_plan] [DEBUG] parse_query_plan.py[line:126] Nested Loop  (cost=9.04..619.25 rows=1 width=67) (actual time=4.764..4.766 rows=0 loops=1)
2022-12-02 20:49:11 [P-13376] [MainThread] [parse_query_plan] [DEBUG] parse_query_plan.py[line:132] ['Nested Loop']
2022-12-02 20:49:11 [P-13376] [MainThread] [parse_query_plan] [DEBUG] parse_query_plan.py[line:149] _do_NestedLoop
2022-12-02 20:49:11 [P-13376] [MainThread] [parse_query_plan] [DEBUG] parse_query_plan.py[line:126] Nested Loop  (cost=8.61..616.08 rows=1 width=79) (actual time=4.764..4.766 rows=0 loops=1)
2022-12-02 20:49:11 [P-13376] [MainThread] [parse_query_plan] [DEBUG] parse_query_plan.py[line:132] ['Nested Loop']
2022-12-02 20:49:11 [P-13376] [MainThread] [parse_query_plan] [DEBUG] parse_query_plan.py[line:149] _do_NestedLoop
2022-12-02 20:49:11 [P-13376] [MainThread] [parse_query_plan] [DEBUG] parse_query_plan.py[line:126] Seq Scan on info_type it3  (cost=0.00..2.41 rows=1 width=4) (actual time=0.008..0.011 rows=1 loops=1)
2022-12-02 20:49:11 [P-13376] [MainThread] [parse_query_plan] [DEBUG] parse_query_plan.py[line:132] ['Seq Scan', 'info_type it3']
2022-12-02 20:49:11 [P-13376] [MainThread] [parse_query_plan] [DEBUG] parse_query_plan.py[line:149] _do_SeqScan
2022-12-02 20:49:11 [P-13376] [MainThread] [parse_query_plan] [DEBUG] parse_query_plan.py[line:126] Nested Loop  (cost=8.61..613.65 rows=1 width=83) (actual time=4.753..4.754 rows=0 loops=1)
2022-12-02 20:49:11 [P-13376] [MainThread] [parse_query_plan] [DEBUG] parse_query_plan.py[line:132] ['Nested Loop']
2022-12-02 20:49:11 [P-13376] [MainThread] [parse_query_plan] [DEBUG] parse_query_plan.py[line:149] _do_NestedLoop
2022-12-02 20:49:11 [P-13376] [MainThread] [parse_query_plan] [DEBUG] parse_query_plan.py[line:126] Nested Loop  (cost=8.18..543.16 rows=1 width=75) (actual time=4.752..4.754 rows=0 loops=1)
2022-12-02 20:49:11 [P-13376] [MainThread] [parse_query_plan] [DEBUG] parse_query_plan.py[line:132] ['Nested Loop']
2022-12-02 20:49:11 [P-13376] [MainThread] [parse_query_plan] [DEBUG] parse_query_plan.py[line:149] _do_NestedLoop
2022-12-02 20:49:11 [P-13376] [MainThread] [parse_query_plan] [DEBUG] parse_query_plan.py[line:126] Nested Loop  (cost=8.03..537.38 rows=1 width=79) (actual time=4.752..4.754 rows=0 loops=1)
2022-12-02 20:49:11 [P-13376] [MainThread] [parse_query_plan] [DEBUG] parse_query_plan.py[line:132] ['Nested Loop']
2022-12-02 20:49:11 [P-13376] [MainThread] [parse_query_plan] [DEBUG] parse_query_plan.py[line:149] _do_NestedLoop
2022-12-02 20:49:11 [P-13376] [MainThread] [parse_query_plan] [DEBUG] parse_query_plan.py[line:126] Nested Loop  (cost=7.60..532.58 rows=1 width=60) (actual time=4.752..4.754 rows=0 loops=1)
2022-12-02 20:49:11 [P-13376] [MainThread] [parse_query_plan] [DEBUG] parse_query_plan.py[line:132] ['Nested Loop']
2022-12-02 20:49:11 [P-13376] [MainThread] [parse_query_plan] [DEBUG] parse_query_plan.py[line:149] _do_NestedLoop
2022-12-02 20:49:11 [P-13376] [MainThread] [parse_query_plan] [DEBUG] parse_query_plan.py[line:126] Nested Loop  (cost=7.17..524.12 rows=1 width=48) (actual time=4.752..4.754 rows=0 loops=1)
2022-12-02 20:49:11 [P-13376] [MainThread] [parse_query_plan] [DEBUG] parse_query_plan.py[line:132] ['Nested Loop']
2022-12-02 20:49:11 [P-13376] [MainThread] [parse_query_plan] [DEBUG] parse_query_plan.py[line:149] _do_NestedLoop
2022-12-02 20:49:11 [P-13376] [MainThread] [parse_query_plan] [DEBUG] parse_query_plan.py[line:126] Seq Scan on info_type it  (cost=0.00..2.41 rows=1 width=4) (actual time=0.002..0.007 rows=1 loops=1)
2022-12-02 20:49:11 [P-13376] [MainThread] [parse_query_plan] [DEBUG] parse_query_plan.py[line:132] ['Seq Scan', 'info_type it']
2022-12-02 20:49:11 [P-13376] [MainThread] [parse_query_plan] [DEBUG] parse_query_plan.py[line:149] _do_SeqScan
2022-12-02 20:49:11 [P-13376] [MainThread] [parse_query_plan] [DEBUG] parse_query_plan.py[line:126] Nested Loop  (cost=7.17..521.69 rows=1 width=52) (actual time=4.744..4.746 rows=0 loops=1)
2022-12-02 20:49:11 [P-13376] [MainThread] [parse_query_plan] [DEBUG] parse_query_plan.py[line:132] ['Nested Loop']
2022-12-02 20:49:11 [P-13376] [MainThread] [parse_query_plan] [DEBUG] parse_query_plan.py[line:149] _do_NestedLoop
2022-12-02 20:49:11 [P-13376] [MainThread] [parse_query_plan] [DEBUG] parse_query_plan.py[line:126] Nested Loop  (cost=6.73..383.35 rows=1 width=44) (actual time=4.744..4.745 rows=0 loops=1)
2022-12-02 20:49:11 [P-13376] [MainThread] [parse_query_plan] [DEBUG] parse_query_plan.py[line:132] ['Nested Loop']
2022-12-02 20:49:11 [P-13376] [MainThread] [parse_query_plan] [DEBUG] parse_query_plan.py[line:149] _do_NestedLoop
2022-12-02 20:49:11 [P-13376] [MainThread] [parse_query_plan] [DEBUG] parse_query_plan.py[line:126] Nested Loop  (cost=6.58..377.57 rows=1 width=48) (actual time=4.744..4.745 rows=0 loops=1)
2022-12-02 20:49:11 [P-13376] [MainThread] [parse_query_plan] [DEBUG] parse_query_plan.py[line:132] ['Nested Loop']
2022-12-02 20:49:11 [P-13376] [MainThread] [parse_query_plan] [DEBUG] parse_query_plan.py[line:149] _do_NestedLoop
2022-12-02 20:49:11 [P-13376] [MainThread] [parse_query_plan] [DEBUG] parse_query_plan.py[line:126] Nested Loop  (cost=6.14..296.04 rows=1 width=32) (actual time=4.744..4.745 rows=0 loops=1)
2022-12-02 20:49:11 [P-13376] [MainThread] [parse_query_plan] [DEBUG] parse_query_plan.py[line:132] ['Nested Loop']
2022-12-02 20:49:11 [P-13376] [MainThread] [parse_query_plan] [DEBUG] parse_query_plan.py[line:149] _do_NestedLoop
2022-12-02 20:49:11 [P-13376] [MainThread] [parse_query_plan] [DEBUG] parse_query_plan.py[line:126] Nested Loop  (cost=5.99..290.26 rows=1 width=36) (actual time=4.744..4.745 rows=0 loops=1)
2022-12-02 20:49:11 [P-13376] [MainThread] [parse_query_plan] [DEBUG] parse_query_plan.py[line:132] ['Nested Loop']
2022-12-02 20:49:11 [P-13376] [MainThread] [parse_query_plan] [DEBUG] parse_query_plan.py[line:149] _do_NestedLoop
2022-12-02 20:49:11 [P-13376] [MainThread] [parse_query_plan] [DEBUG] parse_query_plan.py[line:126] Nested Loop  (cost=5.57..283.50 rows=1 width=24) (actual time=4.744..4.744 rows=0 loops=1)
2022-12-02 20:49:11 [P-13376] [MainThread] [parse_query_plan] [DEBUG] parse_query_plan.py[line:132] ['Nested Loop']
2022-12-02 20:49:11 [P-13376] [MainThread] [parse_query_plan] [DEBUG] parse_query_plan.py[line:149] _do_NestedLoop
2022-12-02 20:49:11 [P-13376] [MainThread] [parse_query_plan] [DEBUG] parse_query_plan.py[line:126] Index Scan using keyword_idx_keyword on keyword k  (cost=0.42..8.44 rows=1 width=4) (actual time=2.478..2.478 rows=1 loops=1)
2022-12-02 20:49:11 [P-13376] [MainThread] [parse_query_plan] [DEBUG] parse_query_plan.py[line:132] ['Index Scan', 'keyword_idx_keyword', 'keyword k']
2022-12-02 20:49:11 [P-13376] [MainThread] [parse_query_plan] [DEBUG] parse_query_plan.py[line:149] _do_IndexScan
2022-12-02 20:49:11 [P-13376] [MainThread] [parse_query_plan] [DEBUG] parse_query_plan.py[line:126] Nested Loop  (cost=5.15..274.75 rows=25 width=28) (actual time=2.262..2.263 rows=0 loops=1)
2022-12-02 20:49:11 [P-13376] [MainThread] [parse_query_plan] [DEBUG] parse_query_plan.py[line:132] ['Nested Loop']
2022-12-02 20:49:11 [P-13376] [MainThread] [parse_query_plan] [DEBUG] parse_query_plan.py[line:149] _do_NestedLoop
2022-12-02 20:49:11 [P-13376] [MainThread] [parse_query_plan] [DEBUG] parse_query_plan.py[line:126] Bitmap Heap Scan on title t  (cost=4.72..154.18 rows=11 width=20) (actual time=2.262..2.262 rows=0 loops=1)
2022-12-02 20:49:11 [P-13376] [MainThread] [parse_query_plan] [DEBUG] parse_query_plan.py[line:132] ['Bitmap Heap Scan', 'title t']
2022-12-02 20:49:11 [P-13376] [MainThread] [parse_query_plan] [DEBUG] parse_query_plan.py[line:149] _do_BitMapHeapScan
2022-12-02 20:49:11 [P-13376] [MainThread] [parse_query_plan] [DEBUG] parse_query_plan.py[line:126] Bitmap Index Scan on title_idx_title  (cost=0.00..4.71 rows=38 width=0) (actual time=2.246..2.246 rows=1 loops=1)
2022-12-02 20:49:11 [P-13376] [MainThread] [parse_query_plan] [DEBUG] parse_query_plan.py[line:132] ['Bitmap Index Scan', 'title_idx_title']
2022-12-02 20:49:11 [P-13376] [MainThread] [parse_query_plan] [DEBUG] parse_query_plan.py[line:149] _do_BitMapIndexScan
2022-12-02 20:49:11 [P-13376] [MainThread] [parse_query_plan] [DEBUG] parse_query_plan.py[line:126] Index Scan using movie_keyword_idx_mid on movie_keyword mk  (cost=0.43..10.33 rows=63 width=8) (never executed)
2022-12-02 20:49:11 [P-13376] [MainThread] [parse_query_plan] [DEBUG] parse_query_plan.py[line:132] ['Index Scan', 'movie_keyword_idx_mid', 'movie_keyword mk']
2022-12-02 20:49:11 [P-13376] [MainThread] [parse_query_plan] [DEBUG] parse_query_plan.py[line:149] _do_IndexScan
2022-12-02 20:49:11 [P-13376] [MainThread] [parse_query_plan] [DEBUG] parse_query_plan.py[line:126] Index Scan using complete_cast_idx_mid on complete_cast cc  (cost=0.42..6.74 rows=2 width=12) (never executed)
2022-12-02 20:49:11 [P-13376] [MainThread] [parse_query_plan] [DEBUG] parse_query_plan.py[line:132] ['Index Scan', 'complete_cast_idx_mid', 'complete_cast cc']
2022-12-02 20:49:11 [P-13376] [MainThread] [parse_query_plan] [DEBUG] parse_query_plan.py[line:149] _do_IndexScan
2022-12-02 20:49:11 [P-13376] [MainThread] [parse_query_plan] [DEBUG] parse_query_plan.py[line:126] Index Scan using comp_cast_type_pkey on comp_cast_type cct2  (cost=0.15..4.17 rows=1 width=4) (never executed)
2022-12-02 20:49:11 [P-13376] [MainThread] [parse_query_plan] [DEBUG] parse_query_plan.py[line:132] ['Index Scan', 'comp_cast_type_pkey', 'comp_cast_type cct2']
2022-12-02 20:49:11 [P-13376] [MainThread] [parse_query_plan] [DEBUG] parse_query_plan.py[line:149] _do_IndexScan
2022-12-02 20:49:11 [P-13376] [MainThread] [parse_query_plan] [DEBUG] parse_query_plan.py[line:126] Index Scan using cast_info_idx_mid on cast_info ci  (cost=0.44..81.52 rows=1 width=16) (never executed)
2022-12-02 20:49:11 [P-13376] [MainThread] [parse_query_plan] [DEBUG] parse_query_plan.py[line:132] ['Index Scan', 'cast_info_idx_mid', 'cast_info ci']
2022-12-02 20:49:11 [P-13376] [MainThread] [parse_query_plan] [DEBUG] parse_query_plan.py[line:149] _do_IndexScan
2022-12-02 20:49:11 [P-13376] [MainThread] [parse_query_plan] [DEBUG] parse_query_plan.py[line:183] <re.Match object; span=(0, 82), match='note = ANY (\'{(voice),"(voice) (uncredited)","(v>
2022-12-02 20:49:11 [P-13376] [MainThread] [parse_query_plan] [DEBUG] parse_query_plan.py[line:126] Index Scan using role_type_pkey on role_type rt  (cost=0.15..4.17 rows=1 width=4) (never executed)
2022-12-02 20:49:11 [P-13376] [MainThread] [parse_query_plan] [DEBUG] parse_query_plan.py[line:132] ['Index Scan', 'role_type_pkey', 'role_type rt']
2022-12-02 20:49:11 [P-13376] [MainThread] [parse_query_plan] [DEBUG] parse_query_plan.py[line:149] _do_IndexScan
2022-12-02 20:49:11 [P-13376] [MainThread] [parse_query_plan] [DEBUG] parse_query_plan.py[line:126] Index Scan using movie_info_idx_mid on movie_info mi  (cost=0.44..138.33 rows=1 width=8) (never executed)
2022-12-02 20:49:11 [P-13376] [MainThread] [parse_query_plan] [DEBUG] parse_query_plan.py[line:132] ['Index Scan', 'movie_info_idx_mid', 'movie_info mi']
2022-12-02 20:49:11 [P-13376] [MainThread] [parse_query_plan] [DEBUG] parse_query_plan.py[line:149] _do_IndexScan
2022-12-02 20:49:11 [P-13376] [MainThread] [parse_query_plan] [DEBUG] parse_query_plan.py[line:126] Index Scan using char_name_idx_name on char_name chn  (cost=0.43..8.45 rows=1 width=20) (never executed)
2022-12-02 20:49:11 [P-13376] [MainThread] [parse_query_plan] [DEBUG] parse_query_plan.py[line:132] ['Index Scan', 'char_name_idx_name', 'char_name chn']
2022-12-02 20:49:11 [P-13376] [MainThread] [parse_query_plan] [DEBUG] parse_query_plan.py[line:149] _do_IndexScan
2022-12-02 20:49:11 [P-13376] [MainThread] [parse_query_plan] [DEBUG] parse_query_plan.py[line:126] Index Scan using name_pkey on name n  (cost=0.43..4.81 rows=1 width=19) (never executed)
2022-12-02 20:49:11 [P-13376] [MainThread] [parse_query_plan] [DEBUG] parse_query_plan.py[line:132] ['Index Scan', 'name_pkey', 'name n']
2022-12-02 20:49:11 [P-13376] [MainThread] [parse_query_plan] [DEBUG] parse_query_plan.py[line:149] _do_IndexScan
2022-12-02 20:49:11 [P-13376] [MainThread] [parse_query_plan] [DEBUG] parse_query_plan.py[line:126] Index Scan using comp_cast_type_pkey on comp_cast_type cct1  (cost=0.15..4.17 rows=1 width=4) (never executed)
2022-12-02 20:49:11 [P-13376] [MainThread] [parse_query_plan] [DEBUG] parse_query_plan.py[line:132] ['Index Scan', 'comp_cast_type_pkey', 'comp_cast_type cct1']
2022-12-02 20:49:11 [P-13376] [MainThread] [parse_query_plan] [DEBUG] parse_query_plan.py[line:149] _do_IndexScan
2022-12-02 20:49:11 [P-13376] [MainThread] [parse_query_plan] [DEBUG] parse_query_plan.py[line:126] Index Scan using person_info_idx_pid on person_info pi  (cost=0.43..70.03 rows=37 width=8) (never executed)
2022-12-02 20:49:11 [P-13376] [MainThread] [parse_query_plan] [DEBUG] parse_query_plan.py[line:132] ['Index Scan', 'person_info_idx_pid', 'person_info pi']
2022-12-02 20:49:11 [P-13376] [MainThread] [parse_query_plan] [DEBUG] parse_query_plan.py[line:149] _do_IndexScan
2022-12-02 20:49:11 [P-13376] [MainThread] [parse_query_plan] [DEBUG] parse_query_plan.py[line:126] Index Only Scan using aka_name_idx_person on aka_name an  (cost=0.43..3.14 rows=2 width=4) (never executed)
2022-12-02 20:49:11 [P-13376] [MainThread] [parse_query_plan] [DEBUG] parse_query_plan.py[line:132] ['Index Only Scan', 'aka_name_idx_person', 'aka_name an']
2022-12-02 20:49:11 [P-13376] [MainThread] [parse_query_plan] [DEBUG] parse_query_plan.py[line:149] _do_IndexOnlyScan
2022-12-02 20:49:11 [P-13376] [MainThread] [parse_query_plan] [DEBUG] parse_query_plan.py[line:126] Index Scan using movie_companies_idx_mid on movie_companies mc  (cost=0.43..14.36 rows=6 width=8) (never executed)
2022-12-02 20:49:11 [P-13376] [MainThread] [parse_query_plan] [DEBUG] parse_query_plan.py[line:132] ['Index Scan', 'movie_companies_idx_mid', 'movie_companies mc']
2022-12-02 20:49:11 [P-13376] [MainThread] [parse_query_plan] [DEBUG] parse_query_plan.py[line:149] _do_IndexScan
2022-12-02 20:49:11 [P-13376] [MainThread] [parse_query_plan] [DEBUG] parse_query_plan.py[line:126] Index Scan using company_name_pkey on company_name cn  (cost=0.42..4.70 rows=1 width=4) (never executed)
2022-12-02 20:49:11 [P-13376] [MainThread] [parse_query_plan] [DEBUG] parse_query_plan.py[line:132] ['Index Scan', 'company_name_pkey', 'company_name cn']
2022-12-02 20:49:11 [P-13376] [MainThread] [parse_query_plan] [DEBUG] parse_query_plan.py[line:149] _do_IndexScan
2022-12-02 20:49:11 [P-13376] [MainThread] [parse_query_plan] [DEBUG] parse_query_plan.py[line:126] Aggregate  (cost=577.01..577.02 rows=1 width=96) (actual time=0.034..0.036 rows=1 loops=1)
2022-12-02 20:49:11 [P-13376] [MainThread] [parse_query_plan] [DEBUG] parse_query_plan.py[line:132] ['Aggregate']
2022-12-02 20:49:11 [P-13376] [MainThread] [parse_query_plan] [DEBUG] parse_query_plan.py[line:149] _do_Aggregate
2022-12-02 20:49:11 [P-13376] [MainThread] [parse_query_plan] [DEBUG] parse_query_plan.py[line:126] Nested Loop  (cost=9.89..577.00 rows=1 width=47) (actual time=0.033..0.034 rows=0 loops=1)
2022-12-02 20:49:11 [P-13376] [MainThread] [parse_query_plan] [DEBUG] parse_query_plan.py[line:132] ['Nested Loop']
2022-12-02 20:49:11 [P-13376] [MainThread] [parse_query_plan] [DEBUG] parse_query_plan.py[line:149] _do_NestedLoop
2022-12-02 20:49:11 [P-13376] [MainThread] [parse_query_plan] [DEBUG] parse_query_plan.py[line:126] Nested Loop  (cost=9.47..567.60 rows=2 width=51) (actual time=0.033..0.034 rows=0 loops=1)
2022-12-02 20:49:11 [P-13376] [MainThread] [parse_query_plan] [DEBUG] parse_query_plan.py[line:132] ['Nested Loop']
2022-12-02 20:49:11 [P-13376] [MainThread] [parse_query_plan] [DEBUG] parse_query_plan.py[line:149] _do_NestedLoop
2022-12-02 20:49:11 [P-13376] [MainThread] [parse_query_plan] [DEBUG] parse_query_plan.py[line:126] Nested Loop  (cost=9.04..553.17 rows=1 width=67) (actual time=0.033..0.034 rows=0 loops=1)
2022-12-02 20:49:11 [P-13376] [MainThread] [parse_query_plan] [DEBUG] parse_query_plan.py[line:132] ['Nested Loop']
2022-12-02 20:49:11 [P-13376] [MainThread] [parse_query_plan] [DEBUG] parse_query_plan.py[line:149] _do_NestedLoop
2022-12-02 20:49:11 [P-13376] [MainThread] [parse_query_plan] [DEBUG] parse_query_plan.py[line:126] Nested Loop  (cost=8.61..550.00 rows=1 width=79) (actual time=0.033..0.034 rows=0 loops=1)
2022-12-02 20:49:11 [P-13376] [MainThread] [parse_query_plan] [DEBUG] parse_query_plan.py[line:132] ['Nested Loop']
2022-12-02 20:49:11 [P-13376] [MainThread] [parse_query_plan] [DEBUG] parse_query_plan.py[line:149] _do_NestedLoop
2022-12-02 20:49:11 [P-13376] [MainThread] [parse_query_plan] [DEBUG] parse_query_plan.py[line:126] Seq Scan on info_type it3  (cost=0.00..2.41 rows=1 width=4) (actual time=0.006..0.009 rows=1 loops=1)
2022-12-02 20:49:11 [P-13376] [MainThread] [parse_query_plan] [DEBUG] parse_query_plan.py[line:132] ['Seq Scan', 'info_type it3']
2022-12-02 20:49:11 [P-13376] [MainThread] [parse_query_plan] [DEBUG] parse_query_plan.py[line:149] _do_SeqScan
2022-12-02 20:49:11 [P-13376] [MainThread] [parse_query_plan] [DEBUG] parse_query_plan.py[line:126] Nested Loop  (cost=8.61..547.57 rows=1 width=83) (actual time=0.023..0.024 rows=0 loops=1)
2022-12-02 20:49:11 [P-13376] [MainThread] [parse_query_plan] [DEBUG] parse_query_plan.py[line:132] ['Nested Loop']
2022-12-02 20:49:11 [P-13376] [MainThread] [parse_query_plan] [DEBUG] parse_query_plan.py[line:149] _do_NestedLoop
2022-12-02 20:49:11 [P-13376] [MainThread] [parse_query_plan] [DEBUG] parse_query_plan.py[line:126] Nested Loop  (cost=8.18..477.08 rows=1 width=75) (actual time=0.023..0.024 rows=0 loops=1)
2022-12-02 20:49:11 [P-13376] [MainThread] [parse_query_plan] [DEBUG] parse_query_plan.py[line:132] ['Nested Loop']
2022-12-02 20:49:11 [P-13376] [MainThread] [parse_query_plan] [DEBUG] parse_query_plan.py[line:149] _do_NestedLoop
2022-12-02 20:49:11 [P-13376] [MainThread] [parse_query_plan] [DEBUG] parse_query_plan.py[line:126] Nested Loop  (cost=8.03..471.30 rows=1 width=79) (actual time=0.023..0.024 rows=0 loops=1)
2022-12-02 20:49:11 [P-13376] [MainThread] [parse_query_plan] [DEBUG] parse_query_plan.py[line:132] ['Nested Loop']
2022-12-02 20:49:11 [P-13376] [MainThread] [parse_query_plan] [DEBUG] parse_query_plan.py[line:149] _do_NestedLoop
2022-12-02 20:49:11 [P-13376] [MainThread] [parse_query_plan] [DEBUG] parse_query_plan.py[line:126] Nested Loop  (cost=7.60..466.50 rows=1 width=60) (actual time=0.023..0.024 rows=0 loops=1)
2022-12-02 20:49:11 [P-13376] [MainThread] [parse_query_plan] [DEBUG] parse_query_plan.py[line:132] ['Nested Loop']
2022-12-02 20:49:11 [P-13376] [MainThread] [parse_query_plan] [DEBUG] parse_query_plan.py[line:149] _do_NestedLoop
2022-12-02 20:49:11 [P-13376] [MainThread] [parse_query_plan] [DEBUG] parse_query_plan.py[line:126] Nested Loop  (cost=7.17..458.03 rows=1 width=48) (actual time=0.023..0.024 rows=0 loops=1)
2022-12-02 20:49:11 [P-13376] [MainThread] [parse_query_plan] [DEBUG] parse_query_plan.py[line:132] ['Nested Loop']
2022-12-02 20:49:11 [P-13376] [MainThread] [parse_query_plan] [DEBUG] parse_query_plan.py[line:149] _do_NestedLoop
2022-12-02 20:49:11 [P-13376] [MainThread] [parse_query_plan] [DEBUG] parse_query_plan.py[line:126] Seq Scan on info_type it  (cost=0.00..2.41 rows=1 width=4) (actual time=0.002..0.006 rows=1 loops=1)
2022-12-02 20:49:11 [P-13376] [MainThread] [parse_query_plan] [DEBUG] parse_query_plan.py[line:132] ['Seq Scan', 'info_type it']
2022-12-02 20:49:11 [P-13376] [MainThread] [parse_query_plan] [DEBUG] parse_query_plan.py[line:149] _do_SeqScan
2022-12-02 20:49:11 [P-13376] [MainThread] [parse_query_plan] [DEBUG] parse_query_plan.py[line:126] Nested Loop  (cost=7.17..455.61 rows=1 width=52) (actual time=0.017..0.018 rows=0 loops=1)
2022-12-02 20:49:11 [P-13376] [MainThread] [parse_query_plan] [DEBUG] parse_query_plan.py[line:132] ['Nested Loop']
2022-12-02 20:49:11 [P-13376] [MainThread] [parse_query_plan] [DEBUG] parse_query_plan.py[line:149] _do_NestedLoop
2022-12-02 20:49:11 [P-13376] [MainThread] [parse_query_plan] [DEBUG] parse_query_plan.py[line:126] Nested Loop  (cost=6.73..317.42 rows=1 width=44) (actual time=0.017..0.018 rows=0 loops=1)
2022-12-02 20:49:11 [P-13376] [MainThread] [parse_query_plan] [DEBUG] parse_query_plan.py[line:132] ['Nested Loop']
2022-12-02 20:49:11 [P-13376] [MainThread] [parse_query_plan] [DEBUG] parse_query_plan.py[line:149] _do_NestedLoop
2022-12-02 20:49:11 [P-13376] [MainThread] [parse_query_plan] [DEBUG] parse_query_plan.py[line:126] Nested Loop  (cost=6.58..311.65 rows=1 width=48) (actual time=0.017..0.017 rows=0 loops=1)
2022-12-02 20:49:11 [P-13376] [MainThread] [parse_query_plan] [DEBUG] parse_query_plan.py[line:132] ['Nested Loop']
2022-12-02 20:49:11 [P-13376] [MainThread] [parse_query_plan] [DEBUG] parse_query_plan.py[line:149] _do_NestedLoop
2022-12-02 20:49:11 [P-13376] [MainThread] [parse_query_plan] [DEBUG] parse_query_plan.py[line:126] Nested Loop  (cost=6.14..230.12 rows=1 width=32) (actual time=0.017..0.017 rows=0 loops=1)
2022-12-02 20:49:11 [P-13376] [MainThread] [parse_query_plan] [DEBUG] parse_query_plan.py[line:132] ['Nested Loop']
2022-12-02 20:49:11 [P-13376] [MainThread] [parse_query_plan] [DEBUG] parse_query_plan.py[line:149] _do_NestedLoop
2022-12-02 20:49:11 [P-13376] [MainThread] [parse_query_plan] [DEBUG] parse_query_plan.py[line:126] Nested Loop  (cost=5.99..224.34 rows=1 width=36) (actual time=0.017..0.017 rows=0 loops=1)
2022-12-02 20:49:11 [P-13376] [MainThread] [parse_query_plan] [DEBUG] parse_query_plan.py[line:132] ['Nested Loop']
2022-12-02 20:49:11 [P-13376] [MainThread] [parse_query_plan] [DEBUG] parse_query_plan.py[line:149] _do_NestedLoop
2022-12-02 20:49:11 [P-13376] [MainThread] [parse_query_plan] [DEBUG] parse_query_plan.py[line:126] Nested Loop  (cost=5.57..217.57 rows=1 width=24) (actual time=0.017..0.017 rows=0 loops=1)
2022-12-02 20:49:11 [P-13376] [MainThread] [parse_query_plan] [DEBUG] parse_query_plan.py[line:132] ['Nested Loop']
2022-12-02 20:49:11 [P-13376] [MainThread] [parse_query_plan] [DEBUG] parse_query_plan.py[line:149] _do_NestedLoop
2022-12-02 20:49:11 [P-13376] [MainThread] [parse_query_plan] [DEBUG] parse_query_plan.py[line:126] Index Scan using keyword_idx_keyword on keyword k  (cost=0.42..8.44 rows=1 width=4) (actual time=0.008..0.008 rows=1 loops=1)
2022-12-02 20:49:11 [P-13376] [MainThread] [parse_query_plan] [DEBUG] parse_query_plan.py[line:132] ['Index Scan', 'keyword_idx_keyword', 'keyword k']
2022-12-02 20:49:11 [P-13376] [MainThread] [parse_query_plan] [DEBUG] parse_query_plan.py[line:149] _do_IndexScan
2022-12-02 20:49:11 [P-13376] [MainThread] [parse_query_plan] [DEBUG] parse_query_plan.py[line:126] Nested Loop  (cost=5.15..209.00 rows=11 width=28) (actual time=0.007..0.007 rows=0 loops=1)
2022-12-02 20:49:11 [P-13376] [MainThread] [parse_query_plan] [DEBUG] parse_query_plan.py[line:132] ['Nested Loop']
2022-12-02 20:49:11 [P-13376] [MainThread] [parse_query_plan] [DEBUG] parse_query_plan.py[line:149] _do_NestedLoop
2022-12-02 20:49:11 [P-13376] [MainThread] [parse_query_plan] [DEBUG] parse_query_plan.py[line:126] Bitmap Heap Scan on title t  (cost=4.72..154.18 rows=5 width=20) (actual time=0.007..0.007 rows=0 loops=1)
2022-12-02 20:49:11 [P-13376] [MainThread] [parse_query_plan] [DEBUG] parse_query_plan.py[line:132] ['Bitmap Heap Scan', 'title t']
2022-12-02 20:49:11 [P-13376] [MainThread] [parse_query_plan] [DEBUG] parse_query_plan.py[line:149] _do_BitMapHeapScan
2022-12-02 20:49:11 [P-13376] [MainThread] [parse_query_plan] [DEBUG] parse_query_plan.py[line:126] Bitmap Index Scan on title_idx_title  (cost=0.00..4.71 rows=38 width=0) (actual time=0.005..0.005 rows=1 loops=1)
2022-12-02 20:49:11 [P-13376] [MainThread] [parse_query_plan] [DEBUG] parse_query_plan.py[line:132] ['Bitmap Index Scan', 'title_idx_title']
2022-12-02 20:49:11 [P-13376] [MainThread] [parse_query_plan] [DEBUG] parse_query_plan.py[line:149] _do_BitMapIndexScan
2022-12-02 20:49:11 [P-13376] [MainThread] [parse_query_plan] [DEBUG] parse_query_plan.py[line:126] Index Scan using movie_keyword_idx_mid on movie_keyword mk  (cost=0.43..10.33 rows=63 width=8) (never executed)
2022-12-02 20:49:11 [P-13376] [MainThread] [parse_query_plan] [DEBUG] parse_query_plan.py[line:132] ['Index Scan', 'movie_keyword_idx_mid', 'movie_keyword mk']
2022-12-02 20:49:11 [P-13376] [MainThread] [parse_query_plan] [DEBUG] parse_query_plan.py[line:149] _do_IndexScan
2022-12-02 20:49:11 [P-13376] [MainThread] [parse_query_plan] [DEBUG] parse_query_plan.py[line:126] Index Scan using complete_cast_idx_mid on complete_cast cc  (cost=0.42..6.74 rows=2 width=12) (never executed)
2022-12-02 20:49:11 [P-13376] [MainThread] [parse_query_plan] [DEBUG] parse_query_plan.py[line:132] ['Index Scan', 'complete_cast_idx_mid', 'complete_cast cc']
2022-12-02 20:49:11 [P-13376] [MainThread] [parse_query_plan] [DEBUG] parse_query_plan.py[line:149] _do_IndexScan
2022-12-02 20:49:11 [P-13376] [MainThread] [parse_query_plan] [DEBUG] parse_query_plan.py[line:126] Index Scan using comp_cast_type_pkey on comp_cast_type cct2  (cost=0.15..4.17 rows=1 width=4) (never executed)
2022-12-02 20:49:11 [P-13376] [MainThread] [parse_query_plan] [DEBUG] parse_query_plan.py[line:132] ['Index Scan', 'comp_cast_type_pkey', 'comp_cast_type cct2']
2022-12-02 20:49:11 [P-13376] [MainThread] [parse_query_plan] [DEBUG] parse_query_plan.py[line:149] _do_IndexScan
2022-12-02 20:49:11 [P-13376] [MainThread] [parse_query_plan] [DEBUG] parse_query_plan.py[line:126] Index Scan using cast_info_idx_mid on cast_info ci  (cost=0.44..81.52 rows=1 width=16) (never executed)
2022-12-02 20:49:11 [P-13376] [MainThread] [parse_query_plan] [DEBUG] parse_query_plan.py[line:132] ['Index Scan', 'cast_info_idx_mid', 'cast_info ci']
2022-12-02 20:49:11 [P-13376] [MainThread] [parse_query_plan] [DEBUG] parse_query_plan.py[line:149] _do_IndexScan
2022-12-02 20:49:11 [P-13376] [MainThread] [parse_query_plan] [DEBUG] parse_query_plan.py[line:183] <re.Match object; span=(0, 82), match='note = ANY (\'{(voice),"(voice) (uncredited)","(v>
2022-12-02 20:49:11 [P-13376] [MainThread] [parse_query_plan] [DEBUG] parse_query_plan.py[line:126] Index Scan using role_type_pkey on role_type rt  (cost=0.15..4.17 rows=1 width=4) (never executed)
2022-12-02 20:49:11 [P-13376] [MainThread] [parse_query_plan] [DEBUG] parse_query_plan.py[line:132] ['Index Scan', 'role_type_pkey', 'role_type rt']
2022-12-02 20:49:11 [P-13376] [MainThread] [parse_query_plan] [DEBUG] parse_query_plan.py[line:149] _do_IndexScan
2022-12-02 20:49:11 [P-13376] [MainThread] [parse_query_plan] [DEBUG] parse_query_plan.py[line:126] Index Scan using movie_info_idx_mid on movie_info mi  (cost=0.44..138.17 rows=1 width=8) (never executed)
2022-12-02 20:49:11 [P-13376] [MainThread] [parse_query_plan] [DEBUG] parse_query_plan.py[line:132] ['Index Scan', 'movie_info_idx_mid', 'movie_info mi']
2022-12-02 20:49:11 [P-13376] [MainThread] [parse_query_plan] [DEBUG] parse_query_plan.py[line:149] _do_IndexScan
2022-12-02 20:49:11 [P-13376] [MainThread] [parse_query_plan] [DEBUG] parse_query_plan.py[line:126] Index Scan using char_name_idx_name on char_name chn  (cost=0.43..8.45 rows=1 width=20) (never executed)
2022-12-02 20:49:11 [P-13376] [MainThread] [parse_query_plan] [DEBUG] parse_query_plan.py[line:132] ['Index Scan', 'char_name_idx_name', 'char_name chn']
2022-12-02 20:49:11 [P-13376] [MainThread] [parse_query_plan] [DEBUG] parse_query_plan.py[line:149] _do_IndexScan
2022-12-02 20:49:11 [P-13376] [MainThread] [parse_query_plan] [DEBUG] parse_query_plan.py[line:126] Index Scan using name_pkey on name n  (cost=0.43..4.81 rows=1 width=19) (never executed)
2022-12-02 20:49:11 [P-13376] [MainThread] [parse_query_plan] [DEBUG] parse_query_plan.py[line:132] ['Index Scan', 'name_pkey', 'name n']
2022-12-02 20:49:11 [P-13376] [MainThread] [parse_query_plan] [DEBUG] parse_query_plan.py[line:149] _do_IndexScan
2022-12-02 20:49:11 [P-13376] [MainThread] [parse_query_plan] [DEBUG] parse_query_plan.py[line:126] Index Scan using comp_cast_type_pkey on comp_cast_type cct1  (cost=0.15..4.17 rows=1 width=4) (never executed)
2022-12-02 20:49:11 [P-13376] [MainThread] [parse_query_plan] [DEBUG] parse_query_plan.py[line:132] ['Index Scan', 'comp_cast_type_pkey', 'comp_cast_type cct1']
2022-12-02 20:49:11 [P-13376] [MainThread] [parse_query_plan] [DEBUG] parse_query_plan.py[line:149] _do_IndexScan
2022-12-02 20:49:11 [P-13376] [MainThread] [parse_query_plan] [DEBUG] parse_query_plan.py[line:126] Index Scan using person_info_idx_pid on person_info pi  (cost=0.43..70.03 rows=37 width=8) (never executed)
2022-12-02 20:49:11 [P-13376] [MainThread] [parse_query_plan] [DEBUG] parse_query_plan.py[line:132] ['Index Scan', 'person_info_idx_pid', 'person_info pi']
2022-12-02 20:49:11 [P-13376] [MainThread] [parse_query_plan] [DEBUG] parse_query_plan.py[line:149] _do_IndexScan
2022-12-02 20:49:11 [P-13376] [MainThread] [parse_query_plan] [DEBUG] parse_query_plan.py[line:126] Index Only Scan using aka_name_idx_person on aka_name an  (cost=0.43..3.14 rows=2 width=4) (never executed)
2022-12-02 20:49:11 [P-13376] [MainThread] [parse_query_plan] [DEBUG] parse_query_plan.py[line:132] ['Index Only Scan', 'aka_name_idx_person', 'aka_name an']
2022-12-02 20:49:11 [P-13376] [MainThread] [parse_query_plan] [DEBUG] parse_query_plan.py[line:149] _do_IndexOnlyScan
2022-12-02 20:49:11 [P-13376] [MainThread] [parse_query_plan] [DEBUG] parse_query_plan.py[line:126] Index Scan using movie_companies_idx_mid on movie_companies mc  (cost=0.43..14.36 rows=6 width=8) (never executed)
2022-12-02 20:49:11 [P-13376] [MainThread] [parse_query_plan] [DEBUG] parse_query_plan.py[line:132] ['Index Scan', 'movie_companies_idx_mid', 'movie_companies mc']
2022-12-02 20:49:11 [P-13376] [MainThread] [parse_query_plan] [DEBUG] parse_query_plan.py[line:149] _do_IndexScan
2022-12-02 20:49:11 [P-13376] [MainThread] [parse_query_plan] [DEBUG] parse_query_plan.py[line:126] Index Scan using company_name_pkey on company_name cn  (cost=0.42..4.70 rows=1 width=4) (never executed)
2022-12-02 20:49:11 [P-13376] [MainThread] [parse_query_plan] [DEBUG] parse_query_plan.py[line:132] ['Index Scan', 'company_name_pkey', 'company_name cn']
2022-12-02 20:49:11 [P-13376] [MainThread] [parse_query_plan] [DEBUG] parse_query_plan.py[line:149] _do_IndexScan
2022-12-02 20:49:11 [P-13376] [MainThread] [parse_query_plan] [DEBUG] parse_query_plan.py[line:126] Aggregate  (cost=2275.29..2275.30 rows=1 width=96) (actual time=458.468..458.474 rows=1 loops=1)
2022-12-02 20:49:11 [P-13376] [MainThread] [parse_query_plan] [DEBUG] parse_query_plan.py[line:132] ['Aggregate']
2022-12-02 20:49:11 [P-13376] [MainThread] [parse_query_plan] [DEBUG] parse_query_plan.py[line:149] _do_Aggregate
2022-12-02 20:49:11 [P-13376] [MainThread] [parse_query_plan] [DEBUG] parse_query_plan.py[line:126] Nested Loop  (cost=12.81..2275.28 rows=1 width=47) (actual time=458.466..458.471 rows=0 loops=1)
2022-12-02 20:49:11 [P-13376] [MainThread] [parse_query_plan] [DEBUG] parse_query_plan.py[line:132] ['Nested Loop']
2022-12-02 20:49:11 [P-13376] [MainThread] [parse_query_plan] [DEBUG] parse_query_plan.py[line:149] _do_NestedLoop
2022-12-02 20:49:11 [P-13376] [MainThread] [parse_query_plan] [DEBUG] parse_query_plan.py[line:126] Nested Loop  (cost=12.38..2270.53 rows=1 width=51) (actual time=168.890..438.228 rows=29532 loops=1)
2022-12-02 20:49:11 [P-13376] [MainThread] [parse_query_plan] [DEBUG] parse_query_plan.py[line:132] ['Nested Loop']
2022-12-02 20:49:11 [P-13376] [MainThread] [parse_query_plan] [DEBUG] parse_query_plan.py[line:149] _do_NestedLoop
2022-12-02 20:49:11 [P-13376] [MainThread] [parse_query_plan] [DEBUG] parse_query_plan.py[line:126] Seq Scan on info_type it3  (cost=0.00..2.41 rows=1 width=4) (actual time=0.007..0.011 rows=1 loops=1)
2022-12-02 20:49:11 [P-13376] [MainThread] [parse_query_plan] [DEBUG] parse_query_plan.py[line:132] ['Seq Scan', 'info_type it3']
2022-12-02 20:49:11 [P-13376] [MainThread] [parse_query_plan] [DEBUG] parse_query_plan.py[line:149] _do_SeqScan
2022-12-02 20:49:11 [P-13376] [MainThread] [parse_query_plan] [DEBUG] parse_query_plan.py[line:126] Nested Loop  (cost=12.38..2268.10 rows=1 width=55) (actual time=167.748..433.633 rows=125262 loops=1)
2022-12-02 20:49:11 [P-13376] [MainThread] [parse_query_plan] [DEBUG] parse_query_plan.py[line:132] ['Nested Loop']
2022-12-02 20:49:11 [P-13376] [MainThread] [parse_query_plan] [DEBUG] parse_query_plan.py[line:149] _do_NestedLoop
2022-12-02 20:49:11 [P-13376] [MainThread] [parse_query_plan] [DEBUG] parse_query_plan.py[line:126] Nested Loop  (cost=11.95..2197.61 rows=1 width=63) (actual time=166.617..405.153 rows=300 loops=1)
2022-12-02 20:49:11 [P-13376] [MainThread] [parse_query_plan] [DEBUG] parse_query_plan.py[line:132] ['Nested Loop']
2022-12-02 20:49:11 [P-13376] [MainThread] [parse_query_plan] [DEBUG] parse_query_plan.py[line:149] _do_NestedLoop
2022-12-02 20:49:11 [P-13376] [MainThread] [parse_query_plan] [DEBUG] parse_query_plan.py[line:126] Nested Loop  (cost=11.52..2192.80 rows=1 width=44) (actual time=41.530..384.835 rows=5784 loops=1)
2022-12-02 20:49:11 [P-13376] [MainThread] [parse_query_plan] [DEBUG] parse_query_plan.py[line:132] ['Nested Loop']
2022-12-02 20:49:11 [P-13376] [MainThread] [parse_query_plan] [DEBUG] parse_query_plan.py[line:149] _do_NestedLoop
2022-12-02 20:49:11 [P-13376] [MainThread] [parse_query_plan] [DEBUG] parse_query_plan.py[line:126] Nested Loop  (cost=11.09..2188.04 rows=1 width=32) (actual time=41.514..366.873 rows=7861 loops=1)
2022-12-02 20:49:11 [P-13376] [MainThread] [parse_query_plan] [DEBUG] parse_query_plan.py[line:132] ['Nested Loop']
2022-12-02 20:49:11 [P-13376] [MainThread] [parse_query_plan] [DEBUG] parse_query_plan.py[line:149] _do_NestedLoop
2022-12-02 20:49:11 [P-13376] [MainThread] [parse_query_plan] [DEBUG] parse_query_plan.py[line:126] Nested Loop  (cost=10.93..2179.65 rows=2 width=36) (actual time=38.249..361.580 rows=29199 loops=1)
2022-12-02 20:49:11 [P-13376] [MainThread] [parse_query_plan] [DEBUG] parse_query_plan.py[line:132] ['Nested Loop']
2022-12-02 20:49:11 [P-13376] [MainThread] [parse_query_plan] [DEBUG] parse_query_plan.py[line:149] _do_NestedLoop
2022-12-02 20:49:11 [P-13376] [MainThread] [parse_query_plan] [DEBUG] parse_query_plan.py[line:126] Nested Loop  (cost=10.50..2176.49 rows=1 width=32) (actual time=37.984..281.934 rows=13332 loops=1)
2022-12-02 20:49:11 [P-13376] [MainThread] [parse_query_plan] [DEBUG] parse_query_plan.py[line:132] ['Nested Loop']
2022-12-02 20:49:11 [P-13376] [MainThread] [parse_query_plan] [DEBUG] parse_query_plan.py[line:149] _do_NestedLoop
2022-12-02 20:49:11 [P-13376] [MainThread] [parse_query_plan] [DEBUG] parse_query_plan.py[line:126] Nested Loop  (cost=10.06..2094.91 rows=1 width=16) (actual time=37.324..143.472 rows=444 loops=1)
2022-12-02 20:49:11 [P-13376] [MainThread] [parse_query_plan] [DEBUG] parse_query_plan.py[line:132] ['Nested Loop']
2022-12-02 20:49:11 [P-13376] [MainThread] [parse_query_plan] [DEBUG] parse_query_plan.py[line:149] _do_NestedLoop
2022-12-02 20:49:11 [P-13376] [MainThread] [parse_query_plan] [DEBUG] parse_query_plan.py[line:126] Seq Scan on info_type it  (cost=0.00..2.41 rows=1 width=4) (actual time=0.002..0.008 rows=1 loops=1)
2022-12-02 20:49:11 [P-13376] [MainThread] [parse_query_plan] [DEBUG] parse_query_plan.py[line:132] ['Seq Scan', 'info_type it']
2022-12-02 20:49:11 [P-13376] [MainThread] [parse_query_plan] [DEBUG] parse_query_plan.py[line:149] _do_SeqScan
2022-12-02 20:49:11 [P-13376] [MainThread] [parse_query_plan] [DEBUG] parse_query_plan.py[line:126] Nested Loop  (cost=10.06..2092.49 rows=1 width=20) (actual time=37.321..143.402 rows=444 loops=1)
2022-12-02 20:49:11 [P-13376] [MainThread] [parse_query_plan] [DEBUG] parse_query_plan.py[line:132] ['Nested Loop']
2022-12-02 20:49:11 [P-13376] [MainThread] [parse_query_plan] [DEBUG] parse_query_plan.py[line:149] _do_NestedLoop
2022-12-02 20:49:11 [P-13376] [MainThread] [parse_query_plan] [DEBUG] parse_query_plan.py[line:126] Nested Loop  (cost=9.62..1815.81 rows=2 width=12) (actual time=25.884..79.578 rows=158 loops=1)
2022-12-02 20:49:11 [P-13376] [MainThread] [parse_query_plan] [DEBUG] parse_query_plan.py[line:132] ['Nested Loop']
2022-12-02 20:49:11 [P-13376] [MainThread] [parse_query_plan] [DEBUG] parse_query_plan.py[line:149] _do_NestedLoop
2022-12-02 20:49:11 [P-13376] [MainThread] [parse_query_plan] [DEBUG] parse_query_plan.py[line:126] Nested Loop  (cost=9.20..1787.60 rows=6 width=16) (actual time=25.875..73.352 rows=683 loops=1)
2022-12-02 20:49:11 [P-13376] [MainThread] [parse_query_plan] [DEBUG] parse_query_plan.py[line:132] ['Nested Loop']
2022-12-02 20:49:11 [P-13376] [MainThread] [parse_query_plan] [DEBUG] parse_query_plan.py[line:149] _do_NestedLoop
2022-12-02 20:49:11 [P-13376] [MainThread] [parse_query_plan] [DEBUG] parse_query_plan.py[line:126] Nested Loop  (cost=8.77..1773.18 rows=1 width=8) (actual time=25.860..71.484 rows=24 loops=1)
2022-12-02 20:49:11 [P-13376] [MainThread] [parse_query_plan] [DEBUG] parse_query_plan.py[line:132] ['Nested Loop']
2022-12-02 20:49:11 [P-13376] [MainThread] [parse_query_plan] [DEBUG] parse_query_plan.py[line:149] _do_NestedLoop
2022-12-02 20:49:11 [P-13376] [MainThread] [parse_query_plan] [DEBUG] parse_query_plan.py[line:126] Nested Loop  (cost=8.62..1767.40 rows=1 width=12) (actual time=16.297..71.339 rows=77 loops=1)
2022-12-02 20:49:11 [P-13376] [MainThread] [parse_query_plan] [DEBUG] parse_query_plan.py[line:132] ['Nested Loop']
2022-12-02 20:49:11 [P-13376] [MainThread] [parse_query_plan] [DEBUG] parse_query_plan.py[line:149] _do_NestedLoop
2022-12-02 20:49:11 [P-13376] [MainThread] [parse_query_plan] [DEBUG] parse_query_plan.py[line:126] Nested Loop  (cost=8.46..1754.20 rows=37 width=16) (actual time=16.280..71.201 rows=94 loops=1)
2022-12-02 20:49:11 [P-13376] [MainThread] [parse_query_plan] [DEBUG] parse_query_plan.py[line:132] ['Nested Loop']
2022-12-02 20:49:11 [P-13376] [MainThread] [parse_query_plan] [DEBUG] parse_query_plan.py[line:149] _do_NestedLoop
2022-12-02 20:49:11 [P-13376] [MainThread] [parse_query_plan] [DEBUG] parse_query_plan.py[line:126] Nested Loop  (cost=8.04..1537.90 rows=32 width=4) (actual time=10.534..68.984 rows=562 loops=1)
2022-12-02 20:49:11 [P-13376] [MainThread] [parse_query_plan] [DEBUG] parse_query_plan.py[line:132] ['Nested Loop']
2022-12-02 20:49:11 [P-13376] [MainThread] [parse_query_plan] [DEBUG] parse_query_plan.py[line:149] _do_NestedLoop
2022-12-02 20:49:11 [P-13376] [MainThread] [parse_query_plan] [DEBUG] parse_query_plan.py[line:126] Index Scan using keyword_idx_keyword on keyword k  (cost=0.42..8.44 rows=1 width=4) (actual time=0.011..0.012 rows=1 loops=1)
2022-12-02 20:49:11 [P-13376] [MainThread] [parse_query_plan] [DEBUG] parse_query_plan.py[line:132] ['Index Scan', 'keyword_idx_keyword', 'keyword k']
2022-12-02 20:49:11 [P-13376] [MainThread] [parse_query_plan] [DEBUG] parse_query_plan.py[line:149] _do_IndexScan
2022-12-02 20:49:11 [P-13376] [MainThread] [parse_query_plan] [DEBUG] parse_query_plan.py[line:126] Bitmap Heap Scan on movie_keyword mk  (cost=7.62..1525.35 rows=411 width=8) (actual time=10.521..68.744 rows=562 loops=1)
2022-12-02 20:49:11 [P-13376] [MainThread] [parse_query_plan] [DEBUG] parse_query_plan.py[line:132] ['Bitmap Heap Scan', 'movie_keyword mk']
2022-12-02 20:49:11 [P-13376] [MainThread] [parse_query_plan] [DEBUG] parse_query_plan.py[line:149] _do_BitMapHeapScan
2022-12-02 20:49:11 [P-13376] [MainThread] [parse_query_plan] [DEBUG] parse_query_plan.py[line:126] Bitmap Index Scan on movie_keyword_idx_keywordid  (cost=0.00..7.51 rows=411 width=0) (actual time=10.251..10.252 rows=562 loops=1)
2022-12-02 20:49:11 [P-13376] [MainThread] [parse_query_plan] [DEBUG] parse_query_plan.py[line:132] ['Bitmap Index Scan', 'movie_keyword_idx_keywordid']
2022-12-02 20:49:11 [P-13376] [MainThread] [parse_query_plan] [DEBUG] parse_query_plan.py[line:149] _do_BitMapIndexScan
2022-12-02 20:49:11 [P-13376] [MainThread] [parse_query_plan] [DEBUG] parse_query_plan.py[line:126] Index Scan using complete_cast_idx_mid on complete_cast cc  (cost=0.42..6.74 rows=2 width=12) (actual time=0.003..0.003 rows=0 loops=562)
2022-12-02 20:49:11 [P-13376] [MainThread] [parse_query_plan] [DEBUG] parse_query_plan.py[line:132] ['Index Scan', 'complete_cast_idx_mid', 'complete_cast cc']
2022-12-02 20:49:11 [P-13376] [MainThread] [parse_query_plan] [DEBUG] parse_query_plan.py[line:149] _do_IndexScan
2022-12-02 20:49:11 [P-13376] [MainThread] [parse_query_plan] [DEBUG] parse_query_plan.py[line:126] Memoize  (cost=0.16..4.18 rows=1 width=4) (actual time=0.001..0.001 rows=1 loops=94)
2022-12-02 20:49:11 [P-13376] [MainThread] [parse_query_plan] [DEBUG] parse_query_plan.py[line:132] ['Memoize']
2022-12-02 20:49:11 [P-13376] [MainThread] [parse_query_plan] [DEBUG] parse_query_plan.py[line:149] _do_Memorize
2022-12-02 20:49:11 [P-13376] [MainThread] [parse_query_plan] [DEBUG] parse_query_plan.py[line:126] Index Scan using comp_cast_type_pkey on comp_cast_type cct1  (cost=0.15..4.17 rows=1 width=4) (actual time=0.003..0.003 rows=0 loops=2)
2022-12-02 20:49:11 [P-13376] [MainThread] [parse_query_plan] [DEBUG] parse_query_plan.py[line:132] ['Index Scan', 'comp_cast_type_pkey', 'comp_cast_type cct1']
2022-12-02 20:49:11 [P-13376] [MainThread] [parse_query_plan] [DEBUG] parse_query_plan.py[line:149] _do_IndexScan
2022-12-02 20:49:11 [P-13376] [MainThread] [parse_query_plan] [DEBUG] parse_query_plan.py[line:126] Index Scan using comp_cast_type_pkey on comp_cast_type cct2  (cost=0.15..4.17 rows=1 width=4) (actual time=0.001..0.001 rows=0 loops=77)
2022-12-02 20:49:11 [P-13376] [MainThread] [parse_query_plan] [DEBUG] parse_query_plan.py[line:132] ['Index Scan', 'comp_cast_type_pkey', 'comp_cast_type cct2']
2022-12-02 20:49:11 [P-13376] [MainThread] [parse_query_plan] [DEBUG] parse_query_plan.py[line:149] _do_IndexScan
2022-12-02 20:49:11 [P-13376] [MainThread] [parse_query_plan] [DEBUG] parse_query_plan.py[line:126] Index Scan using movie_companies_idx_mid on movie_companies mc  (cost=0.43..14.36 rows=6 width=8) (actual time=0.044..0.074 rows=28 loops=24)
2022-12-02 20:49:11 [P-13376] [MainThread] [parse_query_plan] [DEBUG] parse_query_plan.py[line:132] ['Index Scan', 'movie_companies_idx_mid', 'movie_companies mc']
2022-12-02 20:49:11 [P-13376] [MainThread] [parse_query_plan] [DEBUG] parse_query_plan.py[line:149] _do_IndexScan
2022-12-02 20:49:11 [P-13376] [MainThread] [parse_query_plan] [DEBUG] parse_query_plan.py[line:126] Index Scan using company_name_pkey on company_name cn  (cost=0.42..4.70 rows=1 width=4) (actual time=0.009..0.009 rows=0 loops=683)
2022-12-02 20:49:11 [P-13376] [MainThread] [parse_query_plan] [DEBUG] parse_query_plan.py[line:132] ['Index Scan', 'company_name_pkey', 'company_name cn']
2022-12-02 20:49:11 [P-13376] [MainThread] [parse_query_plan] [DEBUG] parse_query_plan.py[line:149] _do_IndexScan
2022-12-02 20:49:11 [P-13376] [MainThread] [parse_query_plan] [DEBUG] parse_query_plan.py[line:126] Index Scan using movie_info_idx_mid on movie_info mi  (cost=0.44..138.33 rows=1 width=8) (actual time=0.364..0.403 rows=3 loops=158)
2022-12-02 20:49:11 [P-13376] [MainThread] [parse_query_plan] [DEBUG] parse_query_plan.py[line:132] ['Index Scan', 'movie_info_idx_mid', 'movie_info mi']
2022-12-02 20:49:11 [P-13376] [MainThread] [parse_query_plan] [DEBUG] parse_query_plan.py[line:149] _do_IndexScan
2022-12-02 20:49:11 [P-13376] [MainThread] [parse_query_plan] [DEBUG] parse_query_plan.py[line:126] Index Scan using cast_info_idx_mid on cast_info ci  (cost=0.44..81.56 rows=1 width=16) (actual time=0.056..0.308 rows=30 loops=444)
2022-12-02 20:49:11 [P-13376] [MainThread] [parse_query_plan] [DEBUG] parse_query_plan.py[line:132] ['Index Scan', 'cast_info_idx_mid', 'cast_info ci']
2022-12-02 20:49:11 [P-13376] [MainThread] [parse_query_plan] [DEBUG] parse_query_plan.py[line:149] _do_IndexScan
2022-12-02 20:49:11 [P-13376] [MainThread] [parse_query_plan] [DEBUG] parse_query_plan.py[line:183] <re.Match object; span=(0, 110), match='note = ANY (\'{(voice),"(voice: Japanese version)>
2022-12-02 20:49:11 [P-13376] [MainThread] [parse_query_plan] [DEBUG] parse_query_plan.py[line:126] Index Only Scan using aka_name_idx_person on aka_name an  (cost=0.43..3.15 rows=2 width=4) (actual time=0.005..0.006 rows=2 loops=13332)
2022-12-02 20:49:11 [P-13376] [MainThread] [parse_query_plan] [DEBUG] parse_query_plan.py[line:132] ['Index Only Scan', 'aka_name_idx_person', 'aka_name an']
2022-12-02 20:49:11 [P-13376] [MainThread] [parse_query_plan] [DEBUG] parse_query_plan.py[line:149] _do_IndexOnlyScan
2022-12-02 20:49:11 [P-13376] [MainThread] [parse_query_plan] [DEBUG] parse_query_plan.py[line:126] Memoize  (cost=0.16..4.18 rows=1 width=4) (actual time=0.000..0.000 rows=0 loops=29199)
2022-12-02 20:49:11 [P-13376] [MainThread] [parse_query_plan] [DEBUG] parse_query_plan.py[line:132] ['Memoize']
2022-12-02 20:49:11 [P-13376] [MainThread] [parse_query_plan] [DEBUG] parse_query_plan.py[line:149] _do_Memorize
2022-12-02 20:49:11 [P-13376] [MainThread] [parse_query_plan] [DEBUG] parse_query_plan.py[line:126] Index Scan using role_type_pkey on role_type rt  (cost=0.15..4.17 rows=1 width=4) (actual time=0.007..0.007 rows=0 loops=2)
2022-12-02 20:49:11 [P-13376] [MainThread] [parse_query_plan] [DEBUG] parse_query_plan.py[line:132] ['Index Scan', 'role_type_pkey', 'role_type rt']
2022-12-02 20:49:11 [P-13376] [MainThread] [parse_query_plan] [DEBUG] parse_query_plan.py[line:149] _do_IndexScan
2022-12-02 20:49:11 [P-13376] [MainThread] [parse_query_plan] [DEBUG] parse_query_plan.py[line:126] Index Scan using char_name_pkey on char_name chn  (cost=0.43..4.77 rows=1 width=20) (actual time=0.002..0.002 rows=1 loops=7861)
2022-12-02 20:49:11 [P-13376] [MainThread] [parse_query_plan] [DEBUG] parse_query_plan.py[line:132] ['Index Scan', 'char_name_pkey', 'char_name chn']
2022-12-02 20:49:11 [P-13376] [MainThread] [parse_query_plan] [DEBUG] parse_query_plan.py[line:149] _do_IndexScan
2022-12-02 20:49:11 [P-13376] [MainThread] [parse_query_plan] [DEBUG] parse_query_plan.py[line:126] Index Scan using name_pkey on name n  (cost=0.43..4.80 rows=1 width=19) (actual time=0.003..0.003 rows=0 loops=5784)
2022-12-02 20:49:11 [P-13376] [MainThread] [parse_query_plan] [DEBUG] parse_query_plan.py[line:132] ['Index Scan', 'name_pkey', 'name n']
2022-12-02 20:49:11 [P-13376] [MainThread] [parse_query_plan] [DEBUG] parse_query_plan.py[line:149] _do_IndexScan
2022-12-02 20:49:11 [P-13376] [MainThread] [parse_query_plan] [DEBUG] parse_query_plan.py[line:126] Index Scan using person_info_idx_pid on person_info pi  (cost=0.43..70.03 rows=37 width=8) (actual time=0.019..0.063 rows=418 loops=300)
2022-12-02 20:49:11 [P-13376] [MainThread] [parse_query_plan] [DEBUG] parse_query_plan.py[line:132] ['Index Scan', 'person_info_idx_pid', 'person_info pi']
2022-12-02 20:49:11 [P-13376] [MainThread] [parse_query_plan] [DEBUG] parse_query_plan.py[line:149] _do_IndexScan
2022-12-02 20:49:11 [P-13376] [MainThread] [parse_query_plan] [DEBUG] parse_query_plan.py[line:126] Index Scan using title_pkey on title t  (cost=0.43..4.74 rows=1 width=20) (actual time=0.001..0.001 rows=0 loops=29532)
2022-12-02 20:49:11 [P-13376] [MainThread] [parse_query_plan] [DEBUG] parse_query_plan.py[line:132] ['Index Scan', 'title_pkey', 'title t']
2022-12-02 20:49:11 [P-13376] [MainThread] [parse_query_plan] [DEBUG] parse_query_plan.py[line:149] _do_IndexScan
2022-12-02 20:49:11 [P-13376] [MainThread] [parse_query_plan] [DEBUG] parse_query_plan.py[line:126] Aggregate  (cost=1641.65..1641.66 rows=1 width=32) (actual time=1830.920..1830.922 rows=1 loops=1)
2022-12-02 20:49:11 [P-13376] [MainThread] [parse_query_plan] [DEBUG] parse_query_plan.py[line:132] ['Aggregate']
2022-12-02 20:49:11 [P-13376] [MainThread] [parse_query_plan] [DEBUG] parse_query_plan.py[line:149] _do_Aggregate
2022-12-02 20:49:11 [P-13376] [MainThread] [parse_query_plan] [DEBUG] parse_query_plan.py[line:126] Nested Loop  (cost=9.32..1641.64 rows=6 width=16) (actual time=18.700..1829.899 rows=2257 loops=1)
2022-12-02 20:49:11 [P-13376] [MainThread] [parse_query_plan] [DEBUG] parse_query_plan.py[line:132] ['Nested Loop']
2022-12-02 20:49:11 [P-13376] [MainThread] [parse_query_plan] [DEBUG] parse_query_plan.py[line:149] _do_NestedLoop
2022-12-02 20:49:11 [P-13376] [MainThread] [parse_query_plan] [DEBUG] parse_query_plan.py[line:126] Nested Loop  (cost=8.89..1638.70 rows=6 width=8) (actual time=9.322..1765.481 rows=12456 loops=1)
2022-12-02 20:49:11 [P-13376] [MainThread] [parse_query_plan] [DEBUG] parse_query_plan.py[line:132] ['Nested Loop']
2022-12-02 20:49:11 [P-13376] [MainThread] [parse_query_plan] [DEBUG] parse_query_plan.py[line:149] _do_NestedLoop
2022-12-02 20:49:11 [P-13376] [MainThread] [parse_query_plan] [DEBUG] parse_query_plan.py[line:126] Nested Loop  (cost=8.47..1557.78 rows=181 width=12) (actual time=4.861..1420.056 rows=190592 loops=1)
2022-12-02 20:49:11 [P-13376] [MainThread] [parse_query_plan] [DEBUG] parse_query_plan.py[line:132] ['Nested Loop']
2022-12-02 20:49:11 [P-13376] [MainThread] [parse_query_plan] [DEBUG] parse_query_plan.py[line:149] _do_NestedLoop
2022-12-02 20:49:11 [P-13376] [MainThread] [parse_query_plan] [DEBUG] parse_query_plan.py[line:126] Nested Loop  (cost=8.04..1537.90 rows=32 width=4) (actual time=4.597..791.284 rows=43721 loops=1)
2022-12-02 20:49:11 [P-13376] [MainThread] [parse_query_plan] [DEBUG] parse_query_plan.py[line:132] ['Nested Loop']
2022-12-02 20:49:11 [P-13376] [MainThread] [parse_query_plan] [DEBUG] parse_query_plan.py[line:149] _do_NestedLoop
2022-12-02 20:49:11 [P-13376] [MainThread] [parse_query_plan] [DEBUG] parse_query_plan.py[line:126] Index Scan using keyword_idx_keyword on keyword k  (cost=0.42..8.44 rows=1 width=4) (actual time=0.335..0.337 rows=1 loops=1)
2022-12-02 20:49:11 [P-13376] [MainThread] [parse_query_plan] [DEBUG] parse_query_plan.py[line:132] ['Index Scan', 'keyword_idx_keyword', 'keyword k']
2022-12-02 20:49:11 [P-13376] [MainThread] [parse_query_plan] [DEBUG] parse_query_plan.py[line:149] _do_IndexScan
2022-12-02 20:49:11 [P-13376] [MainThread] [parse_query_plan] [DEBUG] parse_query_plan.py[line:126] Bitmap Heap Scan on movie_keyword mk  (cost=7.62..1525.35 rows=411 width=8) (actual time=4.257..782.587 rows=43721 loops=1)
2022-12-02 20:49:11 [P-13376] [MainThread] [parse_query_plan] [DEBUG] parse_query_plan.py[line:132] ['Bitmap Heap Scan', 'movie_keyword mk']
2022-12-02 20:49:11 [P-13376] [MainThread] [parse_query_plan] [DEBUG] parse_query_plan.py[line:149] _do_BitMapHeapScan
2022-12-02 20:49:11 [P-13376] [MainThread] [parse_query_plan] [DEBUG] parse_query_plan.py[line:126] Bitmap Index Scan on movie_keyword_idx_keywordid  (cost=0.00..7.51 rows=411 width=0) (actual time=2.279..2.280 rows=43721 loops=1)
2022-12-02 20:49:11 [P-13376] [MainThread] [parse_query_plan] [DEBUG] parse_query_plan.py[line:132] ['Bitmap Index Scan', 'movie_keyword_idx_keywordid']
2022-12-02 20:49:11 [P-13376] [MainThread] [parse_query_plan] [DEBUG] parse_query_plan.py[line:149] _do_BitMapIndexScan
2022-12-02 20:49:11 [P-13376] [MainThread] [parse_query_plan] [DEBUG] parse_query_plan.py[line:126] Index Scan using movie_companies_idx_mid on movie_companies mc  (cost=0.43..0.56 rows=6 width=8) (actual time=0.009..0.014 rows=4 loops=43721)
2022-12-02 20:49:11 [P-13376] [MainThread] [parse_query_plan] [DEBUG] parse_query_plan.py[line:132] ['Index Scan', 'movie_companies_idx_mid', 'movie_companies mc']
2022-12-02 20:49:11 [P-13376] [MainThread] [parse_query_plan] [DEBUG] parse_query_plan.py[line:149] _do_IndexScan
2022-12-02 20:49:11 [P-13376] [MainThread] [parse_query_plan] [DEBUG] parse_query_plan.py[line:126] Index Scan using company_name_pkey on company_name cn  (cost=0.42..0.45 rows=1 width=4) (actual time=0.002..0.002 rows=0 loops=190592)
2022-12-02 20:49:11 [P-13376] [MainThread] [parse_query_plan] [DEBUG] parse_query_plan.py[line:132] ['Index Scan', 'company_name_pkey', 'company_name cn']
2022-12-02 20:49:11 [P-13376] [MainThread] [parse_query_plan] [DEBUG] parse_query_plan.py[line:149] _do_IndexScan
2022-12-02 20:49:11 [P-13376] [MainThread] [parse_query_plan] [DEBUG] parse_query_plan.py[line:126] Index Scan using title_pkey on title t  (cost=0.43..0.48 rows=1 width=20) (actual time=0.005..0.005 rows=0 loops=12456)
2022-12-02 20:49:11 [P-13376] [MainThread] [parse_query_plan] [DEBUG] parse_query_plan.py[line:132] ['Index Scan', 'title_pkey', 'title t']
2022-12-02 20:49:11 [P-13376] [MainThread] [parse_query_plan] [DEBUG] parse_query_plan.py[line:149] _do_IndexScan
2022-12-02 20:49:11 [P-13376] [MainThread] [parse_query_plan] [DEBUG] parse_query_plan.py[line:126] Aggregate  (cost=1639.68..1639.69 rows=1 width=32) (actual time=472.710..472.712 rows=1 loops=1)
2022-12-02 20:49:11 [P-13376] [MainThread] [parse_query_plan] [DEBUG] parse_query_plan.py[line:132] ['Aggregate']
2022-12-02 20:49:11 [P-13376] [MainThread] [parse_query_plan] [DEBUG] parse_query_plan.py[line:149] _do_Aggregate
2022-12-02 20:49:11 [P-13376] [MainThread] [parse_query_plan] [DEBUG] parse_query_plan.py[line:126] Nested Loop  (cost=9.32..1639.68 rows=2 width=16) (actual time=5.076..472.341 rows=1233 loops=1)
2022-12-02 20:49:11 [P-13376] [MainThread] [parse_query_plan] [DEBUG] parse_query_plan.py[line:132] ['Nested Loop']
2022-12-02 20:49:11 [P-13376] [MainThread] [parse_query_plan] [DEBUG] parse_query_plan.py[line:149] _do_NestedLoop
2022-12-02 20:49:11 [P-13376] [MainThread] [parse_query_plan] [DEBUG] parse_query_plan.py[line:126] Nested Loop  (cost=8.89..1638.70 rows=2 width=8) (actual time=4.572..440.327 rows=7063 loops=1)
2022-12-02 20:49:11 [P-13376] [MainThread] [parse_query_plan] [DEBUG] parse_query_plan.py[line:132] ['Nested Loop']
2022-12-02 20:49:11 [P-13376] [MainThread] [parse_query_plan] [DEBUG] parse_query_plan.py[line:149] _do_NestedLoop
2022-12-02 20:49:11 [P-13376] [MainThread] [parse_query_plan] [DEBUG] parse_query_plan.py[line:126] Nested Loop  (cost=8.47..1557.78 rows=181 width=12) (actual time=3.042..212.325 rows=190592 loops=1)
2022-12-02 20:49:11 [P-13376] [MainThread] [parse_query_plan] [DEBUG] parse_query_plan.py[line:132] ['Nested Loop']
2022-12-02 20:49:11 [P-13376] [MainThread] [parse_query_plan] [DEBUG] parse_query_plan.py[line:149] _do_NestedLoop
2022-12-02 20:49:11 [P-13376] [MainThread] [parse_query_plan] [DEBUG] parse_query_plan.py[line:126] Nested Loop  (cost=8.04..1537.90 rows=32 width=4) (actual time=3.019..66.811 rows=43721 loops=1)
2022-12-02 20:49:11 [P-13376] [MainThread] [parse_query_plan] [DEBUG] parse_query_plan.py[line:132] ['Nested Loop']
2022-12-02 20:49:11 [P-13376] [MainThread] [parse_query_plan] [DEBUG] parse_query_plan.py[line:149] _do_NestedLoop
2022-12-02 20:49:11 [P-13376] [MainThread] [parse_query_plan] [DEBUG] parse_query_plan.py[line:126] Index Scan using keyword_idx_keyword on keyword k  (cost=0.42..8.44 rows=1 width=4) (actual time=0.020..0.021 rows=1 loops=1)
2022-12-02 20:49:11 [P-13376] [MainThread] [parse_query_plan] [DEBUG] parse_query_plan.py[line:132] ['Index Scan', 'keyword_idx_keyword', 'keyword k']
2022-12-02 20:49:11 [P-13376] [MainThread] [parse_query_plan] [DEBUG] parse_query_plan.py[line:149] _do_IndexScan
2022-12-02 20:49:11 [P-13376] [MainThread] [parse_query_plan] [DEBUG] parse_query_plan.py[line:126] Bitmap Heap Scan on movie_keyword mk  (cost=7.62..1525.35 rows=411 width=8) (actual time=2.996..63.667 rows=43721 loops=1)
2022-12-02 20:49:11 [P-13376] [MainThread] [parse_query_plan] [DEBUG] parse_query_plan.py[line:132] ['Bitmap Heap Scan', 'movie_keyword mk']
2022-12-02 20:49:11 [P-13376] [MainThread] [parse_query_plan] [DEBUG] parse_query_plan.py[line:149] _do_BitMapHeapScan
2022-12-02 20:49:11 [P-13376] [MainThread] [parse_query_plan] [DEBUG] parse_query_plan.py[line:126] Bitmap Index Scan on movie_keyword_idx_keywordid  (cost=0.00..7.51 rows=411 width=0) (actual time=1.381..1.381 rows=43721 loops=1)
2022-12-02 20:49:11 [P-13376] [MainThread] [parse_query_plan] [DEBUG] parse_query_plan.py[line:132] ['Bitmap Index Scan', 'movie_keyword_idx_keywordid']
2022-12-02 20:49:11 [P-13376] [MainThread] [parse_query_plan] [DEBUG] parse_query_plan.py[line:149] _do_BitMapIndexScan
2022-12-02 20:49:11 [P-13376] [MainThread] [parse_query_plan] [DEBUG] parse_query_plan.py[line:126] Index Scan using movie_companies_idx_mid on movie_companies mc  (cost=0.43..0.56 rows=6 width=8) (actual time=0.002..0.003 rows=4 loops=43721)
2022-12-02 20:49:11 [P-13376] [MainThread] [parse_query_plan] [DEBUG] parse_query_plan.py[line:132] ['Index Scan', 'movie_companies_idx_mid', 'movie_companies mc']
2022-12-02 20:49:11 [P-13376] [MainThread] [parse_query_plan] [DEBUG] parse_query_plan.py[line:149] _do_IndexScan
2022-12-02 20:49:11 [P-13376] [MainThread] [parse_query_plan] [DEBUG] parse_query_plan.py[line:126] Index Scan using company_name_pkey on company_name cn  (cost=0.42..0.45 rows=1 width=4) (actual time=0.001..0.001 rows=0 loops=190592)
2022-12-02 20:49:11 [P-13376] [MainThread] [parse_query_plan] [DEBUG] parse_query_plan.py[line:132] ['Index Scan', 'company_name_pkey', 'company_name cn']
2022-12-02 20:49:11 [P-13376] [MainThread] [parse_query_plan] [DEBUG] parse_query_plan.py[line:149] _do_IndexScan
2022-12-02 20:49:11 [P-13376] [MainThread] [parse_query_plan] [DEBUG] parse_query_plan.py[line:126] Index Scan using title_pkey on title t  (cost=0.43..0.48 rows=1 width=20) (actual time=0.004..0.004 rows=0 loops=7063)
2022-12-02 20:49:11 [P-13376] [MainThread] [parse_query_plan] [DEBUG] parse_query_plan.py[line:132] ['Index Scan', 'title_pkey', 'title t']
2022-12-02 20:49:11 [P-13376] [MainThread] [parse_query_plan] [DEBUG] parse_query_plan.py[line:149] _do_IndexScan
2022-12-02 20:49:11 [P-13376] [MainThread] [parse_query_plan] [DEBUG] parse_query_plan.py[line:126] Aggregate  (cost=1639.19..1639.20 rows=1 width=32) (actual time=409.776..409.779 rows=1 loops=1)
2022-12-02 20:49:11 [P-13376] [MainThread] [parse_query_plan] [DEBUG] parse_query_plan.py[line:132] ['Aggregate']
2022-12-02 20:49:11 [P-13376] [MainThread] [parse_query_plan] [DEBUG] parse_query_plan.py[line:149] _do_Aggregate
2022-12-02 20:49:11 [P-13376] [MainThread] [parse_query_plan] [DEBUG] parse_query_plan.py[line:126] Nested Loop  (cost=9.32..1639.19 rows=1 width=16) (actual time=409.774..409.776 rows=0 loops=1)
2022-12-02 20:49:11 [P-13376] [MainThread] [parse_query_plan] [DEBUG] parse_query_plan.py[line:132] ['Nested Loop']
2022-12-02 20:49:11 [P-13376] [MainThread] [parse_query_plan] [DEBUG] parse_query_plan.py[line:149] _do_NestedLoop
2022-12-02 20:49:11 [P-13376] [MainThread] [parse_query_plan] [DEBUG] parse_query_plan.py[line:126] Nested Loop  (cost=8.89..1638.70 rows=1 width=8) (actual time=409.773..409.775 rows=0 loops=1)
2022-12-02 20:49:11 [P-13376] [MainThread] [parse_query_plan] [DEBUG] parse_query_plan.py[line:132] ['Nested Loop']
2022-12-02 20:49:11 [P-13376] [MainThread] [parse_query_plan] [DEBUG] parse_query_plan.py[line:149] _do_NestedLoop
2022-12-02 20:49:11 [P-13376] [MainThread] [parse_query_plan] [DEBUG] parse_query_plan.py[line:126] Nested Loop  (cost=8.47..1557.78 rows=181 width=12) (actual time=2.836..191.039 rows=190592 loops=1)
2022-12-02 20:49:11 [P-13376] [MainThread] [parse_query_plan] [DEBUG] parse_query_plan.py[line:132] ['Nested Loop']
2022-12-02 20:49:11 [P-13376] [MainThread] [parse_query_plan] [DEBUG] parse_query_plan.py[line:149] _do_NestedLoop
2022-12-02 20:49:11 [P-13376] [MainThread] [parse_query_plan] [DEBUG] parse_query_plan.py[line:126] Nested Loop  (cost=8.04..1537.90 rows=32 width=4) (actual time=2.815..62.951 rows=43721 loops=1)
2022-12-02 20:49:11 [P-13376] [MainThread] [parse_query_plan] [DEBUG] parse_query_plan.py[line:132] ['Nested Loop']
2022-12-02 20:49:11 [P-13376] [MainThread] [parse_query_plan] [DEBUG] parse_query_plan.py[line:149] _do_NestedLoop
2022-12-02 20:49:11 [P-13376] [MainThread] [parse_query_plan] [DEBUG] parse_query_plan.py[line:126] Index Scan using keyword_idx_keyword on keyword k  (cost=0.42..8.44 rows=1 width=4) (actual time=0.018..0.019 rows=1 loops=1)
2022-12-02 20:49:11 [P-13376] [MainThread] [parse_query_plan] [DEBUG] parse_query_plan.py[line:132] ['Index Scan', 'keyword_idx_keyword', 'keyword k']
2022-12-02 20:49:11 [P-13376] [MainThread] [parse_query_plan] [DEBUG] parse_query_plan.py[line:149] _do_IndexScan
2022-12-02 20:49:11 [P-13376] [MainThread] [parse_query_plan] [DEBUG] parse_query_plan.py[line:126] Bitmap Heap Scan on movie_keyword mk  (cost=7.62..1525.35 rows=411 width=8) (actual time=2.795..60.001 rows=43721 loops=1)
2022-12-02 20:49:11 [P-13376] [MainThread] [parse_query_plan] [DEBUG] parse_query_plan.py[line:132] ['Bitmap Heap Scan', 'movie_keyword mk']
2022-12-02 20:49:11 [P-13376] [MainThread] [parse_query_plan] [DEBUG] parse_query_plan.py[line:149] _do_BitMapHeapScan
2022-12-02 20:49:11 [P-13376] [MainThread] [parse_query_plan] [DEBUG] parse_query_plan.py[line:126] Bitmap Index Scan on movie_keyword_idx_keywordid  (cost=0.00..7.51 rows=411 width=0) (actual time=1.338..1.338 rows=43721 loops=1)
2022-12-02 20:49:11 [P-13376] [MainThread] [parse_query_plan] [DEBUG] parse_query_plan.py[line:132] ['Bitmap Index Scan', 'movie_keyword_idx_keywordid']
2022-12-02 20:49:11 [P-13376] [MainThread] [parse_query_plan] [DEBUG] parse_query_plan.py[line:149] _do_BitMapIndexScan
2022-12-02 20:49:11 [P-13376] [MainThread] [parse_query_plan] [DEBUG] parse_query_plan.py[line:126] Index Scan using movie_companies_idx_mid on movie_companies mc  (cost=0.43..0.56 rows=6 width=8) (actual time=0.002..0.003 rows=4 loops=43721)
2022-12-02 20:49:11 [P-13376] [MainThread] [parse_query_plan] [DEBUG] parse_query_plan.py[line:132] ['Index Scan', 'movie_companies_idx_mid', 'movie_companies mc']
2022-12-02 20:49:11 [P-13376] [MainThread] [parse_query_plan] [DEBUG] parse_query_plan.py[line:149] _do_IndexScan
2022-12-02 20:49:11 [P-13376] [MainThread] [parse_query_plan] [DEBUG] parse_query_plan.py[line:126] Index Scan using company_name_pkey on company_name cn  (cost=0.42..0.45 rows=1 width=4) (actual time=0.001..0.001 rows=0 loops=190592)
2022-12-02 20:49:11 [P-13376] [MainThread] [parse_query_plan] [DEBUG] parse_query_plan.py[line:132] ['Index Scan', 'company_name_pkey', 'company_name cn']
2022-12-02 20:49:11 [P-13376] [MainThread] [parse_query_plan] [DEBUG] parse_query_plan.py[line:149] _do_IndexScan
2022-12-02 20:49:11 [P-13376] [MainThread] [parse_query_plan] [DEBUG] parse_query_plan.py[line:126] Index Scan using title_pkey on title t  (cost=0.43..0.48 rows=1 width=20) (never executed)
2022-12-02 20:49:11 [P-13376] [MainThread] [parse_query_plan] [DEBUG] parse_query_plan.py[line:132] ['Index Scan', 'title_pkey', 'title t']
2022-12-02 20:49:11 [P-13376] [MainThread] [parse_query_plan] [DEBUG] parse_query_plan.py[line:149] _do_IndexScan
2022-12-02 20:49:11 [P-13376] [MainThread] [parse_query_plan] [DEBUG] parse_query_plan.py[line:126] Aggregate  (cost=1654.64..1654.65 rows=1 width=32) (actual time=579.859..579.861 rows=1 loops=1)
2022-12-02 20:49:11 [P-13376] [MainThread] [parse_query_plan] [DEBUG] parse_query_plan.py[line:132] ['Aggregate']
2022-12-02 20:49:11 [P-13376] [MainThread] [parse_query_plan] [DEBUG] parse_query_plan.py[line:149] _do_Aggregate
2022-12-02 20:49:11 [P-13376] [MainThread] [parse_query_plan] [DEBUG] parse_query_plan.py[line:126] Nested Loop  (cost=9.32..1654.47 rows=68 width=16) (actual time=3.626..576.520 rows=23759 loops=1)
2022-12-02 20:49:11 [P-13376] [MainThread] [parse_query_plan] [DEBUG] parse_query_plan.py[line:132] ['Nested Loop']
2022-12-02 20:49:11 [P-13376] [MainThread] [parse_query_plan] [DEBUG] parse_query_plan.py[line:149] _do_NestedLoop
2022-12-02 20:49:11 [P-13376] [MainThread] [parse_query_plan] [DEBUG] parse_query_plan.py[line:126] Nested Loop  (cost=8.90..1573.56 rows=181 width=20) (actual time=3.621..514.789 rows=47028 loops=1)
2022-12-02 20:49:11 [P-13376] [MainThread] [parse_query_plan] [DEBUG] parse_query_plan.py[line:132] ['Nested Loop']
2022-12-02 20:49:11 [P-13376] [MainThread] [parse_query_plan] [DEBUG] parse_query_plan.py[line:149] _do_NestedLoop
2022-12-02 20:49:11 [P-13376] [MainThread] [parse_query_plan] [DEBUG] parse_query_plan.py[line:126] Nested Loop  (cost=8.47..1553.19 rows=32 width=24) (actual time=3.611..458.013 rows=15818 loops=1)
2022-12-02 20:49:11 [P-13376] [MainThread] [parse_query_plan] [DEBUG] parse_query_plan.py[line:132] ['Nested Loop']
2022-12-02 20:49:11 [P-13376] [MainThread] [parse_query_plan] [DEBUG] parse_query_plan.py[line:149] _do_NestedLoop
2022-12-02 20:49:11 [P-13376] [MainThread] [parse_query_plan] [DEBUG] parse_query_plan.py[line:126] Nested Loop  (cost=8.04..1537.90 rows=32 width=4) (actual time=3.163..67.040 rows=43721 loops=1)
2022-12-02 20:49:11 [P-13376] [MainThread] [parse_query_plan] [DEBUG] parse_query_plan.py[line:132] ['Nested Loop']
2022-12-02 20:49:11 [P-13376] [MainThread] [parse_query_plan] [DEBUG] parse_query_plan.py[line:149] _do_NestedLoop
2022-12-02 20:49:11 [P-13376] [MainThread] [parse_query_plan] [DEBUG] parse_query_plan.py[line:126] Index Scan using keyword_idx_keyword on keyword k  (cost=0.42..8.44 rows=1 width=4) (actual time=0.017..0.018 rows=1 loops=1)
2022-12-02 20:49:11 [P-13376] [MainThread] [parse_query_plan] [DEBUG] parse_query_plan.py[line:132] ['Index Scan', 'keyword_idx_keyword', 'keyword k']
2022-12-02 20:49:11 [P-13376] [MainThread] [parse_query_plan] [DEBUG] parse_query_plan.py[line:149] _do_IndexScan
2022-12-02 20:49:11 [P-13376] [MainThread] [parse_query_plan] [DEBUG] parse_query_plan.py[line:126] Bitmap Heap Scan on movie_keyword mk  (cost=7.62..1525.35 rows=411 width=8) (actual time=3.142..63.777 rows=43721 loops=1)
2022-12-02 20:49:11 [P-13376] [MainThread] [parse_query_plan] [DEBUG] parse_query_plan.py[line:132] ['Bitmap Heap Scan', 'movie_keyword mk']
2022-12-02 20:49:11 [P-13376] [MainThread] [parse_query_plan] [DEBUG] parse_query_plan.py[line:149] _do_BitMapHeapScan
2022-12-02 20:49:11 [P-13376] [MainThread] [parse_query_plan] [DEBUG] parse_query_plan.py[line:126] Bitmap Index Scan on movie_keyword_idx_keywordid  (cost=0.00..7.51 rows=411 width=0) (actual time=1.736..1.736 rows=43721 loops=1)
2022-12-02 20:49:11 [P-13376] [MainThread] [parse_query_plan] [DEBUG] parse_query_plan.py[line:132] ['Bitmap Index Scan', 'movie_keyword_idx_keywordid']
2022-12-02 20:49:11 [P-13376] [MainThread] [parse_query_plan] [DEBUG] parse_query_plan.py[line:149] _do_BitMapIndexScan
2022-12-02 20:49:11 [P-13376] [MainThread] [parse_query_plan] [DEBUG] parse_query_plan.py[line:126] Index Scan using title_pkey on title t  (cost=0.43..0.48 rows=1 width=20) (actual time=0.009..0.009 rows=0 loops=43721)
2022-12-02 20:49:11 [P-13376] [MainThread] [parse_query_plan] [DEBUG] parse_query_plan.py[line:132] ['Index Scan', 'title_pkey', 'title t']
2022-12-02 20:49:11 [P-13376] [MainThread] [parse_query_plan] [DEBUG] parse_query_plan.py[line:149] _do_IndexScan
2022-12-02 20:49:11 [P-13376] [MainThread] [parse_query_plan] [DEBUG] parse_query_plan.py[line:126] Index Scan using movie_companies_idx_mid on movie_companies mc  (cost=0.43..0.56 rows=6 width=8) (actual time=0.002..0.003 rows=3 loops=15818)
2022-12-02 20:49:11 [P-13376] [MainThread] [parse_query_plan] [DEBUG] parse_query_plan.py[line:132] ['Index Scan', 'movie_companies_idx_mid', 'movie_companies mc']
2022-12-02 20:49:11 [P-13376] [MainThread] [parse_query_plan] [DEBUG] parse_query_plan.py[line:149] _do_IndexScan
2022-12-02 20:49:11 [P-13376] [MainThread] [parse_query_plan] [DEBUG] parse_query_plan.py[line:126] Index Scan using company_name_pkey on company_name cn  (cost=0.42..0.45 rows=1 width=4) (actual time=0.001..0.001 rows=1 loops=47028)
2022-12-02 20:49:11 [P-13376] [MainThread] [parse_query_plan] [DEBUG] parse_query_plan.py[line:132] ['Index Scan', 'company_name_pkey', 'company_name cn']
2022-12-02 20:49:11 [P-13376] [MainThread] [parse_query_plan] [DEBUG] parse_query_plan.py[line:149] _do_IndexScan
2022-12-02 20:49:11 [P-13376] [MainThread] [parse_query_plan] [DEBUG] parse_query_plan.py[line:126] Aggregate  (cost=259.21..259.22 rows=1 width=128) (actual time=0.016..0.017 rows=1 loops=1)
2022-12-02 20:49:11 [P-13376] [MainThread] [parse_query_plan] [DEBUG] parse_query_plan.py[line:132] ['Aggregate']
2022-12-02 20:49:11 [P-13376] [MainThread] [parse_query_plan] [DEBUG] parse_query_plan.py[line:149] _do_Aggregate
2022-12-02 20:49:11 [P-13376] [MainThread] [parse_query_plan] [DEBUG] parse_query_plan.py[line:126] Nested Loop  (cost=7.66..259.20 rows=1 width=106) (actual time=0.015..0.015 rows=0 loops=1)
2022-12-02 20:49:11 [P-13376] [MainThread] [parse_query_plan] [DEBUG] parse_query_plan.py[line:132] ['Nested Loop']
2022-12-02 20:49:11 [P-13376] [MainThread] [parse_query_plan] [DEBUG] parse_query_plan.py[line:149] _do_NestedLoop
2022-12-02 20:49:11 [P-13376] [MainThread] [parse_query_plan] [DEBUG] parse_query_plan.py[line:126] Nested Loop  (cost=7.22..255.10 rows=1 width=95) (actual time=0.014..0.015 rows=0 loops=1)
2022-12-02 20:49:11 [P-13376] [MainThread] [parse_query_plan] [DEBUG] parse_query_plan.py[line:132] ['Nested Loop']
2022-12-02 20:49:11 [P-13376] [MainThread] [parse_query_plan] [DEBUG] parse_query_plan.py[line:149] _do_NestedLoop
2022-12-02 20:49:11 [P-13376] [MainThread] [parse_query_plan] [DEBUG] parse_query_plan.py[line:126] Nested Loop  (cost=6.78..185.20 rows=1 width=111) (actual time=0.014..0.015 rows=0 loops=1)
2022-12-02 20:49:11 [P-13376] [MainThread] [parse_query_plan] [DEBUG] parse_query_plan.py[line:132] ['Nested Loop']
2022-12-02 20:49:11 [P-13376] [MainThread] [parse_query_plan] [DEBUG] parse_query_plan.py[line:149] _do_NestedLoop
2022-12-02 20:49:11 [P-13376] [MainThread] [parse_query_plan] [DEBUG] parse_query_plan.py[line:126] Nested Loop  (cost=6.35..177.22 rows=2 width=115) (actual time=0.014..0.015 rows=0 loops=1)
2022-12-02 20:49:11 [P-13376] [MainThread] [parse_query_plan] [DEBUG] parse_query_plan.py[line:132] ['Nested Loop']
2022-12-02 20:49:11 [P-13376] [MainThread] [parse_query_plan] [DEBUG] parse_query_plan.py[line:149] _do_NestedLoop
2022-12-02 20:49:11 [P-13376] [MainThread] [parse_query_plan] [DEBUG] parse_query_plan.py[line:126] Nested Loop  (cost=5.92..171.12 rows=1 width=107) (actual time=0.014..0.015 rows=0 loops=1)
2022-12-02 20:49:11 [P-13376] [MainThread] [parse_query_plan] [DEBUG] parse_query_plan.py[line:132] ['Nested Loop']
2022-12-02 20:49:11 [P-13376] [MainThread] [parse_query_plan] [DEBUG] parse_query_plan.py[line:149] _do_NestedLoop
2022-12-02 20:49:11 [P-13376] [MainThread] [parse_query_plan] [DEBUG] parse_query_plan.py[line:126] Nested Loop  (cost=5.78..170.93 rows=1 width=111) (actual time=0.014..0.015 rows=0 loops=1)
2022-12-02 20:49:11 [P-13376] [MainThread] [parse_query_plan] [DEBUG] parse_query_plan.py[line:132] ['Nested Loop']
2022-12-02 20:49:11 [P-13376] [MainThread] [parse_query_plan] [DEBUG] parse_query_plan.py[line:149] _do_NestedLoop
2022-12-02 20:49:11 [P-13376] [MainThread] [parse_query_plan] [DEBUG] parse_query_plan.py[line:126] Nested Loop  (cost=5.34..54.07 rows=1 width=60) (actual time=0.014..0.015 rows=0 loops=1)
2022-12-02 20:49:11 [P-13376] [MainThread] [parse_query_plan] [DEBUG] parse_query_plan.py[line:132] ['Nested Loop']
2022-12-02 20:49:11 [P-13376] [MainThread] [parse_query_plan] [DEBUG] parse_query_plan.py[line:149] _do_NestedLoop
2022-12-02 20:49:11 [P-13376] [MainThread] [parse_query_plan] [DEBUG] parse_query_plan.py[line:126] Nested Loop  (cost=5.19..51.89 rows=1 width=64) (actual time=0.014..0.015 rows=0 loops=1)
2022-12-02 20:49:11 [P-13376] [MainThread] [parse_query_plan] [DEBUG] parse_query_plan.py[line:132] ['Nested Loop']
2022-12-02 20:49:11 [P-13376] [MainThread] [parse_query_plan] [DEBUG] parse_query_plan.py[line:149] _do_NestedLoop
2022-12-02 20:49:11 [P-13376] [MainThread] [parse_query_plan] [DEBUG] parse_query_plan.py[line:126] Nested Loop  (cost=4.76..47.50 rows=1 width=44) (actual time=0.014..0.014 rows=0 loops=1)
2022-12-02 20:49:11 [P-13376] [MainThread] [parse_query_plan] [DEBUG] parse_query_plan.py[line:132] ['Nested Loop']
2022-12-02 20:49:11 [P-13376] [MainThread] [parse_query_plan] [DEBUG] parse_query_plan.py[line:149] _do_NestedLoop
2022-12-02 20:49:11 [P-13376] [MainThread] [parse_query_plan] [DEBUG] parse_query_plan.py[line:126] Nested Loop  (cost=4.60..42.64 rows=6 width=48) (actual time=0.014..0.014 rows=0 loops=1)
2022-12-02 20:49:11 [P-13376] [MainThread] [parse_query_plan] [DEBUG] parse_query_plan.py[line:132] ['Nested Loop']
2022-12-02 20:49:11 [P-13376] [MainThread] [parse_query_plan] [DEBUG] parse_query_plan.py[line:149] _do_NestedLoop
2022-12-02 20:49:11 [P-13376] [MainThread] [parse_query_plan] [DEBUG] parse_query_plan.py[line:126] Nested Loop  (cost=4.18..15.09 rows=4 width=36) (actual time=0.014..0.014 rows=0 loops=1)
2022-12-02 20:49:11 [P-13376] [MainThread] [parse_query_plan] [DEBUG] parse_query_plan.py[line:132] ['Nested Loop']
2022-12-02 20:49:11 [P-13376] [MainThread] [parse_query_plan] [DEBUG] parse_query_plan.py[line:149] _do_NestedLoop
2022-12-02 20:49:11 [P-13376] [MainThread] [parse_query_plan] [DEBUG] parse_query_plan.py[line:126] Seq Scan on info_type it2  (cost=0.00..2.41 rows=1 width=4) (actual time=0.009..0.009 rows=1 loops=1)
2022-12-02 20:49:11 [P-13376] [MainThread] [parse_query_plan] [DEBUG] parse_query_plan.py[line:132] ['Seq Scan', 'info_type it2']
2022-12-02 20:49:11 [P-13376] [MainThread] [parse_query_plan] [DEBUG] parse_query_plan.py[line:149] _do_SeqScan
2022-12-02 20:49:11 [P-13376] [MainThread] [parse_query_plan] [DEBUG] parse_query_plan.py[line:126] Bitmap Heap Scan on movie_info_idx mi_idx  (cost=4.18..12.64 rows=4 width=40) (actual time=0.003..0.003 rows=0 loops=1)
2022-12-02 20:49:11 [P-13376] [MainThread] [parse_query_plan] [DEBUG] parse_query_plan.py[line:132] ['Bitmap Heap Scan', 'movie_info_idx mi_idx']
2022-12-02 20:49:11 [P-13376] [MainThread] [parse_query_plan] [DEBUG] parse_query_plan.py[line:149] _do_BitMapHeapScan
2022-12-02 20:49:11 [P-13376] [MainThread] [parse_query_plan] [DEBUG] parse_query_plan.py[line:126] Bitmap Index Scan on info_type_id_movie_info_idx  (cost=0.00..4.18 rows=4 width=0) (actual time=0.002..0.002 rows=0 loops=1)
2022-12-02 20:49:11 [P-13376] [MainThread] [parse_query_plan] [DEBUG] parse_query_plan.py[line:132] ['Bitmap Index Scan', 'info_type_id_movie_info_idx']
2022-12-02 20:49:11 [P-13376] [MainThread] [parse_query_plan] [DEBUG] parse_query_plan.py[line:149] _do_BitMapIndexScan
2022-12-02 20:49:11 [P-13376] [MainThread] [parse_query_plan] [DEBUG] parse_query_plan.py[line:126] Index Scan using complete_cast_idx_mid on complete_cast cc  (cost=0.42..6.87 rows=2 width=12) (never executed)
2022-12-02 20:49:11 [P-13376] [MainThread] [parse_query_plan] [DEBUG] parse_query_plan.py[line:132] ['Index Scan', 'complete_cast_idx_mid', 'complete_cast cc']
2022-12-02 20:49:11 [P-13376] [MainThread] [parse_query_plan] [DEBUG] parse_query_plan.py[line:149] _do_IndexScan
2022-12-02 20:49:11 [P-13376] [MainThread] [parse_query_plan] [DEBUG] parse_query_plan.py[line:126] Memoize  (cost=0.16..1.78 rows=1 width=4) (never executed)
2022-12-02 20:49:11 [P-13376] [MainThread] [parse_query_plan] [DEBUG] parse_query_plan.py[line:132] ['Memoize']
2022-12-02 20:49:11 [P-13376] [MainThread] [parse_query_plan] [DEBUG] parse_query_plan.py[line:149] _do_Memorize
2022-12-02 20:49:11 [P-13376] [MainThread] [parse_query_plan] [DEBUG] parse_query_plan.py[line:126] Index Scan using comp_cast_type_pkey on comp_cast_type cct2  (cost=0.15..1.77 rows=1 width=4) (never executed)
2022-12-02 20:49:11 [P-13376] [MainThread] [parse_query_plan] [DEBUG] parse_query_plan.py[line:132] ['Index Scan', 'comp_cast_type_pkey', 'comp_cast_type cct2']
2022-12-02 20:49:11 [P-13376] [MainThread] [parse_query_plan] [DEBUG] parse_query_plan.py[line:149] _do_IndexScan
2022-12-02 20:49:11 [P-13376] [MainThread] [parse_query_plan] [DEBUG] parse_query_plan.py[line:126] Index Scan using title_pkey on title t  (cost=0.43..4.37 rows=1 width=20) (never executed)
2022-12-02 20:49:11 [P-13376] [MainThread] [parse_query_plan] [DEBUG] parse_query_plan.py[line:132] ['Index Scan', 'title_pkey', 'title t']
2022-12-02 20:49:11 [P-13376] [MainThread] [parse_query_plan] [DEBUG] parse_query_plan.py[line:149] _do_IndexScan
2022-12-02 20:49:11 [P-13376] [MainThread] [parse_query_plan] [DEBUG] parse_query_plan.py[line:126] Index Scan using comp_cast_type_pkey on comp_cast_type cct1  (cost=0.15..1.77 rows=1 width=4) (never executed)
2022-12-02 20:49:11 [P-13376] [MainThread] [parse_query_plan] [DEBUG] parse_query_plan.py[line:132] ['Index Scan', 'comp_cast_type_pkey', 'comp_cast_type cct1']
2022-12-02 20:49:11 [P-13376] [MainThread] [parse_query_plan] [DEBUG] parse_query_plan.py[line:149] _do_IndexScan
2022-12-02 20:49:11 [P-13376] [MainThread] [parse_query_plan] [DEBUG] parse_query_plan.py[line:183] <re.Match object; span=(0, 42), match="(kind)::text = ANY ('{cast,crew}'::text[])">
2022-12-02 20:49:11 [P-13376] [MainThread] [parse_query_plan] [DEBUG] parse_query_plan.py[line:126] Index Scan using movie_info_idx_mid on movie_info mi  (cost=0.44..116.86 rows=1 width=51) (never executed)
2022-12-02 20:49:11 [P-13376] [MainThread] [parse_query_plan] [DEBUG] parse_query_plan.py[line:132] ['Index Scan', 'movie_info_idx_mid', 'movie_info mi']
2022-12-02 20:49:11 [P-13376] [MainThread] [parse_query_plan] [DEBUG] parse_query_plan.py[line:149] _do_IndexScan
2022-12-02 20:49:11 [P-13376] [MainThread] [parse_query_plan] [DEBUG] parse_query_plan.py[line:183] <re.Match object; span=(0, 40), match="info = ANY ('{Horror,Thriller}'::text[])">
2022-12-02 20:49:11 [P-13376] [MainThread] [parse_query_plan] [DEBUG] parse_query_plan.py[line:126] Index Scan using info_type_pkey on info_type it1  (cost=0.14..0.16 rows=1 width=4) (never executed)
2022-12-02 20:49:11 [P-13376] [MainThread] [parse_query_plan] [DEBUG] parse_query_plan.py[line:132] ['Index Scan', 'info_type_pkey', 'info_type it1']
2022-12-02 20:49:11 [P-13376] [MainThread] [parse_query_plan] [DEBUG] parse_query_plan.py[line:149] _do_IndexScan
2022-12-02 20:49:11 [P-13376] [MainThread] [parse_query_plan] [DEBUG] parse_query_plan.py[line:126] Index Scan using movie_keyword_idx_mid on movie_keyword mk  (cost=0.43..5.47 rows=63 width=8) (never executed)
2022-12-02 20:49:11 [P-13376] [MainThread] [parse_query_plan] [DEBUG] parse_query_plan.py[line:132] ['Index Scan', 'movie_keyword_idx_mid', 'movie_keyword mk']
2022-12-02 20:49:11 [P-13376] [MainThread] [parse_query_plan] [DEBUG] parse_query_plan.py[line:149] _do_IndexScan
2022-12-02 20:49:11 [P-13376] [MainThread] [parse_query_plan] [DEBUG] parse_query_plan.py[line:126] Memoize  (cost=0.43..3.98 rows=1 width=4) (never executed)
2022-12-02 20:49:11 [P-13376] [MainThread] [parse_query_plan] [DEBUG] parse_query_plan.py[line:132] ['Memoize']
2022-12-02 20:49:11 [P-13376] [MainThread] [parse_query_plan] [DEBUG] parse_query_plan.py[line:149] _do_Memorize
2022-12-02 20:49:11 [P-13376] [MainThread] [parse_query_plan] [DEBUG] parse_query_plan.py[line:126] Index Scan using keyword_pkey on keyword k  (cost=0.42..3.97 rows=1 width=4) (never executed)
2022-12-02 20:49:11 [P-13376] [MainThread] [parse_query_plan] [DEBUG] parse_query_plan.py[line:132] ['Index Scan', 'keyword_pkey', 'keyword k']
2022-12-02 20:49:11 [P-13376] [MainThread] [parse_query_plan] [DEBUG] parse_query_plan.py[line:149] _do_IndexScan
2022-12-02 20:49:11 [P-13376] [MainThread] [parse_query_plan] [DEBUG] parse_query_plan.py[line:183] <re.Match object; span=(0, 83), match="keyword = ANY ('{murder,violence,blood,gore,death>
2022-12-02 20:49:11 [P-13376] [MainThread] [parse_query_plan] [DEBUG] parse_query_plan.py[line:126] Index Scan using cast_info_idx_mid on cast_info ci  (cost=0.44..69.89 rows=1 width=8) (never executed)
2022-12-02 20:49:11 [P-13376] [MainThread] [parse_query_plan] [DEBUG] parse_query_plan.py[line:132] ['Index Scan', 'cast_info_idx_mid', 'cast_info ci']
2022-12-02 20:49:11 [P-13376] [MainThread] [parse_query_plan] [DEBUG] parse_query_plan.py[line:149] _do_IndexScan
2022-12-02 20:49:11 [P-13376] [MainThread] [parse_query_plan] [DEBUG] parse_query_plan.py[line:183] <re.Match object; span=(0, 89), match='note = ANY (\'{(writer),"(head writer)","(written>
2022-12-02 20:49:11 [P-13376] [MainThread] [parse_query_plan] [DEBUG] parse_query_plan.py[line:126] Index Scan using name_pkey on name n  (cost=0.43..4.10 rows=1 width=19) (never executed)
2022-12-02 20:49:11 [P-13376] [MainThread] [parse_query_plan] [DEBUG] parse_query_plan.py[line:132] ['Index Scan', 'name_pkey', 'name n']
2022-12-02 20:49:11 [P-13376] [MainThread] [parse_query_plan] [DEBUG] parse_query_plan.py[line:149] _do_IndexScan
2022-12-02 20:49:11 [P-13376] [MainThread] [parse_query_plan] [DEBUG] parse_query_plan.py[line:126] Aggregate  (cost=259.57..259.58 rows=1 width=128) (actual time=0.014..0.015 rows=1 loops=1)
2022-12-02 20:49:11 [P-13376] [MainThread] [parse_query_plan] [DEBUG] parse_query_plan.py[line:132] ['Aggregate']
2022-12-02 20:49:11 [P-13376] [MainThread] [parse_query_plan] [DEBUG] parse_query_plan.py[line:149] _do_Aggregate
2022-12-02 20:49:11 [P-13376] [MainThread] [parse_query_plan] [DEBUG] parse_query_plan.py[line:126] Nested Loop  (cost=7.66..259.56 rows=1 width=106) (actual time=0.013..0.014 rows=0 loops=1)
2022-12-02 20:49:11 [P-13376] [MainThread] [parse_query_plan] [DEBUG] parse_query_plan.py[line:132] ['Nested Loop']
2022-12-02 20:49:11 [P-13376] [MainThread] [parse_query_plan] [DEBUG] parse_query_plan.py[line:149] _do_NestedLoop
2022-12-02 20:49:11 [P-13376] [MainThread] [parse_query_plan] [DEBUG] parse_query_plan.py[line:126] Nested Loop  (cost=7.22..255.47 rows=1 width=95) (actual time=0.013..0.014 rows=0 loops=1)
2022-12-02 20:49:11 [P-13376] [MainThread] [parse_query_plan] [DEBUG] parse_query_plan.py[line:132] ['Nested Loop']
2022-12-02 20:49:11 [P-13376] [MainThread] [parse_query_plan] [DEBUG] parse_query_plan.py[line:149] _do_NestedLoop
2022-12-02 20:49:11 [P-13376] [MainThread] [parse_query_plan] [DEBUG] parse_query_plan.py[line:126] Nested Loop  (cost=6.78..185.56 rows=1 width=111) (actual time=0.013..0.013 rows=0 loops=1)
2022-12-02 20:49:11 [P-13376] [MainThread] [parse_query_plan] [DEBUG] parse_query_plan.py[line:132] ['Nested Loop']
2022-12-02 20:49:11 [P-13376] [MainThread] [parse_query_plan] [DEBUG] parse_query_plan.py[line:149] _do_NestedLoop
2022-12-02 20:49:11 [P-13376] [MainThread] [parse_query_plan] [DEBUG] parse_query_plan.py[line:126] Nested Loop  (cost=6.64..185.38 rows=1 width=115) (actual time=0.013..0.013 rows=0 loops=1)
2022-12-02 20:49:11 [P-13376] [MainThread] [parse_query_plan] [DEBUG] parse_query_plan.py[line:132] ['Nested Loop']
2022-12-02 20:49:11 [P-13376] [MainThread] [parse_query_plan] [DEBUG] parse_query_plan.py[line:149] _do_NestedLoop
2022-12-02 20:49:11 [P-13376] [MainThread] [parse_query_plan] [DEBUG] parse_query_plan.py[line:126] Nested Loop  (cost=6.20..68.60 rows=1 width=64) (actual time=0.012..0.013 rows=0 loops=1)
2022-12-02 20:49:11 [P-13376] [MainThread] [parse_query_plan] [DEBUG] parse_query_plan.py[line:132] ['Nested Loop']
2022-12-02 20:49:11 [P-13376] [MainThread] [parse_query_plan] [DEBUG] parse_query_plan.py[line:149] _do_NestedLoop
2022-12-02 20:49:11 [P-13376] [MainThread] [parse_query_plan] [DEBUG] parse_query_plan.py[line:126] Nested Loop  (cost=5.77..60.62 rows=2 width=68) (actual time=0.012..0.013 rows=0 loops=1)
2022-12-02 20:49:11 [P-13376] [MainThread] [parse_query_plan] [DEBUG] parse_query_plan.py[line:132] ['Nested Loop']
2022-12-02 20:49:11 [P-13376] [MainThread] [parse_query_plan] [DEBUG] parse_query_plan.py[line:149] _do_NestedLoop
2022-12-02 20:49:11 [P-13376] [MainThread] [parse_query_plan] [DEBUG] parse_query_plan.py[line:126] Nested Loop  (cost=5.34..54.07 rows=1 width=60) (actual time=0.012..0.013 rows=0 loops=1)
2022-12-02 20:49:11 [P-13376] [MainThread] [parse_query_plan] [DEBUG] parse_query_plan.py[line:132] ['Nested Loop']
2022-12-02 20:49:11 [P-13376] [MainThread] [parse_query_plan] [DEBUG] parse_query_plan.py[line:149] _do_NestedLoop
2022-12-02 20:49:11 [P-13376] [MainThread] [parse_query_plan] [DEBUG] parse_query_plan.py[line:126] Nested Loop  (cost=4.91..49.68 rows=1 width=40) (actual time=0.012..0.013 rows=0 loops=1)
2022-12-02 20:49:11 [P-13376] [MainThread] [parse_query_plan] [DEBUG] parse_query_plan.py[line:132] ['Nested Loop']
2022-12-02 20:49:11 [P-13376] [MainThread] [parse_query_plan] [DEBUG] parse_query_plan.py[line:149] _do_NestedLoop
2022-12-02 20:49:11 [P-13376] [MainThread] [parse_query_plan] [DEBUG] parse_query_plan.py[line:126] Nested Loop  (cost=4.76..47.50 rows=1 width=44) (actual time=0.012..0.013 rows=0 loops=1)
2022-12-02 20:49:11 [P-13376] [MainThread] [parse_query_plan] [DEBUG] parse_query_plan.py[line:132] ['Nested Loop']
2022-12-02 20:49:11 [P-13376] [MainThread] [parse_query_plan] [DEBUG] parse_query_plan.py[line:149] _do_NestedLoop
2022-12-02 20:49:11 [P-13376] [MainThread] [parse_query_plan] [DEBUG] parse_query_plan.py[line:126] Nested Loop  (cost=4.60..42.64 rows=6 width=48) (actual time=0.012..0.013 rows=0 loops=1)
2022-12-02 20:49:11 [P-13376] [MainThread] [parse_query_plan] [DEBUG] parse_query_plan.py[line:132] ['Nested Loop']
2022-12-02 20:49:11 [P-13376] [MainThread] [parse_query_plan] [DEBUG] parse_query_plan.py[line:149] _do_NestedLoop
2022-12-02 20:49:11 [P-13376] [MainThread] [parse_query_plan] [DEBUG] parse_query_plan.py[line:126] Nested Loop  (cost=4.18..15.09 rows=4 width=36) (actual time=0.012..0.012 rows=0 loops=1)
2022-12-02 20:49:11 [P-13376] [MainThread] [parse_query_plan] [DEBUG] parse_query_plan.py[line:132] ['Nested Loop']
2022-12-02 20:49:11 [P-13376] [MainThread] [parse_query_plan] [DEBUG] parse_query_plan.py[line:149] _do_NestedLoop
2022-12-02 20:49:11 [P-13376] [MainThread] [parse_query_plan] [DEBUG] parse_query_plan.py[line:126] Seq Scan on info_type it2  (cost=0.00..2.41 rows=1 width=4) (actual time=0.008..0.009 rows=1 loops=1)
2022-12-02 20:49:11 [P-13376] [MainThread] [parse_query_plan] [DEBUG] parse_query_plan.py[line:132] ['Seq Scan', 'info_type it2']
2022-12-02 20:49:11 [P-13376] [MainThread] [parse_query_plan] [DEBUG] parse_query_plan.py[line:149] _do_SeqScan
2022-12-02 20:49:11 [P-13376] [MainThread] [parse_query_plan] [DEBUG] parse_query_plan.py[line:126] Bitmap Heap Scan on movie_info_idx mi_idx  (cost=4.18..12.64 rows=4 width=40) (actual time=0.002..0.002 rows=0 loops=1)
2022-12-02 20:49:11 [P-13376] [MainThread] [parse_query_plan] [DEBUG] parse_query_plan.py[line:132] ['Bitmap Heap Scan', 'movie_info_idx mi_idx']
2022-12-02 20:49:11 [P-13376] [MainThread] [parse_query_plan] [DEBUG] parse_query_plan.py[line:149] _do_BitMapHeapScan
2022-12-02 20:49:11 [P-13376] [MainThread] [parse_query_plan] [DEBUG] parse_query_plan.py[line:126] Bitmap Index Scan on info_type_id_movie_info_idx  (cost=0.00..4.18 rows=4 width=0) (actual time=0.001..0.001 rows=0 loops=1)
2022-12-02 20:49:11 [P-13376] [MainThread] [parse_query_plan] [DEBUG] parse_query_plan.py[line:132] ['Bitmap Index Scan', 'info_type_id_movie_info_idx']
2022-12-02 20:49:11 [P-13376] [MainThread] [parse_query_plan] [DEBUG] parse_query_plan.py[line:149] _do_BitMapIndexScan
2022-12-02 20:49:11 [P-13376] [MainThread] [parse_query_plan] [DEBUG] parse_query_plan.py[line:126] Index Scan using complete_cast_idx_mid on complete_cast cc  (cost=0.42..6.87 rows=2 width=12) (never executed)
2022-12-02 20:49:11 [P-13376] [MainThread] [parse_query_plan] [DEBUG] parse_query_plan.py[line:132] ['Index Scan', 'complete_cast_idx_mid', 'complete_cast cc']
2022-12-02 20:49:11 [P-13376] [MainThread] [parse_query_plan] [DEBUG] parse_query_plan.py[line:149] _do_IndexScan
2022-12-02 20:49:11 [P-13376] [MainThread] [parse_query_plan] [DEBUG] parse_query_plan.py[line:126] Memoize  (cost=0.16..1.78 rows=1 width=4) (never executed)
2022-12-02 20:49:11 [P-13376] [MainThread] [parse_query_plan] [DEBUG] parse_query_plan.py[line:132] ['Memoize']
2022-12-02 20:49:11 [P-13376] [MainThread] [parse_query_plan] [DEBUG] parse_query_plan.py[line:149] _do_Memorize
2022-12-02 20:49:11 [P-13376] [MainThread] [parse_query_plan] [DEBUG] parse_query_plan.py[line:126] Index Scan using comp_cast_type_pkey on comp_cast_type cct2  (cost=0.15..1.77 rows=1 width=4) (never executed)
2022-12-02 20:49:11 [P-13376] [MainThread] [parse_query_plan] [DEBUG] parse_query_plan.py[line:132] ['Index Scan', 'comp_cast_type_pkey', 'comp_cast_type cct2']
2022-12-02 20:49:11 [P-13376] [MainThread] [parse_query_plan] [DEBUG] parse_query_plan.py[line:149] _do_IndexScan
2022-12-02 20:49:11 [P-13376] [MainThread] [parse_query_plan] [DEBUG] parse_query_plan.py[line:126] Index Scan using comp_cast_type_pkey on comp_cast_type cct1  (cost=0.15..1.77 rows=1 width=4) (never executed)
2022-12-02 20:49:11 [P-13376] [MainThread] [parse_query_plan] [DEBUG] parse_query_plan.py[line:132] ['Index Scan', 'comp_cast_type_pkey', 'comp_cast_type cct1']
2022-12-02 20:49:11 [P-13376] [MainThread] [parse_query_plan] [DEBUG] parse_query_plan.py[line:149] _do_IndexScan
2022-12-02 20:49:11 [P-13376] [MainThread] [parse_query_plan] [DEBUG] parse_query_plan.py[line:183] <re.Match object; span=(0, 42), match="(kind)::text = ANY ('{cast,crew}'::text[])">
2022-12-02 20:49:11 [P-13376] [MainThread] [parse_query_plan] [DEBUG] parse_query_plan.py[line:126] Index Scan using title_pkey on title t  (cost=0.43..4.38 rows=1 width=20) (never executed)
2022-12-02 20:49:11 [P-13376] [MainThread] [parse_query_plan] [DEBUG] parse_query_plan.py[line:132] ['Index Scan', 'title_pkey', 'title t']
2022-12-02 20:49:11 [P-13376] [MainThread] [parse_query_plan] [DEBUG] parse_query_plan.py[line:149] _do_IndexScan
2022-12-02 20:49:11 [P-13376] [MainThread] [parse_query_plan] [DEBUG] parse_query_plan.py[line:126] Index Scan using movie_keyword_idx_mid on movie_keyword mk  (cost=0.43..5.76 rows=63 width=8) (never executed)
2022-12-02 20:49:11 [P-13376] [MainThread] [parse_query_plan] [DEBUG] parse_query_plan.py[line:132] ['Index Scan', 'movie_keyword_idx_mid', 'movie_keyword mk']
2022-12-02 20:49:11 [P-13376] [MainThread] [parse_query_plan] [DEBUG] parse_query_plan.py[line:149] _do_IndexScan
2022-12-02 20:49:11 [P-13376] [MainThread] [parse_query_plan] [DEBUG] parse_query_plan.py[line:126] Memoize  (cost=0.43..3.98 rows=1 width=4) (never executed)
2022-12-02 20:49:11 [P-13376] [MainThread] [parse_query_plan] [DEBUG] parse_query_plan.py[line:132] ['Memoize']
2022-12-02 20:49:11 [P-13376] [MainThread] [parse_query_plan] [DEBUG] parse_query_plan.py[line:149] _do_Memorize
2022-12-02 20:49:11 [P-13376] [MainThread] [parse_query_plan] [DEBUG] parse_query_plan.py[line:126] Index Scan using keyword_pkey on keyword k  (cost=0.42..3.97 rows=1 width=4) (never executed)
2022-12-02 20:49:11 [P-13376] [MainThread] [parse_query_plan] [DEBUG] parse_query_plan.py[line:132] ['Index Scan', 'keyword_pkey', 'keyword k']
2022-12-02 20:49:11 [P-13376] [MainThread] [parse_query_plan] [DEBUG] parse_query_plan.py[line:149] _do_IndexScan
2022-12-02 20:49:11 [P-13376] [MainThread] [parse_query_plan] [DEBUG] parse_query_plan.py[line:183] <re.Match object; span=(0, 83), match="keyword = ANY ('{murder,violence,blood,gore,death>
2022-12-02 20:49:11 [P-13376] [MainThread] [parse_query_plan] [DEBUG] parse_query_plan.py[line:126] Index Scan using movie_info_idx_mid on movie_info mi  (cost=0.44..116.77 rows=1 width=51) (never executed)
2022-12-02 20:49:11 [P-13376] [MainThread] [parse_query_plan] [DEBUG] parse_query_plan.py[line:132] ['Index Scan', 'movie_info_idx_mid', 'movie_info mi']
2022-12-02 20:49:11 [P-13376] [MainThread] [parse_query_plan] [DEBUG] parse_query_plan.py[line:149] _do_IndexScan
2022-12-02 20:49:11 [P-13376] [MainThread] [parse_query_plan] [DEBUG] parse_query_plan.py[line:183] <re.Match object; span=(0, 40), match="info = ANY ('{Horror,Thriller}'::text[])">
2022-12-02 20:49:11 [P-13376] [MainThread] [parse_query_plan] [DEBUG] parse_query_plan.py[line:126] Index Scan using info_type_pkey on info_type it1  (cost=0.14..0.16 rows=1 width=4) (never executed)
2022-12-02 20:49:11 [P-13376] [MainThread] [parse_query_plan] [DEBUG] parse_query_plan.py[line:132] ['Index Scan', 'info_type_pkey', 'info_type it1']
2022-12-02 20:49:11 [P-13376] [MainThread] [parse_query_plan] [DEBUG] parse_query_plan.py[line:149] _do_IndexScan
2022-12-02 20:49:11 [P-13376] [MainThread] [parse_query_plan] [DEBUG] parse_query_plan.py[line:126] Index Scan using cast_info_idx_mid on cast_info ci  (cost=0.44..69.89 rows=1 width=8) (never executed)
2022-12-02 20:49:11 [P-13376] [MainThread] [parse_query_plan] [DEBUG] parse_query_plan.py[line:132] ['Index Scan', 'cast_info_idx_mid', 'cast_info ci']
2022-12-02 20:49:11 [P-13376] [MainThread] [parse_query_plan] [DEBUG] parse_query_plan.py[line:149] _do_IndexScan
2022-12-02 20:49:11 [P-13376] [MainThread] [parse_query_plan] [DEBUG] parse_query_plan.py[line:183] <re.Match object; span=(0, 89), match='note = ANY (\'{(writer),"(head writer)","(written>
2022-12-02 20:49:11 [P-13376] [MainThread] [parse_query_plan] [DEBUG] parse_query_plan.py[line:126] Index Scan using name_pkey on name n  (cost=0.43..4.10 rows=1 width=19) (never executed)
2022-12-02 20:49:11 [P-13376] [MainThread] [parse_query_plan] [DEBUG] parse_query_plan.py[line:132] ['Index Scan', 'name_pkey', 'name n']
2022-12-02 20:49:11 [P-13376] [MainThread] [parse_query_plan] [DEBUG] parse_query_plan.py[line:149] _do_IndexScan
2022-12-02 20:49:11 [P-13376] [MainThread] [parse_query_plan] [DEBUG] parse_query_plan.py[line:126] Aggregate  (cost=259.71..259.72 rows=1 width=128) (actual time=0.013..0.014 rows=1 loops=1)
2022-12-02 20:49:11 [P-13376] [MainThread] [parse_query_plan] [DEBUG] parse_query_plan.py[line:132] ['Aggregate']
2022-12-02 20:49:11 [P-13376] [MainThread] [parse_query_plan] [DEBUG] parse_query_plan.py[line:149] _do_Aggregate
2022-12-02 20:49:11 [P-13376] [MainThread] [parse_query_plan] [DEBUG] parse_query_plan.py[line:126] Nested Loop  (cost=7.66..259.70 rows=1 width=106) (actual time=0.012..0.013 rows=0 loops=1)
2022-12-02 20:49:11 [P-13376] [MainThread] [parse_query_plan] [DEBUG] parse_query_plan.py[line:132] ['Nested Loop']
2022-12-02 20:49:11 [P-13376] [MainThread] [parse_query_plan] [DEBUG] parse_query_plan.py[line:149] _do_NestedLoop
2022-12-02 20:49:11 [P-13376] [MainThread] [parse_query_plan] [DEBUG] parse_query_plan.py[line:126] Nested Loop  (cost=7.22..255.60 rows=1 width=95) (actual time=0.012..0.013 rows=0 loops=1)
2022-12-02 20:49:11 [P-13376] [MainThread] [parse_query_plan] [DEBUG] parse_query_plan.py[line:132] ['Nested Loop']
2022-12-02 20:49:11 [P-13376] [MainThread] [parse_query_plan] [DEBUG] parse_query_plan.py[line:149] _do_NestedLoop
2022-12-02 20:49:11 [P-13376] [MainThread] [parse_query_plan] [DEBUG] parse_query_plan.py[line:126] Nested Loop  (cost=6.78..185.70 rows=1 width=111) (actual time=0.012..0.013 rows=0 loops=1)
2022-12-02 20:49:11 [P-13376] [MainThread] [parse_query_plan] [DEBUG] parse_query_plan.py[line:132] ['Nested Loop']
2022-12-02 20:49:11 [P-13376] [MainThread] [parse_query_plan] [DEBUG] parse_query_plan.py[line:149] _do_NestedLoop
2022-12-02 20:49:11 [P-13376] [MainThread] [parse_query_plan] [DEBUG] parse_query_plan.py[line:126] Nested Loop  (cost=6.35..177.72 rows=2 width=115) (actual time=0.012..0.012 rows=0 loops=1)
2022-12-02 20:49:11 [P-13376] [MainThread] [parse_query_plan] [DEBUG] parse_query_plan.py[line:132] ['Nested Loop']
2022-12-02 20:49:11 [P-13376] [MainThread] [parse_query_plan] [DEBUG] parse_query_plan.py[line:149] _do_NestedLoop
2022-12-02 20:49:11 [P-13376] [MainThread] [parse_query_plan] [DEBUG] parse_query_plan.py[line:126] Nested Loop  (cost=5.92..171.62 rows=1 width=107) (actual time=0.012..0.012 rows=0 loops=1)
2022-12-02 20:49:11 [P-13376] [MainThread] [parse_query_plan] [DEBUG] parse_query_plan.py[line:132] ['Nested Loop']
2022-12-02 20:49:11 [P-13376] [MainThread] [parse_query_plan] [DEBUG] parse_query_plan.py[line:149] _do_NestedLoop
2022-12-02 20:49:11 [P-13376] [MainThread] [parse_query_plan] [DEBUG] parse_query_plan.py[line:126] Nested Loop  (cost=5.78..171.44 rows=1 width=111) (actual time=0.012..0.012 rows=0 loops=1)
2022-12-02 20:49:11 [P-13376] [MainThread] [parse_query_plan] [DEBUG] parse_query_plan.py[line:132] ['Nested Loop']
2022-12-02 20:49:11 [P-13376] [MainThread] [parse_query_plan] [DEBUG] parse_query_plan.py[line:149] _do_NestedLoop
2022-12-02 20:49:11 [P-13376] [MainThread] [parse_query_plan] [DEBUG] parse_query_plan.py[line:126] Nested Loop  (cost=5.34..54.31 rows=1 width=60) (actual time=0.012..0.012 rows=0 loops=1)
2022-12-02 20:49:11 [P-13376] [MainThread] [parse_query_plan] [DEBUG] parse_query_plan.py[line:132] ['Nested Loop']
2022-12-02 20:49:11 [P-13376] [MainThread] [parse_query_plan] [DEBUG] parse_query_plan.py[line:149] _do_NestedLoop
2022-12-02 20:49:11 [P-13376] [MainThread] [parse_query_plan] [DEBUG] parse_query_plan.py[line:126] Nested Loop  (cost=5.19..51.89 rows=1 width=64) (actual time=0.011..0.012 rows=0 loops=1)
2022-12-02 20:49:11 [P-13376] [MainThread] [parse_query_plan] [DEBUG] parse_query_plan.py[line:132] ['Nested Loop']
2022-12-02 20:49:11 [P-13376] [MainThread] [parse_query_plan] [DEBUG] parse_query_plan.py[line:149] _do_NestedLoop
2022-12-02 20:49:11 [P-13376] [MainThread] [parse_query_plan] [DEBUG] parse_query_plan.py[line:126] Nested Loop  (cost=4.76..47.50 rows=1 width=44) (actual time=0.011..0.012 rows=0 loops=1)
2022-12-02 20:49:11 [P-13376] [MainThread] [parse_query_plan] [DEBUG] parse_query_plan.py[line:132] ['Nested Loop']
2022-12-02 20:49:11 [P-13376] [MainThread] [parse_query_plan] [DEBUG] parse_query_plan.py[line:149] _do_NestedLoop
2022-12-02 20:49:11 [P-13376] [MainThread] [parse_query_plan] [DEBUG] parse_query_plan.py[line:126] Nested Loop  (cost=4.60..42.64 rows=6 width=48) (actual time=0.011..0.012 rows=0 loops=1)
2022-12-02 20:49:11 [P-13376] [MainThread] [parse_query_plan] [DEBUG] parse_query_plan.py[line:132] ['Nested Loop']
2022-12-02 20:49:11 [P-13376] [MainThread] [parse_query_plan] [DEBUG] parse_query_plan.py[line:149] _do_NestedLoop
2022-12-02 20:49:11 [P-13376] [MainThread] [parse_query_plan] [DEBUG] parse_query_plan.py[line:126] Nested Loop  (cost=4.18..15.09 rows=4 width=36) (actual time=0.011..0.012 rows=0 loops=1)
2022-12-02 20:49:11 [P-13376] [MainThread] [parse_query_plan] [DEBUG] parse_query_plan.py[line:132] ['Nested Loop']
2022-12-02 20:49:11 [P-13376] [MainThread] [parse_query_plan] [DEBUG] parse_query_plan.py[line:149] _do_NestedLoop
2022-12-02 20:49:11 [P-13376] [MainThread] [parse_query_plan] [DEBUG] parse_query_plan.py[line:126] Seq Scan on info_type it2  (cost=0.00..2.41 rows=1 width=4) (actual time=0.007..0.008 rows=1 loops=1)
2022-12-02 20:49:11 [P-13376] [MainThread] [parse_query_plan] [DEBUG] parse_query_plan.py[line:132] ['Seq Scan', 'info_type it2']
2022-12-02 20:49:11 [P-13376] [MainThread] [parse_query_plan] [DEBUG] parse_query_plan.py[line:149] _do_SeqScan
2022-12-02 20:49:11 [P-13376] [MainThread] [parse_query_plan] [DEBUG] parse_query_plan.py[line:126] Bitmap Heap Scan on movie_info_idx mi_idx  (cost=4.18..12.64 rows=4 width=40) (actual time=0.002..0.002 rows=0 loops=1)
2022-12-02 20:49:11 [P-13376] [MainThread] [parse_query_plan] [DEBUG] parse_query_plan.py[line:132] ['Bitmap Heap Scan', 'movie_info_idx mi_idx']
2022-12-02 20:49:11 [P-13376] [MainThread] [parse_query_plan] [DEBUG] parse_query_plan.py[line:149] _do_BitMapHeapScan
2022-12-02 20:49:11 [P-13376] [MainThread] [parse_query_plan] [DEBUG] parse_query_plan.py[line:126] Bitmap Index Scan on info_type_id_movie_info_idx  (cost=0.00..4.18 rows=4 width=0) (actual time=0.001..0.001 rows=0 loops=1)
2022-12-02 20:49:11 [P-13376] [MainThread] [parse_query_plan] [DEBUG] parse_query_plan.py[line:132] ['Bitmap Index Scan', 'info_type_id_movie_info_idx']
2022-12-02 20:49:11 [P-13376] [MainThread] [parse_query_plan] [DEBUG] parse_query_plan.py[line:149] _do_BitMapIndexScan
2022-12-02 20:49:11 [P-13376] [MainThread] [parse_query_plan] [DEBUG] parse_query_plan.py[line:126] Index Scan using complete_cast_idx_mid on complete_cast cc  (cost=0.42..6.87 rows=2 width=12) (never executed)
2022-12-02 20:49:11 [P-13376] [MainThread] [parse_query_plan] [DEBUG] parse_query_plan.py[line:132] ['Index Scan', 'complete_cast_idx_mid', 'complete_cast cc']
2022-12-02 20:49:11 [P-13376] [MainThread] [parse_query_plan] [DEBUG] parse_query_plan.py[line:149] _do_IndexScan
2022-12-02 20:49:11 [P-13376] [MainThread] [parse_query_plan] [DEBUG] parse_query_plan.py[line:126] Memoize  (cost=0.16..1.78 rows=1 width=4) (never executed)
2022-12-02 20:49:11 [P-13376] [MainThread] [parse_query_plan] [DEBUG] parse_query_plan.py[line:132] ['Memoize']
2022-12-02 20:49:11 [P-13376] [MainThread] [parse_query_plan] [DEBUG] parse_query_plan.py[line:149] _do_Memorize
2022-12-02 20:49:11 [P-13376] [MainThread] [parse_query_plan] [DEBUG] parse_query_plan.py[line:126] Index Scan using comp_cast_type_pkey on comp_cast_type cct2  (cost=0.15..1.77 rows=1 width=4) (never executed)
2022-12-02 20:49:11 [P-13376] [MainThread] [parse_query_plan] [DEBUG] parse_query_plan.py[line:132] ['Index Scan', 'comp_cast_type_pkey', 'comp_cast_type cct2']
2022-12-02 20:49:11 [P-13376] [MainThread] [parse_query_plan] [DEBUG] parse_query_plan.py[line:149] _do_IndexScan
2022-12-02 20:49:11 [P-13376] [MainThread] [parse_query_plan] [DEBUG] parse_query_plan.py[line:126] Index Scan using title_pkey on title t  (cost=0.43..4.37 rows=1 width=20) (never executed)
2022-12-02 20:49:11 [P-13376] [MainThread] [parse_query_plan] [DEBUG] parse_query_plan.py[line:132] ['Index Scan', 'title_pkey', 'title t']
2022-12-02 20:49:11 [P-13376] [MainThread] [parse_query_plan] [DEBUG] parse_query_plan.py[line:149] _do_IndexScan
2022-12-02 20:49:11 [P-13376] [MainThread] [parse_query_plan] [DEBUG] parse_query_plan.py[line:126] Index Scan using comp_cast_type_pkey on comp_cast_type cct1  (cost=0.15..1.77 rows=1 width=4) (never executed)
2022-12-02 20:49:11 [P-13376] [MainThread] [parse_query_plan] [DEBUG] parse_query_plan.py[line:132] ['Index Scan', 'comp_cast_type_pkey', 'comp_cast_type cct1']
2022-12-02 20:49:11 [P-13376] [MainThread] [parse_query_plan] [DEBUG] parse_query_plan.py[line:149] _do_IndexScan
2022-12-02 20:49:11 [P-13376] [MainThread] [parse_query_plan] [DEBUG] parse_query_plan.py[line:126] Index Scan using movie_info_idx_mid on movie_info mi  (cost=0.44..117.13 rows=1 width=51) (never executed)
2022-12-02 20:49:11 [P-13376] [MainThread] [parse_query_plan] [DEBUG] parse_query_plan.py[line:132] ['Index Scan', 'movie_info_idx_mid', 'movie_info mi']
2022-12-02 20:49:11 [P-13376] [MainThread] [parse_query_plan] [DEBUG] parse_query_plan.py[line:149] _do_IndexScan
2022-12-02 20:49:11 [P-13376] [MainThread] [parse_query_plan] [DEBUG] parse_query_plan.py[line:183] <re.Match object; span=(0, 64), match="info = ANY ('{Horror,Action,Sci-Fi,Thriller,Crime>
2022-12-02 20:49:11 [P-13376] [MainThread] [parse_query_plan] [DEBUG] parse_query_plan.py[line:126] Index Scan using info_type_pkey on info_type it1  (cost=0.14..0.16 rows=1 width=4) (never executed)
2022-12-02 20:49:11 [P-13376] [MainThread] [parse_query_plan] [DEBUG] parse_query_plan.py[line:132] ['Index Scan', 'info_type_pkey', 'info_type it1']
2022-12-02 20:49:11 [P-13376] [MainThread] [parse_query_plan] [DEBUG] parse_query_plan.py[line:149] _do_IndexScan
2022-12-02 20:49:11 [P-13376] [MainThread] [parse_query_plan] [DEBUG] parse_query_plan.py[line:126] Index Scan using movie_keyword_idx_mid on movie_keyword mk  (cost=0.43..5.46 rows=63 width=8) (never executed)
2022-12-02 20:49:11 [P-13376] [MainThread] [parse_query_plan] [DEBUG] parse_query_plan.py[line:132] ['Index Scan', 'movie_keyword_idx_mid', 'movie_keyword mk']
2022-12-02 20:49:11 [P-13376] [MainThread] [parse_query_plan] [DEBUG] parse_query_plan.py[line:149] _do_IndexScan
2022-12-02 20:49:11 [P-13376] [MainThread] [parse_query_plan] [DEBUG] parse_query_plan.py[line:126] Memoize  (cost=0.43..3.98 rows=1 width=4) (never executed)
2022-12-02 20:49:11 [P-13376] [MainThread] [parse_query_plan] [DEBUG] parse_query_plan.py[line:132] ['Memoize']
2022-12-02 20:49:11 [P-13376] [MainThread] [parse_query_plan] [DEBUG] parse_query_plan.py[line:149] _do_Memorize
2022-12-02 20:49:11 [P-13376] [MainThread] [parse_query_plan] [DEBUG] parse_query_plan.py[line:126] Index Scan using keyword_pkey on keyword k  (cost=0.42..3.97 rows=1 width=4) (never executed)
2022-12-02 20:49:11 [P-13376] [MainThread] [parse_query_plan] [DEBUG] parse_query_plan.py[line:132] ['Index Scan', 'keyword_pkey', 'keyword k']
2022-12-02 20:49:11 [P-13376] [MainThread] [parse_query_plan] [DEBUG] parse_query_plan.py[line:149] _do_IndexScan
2022-12-02 20:49:11 [P-13376] [MainThread] [parse_query_plan] [DEBUG] parse_query_plan.py[line:183] <re.Match object; span=(0, 83), match="keyword = ANY ('{murder,violence,blood,gore,death>
2022-12-02 20:49:11 [P-13376] [MainThread] [parse_query_plan] [DEBUG] parse_query_plan.py[line:126] Index Scan using cast_info_idx_mid on cast_info ci  (cost=0.44..69.89 rows=1 width=8) (never executed)
2022-12-02 20:49:11 [P-13376] [MainThread] [parse_query_plan] [DEBUG] parse_query_plan.py[line:132] ['Index Scan', 'cast_info_idx_mid', 'cast_info ci']
2022-12-02 20:49:11 [P-13376] [MainThread] [parse_query_plan] [DEBUG] parse_query_plan.py[line:149] _do_IndexScan
2022-12-02 20:49:11 [P-13376] [MainThread] [parse_query_plan] [DEBUG] parse_query_plan.py[line:183] <re.Match object; span=(0, 89), match='note = ANY (\'{(writer),"(head writer)","(written>
2022-12-02 20:49:11 [P-13376] [MainThread] [parse_query_plan] [DEBUG] parse_query_plan.py[line:126] Index Scan using name_pkey on name n  (cost=0.43..4.10 rows=1 width=19) (never executed)
2022-12-02 20:49:11 [P-13376] [MainThread] [parse_query_plan] [DEBUG] parse_query_plan.py[line:132] ['Index Scan', 'name_pkey', 'name n']
2022-12-02 20:49:11 [P-13376] [MainThread] [parse_query_plan] [DEBUG] parse_query_plan.py[line:149] _do_IndexScan
2022-12-02 20:49:11 [P-13376] [MainThread] [parse_query_plan] [DEBUG] parse_query_plan.py[line:126] Aggregate  (cost=335.72..335.73 rows=1 width=128) (actual time=0.023..0.025 rows=1 loops=1)
2022-12-02 20:49:11 [P-13376] [MainThread] [parse_query_plan] [DEBUG] parse_query_plan.py[line:132] ['Aggregate']
2022-12-02 20:49:11 [P-13376] [MainThread] [parse_query_plan] [DEBUG] parse_query_plan.py[line:149] _do_Aggregate
2022-12-02 20:49:11 [P-13376] [MainThread] [parse_query_plan] [DEBUG] parse_query_plan.py[line:126] Nested Loop  (cost=65.22..335.71 rows=1 width=106) (actual time=0.022..0.023 rows=0 loops=1)
2022-12-02 20:49:11 [P-13376] [MainThread] [parse_query_plan] [DEBUG] parse_query_plan.py[line:132] ['Nested Loop']
2022-12-02 20:49:11 [P-13376] [MainThread] [parse_query_plan] [DEBUG] parse_query_plan.py[line:149] _do_NestedLoop
2022-12-02 20:49:11 [P-13376] [MainThread] [parse_query_plan] [DEBUG] parse_query_plan.py[line:126] Nested Loop  (cost=64.79..331.44 rows=1 width=95) (actual time=0.022..0.023 rows=0 loops=1)
2022-12-02 20:49:11 [P-13376] [MainThread] [parse_query_plan] [DEBUG] parse_query_plan.py[line:132] ['Nested Loop']
2022-12-02 20:49:11 [P-13376] [MainThread] [parse_query_plan] [DEBUG] parse_query_plan.py[line:149] _do_NestedLoop
2022-12-02 20:49:11 [P-13376] [MainThread] [parse_query_plan] [DEBUG] parse_query_plan.py[line:126] Nested Loop  (cost=64.65..331.26 rows=1 width=99) (actual time=0.022..0.023 rows=0 loops=1)
2022-12-02 20:49:11 [P-13376] [MainThread] [parse_query_plan] [DEBUG] parse_query_plan.py[line:132] ['Nested Loop']
2022-12-02 20:49:11 [P-13376] [MainThread] [parse_query_plan] [DEBUG] parse_query_plan.py[line:149] _do_NestedLoop
2022-12-02 20:49:11 [P-13376] [MainThread] [parse_query_plan] [DEBUG] parse_query_plan.py[line:126] Nested Loop  (cost=64.21..209.34 rows=1 width=72) (actual time=0.022..0.023 rows=0 loops=1)
2022-12-02 20:49:11 [P-13376] [MainThread] [parse_query_plan] [DEBUG] parse_query_plan.py[line:132] ['Nested Loop']
2022-12-02 20:49:11 [P-13376] [MainThread] [parse_query_plan] [DEBUG] parse_query_plan.py[line:149] _do_NestedLoop
2022-12-02 20:49:11 [P-13376] [MainThread] [parse_query_plan] [DEBUG] parse_query_plan.py[line:126] Nested Loop  (cost=63.79..204.99 rows=1 width=76) (actual time=0.022..0.023 rows=0 loops=1)
2022-12-02 20:49:11 [P-13376] [MainThread] [parse_query_plan] [DEBUG] parse_query_plan.py[line:132] ['Nested Loop']
2022-12-02 20:49:11 [P-13376] [MainThread] [parse_query_plan] [DEBUG] parse_query_plan.py[line:149] _do_NestedLoop
2022-12-02 20:49:11 [P-13376] [MainThread] [parse_query_plan] [DEBUG] parse_query_plan.py[line:126] Nested Loop  (cost=63.36..192.33 rows=1 width=68) (actual time=0.021..0.023 rows=0 loops=1)
2022-12-02 20:49:11 [P-13376] [MainThread] [parse_query_plan] [DEBUG] parse_query_plan.py[line:132] ['Nested Loop']
2022-12-02 20:49:11 [P-13376] [MainThread] [parse_query_plan] [DEBUG] parse_query_plan.py[line:149] _do_NestedLoop
2022-12-02 20:49:11 [P-13376] [MainThread] [parse_query_plan] [DEBUG] parse_query_plan.py[line:126] Nested Loop  (cost=62.93..188.13 rows=1 width=48) (actual time=0.021..0.022 rows=0 loops=1)
2022-12-02 20:49:11 [P-13376] [MainThread] [parse_query_plan] [DEBUG] parse_query_plan.py[line:132] ['Nested Loop']
2022-12-02 20:49:11 [P-13376] [MainThread] [parse_query_plan] [DEBUG] parse_query_plan.py[line:149] _do_NestedLoop
2022-12-02 20:49:11 [P-13376] [MainThread] [parse_query_plan] [DEBUG] parse_query_plan.py[line:126] Hash Join  (cost=62.49..115.42 rows=1 width=40) (actual time=0.021..0.022 rows=0 loops=1)
2022-12-02 20:49:11 [P-13376] [MainThread] [parse_query_plan] [DEBUG] parse_query_plan.py[line:132] ['Hash Join']
2022-12-02 20:49:11 [P-13376] [MainThread] [parse_query_plan] [DEBUG] parse_query_plan.py[line:149] _do_HashJoin
2022-12-02 20:49:11 [P-13376] [MainThread] [parse_query_plan] [DEBUG] parse_query_plan.py[line:126] Nested Loop  (cost=4.61..56.88 rows=253 width=44) (actual time=0.021..0.021 rows=0 loops=1)
2022-12-02 20:49:11 [P-13376] [MainThread] [parse_query_plan] [DEBUG] parse_query_plan.py[line:132] ['Nested Loop']
2022-12-02 20:49:11 [P-13376] [MainThread] [parse_query_plan] [DEBUG] parse_query_plan.py[line:149] _do_NestedLoop
2022-12-02 20:49:11 [P-13376] [MainThread] [parse_query_plan] [DEBUG] parse_query_plan.py[line:126] Nested Loop  (cost=4.18..15.09 rows=4 width=36) (actual time=0.021..0.021 rows=0 loops=1)
2022-12-02 20:49:11 [P-13376] [MainThread] [parse_query_plan] [DEBUG] parse_query_plan.py[line:132] ['Nested Loop']
2022-12-02 20:49:11 [P-13376] [MainThread] [parse_query_plan] [DEBUG] parse_query_plan.py[line:149] _do_NestedLoop
2022-12-02 20:49:11 [P-13376] [MainThread] [parse_query_plan] [DEBUG] parse_query_plan.py[line:126] Seq Scan on info_type it2  (cost=0.00..2.41 rows=1 width=4) (actual time=0.011..0.012 rows=1 loops=1)
2022-12-02 20:49:11 [P-13376] [MainThread] [parse_query_plan] [DEBUG] parse_query_plan.py[line:132] ['Seq Scan', 'info_type it2']
2022-12-02 20:49:11 [P-13376] [MainThread] [parse_query_plan] [DEBUG] parse_query_plan.py[line:149] _do_SeqScan
2022-12-02 20:49:11 [P-13376] [MainThread] [parse_query_plan] [DEBUG] parse_query_plan.py[line:126] Bitmap Heap Scan on movie_info_idx mi_idx  (cost=4.18..12.64 rows=4 width=40) (actual time=0.007..0.007 rows=0 loops=1)
2022-12-02 20:49:11 [P-13376] [MainThread] [parse_query_plan] [DEBUG] parse_query_plan.py[line:132] ['Bitmap Heap Scan', 'movie_info_idx mi_idx']
2022-12-02 20:49:11 [P-13376] [MainThread] [parse_query_plan] [DEBUG] parse_query_plan.py[line:149] _do_BitMapHeapScan
2022-12-02 20:49:11 [P-13376] [MainThread] [parse_query_plan] [DEBUG] parse_query_plan.py[line:126] Bitmap Index Scan on info_type_id_movie_info_idx  (cost=0.00..4.18 rows=4 width=0) (actual time=0.004..0.004 rows=0 loops=1)
2022-12-02 20:49:11 [P-13376] [MainThread] [parse_query_plan] [DEBUG] parse_query_plan.py[line:132] ['Bitmap Index Scan', 'info_type_id_movie_info_idx']
2022-12-02 20:49:11 [P-13376] [MainThread] [parse_query_plan] [DEBUG] parse_query_plan.py[line:149] _do_BitMapIndexScan
2022-12-02 20:49:11 [P-13376] [MainThread] [parse_query_plan] [DEBUG] parse_query_plan.py[line:126] Index Scan using movie_keyword_idx_mid on movie_keyword mk  (cost=0.43..9.82 rows=63 width=8) (never executed)
2022-12-02 20:49:11 [P-13376] [MainThread] [parse_query_plan] [DEBUG] parse_query_plan.py[line:132] ['Index Scan', 'movie_keyword_idx_mid', 'movie_keyword mk']
2022-12-02 20:49:11 [P-13376] [MainThread] [parse_query_plan] [DEBUG] parse_query_plan.py[line:149] _do_IndexScan
2022-12-02 20:49:11 [P-13376] [MainThread] [parse_query_plan] [DEBUG] parse_query_plan.py[line:126] Hash  (cost=57.78..57.78 rows=7 width=4) (never executed)
2022-12-02 20:49:11 [P-13376] [MainThread] [parse_query_plan] [DEBUG] parse_query_plan.py[line:132] ['Hash']
2022-12-02 20:49:11 [P-13376] [MainThread] [parse_query_plan] [DEBUG] parse_query_plan.py[line:149] _do_Hash
2022-12-02 20:49:11 [P-13376] [MainThread] [parse_query_plan] [DEBUG] parse_query_plan.py[line:126] Bitmap Heap Scan on keyword k  (cost=30.99..57.78 rows=7 width=4) (never executed)
2022-12-02 20:49:11 [P-13376] [MainThread] [parse_query_plan] [DEBUG] parse_query_plan.py[line:132] ['Bitmap Heap Scan', 'keyword k']
2022-12-02 20:49:11 [P-13376] [MainThread] [parse_query_plan] [DEBUG] parse_query_plan.py[line:149] _do_BitMapHeapScan
2022-12-02 20:49:11 [P-13376] [MainThread] [parse_query_plan] [DEBUG] parse_query_plan.py[line:207] <re.Match object; span=(0, 84), match="(keyword = ANY ('{murder,violence,blood,gore,deat>
2022-12-02 20:49:11 [P-13376] [MainThread] [parse_query_plan] [DEBUG] parse_query_plan.py[line:126] Bitmap Index Scan on keyword_idx_keyword  (cost=0.00..30.99 rows=7 width=0) (never executed)
2022-12-02 20:49:11 [P-13376] [MainThread] [parse_query_plan] [DEBUG] parse_query_plan.py[line:132] ['Bitmap Index Scan', 'keyword_idx_keyword']
2022-12-02 20:49:11 [P-13376] [MainThread] [parse_query_plan] [DEBUG] parse_query_plan.py[line:149] _do_BitMapIndexScan
2022-12-02 20:49:11 [P-13376] [MainThread] [parse_query_plan] [DEBUG] parse_query_plan.py[line:207] <re.Match object; span=(0, 84), match="(keyword = ANY ('{murder,violence,blood,gore,deat>
2022-12-02 20:49:11 [P-13376] [MainThread] [parse_query_plan] [DEBUG] parse_query_plan.py[line:126] Index Scan using cast_info_idx_mid on cast_info ci  (cost=0.44..72.70 rows=1 width=8) (never executed)
2022-12-02 20:49:11 [P-13376] [MainThread] [parse_query_plan] [DEBUG] parse_query_plan.py[line:132] ['Index Scan', 'cast_info_idx_mid', 'cast_info ci']
2022-12-02 20:49:11 [P-13376] [MainThread] [parse_query_plan] [DEBUG] parse_query_plan.py[line:149] _do_IndexScan
2022-12-02 20:49:11 [P-13376] [MainThread] [parse_query_plan] [DEBUG] parse_query_plan.py[line:183] <re.Match object; span=(0, 89), match='note = ANY (\'{(writer),"(head writer)","(written>
2022-12-02 20:49:11 [P-13376] [MainThread] [parse_query_plan] [DEBUG] parse_query_plan.py[line:126] Index Scan using title_pkey on title t  (cost=0.43..4.19 rows=1 width=20) (never executed)
2022-12-02 20:49:11 [P-13376] [MainThread] [parse_query_plan] [DEBUG] parse_query_plan.py[line:132] ['Index Scan', 'title_pkey', 'title t']
2022-12-02 20:49:11 [P-13376] [MainThread] [parse_query_plan] [DEBUG] parse_query_plan.py[line:149] _do_IndexScan
2022-12-02 20:49:11 [P-13376] [MainThread] [parse_query_plan] [DEBUG] parse_query_plan.py[line:126] Index Scan using movie_companies_idx_mid on movie_companies mc  (cost=0.43..12.60 rows=6 width=8) (never executed)
2022-12-02 20:49:11 [P-13376] [MainThread] [parse_query_plan] [DEBUG] parse_query_plan.py[line:132] ['Index Scan', 'movie_companies_idx_mid', 'movie_companies mc']
2022-12-02 20:49:11 [P-13376] [MainThread] [parse_query_plan] [DEBUG] parse_query_plan.py[line:149] _do_IndexScan
2022-12-02 20:49:11 [P-13376] [MainThread] [parse_query_plan] [DEBUG] parse_query_plan.py[line:126] Index Scan using company_name_pkey on company_name cn  (cost=0.42..4.15 rows=1 width=4) (never executed)
2022-12-02 20:49:11 [P-13376] [MainThread] [parse_query_plan] [DEBUG] parse_query_plan.py[line:132] ['Index Scan', 'company_name_pkey', 'company_name cn']
2022-12-02 20:49:11 [P-13376] [MainThread] [parse_query_plan] [DEBUG] parse_query_plan.py[line:149] _do_IndexScan
2022-12-02 20:49:11 [P-13376] [MainThread] [parse_query_plan] [DEBUG] parse_query_plan.py[line:126] Index Scan using movie_info_idx_mid on movie_info mi  (cost=0.44..121.91 rows=1 width=51) (never executed)
2022-12-02 20:49:11 [P-13376] [MainThread] [parse_query_plan] [DEBUG] parse_query_plan.py[line:132] ['Index Scan', 'movie_info_idx_mid', 'movie_info mi']
2022-12-02 20:49:11 [P-13376] [MainThread] [parse_query_plan] [DEBUG] parse_query_plan.py[line:149] _do_IndexScan
2022-12-02 20:49:11 [P-13376] [MainThread] [parse_query_plan] [DEBUG] parse_query_plan.py[line:183] <re.Match object; span=(0, 40), match="info = ANY ('{Horror,Thriller}'::text[])">
2022-12-02 20:49:11 [P-13376] [MainThread] [parse_query_plan] [DEBUG] parse_query_plan.py[line:126] Index Scan using info_type_pkey on info_type it1  (cost=0.14..0.16 rows=1 width=4) (never executed)
2022-12-02 20:49:11 [P-13376] [MainThread] [parse_query_plan] [DEBUG] parse_query_plan.py[line:132] ['Index Scan', 'info_type_pkey', 'info_type it1']
2022-12-02 20:49:11 [P-13376] [MainThread] [parse_query_plan] [DEBUG] parse_query_plan.py[line:149] _do_IndexScan
2022-12-02 20:49:11 [P-13376] [MainThread] [parse_query_plan] [DEBUG] parse_query_plan.py[line:126] Index Scan using name_pkey on name n  (cost=0.43..4.27 rows=1 width=19) (never executed)
2022-12-02 20:49:11 [P-13376] [MainThread] [parse_query_plan] [DEBUG] parse_query_plan.py[line:132] ['Index Scan', 'name_pkey', 'name n']
2022-12-02 20:49:11 [P-13376] [MainThread] [parse_query_plan] [DEBUG] parse_query_plan.py[line:149] _do_IndexScan
2022-12-02 20:49:11 [P-13376] [MainThread] [parse_query_plan] [DEBUG] parse_query_plan.py[line:126] Aggregate  (cost=282.39..282.40 rows=1 width=128) (actual time=0.024..0.026 rows=1 loops=1)
2022-12-02 20:49:11 [P-13376] [MainThread] [parse_query_plan] [DEBUG] parse_query_plan.py[line:132] ['Aggregate']
2022-12-02 20:49:11 [P-13376] [MainThread] [parse_query_plan] [DEBUG] parse_query_plan.py[line:149] _do_Aggregate
2022-12-02 20:49:11 [P-13376] [MainThread] [parse_query_plan] [DEBUG] parse_query_plan.py[line:126] Nested Loop  (cost=7.63..282.38 rows=1 width=106) (actual time=0.023..0.024 rows=0 loops=1)
2022-12-02 20:49:11 [P-13376] [MainThread] [parse_query_plan] [DEBUG] parse_query_plan.py[line:132] ['Nested Loop']
2022-12-02 20:49:11 [P-13376] [MainThread] [parse_query_plan] [DEBUG] parse_query_plan.py[line:149] _do_NestedLoop
2022-12-02 20:49:11 [P-13376] [MainThread] [parse_query_plan] [DEBUG] parse_query_plan.py[line:126] Nested Loop  (cost=7.20..278.12 rows=1 width=95) (actual time=0.023..0.024 rows=0 loops=1)
2022-12-02 20:49:11 [P-13376] [MainThread] [parse_query_plan] [DEBUG] parse_query_plan.py[line:132] ['Nested Loop']
2022-12-02 20:49:11 [P-13376] [MainThread] [parse_query_plan] [DEBUG] parse_query_plan.py[line:149] _do_NestedLoop
2022-12-02 20:49:11 [P-13376] [MainThread] [parse_query_plan] [DEBUG] parse_query_plan.py[line:126] Nested Loop  (cost=6.78..273.04 rows=1 width=99) (actual time=0.023..0.023 rows=0 loops=1)
2022-12-02 20:49:11 [P-13376] [MainThread] [parse_query_plan] [DEBUG] parse_query_plan.py[line:132] ['Nested Loop']
2022-12-02 20:49:11 [P-13376] [MainThread] [parse_query_plan] [DEBUG] parse_query_plan.py[line:149] _do_NestedLoop
2022-12-02 20:49:11 [P-13376] [MainThread] [parse_query_plan] [DEBUG] parse_query_plan.py[line:126] Nested Loop  (cost=6.78..270.61 rows=1 width=103) (actual time=0.023..0.023 rows=0 loops=1)
2022-12-02 20:49:11 [P-13376] [MainThread] [parse_query_plan] [DEBUG] parse_query_plan.py[line:132] ['Nested Loop']
2022-12-02 20:49:11 [P-13376] [MainThread] [parse_query_plan] [DEBUG] parse_query_plan.py[line:149] _do_NestedLoop
2022-12-02 20:49:11 [P-13376] [MainThread] [parse_query_plan] [DEBUG] parse_query_plan.py[line:126] Nested Loop  (cost=6.34..148.69 rows=1 width=76) (actual time=0.023..0.023 rows=0 loops=1)
2022-12-02 20:49:11 [P-13376] [MainThread] [parse_query_plan] [DEBUG] parse_query_plan.py[line:132] ['Nested Loop']
2022-12-02 20:49:11 [P-13376] [MainThread] [parse_query_plan] [DEBUG] parse_query_plan.py[line:149] _do_NestedLoop
2022-12-02 20:49:11 [P-13376] [MainThread] [parse_query_plan] [DEBUG] parse_query_plan.py[line:126] Nested Loop  (cost=5.92..144.06 rows=1 width=80) (actual time=0.023..0.023 rows=0 loops=1)
2022-12-02 20:49:11 [P-13376] [MainThread] [parse_query_plan] [DEBUG] parse_query_plan.py[line:132] ['Nested Loop']
2022-12-02 20:49:11 [P-13376] [MainThread] [parse_query_plan] [DEBUG] parse_query_plan.py[line:149] _do_NestedLoop
2022-12-02 20:49:11 [P-13376] [MainThread] [parse_query_plan] [DEBUG] parse_query_plan.py[line:126] Nested Loop  (cost=5.48..131.44 rows=1 width=72) (actual time=0.022..0.023 rows=0 loops=1)
2022-12-02 20:49:11 [P-13376] [MainThread] [parse_query_plan] [DEBUG] parse_query_plan.py[line:132] ['Nested Loop']
2022-12-02 20:49:11 [P-13376] [MainThread] [parse_query_plan] [DEBUG] parse_query_plan.py[line:149] _do_NestedLoop
2022-12-02 20:49:11 [P-13376] [MainThread] [parse_query_plan] [DEBUG] parse_query_plan.py[line:126] Nested Loop  (cost=5.04..58.74 rows=1 width=64) (actual time=0.022..0.023 rows=0 loops=1)
2022-12-02 20:49:11 [P-13376] [MainThread] [parse_query_plan] [DEBUG] parse_query_plan.py[line:132] ['Nested Loop']
2022-12-02 20:49:11 [P-13376] [MainThread] [parse_query_plan] [DEBUG] parse_query_plan.py[line:149] _do_NestedLoop
2022-12-02 20:49:11 [P-13376] [MainThread] [parse_query_plan] [DEBUG] parse_query_plan.py[line:126] Nested Loop  (cost=4.61..48.17 rows=1 width=56) (actual time=0.022..0.023 rows=0 loops=1)
2022-12-02 20:49:11 [P-13376] [MainThread] [parse_query_plan] [DEBUG] parse_query_plan.py[line:132] ['Nested Loop']
2022-12-02 20:49:11 [P-13376] [MainThread] [parse_query_plan] [DEBUG] parse_query_plan.py[line:149] _do_NestedLoop
2022-12-02 20:49:11 [P-13376] [MainThread] [parse_query_plan] [DEBUG] parse_query_plan.py[line:126] Nested Loop  (cost=4.18..15.09 rows=4 width=36) (actual time=0.022..0.023 rows=0 loops=1)
2022-12-02 20:49:11 [P-13376] [MainThread] [parse_query_plan] [DEBUG] parse_query_plan.py[line:132] ['Nested Loop']
2022-12-02 20:49:11 [P-13376] [MainThread] [parse_query_plan] [DEBUG] parse_query_plan.py[line:149] _do_NestedLoop
2022-12-02 20:49:11 [P-13376] [MainThread] [parse_query_plan] [DEBUG] parse_query_plan.py[line:126] Seq Scan on info_type it2  (cost=0.00..2.41 rows=1 width=4) (actual time=0.013..0.014 rows=1 loops=1)
2022-12-02 20:49:11 [P-13376] [MainThread] [parse_query_plan] [DEBUG] parse_query_plan.py[line:132] ['Seq Scan', 'info_type it2']
2022-12-02 20:49:11 [P-13376] [MainThread] [parse_query_plan] [DEBUG] parse_query_plan.py[line:149] _do_SeqScan
2022-12-02 20:49:11 [P-13376] [MainThread] [parse_query_plan] [DEBUG] parse_query_plan.py[line:126] Bitmap Heap Scan on movie_info_idx mi_idx  (cost=4.18..12.64 rows=4 width=40) (actual time=0.007..0.007 rows=0 loops=1)
2022-12-02 20:49:11 [P-13376] [MainThread] [parse_query_plan] [DEBUG] parse_query_plan.py[line:132] ['Bitmap Heap Scan', 'movie_info_idx mi_idx']
2022-12-02 20:49:11 [P-13376] [MainThread] [parse_query_plan] [DEBUG] parse_query_plan.py[line:149] _do_BitMapHeapScan
2022-12-02 20:49:11 [P-13376] [MainThread] [parse_query_plan] [DEBUG] parse_query_plan.py[line:126] Bitmap Index Scan on info_type_id_movie_info_idx  (cost=0.00..4.18 rows=4 width=0) (actual time=0.005..0.005 rows=0 loops=1)
2022-12-02 20:49:11 [P-13376] [MainThread] [parse_query_plan] [DEBUG] parse_query_plan.py[line:132] ['Bitmap Index Scan', 'info_type_id_movie_info_idx']
2022-12-02 20:49:11 [P-13376] [MainThread] [parse_query_plan] [DEBUG] parse_query_plan.py[line:149] _do_BitMapIndexScan
2022-12-02 20:49:11 [P-13376] [MainThread] [parse_query_plan] [DEBUG] parse_query_plan.py[line:126] Index Scan using title_pkey on title t  (cost=0.43..8.26 rows=1 width=20) (never executed)
2022-12-02 20:49:11 [P-13376] [MainThread] [parse_query_plan] [DEBUG] parse_query_plan.py[line:132] ['Index Scan', 'title_pkey', 'title t']
2022-12-02 20:49:11 [P-13376] [MainThread] [parse_query_plan] [DEBUG] parse_query_plan.py[line:149] _do_IndexScan
2022-12-02 20:49:11 [P-13376] [MainThread] [parse_query_plan] [DEBUG] parse_query_plan.py[line:126] Index Scan using movie_keyword_idx_mid on movie_keyword mk  (cost=0.43..9.93 rows=63 width=8) (never executed)
2022-12-02 20:49:11 [P-13376] [MainThread] [parse_query_plan] [DEBUG] parse_query_plan.py[line:132] ['Index Scan', 'movie_keyword_idx_mid', 'movie_keyword mk']
2022-12-02 20:49:11 [P-13376] [MainThread] [parse_query_plan] [DEBUG] parse_query_plan.py[line:149] _do_IndexScan
2022-12-02 20:49:11 [P-13376] [MainThread] [parse_query_plan] [DEBUG] parse_query_plan.py[line:126] Index Scan using cast_info_idx_mid on cast_info ci  (cost=0.44..72.70 rows=1 width=8) (never executed)
2022-12-02 20:49:11 [P-13376] [MainThread] [parse_query_plan] [DEBUG] parse_query_plan.py[line:132] ['Index Scan', 'cast_info_idx_mid', 'cast_info ci']
2022-12-02 20:49:11 [P-13376] [MainThread] [parse_query_plan] [DEBUG] parse_query_plan.py[line:149] _do_IndexScan
2022-12-02 20:49:11 [P-13376] [MainThread] [parse_query_plan] [DEBUG] parse_query_plan.py[line:183] <re.Match object; span=(0, 89), match='note = ANY (\'{(writer),"(head writer)","(written>
2022-12-02 20:49:11 [P-13376] [MainThread] [parse_query_plan] [DEBUG] parse_query_plan.py[line:126] Index Scan using movie_companies_idx_mid on movie_companies mc  (cost=0.43..12.61 rows=1 width=8) (never executed)
2022-12-02 20:49:11 [P-13376] [MainThread] [parse_query_plan] [DEBUG] parse_query_plan.py[line:132] ['Index Scan', 'movie_companies_idx_mid', 'movie_companies mc']
2022-12-02 20:49:11 [P-13376] [MainThread] [parse_query_plan] [DEBUG] parse_query_plan.py[line:149] _do_IndexScan
2022-12-02 20:49:11 [P-13376] [MainThread] [parse_query_plan] [DEBUG] parse_query_plan.py[line:126] Index Scan using company_name_pkey on company_name cn  (cost=0.42..4.41 rows=1 width=4) (never executed)
2022-12-02 20:49:11 [P-13376] [MainThread] [parse_query_plan] [DEBUG] parse_query_plan.py[line:132] ['Index Scan', 'company_name_pkey', 'company_name cn']
2022-12-02 20:49:11 [P-13376] [MainThread] [parse_query_plan] [DEBUG] parse_query_plan.py[line:149] _do_IndexScan
2022-12-02 20:49:11 [P-13376] [MainThread] [parse_query_plan] [DEBUG] parse_query_plan.py[line:126] Index Scan using movie_info_idx_mid on movie_info mi  (cost=0.44..121.91 rows=1 width=51) (never executed)
2022-12-02 20:49:11 [P-13376] [MainThread] [parse_query_plan] [DEBUG] parse_query_plan.py[line:132] ['Index Scan', 'movie_info_idx_mid', 'movie_info mi']
2022-12-02 20:49:11 [P-13376] [MainThread] [parse_query_plan] [DEBUG] parse_query_plan.py[line:149] _do_IndexScan
2022-12-02 20:49:11 [P-13376] [MainThread] [parse_query_plan] [DEBUG] parse_query_plan.py[line:183] <re.Match object; span=(0, 40), match="info = ANY ('{Horror,Thriller}'::text[])">
2022-12-02 20:49:11 [P-13376] [MainThread] [parse_query_plan] [DEBUG] parse_query_plan.py[line:126] Seq Scan on info_type it1  (cost=0.00..2.41 rows=1 width=4) (never executed)
2022-12-02 20:49:11 [P-13376] [MainThread] [parse_query_plan] [DEBUG] parse_query_plan.py[line:132] ['Seq Scan', 'info_type it1']
2022-12-02 20:49:11 [P-13376] [MainThread] [parse_query_plan] [DEBUG] parse_query_plan.py[line:149] _do_SeqScan
2022-12-02 20:49:11 [P-13376] [MainThread] [parse_query_plan] [DEBUG] parse_query_plan.py[line:126] Index Scan using keyword_pkey on keyword k  (cost=0.42..4.15 rows=1 width=4) (never executed)
2022-12-02 20:49:11 [P-13376] [MainThread] [parse_query_plan] [DEBUG] parse_query_plan.py[line:132] ['Index Scan', 'keyword_pkey', 'keyword k']
2022-12-02 20:49:11 [P-13376] [MainThread] [parse_query_plan] [DEBUG] parse_query_plan.py[line:149] _do_IndexScan
2022-12-02 20:49:11 [P-13376] [MainThread] [parse_query_plan] [DEBUG] parse_query_plan.py[line:183] <re.Match object; span=(0, 83), match="keyword = ANY ('{murder,violence,blood,gore,death>
2022-12-02 20:49:11 [P-13376] [MainThread] [parse_query_plan] [DEBUG] parse_query_plan.py[line:126] Index Scan using name_pkey on name n  (cost=0.43..4.27 rows=1 width=19) (never executed)
2022-12-02 20:49:11 [P-13376] [MainThread] [parse_query_plan] [DEBUG] parse_query_plan.py[line:132] ['Index Scan', 'name_pkey', 'name n']
2022-12-02 20:49:11 [P-13376] [MainThread] [parse_query_plan] [DEBUG] parse_query_plan.py[line:149] _do_IndexScan
2022-12-02 20:49:11 [P-13376] [MainThread] [parse_query_plan] [DEBUG] parse_query_plan.py[line:126] Aggregate  (cost=336.03..336.04 rows=1 width=128) (actual time=0.022..0.023 rows=1 loops=1)
2022-12-02 20:49:11 [P-13376] [MainThread] [parse_query_plan] [DEBUG] parse_query_plan.py[line:132] ['Aggregate']
2022-12-02 20:49:11 [P-13376] [MainThread] [parse_query_plan] [DEBUG] parse_query_plan.py[line:149] _do_Aggregate
2022-12-02 20:49:11 [P-13376] [MainThread] [parse_query_plan] [DEBUG] parse_query_plan.py[line:126] Nested Loop  (cost=65.22..336.02 rows=1 width=106) (actual time=0.021..0.022 rows=0 loops=1)
2022-12-02 20:49:11 [P-13376] [MainThread] [parse_query_plan] [DEBUG] parse_query_plan.py[line:132] ['Nested Loop']
2022-12-02 20:49:11 [P-13376] [MainThread] [parse_query_plan] [DEBUG] parse_query_plan.py[line:149] _do_NestedLoop
2022-12-02 20:49:11 [P-13376] [MainThread] [parse_query_plan] [DEBUG] parse_query_plan.py[line:126] Nested Loop  (cost=64.79..331.75 rows=1 width=95) (actual time=0.020..0.021 rows=0 loops=1)
2022-12-02 20:49:11 [P-13376] [MainThread] [parse_query_plan] [DEBUG] parse_query_plan.py[line:132] ['Nested Loop']
2022-12-02 20:49:11 [P-13376] [MainThread] [parse_query_plan] [DEBUG] parse_query_plan.py[line:149] _do_NestedLoop
2022-12-02 20:49:11 [P-13376] [MainThread] [parse_query_plan] [DEBUG] parse_query_plan.py[line:126] Nested Loop  (cost=64.65..331.57 rows=1 width=99) (actual time=0.020..0.021 rows=0 loops=1)
2022-12-02 20:49:11 [P-13376] [MainThread] [parse_query_plan] [DEBUG] parse_query_plan.py[line:132] ['Nested Loop']
2022-12-02 20:49:11 [P-13376] [MainThread] [parse_query_plan] [DEBUG] parse_query_plan.py[line:149] _do_NestedLoop
2022-12-02 20:49:11 [P-13376] [MainThread] [parse_query_plan] [DEBUG] parse_query_plan.py[line:126] Nested Loop  (cost=64.21..209.34 rows=1 width=72) (actual time=0.020..0.021 rows=0 loops=1)
2022-12-02 20:49:11 [P-13376] [MainThread] [parse_query_plan] [DEBUG] parse_query_plan.py[line:132] ['Nested Loop']
2022-12-02 20:49:11 [P-13376] [MainThread] [parse_query_plan] [DEBUG] parse_query_plan.py[line:149] _do_NestedLoop
2022-12-02 20:49:11 [P-13376] [MainThread] [parse_query_plan] [DEBUG] parse_query_plan.py[line:126] Nested Loop  (cost=63.79..204.99 rows=1 width=76) (actual time=0.020..0.021 rows=0 loops=1)
2022-12-02 20:49:11 [P-13376] [MainThread] [parse_query_plan] [DEBUG] parse_query_plan.py[line:132] ['Nested Loop']
2022-12-02 20:49:11 [P-13376] [MainThread] [parse_query_plan] [DEBUG] parse_query_plan.py[line:149] _do_NestedLoop
2022-12-02 20:49:11 [P-13376] [MainThread] [parse_query_plan] [DEBUG] parse_query_plan.py[line:126] Nested Loop  (cost=63.36..192.33 rows=1 width=68) (actual time=0.020..0.021 rows=0 loops=1)
2022-12-02 20:49:11 [P-13376] [MainThread] [parse_query_plan] [DEBUG] parse_query_plan.py[line:132] ['Nested Loop']
2022-12-02 20:49:11 [P-13376] [MainThread] [parse_query_plan] [DEBUG] parse_query_plan.py[line:149] _do_NestedLoop
2022-12-02 20:49:11 [P-13376] [MainThread] [parse_query_plan] [DEBUG] parse_query_plan.py[line:126] Nested Loop  (cost=62.93..188.13 rows=1 width=48) (actual time=0.020..0.021 rows=0 loops=1)
2022-12-02 20:49:11 [P-13376] [MainThread] [parse_query_plan] [DEBUG] parse_query_plan.py[line:132] ['Nested Loop']
2022-12-02 20:49:11 [P-13376] [MainThread] [parse_query_plan] [DEBUG] parse_query_plan.py[line:149] _do_NestedLoop
2022-12-02 20:49:11 [P-13376] [MainThread] [parse_query_plan] [DEBUG] parse_query_plan.py[line:126] Hash Join  (cost=62.49..115.42 rows=1 width=40) (actual time=0.020..0.021 rows=0 loops=1)
2022-12-02 20:49:11 [P-13376] [MainThread] [parse_query_plan] [DEBUG] parse_query_plan.py[line:132] ['Hash Join']
2022-12-02 20:49:11 [P-13376] [MainThread] [parse_query_plan] [DEBUG] parse_query_plan.py[line:149] _do_HashJoin
2022-12-02 20:49:11 [P-13376] [MainThread] [parse_query_plan] [DEBUG] parse_query_plan.py[line:126] Nested Loop  (cost=4.61..56.88 rows=253 width=44) (actual time=0.020..0.020 rows=0 loops=1)
2022-12-02 20:49:11 [P-13376] [MainThread] [parse_query_plan] [DEBUG] parse_query_plan.py[line:132] ['Nested Loop']
2022-12-02 20:49:11 [P-13376] [MainThread] [parse_query_plan] [DEBUG] parse_query_plan.py[line:149] _do_NestedLoop
2022-12-02 20:49:11 [P-13376] [MainThread] [parse_query_plan] [DEBUG] parse_query_plan.py[line:126] Nested Loop  (cost=4.18..15.09 rows=4 width=36) (actual time=0.019..0.020 rows=0 loops=1)
2022-12-02 20:49:11 [P-13376] [MainThread] [parse_query_plan] [DEBUG] parse_query_plan.py[line:132] ['Nested Loop']
2022-12-02 20:49:11 [P-13376] [MainThread] [parse_query_plan] [DEBUG] parse_query_plan.py[line:149] _do_NestedLoop
2022-12-02 20:49:11 [P-13376] [MainThread] [parse_query_plan] [DEBUG] parse_query_plan.py[line:126] Seq Scan on info_type it2  (cost=0.00..2.41 rows=1 width=4) (actual time=0.012..0.013 rows=1 loops=1)
2022-12-02 20:49:11 [P-13376] [MainThread] [parse_query_plan] [DEBUG] parse_query_plan.py[line:132] ['Seq Scan', 'info_type it2']
2022-12-02 20:49:11 [P-13376] [MainThread] [parse_query_plan] [DEBUG] parse_query_plan.py[line:149] _do_SeqScan
2022-12-02 20:49:11 [P-13376] [MainThread] [parse_query_plan] [DEBUG] parse_query_plan.py[line:126] Bitmap Heap Scan on movie_info_idx mi_idx  (cost=4.18..12.64 rows=4 width=40) (actual time=0.005..0.005 rows=0 loops=1)
2022-12-02 20:49:11 [P-13376] [MainThread] [parse_query_plan] [DEBUG] parse_query_plan.py[line:132] ['Bitmap Heap Scan', 'movie_info_idx mi_idx']
2022-12-02 20:49:11 [P-13376] [MainThread] [parse_query_plan] [DEBUG] parse_query_plan.py[line:149] _do_BitMapHeapScan
2022-12-02 20:49:11 [P-13376] [MainThread] [parse_query_plan] [DEBUG] parse_query_plan.py[line:126] Bitmap Index Scan on info_type_id_movie_info_idx  (cost=0.00..4.18 rows=4 width=0) (actual time=0.004..0.004 rows=0 loops=1)
2022-12-02 20:49:11 [P-13376] [MainThread] [parse_query_plan] [DEBUG] parse_query_plan.py[line:132] ['Bitmap Index Scan', 'info_type_id_movie_info_idx']
2022-12-02 20:49:11 [P-13376] [MainThread] [parse_query_plan] [DEBUG] parse_query_plan.py[line:149] _do_BitMapIndexScan
2022-12-02 20:49:11 [P-13376] [MainThread] [parse_query_plan] [DEBUG] parse_query_plan.py[line:126] Index Scan using movie_keyword_idx_mid on movie_keyword mk  (cost=0.43..9.82 rows=63 width=8) (never executed)
2022-12-02 20:49:11 [P-13376] [MainThread] [parse_query_plan] [DEBUG] parse_query_plan.py[line:132] ['Index Scan', 'movie_keyword_idx_mid', 'movie_keyword mk']
2022-12-02 20:49:11 [P-13376] [MainThread] [parse_query_plan] [DEBUG] parse_query_plan.py[line:149] _do_IndexScan
2022-12-02 20:49:11 [P-13376] [MainThread] [parse_query_plan] [DEBUG] parse_query_plan.py[line:126] Hash  (cost=57.78..57.78 rows=7 width=4) (never executed)
2022-12-02 20:49:11 [P-13376] [MainThread] [parse_query_plan] [DEBUG] parse_query_plan.py[line:132] ['Hash']
2022-12-02 20:49:11 [P-13376] [MainThread] [parse_query_plan] [DEBUG] parse_query_plan.py[line:149] _do_Hash
2022-12-02 20:49:11 [P-13376] [MainThread] [parse_query_plan] [DEBUG] parse_query_plan.py[line:126] Bitmap Heap Scan on keyword k  (cost=30.99..57.78 rows=7 width=4) (never executed)
2022-12-02 20:49:11 [P-13376] [MainThread] [parse_query_plan] [DEBUG] parse_query_plan.py[line:132] ['Bitmap Heap Scan', 'keyword k']
2022-12-02 20:49:11 [P-13376] [MainThread] [parse_query_plan] [DEBUG] parse_query_plan.py[line:149] _do_BitMapHeapScan
2022-12-02 20:49:11 [P-13376] [MainThread] [parse_query_plan] [DEBUG] parse_query_plan.py[line:207] <re.Match object; span=(0, 84), match="(keyword = ANY ('{murder,violence,blood,gore,deat>
2022-12-02 20:49:11 [P-13376] [MainThread] [parse_query_plan] [DEBUG] parse_query_plan.py[line:126] Bitmap Index Scan on keyword_idx_keyword  (cost=0.00..30.99 rows=7 width=0) (never executed)
2022-12-02 20:49:11 [P-13376] [MainThread] [parse_query_plan] [DEBUG] parse_query_plan.py[line:132] ['Bitmap Index Scan', 'keyword_idx_keyword']
2022-12-02 20:49:11 [P-13376] [MainThread] [parse_query_plan] [DEBUG] parse_query_plan.py[line:149] _do_BitMapIndexScan
2022-12-02 20:49:11 [P-13376] [MainThread] [parse_query_plan] [DEBUG] parse_query_plan.py[line:207] <re.Match object; span=(0, 84), match="(keyword = ANY ('{murder,violence,blood,gore,deat>
2022-12-02 20:49:11 [P-13376] [MainThread] [parse_query_plan] [DEBUG] parse_query_plan.py[line:126] Index Scan using cast_info_idx_mid on cast_info ci  (cost=0.44..72.70 rows=1 width=8) (never executed)
2022-12-02 20:49:11 [P-13376] [MainThread] [parse_query_plan] [DEBUG] parse_query_plan.py[line:132] ['Index Scan', 'cast_info_idx_mid', 'cast_info ci']
2022-12-02 20:49:11 [P-13376] [MainThread] [parse_query_plan] [DEBUG] parse_query_plan.py[line:149] _do_IndexScan
2022-12-02 20:49:11 [P-13376] [MainThread] [parse_query_plan] [DEBUG] parse_query_plan.py[line:183] <re.Match object; span=(0, 89), match='note = ANY (\'{(writer),"(head writer)","(written>
2022-12-02 20:49:11 [P-13376] [MainThread] [parse_query_plan] [DEBUG] parse_query_plan.py[line:126] Index Scan using title_pkey on title t  (cost=0.43..4.19 rows=1 width=20) (never executed)
2022-12-02 20:49:11 [P-13376] [MainThread] [parse_query_plan] [DEBUG] parse_query_plan.py[line:132] ['Index Scan', 'title_pkey', 'title t']
2022-12-02 20:49:11 [P-13376] [MainThread] [parse_query_plan] [DEBUG] parse_query_plan.py[line:149] _do_IndexScan
2022-12-02 20:49:11 [P-13376] [MainThread] [parse_query_plan] [DEBUG] parse_query_plan.py[line:126] Index Scan using movie_companies_idx_mid on movie_companies mc  (cost=0.43..12.60 rows=6 width=8) (never executed)
2022-12-02 20:49:11 [P-13376] [MainThread] [parse_query_plan] [DEBUG] parse_query_plan.py[line:132] ['Index Scan', 'movie_companies_idx_mid', 'movie_companies mc']
2022-12-02 20:49:11 [P-13376] [MainThread] [parse_query_plan] [DEBUG] parse_query_plan.py[line:149] _do_IndexScan
2022-12-02 20:49:11 [P-13376] [MainThread] [parse_query_plan] [DEBUG] parse_query_plan.py[line:126] Index Scan using company_name_pkey on company_name cn  (cost=0.42..4.15 rows=1 width=4) (never executed)
2022-12-02 20:49:11 [P-13376] [MainThread] [parse_query_plan] [DEBUG] parse_query_plan.py[line:132] ['Index Scan', 'company_name_pkey', 'company_name cn']
2022-12-02 20:49:11 [P-13376] [MainThread] [parse_query_plan] [DEBUG] parse_query_plan.py[line:149] _do_IndexScan
2022-12-02 20:49:11 [P-13376] [MainThread] [parse_query_plan] [DEBUG] parse_query_plan.py[line:126] Index Scan using movie_info_idx_mid on movie_info mi  (cost=0.44..122.22 rows=1 width=51) (never executed)
2022-12-02 20:49:11 [P-13376] [MainThread] [parse_query_plan] [DEBUG] parse_query_plan.py[line:132] ['Index Scan', 'movie_info_idx_mid', 'movie_info mi']
2022-12-02 20:49:11 [P-13376] [MainThread] [parse_query_plan] [DEBUG] parse_query_plan.py[line:149] _do_IndexScan
2022-12-02 20:49:11 [P-13376] [MainThread] [parse_query_plan] [DEBUG] parse_query_plan.py[line:183] <re.Match object; span=(0, 64), match="info = ANY ('{Horror,Action,Sci-Fi,Thriller,Crime>
2022-12-02 20:49:11 [P-13376] [MainThread] [parse_query_plan] [DEBUG] parse_query_plan.py[line:126] Index Scan using info_type_pkey on info_type it1  (cost=0.14..0.16 rows=1 width=4) (never executed)
2022-12-02 20:49:11 [P-13376] [MainThread] [parse_query_plan] [DEBUG] parse_query_plan.py[line:132] ['Index Scan', 'info_type_pkey', 'info_type it1']
2022-12-02 20:49:11 [P-13376] [MainThread] [parse_query_plan] [DEBUG] parse_query_plan.py[line:149] _do_IndexScan
2022-12-02 20:49:11 [P-13376] [MainThread] [parse_query_plan] [DEBUG] parse_query_plan.py[line:126] Index Scan using name_pkey on name n  (cost=0.43..4.26 rows=1 width=19) (never executed)
2022-12-02 20:49:11 [P-13376] [MainThread] [parse_query_plan] [DEBUG] parse_query_plan.py[line:132] ['Index Scan', 'name_pkey', 'name n']
2022-12-02 20:49:11 [P-13376] [MainThread] [parse_query_plan] [DEBUG] parse_query_plan.py[line:149] _do_IndexScan
2022-12-02 20:49:11 [P-13376] [MainThread] [parse_query_plan] [DEBUG] parse_query_plan.py[line:126] Aggregate  (cost=2006.52..2006.53 rows=1 width=96) (actual time=0.289..0.290 rows=1 loops=1)
2022-12-02 20:49:11 [P-13376] [MainThread] [parse_query_plan] [DEBUG] parse_query_plan.py[line:132] ['Aggregate']
2022-12-02 20:49:11 [P-13376] [MainThread] [parse_query_plan] [DEBUG] parse_query_plan.py[line:149] _do_Aggregate
2022-12-02 20:49:11 [P-13376] [MainThread] [parse_query_plan] [DEBUG] parse_query_plan.py[line:126] Nested Loop  (cost=9.49..2001.27 rows=699 width=114) (actual time=0.287..0.288 rows=0 loops=1)
2022-12-02 20:49:11 [P-13376] [MainThread] [parse_query_plan] [DEBUG] parse_query_plan.py[line:132] ['Nested Loop']
2022-12-02 20:49:11 [P-13376] [MainThread] [parse_query_plan] [DEBUG] parse_query_plan.py[line:149] _do_NestedLoop
2022-12-02 20:49:11 [P-13376] [MainThread] [parse_query_plan] [DEBUG] parse_query_plan.py[line:126] Nested Loop  (cost=9.06..1626.63 rows=699 width=102) (actual time=0.287..0.288 rows=0 loops=1)
2022-12-02 20:49:11 [P-13376] [MainThread] [parse_query_plan] [DEBUG] parse_query_plan.py[line:132] ['Nested Loop']
2022-12-02 20:49:11 [P-13376] [MainThread] [parse_query_plan] [DEBUG] parse_query_plan.py[line:149] _do_NestedLoop
2022-12-02 20:49:11 [P-13376] [MainThread] [parse_query_plan] [DEBUG] parse_query_plan.py[line:126] Nested Loop  (cost=8.90..1606.33 rows=699 width=24) (actual time=0.287..0.288 rows=0 loops=1)
2022-12-02 20:49:11 [P-13376] [MainThread] [parse_query_plan] [DEBUG] parse_query_plan.py[line:132] ['Nested Loop']
2022-12-02 20:49:11 [P-13376] [MainThread] [parse_query_plan] [DEBUG] parse_query_plan.py[line:149] _do_NestedLoop
2022-12-02 20:49:11 [P-13376] [MainThread] [parse_query_plan] [DEBUG] parse_query_plan.py[line:126] Nested Loop  (cost=8.47..1553.19 rows=32 width=24) (actual time=0.287..0.287 rows=0 loops=1)
2022-12-02 20:49:11 [P-13376] [MainThread] [parse_query_plan] [DEBUG] parse_query_plan.py[line:132] ['Nested Loop']
2022-12-02 20:49:11 [P-13376] [MainThread] [parse_query_plan] [DEBUG] parse_query_plan.py[line:149] _do_NestedLoop
2022-12-02 20:49:11 [P-13376] [MainThread] [parse_query_plan] [DEBUG] parse_query_plan.py[line:126] Nested Loop  (cost=8.04..1537.90 rows=32 width=4) (actual time=0.287..0.287 rows=0 loops=1)
2022-12-02 20:49:11 [P-13376] [MainThread] [parse_query_plan] [DEBUG] parse_query_plan.py[line:132] ['Nested Loop']
2022-12-02 20:49:11 [P-13376] [MainThread] [parse_query_plan] [DEBUG] parse_query_plan.py[line:149] _do_NestedLoop
2022-12-02 20:49:11 [P-13376] [MainThread] [parse_query_plan] [DEBUG] parse_query_plan.py[line:126] Index Scan using keyword_idx_keyword on keyword k  (cost=0.42..8.44 rows=1 width=4) (actual time=0.286..0.287 rows=0 loops=1)
2022-12-02 20:49:11 [P-13376] [MainThread] [parse_query_plan] [DEBUG] parse_query_plan.py[line:132] ['Index Scan', 'keyword_idx_keyword', 'keyword k']
2022-12-02 20:49:11 [P-13376] [MainThread] [parse_query_plan] [DEBUG] parse_query_plan.py[line:149] _do_IndexScan
2022-12-02 20:49:11 [P-13376] [MainThread] [parse_query_plan] [DEBUG] parse_query_plan.py[line:126] Bitmap Heap Scan on movie_keyword mk  (cost=7.62..1525.35 rows=411 width=8) (never executed)
2022-12-02 20:49:11 [P-13376] [MainThread] [parse_query_plan] [DEBUG] parse_query_plan.py[line:132] ['Bitmap Heap Scan', 'movie_keyword mk']
2022-12-02 20:49:11 [P-13376] [MainThread] [parse_query_plan] [DEBUG] parse_query_plan.py[line:149] _do_BitMapHeapScan
2022-12-02 20:49:11 [P-13376] [MainThread] [parse_query_plan] [DEBUG] parse_query_plan.py[line:126] Bitmap Index Scan on movie_keyword_idx_keywordid  (cost=0.00..7.51 rows=411 width=0) (never executed)
2022-12-02 20:49:11 [P-13376] [MainThread] [parse_query_plan] [DEBUG] parse_query_plan.py[line:132] ['Bitmap Index Scan', 'movie_keyword_idx_keywordid']
2022-12-02 20:49:11 [P-13376] [MainThread] [parse_query_plan] [DEBUG] parse_query_plan.py[line:149] _do_BitMapIndexScan
2022-12-02 20:49:11 [P-13376] [MainThread] [parse_query_plan] [DEBUG] parse_query_plan.py[line:126] Index Scan using title_pkey on title t1  (cost=0.43..0.48 rows=1 width=20) (never executed)
2022-12-02 20:49:11 [P-13376] [MainThread] [parse_query_plan] [DEBUG] parse_query_plan.py[line:132] ['Index Scan', 'title_pkey', 'title t1']
2022-12-02 20:49:11 [P-13376] [MainThread] [parse_query_plan] [DEBUG] parse_query_plan.py[line:149] _do_IndexScan
2022-12-02 20:49:11 [P-13376] [MainThread] [parse_query_plan] [DEBUG] parse_query_plan.py[line:126] Index Scan using movie_link_idx_mid on movie_link ml  (cost=0.43..1.22 rows=44 width=12) (never executed)
2022-12-02 20:49:11 [P-13376] [MainThread] [parse_query_plan] [DEBUG] parse_query_plan.py[line:132] ['Index Scan', 'movie_link_idx_mid', 'movie_link ml']
2022-12-02 20:49:11 [P-13376] [MainThread] [parse_query_plan] [DEBUG] parse_query_plan.py[line:149] _do_IndexScan
2022-12-02 20:49:11 [P-13376] [MainThread] [parse_query_plan] [DEBUG] parse_query_plan.py[line:126] Memoize  (cost=0.16..0.18 rows=1 width=86) (never executed)
2022-12-02 20:49:11 [P-13376] [MainThread] [parse_query_plan] [DEBUG] parse_query_plan.py[line:132] ['Memoize']
2022-12-02 20:49:11 [P-13376] [MainThread] [parse_query_plan] [DEBUG] parse_query_plan.py[line:149] _do_Memorize
2022-12-02 20:49:11 [P-13376] [MainThread] [parse_query_plan] [DEBUG] parse_query_plan.py[line:126] Index Scan using link_type_pkey on link_type lt  (cost=0.15..0.17 rows=1 width=86) (never executed)
2022-12-02 20:49:11 [P-13376] [MainThread] [parse_query_plan] [DEBUG] parse_query_plan.py[line:132] ['Index Scan', 'link_type_pkey', 'link_type lt']
2022-12-02 20:49:11 [P-13376] [MainThread] [parse_query_plan] [DEBUG] parse_query_plan.py[line:149] _do_IndexScan
2022-12-02 20:49:11 [P-13376] [MainThread] [parse_query_plan] [DEBUG] parse_query_plan.py[line:126] Index Scan using title_pkey on title t2  (cost=0.43..0.54 rows=1 width=20) (never executed)
2022-12-02 20:49:11 [P-13376] [MainThread] [parse_query_plan] [DEBUG] parse_query_plan.py[line:132] ['Index Scan', 'title_pkey', 'title t2']
2022-12-02 20:49:11 [P-13376] [MainThread] [parse_query_plan] [DEBUG] parse_query_plan.py[line:149] _do_IndexScan
2022-12-02 20:49:11 [P-13376] [MainThread] [parse_query_plan] [DEBUG] parse_query_plan.py[line:126] Aggregate  (cost=2006.52..2006.53 rows=1 width=96) (actual time=709.106..709.109 rows=1 loops=1)
2022-12-02 20:49:11 [P-13376] [MainThread] [parse_query_plan] [DEBUG] parse_query_plan.py[line:132] ['Aggregate']
2022-12-02 20:49:11 [P-13376] [MainThread] [parse_query_plan] [DEBUG] parse_query_plan.py[line:149] _do_Aggregate
2022-12-02 20:49:11 [P-13376] [MainThread] [parse_query_plan] [DEBUG] parse_query_plan.py[line:126] Nested Loop  (cost=9.49..2001.27 rows=699 width=114) (actual time=4.615..697.924 rows=40684 loops=1)
2022-12-02 20:49:11 [P-13376] [MainThread] [parse_query_plan] [DEBUG] parse_query_plan.py[line:132] ['Nested Loop']
2022-12-02 20:49:11 [P-13376] [MainThread] [parse_query_plan] [DEBUG] parse_query_plan.py[line:149] _do_NestedLoop
2022-12-02 20:49:11 [P-13376] [MainThread] [parse_query_plan] [DEBUG] parse_query_plan.py[line:126] Nested Loop  (cost=9.06..1626.63 rows=699 width=102) (actual time=4.610..256.135 rows=73660 loops=1)
2022-12-02 20:49:11 [P-13376] [MainThread] [parse_query_plan] [DEBUG] parse_query_plan.py[line:132] ['Nested Loop']
2022-12-02 20:49:11 [P-13376] [MainThread] [parse_query_plan] [DEBUG] parse_query_plan.py[line:149] _do_NestedLoop
2022-12-02 20:49:11 [P-13376] [MainThread] [parse_query_plan] [DEBUG] parse_query_plan.py[line:126] Nested Loop  (cost=8.90..1606.33 rows=699 width=24) (actual time=4.588..236.173 rows=73660 loops=1)
2022-12-02 20:49:11 [P-13376] [MainThread] [parse_query_plan] [DEBUG] parse_query_plan.py[line:132] ['Nested Loop']
2022-12-02 20:49:11 [P-13376] [MainThread] [parse_query_plan] [DEBUG] parse_query_plan.py[line:149] _do_NestedLoop
2022-12-02 20:49:11 [P-13376] [MainThread] [parse_query_plan] [DEBUG] parse_query_plan.py[line:126] Nested Loop  (cost=8.47..1553.19 rows=32 width=24) (actual time=3.322..120.401 rows=15818 loops=1)
2022-12-02 20:49:11 [P-13376] [MainThread] [parse_query_plan] [DEBUG] parse_query_plan.py[line:132] ['Nested Loop']
2022-12-02 20:49:11 [P-13376] [MainThread] [parse_query_plan] [DEBUG] parse_query_plan.py[line:149] _do_NestedLoop
2022-12-02 20:49:11 [P-13376] [MainThread] [parse_query_plan] [DEBUG] parse_query_plan.py[line:126] Nested Loop  (cost=8.04..1537.90 rows=32 width=4) (actual time=2.844..63.889 rows=43721 loops=1)
2022-12-02 20:49:11 [P-13376] [MainThread] [parse_query_plan] [DEBUG] parse_query_plan.py[line:132] ['Nested Loop']
2022-12-02 20:49:11 [P-13376] [MainThread] [parse_query_plan] [DEBUG] parse_query_plan.py[line:149] _do_NestedLoop
2022-12-02 20:49:11 [P-13376] [MainThread] [parse_query_plan] [DEBUG] parse_query_plan.py[line:126] Index Scan using keyword_idx_keyword on keyword k  (cost=0.42..8.44 rows=1 width=4) (actual time=0.014..0.016 rows=1 loops=1)
2022-12-02 20:49:11 [P-13376] [MainThread] [parse_query_plan] [DEBUG] parse_query_plan.py[line:132] ['Index Scan', 'keyword_idx_keyword', 'keyword k']
2022-12-02 20:49:11 [P-13376] [MainThread] [parse_query_plan] [DEBUG] parse_query_plan.py[line:149] _do_IndexScan
2022-12-02 20:49:11 [P-13376] [MainThread] [parse_query_plan] [DEBUG] parse_query_plan.py[line:126] Bitmap Heap Scan on movie_keyword mk  (cost=7.62..1525.35 rows=411 width=8) (actual time=2.827..60.796 rows=43721 loops=1)
2022-12-02 20:49:11 [P-13376] [MainThread] [parse_query_plan] [DEBUG] parse_query_plan.py[line:132] ['Bitmap Heap Scan', 'movie_keyword mk']
2022-12-02 20:49:11 [P-13376] [MainThread] [parse_query_plan] [DEBUG] parse_query_plan.py[line:149] _do_BitMapHeapScan
2022-12-02 20:49:11 [P-13376] [MainThread] [parse_query_plan] [DEBUG] parse_query_plan.py[line:126] Bitmap Index Scan on movie_keyword_idx_keywordid  (cost=0.00..7.51 rows=411 width=0) (actual time=1.352..1.352 rows=43721 loops=1)
2022-12-02 20:49:11 [P-13376] [MainThread] [parse_query_plan] [DEBUG] parse_query_plan.py[line:132] ['Bitmap Index Scan', 'movie_keyword_idx_keywordid']
2022-12-02 20:49:11 [P-13376] [MainThread] [parse_query_plan] [DEBUG] parse_query_plan.py[line:149] _do_BitMapIndexScan
2022-12-02 20:49:11 [P-13376] [MainThread] [parse_query_plan] [DEBUG] parse_query_plan.py[line:126] Index Scan using title_pkey on title t1  (cost=0.43..0.48 rows=1 width=20) (actual time=0.001..0.001 rows=0 loops=43721)
2022-12-02 20:49:11 [P-13376] [MainThread] [parse_query_plan] [DEBUG] parse_query_plan.py[line:132] ['Index Scan', 'title_pkey', 'title t1']
2022-12-02 20:49:11 [P-13376] [MainThread] [parse_query_plan] [DEBUG] parse_query_plan.py[line:149] _do_IndexScan
2022-12-02 20:49:11 [P-13376] [MainThread] [parse_query_plan] [DEBUG] parse_query_plan.py[line:126] Index Scan using movie_link_idx_mid on movie_link ml  (cost=0.43..1.22 rows=44 width=12) (actual time=0.005..0.007 rows=5 loops=15818)
2022-12-02 20:49:11 [P-13376] [MainThread] [parse_query_plan] [DEBUG] parse_query_plan.py[line:132] ['Index Scan', 'movie_link_idx_mid', 'movie_link ml']
2022-12-02 20:49:11 [P-13376] [MainThread] [parse_query_plan] [DEBUG] parse_query_plan.py[line:149] _do_IndexScan
2022-12-02 20:49:11 [P-13376] [MainThread] [parse_query_plan] [DEBUG] parse_query_plan.py[line:126] Memoize  (cost=0.16..0.18 rows=1 width=86) (actual time=0.000..0.000 rows=1 loops=73660)
2022-12-02 20:49:11 [P-13376] [MainThread] [parse_query_plan] [DEBUG] parse_query_plan.py[line:132] ['Memoize']
2022-12-02 20:49:11 [P-13376] [MainThread] [parse_query_plan] [DEBUG] parse_query_plan.py[line:149] _do_Memorize
2022-12-02 20:49:11 [P-13376] [MainThread] [parse_query_plan] [DEBUG] parse_query_plan.py[line:126] Index Scan using link_type_pkey on link_type lt  (cost=0.15..0.17 rows=1 width=86) (actual time=0.002..0.002 rows=1 loops=16)
2022-12-02 20:49:11 [P-13376] [MainThread] [parse_query_plan] [DEBUG] parse_query_plan.py[line:132] ['Index Scan', 'link_type_pkey', 'link_type lt']
2022-12-02 20:49:11 [P-13376] [MainThread] [parse_query_plan] [DEBUG] parse_query_plan.py[line:149] _do_IndexScan
2022-12-02 20:49:11 [P-13376] [MainThread] [parse_query_plan] [DEBUG] parse_query_plan.py[line:126] Index Scan using title_pkey on title t2  (cost=0.43..0.54 rows=1 width=20) (actual time=0.006..0.006 rows=1 loops=73660)
2022-12-02 20:49:11 [P-13376] [MainThread] [parse_query_plan] [DEBUG] parse_query_plan.py[line:132] ['Index Scan', 'title_pkey', 'title t2']
2022-12-02 20:49:11 [P-13376] [MainThread] [parse_query_plan] [DEBUG] parse_query_plan.py[line:149] _do_IndexScan
2022-12-02 20:49:11 [P-13376] [MainThread] [parse_query_plan] [DEBUG] parse_query_plan.py[line:126] Aggregate  (cost=29.47..29.48 rows=1 width=192) (actual time=0.023..0.024 rows=1 loops=1)
2022-12-02 20:49:11 [P-13376] [MainThread] [parse_query_plan] [DEBUG] parse_query_plan.py[line:132] ['Aggregate']
2022-12-02 20:49:11 [P-13376] [MainThread] [parse_query_plan] [DEBUG] parse_query_plan.py[line:149] _do_Aggregate
2022-12-02 20:49:11 [P-13376] [MainThread] [parse_query_plan] [DEBUG] parse_query_plan.py[line:126] Nested Loop  (cost=7.92..29.46 rows=1 width=134) (actual time=0.022..0.023 rows=0 loops=1)
2022-12-02 20:49:11 [P-13376] [MainThread] [parse_query_plan] [DEBUG] parse_query_plan.py[line:132] ['Nested Loop']
2022-12-02 20:49:11 [P-13376] [MainThread] [parse_query_plan] [DEBUG] parse_query_plan.py[line:149] _do_NestedLoop
2022-12-02 20:49:11 [P-13376] [MainThread] [parse_query_plan] [DEBUG] parse_query_plan.py[line:126] Nested Loop  (cost=7.50..29.01 rows=1 width=119) (actual time=0.021..0.022 rows=0 loops=1)
2022-12-02 20:49:11 [P-13376] [MainThread] [parse_query_plan] [DEBUG] parse_query_plan.py[line:132] ['Nested Loop']
2022-12-02 20:49:11 [P-13376] [MainThread] [parse_query_plan] [DEBUG] parse_query_plan.py[line:149] _do_NestedLoop
2022-12-02 20:49:11 [P-13376] [MainThread] [parse_query_plan] [DEBUG] parse_query_plan.py[line:126] Nested Loop  (cost=7.36..28.62 rows=2 width=123) (actual time=0.021..0.022 rows=0 loops=1)
2022-12-02 20:49:11 [P-13376] [MainThread] [parse_query_plan] [DEBUG] parse_query_plan.py[line:132] ['Nested Loop']
2022-12-02 20:49:11 [P-13376] [MainThread] [parse_query_plan] [DEBUG] parse_query_plan.py[line:149] _do_NestedLoop
2022-12-02 20:49:11 [P-13376] [MainThread] [parse_query_plan] [DEBUG] parse_query_plan.py[line:126] Nested Loop  (cost=6.93..27.94 rows=1 width=131) (actual time=0.021..0.022 rows=0 loops=1)
2022-12-02 20:49:11 [P-13376] [MainThread] [parse_query_plan] [DEBUG] parse_query_plan.py[line:132] ['Nested Loop']
2022-12-02 20:49:11 [P-13376] [MainThread] [parse_query_plan] [DEBUG] parse_query_plan.py[line:149] _do_NestedLoop
2022-12-02 20:49:11 [P-13376] [MainThread] [parse_query_plan] [DEBUG] parse_query_plan.py[line:126] Nested Loop  (cost=6.50..27.49 rows=1 width=116) (actual time=0.021..0.022 rows=0 loops=1)
2022-12-02 20:49:11 [P-13376] [MainThread] [parse_query_plan] [DEBUG] parse_query_plan.py[line:132] ['Nested Loop']
2022-12-02 20:49:11 [P-13376] [MainThread] [parse_query_plan] [DEBUG] parse_query_plan.py[line:149] _do_NestedLoop
2022-12-02 20:49:11 [P-13376] [MainThread] [parse_query_plan] [DEBUG] parse_query_plan.py[line:126] Nested Loop  (cost=6.35..27.32 rows=1 width=120) (actual time=0.021..0.022 rows=0 loops=1)
2022-12-02 20:49:11 [P-13376] [MainThread] [parse_query_plan] [DEBUG] parse_query_plan.py[line:132] ['Nested Loop']
2022-12-02 20:49:11 [P-13376] [MainThread] [parse_query_plan] [DEBUG] parse_query_plan.py[line:149] _do_NestedLoop
2022-12-02 20:49:11 [P-13376] [MainThread] [parse_query_plan] [DEBUG] parse_query_plan.py[line:126] Nested Loop  (cost=6.20..26.80 rows=2 width=96) (actual time=0.021..0.022 rows=0 loops=1)
2022-12-02 20:49:11 [P-13376] [MainThread] [parse_query_plan] [DEBUG] parse_query_plan.py[line:132] ['Nested Loop']
2022-12-02 20:49:11 [P-13376] [MainThread] [parse_query_plan] [DEBUG] parse_query_plan.py[line:149] _do_NestedLoop
2022-12-02 20:49:11 [P-13376] [MainThread] [parse_query_plan] [DEBUG] parse_query_plan.py[line:126] Nested Loop  (cost=5.77..26.14 rows=1 width=88) (actual time=0.021..0.022 rows=0 loops=1)
2022-12-02 20:49:11 [P-13376] [MainThread] [parse_query_plan] [DEBUG] parse_query_plan.py[line:132] ['Nested Loop']
2022-12-02 20:49:11 [P-13376] [MainThread] [parse_query_plan] [DEBUG] parse_query_plan.py[line:149] _do_NestedLoop
2022-12-02 20:49:11 [P-13376] [MainThread] [parse_query_plan] [DEBUG] parse_query_plan.py[line:126] Nested Loop  (cost=5.62..25.97 rows=1 width=92) (actual time=0.021..0.021 rows=0 loops=1)
2022-12-02 20:49:11 [P-13376] [MainThread] [parse_query_plan] [DEBUG] parse_query_plan.py[line:132] ['Nested Loop']
2022-12-02 20:49:11 [P-13376] [MainThread] [parse_query_plan] [DEBUG] parse_query_plan.py[line:149] _do_NestedLoop
2022-12-02 20:49:11 [P-13376] [MainThread] [parse_query_plan] [DEBUG] parse_query_plan.py[line:126] Nested Loop  (cost=5.19..25.43 rows=1 width=68) (actual time=0.021..0.021 rows=0 loops=1)
2022-12-02 20:49:11 [P-13376] [MainThread] [parse_query_plan] [DEBUG] parse_query_plan.py[line:132] ['Nested Loop']
2022-12-02 20:49:11 [P-13376] [MainThread] [parse_query_plan] [DEBUG] parse_query_plan.py[line:149] _do_NestedLoop
2022-12-02 20:49:11 [P-13376] [MainThread] [parse_query_plan] [DEBUG] parse_query_plan.py[line:126] Nested Loop  (cost=4.76..23.66 rows=1 width=56) (actual time=0.021..0.021 rows=0 loops=1)
2022-12-02 20:49:11 [P-13376] [MainThread] [parse_query_plan] [DEBUG] parse_query_plan.py[line:132] ['Nested Loop']
2022-12-02 20:49:11 [P-13376] [MainThread] [parse_query_plan] [DEBUG] parse_query_plan.py[line:149] _do_NestedLoop
2022-12-02 20:49:11 [P-13376] [MainThread] [parse_query_plan] [DEBUG] parse_query_plan.py[line:126] Nested Loop  (cost=4.61..23.48 rows=1 width=60) (actual time=0.021..0.021 rows=0 loops=1)
2022-12-02 20:49:11 [P-13376] [MainThread] [parse_query_plan] [DEBUG] parse_query_plan.py[line:132] ['Nested Loop']
2022-12-02 20:49:11 [P-13376] [MainThread] [parse_query_plan] [DEBUG] parse_query_plan.py[line:149] _do_NestedLoop
2022-12-02 20:49:11 [P-13376] [MainThread] [parse_query_plan] [DEBUG] parse_query_plan.py[line:126] Nested Loop  (cost=4.18..15.07 rows=1 width=36) (actual time=0.021..0.021 rows=0 loops=1)
2022-12-02 20:49:11 [P-13376] [MainThread] [parse_query_plan] [DEBUG] parse_query_plan.py[line:132] ['Nested Loop']
2022-12-02 20:49:11 [P-13376] [MainThread] [parse_query_plan] [DEBUG] parse_query_plan.py[line:149] _do_NestedLoop
2022-12-02 20:49:11 [P-13376] [MainThread] [parse_query_plan] [DEBUG] parse_query_plan.py[line:126] Seq Scan on info_type it2  (cost=0.00..2.41 rows=1 width=4) (actual time=0.015..0.016 rows=1 loops=1)
2022-12-02 20:49:11 [P-13376] [MainThread] [parse_query_plan] [DEBUG] parse_query_plan.py[line:132] ['Seq Scan', 'info_type it2']
2022-12-02 20:49:11 [P-13376] [MainThread] [parse_query_plan] [DEBUG] parse_query_plan.py[line:149] _do_SeqScan
2022-12-02 20:49:11 [P-13376] [MainThread] [parse_query_plan] [DEBUG] parse_query_plan.py[line:126] Bitmap Heap Scan on movie_info_idx mi_idx2  (cost=4.18..12.65 rows=1 width=40) (actual time=0.003..0.003 rows=0 loops=1)
2022-12-02 20:49:11 [P-13376] [MainThread] [parse_query_plan] [DEBUG] parse_query_plan.py[line:132] ['Bitmap Heap Scan', 'movie_info_idx mi_idx2']
2022-12-02 20:49:11 [P-13376] [MainThread] [parse_query_plan] [DEBUG] parse_query_plan.py[line:149] _do_BitMapHeapScan
2022-12-02 20:49:11 [P-13376] [MainThread] [parse_query_plan] [DEBUG] parse_query_plan.py[line:126] Bitmap Index Scan on info_type_id_movie_info_idx  (cost=0.00..4.18 rows=4 width=0) (actual time=0.002..0.002 rows=0 loops=1)
2022-12-02 20:49:11 [P-13376] [MainThread] [parse_query_plan] [DEBUG] parse_query_plan.py[line:132] ['Bitmap Index Scan', 'info_type_id_movie_info_idx']
2022-12-02 20:49:11 [P-13376] [MainThread] [parse_query_plan] [DEBUG] parse_query_plan.py[line:149] _do_BitMapIndexScan
2022-12-02 20:49:11 [P-13376] [MainThread] [parse_query_plan] [DEBUG] parse_query_plan.py[line:126] Index Scan using title_pkey on title t2  (cost=0.43..8.41 rows=1 width=24) (never executed)
2022-12-02 20:49:11 [P-13376] [MainThread] [parse_query_plan] [DEBUG] parse_query_plan.py[line:132] ['Index Scan', 'title_pkey', 'title t2']
2022-12-02 20:49:11 [P-13376] [MainThread] [parse_query_plan] [DEBUG] parse_query_plan.py[line:149] _do_IndexScan
2022-12-02 20:49:11 [P-13376] [MainThread] [parse_query_plan] [DEBUG] parse_query_plan.py[line:126] Index Scan using kind_type_pkey on kind_type kt2  (cost=0.15..0.17 rows=1 width=4) (never executed)
2022-12-02 20:49:11 [P-13376] [MainThread] [parse_query_plan] [DEBUG] parse_query_plan.py[line:132] ['Index Scan', 'kind_type_pkey', 'kind_type kt2']
2022-12-02 20:49:11 [P-13376] [MainThread] [parse_query_plan] [DEBUG] parse_query_plan.py[line:149] _do_IndexScan
2022-12-02 20:49:11 [P-13376] [MainThread] [parse_query_plan] [DEBUG] parse_query_plan.py[line:126] Index Scan using movie_link_idx_lmid on movie_link ml  (cost=0.43..1.35 rows=43 width=12) (never executed)
2022-12-02 20:49:11 [P-13376] [MainThread] [parse_query_plan] [DEBUG] parse_query_plan.py[line:132] ['Index Scan', 'movie_link_idx_lmid', 'movie_link ml']
2022-12-02 20:49:11 [P-13376] [MainThread] [parse_query_plan] [DEBUG] parse_query_plan.py[line:149] _do_IndexScan
2022-12-02 20:49:11 [P-13376] [MainThread] [parse_query_plan] [DEBUG] parse_query_plan.py[line:126] Index Scan using title_pkey on title t1  (cost=0.43..0.54 rows=1 width=24) (never executed)
2022-12-02 20:49:11 [P-13376] [MainThread] [parse_query_plan] [DEBUG] parse_query_plan.py[line:132] ['Index Scan', 'title_pkey', 'title t1']
2022-12-02 20:49:11 [P-13376] [MainThread] [parse_query_plan] [DEBUG] parse_query_plan.py[line:149] _do_IndexScan
2022-12-02 20:49:11 [P-13376] [MainThread] [parse_query_plan] [DEBUG] parse_query_plan.py[line:126] Index Scan using link_type_pkey on link_type lt  (cost=0.15..0.17 rows=1 width=4) (never executed)
2022-12-02 20:49:11 [P-13376] [MainThread] [parse_query_plan] [DEBUG] parse_query_plan.py[line:132] ['Index Scan', 'link_type_pkey', 'link_type lt']
2022-12-02 20:49:11 [P-13376] [MainThread] [parse_query_plan] [DEBUG] parse_query_plan.py[line:149] _do_IndexScan
2022-12-02 20:49:11 [P-13376] [MainThread] [parse_query_plan] [DEBUG] parse_query_plan.py[line:183] <re.Match object; span=(0, 61), match='(link)::text = ANY (\'{sequel,follows,"followed b>
2022-12-02 20:49:11 [P-13376] [MainThread] [parse_query_plan] [DEBUG] parse_query_plan.py[line:126] Index Scan using movie_companies_idx_mid on movie_companies mc1  (cost=0.43..0.59 rows=6 width=8) (never executed)
2022-12-02 20:49:11 [P-13376] [MainThread] [parse_query_plan] [DEBUG] parse_query_plan.py[line:132] ['Index Scan', 'movie_companies_idx_mid', 'movie_companies mc1']
2022-12-02 20:49:11 [P-13376] [MainThread] [parse_query_plan] [DEBUG] parse_query_plan.py[line:149] _do_IndexScan
2022-12-02 20:49:11 [P-13376] [MainThread] [parse_query_plan] [DEBUG] parse_query_plan.py[line:126] Index Scan using movie_id_movie_info_idx on movie_info_idx mi_idx1  (cost=0.15..0.22 rows=4 width=40) (never executed)
2022-12-02 20:49:11 [P-13376] [MainThread] [parse_query_plan] [DEBUG] parse_query_plan.py[line:132] ['Index Scan', 'movie_id_movie_info_idx', 'movie_info_idx mi_idx1']
2022-12-02 20:49:11 [P-13376] [MainThread] [parse_query_plan] [DEBUG] parse_query_plan.py[line:149] _do_IndexScan
2022-12-02 20:49:11 [P-13376] [MainThread] [parse_query_plan] [DEBUG] parse_query_plan.py[line:126] Index Scan using kind_type_pkey on kind_type kt1  (cost=0.15..0.17 rows=1 width=4) (never executed)
2022-12-02 20:49:11 [P-13376] [MainThread] [parse_query_plan] [DEBUG] parse_query_plan.py[line:132] ['Index Scan', 'kind_type_pkey', 'kind_type kt1']
2022-12-02 20:49:11 [P-13376] [MainThread] [parse_query_plan] [DEBUG] parse_query_plan.py[line:149] _do_IndexScan
2022-12-02 20:49:11 [P-13376] [MainThread] [parse_query_plan] [DEBUG] parse_query_plan.py[line:126] Index Scan using company_name_pkey on company_name cn1  (cost=0.42..0.45 rows=1 width=23) (never executed)
2022-12-02 20:49:11 [P-13376] [MainThread] [parse_query_plan] [DEBUG] parse_query_plan.py[line:132] ['Index Scan', 'company_name_pkey', 'company_name cn1']
2022-12-02 20:49:11 [P-13376] [MainThread] [parse_query_plan] [DEBUG] parse_query_plan.py[line:149] _do_IndexScan
2022-12-02 20:49:11 [P-13376] [MainThread] [parse_query_plan] [DEBUG] parse_query_plan.py[line:126] Index Scan using movie_companies_idx_mid on movie_companies mc2  (cost=0.43..0.61 rows=6 width=8) (never executed)
2022-12-02 20:49:11 [P-13376] [MainThread] [parse_query_plan] [DEBUG] parse_query_plan.py[line:132] ['Index Scan', 'movie_companies_idx_mid', 'movie_companies mc2']
2022-12-02 20:49:11 [P-13376] [MainThread] [parse_query_plan] [DEBUG] parse_query_plan.py[line:149] _do_IndexScan
2022-12-02 20:49:11 [P-13376] [MainThread] [parse_query_plan] [DEBUG] parse_query_plan.py[line:126] Index Scan using info_type_pkey on info_type it1  (cost=0.14..0.18 rows=1 width=4) (never executed)
2022-12-02 20:49:11 [P-13376] [MainThread] [parse_query_plan] [DEBUG] parse_query_plan.py[line:132] ['Index Scan', 'info_type_pkey', 'info_type it1']
2022-12-02 20:49:11 [P-13376] [MainThread] [parse_query_plan] [DEBUG] parse_query_plan.py[line:149] _do_IndexScan
2022-12-02 20:49:11 [P-13376] [MainThread] [parse_query_plan] [DEBUG] parse_query_plan.py[line:126] Index Scan using company_name_pkey on company_name cn2  (cost=0.42..0.44 rows=1 width=23) (never executed)
2022-12-02 20:49:11 [P-13376] [MainThread] [parse_query_plan] [DEBUG] parse_query_plan.py[line:132] ['Index Scan', 'company_name_pkey', 'company_name cn2']
2022-12-02 20:49:11 [P-13376] [MainThread] [parse_query_plan] [DEBUG] parse_query_plan.py[line:149] _do_IndexScan
2022-12-02 20:49:11 [P-13376] [MainThread] [parse_query_plan] [DEBUG] parse_query_plan.py[line:126] Aggregate  (cost=29.95..29.96 rows=1 width=192) (actual time=0.017..0.018 rows=1 loops=1)
2022-12-02 20:49:11 [P-13376] [MainThread] [parse_query_plan] [DEBUG] parse_query_plan.py[line:132] ['Aggregate']
2022-12-02 20:49:11 [P-13376] [MainThread] [parse_query_plan] [DEBUG] parse_query_plan.py[line:149] _do_Aggregate
2022-12-02 20:49:11 [P-13376] [MainThread] [parse_query_plan] [DEBUG] parse_query_plan.py[line:126] Nested Loop  (cost=7.92..29.93 rows=1 width=134) (actual time=0.015..0.016 rows=0 loops=1)
2022-12-02 20:49:11 [P-13376] [MainThread] [parse_query_plan] [DEBUG] parse_query_plan.py[line:132] ['Nested Loop']
2022-12-02 20:49:11 [P-13376] [MainThread] [parse_query_plan] [DEBUG] parse_query_plan.py[line:149] _do_NestedLoop
2022-12-02 20:49:11 [P-13376] [MainThread] [parse_query_plan] [DEBUG] parse_query_plan.py[line:126] Nested Loop  (cost=7.50..29.49 rows=1 width=119) (actual time=0.015..0.016 rows=0 loops=1)
2022-12-02 20:49:11 [P-13376] [MainThread] [parse_query_plan] [DEBUG] parse_query_plan.py[line:132] ['Nested Loop']
2022-12-02 20:49:11 [P-13376] [MainThread] [parse_query_plan] [DEBUG] parse_query_plan.py[line:149] _do_NestedLoop
2022-12-02 20:49:11 [P-13376] [MainThread] [parse_query_plan] [DEBUG] parse_query_plan.py[line:126] Nested Loop  (cost=7.36..29.10 rows=2 width=123) (actual time=0.015..0.016 rows=0 loops=1)
2022-12-02 20:49:11 [P-13376] [MainThread] [parse_query_plan] [DEBUG] parse_query_plan.py[line:132] ['Nested Loop']
2022-12-02 20:49:11 [P-13376] [MainThread] [parse_query_plan] [DEBUG] parse_query_plan.py[line:149] _do_NestedLoop
2022-12-02 20:49:11 [P-13376] [MainThread] [parse_query_plan] [DEBUG] parse_query_plan.py[line:126] Nested Loop  (cost=6.93..28.41 rows=1 width=131) (actual time=0.015..0.016 rows=0 loops=1)
2022-12-02 20:49:11 [P-13376] [MainThread] [parse_query_plan] [DEBUG] parse_query_plan.py[line:132] ['Nested Loop']
2022-12-02 20:49:11 [P-13376] [MainThread] [parse_query_plan] [DEBUG] parse_query_plan.py[line:149] _do_NestedLoop
2022-12-02 20:49:11 [P-13376] [MainThread] [parse_query_plan] [DEBUG] parse_query_plan.py[line:126] Nested Loop  (cost=6.50..27.97 rows=1 width=116) (actual time=0.015..0.016 rows=0 loops=1)
2022-12-02 20:49:11 [P-13376] [MainThread] [parse_query_plan] [DEBUG] parse_query_plan.py[line:132] ['Nested Loop']
2022-12-02 20:49:11 [P-13376] [MainThread] [parse_query_plan] [DEBUG] parse_query_plan.py[line:149] _do_NestedLoop
2022-12-02 20:49:11 [P-13376] [MainThread] [parse_query_plan] [DEBUG] parse_query_plan.py[line:126] Nested Loop  (cost=6.35..27.79 rows=1 width=120) (actual time=0.015..0.016 rows=0 loops=1)
2022-12-02 20:49:11 [P-13376] [MainThread] [parse_query_plan] [DEBUG] parse_query_plan.py[line:132] ['Nested Loop']
2022-12-02 20:49:11 [P-13376] [MainThread] [parse_query_plan] [DEBUG] parse_query_plan.py[line:149] _do_NestedLoop
2022-12-02 20:49:11 [P-13376] [MainThread] [parse_query_plan] [DEBUG] parse_query_plan.py[line:126] Nested Loop  (cost=6.20..27.27 rows=2 width=96) (actual time=0.015..0.015 rows=0 loops=1)
2022-12-02 20:49:11 [P-13376] [MainThread] [parse_query_plan] [DEBUG] parse_query_plan.py[line:132] ['Nested Loop']
2022-12-02 20:49:11 [P-13376] [MainThread] [parse_query_plan] [DEBUG] parse_query_plan.py[line:149] _do_NestedLoop
2022-12-02 20:49:11 [P-13376] [MainThread] [parse_query_plan] [DEBUG] parse_query_plan.py[line:126] Nested Loop  (cost=5.77..26.62 rows=1 width=88) (actual time=0.015..0.015 rows=0 loops=1)
2022-12-02 20:49:11 [P-13376] [MainThread] [parse_query_plan] [DEBUG] parse_query_plan.py[line:132] ['Nested Loop']
2022-12-02 20:49:11 [P-13376] [MainThread] [parse_query_plan] [DEBUG] parse_query_plan.py[line:149] _do_NestedLoop
2022-12-02 20:49:11 [P-13376] [MainThread] [parse_query_plan] [DEBUG] parse_query_plan.py[line:126] Nested Loop  (cost=5.62..26.43 rows=1 width=92) (actual time=0.015..0.015 rows=0 loops=1)
2022-12-02 20:49:11 [P-13376] [MainThread] [parse_query_plan] [DEBUG] parse_query_plan.py[line:132] ['Nested Loop']
2022-12-02 20:49:11 [P-13376] [MainThread] [parse_query_plan] [DEBUG] parse_query_plan.py[line:149] _do_NestedLoop
2022-12-02 20:49:11 [P-13376] [MainThread] [parse_query_plan] [DEBUG] parse_query_plan.py[line:126] Nested Loop  (cost=5.19..25.89 rows=1 width=68) (actual time=0.015..0.015 rows=0 loops=1)
2022-12-02 20:49:11 [P-13376] [MainThread] [parse_query_plan] [DEBUG] parse_query_plan.py[line:132] ['Nested Loop']
2022-12-02 20:49:11 [P-13376] [MainThread] [parse_query_plan] [DEBUG] parse_query_plan.py[line:149] _do_NestedLoop
2022-12-02 20:49:11 [P-13376] [MainThread] [parse_query_plan] [DEBUG] parse_query_plan.py[line:126] Nested Loop  (cost=4.76..23.65 rows=1 width=56) (actual time=0.015..0.015 rows=0 loops=1)
2022-12-02 20:49:11 [P-13376] [MainThread] [parse_query_plan] [DEBUG] parse_query_plan.py[line:132] ['Nested Loop']
2022-12-02 20:49:11 [P-13376] [MainThread] [parse_query_plan] [DEBUG] parse_query_plan.py[line:149] _do_NestedLoop
2022-12-02 20:49:11 [P-13376] [MainThread] [parse_query_plan] [DEBUG] parse_query_plan.py[line:126] Nested Loop  (cost=4.61..23.48 rows=1 width=60) (actual time=0.014..0.015 rows=0 loops=1)
2022-12-02 20:49:11 [P-13376] [MainThread] [parse_query_plan] [DEBUG] parse_query_plan.py[line:132] ['Nested Loop']
2022-12-02 20:49:11 [P-13376] [MainThread] [parse_query_plan] [DEBUG] parse_query_plan.py[line:149] _do_NestedLoop
2022-12-02 20:49:11 [P-13376] [MainThread] [parse_query_plan] [DEBUG] parse_query_plan.py[line:126] Nested Loop  (cost=4.18..15.07 rows=1 width=36) (actual time=0.014..0.015 rows=0 loops=1)
2022-12-02 20:49:11 [P-13376] [MainThread] [parse_query_plan] [DEBUG] parse_query_plan.py[line:132] ['Nested Loop']
2022-12-02 20:49:11 [P-13376] [MainThread] [parse_query_plan] [DEBUG] parse_query_plan.py[line:149] _do_NestedLoop
2022-12-02 20:49:11 [P-13376] [MainThread] [parse_query_plan] [DEBUG] parse_query_plan.py[line:126] Seq Scan on info_type it2  (cost=0.00..2.41 rows=1 width=4) (actual time=0.009..0.010 rows=1 loops=1)
2022-12-02 20:49:11 [P-13376] [MainThread] [parse_query_plan] [DEBUG] parse_query_plan.py[line:132] ['Seq Scan', 'info_type it2']
2022-12-02 20:49:11 [P-13376] [MainThread] [parse_query_plan] [DEBUG] parse_query_plan.py[line:149] _do_SeqScan
2022-12-02 20:49:11 [P-13376] [MainThread] [parse_query_plan] [DEBUG] parse_query_plan.py[line:126] Bitmap Heap Scan on movie_info_idx mi_idx2  (cost=4.18..12.65 rows=1 width=40) (actual time=0.003..0.003 rows=0 loops=1)
2022-12-02 20:49:11 [P-13376] [MainThread] [parse_query_plan] [DEBUG] parse_query_plan.py[line:132] ['Bitmap Heap Scan', 'movie_info_idx mi_idx2']
2022-12-02 20:49:11 [P-13376] [MainThread] [parse_query_plan] [DEBUG] parse_query_plan.py[line:149] _do_BitMapHeapScan
2022-12-02 20:49:11 [P-13376] [MainThread] [parse_query_plan] [DEBUG] parse_query_plan.py[line:126] Bitmap Index Scan on info_type_id_movie_info_idx  (cost=0.00..4.18 rows=4 width=0) (actual time=0.001..0.001 rows=0 loops=1)
2022-12-02 20:49:11 [P-13376] [MainThread] [parse_query_plan] [DEBUG] parse_query_plan.py[line:132] ['Bitmap Index Scan', 'info_type_id_movie_info_idx']
2022-12-02 20:49:11 [P-13376] [MainThread] [parse_query_plan] [DEBUG] parse_query_plan.py[line:149] _do_BitMapIndexScan
2022-12-02 20:49:11 [P-13376] [MainThread] [parse_query_plan] [DEBUG] parse_query_plan.py[line:126] Index Scan using title_pkey on title t2  (cost=0.43..8.40 rows=1 width=24) (never executed)
2022-12-02 20:49:11 [P-13376] [MainThread] [parse_query_plan] [DEBUG] parse_query_plan.py[line:132] ['Index Scan', 'title_pkey', 'title t2']
2022-12-02 20:49:11 [P-13376] [MainThread] [parse_query_plan] [DEBUG] parse_query_plan.py[line:149] _do_IndexScan
2022-12-02 20:49:11 [P-13376] [MainThread] [parse_query_plan] [DEBUG] parse_query_plan.py[line:126] Index Scan using kind_type_pkey on kind_type kt2  (cost=0.15..0.17 rows=1 width=4) (never executed)
2022-12-02 20:49:11 [P-13376] [MainThread] [parse_query_plan] [DEBUG] parse_query_plan.py[line:132] ['Index Scan', 'kind_type_pkey', 'kind_type kt2']
2022-12-02 20:49:11 [P-13376] [MainThread] [parse_query_plan] [DEBUG] parse_query_plan.py[line:149] _do_IndexScan
2022-12-02 20:49:11 [P-13376] [MainThread] [parse_query_plan] [DEBUG] parse_query_plan.py[line:126] Index Scan using movie_link_idx_lmid on movie_link ml  (cost=0.43..1.81 rows=43 width=12) (never executed)
2022-12-02 20:49:11 [P-13376] [MainThread] [parse_query_plan] [DEBUG] parse_query_plan.py[line:132] ['Index Scan', 'movie_link_idx_lmid', 'movie_link ml']
2022-12-02 20:49:11 [P-13376] [MainThread] [parse_query_plan] [DEBUG] parse_query_plan.py[line:149] _do_IndexScan
2022-12-02 20:49:11 [P-13376] [MainThread] [parse_query_plan] [DEBUG] parse_query_plan.py[line:126] Index Scan using title_pkey on title t1  (cost=0.43..0.54 rows=1 width=24) (never executed)
2022-12-02 20:49:11 [P-13376] [MainThread] [parse_query_plan] [DEBUG] parse_query_plan.py[line:132] ['Index Scan', 'title_pkey', 'title t1']
2022-12-02 20:49:11 [P-13376] [MainThread] [parse_query_plan] [DEBUG] parse_query_plan.py[line:149] _do_IndexScan
2022-12-02 20:49:11 [P-13376] [MainThread] [parse_query_plan] [DEBUG] parse_query_plan.py[line:126] Index Scan using link_type_pkey on link_type lt  (cost=0.15..0.17 rows=1 width=4) (never executed)
2022-12-02 20:49:11 [P-13376] [MainThread] [parse_query_plan] [DEBUG] parse_query_plan.py[line:132] ['Index Scan', 'link_type_pkey', 'link_type lt']
2022-12-02 20:49:11 [P-13376] [MainThread] [parse_query_plan] [DEBUG] parse_query_plan.py[line:149] _do_IndexScan
2022-12-02 20:49:11 [P-13376] [MainThread] [parse_query_plan] [DEBUG] parse_query_plan.py[line:126] Index Scan using movie_companies_idx_mid on movie_companies mc1  (cost=0.43..0.59 rows=6 width=8) (never executed)
2022-12-02 20:49:11 [P-13376] [MainThread] [parse_query_plan] [DEBUG] parse_query_plan.py[line:132] ['Index Scan', 'movie_companies_idx_mid', 'movie_companies mc1']
2022-12-02 20:49:11 [P-13376] [MainThread] [parse_query_plan] [DEBUG] parse_query_plan.py[line:149] _do_IndexScan
2022-12-02 20:49:11 [P-13376] [MainThread] [parse_query_plan] [DEBUG] parse_query_plan.py[line:126] Index Scan using movie_id_movie_info_idx on movie_info_idx mi_idx1  (cost=0.15..0.22 rows=4 width=40) (never executed)
2022-12-02 20:49:11 [P-13376] [MainThread] [parse_query_plan] [DEBUG] parse_query_plan.py[line:132] ['Index Scan', 'movie_id_movie_info_idx', 'movie_info_idx mi_idx1']
2022-12-02 20:49:11 [P-13376] [MainThread] [parse_query_plan] [DEBUG] parse_query_plan.py[line:149] _do_IndexScan
2022-12-02 20:49:11 [P-13376] [MainThread] [parse_query_plan] [DEBUG] parse_query_plan.py[line:126] Index Scan using kind_type_pkey on kind_type kt1  (cost=0.15..0.17 rows=1 width=4) (never executed)
2022-12-02 20:49:11 [P-13376] [MainThread] [parse_query_plan] [DEBUG] parse_query_plan.py[line:132] ['Index Scan', 'kind_type_pkey', 'kind_type kt1']
2022-12-02 20:49:11 [P-13376] [MainThread] [parse_query_plan] [DEBUG] parse_query_plan.py[line:149] _do_IndexScan
2022-12-02 20:49:11 [P-13376] [MainThread] [parse_query_plan] [DEBUG] parse_query_plan.py[line:126] Index Scan using company_name_pkey on company_name cn1  (cost=0.42..0.45 rows=1 width=23) (never executed)
2022-12-02 20:49:11 [P-13376] [MainThread] [parse_query_plan] [DEBUG] parse_query_plan.py[line:132] ['Index Scan', 'company_name_pkey', 'company_name cn1']
2022-12-02 20:49:11 [P-13376] [MainThread] [parse_query_plan] [DEBUG] parse_query_plan.py[line:149] _do_IndexScan
2022-12-02 20:49:11 [P-13376] [MainThread] [parse_query_plan] [DEBUG] parse_query_plan.py[line:126] Index Scan using movie_companies_idx_mid on movie_companies mc2  (cost=0.43..0.61 rows=6 width=8) (never executed)
2022-12-02 20:49:11 [P-13376] [MainThread] [parse_query_plan] [DEBUG] parse_query_plan.py[line:132] ['Index Scan', 'movie_companies_idx_mid', 'movie_companies mc2']
2022-12-02 20:49:11 [P-13376] [MainThread] [parse_query_plan] [DEBUG] parse_query_plan.py[line:149] _do_IndexScan
2022-12-02 20:49:11 [P-13376] [MainThread] [parse_query_plan] [DEBUG] parse_query_plan.py[line:126] Index Scan using info_type_pkey on info_type it1  (cost=0.14..0.18 rows=1 width=4) (never executed)
2022-12-02 20:49:11 [P-13376] [MainThread] [parse_query_plan] [DEBUG] parse_query_plan.py[line:132] ['Index Scan', 'info_type_pkey', 'info_type it1']
2022-12-02 20:49:11 [P-13376] [MainThread] [parse_query_plan] [DEBUG] parse_query_plan.py[line:149] _do_IndexScan
2022-12-02 20:49:11 [P-13376] [MainThread] [parse_query_plan] [DEBUG] parse_query_plan.py[line:126] Index Scan using company_name_pkey on company_name cn2  (cost=0.42..0.44 rows=1 width=23) (never executed)
2022-12-02 20:49:11 [P-13376] [MainThread] [parse_query_plan] [DEBUG] parse_query_plan.py[line:132] ['Index Scan', 'company_name_pkey', 'company_name cn2']
2022-12-02 20:49:11 [P-13376] [MainThread] [parse_query_plan] [DEBUG] parse_query_plan.py[line:149] _do_IndexScan
2022-12-02 20:49:11 [P-13376] [MainThread] [parse_query_plan] [DEBUG] parse_query_plan.py[line:126] Aggregate  (cost=29.37..29.38 rows=1 width=192) (actual time=0.015..0.016 rows=1 loops=1)
2022-12-02 20:49:11 [P-13376] [MainThread] [parse_query_plan] [DEBUG] parse_query_plan.py[line:132] ['Aggregate']
2022-12-02 20:49:11 [P-13376] [MainThread] [parse_query_plan] [DEBUG] parse_query_plan.py[line:149] _do_Aggregate
2022-12-02 20:49:11 [P-13376] [MainThread] [parse_query_plan] [DEBUG] parse_query_plan.py[line:126] Nested Loop  (cost=7.92..29.36 rows=1 width=134) (actual time=0.013..0.014 rows=0 loops=1)
2022-12-02 20:49:11 [P-13376] [MainThread] [parse_query_plan] [DEBUG] parse_query_plan.py[line:132] ['Nested Loop']
2022-12-02 20:49:11 [P-13376] [MainThread] [parse_query_plan] [DEBUG] parse_query_plan.py[line:149] _do_NestedLoop
2022-12-02 20:49:11 [P-13376] [MainThread] [parse_query_plan] [DEBUG] parse_query_plan.py[line:126] Nested Loop  (cost=7.50..28.91 rows=1 width=119) (actual time=0.013..0.014 rows=0 loops=1)
2022-12-02 20:49:11 [P-13376] [MainThread] [parse_query_plan] [DEBUG] parse_query_plan.py[line:132] ['Nested Loop']
2022-12-02 20:49:11 [P-13376] [MainThread] [parse_query_plan] [DEBUG] parse_query_plan.py[line:149] _do_NestedLoop
2022-12-02 20:49:11 [P-13376] [MainThread] [parse_query_plan] [DEBUG] parse_query_plan.py[line:126] Nested Loop  (cost=7.36..28.52 rows=2 width=123) (actual time=0.013..0.014 rows=0 loops=1)
2022-12-02 20:49:11 [P-13376] [MainThread] [parse_query_plan] [DEBUG] parse_query_plan.py[line:132] ['Nested Loop']
2022-12-02 20:49:11 [P-13376] [MainThread] [parse_query_plan] [DEBUG] parse_query_plan.py[line:149] _do_NestedLoop
2022-12-02 20:49:11 [P-13376] [MainThread] [parse_query_plan] [DEBUG] parse_query_plan.py[line:126] Nested Loop  (cost=6.93..27.84 rows=1 width=131) (actual time=0.013..0.014 rows=0 loops=1)
2022-12-02 20:49:11 [P-13376] [MainThread] [parse_query_plan] [DEBUG] parse_query_plan.py[line:132] ['Nested Loop']
2022-12-02 20:49:11 [P-13376] [MainThread] [parse_query_plan] [DEBUG] parse_query_plan.py[line:149] _do_NestedLoop
2022-12-02 20:49:11 [P-13376] [MainThread] [parse_query_plan] [DEBUG] parse_query_plan.py[line:126] Nested Loop  (cost=6.50..27.39 rows=1 width=116) (actual time=0.013..0.014 rows=0 loops=1)
2022-12-02 20:49:11 [P-13376] [MainThread] [parse_query_plan] [DEBUG] parse_query_plan.py[line:132] ['Nested Loop']
2022-12-02 20:49:11 [P-13376] [MainThread] [parse_query_plan] [DEBUG] parse_query_plan.py[line:149] _do_NestedLoop
2022-12-02 20:49:11 [P-13376] [MainThread] [parse_query_plan] [DEBUG] parse_query_plan.py[line:126] Nested Loop  (cost=6.35..27.22 rows=1 width=120) (actual time=0.013..0.014 rows=0 loops=1)
2022-12-02 20:49:11 [P-13376] [MainThread] [parse_query_plan] [DEBUG] parse_query_plan.py[line:132] ['Nested Loop']
2022-12-02 20:49:11 [P-13376] [MainThread] [parse_query_plan] [DEBUG] parse_query_plan.py[line:149] _do_NestedLoop
2022-12-02 20:49:11 [P-13376] [MainThread] [parse_query_plan] [DEBUG] parse_query_plan.py[line:126] Nested Loop  (cost=6.20..26.70 rows=2 width=96) (actual time=0.013..0.014 rows=0 loops=1)
2022-12-02 20:49:11 [P-13376] [MainThread] [parse_query_plan] [DEBUG] parse_query_plan.py[line:132] ['Nested Loop']
2022-12-02 20:49:11 [P-13376] [MainThread] [parse_query_plan] [DEBUG] parse_query_plan.py[line:149] _do_NestedLoop
2022-12-02 20:49:11 [P-13376] [MainThread] [parse_query_plan] [DEBUG] parse_query_plan.py[line:126] Nested Loop  (cost=5.77..26.05 rows=1 width=88) (actual time=0.013..0.013 rows=0 loops=1)
2022-12-02 20:49:11 [P-13376] [MainThread] [parse_query_plan] [DEBUG] parse_query_plan.py[line:132] ['Nested Loop']
2022-12-02 20:49:11 [P-13376] [MainThread] [parse_query_plan] [DEBUG] parse_query_plan.py[line:149] _do_NestedLoop
2022-12-02 20:49:11 [P-13376] [MainThread] [parse_query_plan] [DEBUG] parse_query_plan.py[line:126] Nested Loop  (cost=5.62..25.87 rows=1 width=92) (actual time=0.013..0.013 rows=0 loops=1)
2022-12-02 20:49:11 [P-13376] [MainThread] [parse_query_plan] [DEBUG] parse_query_plan.py[line:132] ['Nested Loop']
2022-12-02 20:49:11 [P-13376] [MainThread] [parse_query_plan] [DEBUG] parse_query_plan.py[line:149] _do_NestedLoop
2022-12-02 20:49:11 [P-13376] [MainThread] [parse_query_plan] [DEBUG] parse_query_plan.py[line:126] Nested Loop  (cost=5.19..25.33 rows=1 width=68) (actual time=0.013..0.013 rows=0 loops=1)
2022-12-02 20:49:11 [P-13376] [MainThread] [parse_query_plan] [DEBUG] parse_query_plan.py[line:132] ['Nested Loop']
2022-12-02 20:49:11 [P-13376] [MainThread] [parse_query_plan] [DEBUG] parse_query_plan.py[line:149] _do_NestedLoop
2022-12-02 20:49:11 [P-13376] [MainThread] [parse_query_plan] [DEBUG] parse_query_plan.py[line:126] Nested Loop  (cost=4.76..23.65 rows=1 width=56) (actual time=0.013..0.013 rows=0 loops=1)
2022-12-02 20:49:11 [P-13376] [MainThread] [parse_query_plan] [DEBUG] parse_query_plan.py[line:132] ['Nested Loop']
2022-12-02 20:49:11 [P-13376] [MainThread] [parse_query_plan] [DEBUG] parse_query_plan.py[line:149] _do_NestedLoop
2022-12-02 20:49:11 [P-13376] [MainThread] [parse_query_plan] [DEBUG] parse_query_plan.py[line:126] Nested Loop  (cost=4.61..23.48 rows=1 width=60) (actual time=0.013..0.013 rows=0 loops=1)
2022-12-02 20:49:11 [P-13376] [MainThread] [parse_query_plan] [DEBUG] parse_query_plan.py[line:132] ['Nested Loop']
2022-12-02 20:49:11 [P-13376] [MainThread] [parse_query_plan] [DEBUG] parse_query_plan.py[line:149] _do_NestedLoop
2022-12-02 20:49:11 [P-13376] [MainThread] [parse_query_plan] [DEBUG] parse_query_plan.py[line:126] Nested Loop  (cost=4.18..15.07 rows=1 width=36) (actual time=0.013..0.013 rows=0 loops=1)
2022-12-02 20:49:11 [P-13376] [MainThread] [parse_query_plan] [DEBUG] parse_query_plan.py[line:132] ['Nested Loop']
2022-12-02 20:49:11 [P-13376] [MainThread] [parse_query_plan] [DEBUG] parse_query_plan.py[line:149] _do_NestedLoop
2022-12-02 20:49:11 [P-13376] [MainThread] [parse_query_plan] [DEBUG] parse_query_plan.py[line:126] Seq Scan on info_type it2  (cost=0.00..2.41 rows=1 width=4) (actual time=0.008..0.009 rows=1 loops=1)
2022-12-02 20:49:11 [P-13376] [MainThread] [parse_query_plan] [DEBUG] parse_query_plan.py[line:132] ['Seq Scan', 'info_type it2']
2022-12-02 20:49:11 [P-13376] [MainThread] [parse_query_plan] [DEBUG] parse_query_plan.py[line:149] _do_SeqScan
2022-12-02 20:49:11 [P-13376] [MainThread] [parse_query_plan] [DEBUG] parse_query_plan.py[line:126] Bitmap Heap Scan on movie_info_idx mi_idx2  (cost=4.18..12.65 rows=1 width=40) (actual time=0.002..0.002 rows=0 loops=1)
2022-12-02 20:49:11 [P-13376] [MainThread] [parse_query_plan] [DEBUG] parse_query_plan.py[line:132] ['Bitmap Heap Scan', 'movie_info_idx mi_idx2']
2022-12-02 20:49:11 [P-13376] [MainThread] [parse_query_plan] [DEBUG] parse_query_plan.py[line:149] _do_BitMapHeapScan
2022-12-02 20:49:11 [P-13376] [MainThread] [parse_query_plan] [DEBUG] parse_query_plan.py[line:126] Bitmap Index Scan on info_type_id_movie_info_idx  (cost=0.00..4.18 rows=4 width=0) (actual time=0.001..0.001 rows=0 loops=1)
2022-12-02 20:49:11 [P-13376] [MainThread] [parse_query_plan] [DEBUG] parse_query_plan.py[line:132] ['Bitmap Index Scan', 'info_type_id_movie_info_idx']
2022-12-02 20:49:11 [P-13376] [MainThread] [parse_query_plan] [DEBUG] parse_query_plan.py[line:149] _do_BitMapIndexScan
2022-12-02 20:49:11 [P-13376] [MainThread] [parse_query_plan] [DEBUG] parse_query_plan.py[line:126] Index Scan using title_pkey on title t2  (cost=0.43..8.41 rows=1 width=24) (never executed)
2022-12-02 20:49:11 [P-13376] [MainThread] [parse_query_plan] [DEBUG] parse_query_plan.py[line:132] ['Index Scan', 'title_pkey', 'title t2']
2022-12-02 20:49:11 [P-13376] [MainThread] [parse_query_plan] [DEBUG] parse_query_plan.py[line:149] _do_IndexScan
2022-12-02 20:49:11 [P-13376] [MainThread] [parse_query_plan] [DEBUG] parse_query_plan.py[line:126] Index Scan using kind_type_pkey on kind_type kt2  (cost=0.15..0.17 rows=1 width=4) (never executed)
2022-12-02 20:49:11 [P-13376] [MainThread] [parse_query_plan] [DEBUG] parse_query_plan.py[line:132] ['Index Scan', 'kind_type_pkey', 'kind_type kt2']
2022-12-02 20:49:11 [P-13376] [MainThread] [parse_query_plan] [DEBUG] parse_query_plan.py[line:149] _do_IndexScan
2022-12-02 20:49:11 [P-13376] [MainThread] [parse_query_plan] [DEBUG] parse_query_plan.py[line:183] <re.Match object; span=(0, 52), match='(kind)::text = ANY (\'{"tv series",episode}\'::te>
2022-12-02 20:49:11 [P-13376] [MainThread] [parse_query_plan] [DEBUG] parse_query_plan.py[line:126] Index Scan using movie_link_idx_lmid on movie_link ml  (cost=0.43..1.25 rows=43 width=12) (never executed)
2022-12-02 20:49:11 [P-13376] [MainThread] [parse_query_plan] [DEBUG] parse_query_plan.py[line:132] ['Index Scan', 'movie_link_idx_lmid', 'movie_link ml']
2022-12-02 20:49:11 [P-13376] [MainThread] [parse_query_plan] [DEBUG] parse_query_plan.py[line:149] _do_IndexScan
2022-12-02 20:49:11 [P-13376] [MainThread] [parse_query_plan] [DEBUG] parse_query_plan.py[line:126] Index Scan using title_pkey on title t1  (cost=0.43..0.54 rows=1 width=24) (never executed)
2022-12-02 20:49:11 [P-13376] [MainThread] [parse_query_plan] [DEBUG] parse_query_plan.py[line:132] ['Index Scan', 'title_pkey', 'title t1']
2022-12-02 20:49:11 [P-13376] [MainThread] [parse_query_plan] [DEBUG] parse_query_plan.py[line:149] _do_IndexScan
2022-12-02 20:49:11 [P-13376] [MainThread] [parse_query_plan] [DEBUG] parse_query_plan.py[line:126] Index Scan using link_type_pkey on link_type lt  (cost=0.15..0.17 rows=1 width=4) (never executed)
2022-12-02 20:49:11 [P-13376] [MainThread] [parse_query_plan] [DEBUG] parse_query_plan.py[line:132] ['Index Scan', 'link_type_pkey', 'link_type lt']
2022-12-02 20:49:11 [P-13376] [MainThread] [parse_query_plan] [DEBUG] parse_query_plan.py[line:149] _do_IndexScan
2022-12-02 20:49:11 [P-13376] [MainThread] [parse_query_plan] [DEBUG] parse_query_plan.py[line:183] <re.Match object; span=(0, 61), match='(link)::text = ANY (\'{sequel,follows,"followed b>
2022-12-02 20:49:11 [P-13376] [MainThread] [parse_query_plan] [DEBUG] parse_query_plan.py[line:126] Index Scan using movie_companies_idx_mid on movie_companies mc1  (cost=0.43..0.59 rows=6 width=8) (never executed)
2022-12-02 20:49:11 [P-13376] [MainThread] [parse_query_plan] [DEBUG] parse_query_plan.py[line:132] ['Index Scan', 'movie_companies_idx_mid', 'movie_companies mc1']
2022-12-02 20:49:11 [P-13376] [MainThread] [parse_query_plan] [DEBUG] parse_query_plan.py[line:149] _do_IndexScan
2022-12-02 20:49:11 [P-13376] [MainThread] [parse_query_plan] [DEBUG] parse_query_plan.py[line:126] Index Scan using movie_id_movie_info_idx on movie_info_idx mi_idx1  (cost=0.15..0.22 rows=4 width=40) (never executed)
2022-12-02 20:49:11 [P-13376] [MainThread] [parse_query_plan] [DEBUG] parse_query_plan.py[line:132] ['Index Scan', 'movie_id_movie_info_idx', 'movie_info_idx mi_idx1']
2022-12-02 20:49:11 [P-13376] [MainThread] [parse_query_plan] [DEBUG] parse_query_plan.py[line:149] _do_IndexScan
2022-12-02 20:49:11 [P-13376] [MainThread] [parse_query_plan] [DEBUG] parse_query_plan.py[line:126] Index Scan using kind_type_pkey on kind_type kt1  (cost=0.15..0.17 rows=1 width=4) (never executed)
2022-12-02 20:49:11 [P-13376] [MainThread] [parse_query_plan] [DEBUG] parse_query_plan.py[line:132] ['Index Scan', 'kind_type_pkey', 'kind_type kt1']
2022-12-02 20:49:11 [P-13376] [MainThread] [parse_query_plan] [DEBUG] parse_query_plan.py[line:149] _do_IndexScan
2022-12-02 20:49:11 [P-13376] [MainThread] [parse_query_plan] [DEBUG] parse_query_plan.py[line:183] <re.Match object; span=(0, 52), match='(kind)::text = ANY (\'{"tv series",episode}\'::te>
2022-12-02 20:49:11 [P-13376] [MainThread] [parse_query_plan] [DEBUG] parse_query_plan.py[line:126] Index Scan using company_name_pkey on company_name cn1  (cost=0.42..0.45 rows=1 width=23) (never executed)
2022-12-02 20:49:11 [P-13376] [MainThread] [parse_query_plan] [DEBUG] parse_query_plan.py[line:132] ['Index Scan', 'company_name_pkey', 'company_name cn1']
2022-12-02 20:49:11 [P-13376] [MainThread] [parse_query_plan] [DEBUG] parse_query_plan.py[line:149] _do_IndexScan
2022-12-02 20:49:11 [P-13376] [MainThread] [parse_query_plan] [DEBUG] parse_query_plan.py[line:126] Index Scan using movie_companies_idx_mid on movie_companies mc2  (cost=0.43..0.61 rows=6 width=8) (never executed)
2022-12-02 20:49:11 [P-13376] [MainThread] [parse_query_plan] [DEBUG] parse_query_plan.py[line:132] ['Index Scan', 'movie_companies_idx_mid', 'movie_companies mc2']
2022-12-02 20:49:11 [P-13376] [MainThread] [parse_query_plan] [DEBUG] parse_query_plan.py[line:149] _do_IndexScan
2022-12-02 20:49:11 [P-13376] [MainThread] [parse_query_plan] [DEBUG] parse_query_plan.py[line:126] Index Scan using info_type_pkey on info_type it1  (cost=0.14..0.18 rows=1 width=4) (never executed)
2022-12-02 20:49:11 [P-13376] [MainThread] [parse_query_plan] [DEBUG] parse_query_plan.py[line:132] ['Index Scan', 'info_type_pkey', 'info_type it1']
2022-12-02 20:49:11 [P-13376] [MainThread] [parse_query_plan] [DEBUG] parse_query_plan.py[line:149] _do_IndexScan
2022-12-02 20:49:11 [P-13376] [MainThread] [parse_query_plan] [DEBUG] parse_query_plan.py[line:126] Index Scan using company_name_pkey on company_name cn2  (cost=0.42..0.44 rows=1 width=23) (never executed)
2022-12-02 20:49:11 [P-13376] [MainThread] [parse_query_plan] [DEBUG] parse_query_plan.py[line:132] ['Index Scan', 'company_name_pkey', 'company_name cn2']
2022-12-02 20:49:11 [P-13376] [MainThread] [parse_query_plan] [DEBUG] parse_query_plan.py[line:149] _do_IndexScan
2022-12-02 20:49:11 [P-13376] [MainThread] [parse_query_plan] [DEBUG] parse_query_plan.py[line:126] Finalize Aggregate  (cost=24568.93..24568.94 rows=1 width=32) (actual time=254.631..276.384 rows=1 loops=1)
2022-12-02 20:49:11 [P-13376] [MainThread] [parse_query_plan] [DEBUG] parse_query_plan.py[line:132] ['Finalize Aggregate']
2022-12-02 20:49:11 [P-13376] [MainThread] [parse_query_plan] [DEBUG] parse_query_plan.py[line:149] _do_FinalizeAggregate
2022-12-02 20:49:11 [P-13376] [MainThread] [parse_query_plan] [DEBUG] parse_query_plan.py[line:126] Gather  (cost=24568.82..24568.93 rows=1 width=32) (actual time=254.523..276.375 rows=2 loops=1)
2022-12-02 20:49:11 [P-13376] [MainThread] [parse_query_plan] [DEBUG] parse_query_plan.py[line:132] ['Gather']
2022-12-02 20:49:11 [P-13376] [MainThread] [parse_query_plan] [DEBUG] parse_query_plan.py[line:149] _do_Gather
2022-12-02 20:49:11 [P-13376] [MainThread] [parse_query_plan] [DEBUG] parse_query_plan.py[line:126] Partial Aggregate  (cost=23568.82..23568.83 rows=1 width=32) (actual time=175.701..175.703 rows=1 loops=2)
2022-12-02 20:49:11 [P-13376] [MainThread] [parse_query_plan] [DEBUG] parse_query_plan.py[line:132] ['Partial Aggregate']
2022-12-02 20:49:11 [P-13376] [MainThread] [parse_query_plan] [DEBUG] parse_query_plan.py[line:149] _do_PartialAggregate
2022-12-02 20:49:11 [P-13376] [MainThread] [parse_query_plan] [DEBUG] parse_query_plan.py[line:126] Nested Loop  (cost=8.49..23568.56 rows=103 width=16) (actual time=28.219..175.664 rows=24 loops=2)
2022-12-02 20:49:11 [P-13376] [MainThread] [parse_query_plan] [DEBUG] parse_query_plan.py[line:132] ['Nested Loop']
2022-12-02 20:49:11 [P-13376] [MainThread] [parse_query_plan] [DEBUG] parse_query_plan.py[line:149] _do_NestedLoop
2022-12-02 20:49:11 [P-13376] [MainThread] [parse_query_plan] [DEBUG] parse_query_plan.py[line:126] Nested Loop  (cost=8.05..22989.83 rows=247 width=24) (actual time=8.696..66.764 rows=172 loops=2)
2022-12-02 20:49:11 [P-13376] [MainThread] [parse_query_plan] [DEBUG] parse_query_plan.py[line:132] ['Nested Loop']
2022-12-02 20:49:11 [P-13376] [MainThread] [parse_query_plan] [DEBUG] parse_query_plan.py[line:149] _do_NestedLoop
2022-12-02 20:49:11 [P-13376] [MainThread] [parse_query_plan] [DEBUG] parse_query_plan.py[line:126] Nested Loop  (cost=7.62..22775.50 rows=446 width=4) (actual time=3.406..58.357 rows=7025 loops=2)
2022-12-02 20:49:11 [P-13376] [MainThread] [parse_query_plan] [DEBUG] parse_query_plan.py[line:132] ['Nested Loop']
2022-12-02 20:49:11 [P-13376] [MainThread] [parse_query_plan] [DEBUG] parse_query_plan.py[line:149] _do_NestedLoop
2022-12-02 20:49:11 [P-13376] [MainThread] [parse_query_plan] [DEBUG] parse_query_plan.py[line:126] Seq Scan on keyword k  (cost=0.00..3455.90 rows=14 width=4) (actual time=2.225..19.648 rows=20 loops=2)
2022-12-02 20:49:11 [P-13376] [MainThread] [parse_query_plan] [DEBUG] parse_query_plan.py[line:132] ['Seq Scan', 'keyword k']
2022-12-02 20:49:11 [P-13376] [MainThread] [parse_query_plan] [DEBUG] parse_query_plan.py[line:149] _do_SeqScan
2022-12-02 20:49:11 [P-13376] [MainThread] [parse_query_plan] [DEBUG] parse_query_plan.py[line:126] Bitmap Heap Scan on movie_keyword mk  (cost=7.62..1375.86 rows=411 width=8) (actual time=0.533..1.846 rows=343 loops=41)
2022-12-02 20:49:11 [P-13376] [MainThread] [parse_query_plan] [DEBUG] parse_query_plan.py[line:132] ['Bitmap Heap Scan', 'movie_keyword mk']
2022-12-02 20:49:11 [P-13376] [MainThread] [parse_query_plan] [DEBUG] parse_query_plan.py[line:149] _do_BitMapHeapScan
2022-12-02 20:49:11 [P-13376] [MainThread] [parse_query_plan] [DEBUG] parse_query_plan.py[line:126] Bitmap Index Scan on movie_keyword_idx_keywordid  (cost=0.00..7.51 rows=411 width=0) (actual time=0.460..0.460 rows=343 loops=41)
2022-12-02 20:49:11 [P-13376] [MainThread] [parse_query_plan] [DEBUG] parse_query_plan.py[line:132] ['Bitmap Index Scan', 'movie_keyword_idx_keywordid']
2022-12-02 20:49:11 [P-13376] [MainThread] [parse_query_plan] [DEBUG] parse_query_plan.py[line:149] _do_BitMapIndexScan
2022-12-02 20:49:11 [P-13376] [MainThread] [parse_query_plan] [DEBUG] parse_query_plan.py[line:126] Index Scan using title_pkey on title t  (cost=0.43..0.48 rows=1 width=20) (actual time=0.001..0.001 rows=0 loops=14050)
2022-12-02 20:49:11 [P-13376] [MainThread] [parse_query_plan] [DEBUG] parse_query_plan.py[line:132] ['Index Scan', 'title_pkey', 'title t']
2022-12-02 20:49:11 [P-13376] [MainThread] [parse_query_plan] [DEBUG] parse_query_plan.py[line:149] _do_IndexScan
2022-12-02 20:49:11 [P-13376] [MainThread] [parse_query_plan] [DEBUG] parse_query_plan.py[line:126] Index Scan using movie_info_idx_mid on movie_info mi  (cost=0.44..2.33 rows=1 width=4) (actual time=0.613..0.631 rows=0 loops=345)
2022-12-02 20:49:11 [P-13376] [MainThread] [parse_query_plan] [DEBUG] parse_query_plan.py[line:132] ['Index Scan', 'movie_info_idx_mid', 'movie_info mi']
2022-12-02 20:49:11 [P-13376] [MainThread] [parse_query_plan] [DEBUG] parse_query_plan.py[line:149] _do_IndexScan
2022-12-02 20:49:11 [P-13376] [MainThread] [parse_query_plan] [DEBUG] parse_query_plan.py[line:183] <re.Match object; span=(0, 86), match="info = ANY ('{Sweden,Norway,Germany,Denmark,Swedi>
2022-12-02 20:49:11 [P-13376] [MainThread] [parse_query_plan] [DEBUG] parse_query_plan.py[line:126] Aggregate  (cost=24307.32..24307.33 rows=1 width=32) (actual time=27.000..32.406 rows=1 loops=1)
2022-12-02 20:49:11 [P-13376] [MainThread] [parse_query_plan] [DEBUG] parse_query_plan.py[line:132] ['Aggregate']
2022-12-02 20:49:11 [P-13376] [MainThread] [parse_query_plan] [DEBUG] parse_query_plan.py[line:149] _do_Aggregate
2022-12-02 20:49:11 [P-13376] [MainThread] [parse_query_plan] [DEBUG] parse_query_plan.py[line:126] Gather  (cost=1008.49..24307.32 rows=1 width=16) (actual time=3.316..32.400 rows=1 loops=1)
2022-12-02 20:49:11 [P-13376] [MainThread] [parse_query_plan] [DEBUG] parse_query_plan.py[line:132] ['Gather']
2022-12-02 20:49:11 [P-13376] [MainThread] [parse_query_plan] [DEBUG] parse_query_plan.py[line:149] _do_Gather
2022-12-02 20:49:11 [P-13376] [MainThread] [parse_query_plan] [DEBUG] parse_query_plan.py[line:126] Nested Loop  (cost=8.49..23307.22 rows=1 width=16) (actual time=7.681..19.441 rows=0 loops=2)
2022-12-02 20:49:11 [P-13376] [MainThread] [parse_query_plan] [DEBUG] parse_query_plan.py[line:132] ['Nested Loop']
2022-12-02 20:49:11 [P-13376] [MainThread] [parse_query_plan] [DEBUG] parse_query_plan.py[line:149] _do_NestedLoop
2022-12-02 20:49:11 [P-13376] [MainThread] [parse_query_plan] [DEBUG] parse_query_plan.py[line:126] Nested Loop  (cost=8.05..22989.83 rows=169 width=24) (actual time=2.239..18.423 rows=72 loops=2)
2022-12-02 20:49:11 [P-13376] [MainThread] [parse_query_plan] [DEBUG] parse_query_plan.py[line:132] ['Nested Loop']
2022-12-02 20:49:11 [P-13376] [MainThread] [parse_query_plan] [DEBUG] parse_query_plan.py[line:149] _do_NestedLoop
2022-12-02 20:49:11 [P-13376] [MainThread] [parse_query_plan] [DEBUG] parse_query_plan.py[line:126] Nested Loop  (cost=7.62..22775.50 rows=446 width=4) (actual time=1.280..12.934 rows=7025 loops=2)
2022-12-02 20:49:11 [P-13376] [MainThread] [parse_query_plan] [DEBUG] parse_query_plan.py[line:132] ['Nested Loop']
2022-12-02 20:49:11 [P-13376] [MainThread] [parse_query_plan] [DEBUG] parse_query_plan.py[line:149] _do_NestedLoop
2022-12-02 20:49:11 [P-13376] [MainThread] [parse_query_plan] [DEBUG] parse_query_plan.py[line:126] Seq Scan on keyword k  (cost=0.00..3455.90 rows=14 width=4) (actual time=0.778..8.327 rows=20 loops=2)
2022-12-02 20:49:11 [P-13376] [MainThread] [parse_query_plan] [DEBUG] parse_query_plan.py[line:132] ['Seq Scan', 'keyword k']
2022-12-02 20:49:11 [P-13376] [MainThread] [parse_query_plan] [DEBUG] parse_query_plan.py[line:149] _do_SeqScan
2022-12-02 20:49:11 [P-13376] [MainThread] [parse_query_plan] [DEBUG] parse_query_plan.py[line:126] Bitmap Heap Scan on movie_keyword mk  (cost=7.62..1375.86 rows=411 width=8) (actual time=0.033..0.203 rows=343 loops=41)
2022-12-02 20:49:11 [P-13376] [MainThread] [parse_query_plan] [DEBUG] parse_query_plan.py[line:132] ['Bitmap Heap Scan', 'movie_keyword mk']
2022-12-02 20:49:11 [P-13376] [MainThread] [parse_query_plan] [DEBUG] parse_query_plan.py[line:149] _do_BitMapHeapScan
2022-12-02 20:49:11 [P-13376] [MainThread] [parse_query_plan] [DEBUG] parse_query_plan.py[line:126] Bitmap Index Scan on movie_keyword_idx_keywordid  (cost=0.00..7.51 rows=411 width=0) (actual time=0.016..0.016 rows=343 loops=41)
2022-12-02 20:49:11 [P-13376] [MainThread] [parse_query_plan] [DEBUG] parse_query_plan.py[line:132] ['Bitmap Index Scan', 'movie_keyword_idx_keywordid']
2022-12-02 20:49:11 [P-13376] [MainThread] [parse_query_plan] [DEBUG] parse_query_plan.py[line:149] _do_BitMapIndexScan
2022-12-02 20:49:11 [P-13376] [MainThread] [parse_query_plan] [DEBUG] parse_query_plan.py[line:126] Index Scan using title_pkey on title t  (cost=0.43..0.48 rows=1 width=20) (actual time=0.001..0.001 rows=0 loops=14050)
2022-12-02 20:49:11 [P-13376] [MainThread] [parse_query_plan] [DEBUG] parse_query_plan.py[line:132] ['Index Scan', 'title_pkey', 'title t']
2022-12-02 20:49:11 [P-13376] [MainThread] [parse_query_plan] [DEBUG] parse_query_plan.py[line:149] _do_IndexScan
2022-12-02 20:49:11 [P-13376] [MainThread] [parse_query_plan] [DEBUG] parse_query_plan.py[line:126] Index Scan using movie_info_idx_mid on movie_info mi  (cost=0.44..1.87 rows=1 width=4) (actual time=0.014..0.014 rows=0 loops=143)
2022-12-02 20:49:11 [P-13376] [MainThread] [parse_query_plan] [DEBUG] parse_query_plan.py[line:132] ['Index Scan', 'movie_info_idx_mid', 'movie_info mi']
2022-12-02 20:49:11 [P-13376] [MainThread] [parse_query_plan] [DEBUG] parse_query_plan.py[line:149] _do_IndexScan
2022-12-02 20:49:11 [P-13376] [MainThread] [parse_query_plan] [DEBUG] parse_query_plan.py[line:126] Finalize Aggregate  (cost=24708.35..24708.36 rows=1 width=32) (actual time=264.990..265.057 rows=1 loops=1)
2022-12-02 20:49:11 [P-13376] [MainThread] [parse_query_plan] [DEBUG] parse_query_plan.py[line:132] ['Finalize Aggregate']
2022-12-02 20:49:11 [P-13376] [MainThread] [parse_query_plan] [DEBUG] parse_query_plan.py[line:149] _do_FinalizeAggregate
2022-12-02 20:49:11 [P-13376] [MainThread] [parse_query_plan] [DEBUG] parse_query_plan.py[line:126] Gather  (cost=24708.24..24708.35 rows=1 width=32) (actual time=264.982..265.050 rows=2 loops=1)
2022-12-02 20:49:11 [P-13376] [MainThread] [parse_query_plan] [DEBUG] parse_query_plan.py[line:132] ['Gather']
2022-12-02 20:49:11 [P-13376] [MainThread] [parse_query_plan] [DEBUG] parse_query_plan.py[line:149] _do_Gather
2022-12-02 20:49:11 [P-13376] [MainThread] [parse_query_plan] [DEBUG] parse_query_plan.py[line:126] Partial Aggregate  (cost=23708.24..23708.25 rows=1 width=32) (actual time=178.619..178.621 rows=1 loops=2)
2022-12-02 20:49:11 [P-13376] [MainThread] [parse_query_plan] [DEBUG] parse_query_plan.py[line:132] ['Partial Aggregate']
2022-12-02 20:49:11 [P-13376] [MainThread] [parse_query_plan] [DEBUG] parse_query_plan.py[line:149] _do_PartialAggregate
2022-12-02 20:49:11 [P-13376] [MainThread] [parse_query_plan] [DEBUG] parse_query_plan.py[line:126] Nested Loop  (cost=8.51..23706.24 rows=801 width=16) (actual time=4.330..178.455 rows=447 loops=2)
2022-12-02 20:49:11 [P-13376] [MainThread] [parse_query_plan] [DEBUG] parse_query_plan.py[line:132] ['Nested Loop']
2022-12-02 20:49:11 [P-13376] [MainThread] [parse_query_plan] [DEBUG] parse_query_plan.py[line:149] _do_NestedLoop
2022-12-02 20:49:11 [P-13376] [MainThread] [parse_query_plan] [DEBUG] parse_query_plan.py[line:126] Nested Loop  (cost=8.05..22989.83 rows=346 width=24) (actual time=1.342..21.874 rows=514 loops=2)
2022-12-02 20:49:11 [P-13376] [MainThread] [parse_query_plan] [DEBUG] parse_query_plan.py[line:132] ['Nested Loop']
2022-12-02 20:49:11 [P-13376] [MainThread] [parse_query_plan] [DEBUG] parse_query_plan.py[line:149] _do_NestedLoop
2022-12-02 20:49:11 [P-13376] [MainThread] [parse_query_plan] [DEBUG] parse_query_plan.py[line:126] Nested Loop  (cost=7.62..22775.50 rows=446 width=4) (actual time=1.293..15.732 rows=7025 loops=2)
2022-12-02 20:49:11 [P-13376] [MainThread] [parse_query_plan] [DEBUG] parse_query_plan.py[line:132] ['Nested Loop']
2022-12-02 20:49:11 [P-13376] [MainThread] [parse_query_plan] [DEBUG] parse_query_plan.py[line:149] _do_NestedLoop
2022-12-02 20:49:11 [P-13376] [MainThread] [parse_query_plan] [DEBUG] parse_query_plan.py[line:126] Seq Scan on keyword k  (cost=0.00..3455.90 rows=14 width=4) (actual time=0.792..9.232 rows=20 loops=2)
2022-12-02 20:49:11 [P-13376] [MainThread] [parse_query_plan] [DEBUG] parse_query_plan.py[line:132] ['Seq Scan', 'keyword k']
2022-12-02 20:49:11 [P-13376] [MainThread] [parse_query_plan] [DEBUG] parse_query_plan.py[line:149] _do_SeqScan
2022-12-02 20:49:11 [P-13376] [MainThread] [parse_query_plan] [DEBUG] parse_query_plan.py[line:126] Bitmap Heap Scan on movie_keyword mk  (cost=7.62..1375.86 rows=411 width=8) (actual time=0.035..0.293 rows=343 loops=41)
2022-12-02 20:49:11 [P-13376] [MainThread] [parse_query_plan] [DEBUG] parse_query_plan.py[line:132] ['Bitmap Heap Scan', 'movie_keyword mk']
2022-12-02 20:49:11 [P-13376] [MainThread] [parse_query_plan] [DEBUG] parse_query_plan.py[line:149] _do_BitMapHeapScan
2022-12-02 20:49:11 [P-13376] [MainThread] [parse_query_plan] [DEBUG] parse_query_plan.py[line:126] Bitmap Index Scan on movie_keyword_idx_keywordid  (cost=0.00..7.51 rows=411 width=0) (actual time=0.017..0.017 rows=343 loops=41)
2022-12-02 20:49:11 [P-13376] [MainThread] [parse_query_plan] [DEBUG] parse_query_plan.py[line:132] ['Bitmap Index Scan', 'movie_keyword_idx_keywordid']
2022-12-02 20:49:11 [P-13376] [MainThread] [parse_query_plan] [DEBUG] parse_query_plan.py[line:149] _do_BitMapIndexScan
2022-12-02 20:49:11 [P-13376] [MainThread] [parse_query_plan] [DEBUG] parse_query_plan.py[line:126] Index Scan using title_pkey on title t  (cost=0.43..0.48 rows=1 width=20) (actual time=0.001..0.001 rows=0 loops=14050)
2022-12-02 20:49:11 [P-13376] [MainThread] [parse_query_plan] [DEBUG] parse_query_plan.py[line:132] ['Index Scan', 'title_pkey', 'title t']
2022-12-02 20:49:11 [P-13376] [MainThread] [parse_query_plan] [DEBUG] parse_query_plan.py[line:149] _do_IndexScan
2022-12-02 20:49:11 [P-13376] [MainThread] [parse_query_plan] [DEBUG] parse_query_plan.py[line:126] Index Scan using movie_info_idx_mid on movie_info mi  (cost=0.46..2.05 rows=2 width=4) (actual time=0.243..0.305 rows=1 loops=1027)
2022-12-02 20:49:11 [P-13376] [MainThread] [parse_query_plan] [DEBUG] parse_query_plan.py[line:132] ['Index Scan', 'movie_info_idx_mid', 'movie_info mi']
2022-12-02 20:49:11 [P-13376] [MainThread] [parse_query_plan] [DEBUG] parse_query_plan.py[line:149] _do_IndexScan
2022-12-02 20:49:11 [P-13376] [MainThread] [parse_query_plan] [DEBUG] parse_query_plan.py[line:183] <re.Match object; span=(0, 99), match="info = ANY ('{Sweden,Norway,Germany,Denmark,Swedi>
2022-12-02 20:49:11 [P-13376] [MainThread] [parse_query_plan] [DEBUG] parse_query_plan.py[line:126] Aggregate  (cost=41.20..41.21 rows=1 width=64) (actual time=0.024..0.024 rows=1 loops=1)
2022-12-02 20:49:11 [P-13376] [MainThread] [parse_query_plan] [DEBUG] parse_query_plan.py[line:132] ['Aggregate']
2022-12-02 20:49:11 [P-13376] [MainThread] [parse_query_plan] [DEBUG] parse_query_plan.py[line:149] _do_Aggregate
2022-12-02 20:49:11 [P-13376] [MainThread] [parse_query_plan] [DEBUG] parse_query_plan.py[line:126] Nested Loop  (cost=5.46..41.19 rows=1 width=48) (actual time=0.022..0.023 rows=0 loops=1)
2022-12-02 20:49:11 [P-13376] [MainThread] [parse_query_plan] [DEBUG] parse_query_plan.py[line:132] ['Nested Loop']
2022-12-02 20:49:11 [P-13376] [MainThread] [parse_query_plan] [DEBUG] parse_query_plan.py[line:149] _do_NestedLoop
2022-12-02 20:49:11 [P-13376] [MainThread] [parse_query_plan] [DEBUG] parse_query_plan.py[line:126] Nested Loop  (cost=5.04..25.75 rows=35 width=52) (actual time=0.022..0.022 rows=0 loops=1)
2022-12-02 20:49:11 [P-13376] [MainThread] [parse_query_plan] [DEBUG] parse_query_plan.py[line:132] ['Nested Loop']
2022-12-02 20:49:11 [P-13376] [MainThread] [parse_query_plan] [DEBUG] parse_query_plan.py[line:149] _do_NestedLoop
2022-12-02 20:49:11 [P-13376] [MainThread] [parse_query_plan] [DEBUG] parse_query_plan.py[line:126] Nested Loop  (cost=4.61..23.48 rows=1 width=56) (actual time=0.022..0.022 rows=0 loops=1)
2022-12-02 20:49:11 [P-13376] [MainThread] [parse_query_plan] [DEBUG] parse_query_plan.py[line:132] ['Nested Loop']
2022-12-02 20:49:11 [P-13376] [MainThread] [parse_query_plan] [DEBUG] parse_query_plan.py[line:149] _do_NestedLoop
2022-12-02 20:49:11 [P-13376] [MainThread] [parse_query_plan] [DEBUG] parse_query_plan.py[line:126] Nested Loop  (cost=4.18..15.07 rows=1 width=36) (actual time=0.022..0.022 rows=0 loops=1)
2022-12-02 20:49:11 [P-13376] [MainThread] [parse_query_plan] [DEBUG] parse_query_plan.py[line:132] ['Nested Loop']
2022-12-02 20:49:11 [P-13376] [MainThread] [parse_query_plan] [DEBUG] parse_query_plan.py[line:149] _do_NestedLoop
2022-12-02 20:49:11 [P-13376] [MainThread] [parse_query_plan] [DEBUG] parse_query_plan.py[line:126] Seq Scan on info_type it  (cost=0.00..2.41 rows=1 width=4) (actual time=0.017..0.018 rows=1 loops=1)
2022-12-02 20:49:11 [P-13376] [MainThread] [parse_query_plan] [DEBUG] parse_query_plan.py[line:132] ['Seq Scan', 'info_type it']
2022-12-02 20:49:11 [P-13376] [MainThread] [parse_query_plan] [DEBUG] parse_query_plan.py[line:149] _do_SeqScan
2022-12-02 20:49:11 [P-13376] [MainThread] [parse_query_plan] [DEBUG] parse_query_plan.py[line:126] Bitmap Heap Scan on movie_info_idx mi_idx  (cost=4.18..12.65 rows=1 width=40) (actual time=0.002..0.002 rows=0 loops=1)
2022-12-02 20:49:11 [P-13376] [MainThread] [parse_query_plan] [DEBUG] parse_query_plan.py[line:132] ['Bitmap Heap Scan', 'movie_info_idx mi_idx']
2022-12-02 20:49:11 [P-13376] [MainThread] [parse_query_plan] [DEBUG] parse_query_plan.py[line:149] _do_BitMapHeapScan
2022-12-02 20:49:11 [P-13376] [MainThread] [parse_query_plan] [DEBUG] parse_query_plan.py[line:126] Bitmap Index Scan on info_type_id_movie_info_idx  (cost=0.00..4.18 rows=4 width=0) (actual time=0.001..0.001 rows=0 loops=1)
2022-12-02 20:49:11 [P-13376] [MainThread] [parse_query_plan] [DEBUG] parse_query_plan.py[line:132] ['Bitmap Index Scan', 'info_type_id_movie_info_idx']
2022-12-02 20:49:11 [P-13376] [MainThread] [parse_query_plan] [DEBUG] parse_query_plan.py[line:149] _do_BitMapIndexScan
2022-12-02 20:49:11 [P-13376] [MainThread] [parse_query_plan] [DEBUG] parse_query_plan.py[line:126] Index Scan using title_pkey on title t  (cost=0.43..8.40 rows=1 width=20) (never executed)
2022-12-02 20:49:11 [P-13376] [MainThread] [parse_query_plan] [DEBUG] parse_query_plan.py[line:132] ['Index Scan', 'title_pkey', 'title t']
2022-12-02 20:49:11 [P-13376] [MainThread] [parse_query_plan] [DEBUG] parse_query_plan.py[line:149] _do_IndexScan
2022-12-02 20:49:11 [P-13376] [MainThread] [parse_query_plan] [DEBUG] parse_query_plan.py[line:126] Index Scan using movie_keyword_idx_mid on movie_keyword mk  (cost=0.43..1.64 rows=63 width=8) (never executed)
2022-12-02 20:49:11 [P-13376] [MainThread] [parse_query_plan] [DEBUG] parse_query_plan.py[line:132] ['Index Scan', 'movie_keyword_idx_mid', 'movie_keyword mk']
2022-12-02 20:49:11 [P-13376] [MainThread] [parse_query_plan] [DEBUG] parse_query_plan.py[line:149] _do_IndexScan
2022-12-02 20:49:11 [P-13376] [MainThread] [parse_query_plan] [DEBUG] parse_query_plan.py[line:126] Index Scan using keyword_pkey on keyword k  (cost=0.42..0.44 rows=1 width=4) (never executed)
2022-12-02 20:49:11 [P-13376] [MainThread] [parse_query_plan] [DEBUG] parse_query_plan.py[line:132] ['Index Scan', 'keyword_pkey', 'keyword k']
2022-12-02 20:49:11 [P-13376] [MainThread] [parse_query_plan] [DEBUG] parse_query_plan.py[line:149] _do_IndexScan
2022-12-02 20:49:11 [P-13376] [MainThread] [parse_query_plan] [DEBUG] parse_query_plan.py[line:126] Aggregate  (cost=36.39..36.40 rows=1 width=64) (actual time=0.012..0.013 rows=1 loops=1)
2022-12-02 20:49:11 [P-13376] [MainThread] [parse_query_plan] [DEBUG] parse_query_plan.py[line:132] ['Aggregate']
2022-12-02 20:49:11 [P-13376] [MainThread] [parse_query_plan] [DEBUG] parse_query_plan.py[line:149] _do_Aggregate
2022-12-02 20:49:11 [P-13376] [MainThread] [parse_query_plan] [DEBUG] parse_query_plan.py[line:126] Nested Loop  (cost=5.46..36.39 rows=1 width=48) (actual time=0.011..0.011 rows=0 loops=1)
2022-12-02 20:49:11 [P-13376] [MainThread] [parse_query_plan] [DEBUG] parse_query_plan.py[line:132] ['Nested Loop']
2022-12-02 20:49:11 [P-13376] [MainThread] [parse_query_plan] [DEBUG] parse_query_plan.py[line:149] _do_NestedLoop
2022-12-02 20:49:11 [P-13376] [MainThread] [parse_query_plan] [DEBUG] parse_query_plan.py[line:126] Nested Loop  (cost=5.04..25.80 rows=24 width=52) (actual time=0.011..0.011 rows=0 loops=1)
2022-12-02 20:49:11 [P-13376] [MainThread] [parse_query_plan] [DEBUG] parse_query_plan.py[line:132] ['Nested Loop']
2022-12-02 20:49:11 [P-13376] [MainThread] [parse_query_plan] [DEBUG] parse_query_plan.py[line:149] _do_NestedLoop
2022-12-02 20:49:11 [P-13376] [MainThread] [parse_query_plan] [DEBUG] parse_query_plan.py[line:126] Nested Loop  (cost=4.61..23.48 rows=1 width=56) (actual time=0.011..0.011 rows=0 loops=1)
2022-12-02 20:49:11 [P-13376] [MainThread] [parse_query_plan] [DEBUG] parse_query_plan.py[line:132] ['Nested Loop']
2022-12-02 20:49:11 [P-13376] [MainThread] [parse_query_plan] [DEBUG] parse_query_plan.py[line:149] _do_NestedLoop
2022-12-02 20:49:11 [P-13376] [MainThread] [parse_query_plan] [DEBUG] parse_query_plan.py[line:126] Nested Loop  (cost=4.18..15.07 rows=1 width=36) (actual time=0.011..0.011 rows=0 loops=1)
2022-12-02 20:49:11 [P-13376] [MainThread] [parse_query_plan] [DEBUG] parse_query_plan.py[line:132] ['Nested Loop']
2022-12-02 20:49:11 [P-13376] [MainThread] [parse_query_plan] [DEBUG] parse_query_plan.py[line:149] _do_NestedLoop
2022-12-02 20:49:11 [P-13376] [MainThread] [parse_query_plan] [DEBUG] parse_query_plan.py[line:126] Seq Scan on info_type it  (cost=0.00..2.41 rows=1 width=4) (actual time=0.007..0.008 rows=1 loops=1)
2022-12-02 20:49:11 [P-13376] [MainThread] [parse_query_plan] [DEBUG] parse_query_plan.py[line:132] ['Seq Scan', 'info_type it']
2022-12-02 20:49:11 [P-13376] [MainThread] [parse_query_plan] [DEBUG] parse_query_plan.py[line:149] _do_SeqScan
2022-12-02 20:49:11 [P-13376] [MainThread] [parse_query_plan] [DEBUG] parse_query_plan.py[line:126] Bitmap Heap Scan on movie_info_idx mi_idx  (cost=4.18..12.65 rows=1 width=40) (actual time=0.001..0.002 rows=0 loops=1)
2022-12-02 20:49:11 [P-13376] [MainThread] [parse_query_plan] [DEBUG] parse_query_plan.py[line:132] ['Bitmap Heap Scan', 'movie_info_idx mi_idx']
2022-12-02 20:49:11 [P-13376] [MainThread] [parse_query_plan] [DEBUG] parse_query_plan.py[line:149] _do_BitMapHeapScan
2022-12-02 20:49:11 [P-13376] [MainThread] [parse_query_plan] [DEBUG] parse_query_plan.py[line:126] Bitmap Index Scan on info_type_id_movie_info_idx  (cost=0.00..4.18 rows=4 width=0) (actual time=0.001..0.001 rows=0 loops=1)
2022-12-02 20:49:11 [P-13376] [MainThread] [parse_query_plan] [DEBUG] parse_query_plan.py[line:132] ['Bitmap Index Scan', 'info_type_id_movie_info_idx']
2022-12-02 20:49:11 [P-13376] [MainThread] [parse_query_plan] [DEBUG] parse_query_plan.py[line:149] _do_BitMapIndexScan
2022-12-02 20:49:11 [P-13376] [MainThread] [parse_query_plan] [DEBUG] parse_query_plan.py[line:126] Index Scan using title_pkey on title t  (cost=0.43..8.40 rows=1 width=20) (never executed)
2022-12-02 20:49:11 [P-13376] [MainThread] [parse_query_plan] [DEBUG] parse_query_plan.py[line:132] ['Index Scan', 'title_pkey', 'title t']
2022-12-02 20:49:11 [P-13376] [MainThread] [parse_query_plan] [DEBUG] parse_query_plan.py[line:149] _do_IndexScan
2022-12-02 20:49:11 [P-13376] [MainThread] [parse_query_plan] [DEBUG] parse_query_plan.py[line:126] Index Scan using movie_keyword_idx_mid on movie_keyword mk  (cost=0.43..1.69 rows=63 width=8) (never executed)
2022-12-02 20:49:11 [P-13376] [MainThread] [parse_query_plan] [DEBUG] parse_query_plan.py[line:132] ['Index Scan', 'movie_keyword_idx_mid', 'movie_keyword mk']
2022-12-02 20:49:11 [P-13376] [MainThread] [parse_query_plan] [DEBUG] parse_query_plan.py[line:149] _do_IndexScan
2022-12-02 20:49:11 [P-13376] [MainThread] [parse_query_plan] [DEBUG] parse_query_plan.py[line:126] Index Scan using keyword_pkey on keyword k  (cost=0.42..0.44 rows=1 width=4) (never executed)
2022-12-02 20:49:11 [P-13376] [MainThread] [parse_query_plan] [DEBUG] parse_query_plan.py[line:132] ['Index Scan', 'keyword_pkey', 'keyword k']
2022-12-02 20:49:11 [P-13376] [MainThread] [parse_query_plan] [DEBUG] parse_query_plan.py[line:149] _do_IndexScan
2022-12-02 20:49:11 [P-13376] [MainThread] [parse_query_plan] [DEBUG] parse_query_plan.py[line:126] Aggregate  (cost=47.35..47.36 rows=1 width=64) (actual time=0.016..0.017 rows=1 loops=1)
2022-12-02 20:49:11 [P-13376] [MainThread] [parse_query_plan] [DEBUG] parse_query_plan.py[line:132] ['Aggregate']
2022-12-02 20:49:11 [P-13376] [MainThread] [parse_query_plan] [DEBUG] parse_query_plan.py[line:149] _do_Aggregate
2022-12-02 20:49:11 [P-13376] [MainThread] [parse_query_plan] [DEBUG] parse_query_plan.py[line:126] Nested Loop  (cost=5.46..47.34 rows=1 width=48) (actual time=0.015..0.015 rows=0 loops=1)
2022-12-02 20:49:11 [P-13376] [MainThread] [parse_query_plan] [DEBUG] parse_query_plan.py[line:132] ['Nested Loop']
2022-12-02 20:49:11 [P-13376] [MainThread] [parse_query_plan] [DEBUG] parse_query_plan.py[line:149] _do_NestedLoop
2022-12-02 20:49:11 [P-13376] [MainThread] [parse_query_plan] [DEBUG] parse_query_plan.py[line:126] Nested Loop  (cost=5.04..25.72 rows=49 width=52) (actual time=0.015..0.015 rows=0 loops=1)
2022-12-02 20:49:11 [P-13376] [MainThread] [parse_query_plan] [DEBUG] parse_query_plan.py[line:132] ['Nested Loop']
2022-12-02 20:49:11 [P-13376] [MainThread] [parse_query_plan] [DEBUG] parse_query_plan.py[line:149] _do_NestedLoop
2022-12-02 20:49:11 [P-13376] [MainThread] [parse_query_plan] [DEBUG] parse_query_plan.py[line:126] Nested Loop  (cost=4.61..23.48 rows=1 width=56) (actual time=0.014..0.015 rows=0 loops=1)
2022-12-02 20:49:11 [P-13376] [MainThread] [parse_query_plan] [DEBUG] parse_query_plan.py[line:132] ['Nested Loop']
2022-12-02 20:49:11 [P-13376] [MainThread] [parse_query_plan] [DEBUG] parse_query_plan.py[line:149] _do_NestedLoop
2022-12-02 20:49:11 [P-13376] [MainThread] [parse_query_plan] [DEBUG] parse_query_plan.py[line:126] Nested Loop  (cost=4.18..15.07 rows=1 width=36) (actual time=0.014..0.015 rows=0 loops=1)
2022-12-02 20:49:11 [P-13376] [MainThread] [parse_query_plan] [DEBUG] parse_query_plan.py[line:132] ['Nested Loop']
2022-12-02 20:49:11 [P-13376] [MainThread] [parse_query_plan] [DEBUG] parse_query_plan.py[line:149] _do_NestedLoop
2022-12-02 20:49:11 [P-13376] [MainThread] [parse_query_plan] [DEBUG] parse_query_plan.py[line:126] Seq Scan on info_type it  (cost=0.00..2.41 rows=1 width=4) (actual time=0.010..0.010 rows=1 loops=1)
2022-12-02 20:49:11 [P-13376] [MainThread] [parse_query_plan] [DEBUG] parse_query_plan.py[line:132] ['Seq Scan', 'info_type it']
2022-12-02 20:49:11 [P-13376] [MainThread] [parse_query_plan] [DEBUG] parse_query_plan.py[line:149] _do_SeqScan
2022-12-02 20:49:11 [P-13376] [MainThread] [parse_query_plan] [DEBUG] parse_query_plan.py[line:126] Bitmap Heap Scan on movie_info_idx mi_idx  (cost=4.18..12.65 rows=1 width=40) (actual time=0.002..0.002 rows=0 loops=1)
2022-12-02 20:49:11 [P-13376] [MainThread] [parse_query_plan] [DEBUG] parse_query_plan.py[line:132] ['Bitmap Heap Scan', 'movie_info_idx mi_idx']
2022-12-02 20:49:11 [P-13376] [MainThread] [parse_query_plan] [DEBUG] parse_query_plan.py[line:149] _do_BitMapHeapScan
2022-12-02 20:49:11 [P-13376] [MainThread] [parse_query_plan] [DEBUG] parse_query_plan.py[line:126] Bitmap Index Scan on info_type_id_movie_info_idx  (cost=0.00..4.18 rows=4 width=0) (actual time=0.001..0.001 rows=0 loops=1)
2022-12-02 20:49:11 [P-13376] [MainThread] [parse_query_plan] [DEBUG] parse_query_plan.py[line:132] ['Bitmap Index Scan', 'info_type_id_movie_info_idx']
2022-12-02 20:49:11 [P-13376] [MainThread] [parse_query_plan] [DEBUG] parse_query_plan.py[line:149] _do_BitMapIndexScan
2022-12-02 20:49:11 [P-13376] [MainThread] [parse_query_plan] [DEBUG] parse_query_plan.py[line:126] Index Scan using title_pkey on title t  (cost=0.43..8.40 rows=1 width=20) (never executed)
2022-12-02 20:49:11 [P-13376] [MainThread] [parse_query_plan] [DEBUG] parse_query_plan.py[line:132] ['Index Scan', 'title_pkey', 'title t']
2022-12-02 20:49:11 [P-13376] [MainThread] [parse_query_plan] [DEBUG] parse_query_plan.py[line:149] _do_IndexScan
2022-12-02 20:49:11 [P-13376] [MainThread] [parse_query_plan] [DEBUG] parse_query_plan.py[line:126] Index Scan using movie_keyword_idx_mid on movie_keyword mk  (cost=0.43..1.61 rows=63 width=8) (never executed)
2022-12-02 20:49:11 [P-13376] [MainThread] [parse_query_plan] [DEBUG] parse_query_plan.py[line:132] ['Index Scan', 'movie_keyword_idx_mid', 'movie_keyword mk']
2022-12-02 20:49:11 [P-13376] [MainThread] [parse_query_plan] [DEBUG] parse_query_plan.py[line:149] _do_IndexScan
2022-12-02 20:49:11 [P-13376] [MainThread] [parse_query_plan] [DEBUG] parse_query_plan.py[line:126] Index Scan using keyword_pkey on keyword k  (cost=0.42..0.44 rows=1 width=4) (never executed)
2022-12-02 20:49:11 [P-13376] [MainThread] [parse_query_plan] [DEBUG] parse_query_plan.py[line:132] ['Index Scan', 'keyword_pkey', 'keyword k']
2022-12-02 20:49:11 [P-13376] [MainThread] [parse_query_plan] [DEBUG] parse_query_plan.py[line:149] _do_IndexScan
2022-12-02 20:49:11 [P-13376] [MainThread] [parse_query_plan] [DEBUG] parse_query_plan.py[line:126] Finalize Aggregate  (cost=66982.93..66982.94 rows=1 width=32) (actual time=240.958..244.537 rows=1 loops=1)
2022-12-02 20:49:11 [P-13376] [MainThread] [parse_query_plan] [DEBUG] parse_query_plan.py[line:132] ['Finalize Aggregate']
2022-12-02 20:49:11 [P-13376] [MainThread] [parse_query_plan] [DEBUG] parse_query_plan.py[line:149] _do_FinalizeAggregate
2022-12-02 20:49:11 [P-13376] [MainThread] [parse_query_plan] [DEBUG] parse_query_plan.py[line:126] Gather  (cost=66982.71..66982.92 rows=2 width=32) (actual time=240.805..244.530 rows=3 loops=1)
2022-12-02 20:49:11 [P-13376] [MainThread] [parse_query_plan] [DEBUG] parse_query_plan.py[line:132] ['Gather']
2022-12-02 20:49:11 [P-13376] [MainThread] [parse_query_plan] [DEBUG] parse_query_plan.py[line:149] _do_Gather
2022-12-02 20:49:11 [P-13376] [MainThread] [parse_query_plan] [DEBUG] parse_query_plan.py[line:126] Partial Aggregate  (cost=65982.71..65982.72 rows=1 width=32) (actual time=227.413..227.419 rows=1 loops=3)
2022-12-02 20:49:11 [P-13376] [MainThread] [parse_query_plan] [DEBUG] parse_query_plan.py[line:132] ['Partial Aggregate']
2022-12-02 20:49:11 [P-13376] [MainThread] [parse_query_plan] [DEBUG] parse_query_plan.py[line:149] _do_PartialAggregate
2022-12-02 20:49:11 [P-13376] [MainThread] [parse_query_plan] [DEBUG] parse_query_plan.py[line:126] Nested Loop  (cost=13.70..65982.71 rows=2 width=16) (actual time=227.410..227.416 rows=0 loops=3)
2022-12-02 20:49:11 [P-13376] [MainThread] [parse_query_plan] [DEBUG] parse_query_plan.py[line:132] ['Nested Loop']
2022-12-02 20:49:11 [P-13376] [MainThread] [parse_query_plan] [DEBUG] parse_query_plan.py[line:149] _do_NestedLoop
2022-12-02 20:49:11 [P-13376] [MainThread] [parse_query_plan] [DEBUG] parse_query_plan.py[line:126] Nested Loop  (cost=13.56..65982.39 rows=2 width=20) (actual time=227.410..227.415 rows=0 loops=3)
2022-12-02 20:49:11 [P-13376] [MainThread] [parse_query_plan] [DEBUG] parse_query_plan.py[line:132] ['Nested Loop']
2022-12-02 20:49:11 [P-13376] [MainThread] [parse_query_plan] [DEBUG] parse_query_plan.py[line:149] _do_NestedLoop
2022-12-02 20:49:11 [P-13376] [MainThread] [parse_query_plan] [DEBUG] parse_query_plan.py[line:126] Nested Loop  (cost=13.12..65961.93 rows=7 width=24) (actual time=227.409..227.414 rows=0 loops=3)
2022-12-02 20:49:11 [P-13376] [MainThread] [parse_query_plan] [DEBUG] parse_query_plan.py[line:132] ['Nested Loop']
2022-12-02 20:49:11 [P-13376] [MainThread] [parse_query_plan] [DEBUG] parse_query_plan.py[line:149] _do_NestedLoop
2022-12-02 20:49:11 [P-13376] [MainThread] [parse_query_plan] [DEBUG] parse_query_plan.py[line:126] Hash Join  (cost=12.69..65867.19 rows=13 width=4) (actual time=227.409..227.410 rows=0 loops=3)
2022-12-02 20:49:11 [P-13376] [MainThread] [parse_query_plan] [DEBUG] parse_query_plan.py[line:132] ['Hash Join']
2022-12-02 20:49:11 [P-13376] [MainThread] [parse_query_plan] [DEBUG] parse_query_plan.py[line:149] _do_HashJoin
2022-12-02 20:49:11 [P-13376] [MainThread] [parse_query_plan] [DEBUG] parse_query_plan.py[line:126] Seq Scan on movie_companies mc  (cost=0.00..65848.35 rows=2328 width=8) (actual time=3.445..226.325 rows=12617 loops=3)
2022-12-02 20:49:11 [P-13376] [MainThread] [parse_query_plan] [DEBUG] parse_query_plan.py[line:132] ['Seq Scan', 'movie_companies mc']
2022-12-02 20:49:11 [P-13376] [MainThread] [parse_query_plan] [DEBUG] parse_query_plan.py[line:149] _do_SeqScan
2022-12-02 20:49:11 [P-13376] [MainThread] [parse_query_plan] [DEBUG] parse_query_plan.py[line:126] Hash  (cost=12.64..12.64 rows=4 width=4) (actual time=0.177..0.178 rows=1 loops=3)
2022-12-02 20:49:11 [P-13376] [MainThread] [parse_query_plan] [DEBUG] parse_query_plan.py[line:132] ['Hash']
2022-12-02 20:49:11 [P-13376] [MainThread] [parse_query_plan] [DEBUG] parse_query_plan.py[line:149] _do_Hash
2022-12-02 20:49:11 [P-13376] [MainThread] [parse_query_plan] [DEBUG] parse_query_plan.py[line:126] Bitmap Heap Scan on company_type ct  (cost=4.18..12.64 rows=4 width=4) (actual time=0.171..0.172 rows=1 loops=3)
2022-12-02 20:49:11 [P-13376] [MainThread] [parse_query_plan] [DEBUG] parse_query_plan.py[line:132] ['Bitmap Heap Scan', 'company_type ct']
2022-12-02 20:49:11 [P-13376] [MainThread] [parse_query_plan] [DEBUG] parse_query_plan.py[line:149] _do_BitMapHeapScan
2022-12-02 20:49:11 [P-13376] [MainThread] [parse_query_plan] [DEBUG] parse_query_plan.py[line:126] Bitmap Index Scan on company_type_kind  (cost=0.00..4.18 rows=4 width=0) (actual time=0.162..0.162 rows=1 loops=3)
2022-12-02 20:49:11 [P-13376] [MainThread] [parse_query_plan] [DEBUG] parse_query_plan.py[line:132] ['Bitmap Index Scan', 'company_type_kind']
2022-12-02 20:49:11 [P-13376] [MainThread] [parse_query_plan] [DEBUG] parse_query_plan.py[line:149] _do_BitMapIndexScan
2022-12-02 20:49:11 [P-13376] [MainThread] [parse_query_plan] [DEBUG] parse_query_plan.py[line:126] Index Scan using title_pkey on title t  (cost=0.43..7.29 rows=1 width=20) (never executed)
2022-12-02 20:49:11 [P-13376] [MainThread] [parse_query_plan] [DEBUG] parse_query_plan.py[line:132] ['Index Scan', 'title_pkey', 'title t']
2022-12-02 20:49:11 [P-13376] [MainThread] [parse_query_plan] [DEBUG] parse_query_plan.py[line:149] _do_IndexScan
2022-12-02 20:49:11 [P-13376] [MainThread] [parse_query_plan] [DEBUG] parse_query_plan.py[line:126] Index Scan using movie_info_idx_mid on movie_info mi  (cost=0.44..2.91 rows=1 width=8) (never executed)
2022-12-02 20:49:11 [P-13376] [MainThread] [parse_query_plan] [DEBUG] parse_query_plan.py[line:132] ['Index Scan', 'movie_info_idx_mid', 'movie_info mi']
2022-12-02 20:49:11 [P-13376] [MainThread] [parse_query_plan] [DEBUG] parse_query_plan.py[line:149] _do_IndexScan
2022-12-02 20:49:11 [P-13376] [MainThread] [parse_query_plan] [DEBUG] parse_query_plan.py[line:183] <re.Match object; span=(0, 86), match="info = ANY ('{Sweden,Norway,Germany,Denmark,Swedi>
2022-12-02 20:49:11 [P-13376] [MainThread] [parse_query_plan] [DEBUG] parse_query_plan.py[line:126] Index Only Scan using info_type_pkey on info_type it  (cost=0.14..0.16 rows=1 width=4) (never executed)
2022-12-02 20:49:11 [P-13376] [MainThread] [parse_query_plan] [DEBUG] parse_query_plan.py[line:132] ['Index Only Scan', 'info_type_pkey', 'info_type it']
2022-12-02 20:49:11 [P-13376] [MainThread] [parse_query_plan] [DEBUG] parse_query_plan.py[line:149] _do_IndexOnlyScan
2022-12-02 20:49:11 [P-13376] [MainThread] [parse_query_plan] [DEBUG] parse_query_plan.py[line:126] Aggregate  (cost=72028.00..72028.01 rows=1 width=32) (actual time=138.347..141.948 rows=1 loops=1)
2022-12-02 20:49:11 [P-13376] [MainThread] [parse_query_plan] [DEBUG] parse_query_plan.py[line:132] ['Aggregate']
2022-12-02 20:49:11 [P-13376] [MainThread] [parse_query_plan] [DEBUG] parse_query_plan.py[line:149] _do_Aggregate
2022-12-02 20:49:11 [P-13376] [MainThread] [parse_query_plan] [DEBUG] parse_query_plan.py[line:126] Nested Loop  (cost=1001.17..72028.00 rows=1 width=16) (actual time=138.344..141.944 rows=0 loops=1)
2022-12-02 20:49:11 [P-13376] [MainThread] [parse_query_plan] [DEBUG] parse_query_plan.py[line:132] ['Nested Loop']
2022-12-02 20:49:11 [P-13376] [MainThread] [parse_query_plan] [DEBUG] parse_query_plan.py[line:149] _do_NestedLoop
2022-12-02 20:49:11 [P-13376] [MainThread] [parse_query_plan] [DEBUG] parse_query_plan.py[line:126] Nested Loop  (cost=1001.03..72027.84 rows=1 width=20) (actual time=138.343..141.943 rows=0 loops=1)
2022-12-02 20:49:11 [P-13376] [MainThread] [parse_query_plan] [DEBUG] parse_query_plan.py[line:132] ['Nested Loop']
2022-12-02 20:49:11 [P-13376] [MainThread] [parse_query_plan] [DEBUG] parse_query_plan.py[line:149] _do_NestedLoop
2022-12-02 20:49:11 [P-13376] [MainThread] [parse_query_plan] [DEBUG] parse_query_plan.py[line:126] Nested Loop  (cost=1000.59..72025.02 rows=1 width=24) (actual time=138.343..141.943 rows=0 loops=1)
2022-12-02 20:49:11 [P-13376] [MainThread] [parse_query_plan] [DEBUG] parse_query_plan.py[line:132] ['Nested Loop']
2022-12-02 20:49:11 [P-13376] [MainThread] [parse_query_plan] [DEBUG] parse_query_plan.py[line:149] _do_NestedLoop
2022-12-02 20:49:11 [P-13376] [MainThread] [parse_query_plan] [DEBUG] parse_query_plan.py[line:126] Gather  (cost=1000.16..72016.57 rows=1 width=4) (actual time=138.343..141.940 rows=0 loops=1)
2022-12-02 20:49:11 [P-13376] [MainThread] [parse_query_plan] [DEBUG] parse_query_plan.py[line:132] ['Gather']
2022-12-02 20:49:11 [P-13376] [MainThread] [parse_query_plan] [DEBUG] parse_query_plan.py[line:149] _do_Gather
2022-12-02 20:49:11 [P-13376] [MainThread] [parse_query_plan] [DEBUG] parse_query_plan.py[line:126] Nested Loop  (cost=0.16..71016.47 rows=1 width=4) (actual time=128.190..128.192 rows=0 loops=3)
2022-12-02 20:49:11 [P-13376] [MainThread] [parse_query_plan] [DEBUG] parse_query_plan.py[line:132] ['Nested Loop']
2022-12-02 20:49:11 [P-13376] [MainThread] [parse_query_plan] [DEBUG] parse_query_plan.py[line:149] _do_NestedLoop
2022-12-02 20:49:11 [P-13376] [MainThread] [parse_query_plan] [DEBUG] parse_query_plan.py[line:126] Seq Scan on movie_companies mc  (cost=0.00..71013.24 rows=30 width=8) (actual time=2.813..127.857 rows=622 loops=3)
2022-12-02 20:49:11 [P-13376] [MainThread] [parse_query_plan] [DEBUG] parse_query_plan.py[line:132] ['Seq Scan', 'movie_companies mc']
2022-12-02 20:49:11 [P-13376] [MainThread] [parse_query_plan] [DEBUG] parse_query_plan.py[line:149] _do_SeqScan
2022-12-02 20:49:11 [P-13376] [MainThread] [parse_query_plan] [DEBUG] parse_query_plan.py[line:126] Memoize  (cost=0.16..0.86 rows=1 width=4) (actual time=0.000..0.000 rows=0 loops=1866)
2022-12-02 20:49:11 [P-13376] [MainThread] [parse_query_plan] [DEBUG] parse_query_plan.py[line:132] ['Memoize']
2022-12-02 20:49:11 [P-13376] [MainThread] [parse_query_plan] [DEBUG] parse_query_plan.py[line:149] _do_Memorize
2022-12-02 20:49:11 [P-13376] [MainThread] [parse_query_plan] [DEBUG] parse_query_plan.py[line:126] Index Scan using company_type_pkey on company_type ct  (cost=0.15..0.85 rows=1 width=4) (actual time=0.146..0.146 rows=0 loops=3)
2022-12-02 20:49:11 [P-13376] [MainThread] [parse_query_plan] [DEBUG] parse_query_plan.py[line:132] ['Index Scan', 'company_type_pkey', 'company_type ct']
2022-12-02 20:49:11 [P-13376] [MainThread] [parse_query_plan] [DEBUG] parse_query_plan.py[line:149] _do_IndexScan
2022-12-02 20:49:11 [P-13376] [MainThread] [parse_query_plan] [DEBUG] parse_query_plan.py[line:126] Index Scan using title_pkey on title t  (cost=0.43..8.45 rows=1 width=20) (never executed)
2022-12-02 20:49:11 [P-13376] [MainThread] [parse_query_plan] [DEBUG] parse_query_plan.py[line:132] ['Index Scan', 'title_pkey', 'title t']
2022-12-02 20:49:11 [P-13376] [MainThread] [parse_query_plan] [DEBUG] parse_query_plan.py[line:149] _do_IndexScan
2022-12-02 20:49:11 [P-13376] [MainThread] [parse_query_plan] [DEBUG] parse_query_plan.py[line:126] Index Scan using movie_info_idx_mid on movie_info mi  (cost=0.44..2.80 rows=2 width=8) (never executed)
2022-12-02 20:49:11 [P-13376] [MainThread] [parse_query_plan] [DEBUG] parse_query_plan.py[line:132] ['Index Scan', 'movie_info_idx_mid', 'movie_info mi']
2022-12-02 20:49:11 [P-13376] [MainThread] [parse_query_plan] [DEBUG] parse_query_plan.py[line:149] _do_IndexScan
2022-12-02 20:49:11 [P-13376] [MainThread] [parse_query_plan] [DEBUG] parse_query_plan.py[line:183] <re.Match object; span=(0, 36), match="info = ANY ('{USA,America}'::text[])">
2022-12-02 20:49:11 [P-13376] [MainThread] [parse_query_plan] [DEBUG] parse_query_plan.py[line:126] Index Only Scan using info_type_pkey on info_type it  (cost=0.14..0.16 rows=1 width=4) (never executed)
2022-12-02 20:49:11 [P-13376] [MainThread] [parse_query_plan] [DEBUG] parse_query_plan.py[line:132] ['Index Only Scan', 'info_type_pkey', 'info_type it']
2022-12-02 20:49:11 [P-13376] [MainThread] [parse_query_plan] [DEBUG] parse_query_plan.py[line:149] _do_IndexOnlyScan
2022-12-02 20:49:11 [P-13376] [MainThread] [parse_query_plan] [DEBUG] parse_query_plan.py[line:126] Finalize Aggregate  (cost=69065.95..69065.96 rows=1 width=32) (actual time=255.329..259.288 rows=1 loops=1)
2022-12-02 20:49:11 [P-13376] [MainThread] [parse_query_plan] [DEBUG] parse_query_plan.py[line:132] ['Finalize Aggregate']
2022-12-02 20:49:11 [P-13376] [MainThread] [parse_query_plan] [DEBUG] parse_query_plan.py[line:149] _do_FinalizeAggregate
2022-12-02 20:49:11 [P-13376] [MainThread] [parse_query_plan] [DEBUG] parse_query_plan.py[line:126] Gather  (cost=69065.73..69065.94 rows=2 width=32) (actual time=255.143..259.279 rows=3 loops=1)
2022-12-02 20:49:11 [P-13376] [MainThread] [parse_query_plan] [DEBUG] parse_query_plan.py[line:132] ['Gather']
2022-12-02 20:49:11 [P-13376] [MainThread] [parse_query_plan] [DEBUG] parse_query_plan.py[line:149] _do_Gather
2022-12-02 20:49:11 [P-13376] [MainThread] [parse_query_plan] [DEBUG] parse_query_plan.py[line:126] Partial Aggregate  (cost=68065.73..68065.74 rows=1 width=32) (actual time=244.831..244.835 rows=1 loops=3)
2022-12-02 20:49:11 [P-13376] [MainThread] [parse_query_plan] [DEBUG] parse_query_plan.py[line:132] ['Partial Aggregate']
2022-12-02 20:49:11 [P-13376] [MainThread] [parse_query_plan] [DEBUG] parse_query_plan.py[line:149] _do_PartialAggregate
2022-12-02 20:49:11 [P-13376] [MainThread] [parse_query_plan] [DEBUG] parse_query_plan.py[line:126] Hash Join  (cost=17.13..68064.26 rows=588 width=16) (actual time=111.644..244.745 rows=59 loops=3)
2022-12-02 20:49:11 [P-13376] [MainThread] [parse_query_plan] [DEBUG] parse_query_plan.py[line:132] ['Hash Join']
2022-12-02 20:49:11 [P-13376] [MainThread] [parse_query_plan] [DEBUG] parse_query_plan.py[line:149] _do_HashJoin
2022-12-02 20:49:11 [P-13376] [MainThread] [parse_query_plan] [DEBUG] parse_query_plan.py[line:126] Nested Loop  (cost=13.58..68059.12 rows=588 width=20) (actual time=111.574..244.611 rows=59 loops=3)
2022-12-02 20:49:11 [P-13376] [MainThread] [parse_query_plan] [DEBUG] parse_query_plan.py[line:132] ['Nested Loop']
2022-12-02 20:49:11 [P-13376] [MainThread] [parse_query_plan] [DEBUG] parse_query_plan.py[line:149] _do_NestedLoop
2022-12-02 20:49:11 [P-13376] [MainThread] [parse_query_plan] [DEBUG] parse_query_plan.py[line:126] Nested Loop  (cost=13.12..66942.49 rows=460 width=24) (actual time=104.275..176.917 rows=97 loops=3)
2022-12-02 20:49:11 [P-13376] [MainThread] [parse_query_plan] [DEBUG] parse_query_plan.py[line:132] ['Nested Loop']
2022-12-02 20:49:11 [P-13376] [MainThread] [parse_query_plan] [DEBUG] parse_query_plan.py[line:149] _do_NestedLoop
2022-12-02 20:49:11 [P-13376] [MainThread] [parse_query_plan] [DEBUG] parse_query_plan.py[line:126] Hash Join  (cost=12.69..66139.23 rows=593 width=4) (actual time=103.809..171.073 rows=359 loops=3)
2022-12-02 20:49:11 [P-13376] [MainThread] [parse_query_plan] [DEBUG] parse_query_plan.py[line:132] ['Hash Join']
2022-12-02 20:49:11 [P-13376] [MainThread] [parse_query_plan] [DEBUG] parse_query_plan.py[line:149] _do_HashJoin
2022-12-02 20:49:11 [P-13376] [MainThread] [parse_query_plan] [DEBUG] parse_query_plan.py[line:126] Seq Scan on movie_companies mc  (cost=0.00..65848.35 rows=105348 width=8) (actual time=0.019..164.815 rows=142731 loops=3)
2022-12-02 20:49:11 [P-13376] [MainThread] [parse_query_plan] [DEBUG] parse_query_plan.py[line:132] ['Seq Scan', 'movie_companies mc']
2022-12-02 20:49:11 [P-13376] [MainThread] [parse_query_plan] [DEBUG] parse_query_plan.py[line:149] _do_SeqScan
2022-12-02 20:49:11 [P-13376] [MainThread] [parse_query_plan] [DEBUG] parse_query_plan.py[line:126] Hash  (cost=12.64..12.64 rows=4 width=4) (actual time=0.012..0.013 rows=1 loops=3)
2022-12-02 20:49:11 [P-13376] [MainThread] [parse_query_plan] [DEBUG] parse_query_plan.py[line:132] ['Hash']
2022-12-02 20:49:11 [P-13376] [MainThread] [parse_query_plan] [DEBUG] parse_query_plan.py[line:149] _do_Hash
2022-12-02 20:49:11 [P-13376] [MainThread] [parse_query_plan] [DEBUG] parse_query_plan.py[line:126] Bitmap Heap Scan on company_type ct  (cost=4.18..12.64 rows=4 width=4) (actual time=0.010..0.011 rows=1 loops=3)
2022-12-02 20:49:11 [P-13376] [MainThread] [parse_query_plan] [DEBUG] parse_query_plan.py[line:132] ['Bitmap Heap Scan', 'company_type ct']
2022-12-02 20:49:11 [P-13376] [MainThread] [parse_query_plan] [DEBUG] parse_query_plan.py[line:149] _do_BitMapHeapScan
2022-12-02 20:49:11 [P-13376] [MainThread] [parse_query_plan] [DEBUG] parse_query_plan.py[line:126] Bitmap Index Scan on company_type_kind  (cost=0.00..4.18 rows=4 width=0) (actual time=0.009..0.009 rows=1 loops=3)
2022-12-02 20:49:11 [P-13376] [MainThread] [parse_query_plan] [DEBUG] parse_query_plan.py[line:132] ['Bitmap Index Scan', 'company_type_kind']
2022-12-02 20:49:11 [P-13376] [MainThread] [parse_query_plan] [DEBUG] parse_query_plan.py[line:149] _do_BitMapIndexScan
2022-12-02 20:49:11 [P-13376] [MainThread] [parse_query_plan] [DEBUG] parse_query_plan.py[line:126] Index Scan using title_pkey on title t  (cost=0.43..1.35 rows=1 width=20) (actual time=0.016..0.016 rows=0 loops=1078)
2022-12-02 20:49:11 [P-13376] [MainThread] [parse_query_plan] [DEBUG] parse_query_plan.py[line:132] ['Index Scan', 'title_pkey', 'title t']
2022-12-02 20:49:11 [P-13376] [MainThread] [parse_query_plan] [DEBUG] parse_query_plan.py[line:149] _do_IndexScan
2022-12-02 20:49:11 [P-13376] [MainThread] [parse_query_plan] [DEBUG] parse_query_plan.py[line:126] Index Scan using movie_info_idx_mid on movie_info mi  (cost=0.46..2.41 rows=2 width=8) (actual time=0.406..0.695 rows=1 loops=292)
2022-12-02 20:49:11 [P-13376] [MainThread] [parse_query_plan] [DEBUG] parse_query_plan.py[line:132] ['Index Scan', 'movie_info_idx_mid', 'movie_info mi']
2022-12-02 20:49:11 [P-13376] [MainThread] [parse_query_plan] [DEBUG] parse_query_plan.py[line:149] _do_IndexScan
2022-12-02 20:49:11 [P-13376] [MainThread] [parse_query_plan] [DEBUG] parse_query_plan.py[line:183] <re.Match object; span=(0, 99), match="info = ANY ('{Sweden,Norway,Germany,Denmark,Swedi>
2022-12-02 20:49:11 [P-13376] [MainThread] [parse_query_plan] [DEBUG] parse_query_plan.py[line:126] Hash  (cost=2.13..2.13 rows=113 width=4) (actual time=0.029..0.029 rows=113 loops=3)
2022-12-02 20:49:11 [P-13376] [MainThread] [parse_query_plan] [DEBUG] parse_query_plan.py[line:132] ['Hash']
2022-12-02 20:49:11 [P-13376] [MainThread] [parse_query_plan] [DEBUG] parse_query_plan.py[line:149] _do_Hash
2022-12-02 20:49:11 [P-13376] [MainThread] [parse_query_plan] [DEBUG] parse_query_plan.py[line:126] Seq Scan on info_type it  (cost=0.00..2.13 rows=113 width=4) (actual time=0.009..0.015 rows=113 loops=3)
2022-12-02 20:49:11 [P-13376] [MainThread] [parse_query_plan] [DEBUG] parse_query_plan.py[line:132] ['Seq Scan', 'info_type it']
2022-12-02 20:49:11 [P-13376] [MainThread] [parse_query_plan] [DEBUG] parse_query_plan.py[line:149] _do_SeqScan
2022-12-02 20:49:11 [P-13376] [MainThread] [parse_query_plan] [DEBUG] parse_query_plan.py[line:126] Aggregate  (cost=2802.38..2802.39 rows=1 width=96) (actual time=347.065..347.068 rows=1 loops=1)
2022-12-02 20:49:11 [P-13376] [MainThread] [parse_query_plan] [DEBUG] parse_query_plan.py[line:132] ['Aggregate']
2022-12-02 20:49:11 [P-13376] [MainThread] [parse_query_plan] [DEBUG] parse_query_plan.py[line:149] _do_Aggregate
2022-12-02 20:49:11 [P-13376] [MainThread] [parse_query_plan] [DEBUG] parse_query_plan.py[line:126] Nested Loop  (cost=9.34..2802.38 rows=1 width=48) (actual time=204.671..347.050 rows=4 loops=1)
2022-12-02 20:49:11 [P-13376] [MainThread] [parse_query_plan] [DEBUG] parse_query_plan.py[line:132] ['Nested Loop']
2022-12-02 20:49:11 [P-13376] [MainThread] [parse_query_plan] [DEBUG] parse_query_plan.py[line:149] _do_NestedLoop
2022-12-02 20:49:11 [P-13376] [MainThread] [parse_query_plan] [DEBUG] parse_query_plan.py[line:126] Nested Loop  (cost=8.91..2020.76 rows=415 width=37) (actual time=2.669..48.900 rows=1526 loops=1)
2022-12-02 20:49:11 [P-13376] [MainThread] [parse_query_plan] [DEBUG] parse_query_plan.py[line:132] ['Nested Loop']
2022-12-02 20:49:11 [P-13376] [MainThread] [parse_query_plan] [DEBUG] parse_query_plan.py[line:149] _do_NestedLoop
2022-12-02 20:49:11 [P-13376] [MainThread] [parse_query_plan] [DEBUG] parse_query_plan.py[line:126] Nested Loop  (cost=8.47..1595.73 rows=12 width=41) (actual time=2.005..12.872 rows=17 loops=1)
2022-12-02 20:49:11 [P-13376] [MainThread] [parse_query_plan] [DEBUG] parse_query_plan.py[line:132] ['Nested Loop']
2022-12-02 20:49:11 [P-13376] [MainThread] [parse_query_plan] [DEBUG] parse_query_plan.py[line:149] _do_NestedLoop
2022-12-02 20:49:11 [P-13376] [MainThread] [parse_query_plan] [DEBUG] parse_query_plan.py[line:126] Nested Loop  (cost=8.04..1537.90 rows=32 width=21) (actual time=1.680..12.489 rows=56 loops=1)
2022-12-02 20:49:11 [P-13376] [MainThread] [parse_query_plan] [DEBUG] parse_query_plan.py[line:132] ['Nested Loop']
2022-12-02 20:49:11 [P-13376] [MainThread] [parse_query_plan] [DEBUG] parse_query_plan.py[line:149] _do_NestedLoop
2022-12-02 20:49:11 [P-13376] [MainThread] [parse_query_plan] [DEBUG] parse_query_plan.py[line:126] Index Scan using keyword_idx_keyword on keyword k  (cost=0.42..8.44 rows=1 width=21) (actual time=0.028..0.030 rows=1 loops=1)
2022-12-02 20:49:11 [P-13376] [MainThread] [parse_query_plan] [DEBUG] parse_query_plan.py[line:132] ['Index Scan', 'keyword_idx_keyword', 'keyword k']
2022-12-02 20:49:11 [P-13376] [MainThread] [parse_query_plan] [DEBUG] parse_query_plan.py[line:149] _do_IndexScan
2022-12-02 20:49:11 [P-13376] [MainThread] [parse_query_plan] [DEBUG] parse_query_plan.py[line:126] Bitmap Heap Scan on movie_keyword mk  (cost=7.62..1525.35 rows=411 width=8) (actual time=1.647..12.438 rows=56 loops=1)
2022-12-02 20:49:11 [P-13376] [MainThread] [parse_query_plan] [DEBUG] parse_query_plan.py[line:132] ['Bitmap Heap Scan', 'movie_keyword mk']
2022-12-02 20:49:11 [P-13376] [MainThread] [parse_query_plan] [DEBUG] parse_query_plan.py[line:149] _do_BitMapHeapScan
2022-12-02 20:49:11 [P-13376] [MainThread] [parse_query_plan] [DEBUG] parse_query_plan.py[line:126] Bitmap Index Scan on movie_keyword_idx_keywordid  (cost=0.00..7.51 rows=411 width=0) (actual time=1.632..1.632 rows=56 loops=1)
2022-12-02 20:49:11 [P-13376] [MainThread] [parse_query_plan] [DEBUG] parse_query_plan.py[line:132] ['Bitmap Index Scan', 'movie_keyword_idx_keywordid']
2022-12-02 20:49:11 [P-13376] [MainThread] [parse_query_plan] [DEBUG] parse_query_plan.py[line:149] _do_BitMapIndexScan
2022-12-02 20:49:11 [P-13376] [MainThread] [parse_query_plan] [DEBUG] parse_query_plan.py[line:126] Index Scan using title_pkey on title t  (cost=0.43..1.81 rows=1 width=20) (actual time=0.006..0.006 rows=0 loops=56)
2022-12-02 20:49:11 [P-13376] [MainThread] [parse_query_plan] [DEBUG] parse_query_plan.py[line:132] ['Index Scan', 'title_pkey', 'title t']
2022-12-02 20:49:11 [P-13376] [MainThread] [parse_query_plan] [DEBUG] parse_query_plan.py[line:149] _do_IndexScan
2022-12-02 20:49:11 [P-13376] [MainThread] [parse_query_plan] [DEBUG] parse_query_plan.py[line:126] Index Scan using cast_info_idx_mid on cast_info ci  (cost=0.44..34.98 rows=35 width=8) (actual time=0.172..2.074 rows=90 loops=17)
2022-12-02 20:49:11 [P-13376] [MainThread] [parse_query_plan] [DEBUG] parse_query_plan.py[line:132] ['Index Scan', 'cast_info_idx_mid', 'cast_info ci']
2022-12-02 20:49:11 [P-13376] [MainThread] [parse_query_plan] [DEBUG] parse_query_plan.py[line:149] _do_IndexScan
2022-12-02 20:49:11 [P-13376] [MainThread] [parse_query_plan] [DEBUG] parse_query_plan.py[line:126] Index Scan using name_pkey on name n  (cost=0.43..1.88 rows=1 width=19) (actual time=0.194..0.194 rows=0 loops=1526)
2022-12-02 20:49:11 [P-13376] [MainThread] [parse_query_plan] [DEBUG] parse_query_plan.py[line:132] ['Index Scan', 'name_pkey', 'name n']
2022-12-02 20:49:11 [P-13376] [MainThread] [parse_query_plan] [DEBUG] parse_query_plan.py[line:149] _do_IndexScan
2022-12-02 20:49:11 [P-13376] [MainThread] [parse_query_plan] [DEBUG] parse_query_plan.py[line:126] Aggregate  (cost=15766.95..15766.96 rows=1 width=96) (actual time=4218.027..4218.090 rows=1 loops=1)
2022-12-02 20:49:11 [P-13376] [MainThread] [parse_query_plan] [DEBUG] parse_query_plan.py[line:132] ['Aggregate']
2022-12-02 20:49:11 [P-13376] [MainThread] [parse_query_plan] [DEBUG] parse_query_plan.py[line:149] _do_Aggregate
2022-12-02 20:49:11 [P-13376] [MainThread] [parse_query_plan] [DEBUG] parse_query_plan.py[line:126] Gather  (cost=1008.92..15766.94 rows=1 width=48) (actual time=271.590..4218.055 rows=24 loops=1)
2022-12-02 20:49:11 [P-13376] [MainThread] [parse_query_plan] [DEBUG] parse_query_plan.py[line:132] ['Gather']
2022-12-02 20:49:11 [P-13376] [MainThread] [parse_query_plan] [DEBUG] parse_query_plan.py[line:149] _do_Gather
2022-12-02 20:49:11 [P-13376] [MainThread] [parse_query_plan] [DEBUG] parse_query_plan.py[line:126] Nested Loop  (cost=8.92..14766.84 rows=1 width=48) (actual time=954.350..4075.452 rows=12 loops=2)
2022-12-02 20:49:11 [P-13376] [MainThread] [parse_query_plan] [DEBUG] parse_query_plan.py[line:132] ['Nested Loop']
2022-12-02 20:49:11 [P-13376] [MainThread] [parse_query_plan] [DEBUG] parse_query_plan.py[line:149] _do_NestedLoop
2022-12-02 20:49:11 [P-13376] [MainThread] [parse_query_plan] [DEBUG] parse_query_plan.py[line:126] Nested Loop  (cost=8.49..13088.72 rows=891 width=37) (actual time=8.901..2150.692 rows=21143 loops=2)
2022-12-02 20:49:11 [P-13376] [MainThread] [parse_query_plan] [DEBUG] parse_query_plan.py[line:132] ['Nested Loop']
2022-12-02 20:49:11 [P-13376] [MainThread] [parse_query_plan] [DEBUG] parse_query_plan.py[line:149] _do_NestedLoop
2022-12-02 20:49:11 [P-13376] [MainThread] [parse_query_plan] [DEBUG] parse_query_plan.py[line:126] Nested Loop  (cost=8.05..12167.82 rows=26 width=41) (actual time=8.542..989.810 rows=490 loops=2)
2022-12-02 20:49:11 [P-13376] [MainThread] [parse_query_plan] [DEBUG] parse_query_plan.py[line:132] ['Nested Loop']
2022-12-02 20:49:11 [P-13376] [MainThread] [parse_query_plan] [DEBUG] parse_query_plan.py[line:149] _do_NestedLoop
2022-12-02 20:49:11 [P-13376] [MainThread] [parse_query_plan] [DEBUG] parse_query_plan.py[line:126] Nested Loop  (cost=7.62..11898.55 rows=149 width=21) (actual time=3.902..846.421 rows=25812 loops=2)
2022-12-02 20:49:11 [P-13376] [MainThread] [parse_query_plan] [DEBUG] parse_query_plan.py[line:132] ['Nested Loop']
2022-12-02 20:49:11 [P-13376] [MainThread] [parse_query_plan] [DEBUG] parse_query_plan.py[line:149] _do_NestedLoop
2022-12-02 20:49:11 [P-13376] [MainThread] [parse_query_plan] [DEBUG] parse_query_plan.py[line:126] Seq Scan on keyword k  (cost=0.00..4499.85 rows=5 width=21) (actual time=0.175..31.840 rows=4 loops=2)
2022-12-02 20:49:11 [P-13376] [MainThread] [parse_query_plan] [DEBUG] parse_query_plan.py[line:132] ['Seq Scan', 'keyword k']
2022-12-02 20:49:11 [P-13376] [MainThread] [parse_query_plan] [DEBUG] parse_query_plan.py[line:149] _do_SeqScan
2022-12-02 20:49:11 [P-13376] [MainThread] [parse_query_plan] [DEBUG] parse_query_plan.py[line:207] <re.Match object; span=(0, 112), match="(keyword = ANY ('{superhero,sequel,second-part,ma>
2022-12-02 20:49:11 [P-13376] [MainThread] [parse_query_plan] [DEBUG] parse_query_plan.py[line:126] Bitmap Heap Scan on movie_keyword mk  (cost=7.62..1475.63 rows=411 width=8) (actual time=3.519..201.966 rows=6453 loops=8)
2022-12-02 20:49:11 [P-13376] [MainThread] [parse_query_plan] [DEBUG] parse_query_plan.py[line:132] ['Bitmap Heap Scan', 'movie_keyword mk']
2022-12-02 20:49:11 [P-13376] [MainThread] [parse_query_plan] [DEBUG] parse_query_plan.py[line:149] _do_BitMapHeapScan
2022-12-02 20:49:11 [P-13376] [MainThread] [parse_query_plan] [DEBUG] parse_query_plan.py[line:126] Bitmap Index Scan on movie_keyword_idx_keywordid  (cost=0.00..7.51 rows=411 width=0) (actual time=2.743..2.744 rows=6453 loops=8)
2022-12-02 20:49:11 [P-13376] [MainThread] [parse_query_plan] [DEBUG] parse_query_plan.py[line:132] ['Bitmap Index Scan', 'movie_keyword_idx_keywordid']
2022-12-02 20:49:11 [P-13376] [MainThread] [parse_query_plan] [DEBUG] parse_query_plan.py[line:149] _do_BitMapIndexScan
2022-12-02 20:49:11 [P-13376] [MainThread] [parse_query_plan] [DEBUG] parse_query_plan.py[line:126] Index Scan using title_pkey on title t  (cost=0.43..1.81 rows=1 width=20) (actual time=0.005..0.005 rows=0 loops=51625)
2022-12-02 20:49:11 [P-13376] [MainThread] [parse_query_plan] [DEBUG] parse_query_plan.py[line:132] ['Index Scan', 'title_pkey', 'title t']
2022-12-02 20:49:11 [P-13376] [MainThread] [parse_query_plan] [DEBUG] parse_query_plan.py[line:149] _do_IndexScan
2022-12-02 20:49:11 [P-13376] [MainThread] [parse_query_plan] [DEBUG] parse_query_plan.py[line:126] Index Scan using cast_info_idx_mid on cast_info ci  (cost=0.44..34.98 rows=35 width=8) (actual time=0.164..2.346 rows=43 loops=981)
2022-12-02 20:49:11 [P-13376] [MainThread] [parse_query_plan] [DEBUG] parse_query_plan.py[line:132] ['Index Scan', 'cast_info_idx_mid', 'cast_info ci']
2022-12-02 20:49:11 [P-13376] [MainThread] [parse_query_plan] [DEBUG] parse_query_plan.py[line:149] _do_IndexScan
2022-12-02 20:49:11 [P-13376] [MainThread] [parse_query_plan] [DEBUG] parse_query_plan.py[line:126] Index Scan using name_pkey on name n  (cost=0.43..1.88 rows=1 width=19) (actual time=0.090..0.090 rows=0 loops=42286)
2022-12-02 20:49:11 [P-13376] [MainThread] [parse_query_plan] [DEBUG] parse_query_plan.py[line:132] ['Index Scan', 'name_pkey', 'name n']
2022-12-02 20:49:11 [P-13376] [MainThread] [parse_query_plan] [DEBUG] parse_query_plan.py[line:149] _do_IndexScan
2022-12-02 20:49:11 [P-13376] [MainThread] [parse_query_plan] [DEBUG] parse_query_plan.py[line:126] Aggregate  (cost=2164.22..2164.23 rows=1 width=96) (actual time=4.004..4.006 rows=1 loops=1)
2022-12-02 20:49:11 [P-13376] [MainThread] [parse_query_plan] [DEBUG] parse_query_plan.py[line:132] ['Aggregate']
2022-12-02 20:49:11 [P-13376] [MainThread] [parse_query_plan] [DEBUG] parse_query_plan.py[line:149] _do_Aggregate
2022-12-02 20:49:11 [P-13376] [MainThread] [parse_query_plan] [DEBUG] parse_query_plan.py[line:126] Nested Loop  (cost=9.34..2164.21 rows=1 width=48) (actual time=2.295..3.998 rows=4 loops=1)
2022-12-02 20:49:11 [P-13376] [MainThread] [parse_query_plan] [DEBUG] parse_query_plan.py[line:132] ['Nested Loop']
2022-12-02 20:49:11 [P-13376] [MainThread] [parse_query_plan] [DEBUG] parse_query_plan.py[line:149] _do_NestedLoop
2022-12-02 20:49:11 [P-13376] [MainThread] [parse_query_plan] [DEBUG] parse_query_plan.py[line:126] Nested Loop  (cost=8.91..1808.24 rows=189 width=37) (actual time=0.045..0.970 rows=1526 loops=1)
2022-12-02 20:49:11 [P-13376] [MainThread] [parse_query_plan] [DEBUG] parse_query_plan.py[line:132] ['Nested Loop']
2022-12-02 20:49:11 [P-13376] [MainThread] [parse_query_plan] [DEBUG] parse_query_plan.py[line:149] _do_NestedLoop
2022-12-02 20:49:11 [P-13376] [MainThread] [parse_query_plan] [DEBUG] parse_query_plan.py[line:126] Nested Loop  (cost=8.47..1595.73 rows=6 width=41) (actual time=0.041..0.150 rows=17 loops=1)
2022-12-02 20:49:11 [P-13376] [MainThread] [parse_query_plan] [DEBUG] parse_query_plan.py[line:132] ['Nested Loop']
2022-12-02 20:49:11 [P-13376] [MainThread] [parse_query_plan] [DEBUG] parse_query_plan.py[line:149] _do_NestedLoop
2022-12-02 20:49:11 [P-13376] [MainThread] [parse_query_plan] [DEBUG] parse_query_plan.py[line:126] Nested Loop  (cost=8.04..1537.90 rows=32 width=21) (actual time=0.029..0.071 rows=56 loops=1)
2022-12-02 20:49:11 [P-13376] [MainThread] [parse_query_plan] [DEBUG] parse_query_plan.py[line:132] ['Nested Loop']
2022-12-02 20:49:11 [P-13376] [MainThread] [parse_query_plan] [DEBUG] parse_query_plan.py[line:149] _do_NestedLoop
2022-12-02 20:49:11 [P-13376] [MainThread] [parse_query_plan] [DEBUG] parse_query_plan.py[line:126] Index Scan using keyword_idx_keyword on keyword k  (cost=0.42..8.44 rows=1 width=21) (actual time=0.016..0.016 rows=1 loops=1)
2022-12-02 20:49:11 [P-13376] [MainThread] [parse_query_plan] [DEBUG] parse_query_plan.py[line:132] ['Index Scan', 'keyword_idx_keyword', 'keyword k']
2022-12-02 20:49:11 [P-13376] [MainThread] [parse_query_plan] [DEBUG] parse_query_plan.py[line:149] _do_IndexScan
2022-12-02 20:49:11 [P-13376] [MainThread] [parse_query_plan] [DEBUG] parse_query_plan.py[line:126] Bitmap Heap Scan on movie_keyword mk  (cost=7.62..1525.35 rows=411 width=8) (actual time=0.011..0.048 rows=56 loops=1)
2022-12-02 20:49:11 [P-13376] [MainThread] [parse_query_plan] [DEBUG] parse_query_plan.py[line:132] ['Bitmap Heap Scan', 'movie_keyword mk']
2022-12-02 20:49:11 [P-13376] [MainThread] [parse_query_plan] [DEBUG] parse_query_plan.py[line:149] _do_BitMapHeapScan
2022-12-02 20:49:11 [P-13376] [MainThread] [parse_query_plan] [DEBUG] parse_query_plan.py[line:126] Bitmap Index Scan on movie_keyword_idx_keywordid  (cost=0.00..7.51 rows=411 width=0) (actual time=0.006..0.006 rows=56 loops=1)
2022-12-02 20:49:11 [P-13376] [MainThread] [parse_query_plan] [DEBUG] parse_query_plan.py[line:132] ['Bitmap Index Scan', 'movie_keyword_idx_keywordid']
2022-12-02 20:49:11 [P-13376] [MainThread] [parse_query_plan] [DEBUG] parse_query_plan.py[line:149] _do_BitMapIndexScan
2022-12-02 20:49:11 [P-13376] [MainThread] [parse_query_plan] [DEBUG] parse_query_plan.py[line:126] Index Scan using title_pkey on title t  (cost=0.43..1.81 rows=1 width=20) (actual time=0.001..0.001 rows=0 loops=56)
2022-12-02 20:49:11 [P-13376] [MainThread] [parse_query_plan] [DEBUG] parse_query_plan.py[line:132] ['Index Scan', 'title_pkey', 'title t']
2022-12-02 20:49:11 [P-13376] [MainThread] [parse_query_plan] [DEBUG] parse_query_plan.py[line:149] _do_IndexScan
2022-12-02 20:49:11 [P-13376] [MainThread] [parse_query_plan] [DEBUG] parse_query_plan.py[line:126] Index Scan using cast_info_idx_mid on cast_info ci  (cost=0.44..34.98 rows=35 width=8) (actual time=0.003..0.042 rows=90 loops=17)
2022-12-02 20:49:11 [P-13376] [MainThread] [parse_query_plan] [DEBUG] parse_query_plan.py[line:132] ['Index Scan', 'cast_info_idx_mid', 'cast_info ci']
2022-12-02 20:49:11 [P-13376] [MainThread] [parse_query_plan] [DEBUG] parse_query_plan.py[line:149] _do_IndexScan
2022-12-02 20:49:11 [P-13376] [MainThread] [parse_query_plan] [DEBUG] parse_query_plan.py[line:126] Index Scan using name_pkey on name n  (cost=0.43..1.88 rows=1 width=19) (actual time=0.002..0.002 rows=0 loops=1526)
2022-12-02 20:49:11 [P-13376] [MainThread] [parse_query_plan] [DEBUG] parse_query_plan.py[line:132] ['Index Scan', 'name_pkey', 'name n']
2022-12-02 20:49:11 [P-13376] [MainThread] [parse_query_plan] [DEBUG] parse_query_plan.py[line:149] _do_IndexScan
2022-12-02 20:49:11 [P-13376] [MainThread] [parse_query_plan] [DEBUG] parse_query_plan.py[line:126] Aggregate  (cost=23053.91..23053.92 rows=1 width=96) (actual time=9600.829..9607.754 rows=1 loops=1)
2022-12-02 20:49:11 [P-13376] [MainThread] [parse_query_plan] [DEBUG] parse_query_plan.py[line:132] ['Aggregate']
2022-12-02 20:49:11 [P-13376] [MainThread] [parse_query_plan] [DEBUG] parse_query_plan.py[line:149] _do_Aggregate
2022-12-02 20:49:11 [P-13376] [MainThread] [parse_query_plan] [DEBUG] parse_query_plan.py[line:126] Gather  (cost=1008.92..23053.90 rows=1 width=48) (actual time=936.335..9607.661 rows=36 loops=1)
2022-12-02 20:49:11 [P-13376] [MainThread] [parse_query_plan] [DEBUG] parse_query_plan.py[line:132] ['Gather']
2022-12-02 20:49:11 [P-13376] [MainThread] [parse_query_plan] [DEBUG] parse_query_plan.py[line:149] _do_Gather
2022-12-02 20:49:11 [P-13376] [MainThread] [parse_query_plan] [DEBUG] parse_query_plan.py[line:126] Nested Loop  (cost=8.92..22053.80 rows=1 width=48) (actual time=1801.297..9372.225 rows=18 loops=2)
2022-12-02 20:49:11 [P-13376] [MainThread] [parse_query_plan] [DEBUG] parse_query_plan.py[line:132] ['Nested Loop']
2022-12-02 20:49:11 [P-13376] [MainThread] [parse_query_plan] [DEBUG] parse_query_plan.py[line:149] _do_NestedLoop
2022-12-02 20:49:11 [P-13376] [MainThread] [parse_query_plan] [DEBUG] parse_query_plan.py[line:126] Nested Loop  (cost=8.49..15638.89 rows=3406 width=37) (actual time=3.024..5933.423 rows=133210 loops=2)
2022-12-02 20:49:11 [P-13376] [MainThread] [parse_query_plan] [DEBUG] parse_query_plan.py[line:132] ['Nested Loop']
2022-12-02 20:49:11 [P-13376] [MainThread] [parse_query_plan] [DEBUG] parse_query_plan.py[line:149] _do_NestedLoop
2022-12-02 20:49:11 [P-13376] [MainThread] [parse_query_plan] [DEBUG] parse_query_plan.py[line:126] Nested Loop  (cost=8.05..12167.82 rows=98 width=41) (actual time=2.646..202.490 rows=3190 loops=2)
2022-12-02 20:49:11 [P-13376] [MainThread] [parse_query_plan] [DEBUG] parse_query_plan.py[line:132] ['Nested Loop']
2022-12-02 20:49:11 [P-13376] [MainThread] [parse_query_plan] [DEBUG] parse_query_plan.py[line:149] _do_NestedLoop
2022-12-02 20:49:11 [P-13376] [MainThread] [parse_query_plan] [DEBUG] parse_query_plan.py[line:126] Nested Loop  (cost=7.62..11898.55 rows=149 width=21) (actual time=2.358..136.012 rows=25812 loops=2)
2022-12-02 20:49:11 [P-13376] [MainThread] [parse_query_plan] [DEBUG] parse_query_plan.py[line:132] ['Nested Loop']
2022-12-02 20:49:11 [P-13376] [MainThread] [parse_query_plan] [DEBUG] parse_query_plan.py[line:149] _do_NestedLoop
2022-12-02 20:49:11 [P-13376] [MainThread] [parse_query_plan] [DEBUG] parse_query_plan.py[line:126] Seq Scan on keyword k  (cost=0.00..4499.85 rows=5 width=21) (actual time=0.158..14.570 rows=4 loops=2)
2022-12-02 20:49:11 [P-13376] [MainThread] [parse_query_plan] [DEBUG] parse_query_plan.py[line:132] ['Seq Scan', 'keyword k']
2022-12-02 20:49:11 [P-13376] [MainThread] [parse_query_plan] [DEBUG] parse_query_plan.py[line:149] _do_SeqScan
2022-12-02 20:49:11 [P-13376] [MainThread] [parse_query_plan] [DEBUG] parse_query_plan.py[line:207] <re.Match object; span=(0, 112), match="(keyword = ANY ('{superhero,sequel,second-part,ma>
2022-12-02 20:49:11 [P-13376] [MainThread] [parse_query_plan] [DEBUG] parse_query_plan.py[line:126] Bitmap Heap Scan on movie_keyword mk  (cost=7.62..1475.63 rows=411 width=8) (actual time=1.186..29.129 rows=6453 loops=8)
2022-12-02 20:49:11 [P-13376] [MainThread] [parse_query_plan] [DEBUG] parse_query_plan.py[line:132] ['Bitmap Heap Scan', 'movie_keyword mk']
2022-12-02 20:49:11 [P-13376] [MainThread] [parse_query_plan] [DEBUG] parse_query_plan.py[line:149] _do_BitMapHeapScan
2022-12-02 20:49:11 [P-13376] [MainThread] [parse_query_plan] [DEBUG] parse_query_plan.py[line:126] Bitmap Index Scan on movie_keyword_idx_keywordid  (cost=0.00..7.51 rows=411 width=0) (actual time=0.656..0.656 rows=6453 loops=8)
2022-12-02 20:49:11 [P-13376] [MainThread] [parse_query_plan] [DEBUG] parse_query_plan.py[line:132] ['Bitmap Index Scan', 'movie_keyword_idx_keywordid']
2022-12-02 20:49:11 [P-13376] [MainThread] [parse_query_plan] [DEBUG] parse_query_plan.py[line:149] _do_BitMapIndexScan
2022-12-02 20:49:11 [P-13376] [MainThread] [parse_query_plan] [DEBUG] parse_query_plan.py[line:126] Index Scan using title_pkey on title t  (cost=0.43..1.81 rows=1 width=20) (actual time=0.002..0.002 rows=0 loops=51625)
2022-12-02 20:49:11 [P-13376] [MainThread] [parse_query_plan] [DEBUG] parse_query_plan.py[line:132] ['Index Scan', 'title_pkey', 'title t']
2022-12-02 20:49:11 [P-13376] [MainThread] [parse_query_plan] [DEBUG] parse_query_plan.py[line:149] _do_IndexScan
2022-12-02 20:49:11 [P-13376] [MainThread] [parse_query_plan] [DEBUG] parse_query_plan.py[line:126] Index Scan using cast_info_idx_mid on cast_info ci  (cost=0.44..34.98 rows=35 width=8) (actual time=0.135..1.780 rows=42 loops=6380)
2022-12-02 20:49:11 [P-13376] [MainThread] [parse_query_plan] [DEBUG] parse_query_plan.py[line:132] ['Index Scan', 'cast_info_idx_mid', 'cast_info ci']
2022-12-02 20:49:11 [P-13376] [MainThread] [parse_query_plan] [DEBUG] parse_query_plan.py[line:149] _do_IndexScan
2022-12-02 20:49:11 [P-13376] [MainThread] [parse_query_plan] [DEBUG] parse_query_plan.py[line:126] Index Scan using name_pkey on name n  (cost=0.43..1.88 rows=1 width=19) (actual time=0.025..0.025 rows=0 loops=266419)
2022-12-02 20:49:11 [P-13376] [MainThread] [parse_query_plan] [DEBUG] parse_query_plan.py[line:132] ['Index Scan', 'name_pkey', 'name n']
2022-12-02 20:49:11 [P-13376] [MainThread] [parse_query_plan] [DEBUG] parse_query_plan.py[line:149] _do_IndexScan
2022-12-02 20:49:11 [P-13376] [MainThread] [parse_query_plan] [DEBUG] parse_query_plan.py[line:126] Aggregate  (cost=3703.13..3703.14 rows=1 width=96) (actual time=10.976..10.978 rows=1 loops=1)
2022-12-02 20:49:11 [P-13376] [MainThread] [parse_query_plan] [DEBUG] parse_query_plan.py[line:132] ['Aggregate']
2022-12-02 20:49:11 [P-13376] [MainThread] [parse_query_plan] [DEBUG] parse_query_plan.py[line:149] _do_Aggregate
2022-12-02 20:49:11 [P-13376] [MainThread] [parse_query_plan] [DEBUG] parse_query_plan.py[line:126] Nested Loop  (cost=9.34..3703.12 rows=1 width=48) (actual time=6.107..10.967 rows=4 loops=1)
2022-12-02 20:49:11 [P-13376] [MainThread] [parse_query_plan] [DEBUG] parse_query_plan.py[line:132] ['Nested Loop']
2022-12-02 20:49:11 [P-13376] [MainThread] [parse_query_plan] [DEBUG] parse_query_plan.py[line:149] _do_NestedLoop
2022-12-02 20:49:11 [P-13376] [MainThread] [parse_query_plan] [DEBUG] parse_query_plan.py[line:126] Nested Loop  (cost=8.91..2339.53 rows=724 width=37) (actual time=0.082..4.028 rows=1526 loops=1)
2022-12-02 20:49:11 [P-13376] [MainThread] [parse_query_plan] [DEBUG] parse_query_plan.py[line:132] ['Nested Loop']
2022-12-02 20:49:11 [P-13376] [MainThread] [parse_query_plan] [DEBUG] parse_query_plan.py[line:149] _do_NestedLoop
2022-12-02 20:49:11 [P-13376] [MainThread] [parse_query_plan] [DEBUG] parse_query_plan.py[line:126] Nested Loop  (cost=8.47..1595.73 rows=21 width=41) (actual time=0.071..0.404 rows=17 loops=1)
2022-12-02 20:49:11 [P-13376] [MainThread] [parse_query_plan] [DEBUG] parse_query_plan.py[line:132] ['Nested Loop']
2022-12-02 20:49:11 [P-13376] [MainThread] [parse_query_plan] [DEBUG] parse_query_plan.py[line:149] _do_NestedLoop
2022-12-02 20:49:11 [P-13376] [MainThread] [parse_query_plan] [DEBUG] parse_query_plan.py[line:126] Nested Loop  (cost=8.04..1537.90 rows=32 width=21) (actual time=0.043..0.229 rows=56 loops=1)
2022-12-02 20:49:11 [P-13376] [MainThread] [parse_query_plan] [DEBUG] parse_query_plan.py[line:132] ['Nested Loop']
2022-12-02 20:49:11 [P-13376] [MainThread] [parse_query_plan] [DEBUG] parse_query_plan.py[line:149] _do_NestedLoop
2022-12-02 20:49:11 [P-13376] [MainThread] [parse_query_plan] [DEBUG] parse_query_plan.py[line:126] Index Scan using keyword_idx_keyword on keyword k  (cost=0.42..8.44 rows=1 width=21) (actual time=0.022..0.023 rows=1 loops=1)
2022-12-02 20:49:11 [P-13376] [MainThread] [parse_query_plan] [DEBUG] parse_query_plan.py[line:132] ['Index Scan', 'keyword_idx_keyword', 'keyword k']
2022-12-02 20:49:11 [P-13376] [MainThread] [parse_query_plan] [DEBUG] parse_query_plan.py[line:149] _do_IndexScan
2022-12-02 20:49:11 [P-13376] [MainThread] [parse_query_plan] [DEBUG] parse_query_plan.py[line:126] Bitmap Heap Scan on movie_keyword mk  (cost=7.62..1525.35 rows=411 width=8) (actual time=0.018..0.196 rows=56 loops=1)
2022-12-02 20:49:11 [P-13376] [MainThread] [parse_query_plan] [DEBUG] parse_query_plan.py[line:132] ['Bitmap Heap Scan', 'movie_keyword mk']
2022-12-02 20:49:11 [P-13376] [MainThread] [parse_query_plan] [DEBUG] parse_query_plan.py[line:149] _do_BitMapHeapScan
2022-12-02 20:49:11 [P-13376] [MainThread] [parse_query_plan] [DEBUG] parse_query_plan.py[line:126] Bitmap Index Scan on movie_keyword_idx_keywordid  (cost=0.00..7.51 rows=411 width=0) (actual time=0.010..0.010 rows=56 loops=1)
2022-12-02 20:49:11 [P-13376] [MainThread] [parse_query_plan] [DEBUG] parse_query_plan.py[line:132] ['Bitmap Index Scan', 'movie_keyword_idx_keywordid']
2022-12-02 20:49:11 [P-13376] [MainThread] [parse_query_plan] [DEBUG] parse_query_plan.py[line:149] _do_BitMapIndexScan
2022-12-02 20:49:11 [P-13376] [MainThread] [parse_query_plan] [DEBUG] parse_query_plan.py[line:126] Index Scan using title_pkey on title t  (cost=0.43..1.81 rows=1 width=20) (actual time=0.003..0.003 rows=0 loops=56)
2022-12-02 20:49:11 [P-13376] [MainThread] [parse_query_plan] [DEBUG] parse_query_plan.py[line:132] ['Index Scan', 'title_pkey', 'title t']
2022-12-02 20:49:11 [P-13376] [MainThread] [parse_query_plan] [DEBUG] parse_query_plan.py[line:149] _do_IndexScan
2022-12-02 20:49:11 [P-13376] [MainThread] [parse_query_plan] [DEBUG] parse_query_plan.py[line:126] Index Scan using cast_info_idx_mid on cast_info ci  (cost=0.44..34.98 rows=35 width=8) (actual time=0.007..0.204 rows=90 loops=17)
2022-12-02 20:49:11 [P-13376] [MainThread] [parse_query_plan] [DEBUG] parse_query_plan.py[line:132] ['Index Scan', 'cast_info_idx_mid', 'cast_info ci']
2022-12-02 20:49:11 [P-13376] [MainThread] [parse_query_plan] [DEBUG] parse_query_plan.py[line:149] _do_IndexScan
2022-12-02 20:49:11 [P-13376] [MainThread] [parse_query_plan] [DEBUG] parse_query_plan.py[line:126] Index Scan using name_pkey on name n  (cost=0.43..1.88 rows=1 width=19) (actual time=0.004..0.004 rows=0 loops=1526)
2022-12-02 20:49:11 [P-13376] [MainThread] [parse_query_plan] [DEBUG] parse_query_plan.py[line:132] ['Index Scan', 'name_pkey', 'name n']
2022-12-02 20:49:11 [P-13376] [MainThread] [parse_query_plan] [DEBUG] parse_query_plan.py[line:149] _do_IndexScan
2022-12-02 20:49:11 [P-13376] [MainThread] [parse_query_plan] [DEBUG] parse_query_plan.py[line:126] Finalize Aggregate  (cost=23070.94..23070.95 rows=1 width=96) (actual time=1794.306..1800.767 rows=1 loops=1)
2022-12-02 20:49:11 [P-13376] [MainThread] [parse_query_plan] [DEBUG] parse_query_plan.py[line:132] ['Finalize Aggregate']
2022-12-02 20:49:11 [P-13376] [MainThread] [parse_query_plan] [DEBUG] parse_query_plan.py[line:149] _do_FinalizeAggregate
2022-12-02 20:49:11 [P-13376] [MainThread] [parse_query_plan] [DEBUG] parse_query_plan.py[line:126] Gather  (cost=23070.83..23070.94 rows=1 width=96) (actual time=1684.410..1800.755 rows=2 loops=1)
2022-12-02 20:49:11 [P-13376] [MainThread] [parse_query_plan] [DEBUG] parse_query_plan.py[line:132] ['Gather']
2022-12-02 20:49:11 [P-13376] [MainThread] [parse_query_plan] [DEBUG] parse_query_plan.py[line:149] _do_Gather
2022-12-02 20:49:11 [P-13376] [MainThread] [parse_query_plan] [DEBUG] parse_query_plan.py[line:126] Partial Aggregate  (cost=22070.83..22070.84 rows=1 width=96) (actual time=1721.110..1721.113 rows=1 loops=2)
2022-12-02 20:49:11 [P-13376] [MainThread] [parse_query_plan] [DEBUG] parse_query_plan.py[line:132] ['Partial Aggregate']
2022-12-02 20:49:11 [P-13376] [MainThread] [parse_query_plan] [DEBUG] parse_query_plan.py[line:149] _do_PartialAggregate
2022-12-02 20:49:11 [P-13376] [MainThread] [parse_query_plan] [DEBUG] parse_query_plan.py[line:126] Nested Loop  (cost=8.92..22045.28 rows=3406 width=48) (actual time=2.943..1684.230 rows=133210 loops=2)
2022-12-02 20:49:11 [P-13376] [MainThread] [parse_query_plan] [DEBUG] parse_query_plan.py[line:132] ['Nested Loop']
2022-12-02 20:49:11 [P-13376] [MainThread] [parse_query_plan] [DEBUG] parse_query_plan.py[line:149] _do_NestedLoop
2022-12-02 20:49:11 [P-13376] [MainThread] [parse_query_plan] [DEBUG] parse_query_plan.py[line:126] Nested Loop  (cost=8.49..15638.89 rows=3406 width=37) (actual time=2.920..960.891 rows=133210 loops=2)
2022-12-02 20:49:11 [P-13376] [MainThread] [parse_query_plan] [DEBUG] parse_query_plan.py[line:132] ['Nested Loop']
2022-12-02 20:49:11 [P-13376] [MainThread] [parse_query_plan] [DEBUG] parse_query_plan.py[line:149] _do_NestedLoop
2022-12-02 20:49:11 [P-13376] [MainThread] [parse_query_plan] [DEBUG] parse_query_plan.py[line:126] Nested Loop  (cost=8.05..12167.82 rows=98 width=41) (actual time=2.893..194.872 rows=3190 loops=2)
2022-12-02 20:49:11 [P-13376] [MainThread] [parse_query_plan] [DEBUG] parse_query_plan.py[line:132] ['Nested Loop']
2022-12-02 20:49:11 [P-13376] [MainThread] [parse_query_plan] [DEBUG] parse_query_plan.py[line:149] _do_NestedLoop
2022-12-02 20:49:11 [P-13376] [MainThread] [parse_query_plan] [DEBUG] parse_query_plan.py[line:126] Nested Loop  (cost=7.62..11898.55 rows=149 width=21) (actual time=2.168..140.208 rows=25812 loops=2)
2022-12-02 20:49:11 [P-13376] [MainThread] [parse_query_plan] [DEBUG] parse_query_plan.py[line:132] ['Nested Loop']
2022-12-02 20:49:11 [P-13376] [MainThread] [parse_query_plan] [DEBUG] parse_query_plan.py[line:149] _do_NestedLoop
2022-12-02 20:49:11 [P-13376] [MainThread] [parse_query_plan] [DEBUG] parse_query_plan.py[line:126] Seq Scan on keyword k  (cost=0.00..4499.85 rows=5 width=21) (actual time=0.115..12.955 rows=4 loops=2)
2022-12-02 20:49:11 [P-13376] [MainThread] [parse_query_plan] [DEBUG] parse_query_plan.py[line:132] ['Seq Scan', 'keyword k']
2022-12-02 20:49:11 [P-13376] [MainThread] [parse_query_plan] [DEBUG] parse_query_plan.py[line:149] _do_SeqScan
2022-12-02 20:49:11 [P-13376] [MainThread] [parse_query_plan] [DEBUG] parse_query_plan.py[line:207] <re.Match object; span=(0, 112), match="(keyword = ANY ('{superhero,sequel,second-part,ma>
2022-12-02 20:49:11 [P-13376] [MainThread] [parse_query_plan] [DEBUG] parse_query_plan.py[line:126] Bitmap Heap Scan on movie_keyword mk  (cost=7.62..1475.63 rows=411 width=8) (actual time=1.148..30.858 rows=6453 loops=8)
2022-12-02 20:49:11 [P-13376] [MainThread] [parse_query_plan] [DEBUG] parse_query_plan.py[line:132] ['Bitmap Heap Scan', 'movie_keyword mk']
2022-12-02 20:49:11 [P-13376] [MainThread] [parse_query_plan] [DEBUG] parse_query_plan.py[line:149] _do_BitMapHeapScan
2022-12-02 20:49:11 [P-13376] [MainThread] [parse_query_plan] [DEBUG] parse_query_plan.py[line:126] Bitmap Index Scan on movie_keyword_idx_keywordid  (cost=0.00..7.51 rows=411 width=0) (actual time=0.709..0.709 rows=6453 loops=8)
2022-12-02 20:49:11 [P-13376] [MainThread] [parse_query_plan] [DEBUG] parse_query_plan.py[line:132] ['Bitmap Index Scan', 'movie_keyword_idx_keywordid']
2022-12-02 20:49:11 [P-13376] [MainThread] [parse_query_plan] [DEBUG] parse_query_plan.py[line:149] _do_BitMapIndexScan
2022-12-02 20:49:11 [P-13376] [MainThread] [parse_query_plan] [DEBUG] parse_query_plan.py[line:126] Index Scan using title_pkey on title t  (cost=0.43..1.81 rows=1 width=20) (actual time=0.002..0.002 rows=0 loops=51625)
2022-12-02 20:49:11 [P-13376] [MainThread] [parse_query_plan] [DEBUG] parse_query_plan.py[line:132] ['Index Scan', 'title_pkey', 'title t']
2022-12-02 20:49:11 [P-13376] [MainThread] [parse_query_plan] [DEBUG] parse_query_plan.py[line:149] _do_IndexScan
2022-12-02 20:49:11 [P-13376] [MainThread] [parse_query_plan] [DEBUG] parse_query_plan.py[line:126] Index Scan using cast_info_idx_mid on cast_info ci  (cost=0.44..34.98 rows=35 width=8) (actual time=0.012..0.234 rows=42 loops=6380)
2022-12-02 20:49:11 [P-13376] [MainThread] [parse_query_plan] [DEBUG] parse_query_plan.py[line:132] ['Index Scan', 'cast_info_idx_mid', 'cast_info ci']
2022-12-02 20:49:11 [P-13376] [MainThread] [parse_query_plan] [DEBUG] parse_query_plan.py[line:149] _do_IndexScan
2022-12-02 20:49:11 [P-13376] [MainThread] [parse_query_plan] [DEBUG] parse_query_plan.py[line:126] Index Scan using name_pkey on name n  (cost=0.43..1.88 rows=1 width=19) (actual time=0.005..0.005 rows=1 loops=266419)
2022-12-02 20:49:11 [P-13376] [MainThread] [parse_query_plan] [DEBUG] parse_query_plan.py[line:132] ['Index Scan', 'name_pkey', 'name n']
2022-12-02 20:49:11 [P-13376] [MainThread] [parse_query_plan] [DEBUG] parse_query_plan.py[line:149] _do_IndexScan
2022-12-02 20:49:11 [P-13376] [MainThread] [parse_query_plan] [DEBUG] parse_query_plan.py[line:126] Aggregate  (cost=101408.69..101408.70 rows=1 width=64) (actual time=1970.003..1970.064 rows=1 loops=1)
2022-12-02 20:49:11 [P-13376] [MainThread] [parse_query_plan] [DEBUG] parse_query_plan.py[line:132] ['Aggregate']
2022-12-02 20:49:11 [P-13376] [MainThread] [parse_query_plan] [DEBUG] parse_query_plan.py[line:149] _do_Aggregate
2022-12-02 20:49:11 [P-13376] [MainThread] [parse_query_plan] [DEBUG] parse_query_plan.py[line:126] Nested Loop  (cost=1004.86..101408.68 rows=1 width=31) (actual time=199.945..1969.996 rows=32 loops=1)
2022-12-02 20:49:11 [P-13376] [MainThread] [parse_query_plan] [DEBUG] parse_query_plan.py[line:132] ['Nested Loop']
2022-12-02 20:49:11 [P-13376] [MainThread] [parse_query_plan] [DEBUG] parse_query_plan.py[line:149] _do_NestedLoop
2022-12-02 20:49:11 [P-13376] [MainThread] [parse_query_plan] [DEBUG] parse_query_plan.py[line:126] Nested Loop  (cost=1004.43..101406.25 rows=1 width=23) (actual time=98.396..1962.231 rows=5154 loops=1)
2022-12-02 20:49:11 [P-13376] [MainThread] [parse_query_plan] [DEBUG] parse_query_plan.py[line:132] ['Nested Loop']
2022-12-02 20:49:11 [P-13376] [MainThread] [parse_query_plan] [DEBUG] parse_query_plan.py[line:149] _do_NestedLoop
2022-12-02 20:49:11 [P-13376] [MainThread] [parse_query_plan] [DEBUG] parse_query_plan.py[line:126] Nested Loop  (cost=1004.28..101404.95 rows=1 width=27) (actual time=91.446..1913.134 rows=43857 loops=1)
2022-12-02 20:49:11 [P-13376] [MainThread] [parse_query_plan] [DEBUG] parse_query_plan.py[line:132] ['Nested Loop']
2022-12-02 20:49:11 [P-13376] [MainThread] [parse_query_plan] [DEBUG] parse_query_plan.py[line:149] _do_NestedLoop
2022-12-02 20:49:11 [P-13376] [MainThread] [parse_query_plan] [DEBUG] parse_query_plan.py[line:126] Nested Loop  (cost=1003.85..101366.10 rows=1 width=19) (actual time=90.234..128.930 rows=5531 loops=1)
2022-12-02 20:49:11 [P-13376] [MainThread] [parse_query_plan] [DEBUG] parse_query_plan.py[line:132] ['Nested Loop']
2022-12-02 20:49:11 [P-13376] [MainThread] [parse_query_plan] [DEBUG] parse_query_plan.py[line:149] _do_NestedLoop
2022-12-02 20:49:11 [P-13376] [MainThread] [parse_query_plan] [DEBUG] parse_query_plan.py[line:126] Nested Loop  (cost=1003.42..101362.73 rows=1 width=31) (actual time=88.255..114.570 rows=2951 loops=1)
2022-12-02 20:49:11 [P-13376] [MainThread] [parse_query_plan] [DEBUG] parse_query_plan.py[line:132] ['Nested Loop']
2022-12-02 20:49:11 [P-13376] [MainThread] [parse_query_plan] [DEBUG] parse_query_plan.py[line:149] _do_NestedLoop
2022-12-02 20:49:11 [P-13376] [MainThread] [parse_query_plan] [DEBUG] parse_query_plan.py[line:126] Nested Loop  (cost=1002.86..100651.52 rows=1 width=23) (actual time=86.824..90.593 rows=16 loops=1)
2022-12-02 20:49:11 [P-13376] [MainThread] [parse_query_plan] [DEBUG] parse_query_plan.py[line:132] ['Nested Loop']
2022-12-02 20:49:11 [P-13376] [MainThread] [parse_query_plan] [DEBUG] parse_query_plan.py[line:149] _do_NestedLoop
2022-12-02 20:49:11 [P-13376] [MainThread] [parse_query_plan] [DEBUG] parse_query_plan.py[line:126] Gather  (cost=1002.42..100643.05 rows=1 width=4) (actual time=86.790..86.979 rows=58 loops=1)
2022-12-02 20:49:11 [P-13376] [MainThread] [parse_query_plan] [DEBUG] parse_query_plan.py[line:132] ['Gather']
2022-12-02 20:49:11 [P-13376] [MainThread] [parse_query_plan] [DEBUG] parse_query_plan.py[line:149] _do_Gather
2022-12-02 20:49:11 [P-13376] [MainThread] [parse_query_plan] [DEBUG] parse_query_plan.py[line:126] Hash Join  (cost=2.43..99642.95 rows=1 width=4) (actual time=70.282..950.190 rows=19 loops=3)
2022-12-02 20:49:11 [P-13376] [MainThread] [parse_query_plan] [DEBUG] parse_query_plan.py[line:132] ['Hash Join']
2022-12-02 20:49:11 [P-13376] [MainThread] [parse_query_plan] [DEBUG] parse_query_plan.py[line:149] _do_HashJoin
2022-12-02 20:49:11 [P-13376] [MainThread] [parse_query_plan] [DEBUG] parse_query_plan.py[line:126] Seq Scan on person_info pi  (cost=0.00..99640.49 rows=13 width=8) (actual time=69.725..949.501 rows=19 loops=3)
2022-12-02 20:49:11 [P-13376] [MainThread] [parse_query_plan] [DEBUG] parse_query_plan.py[line:132] ['Seq Scan', 'person_info pi']
2022-12-02 20:49:11 [P-13376] [MainThread] [parse_query_plan] [DEBUG] parse_query_plan.py[line:149] _do_SeqScan
2022-12-02 20:49:11 [P-13376] [MainThread] [parse_query_plan] [DEBUG] parse_query_plan.py[line:126] Hash  (cost=2.41..2.41 rows=1 width=4) (actual time=0.126..0.127 rows=1 loops=3)
2022-12-02 20:49:11 [P-13376] [MainThread] [parse_query_plan] [DEBUG] parse_query_plan.py[line:132] ['Hash']
2022-12-02 20:49:11 [P-13376] [MainThread] [parse_query_plan] [DEBUG] parse_query_plan.py[line:149] _do_Hash
2022-12-02 20:49:11 [P-13376] [MainThread] [parse_query_plan] [DEBUG] parse_query_plan.py[line:126] Seq Scan on info_type it  (cost=0.00..2.41 rows=1 width=4) (actual time=0.041..0.045 rows=1 loops=3)
2022-12-02 20:49:11 [P-13376] [MainThread] [parse_query_plan] [DEBUG] parse_query_plan.py[line:132] ['Seq Scan', 'info_type it']
2022-12-02 20:49:11 [P-13376] [MainThread] [parse_query_plan] [DEBUG] parse_query_plan.py[line:149] _do_SeqScan
2022-12-02 20:49:11 [P-13376] [MainThread] [parse_query_plan] [DEBUG] parse_query_plan.py[line:126] Index Scan using name_pkey on name n  (cost=0.43..8.46 rows=1 width=19) (actual time=0.061..0.061 rows=0 loops=58)
2022-12-02 20:49:11 [P-13376] [MainThread] [parse_query_plan] [DEBUG] parse_query_plan.py[line:132] ['Index Scan', 'name_pkey', 'name n']
2022-12-02 20:49:11 [P-13376] [MainThread] [parse_query_plan] [DEBUG] parse_query_plan.py[line:149] _do_IndexScan
2022-12-02 20:49:11 [P-13376] [MainThread] [parse_query_plan] [DEBUG] parse_query_plan.py[line:126] Index Scan using cast_info_idx_pid on cast_info ci  (cost=0.56..701.62 rows=959 width=8) (actual time=0.804..1.464 rows=184 loops=16)
2022-12-02 20:49:11 [P-13376] [MainThread] [parse_query_plan] [DEBUG] parse_query_plan.py[line:132] ['Index Scan', 'cast_info_idx_pid', 'cast_info ci']
2022-12-02 20:49:11 [P-13376] [MainThread] [parse_query_plan] [DEBUG] parse_query_plan.py[line:149] _do_IndexScan
2022-12-02 20:49:11 [P-13376] [MainThread] [parse_query_plan] [DEBUG] parse_query_plan.py[line:126] Index Scan using aka_name_idx_person on aka_name an  (cost=0.43..3.35 rows=2 width=4) (actual time=0.003..0.004 rows=2 loops=2951)
2022-12-02 20:49:11 [P-13376] [MainThread] [parse_query_plan] [DEBUG] parse_query_plan.py[line:132] ['Index Scan', 'aka_name_idx_person', 'aka_name an']
2022-12-02 20:49:11 [P-13376] [MainThread] [parse_query_plan] [DEBUG] parse_query_plan.py[line:149] _do_IndexScan
2022-12-02 20:49:11 [P-13376] [MainThread] [parse_query_plan] [DEBUG] parse_query_plan.py[line:126] Index Scan using movie_link_idx_lmid on movie_link ml  (cost=0.43..38.42 rows=43 width=8) (actual time=0.057..0.321 rows=8 loops=5531)
2022-12-02 20:49:11 [P-13376] [MainThread] [parse_query_plan] [DEBUG] parse_query_plan.py[line:132] ['Index Scan', 'movie_link_idx_lmid', 'movie_link ml']
2022-12-02 20:49:11 [P-13376] [MainThread] [parse_query_plan] [DEBUG] parse_query_plan.py[line:149] _do_IndexScan
2022-12-02 20:49:11 [P-13376] [MainThread] [parse_query_plan] [DEBUG] parse_query_plan.py[line:126] Index Scan using link_type_pkey on link_type lt  (cost=0.15..0.97 rows=1 width=4) (actual time=0.001..0.001 rows=0 loops=43857)
2022-12-02 20:49:11 [P-13376] [MainThread] [parse_query_plan] [DEBUG] parse_query_plan.py[line:132] ['Index Scan', 'link_type_pkey', 'link_type lt']
2022-12-02 20:49:11 [P-13376] [MainThread] [parse_query_plan] [DEBUG] parse_query_plan.py[line:149] _do_IndexScan
2022-12-02 20:49:11 [P-13376] [MainThread] [parse_query_plan] [DEBUG] parse_query_plan.py[line:126] Index Scan using title_pkey on title t  (cost=0.43..2.43 rows=1 width=20) (actual time=0.001..0.001 rows=0 loops=5154)
2022-12-02 20:49:11 [P-13376] [MainThread] [parse_query_plan] [DEBUG] parse_query_plan.py[line:132] ['Index Scan', 'title_pkey', 'title t']
2022-12-02 20:49:11 [P-13376] [MainThread] [parse_query_plan] [DEBUG] parse_query_plan.py[line:149] _do_IndexScan
2022-12-02 20:49:11 [P-13376] [MainThread] [parse_query_plan] [DEBUG] parse_query_plan.py[line:126] Aggregate  (cost=64818.04..64818.05 rows=1 width=64) (actual time=2064.763..2070.958 rows=1 loops=1)
2022-12-02 20:49:11 [P-13376] [MainThread] [parse_query_plan] [DEBUG] parse_query_plan.py[line:132] ['Aggregate']
2022-12-02 20:49:11 [P-13376] [MainThread] [parse_query_plan] [DEBUG] parse_query_plan.py[line:149] _do_Aggregate
2022-12-02 20:49:11 [P-13376] [MainThread] [parse_query_plan] [DEBUG] parse_query_plan.py[line:126] Nested Loop  (cost=1014.99..64818.03 rows=1 width=31) (actual time=2064.760..2070.954 rows=0 loops=1)
2022-12-02 20:49:11 [P-13376] [MainThread] [parse_query_plan] [DEBUG] parse_query_plan.py[line:132] ['Nested Loop']
2022-12-02 20:49:11 [P-13376] [MainThread] [parse_query_plan] [DEBUG] parse_query_plan.py[line:149] _do_NestedLoop
2022-12-02 20:49:11 [P-13376] [MainThread] [parse_query_plan] [DEBUG] parse_query_plan.py[line:126] Nested Loop  (cost=1014.85..64817.10 rows=1 width=35) (actual time=2064.759..2070.953 rows=0 loops=1)
2022-12-02 20:49:11 [P-13376] [MainThread] [parse_query_plan] [DEBUG] parse_query_plan.py[line:132] ['Nested Loop']
2022-12-02 20:49:11 [P-13376] [MainThread] [parse_query_plan] [DEBUG] parse_query_plan.py[line:149] _do_NestedLoop
2022-12-02 20:49:11 [P-13376] [MainThread] [parse_query_plan] [DEBUG] parse_query_plan.py[line:126] Gather  (cost=1014.42..64813.72 rows=1 width=47) (actual time=2064.759..2070.951 rows=0 loops=1)
2022-12-02 20:49:11 [P-13376] [MainThread] [parse_query_plan] [DEBUG] parse_query_plan.py[line:132] ['Gather']
2022-12-02 20:49:11 [P-13376] [MainThread] [parse_query_plan] [DEBUG] parse_query_plan.py[line:149] _do_Gather
2022-12-02 20:49:11 [P-13376] [MainThread] [parse_query_plan] [DEBUG] parse_query_plan.py[line:126] Nested Loop  (cost=14.42..63813.62 rows=1 width=47) (actual time=2048.281..2048.284 rows=0 loops=3)
2022-12-02 20:49:11 [P-13376] [MainThread] [parse_query_plan] [DEBUG] parse_query_plan.py[line:132] ['Nested Loop']
2022-12-02 20:49:11 [P-13376] [MainThread] [parse_query_plan] [DEBUG] parse_query_plan.py[line:149] _do_NestedLoop
2022-12-02 20:49:11 [P-13376] [MainThread] [parse_query_plan] [DEBUG] parse_query_plan.py[line:126] Nested Loop  (cost=13.99..60755.00 rows=94 width=39) (actual time=3.941..2028.050 rows=744 loops=3)
2022-12-02 20:49:11 [P-13376] [MainThread] [parse_query_plan] [DEBUG] parse_query_plan.py[line:132] ['Nested Loop']
2022-12-02 20:49:11 [P-13376] [MainThread] [parse_query_plan] [DEBUG] parse_query_plan.py[line:149] _do_NestedLoop
2022-12-02 20:49:11 [P-13376] [MainThread] [parse_query_plan] [DEBUG] parse_query_plan.py[line:126] Nested Loop  (cost=13.56..48832.31 rows=4759 width=20) (actual time=3.254..1700.791 rows=29976 loops=3)
2022-12-02 20:49:11 [P-13376] [MainThread] [parse_query_plan] [DEBUG] parse_query_plan.py[line:132] ['Nested Loop']
2022-12-02 20:49:11 [P-13376] [MainThread] [parse_query_plan] [DEBUG] parse_query_plan.py[line:149] _do_NestedLoop
2022-12-02 20:49:11 [P-13376] [MainThread] [parse_query_plan] [DEBUG] parse_query_plan.py[line:126] Nested Loop  (cost=13.12..42576.50 rows=138 width=24) (actual time=3.068..990.562 rows=1078 loops=3)
2022-12-02 20:49:11 [P-13376] [MainThread] [parse_query_plan] [DEBUG] parse_query_plan.py[line:132] ['Nested Loop']
2022-12-02 20:49:11 [P-13376] [MainThread] [parse_query_plan] [DEBUG] parse_query_plan.py[line:149] _do_NestedLoop
2022-12-02 20:49:11 [P-13376] [MainThread] [parse_query_plan] [DEBUG] parse_query_plan.py[line:126] Hash Join  (cost=12.69..27602.53 rows=6068 width=4) (actual time=0.316..231.449 rows=63037 loops=3)
2022-12-02 20:49:11 [P-13376] [MainThread] [parse_query_plan] [DEBUG] parse_query_plan.py[line:132] ['Hash Join']
2022-12-02 20:49:11 [P-13376] [MainThread] [parse_query_plan] [DEBUG] parse_query_plan.py[line:149] _do_HashJoin
2022-12-02 20:49:11 [P-13376] [MainThread] [parse_query_plan] [DEBUG] parse_query_plan.py[line:126] Seq Scan on movie_link ml  (cost=0.00..24745.46 rows=1077146 width=8) (actual time=0.009..161.767 rows=861717 loops=3)
2022-12-02 20:49:11 [P-13376] [MainThread] [parse_query_plan] [DEBUG] parse_query_plan.py[line:132] ['Seq Scan', 'movie_link ml']
2022-12-02 20:49:11 [P-13376] [MainThread] [parse_query_plan] [DEBUG] parse_query_plan.py[line:149] _do_SeqScan
2022-12-02 20:49:11 [P-13376] [MainThread] [parse_query_plan] [DEBUG] parse_query_plan.py[line:126] Hash  (cost=12.64..12.64 rows=4 width=4) (actual time=0.191..0.192 rows=1 loops=3)
2022-12-02 20:49:11 [P-13376] [MainThread] [parse_query_plan] [DEBUG] parse_query_plan.py[line:132] ['Hash']
2022-12-02 20:49:11 [P-13376] [MainThread] [parse_query_plan] [DEBUG] parse_query_plan.py[line:149] _do_Hash
2022-12-02 20:49:11 [P-13376] [MainThread] [parse_query_plan] [DEBUG] parse_query_plan.py[line:126] Bitmap Heap Scan on link_type lt  (cost=4.18..12.64 rows=4 width=4) (actual time=0.184..0.185 rows=1 loops=3)
2022-12-02 20:49:11 [P-13376] [MainThread] [parse_query_plan] [DEBUG] parse_query_plan.py[line:132] ['Bitmap Heap Scan', 'link_type lt']
2022-12-02 20:49:11 [P-13376] [MainThread] [parse_query_plan] [DEBUG] parse_query_plan.py[line:149] _do_BitMapHeapScan
2022-12-02 20:49:11 [P-13376] [MainThread] [parse_query_plan] [DEBUG] parse_query_plan.py[line:126] Bitmap Index Scan on link_type_link  (cost=0.00..4.18 rows=4 width=0) (actual time=0.178..0.178 rows=1 loops=3)
2022-12-02 20:49:11 [P-13376] [MainThread] [parse_query_plan] [DEBUG] parse_query_plan.py[line:132] ['Bitmap Index Scan', 'link_type_link']
2022-12-02 20:49:11 [P-13376] [MainThread] [parse_query_plan] [DEBUG] parse_query_plan.py[line:149] _do_BitMapIndexScan
2022-12-02 20:49:11 [P-13376] [MainThread] [parse_query_plan] [DEBUG] parse_query_plan.py[line:126] Index Scan using title_pkey on title t  (cost=0.43..2.47 rows=1 width=20) (actual time=0.012..0.012 rows=0 loops=189112)
2022-12-02 20:49:11 [P-13376] [MainThread] [parse_query_plan] [DEBUG] parse_query_plan.py[line:132] ['Index Scan', 'title_pkey', 'title t']
2022-12-02 20:49:11 [P-13376] [MainThread] [parse_query_plan] [DEBUG] parse_query_plan.py[line:149] _do_IndexScan
2022-12-02 20:49:11 [P-13376] [MainThread] [parse_query_plan] [DEBUG] parse_query_plan.py[line:126] Index Scan using cast_info_idx_mid on cast_info ci  (cost=0.44..44.89 rows=35 width=8) (actual time=0.073..0.651 rows=28 loops=3235)
2022-12-02 20:49:11 [P-13376] [MainThread] [parse_query_plan] [DEBUG] parse_query_plan.py[line:132] ['Index Scan', 'cast_info_idx_mid', 'cast_info ci']
2022-12-02 20:49:11 [P-13376] [MainThread] [parse_query_plan] [DEBUG] parse_query_plan.py[line:149] _do_IndexScan
2022-12-02 20:49:11 [P-13376] [MainThread] [parse_query_plan] [DEBUG] parse_query_plan.py[line:126] Index Scan using name_pkey on name n  (cost=0.43..2.51 rows=1 width=19) (actual time=0.010..0.010 rows=0 loops=89927)
2022-12-02 20:49:11 [P-13376] [MainThread] [parse_query_plan] [DEBUG] parse_query_plan.py[line:132] ['Index Scan', 'name_pkey', 'name n']
2022-12-02 20:49:11 [P-13376] [MainThread] [parse_query_plan] [DEBUG] parse_query_plan.py[line:149] _do_IndexScan
2022-12-02 20:49:11 [P-13376] [MainThread] [parse_query_plan] [DEBUG] parse_query_plan.py[line:126] Index Scan using person_info_idx_pid on person_info pi  (cost=0.43..32.53 rows=1 width=8) (actual time=0.027..0.027 rows=0 loops=2231)
2022-12-02 20:49:11 [P-13376] [MainThread] [parse_query_plan] [DEBUG] parse_query_plan.py[line:132] ['Index Scan', 'person_info_idx_pid', 'person_info pi']
2022-12-02 20:49:11 [P-13376] [MainThread] [parse_query_plan] [DEBUG] parse_query_plan.py[line:149] _do_IndexScan
2022-12-02 20:49:11 [P-13376] [MainThread] [parse_query_plan] [DEBUG] parse_query_plan.py[line:126] Index Scan using aka_name_idx_person on aka_name an  (cost=0.43..3.35 rows=2 width=4) (never executed)
2022-12-02 20:49:11 [P-13376] [MainThread] [parse_query_plan] [DEBUG] parse_query_plan.py[line:132] ['Index Scan', 'aka_name_idx_person', 'aka_name an']
2022-12-02 20:49:11 [P-13376] [MainThread] [parse_query_plan] [DEBUG] parse_query_plan.py[line:149] _do_IndexScan
2022-12-02 20:49:11 [P-13376] [MainThread] [parse_query_plan] [DEBUG] parse_query_plan.py[line:126] Index Scan using info_type_pkey on info_type it  (cost=0.14..0.54 rows=1 width=4) (never executed)
2022-12-02 20:49:11 [P-13376] [MainThread] [parse_query_plan] [DEBUG] parse_query_plan.py[line:132] ['Index Scan', 'info_type_pkey', 'info_type it']
2022-12-02 20:49:11 [P-13376] [MainThread] [parse_query_plan] [DEBUG] parse_query_plan.py[line:149] _do_IndexScan
2022-12-02 20:49:11 [P-13376] [MainThread] [parse_query_plan] [DEBUG] parse_query_plan.py[line:126] Finalize Aggregate  (cost=135331.96..135331.97 rows=1 width=64) (actual time=19451.078..20007.349 rows=1 loops=1)
2022-12-02 20:49:11 [P-13376] [MainThread] [parse_query_plan] [DEBUG] parse_query_plan.py[line:132] ['Finalize Aggregate']
2022-12-02 20:49:11 [P-13376] [MainThread] [parse_query_plan] [DEBUG] parse_query_plan.py[line:149] _do_FinalizeAggregate
2022-12-02 20:49:11 [P-13376] [MainThread] [parse_query_plan] [DEBUG] parse_query_plan.py[line:126] Gather  (cost=135331.74..135331.95 rows=2 width=64) (actual time=19437.342..20006.686 rows=3 loops=1)
2022-12-02 20:49:11 [P-13376] [MainThread] [parse_query_plan] [DEBUG] parse_query_plan.py[line:132] ['Gather']
2022-12-02 20:49:11 [P-13376] [MainThread] [parse_query_plan] [DEBUG] parse_query_plan.py[line:149] _do_Gather
2022-12-02 20:49:11 [P-13376] [MainThread] [parse_query_plan] [DEBUG] parse_query_plan.py[line:126] Partial Aggregate  (cost=134331.74..134331.75 rows=1 width=64) (actual time=19418.839..19419.060 rows=1 loops=3)
2022-12-02 20:49:11 [P-13376] [MainThread] [parse_query_plan] [DEBUG] parse_query_plan.py[line:132] ['Partial Aggregate']
2022-12-02 20:49:11 [P-13376] [MainThread] [parse_query_plan] [DEBUG] parse_query_plan.py[line:149] _do_PartialAggregate
2022-12-02 20:49:11 [P-13376] [MainThread] [parse_query_plan] [DEBUG] parse_query_plan.py[line:126] Nested Loop  (cost=106567.70..134331.65 rows=18 width=124) (actual time=12623.616..18319.648 rows=281302 loops=3)
2022-12-02 20:49:11 [P-13376] [MainThread] [parse_query_plan] [DEBUG] parse_query_plan.py[line:132] ['Nested Loop']
2022-12-02 20:49:11 [P-13376] [MainThread] [parse_query_plan] [DEBUG] parse_query_plan.py[line:149] _do_NestedLoop
2022-12-02 20:49:11 [P-13376] [MainThread] [parse_query_plan] [DEBUG] parse_query_plan.py[line:126] Hash Join  (cost=106567.27..134236.92 rows=39 width=132) (actual time=12620.593..14657.977 rows=2528760 loops=3)
2022-12-02 20:49:11 [P-13376] [MainThread] [parse_query_plan] [DEBUG] parse_query_plan.py[line:132] ['Hash Join']
2022-12-02 20:49:11 [P-13376] [MainThread] [parse_query_plan] [DEBUG] parse_query_plan.py[line:149] _do_HashJoin
2022-12-02 20:49:11 [P-13376] [MainThread] [parse_query_plan] [DEBUG] parse_query_plan.py[line:126] Hash Join  (cost=19.49..27609.34 rows=21240 width=4) (actual time=14.810..320.625 rows=412763 loops=3)
2022-12-02 20:49:11 [P-13376] [MainThread] [parse_query_plan] [DEBUG] parse_query_plan.py[line:132] ['Hash Join']
2022-12-02 20:49:11 [P-13376] [MainThread] [parse_query_plan] [DEBUG] parse_query_plan.py[line:149] _do_HashJoin
2022-12-02 20:49:11 [P-13376] [MainThread] [parse_query_plan] [DEBUG] parse_query_plan.py[line:126] Seq Scan on movie_link ml  (cost=0.00..24745.46 rows=1077146 width=8) (actual time=1.541..225.315 rows=861717 loops=3)
2022-12-02 20:49:11 [P-13376] [MainThread] [parse_query_plan] [DEBUG] parse_query_plan.py[line:132] ['Seq Scan', 'movie_link ml']
2022-12-02 20:49:11 [P-13376] [MainThread] [parse_query_plan] [DEBUG] parse_query_plan.py[line:149] _do_SeqScan
2022-12-02 20:49:11 [P-13376] [MainThread] [parse_query_plan] [DEBUG] parse_query_plan.py[line:126] Hash  (cost=19.32..19.32 rows=14 width=4) (actual time=9.631..9.633 rows=4 loops=3)
2022-12-02 20:49:11 [P-13376] [MainThread] [parse_query_plan] [DEBUG] parse_query_plan.py[line:132] ['Hash']
2022-12-02 20:49:11 [P-13376] [MainThread] [parse_query_plan] [DEBUG] parse_query_plan.py[line:149] _do_Hash
2022-12-02 20:49:11 [P-13376] [MainThread] [parse_query_plan] [DEBUG] parse_query_plan.py[line:126] Bitmap Heap Scan on link_type lt  (cost=8.72..19.32 rows=14 width=4) (actual time=9.209..9.211 rows=4 loops=3)
2022-12-02 20:49:11 [P-13376] [MainThread] [parse_query_plan] [DEBUG] parse_query_plan.py[line:132] ['Bitmap Heap Scan', 'link_type lt']
2022-12-02 20:49:11 [P-13376] [MainThread] [parse_query_plan] [DEBUG] parse_query_plan.py[line:149] _do_BitMapHeapScan
2022-12-02 20:49:11 [P-13376] [MainThread] [parse_query_plan] [DEBUG] parse_query_plan.py[line:207] <re.Match object; span=(0, 83), match='((link)::text = ANY (\'{references,"referenced in>
2022-12-02 20:49:11 [P-13376] [MainThread] [parse_query_plan] [DEBUG] parse_query_plan.py[line:126] Bitmap Index Scan on link_type_link  (cost=0.00..8.72 rows=14 width=0) (actual time=1.116..1.117 rows=4 loops=3)
2022-12-02 20:49:11 [P-13376] [MainThread] [parse_query_plan] [DEBUG] parse_query_plan.py[line:132] ['Bitmap Index Scan', 'link_type_link']
2022-12-02 20:49:11 [P-13376] [MainThread] [parse_query_plan] [DEBUG] parse_query_plan.py[line:149] _do_BitMapIndexScan
2022-12-02 20:49:11 [P-13376] [MainThread] [parse_query_plan] [DEBUG] parse_query_plan.py[line:207] <re.Match object; span=(0, 83), match='((link)::text = ANY (\'{references,"referenced in>
2022-12-02 20:49:11 [P-13376] [MainThread] [parse_query_plan] [DEBUG] parse_query_plan.py[line:126] Hash  (cost=106530.36..106530.36 rows=1393 width=128) (actual time=12110.346..12110.464 rows=980091 loops=3)
2022-12-02 20:49:11 [P-13376] [MainThread] [parse_query_plan] [DEBUG] parse_query_plan.py[line:132] ['Hash']
2022-12-02 20:49:11 [P-13376] [MainThread] [parse_query_plan] [DEBUG] parse_query_plan.py[line:149] _do_Hash
2022-12-02 20:49:11 [P-13376] [MainThread] [parse_query_plan] [DEBUG] parse_query_plan.py[line:126] Nested Loop  (cost=3.85..106530.36 rows=1393 width=128) (actual time=21.981..5327.679 rows=980091 loops=3)
2022-12-02 20:49:11 [P-13376] [MainThread] [parse_query_plan] [DEBUG] parse_query_plan.py[line:132] ['Nested Loop']
2022-12-02 20:49:11 [P-13376] [MainThread] [parse_query_plan] [DEBUG] parse_query_plan.py[line:149] _do_NestedLoop
2022-12-02 20:49:11 [P-13376] [MainThread] [parse_query_plan] [DEBUG] parse_query_plan.py[line:126] Nested Loop  (cost=3.29..97995.69 rows=12 width=136) (actual time=21.328..2934.418 rows=6847 loops=3)
2022-12-02 20:49:11 [P-13376] [MainThread] [parse_query_plan] [DEBUG] parse_query_plan.py[line:132] ['Nested Loop']
2022-12-02 20:49:11 [P-13376] [MainThread] [parse_query_plan] [DEBUG] parse_query_plan.py[line:149] _do_NestedLoop
2022-12-02 20:49:11 [P-13376] [MainThread] [parse_query_plan] [DEBUG] parse_query_plan.py[line:126] Nested Loop  (cost=2.86..97752.62 rows=71 width=132) (actual time=20.771..2844.353 rows=8338 loops=3)
2022-12-02 20:49:11 [P-13376] [MainThread] [parse_query_plan] [DEBUG] parse_query_plan.py[line:132] ['Nested Loop']
2022-12-02 20:49:11 [P-13376] [MainThread] [parse_query_plan] [DEBUG] parse_query_plan.py[line:149] _do_NestedLoop
2022-12-02 20:49:11 [P-13376] [MainThread] [parse_query_plan] [DEBUG] parse_query_plan.py[line:126] Hash Join  (cost=2.43..95531.22 rows=619 width=113) (actual time=19.839..952.655 rows=55791 loops=3)
2022-12-02 20:49:11 [P-13376] [MainThread] [parse_query_plan] [DEBUG] parse_query_plan.py[line:132] ['Hash Join']
2022-12-02 20:49:11 [P-13376] [MainThread] [parse_query_plan] [DEBUG] parse_query_plan.py[line:149] _do_HashJoin
2022-12-02 20:49:11 [P-13376] [MainThread] [parse_query_plan] [DEBUG] parse_query_plan.py[line:126] Seq Scan on person_info pi  (cost=0.00..95338.20 rows=69984 width=117) (actual time=19.687..928.135 rows=55791 loops=3)
2022-12-02 20:49:11 [P-13376] [MainThread] [parse_query_plan] [DEBUG] parse_query_plan.py[line:132] ['Seq Scan', 'person_info pi']
2022-12-02 20:49:11 [P-13376] [MainThread] [parse_query_plan] [DEBUG] parse_query_plan.py[line:149] _do_SeqScan
2022-12-02 20:49:11 [P-13376] [MainThread] [parse_query_plan] [DEBUG] parse_query_plan.py[line:126] Hash  (cost=2.41..2.41 rows=1 width=4) (actual time=0.038..0.038 rows=1 loops=3)
2022-12-02 20:49:11 [P-13376] [MainThread] [parse_query_plan] [DEBUG] parse_query_plan.py[line:132] ['Hash']
2022-12-02 20:49:11 [P-13376] [MainThread] [parse_query_plan] [DEBUG] parse_query_plan.py[line:149] _do_Hash
2022-12-02 20:49:11 [P-13376] [MainThread] [parse_query_plan] [DEBUG] parse_query_plan.py[line:126] Seq Scan on info_type it  (cost=0.00..2.41 rows=1 width=4) (actual time=0.027..0.030 rows=1 loops=3)
2022-12-02 20:49:11 [P-13376] [MainThread] [parse_query_plan] [DEBUG] parse_query_plan.py[line:132] ['Seq Scan', 'info_type it']
2022-12-02 20:49:11 [P-13376] [MainThread] [parse_query_plan] [DEBUG] parse_query_plan.py[line:149] _do_SeqScan
2022-12-02 20:49:11 [P-13376] [MainThread] [parse_query_plan] [DEBUG] parse_query_plan.py[line:126] Index Scan using name_pkey on name n  (cost=0.43..3.59 rows=1 width=19) (actual time=0.033..0.033 rows=0 loops=167374)
2022-12-02 20:49:11 [P-13376] [MainThread] [parse_query_plan] [DEBUG] parse_query_plan.py[line:132] ['Index Scan', 'name_pkey', 'name n']
2022-12-02 20:49:11 [P-13376] [MainThread] [parse_query_plan] [DEBUG] parse_query_plan.py[line:149] _do_IndexScan
2022-12-02 20:49:11 [P-13376] [MainThread] [parse_query_plan] [DEBUG] parse_query_plan.py[line:126] Index Scan using aka_name_idx_person on aka_name an  (cost=0.43..3.40 rows=2 width=4) (actual time=0.009..0.010 rows=1 loops=25015)
2022-12-02 20:49:11 [P-13376] [MainThread] [parse_query_plan] [DEBUG] parse_query_plan.py[line:132] ['Index Scan', 'aka_name_idx_person', 'aka_name an']
2022-12-02 20:49:11 [P-13376] [MainThread] [parse_query_plan] [DEBUG] parse_query_plan.py[line:149] _do_IndexScan
2022-12-02 20:49:11 [P-13376] [MainThread] [parse_query_plan] [DEBUG] parse_query_plan.py[line:126] Index Scan using cast_info_idx_pid on cast_info ci  (cost=0.56..701.63 rows=959 width=8) (actual time=0.101..0.333 rows=143 loops=20541)
2022-12-02 20:49:11 [P-13376] [MainThread] [parse_query_plan] [DEBUG] parse_query_plan.py[line:132] ['Index Scan', 'cast_info_idx_pid', 'cast_info ci']
2022-12-02 20:49:11 [P-13376] [MainThread] [parse_query_plan] [DEBUG] parse_query_plan.py[line:149] _do_IndexScan
2022-12-02 20:49:11 [P-13376] [MainThread] [parse_query_plan] [DEBUG] parse_query_plan.py[line:126] Index Scan using title_pkey on title t  (cost=0.43..2.43 rows=1 width=4) (actual time=0.001..0.001 rows=0 loops=7586280)
2022-12-02 20:49:11 [P-13376] [MainThread] [parse_query_plan] [DEBUG] parse_query_plan.py[line:132] ['Index Scan', 'title_pkey', 'title t']
2022-12-02 20:49:11 [P-13376] [MainThread] [parse_query_plan] [DEBUG] parse_query_plan.py[line:149] _do_IndexScan
2022-12-02 20:49:11 [P-13376] [MainThread] [parse_query_plan] [DEBUG] parse_query_plan.py[line:126] Aggregate  (cost=85439.58..85439.59 rows=1 width=64) (actual time=8745.914..8750.572 rows=1 loops=1)
2022-12-02 20:49:11 [P-13376] [MainThread] [parse_query_plan] [DEBUG] parse_query_plan.py[line:132] ['Aggregate']
2022-12-02 20:49:11 [P-13376] [MainThread] [parse_query_plan] [DEBUG] parse_query_plan.py[line:149] _do_Aggregate
2022-12-02 20:49:11 [P-13376] [MainThread] [parse_query_plan] [DEBUG] parse_query_plan.py[line:126] Nested Loop  (cost=5832.13..85439.58 rows=1 width=32) (actual time=736.413..8750.472 rows=198 loops=1)
2022-12-02 20:49:11 [P-13376] [MainThread] [parse_query_plan] [DEBUG] parse_query_plan.py[line:132] ['Nested Loop']
2022-12-02 20:49:11 [P-13376] [MainThread] [parse_query_plan] [DEBUG] parse_query_plan.py[line:149] _do_NestedLoop
2022-12-02 20:49:11 [P-13376] [MainThread] [parse_query_plan] [DEBUG] parse_query_plan.py[line:126] Nested Loop  (cost=5831.70..85437.39 rows=1 width=40) (actual time=283.280..8468.093 rows=38464 loops=1)
2022-12-02 20:49:11 [P-13376] [MainThread] [parse_query_plan] [DEBUG] parse_query_plan.py[line:132] ['Nested Loop']
2022-12-02 20:49:11 [P-13376] [MainThread] [parse_query_plan] [DEBUG] parse_query_plan.py[line:149] _do_NestedLoop
2022-12-02 20:49:11 [P-13376] [MainThread] [parse_query_plan] [DEBUG] parse_query_plan.py[line:126] Gather  (cost=5831.27..85434.57 rows=1 width=20) (actual time=282.811..8245.263 rows=9423 loops=1)
2022-12-02 20:49:11 [P-13376] [MainThread] [parse_query_plan] [DEBUG] parse_query_plan.py[line:132] ['Gather']
2022-12-02 20:49:11 [P-13376] [MainThread] [parse_query_plan] [DEBUG] parse_query_plan.py[line:149] _do_Gather
2022-12-02 20:49:11 [P-13376] [MainThread] [parse_query_plan] [DEBUG] parse_query_plan.py[line:126] Nested Loop  (cost=4831.27..84434.47 rows=1 width=20) (actual time=187.485..8483.669 rows=3141 loops=3)
2022-12-02 20:49:11 [P-13376] [MainThread] [parse_query_plan] [DEBUG] parse_query_plan.py[line:132] ['Nested Loop']
2022-12-02 20:49:11 [P-13376] [MainThread] [parse_query_plan] [DEBUG] parse_query_plan.py[line:149] _do_NestedLoop
2022-12-02 20:49:11 [P-13376] [MainThread] [parse_query_plan] [DEBUG] parse_query_plan.py[line:126] Nested Loop  (cost=4831.11..84427.38 rows=39 width=24) (actual time=186.409..8478.990 rows=6758 loops=3)
2022-12-02 20:49:11 [P-13376] [MainThread] [parse_query_plan] [DEBUG] parse_query_plan.py[line:132] ['Nested Loop']
2022-12-02 20:49:11 [P-13376] [MainThread] [parse_query_plan] [DEBUG] parse_query_plan.py[line:149] _do_NestedLoop
2022-12-02 20:49:11 [P-13376] [MainThread] [parse_query_plan] [DEBUG] parse_query_plan.py[line:126] Nested Loop  (cost=4830.67..72304.52 rows=324 width=24) (actual time=152.546..874.878 rows=14250 loops=3)
2022-12-02 20:49:11 [P-13376] [MainThread] [parse_query_plan] [DEBUG] parse_query_plan.py[line:132] ['Nested Loop']
2022-12-02 20:49:11 [P-13376] [MainThread] [parse_query_plan] [DEBUG] parse_query_plan.py[line:149] _do_NestedLoop
2022-12-02 20:49:11 [P-13376] [MainThread] [parse_query_plan] [DEBUG] parse_query_plan.py[line:126] Hash Join  (cost=4830.24..70711.33 rows=324 width=4) (actual time=152.344..614.121 rows=31881 loops=3)
2022-12-02 20:49:11 [P-13376] [MainThread] [parse_query_plan] [DEBUG] parse_query_plan.py[line:132] ['Hash Join']
2022-12-02 20:49:11 [P-13376] [MainThread] [parse_query_plan] [DEBUG] parse_query_plan.py[line:149] _do_HashJoin
2022-12-02 20:49:11 [P-13376] [MainThread] [parse_query_plan] [DEBUG] parse_query_plan.py[line:126] Seq Scan on movie_companies mc  (cost=0.00..65848.35 rows=12472 width=8) (actual time=0.729..445.578 rows=32198 loops=3)
2022-12-02 20:49:11 [P-13376] [MainThread] [parse_query_plan] [DEBUG] parse_query_plan.py[line:132] ['Seq Scan', 'movie_companies mc']
2022-12-02 20:49:11 [P-13376] [MainThread] [parse_query_plan] [DEBUG] parse_query_plan.py[line:149] _do_SeqScan
2022-12-02 20:49:11 [P-13376] [MainThread] [parse_query_plan] [DEBUG] parse_query_plan.py[line:126] Hash  (cost=4781.27..4781.27 rows=3918 width=4) (actual time=150.745..150.746 rows=3398 loops=3)
2022-12-02 20:49:11 [P-13376] [MainThread] [parse_query_plan] [DEBUG] parse_query_plan.py[line:132] ['Hash']
2022-12-02 20:49:11 [P-13376] [MainThread] [parse_query_plan] [DEBUG] parse_query_plan.py[line:149] _do_Hash
2022-12-02 20:49:11 [P-13376] [MainThread] [parse_query_plan] [DEBUG] parse_query_plan.py[line:126] Bitmap Heap Scan on company_name cn  (cost=109.30..4781.27 rows=3918 width=4) (actual time=1.885..144.375 rows=3398 loops=3)
2022-12-02 20:49:11 [P-13376] [MainThread] [parse_query_plan] [DEBUG] parse_query_plan.py[line:132] ['Bitmap Heap Scan', 'company_name cn']
2022-12-02 20:49:11 [P-13376] [MainThread] [parse_query_plan] [DEBUG] parse_query_plan.py[line:149] _do_BitMapHeapScan
2022-12-02 20:49:11 [P-13376] [MainThread] [parse_query_plan] [DEBUG] parse_query_plan.py[line:126] Bitmap Index Scan on company_name_idx_ccode  (cost=0.00..106.94 rows=9403 width=0) (actual time=3.778..3.779 rows=10193 loops=1)
2022-12-02 20:49:11 [P-13376] [MainThread] [parse_query_plan] [DEBUG] parse_query_plan.py[line:132] ['Bitmap Index Scan', 'company_name_idx_ccode']
2022-12-02 20:49:11 [P-13376] [MainThread] [parse_query_plan] [DEBUG] parse_query_plan.py[line:149] _do_BitMapIndexScan
2022-12-02 20:49:11 [P-13376] [MainThread] [parse_query_plan] [DEBUG] parse_query_plan.py[line:126] Index Scan using title_pkey on title t  (cost=0.43..4.92 rows=1 width=20) (actual time=0.008..0.008 rows=0 loops=95643)
2022-12-02 20:49:11 [P-13376] [MainThread] [parse_query_plan] [DEBUG] parse_query_plan.py[line:132] ['Index Scan', 'title_pkey', 'title t']
2022-12-02 20:49:11 [P-13376] [MainThread] [parse_query_plan] [DEBUG] parse_query_plan.py[line:149] _do_IndexScan
2022-12-02 20:49:11 [P-13376] [MainThread] [parse_query_plan] [DEBUG] parse_query_plan.py[line:126] Index Scan using cast_info_idx_mid on cast_info ci  (cost=0.44..37.41 rows=1 width=12) (actual time=0.512..0.533 rows=0 loops=42750)
2022-12-02 20:49:11 [P-13376] [MainThread] [parse_query_plan] [DEBUG] parse_query_plan.py[line:132] ['Index Scan', 'cast_info_idx_mid', 'cast_info ci']
2022-12-02 20:49:11 [P-13376] [MainThread] [parse_query_plan] [DEBUG] parse_query_plan.py[line:149] _do_IndexScan
2022-12-02 20:49:11 [P-13376] [MainThread] [parse_query_plan] [DEBUG] parse_query_plan.py[line:126] Memoize  (cost=0.16..0.58 rows=1 width=4) (actual time=0.000..0.000 rows=0 loops=20273)
2022-12-02 20:49:11 [P-13376] [MainThread] [parse_query_plan] [DEBUG] parse_query_plan.py[line:132] ['Memoize']
2022-12-02 20:49:11 [P-13376] [MainThread] [parse_query_plan] [DEBUG] parse_query_plan.py[line:149] _do_Memorize
2022-12-02 20:49:11 [P-13376] [MainThread] [parse_query_plan] [DEBUG] parse_query_plan.py[line:126] Index Scan using role_type_pkey on role_type rt  (cost=0.15..0.57 rows=1 width=4) (actual time=0.083..0.083 rows=0 loops=6)
2022-12-02 20:49:11 [P-13376] [MainThread] [parse_query_plan] [DEBUG] parse_query_plan.py[line:132] ['Index Scan', 'role_type_pkey', 'role_type rt']
2022-12-02 20:49:11 [P-13376] [MainThread] [parse_query_plan] [DEBUG] parse_query_plan.py[line:149] _do_IndexScan
2022-12-02 20:49:11 [P-13376] [MainThread] [parse_query_plan] [DEBUG] parse_query_plan.py[line:126] Index Scan using aka_name_idx_person on aka_name an1  (cost=0.43..2.79 rows=2 width=20) (actual time=0.018..0.022 rows=4 loops=9423)
2022-12-02 20:49:11 [P-13376] [MainThread] [parse_query_plan] [DEBUG] parse_query_plan.py[line:132] ['Index Scan', 'aka_name_idx_person', 'aka_name an1']
2022-12-02 20:49:11 [P-13376] [MainThread] [parse_query_plan] [DEBUG] parse_query_plan.py[line:149] _do_IndexScan
2022-12-02 20:49:11 [P-13376] [MainThread] [parse_query_plan] [DEBUG] parse_query_plan.py[line:126] Index Scan using name_pkey on name n1  (cost=0.43..2.19 rows=1 width=4) (actual time=0.007..0.007 rows=0 loops=38464)
2022-12-02 20:49:11 [P-13376] [MainThread] [parse_query_plan] [DEBUG] parse_query_plan.py[line:132] ['Index Scan', 'name_pkey', 'name n1']
2022-12-02 20:49:11 [P-13376] [MainThread] [parse_query_plan] [DEBUG] parse_query_plan.py[line:149] _do_IndexScan
2022-12-02 20:49:11 [P-13376] [MainThread] [parse_query_plan] [DEBUG] parse_query_plan.py[line:126] Aggregate  (cost=54203.87..54203.88 rows=1 width=64) (actual time=595.820..600.276 rows=1 loops=1)
2022-12-02 20:49:11 [P-13376] [MainThread] [parse_query_plan] [DEBUG] parse_query_plan.py[line:132] ['Aggregate']
2022-12-02 20:49:11 [P-13376] [MainThread] [parse_query_plan] [DEBUG] parse_query_plan.py[line:149] _do_Aggregate
2022-12-02 20:49:11 [P-13376] [MainThread] [parse_query_plan] [DEBUG] parse_query_plan.py[line:126] Nested Loop  (cost=3794.72..54203.86 rows=1 width=32) (actual time=595.816..600.272 rows=0 loops=1)
2022-12-02 20:49:11 [P-13376] [MainThread] [parse_query_plan] [DEBUG] parse_query_plan.py[line:132] ['Nested Loop']
2022-12-02 20:49:11 [P-13376] [MainThread] [parse_query_plan] [DEBUG] parse_query_plan.py[line:149] _do_NestedLoop
2022-12-02 20:49:11 [P-13376] [MainThread] [parse_query_plan] [DEBUG] parse_query_plan.py[line:126] Nested Loop  (cost=3794.57..54203.12 rows=1 width=36) (actual time=595.816..600.272 rows=0 loops=1)
2022-12-02 20:49:11 [P-13376] [MainThread] [parse_query_plan] [DEBUG] parse_query_plan.py[line:132] ['Nested Loop']
2022-12-02 20:49:11 [P-13376] [MainThread] [parse_query_plan] [DEBUG] parse_query_plan.py[line:149] _do_NestedLoop
2022-12-02 20:49:11 [P-13376] [MainThread] [parse_query_plan] [DEBUG] parse_query_plan.py[line:126] Nested Loop  (cost=3794.14..54200.93 rows=1 width=44) (actual time=595.816..600.271 rows=0 loops=1)
2022-12-02 20:49:11 [P-13376] [MainThread] [parse_query_plan] [DEBUG] parse_query_plan.py[line:132] ['Nested Loop']
2022-12-02 20:49:11 [P-13376] [MainThread] [parse_query_plan] [DEBUG] parse_query_plan.py[line:149] _do_NestedLoop
2022-12-02 20:49:11 [P-13376] [MainThread] [parse_query_plan] [DEBUG] parse_query_plan.py[line:126] Nested Loop  (cost=3793.72..54194.01 rows=1 width=48) (actual time=595.815..600.270 rows=0 loops=1)
2022-12-02 20:49:11 [P-13376] [MainThread] [parse_query_plan] [DEBUG] parse_query_plan.py[line:132] ['Nested Loop']
2022-12-02 20:49:11 [P-13376] [MainThread] [parse_query_plan] [DEBUG] parse_query_plan.py[line:149] _do_NestedLoop
2022-12-02 20:49:11 [P-13376] [MainThread] [parse_query_plan] [DEBUG] parse_query_plan.py[line:126] Nested Loop  (cost=3793.29..54191.20 rows=1 width=28) (actual time=595.815..600.270 rows=0 loops=1)
2022-12-02 20:49:11 [P-13376] [MainThread] [parse_query_plan] [DEBUG] parse_query_plan.py[line:132] ['Nested Loop']
2022-12-02 20:49:11 [P-13376] [MainThread] [parse_query_plan] [DEBUG] parse_query_plan.py[line:149] _do_NestedLoop
2022-12-02 20:49:11 [P-13376] [MainThread] [parse_query_plan] [DEBUG] parse_query_plan.py[line:126] Gather  (cost=3792.85..54050.62 rows=1 width=28) (actual time=595.815..600.268 rows=0 loops=1)
2022-12-02 20:49:11 [P-13376] [MainThread] [parse_query_plan] [DEBUG] parse_query_plan.py[line:132] ['Gather']
2022-12-02 20:49:11 [P-13376] [MainThread] [parse_query_plan] [DEBUG] parse_query_plan.py[line:149] _do_Gather
2022-12-02 20:49:11 [P-13376] [MainThread] [parse_query_plan] [DEBUG] parse_query_plan.py[line:126] Nested Loop  (cost=2792.85..53050.52 rows=1 width=28) (actual time=584.634..584.636 rows=0 loops=3)
2022-12-02 20:49:11 [P-13376] [MainThread] [parse_query_plan] [DEBUG] parse_query_plan.py[line:132] ['Nested Loop']
2022-12-02 20:49:11 [P-13376] [MainThread] [parse_query_plan] [DEBUG] parse_query_plan.py[line:149] _do_NestedLoop
2022-12-02 20:49:11 [P-13376] [MainThread] [parse_query_plan] [DEBUG] parse_query_plan.py[line:126] Bitmap Heap Scan on title t  (cost=2792.42..52655.07 rows=15 width=20) (actual time=584.633..584.634 rows=0 loops=3)
2022-12-02 20:49:11 [P-13376] [MainThread] [parse_query_plan] [DEBUG] parse_query_plan.py[line:132] ['Bitmap Heap Scan', 'title t']
2022-12-02 20:49:11 [P-13376] [MainThread] [parse_query_plan] [DEBUG] parse_query_plan.py[line:149] _do_BitMapHeapScan
2022-12-02 20:49:11 [P-13376] [MainThread] [parse_query_plan] [DEBUG] parse_query_plan.py[line:126] Bitmap Index Scan on title_idx_year  (cost=0.00..2792.41 rows=208398 width=0) (actual time=9.840..9.841 rows=209543 loops=1)
2022-12-02 20:49:11 [P-13376] [MainThread] [parse_query_plan] [DEBUG] parse_query_plan.py[line:132] ['Bitmap Index Scan', 'title_idx_year']
2022-12-02 20:49:11 [P-13376] [MainThread] [parse_query_plan] [DEBUG] parse_query_plan.py[line:149] _do_BitMapIndexScan
2022-12-02 20:49:11 [P-13376] [MainThread] [parse_query_plan] [DEBUG] parse_query_plan.py[line:126] Index Scan using movie_companies_idx_mid on movie_companies mc  (cost=0.43..26.35 rows=1 width=8) (never executed)
2022-12-02 20:49:11 [P-13376] [MainThread] [parse_query_plan] [DEBUG] parse_query_plan.py[line:132] ['Index Scan', 'movie_companies_idx_mid', 'movie_companies mc']
2022-12-02 20:49:11 [P-13376] [MainThread] [parse_query_plan] [DEBUG] parse_query_plan.py[line:149] _do_IndexScan
2022-12-02 20:49:11 [P-13376] [MainThread] [parse_query_plan] [DEBUG] parse_query_plan.py[line:126] Index Scan using cast_info_idx_mid on cast_info ci  (cost=0.44..140.57 rows=1 width=12) (never executed)
2022-12-02 20:49:11 [P-13376] [MainThread] [parse_query_plan] [DEBUG] parse_query_plan.py[line:132] ['Index Scan', 'cast_info_idx_mid', 'cast_info ci']
2022-12-02 20:49:11 [P-13376] [MainThread] [parse_query_plan] [DEBUG] parse_query_plan.py[line:149] _do_IndexScan
2022-12-02 20:49:11 [P-13376] [MainThread] [parse_query_plan] [DEBUG] parse_query_plan.py[line:126] Index Scan using aka_name_idx_person on aka_name an  (cost=0.43..2.79 rows=2 width=20) (never executed)
2022-12-02 20:49:11 [P-13376] [MainThread] [parse_query_plan] [DEBUG] parse_query_plan.py[line:132] ['Index Scan', 'aka_name_idx_person', 'aka_name an']
2022-12-02 20:49:11 [P-13376] [MainThread] [parse_query_plan] [DEBUG] parse_query_plan.py[line:149] _do_IndexScan
2022-12-02 20:49:11 [P-13376] [MainThread] [parse_query_plan] [DEBUG] parse_query_plan.py[line:126] Index Scan using company_name_pkey on company_name cn  (cost=0.42..6.91 rows=1 width=4) (never executed)
2022-12-02 20:49:11 [P-13376] [MainThread] [parse_query_plan] [DEBUG] parse_query_plan.py[line:132] ['Index Scan', 'company_name_pkey', 'company_name cn']
2022-12-02 20:49:11 [P-13376] [MainThread] [parse_query_plan] [DEBUG] parse_query_plan.py[line:149] _do_IndexScan
2022-12-02 20:49:11 [P-13376] [MainThread] [parse_query_plan] [DEBUG] parse_query_plan.py[line:126] Index Scan using name_pkey on name n  (cost=0.43..2.19 rows=1 width=4) (never executed)
2022-12-02 20:49:11 [P-13376] [MainThread] [parse_query_plan] [DEBUG] parse_query_plan.py[line:132] ['Index Scan', 'name_pkey', 'name n']
2022-12-02 20:49:11 [P-13376] [MainThread] [parse_query_plan] [DEBUG] parse_query_plan.py[line:149] _do_IndexScan
2022-12-02 20:49:11 [P-13376] [MainThread] [parse_query_plan] [DEBUG] parse_query_plan.py[line:126] Index Scan using role_type_pkey on role_type rt  (cost=0.15..0.57 rows=1 width=4) (never executed)
2022-12-02 20:49:11 [P-13376] [MainThread] [parse_query_plan] [DEBUG] parse_query_plan.py[line:132] ['Index Scan', 'role_type_pkey', 'role_type rt']
2022-12-02 20:49:11 [P-13376] [MainThread] [parse_query_plan] [DEBUG] parse_query_plan.py[line:149] _do_IndexScan
2022-12-02 20:49:11 [P-13376] [MainThread] [parse_query_plan] [DEBUG] parse_query_plan.py[line:126] Finalize Aggregate  (cost=1147265.62..1147265.63 rows=1 width=64) (actual time=9997.443..10121.476 rows=1 loops=1)
2022-12-02 20:49:11 [P-13376] [MainThread] [parse_query_plan] [DEBUG] parse_query_plan.py[line:132] ['Finalize Aggregate']
2022-12-02 20:49:11 [P-13376] [MainThread] [parse_query_plan] [DEBUG] parse_query_plan.py[line:149] _do_FinalizeAggregate
2022-12-02 20:49:11 [P-13376] [MainThread] [parse_query_plan] [DEBUG] parse_query_plan.py[line:126] Gather  (cost=1147265.40..1147265.61 rows=2 width=64) (actual time=9992.075..10121.451 rows=3 loops=1)
2022-12-02 20:49:11 [P-13376] [MainThread] [parse_query_plan] [DEBUG] parse_query_plan.py[line:132] ['Gather']
2022-12-02 20:49:11 [P-13376] [MainThread] [parse_query_plan] [DEBUG] parse_query_plan.py[line:149] _do_Gather
2022-12-02 20:49:11 [P-13376] [MainThread] [parse_query_plan] [DEBUG] parse_query_plan.py[line:126] Partial Aggregate  (cost=1146265.40..1146265.41 rows=1 width=64) (actual time=9975.993..9976.191 rows=1 loops=3)
2022-12-02 20:49:11 [P-13376] [MainThread] [parse_query_plan] [DEBUG] parse_query_plan.py[line:132] ['Partial Aggregate']
2022-12-02 20:49:11 [P-13376] [MainThread] [parse_query_plan] [DEBUG] parse_query_plan.py[line:149] _do_PartialAggregate
2022-12-02 20:49:11 [P-13376] [MainThread] [parse_query_plan] [DEBUG] parse_query_plan.py[line:126] Hash Join  (cost=1112895.15..1144395.88 rows=373903 width=32) (actual time=9746.826..9870.158 rows=1160410 loops=3)
2022-12-02 20:49:11 [P-13376] [MainThread] [parse_query_plan] [DEBUG] parse_query_plan.py[line:132] ['Hash Join']
2022-12-02 20:49:11 [P-13376] [MainThread] [parse_query_plan] [DEBUG] parse_query_plan.py[line:149] _do_HashJoin
2022-12-02 20:49:11 [P-13376] [MainThread] [parse_query_plan] [DEBUG] parse_query_plan.py[line:126] Seq Scan on aka_name a1  (cost=0.00..22010.80 rows=546780 width=20) (actual time=7.374..324.587 rows=437424 loops=3)
2022-12-02 20:49:11 [P-13376] [MainThread] [parse_query_plan] [DEBUG] parse_query_plan.py[line:132] ['Seq Scan', 'aka_name a1']
2022-12-02 20:49:11 [P-13376] [MainThread] [parse_query_plan] [DEBUG] parse_query_plan.py[line:149] _do_SeqScan
2022-12-02 20:49:11 [P-13376] [MainThread] [parse_query_plan] [DEBUG] parse_query_plan.py[line:126] Hash  (cost=1110077.10..1110077.10 rows=153444 width=24) (actual time=9340.914..9340.931 rows=917626 loops=3)
2022-12-02 20:49:11 [P-13376] [MainThread] [parse_query_plan] [DEBUG] parse_query_plan.py[line:132] ['Hash']
2022-12-02 20:49:11 [P-13376] [MainThread] [parse_query_plan] [DEBUG] parse_query_plan.py[line:149] _do_Hash
2022-12-02 20:49:11 [P-13376] [MainThread] [parse_query_plan] [DEBUG] parse_query_plan.py[line:126] Hash Join  (cost=1025541.50..1110077.10 rows=153444 width=24) (actual time=8892.681..9121.578 rows=917626 loops=3)
2022-12-02 20:49:11 [P-13376] [MainThread] [parse_query_plan] [DEBUG] parse_query_plan.py[line:132] ['Hash Join']
2022-12-02 20:49:11 [P-13376] [MainThread] [parse_query_plan] [DEBUG] parse_query_plan.py[line:149] _do_HashJoin
2022-12-02 20:49:11 [P-13376] [MainThread] [parse_query_plan] [DEBUG] parse_query_plan.py[line:126] Seq Scan on title t  (cost=0.00..61876.00 rows=1375000 width=20) (actual time=1.637..671.768 rows=1100000 loops=3)
2022-12-02 20:49:11 [P-13376] [MainThread] [parse_query_plan] [DEBUG] parse_query_plan.py[line:132] ['Seq Scan', 'title t']
2022-12-02 20:49:11 [P-13376] [MainThread] [parse_query_plan] [DEBUG] parse_query_plan.py[line:149] _do_SeqScan
2022-12-02 20:49:11 [P-13376] [MainThread] [parse_query_plan] [DEBUG] parse_query_plan.py[line:126] Hash  (cost=1022873.45..1022873.45 rows=153444 width=16) (actual time=8033.024..8033.037 rows=1359876 loops=3)
2022-12-02 20:49:11 [P-13376] [MainThread] [parse_query_plan] [DEBUG] parse_query_plan.py[line:132] ['Hash']
2022-12-02 20:49:11 [P-13376] [MainThread] [parse_query_plan] [DEBUG] parse_query_plan.py[line:149] _do_Hash
2022-12-02 20:49:11 [P-13376] [MainThread] [parse_query_plan] [DEBUG] parse_query_plan.py[line:126] Hash Join  (cost=951466.15..1022873.45 rows=153444 width=16) (actual time=7515.647..7790.292 rows=1359876 loops=3)
2022-12-02 20:49:11 [P-13376] [MainThread] [parse_query_plan] [DEBUG] parse_query_plan.py[line:132] ['Hash Join']
2022-12-02 20:49:11 [P-13376] [MainThread] [parse_query_plan] [DEBUG] parse_query_plan.py[line:149] _do_HashJoin
2022-12-02 20:49:11 [P-13376] [MainThread] [parse_query_plan] [DEBUG] parse_query_plan.py[line:126] Hash Join  (cost=7227.32..68169.09 rows=786713 width=4) (actual time=165.534..704.919 rows=738720 loops=3)
2022-12-02 20:49:11 [P-13376] [MainThread] [parse_query_plan] [DEBUG] parse_query_plan.py[line:132] ['Hash Join']
2022-12-02 20:49:11 [P-13376] [MainThread] [parse_query_plan] [DEBUG] parse_query_plan.py[line:149] _do_HashJoin
2022-12-02 20:49:11 [P-13376] [MainThread] [parse_query_plan] [DEBUG] parse_query_plan.py[line:126] Seq Scan on movie_companies mc  (cost=0.00..55518.57 rows=2065957 width=8) (actual time=0.368..352.714 rows=1652765 loops=3)
2022-12-02 20:49:11 [P-13376] [MainThread] [parse_query_plan] [DEBUG] parse_query_plan.py[line:132] ['Seq Scan', 'movie_companies mc']
2022-12-02 20:49:11 [P-13376] [MainThread] [parse_query_plan] [DEBUG] parse_query_plan.py[line:149] _do_SeqScan
2022-12-02 20:49:11 [P-13376] [MainThread] [parse_query_plan] [DEBUG] parse_query_plan.py[line:126] Hash  (cost=6509.10..6509.10 rows=57458 width=4) (actual time=164.783..164.784 rows=46313 loops=3)
2022-12-02 20:49:11 [P-13376] [MainThread] [parse_query_plan] [DEBUG] parse_query_plan.py[line:132] ['Hash']
2022-12-02 20:49:11 [P-13376] [MainThread] [parse_query_plan] [DEBUG] parse_query_plan.py[line:149] _do_Hash
2022-12-02 20:49:11 [P-13376] [MainThread] [parse_query_plan] [DEBUG] parse_query_plan.py[line:126] Seq Scan on company_name cn  (cost=0.00..6509.10 rows=57458 width=4) (actual time=0.959..150.677 rows=46313 loops=3)
2022-12-02 20:49:11 [P-13376] [MainThread] [parse_query_plan] [DEBUG] parse_query_plan.py[line:132] ['Seq Scan', 'company_name cn']
2022-12-02 20:49:11 [P-13376] [MainThread] [parse_query_plan] [DEBUG] parse_query_plan.py[line:149] _do_SeqScan
2022-12-02 20:49:11 [P-13376] [MainThread] [parse_query_plan] [DEBUG] parse_query_plan.py[line:126] Hash  (cost=941648.28..941648.28 rows=149004 width=12) (actual time=6721.567..6721.572 rows=1725212 loops=3)
2022-12-02 20:49:11 [P-13376] [MainThread] [parse_query_plan] [DEBUG] parse_query_plan.py[line:132] ['Hash']
2022-12-02 20:49:11 [P-13376] [MainThread] [parse_query_plan] [DEBUG] parse_query_plan.py[line:149] _do_Hash
2022-12-02 20:49:11 [P-13376] [MainThread] [parse_query_plan] [DEBUG] parse_query_plan.py[line:126] Nested Loop  (cost=13.13..941648.28 rows=149004 width=12) (actual time=3561.052..6372.401 rows=1725212 loops=3)
2022-12-02 20:49:11 [P-13376] [MainThread] [parse_query_plan] [DEBUG] parse_query_plan.py[line:132] ['Nested Loop']
2022-12-02 20:49:11 [P-13376] [MainThread] [parse_query_plan] [DEBUG] parse_query_plan.py[line:149] _do_NestedLoop
2022-12-02 20:49:11 [P-13376] [MainThread] [parse_query_plan] [DEBUG] parse_query_plan.py[line:126] Hash Join  (cost=12.69..779437.45 rows=149004 width=8) (actual time=3560.444..5496.505 rows=1725212 loops=3)
2022-12-02 20:49:11 [P-13376] [MainThread] [parse_query_plan] [DEBUG] parse_query_plan.py[line:132] ['Hash Join']
2022-12-02 20:49:11 [P-13376] [MainThread] [parse_query_plan] [DEBUG] parse_query_plan.py[line:149] _do_HashJoin
2022-12-02 20:49:11 [P-13376] [MainThread] [parse_query_plan] [DEBUG] parse_query_plan.py[line:126] Seq Scan on cast_info ci  (cost=0.00..709583.65 rows=26448265 width=12) (actual time=0.188..3817.974 rows=21158612 loops=3)
2022-12-02 20:49:11 [P-13376] [MainThread] [parse_query_plan] [DEBUG] parse_query_plan.py[line:132] ['Seq Scan', 'cast_info ci']
2022-12-02 20:49:11 [P-13376] [MainThread] [parse_query_plan] [DEBUG] parse_query_plan.py[line:149] _do_SeqScan
2022-12-02 20:49:11 [P-13376] [MainThread] [parse_query_plan] [DEBUG] parse_query_plan.py[line:126] Hash  (cost=12.64..12.64 rows=4 width=4) (actual time=302.691..302.693 rows=1 loops=3)
2022-12-02 20:49:11 [P-13376] [MainThread] [parse_query_plan] [DEBUG] parse_query_plan.py[line:132] ['Hash']
2022-12-02 20:49:11 [P-13376] [MainThread] [parse_query_plan] [DEBUG] parse_query_plan.py[line:149] _do_Hash
2022-12-02 20:49:11 [P-13376] [MainThread] [parse_query_plan] [DEBUG] parse_query_plan.py[line:126] Bitmap Heap Scan on role_type rt  (cost=4.18..12.64 rows=4 width=4) (actual time=302.669..302.673 rows=1 loops=3)
2022-12-02 20:49:11 [P-13376] [MainThread] [parse_query_plan] [DEBUG] parse_query_plan.py[line:132] ['Bitmap Heap Scan', 'role_type rt']
2022-12-02 20:49:11 [P-13376] [MainThread] [parse_query_plan] [DEBUG] parse_query_plan.py[line:149] _do_BitMapHeapScan
2022-12-02 20:49:11 [P-13376] [MainThread] [parse_query_plan] [DEBUG] parse_query_plan.py[line:126] Bitmap Index Scan on role_type_role  (cost=0.00..4.18 rows=4 width=0) (actual time=0.141..0.142 rows=1 loops=3)
2022-12-02 20:49:11 [P-13376] [MainThread] [parse_query_plan] [DEBUG] parse_query_plan.py[line:132] ['Bitmap Index Scan', 'role_type_role']
2022-12-02 20:49:11 [P-13376] [MainThread] [parse_query_plan] [DEBUG] parse_query_plan.py[line:149] _do_BitMapIndexScan
2022-12-02 20:49:11 [P-13376] [MainThread] [parse_query_plan] [DEBUG] parse_query_plan.py[line:126] Memoize  (cost=0.44..1.36 rows=1 width=4) (actual time=0.000..0.000 rows=1 loops=5175637)
2022-12-02 20:49:11 [P-13376] [MainThread] [parse_query_plan] [DEBUG] parse_query_plan.py[line:132] ['Memoize']
2022-12-02 20:49:11 [P-13376] [MainThread] [parse_query_plan] [DEBUG] parse_query_plan.py[line:149] _do_Memorize
2022-12-02 20:49:11 [P-13376] [MainThread] [parse_query_plan] [DEBUG] parse_query_plan.py[line:126] Index Only Scan using name_pkey on name n1  (cost=0.43..1.35 rows=1 width=4) (actual time=0.002..0.002 rows=1 loops=648808)
2022-12-02 20:49:11 [P-13376] [MainThread] [parse_query_plan] [DEBUG] parse_query_plan.py[line:132] ['Index Only Scan', 'name_pkey', 'name n1']
2022-12-02 20:49:11 [P-13376] [MainThread] [parse_query_plan] [DEBUG] parse_query_plan.py[line:149] _do_IndexOnlyScan
2022-12-02 20:49:11 [P-13376] [MainThread] [parse_query_plan] [DEBUG] parse_query_plan.py[line:126] Finalize Aggregate  (cost=1147265.62..1147265.63 rows=1 width=64) (actual time=7533.596..7567.106 rows=1 loops=1)
2022-12-02 20:49:11 [P-13376] [MainThread] [parse_query_plan] [DEBUG] parse_query_plan.py[line:132] ['Finalize Aggregate']
2022-12-02 20:49:11 [P-13376] [MainThread] [parse_query_plan] [DEBUG] parse_query_plan.py[line:149] _do_FinalizeAggregate
2022-12-02 20:49:11 [P-13376] [MainThread] [parse_query_plan] [DEBUG] parse_query_plan.py[line:126] Gather  (cost=1147265.40..1147265.61 rows=2 width=64) (actual time=7532.306..7567.081 rows=3 loops=1)
2022-12-02 20:49:11 [P-13376] [MainThread] [parse_query_plan] [DEBUG] parse_query_plan.py[line:132] ['Gather']
2022-12-02 20:49:11 [P-13376] [MainThread] [parse_query_plan] [DEBUG] parse_query_plan.py[line:149] _do_Gather
2022-12-02 20:49:11 [P-13376] [MainThread] [parse_query_plan] [DEBUG] parse_query_plan.py[line:126] Partial Aggregate  (cost=1146265.40..1146265.41 rows=1 width=64) (actual time=7501.767..7501.861 rows=1 loops=3)
2022-12-02 20:49:11 [P-13376] [MainThread] [parse_query_plan] [DEBUG] parse_query_plan.py[line:132] ['Partial Aggregate']
2022-12-02 20:49:11 [P-13376] [MainThread] [parse_query_plan] [DEBUG] parse_query_plan.py[line:149] _do_PartialAggregate
2022-12-02 20:49:11 [P-13376] [MainThread] [parse_query_plan] [DEBUG] parse_query_plan.py[line:126] Hash Join  (cost=1112895.15..1144395.88 rows=373903 width=32) (actual time=7458.838..7491.672 rows=124340 loops=3)
2022-12-02 20:49:11 [P-13376] [MainThread] [parse_query_plan] [DEBUG] parse_query_plan.py[line:132] ['Hash Join']
2022-12-02 20:49:11 [P-13376] [MainThread] [parse_query_plan] [DEBUG] parse_query_plan.py[line:149] _do_HashJoin
2022-12-02 20:49:11 [P-13376] [MainThread] [parse_query_plan] [DEBUG] parse_query_plan.py[line:126] Seq Scan on aka_name an1  (cost=0.00..22010.80 rows=546780 width=20) (actual time=0.571..236.403 rows=437424 loops=3)
2022-12-02 20:49:11 [P-13376] [MainThread] [parse_query_plan] [DEBUG] parse_query_plan.py[line:132] ['Seq Scan', 'aka_name an1']
2022-12-02 20:49:11 [P-13376] [MainThread] [parse_query_plan] [DEBUG] parse_query_plan.py[line:149] _do_SeqScan
2022-12-02 20:49:11 [P-13376] [MainThread] [parse_query_plan] [DEBUG] parse_query_plan.py[line:126] Hash  (cost=1110077.10..1110077.10 rows=153444 width=24) (actual time=7150.645..7150.737 rows=99797 loops=3)
2022-12-02 20:49:11 [P-13376] [MainThread] [parse_query_plan] [DEBUG] parse_query_plan.py[line:132] ['Hash']
2022-12-02 20:49:11 [P-13376] [MainThread] [parse_query_plan] [DEBUG] parse_query_plan.py[line:149] _do_Hash
2022-12-02 20:49:11 [P-13376] [MainThread] [parse_query_plan] [DEBUG] parse_query_plan.py[line:126] Hash Join  (cost=1025541.50..1110077.10 rows=153444 width=24) (actual time=7049.668..7137.433 rows=99797 loops=3)
2022-12-02 20:49:11 [P-13376] [MainThread] [parse_query_plan] [DEBUG] parse_query_plan.py[line:132] ['Hash Join']
2022-12-02 20:49:11 [P-13376] [MainThread] [parse_query_plan] [DEBUG] parse_query_plan.py[line:149] _do_HashJoin
2022-12-02 20:49:11 [P-13376] [MainThread] [parse_query_plan] [DEBUG] parse_query_plan.py[line:126] Seq Scan on title t  (cost=0.00..61876.00 rows=1375000 width=20) (actual time=0.630..511.327 rows=1100000 loops=3)
2022-12-02 20:49:11 [P-13376] [MainThread] [parse_query_plan] [DEBUG] parse_query_plan.py[line:132] ['Seq Scan', 'title t']
2022-12-02 20:49:11 [P-13376] [MainThread] [parse_query_plan] [DEBUG] parse_query_plan.py[line:149] _do_SeqScan
2022-12-02 20:49:11 [P-13376] [MainThread] [parse_query_plan] [DEBUG] parse_query_plan.py[line:126] Hash  (cost=1022873.45..1022873.45 rows=153444 width=16) (actual time=6342.136..6342.226 rows=171548 loops=3)
2022-12-02 20:49:11 [P-13376] [MainThread] [parse_query_plan] [DEBUG] parse_query_plan.py[line:132] ['Hash']
2022-12-02 20:49:11 [P-13376] [MainThread] [parse_query_plan] [DEBUG] parse_query_plan.py[line:149] _do_Hash
2022-12-02 20:49:11 [P-13376] [MainThread] [parse_query_plan] [DEBUG] parse_query_plan.py[line:126] Hash Join  (cost=951466.15..1022873.45 rows=153444 width=16) (actual time=6252.779..6321.789 rows=171548 loops=3)
2022-12-02 20:49:11 [P-13376] [MainThread] [parse_query_plan] [DEBUG] parse_query_plan.py[line:132] ['Hash Join']
2022-12-02 20:49:11 [P-13376] [MainThread] [parse_query_plan] [DEBUG] parse_query_plan.py[line:149] _do_HashJoin
2022-12-02 20:49:11 [P-13376] [MainThread] [parse_query_plan] [DEBUG] parse_query_plan.py[line:126] Hash Join  (cost=7227.32..68169.09 rows=786713 width=4) (actual time=83.353..650.257 rows=738720 loops=3)
2022-12-02 20:49:11 [P-13376] [MainThread] [parse_query_plan] [DEBUG] parse_query_plan.py[line:132] ['Hash Join']
2022-12-02 20:49:11 [P-13376] [MainThread] [parse_query_plan] [DEBUG] parse_query_plan.py[line:149] _do_HashJoin
2022-12-02 20:49:11 [P-13376] [MainThread] [parse_query_plan] [DEBUG] parse_query_plan.py[line:126] Seq Scan on movie_companies mc  (cost=0.00..55518.57 rows=2065957 width=8) (actual time=0.320..349.466 rows=1652765 loops=3)
2022-12-02 20:49:11 [P-13376] [MainThread] [parse_query_plan] [DEBUG] parse_query_plan.py[line:132] ['Seq Scan', 'movie_companies mc']
2022-12-02 20:49:11 [P-13376] [MainThread] [parse_query_plan] [DEBUG] parse_query_plan.py[line:149] _do_SeqScan
2022-12-02 20:49:11 [P-13376] [MainThread] [parse_query_plan] [DEBUG] parse_query_plan.py[line:126] Hash  (cost=6509.10..6509.10 rows=57458 width=4) (actual time=82.624..82.625 rows=46313 loops=3)
2022-12-02 20:49:11 [P-13376] [MainThread] [parse_query_plan] [DEBUG] parse_query_plan.py[line:132] ['Hash']
2022-12-02 20:49:11 [P-13376] [MainThread] [parse_query_plan] [DEBUG] parse_query_plan.py[line:149] _do_Hash
2022-12-02 20:49:11 [P-13376] [MainThread] [parse_query_plan] [DEBUG] parse_query_plan.py[line:126] Seq Scan on company_name cn  (cost=0.00..6509.10 rows=57458 width=4) (actual time=0.856..67.876 rows=46313 loops=3)
2022-12-02 20:49:11 [P-13376] [MainThread] [parse_query_plan] [DEBUG] parse_query_plan.py[line:132] ['Seq Scan', 'company_name cn']
2022-12-02 20:49:11 [P-13376] [MainThread] [parse_query_plan] [DEBUG] parse_query_plan.py[line:149] _do_SeqScan
2022-12-02 20:49:11 [P-13376] [MainThread] [parse_query_plan] [DEBUG] parse_query_plan.py[line:126] Hash  (cost=941648.28..941648.28 rows=149004 width=12) (actual time=5516.677..5516.681 rows=172727 loops=3)
2022-12-02 20:49:11 [P-13376] [MainThread] [parse_query_plan] [DEBUG] parse_query_plan.py[line:132] ['Hash']
2022-12-02 20:49:11 [P-13376] [MainThread] [parse_query_plan] [DEBUG] parse_query_plan.py[line:149] _do_Hash
2022-12-02 20:49:11 [P-13376] [MainThread] [parse_query_plan] [DEBUG] parse_query_plan.py[line:126] Nested Loop  (cost=13.13..941648.28 rows=149004 width=12) (actual time=4236.061..5491.915 rows=172727 loops=3)
2022-12-02 20:49:11 [P-13376] [MainThread] [parse_query_plan] [DEBUG] parse_query_plan.py[line:132] ['Nested Loop']
2022-12-02 20:49:11 [P-13376] [MainThread] [parse_query_plan] [DEBUG] parse_query_plan.py[line:149] _do_NestedLoop
2022-12-02 20:49:11 [P-13376] [MainThread] [parse_query_plan] [DEBUG] parse_query_plan.py[line:126] Hash Join  (cost=12.69..779437.45 rows=149004 width=8) (actual time=4235.703..5405.018 rows=172727 loops=3)
2022-12-02 20:49:11 [P-13376] [MainThread] [parse_query_plan] [DEBUG] parse_query_plan.py[line:132] ['Hash Join']
2022-12-02 20:49:11 [P-13376] [MainThread] [parse_query_plan] [DEBUG] parse_query_plan.py[line:149] _do_HashJoin
2022-12-02 20:49:11 [P-13376] [MainThread] [parse_query_plan] [DEBUG] parse_query_plan.py[line:126] Seq Scan on cast_info ci  (cost=0.00..709583.65 rows=26448265 width=12) (actual time=0.480..3921.591 rows=21158612 loops=3)
2022-12-02 20:49:11 [P-13376] [MainThread] [parse_query_plan] [DEBUG] parse_query_plan.py[line:132] ['Seq Scan', 'cast_info ci']
2022-12-02 20:49:11 [P-13376] [MainThread] [parse_query_plan] [DEBUG] parse_query_plan.py[line:149] _do_SeqScan
2022-12-02 20:49:11 [P-13376] [MainThread] [parse_query_plan] [DEBUG] parse_query_plan.py[line:126] Hash  (cost=12.64..12.64 rows=4 width=4) (actual time=260.015..260.016 rows=1 loops=3)
2022-12-02 20:49:11 [P-13376] [MainThread] [parse_query_plan] [DEBUG] parse_query_plan.py[line:132] ['Hash']
2022-12-02 20:49:11 [P-13376] [MainThread] [parse_query_plan] [DEBUG] parse_query_plan.py[line:149] _do_Hash
2022-12-02 20:49:11 [P-13376] [MainThread] [parse_query_plan] [DEBUG] parse_query_plan.py[line:126] Bitmap Heap Scan on role_type rt  (cost=4.18..12.64 rows=4 width=4) (actual time=259.992..259.997 rows=1 loops=3)
2022-12-02 20:49:11 [P-13376] [MainThread] [parse_query_plan] [DEBUG] parse_query_plan.py[line:132] ['Bitmap Heap Scan', 'role_type rt']
2022-12-02 20:49:11 [P-13376] [MainThread] [parse_query_plan] [DEBUG] parse_query_plan.py[line:149] _do_BitMapHeapScan
2022-12-02 20:49:11 [P-13376] [MainThread] [parse_query_plan] [DEBUG] parse_query_plan.py[line:126] Bitmap Index Scan on role_type_role  (cost=0.00..4.18 rows=4 width=0) (actual time=0.012..0.013 rows=1 loops=3)
2022-12-02 20:49:11 [P-13376] [MainThread] [parse_query_plan] [DEBUG] parse_query_plan.py[line:132] ['Bitmap Index Scan', 'role_type_role']
2022-12-02 20:49:11 [P-13376] [MainThread] [parse_query_plan] [DEBUG] parse_query_plan.py[line:149] _do_BitMapIndexScan
2022-12-02 20:49:11 [P-13376] [MainThread] [parse_query_plan] [DEBUG] parse_query_plan.py[line:126] Memoize  (cost=0.44..1.36 rows=1 width=4) (actual time=0.000..0.000 rows=1 loops=518182)
2022-12-02 20:49:11 [P-13376] [MainThread] [parse_query_plan] [DEBUG] parse_query_plan.py[line:132] ['Memoize']
2022-12-02 20:49:11 [P-13376] [MainThread] [parse_query_plan] [DEBUG] parse_query_plan.py[line:149] _do_Memorize
2022-12-02 20:49:11 [P-13376] [MainThread] [parse_query_plan] [DEBUG] parse_query_plan.py[line:126] Index Only Scan using name_pkey on name n1  (cost=0.43..1.35 rows=1 width=4) (actual time=0.002..0.002 rows=1 loops=60798)
2022-12-02 20:49:11 [P-13376] [MainThread] [parse_query_plan] [DEBUG] parse_query_plan.py[line:132] ['Index Only Scan', 'name_pkey', 'name n1']
2022-12-02 20:49:11 [P-13376] [MainThread] [parse_query_plan] [DEBUG] parse_query_plan.py[line:149] _do_IndexOnlyScan
2022-12-02 20:49:11 [P-13376] [MainThread] [parse_query_plan] [DEBUG] parse_query_plan.py[line:126] Aggregate  (cost=136047.69..136047.70 rows=1 width=96) (actual time=1099.206..1103.074 rows=1 loops=1)
2022-12-02 20:49:11 [P-13376] [MainThread] [parse_query_plan] [DEBUG] parse_query_plan.py[line:132] ['Aggregate']
2022-12-02 20:49:11 [P-13376] [MainThread] [parse_query_plan] [DEBUG] parse_query_plan.py[line:149] _do_Aggregate
2022-12-02 20:49:11 [P-13376] [MainThread] [parse_query_plan] [DEBUG] parse_query_plan.py[line:126] Nested Loop  (cost=1002.87..136047.68 rows=1 width=48) (actual time=403.551..1102.847 rows=33 loops=1)
2022-12-02 20:49:11 [P-13376] [MainThread] [parse_query_plan] [DEBUG] parse_query_plan.py[line:132] ['Nested Loop']
2022-12-02 20:49:11 [P-13376] [MainThread] [parse_query_plan] [DEBUG] parse_query_plan.py[line:149] _do_NestedLoop
2022-12-02 20:49:11 [P-13376] [MainThread] [parse_query_plan] [DEBUG] parse_query_plan.py[line:126] Nested Loop  (cost=1002.44..136045.21 rows=1 width=40) (actual time=385.382..1090.337 rows=668 loops=1)
2022-12-02 20:49:11 [P-13376] [MainThread] [parse_query_plan] [DEBUG] parse_query_plan.py[line:132] ['Nested Loop']
2022-12-02 20:49:11 [P-13376] [MainThread] [parse_query_plan] [DEBUG] parse_query_plan.py[line:149] _do_NestedLoop
2022-12-02 20:49:11 [P-13376] [MainThread] [parse_query_plan] [DEBUG] parse_query_plan.py[line:126] Nested Loop  (cost=1002.02..136042.86 rows=1 width=44) (actual time=385.363..1079.447 rows=696 loops=1)
2022-12-02 20:49:11 [P-13376] [MainThread] [parse_query_plan] [DEBUG] parse_query_plan.py[line:132] ['Nested Loop']
2022-12-02 20:49:11 [P-13376] [MainThread] [parse_query_plan] [DEBUG] parse_query_plan.py[line:149] _do_NestedLoop
2022-12-02 20:49:11 [P-13376] [MainThread] [parse_query_plan] [DEBUG] parse_query_plan.py[line:126] Nested Loop  (cost=1001.59..136035.92 rows=1 width=36) (actual time=384.045..1031.768 rows=719 loops=1)
2022-12-02 20:49:11 [P-13376] [MainThread] [parse_query_plan] [DEBUG] parse_query_plan.py[line:132] ['Nested Loop']
2022-12-02 20:49:11 [P-13376] [MainThread] [parse_query_plan] [DEBUG] parse_query_plan.py[line:149] _do_NestedLoop
2022-12-02 20:49:11 [P-13376] [MainThread] [parse_query_plan] [DEBUG] parse_query_plan.py[line:126] Gather  (cost=1001.15..136033.43 rows=1 width=24) (actual time=383.679..952.859 rows=803 loops=1)
2022-12-02 20:49:11 [P-13376] [MainThread] [parse_query_plan] [DEBUG] parse_query_plan.py[line:132] ['Gather']
2022-12-02 20:49:11 [P-13376] [MainThread] [parse_query_plan] [DEBUG] parse_query_plan.py[line:149] _do_Gather
2022-12-02 20:49:11 [P-13376] [MainThread] [parse_query_plan] [DEBUG] parse_query_plan.py[line:126] Nested Loop  (cost=1.15..135033.33 rows=1 width=24) (actual time=353.621..1017.854 rows=268 loops=3)
2022-12-02 20:49:11 [P-13376] [MainThread] [parse_query_plan] [DEBUG] parse_query_plan.py[line:132] ['Nested Loop']
2022-12-02 20:49:11 [P-13376] [MainThread] [parse_query_plan] [DEBUG] parse_query_plan.py[line:149] _do_NestedLoop
2022-12-02 20:49:11 [P-13376] [MainThread] [parse_query_plan] [DEBUG] parse_query_plan.py[line:126] Nested Loop  (cost=0.99..135021.87 rows=41 width=28) (actual time=353.498..1017.526 rows=268 loops=3)
2022-12-02 20:49:11 [P-13376] [MainThread] [parse_query_plan] [DEBUG] parse_query_plan.py[line:132] ['Nested Loop']
2022-12-02 20:49:11 [P-13376] [MainThread] [parse_query_plan] [DEBUG] parse_query_plan.py[line:149] _do_NestedLoop
2022-12-02 20:49:11 [P-13376] [MainThread] [parse_query_plan] [DEBUG] parse_query_plan.py[line:126] Nested Loop  (cost=0.43..125903.35 rows=13 width=24) (actual time=340.832..857.371 rows=826 loops=3)
2022-12-02 20:49:11 [P-13376] [MainThread] [parse_query_plan] [DEBUG] parse_query_plan.py[line:132] ['Nested Loop']
2022-12-02 20:49:11 [P-13376] [MainThread] [parse_query_plan] [DEBUG] parse_query_plan.py[line:149] _do_NestedLoop
2022-12-02 20:49:11 [P-13376] [MainThread] [parse_query_plan] [DEBUG] parse_query_plan.py[line:126] Seq Scan on name n  (cost=0.00..125138.38 rows=62 width=4) (actual time=339.802..838.734 rows=3511 loops=3)
2022-12-02 20:49:11 [P-13376] [MainThread] [parse_query_plan] [DEBUG] parse_query_plan.py[line:132] ['Seq Scan', 'name n']
2022-12-02 20:49:11 [P-13376] [MainThread] [parse_query_plan] [DEBUG] parse_query_plan.py[line:149] _do_SeqScan
2022-12-02 20:49:11 [P-13376] [MainThread] [parse_query_plan] [DEBUG] parse_query_plan.py[line:126] Index Scan using aka_name_idx_person on aka_name an  (cost=0.43..12.32 rows=2 width=20) (actual time=0.004..0.005 rows=0 loops=10533)
2022-12-02 20:49:11 [P-13376] [MainThread] [parse_query_plan] [DEBUG] parse_query_plan.py[line:132] ['Index Scan', 'aka_name_idx_person', 'aka_name an']
2022-12-02 20:49:11 [P-13376] [MainThread] [parse_query_plan] [DEBUG] parse_query_plan.py[line:149] _do_IndexScan
2022-12-02 20:49:11 [P-13376] [MainThread] [parse_query_plan] [DEBUG] parse_query_plan.py[line:126] Index Scan using cast_info_idx_pid on cast_info ci  (cost=0.56..701.10 rows=26 width=16) (actual time=0.186..0.193 rows=0 loops=2477)
2022-12-02 20:49:11 [P-13376] [MainThread] [parse_query_plan] [DEBUG] parse_query_plan.py[line:132] ['Index Scan', 'cast_info_idx_pid', 'cast_info ci']
2022-12-02 20:49:11 [P-13376] [MainThread] [parse_query_plan] [DEBUG] parse_query_plan.py[line:149] _do_IndexScan
2022-12-02 20:49:11 [P-13376] [MainThread] [parse_query_plan] [DEBUG] parse_query_plan.py[line:183] <re.Match object; span=(0, 110), match='note = ANY (\'{(voice),"(voice: Japanese version)>
2022-12-02 20:49:11 [P-13376] [MainThread] [parse_query_plan] [DEBUG] parse_query_plan.py[line:126] Memoize  (cost=0.16..0.98 rows=1 width=4) (actual time=0.001..0.001 rows=1 loops=803)
2022-12-02 20:49:11 [P-13376] [MainThread] [parse_query_plan] [DEBUG] parse_query_plan.py[line:132] ['Memoize']
2022-12-02 20:49:11 [P-13376] [MainThread] [parse_query_plan] [DEBUG] parse_query_plan.py[line:149] _do_Memorize
2022-12-02 20:49:11 [P-13376] [MainThread] [parse_query_plan] [DEBUG] parse_query_plan.py[line:126] Index Scan using role_type_pkey on role_type rt  (cost=0.15..0.97 rows=1 width=4) (actual time=0.110..0.110 rows=1 loops=3)
2022-12-02 20:49:11 [P-13376] [MainThread] [parse_query_plan] [DEBUG] parse_query_plan.py[line:132] ['Index Scan', 'role_type_pkey', 'role_type rt']
2022-12-02 20:49:11 [P-13376] [MainThread] [parse_query_plan] [DEBUG] parse_query_plan.py[line:149] _do_IndexScan
2022-12-02 20:49:11 [P-13376] [MainThread] [parse_query_plan] [DEBUG] parse_query_plan.py[line:126] Index Scan using char_name_pkey on char_name chn  (cost=0.43..2.50 rows=1 width=20) (actual time=0.098..0.098 rows=1 loops=803)
2022-12-02 20:49:11 [P-13376] [MainThread] [parse_query_plan] [DEBUG] parse_query_plan.py[line:132] ['Index Scan', 'char_name_pkey', 'char_name chn']
2022-12-02 20:49:11 [P-13376] [MainThread] [parse_query_plan] [DEBUG] parse_query_plan.py[line:149] _do_IndexScan
2022-12-02 20:49:11 [P-13376] [MainThread] [parse_query_plan] [DEBUG] parse_query_plan.py[line:126] Index Scan using movie_companies_idx_mid on movie_companies mc  (cost=0.43..6.93 rows=1 width=8) (actual time=0.063..0.066 rows=1 loops=719)
2022-12-02 20:49:11 [P-13376] [MainThread] [parse_query_plan] [DEBUG] parse_query_plan.py[line:132] ['Index Scan', 'movie_companies_idx_mid', 'movie_companies mc']
2022-12-02 20:49:11 [P-13376] [MainThread] [parse_query_plan] [DEBUG] parse_query_plan.py[line:149] _do_IndexScan
2022-12-02 20:49:11 [P-13376] [MainThread] [parse_query_plan] [DEBUG] parse_query_plan.py[line:126] Index Scan using company_name_pkey on company_name cn  (cost=0.42..2.35 rows=1 width=4) (actual time=0.015..0.015 rows=1 loops=696)
2022-12-02 20:49:11 [P-13376] [MainThread] [parse_query_plan] [DEBUG] parse_query_plan.py[line:132] ['Index Scan', 'company_name_pkey', 'company_name cn']
2022-12-02 20:49:11 [P-13376] [MainThread] [parse_query_plan] [DEBUG] parse_query_plan.py[line:149] _do_IndexScan
2022-12-02 20:49:11 [P-13376] [MainThread] [parse_query_plan] [DEBUG] parse_query_plan.py[line:126] Index Scan using title_pkey on title t  (cost=0.43..2.47 rows=1 width=20) (actual time=0.018..0.018 rows=0 loops=668)
2022-12-02 20:49:11 [P-13376] [MainThread] [parse_query_plan] [DEBUG] parse_query_plan.py[line:132] ['Index Scan', 'title_pkey', 'title t']
2022-12-02 20:49:11 [P-13376] [MainThread] [parse_query_plan] [DEBUG] parse_query_plan.py[line:149] _do_IndexScan
2022-12-02 20:49:11 [P-13376] [MainThread] [parse_query_plan] [DEBUG] parse_query_plan.py[line:126] Aggregate  (cost=136015.58..136015.59 rows=1 width=128) (actual time=241.556..246.004 rows=1 loops=1)
2022-12-02 20:49:11 [P-13376] [MainThread] [parse_query_plan] [DEBUG] parse_query_plan.py[line:132] ['Aggregate']
2022-12-02 20:49:11 [P-13376] [MainThread] [parse_query_plan] [DEBUG] parse_query_plan.py[line:149] _do_Aggregate
2022-12-02 20:49:11 [P-13376] [MainThread] [parse_query_plan] [DEBUG] parse_query_plan.py[line:126] Nested Loop  (cost=1002.87..136015.57 rows=1 width=63) (actual time=127.330..245.956 rows=18 loops=1)
2022-12-02 20:49:11 [P-13376] [MainThread] [parse_query_plan] [DEBUG] parse_query_plan.py[line:132] ['Nested Loop']
2022-12-02 20:49:11 [P-13376] [MainThread] [parse_query_plan] [DEBUG] parse_query_plan.py[line:149] _do_NestedLoop
2022-12-02 20:49:11 [P-13376] [MainThread] [parse_query_plan] [DEBUG] parse_query_plan.py[line:126] Nested Loop  (cost=1002.44..136013.09 rows=1 width=55) (actual time=119.788..245.746 rows=168 loops=1)
2022-12-02 20:49:11 [P-13376] [MainThread] [parse_query_plan] [DEBUG] parse_query_plan.py[line:132] ['Nested Loop']
2022-12-02 20:49:11 [P-13376] [MainThread] [parse_query_plan] [DEBUG] parse_query_plan.py[line:149] _do_NestedLoop
2022-12-02 20:49:11 [P-13376] [MainThread] [parse_query_plan] [DEBUG] parse_query_plan.py[line:126] Nested Loop  (cost=1002.02..136010.67 rows=1 width=59) (actual time=119.774..245.448 rows=173 loops=1)
2022-12-02 20:49:11 [P-13376] [MainThread] [parse_query_plan] [DEBUG] parse_query_plan.py[line:132] ['Nested Loop']
2022-12-02 20:49:11 [P-13376] [MainThread] [parse_query_plan] [DEBUG] parse_query_plan.py[line:149] _do_NestedLoop
2022-12-02 20:49:11 [P-13376] [MainThread] [parse_query_plan] [DEBUG] parse_query_plan.py[line:126] Nested Loop  (cost=1001.59..136003.70 rows=1 width=51) (actual time=116.501..243.950 rows=485 loops=1)
2022-12-02 20:49:11 [P-13376] [MainThread] [parse_query_plan] [DEBUG] parse_query_plan.py[line:132] ['Nested Loop']
2022-12-02 20:49:11 [P-13376] [MainThread] [parse_query_plan] [DEBUG] parse_query_plan.py[line:149] _do_NestedLoop
2022-12-02 20:49:11 [P-13376] [MainThread] [parse_query_plan] [DEBUG] parse_query_plan.py[line:126] Gather  (cost=1001.15..136001.19 rows=1 width=39) (actual time=116.490..242.984 rows=559 loops=1)
2022-12-02 20:49:11 [P-13376] [MainThread] [parse_query_plan] [DEBUG] parse_query_plan.py[line:132] ['Gather']
2022-12-02 20:49:11 [P-13376] [MainThread] [parse_query_plan] [DEBUG] parse_query_plan.py[line:149] _do_Gather
2022-12-02 20:49:11 [P-13376] [MainThread] [parse_query_plan] [DEBUG] parse_query_plan.py[line:126] Nested Loop  (cost=1.15..135001.09 rows=1 width=39) (actual time=99.969..223.402 rows=186 loops=3)
2022-12-02 20:49:11 [P-13376] [MainThread] [parse_query_plan] [DEBUG] parse_query_plan.py[line:132] ['Nested Loop']
2022-12-02 20:49:11 [P-13376] [MainThread] [parse_query_plan] [DEBUG] parse_query_plan.py[line:149] _do_NestedLoop
2022-12-02 20:49:11 [P-13376] [MainThread] [parse_query_plan] [DEBUG] parse_query_plan.py[line:126] Nested Loop  (cost=0.99..134989.89 rows=33 width=43) (actual time=99.941..223.317 rows=186 loops=3)
2022-12-02 20:49:11 [P-13376] [MainThread] [parse_query_plan] [DEBUG] parse_query_plan.py[line:132] ['Nested Loop']
2022-12-02 20:49:11 [P-13376] [MainThread] [parse_query_plan] [DEBUG] parse_query_plan.py[line:149] _do_NestedLoop
2022-12-02 20:49:11 [P-13376] [MainThread] [parse_query_plan] [DEBUG] parse_query_plan.py[line:126] Nested Loop  (cost=0.43..125903.35 rows=13 width=39) (actual time=97.610..218.013 rows=671 loops=3)
2022-12-02 20:49:11 [P-13376] [MainThread] [parse_query_plan] [DEBUG] parse_query_plan.py[line:132] ['Nested Loop']
2022-12-02 20:49:11 [P-13376] [MainThread] [parse_query_plan] [DEBUG] parse_query_plan.py[line:149] _do_NestedLoop
2022-12-02 20:49:11 [P-13376] [MainThread] [parse_query_plan] [DEBUG] parse_query_plan.py[line:126] Seq Scan on name n  (cost=0.00..125138.38 rows=62 width=19) (actual time=97.409..213.555 rows=2802 loops=3)
2022-12-02 20:49:11 [P-13376] [MainThread] [parse_query_plan] [DEBUG] parse_query_plan.py[line:132] ['Seq Scan', 'name n']
2022-12-02 20:49:11 [P-13376] [MainThread] [parse_query_plan] [DEBUG] parse_query_plan.py[line:149] _do_SeqScan
2022-12-02 20:49:11 [P-13376] [MainThread] [parse_query_plan] [DEBUG] parse_query_plan.py[line:126] Index Scan using aka_name_idx_person on aka_name an  (cost=0.43..12.32 rows=2 width=20) (actual time=0.001..0.001 rows=0 loops=8405)
2022-12-02 20:49:11 [P-13376] [MainThread] [parse_query_plan] [DEBUG] parse_query_plan.py[line:132] ['Index Scan', 'aka_name_idx_person', 'aka_name an']
2022-12-02 20:49:11 [P-13376] [MainThread] [parse_query_plan] [DEBUG] parse_query_plan.py[line:149] _do_IndexScan
2022-12-02 20:49:11 [P-13376] [MainThread] [parse_query_plan] [DEBUG] parse_query_plan.py[line:126] Index Scan using cast_info_idx_pid on cast_info ci  (cost=0.56..698.70 rows=21 width=16) (actual time=0.007..0.008 rows=0 loops=2013)
2022-12-02 20:49:11 [P-13376] [MainThread] [parse_query_plan] [DEBUG] parse_query_plan.py[line:132] ['Index Scan', 'cast_info_idx_pid', 'cast_info ci']
2022-12-02 20:49:11 [P-13376] [MainThread] [parse_query_plan] [DEBUG] parse_query_plan.py[line:149] _do_IndexScan
2022-12-02 20:49:11 [P-13376] [MainThread] [parse_query_plan] [DEBUG] parse_query_plan.py[line:126] Memoize  (cost=0.16..0.98 rows=1 width=4) (actual time=0.000..0.000 rows=1 loops=559)
2022-12-02 20:49:11 [P-13376] [MainThread] [parse_query_plan] [DEBUG] parse_query_plan.py[line:132] ['Memoize']
2022-12-02 20:49:11 [P-13376] [MainThread] [parse_query_plan] [DEBUG] parse_query_plan.py[line:149] _do_Memorize
2022-12-02 20:49:11 [P-13376] [MainThread] [parse_query_plan] [DEBUG] parse_query_plan.py[line:126] Index Scan using role_type_pkey on role_type rt  (cost=0.15..0.97 rows=1 width=4) (actual time=0.016..0.016 rows=1 loops=3)
2022-12-02 20:49:11 [P-13376] [MainThread] [parse_query_plan] [DEBUG] parse_query_plan.py[line:132] ['Index Scan', 'role_type_pkey', 'role_type rt']
2022-12-02 20:49:11 [P-13376] [MainThread] [parse_query_plan] [DEBUG] parse_query_plan.py[line:149] _do_IndexScan
2022-12-02 20:49:11 [P-13376] [MainThread] [parse_query_plan] [DEBUG] parse_query_plan.py[line:126] Index Scan using char_name_pkey on char_name chn  (cost=0.43..2.51 rows=1 width=20) (actual time=0.001..0.001 rows=1 loops=559)
2022-12-02 20:49:11 [P-13376] [MainThread] [parse_query_plan] [DEBUG] parse_query_plan.py[line:132] ['Index Scan', 'char_name_pkey', 'char_name chn']
2022-12-02 20:49:11 [P-13376] [MainThread] [parse_query_plan] [DEBUG] parse_query_plan.py[line:149] _do_IndexScan
2022-12-02 20:49:11 [P-13376] [MainThread] [parse_query_plan] [DEBUG] parse_query_plan.py[line:126] Index Scan using movie_companies_idx_mid on movie_companies mc  (cost=0.43..6.96 rows=1 width=8) (actual time=0.002..0.003 rows=0 loops=485)
2022-12-02 20:49:11 [P-13376] [MainThread] [parse_query_plan] [DEBUG] parse_query_plan.py[line:132] ['Index Scan', 'movie_companies_idx_mid', 'movie_companies mc']
2022-12-02 20:49:11 [P-13376] [MainThread] [parse_query_plan] [DEBUG] parse_query_plan.py[line:149] _do_IndexScan
2022-12-02 20:49:11 [P-13376] [MainThread] [parse_query_plan] [DEBUG] parse_query_plan.py[line:126] Index Scan using company_name_pkey on company_name cn  (cost=0.42..2.42 rows=1 width=4) (actual time=0.001..0.001 rows=1 loops=173)
2022-12-02 20:49:11 [P-13376] [MainThread] [parse_query_plan] [DEBUG] parse_query_plan.py[line:132] ['Index Scan', 'company_name_pkey', 'company_name cn']
2022-12-02 20:49:11 [P-13376] [MainThread] [parse_query_plan] [DEBUG] parse_query_plan.py[line:149] _do_IndexScan
2022-12-02 20:49:11 [P-13376] [MainThread] [parse_query_plan] [DEBUG] parse_query_plan.py[line:126] Index Scan using title_pkey on title t  (cost=0.43..2.48 rows=1 width=20) (actual time=0.001..0.001 rows=0 loops=168)
2022-12-02 20:49:11 [P-13376] [MainThread] [parse_query_plan] [DEBUG] parse_query_plan.py[line:132] ['Index Scan', 'title_pkey', 'title t']
2022-12-02 20:49:11 [P-13376] [MainThread] [parse_query_plan] [DEBUG] parse_query_plan.py[line:149] _do_IndexScan
2022-12-02 20:49:11 [P-13376] [MainThread] [parse_query_plan] [DEBUG] parse_query_plan.py[line:126] Finalize Aggregate  (cost=855315.83..855315.84 rows=1 width=128) (actual time=5379.857..5396.147 rows=1 loops=1)
2022-12-02 20:49:11 [P-13376] [MainThread] [parse_query_plan] [DEBUG] parse_query_plan.py[line:132] ['Finalize Aggregate']
2022-12-02 20:49:11 [P-13376] [MainThread] [parse_query_plan] [DEBUG] parse_query_plan.py[line:149] _do_FinalizeAggregate
2022-12-02 20:49:11 [P-13376] [MainThread] [parse_query_plan] [DEBUG] parse_query_plan.py[line:126] Gather  (cost=855315.60..855315.81 rows=2 width=128) (actual time=5374.893..5396.112 rows=3 loops=1)
2022-12-02 20:49:11 [P-13376] [MainThread] [parse_query_plan] [DEBUG] parse_query_plan.py[line:132] ['Gather']
2022-12-02 20:49:11 [P-13376] [MainThread] [parse_query_plan] [DEBUG] parse_query_plan.py[line:149] _do_Gather
2022-12-02 20:49:11 [P-13376] [MainThread] [parse_query_plan] [DEBUG] parse_query_plan.py[line:126] Partial Aggregate  (cost=854315.60..854315.61 rows=1 width=128) (actual time=5360.273..5360.556 rows=1 loops=3)
2022-12-02 20:49:11 [P-13376] [MainThread] [parse_query_plan] [DEBUG] parse_query_plan.py[line:132] ['Partial Aggregate']
2022-12-02 20:49:11 [P-13376] [MainThread] [parse_query_plan] [DEBUG] parse_query_plan.py[line:149] _do_PartialAggregate
2022-12-02 20:49:11 [P-13376] [MainThread] [parse_query_plan] [DEBUG] parse_query_plan.py[line:126] Nested Loop  (cost=15.27..854315.36 rows=24 width=63) (actual time=1596.654..5359.043 rows=4822 loops=3)
2022-12-02 20:49:11 [P-13376] [MainThread] [parse_query_plan] [DEBUG] parse_query_plan.py[line:132] ['Nested Loop']
2022-12-02 20:49:11 [P-13376] [MainThread] [parse_query_plan] [DEBUG] parse_query_plan.py[line:149] _do_NestedLoop
2022-12-02 20:49:11 [P-13376] [MainThread] [parse_query_plan] [DEBUG] parse_query_plan.py[line:126] Nested Loop  (cost=14.84..854281.76 rows=10 width=55) (actual time=1595.002..5354.166 rows=1952 loops=3)
2022-12-02 20:49:11 [P-13376] [MainThread] [parse_query_plan] [DEBUG] parse_query_plan.py[line:132] ['Nested Loop']
2022-12-02 20:49:11 [P-13376] [MainThread] [parse_query_plan] [DEBUG] parse_query_plan.py[line:149] _do_NestedLoop
2022-12-02 20:49:11 [P-13376] [MainThread] [parse_query_plan] [DEBUG] parse_query_plan.py[line:126] Nested Loop  (cost=14.41..854257.41 rows=10 width=47) (actual time=1564.267..5312.109 rows=3667 loops=3)
2022-12-02 20:49:11 [P-13376] [MainThread] [parse_query_plan] [DEBUG] parse_query_plan.py[line:132] ['Nested Loop']
2022-12-02 20:49:11 [P-13376] [MainThread] [parse_query_plan] [DEBUG] parse_query_plan.py[line:149] _do_NestedLoop
2022-12-02 20:49:11 [P-13376] [MainThread] [parse_query_plan] [DEBUG] parse_query_plan.py[line:126] Nested Loop  (cost=13.99..854196.94 rows=26 width=51) (actual time=1562.832..5186.569 rows=10636 loops=3)
2022-12-02 20:49:11 [P-13376] [MainThread] [parse_query_plan] [DEBUG] parse_query_plan.py[line:132] ['Nested Loop']
2022-12-02 20:49:11 [P-13376] [MainThread] [parse_query_plan] [DEBUG] parse_query_plan.py[line:149] _do_NestedLoop
2022-12-02 20:49:11 [P-13376] [MainThread] [parse_query_plan] [DEBUG] parse_query_plan.py[line:126] Nested Loop  (cost=13.56..854127.31 rows=10 width=43) (actual time=1562.395..4932.489 rows=4044 loops=3)
2022-12-02 20:49:11 [P-13376] [MainThread] [parse_query_plan] [DEBUG] parse_query_plan.py[line:132] ['Nested Loop']
2022-12-02 20:49:11 [P-13376] [MainThread] [parse_query_plan] [DEBUG] parse_query_plan.py[line:149] _do_NestedLoop
2022-12-02 20:49:11 [P-13376] [MainThread] [parse_query_plan] [DEBUG] parse_query_plan.py[line:126] Nested Loop  (cost=13.12..854079.91 rows=19 width=31) (actual time=1562.086..4664.465 rows=4605 loops=3)
2022-12-02 20:49:11 [P-13376] [MainThread] [parse_query_plan] [DEBUG] parse_query_plan.py[line:132] ['Nested Loop']
2022-12-02 20:49:11 [P-13376] [MainThread] [parse_query_plan] [DEBUG] parse_query_plan.py[line:149] _do_NestedLoop
2022-12-02 20:49:11 [P-13376] [MainThread] [parse_query_plan] [DEBUG] parse_query_plan.py[line:126] Hash Join  (cost=12.69..843714.07 rows=4003 width=12) (actual time=1556.627..4302.187 rows=177765 loops=3)
2022-12-02 20:49:11 [P-13376] [MainThread] [parse_query_plan] [DEBUG] parse_query_plan.py[line:132] ['Hash Join']
2022-12-02 20:49:11 [P-13376] [MainThread] [parse_query_plan] [DEBUG] parse_query_plan.py[line:149] _do_HashJoin
2022-12-02 20:49:11 [P-13376] [MainThread] [parse_query_plan] [DEBUG] parse_query_plan.py[line:126] Seq Scan on cast_info ci  (cost=0.00..841824.97 rows=710577 width=16) (actual time=286.059..4245.953 rows=531113 loops=3)
2022-12-02 20:49:11 [P-13376] [MainThread] [parse_query_plan] [DEBUG] parse_query_plan.py[line:132] ['Seq Scan', 'cast_info ci']
2022-12-02 20:49:11 [P-13376] [MainThread] [parse_query_plan] [DEBUG] parse_query_plan.py[line:149] _do_SeqScan
2022-12-02 20:49:11 [P-13376] [MainThread] [parse_query_plan] [DEBUG] parse_query_plan.py[line:207] <re.Match object; span=(0, 111), match='(note = ANY (\'{(voice),"(voice: Japanese version>
2022-12-02 20:49:11 [P-13376] [MainThread] [parse_query_plan] [DEBUG] parse_query_plan.py[line:126] Hash  (cost=12.64..12.64 rows=4 width=4) (actual time=0.139..0.162 rows=1 loops=3)
2022-12-02 20:49:11 [P-13376] [MainThread] [parse_query_plan] [DEBUG] parse_query_plan.py[line:132] ['Hash']
2022-12-02 20:49:11 [P-13376] [MainThread] [parse_query_plan] [DEBUG] parse_query_plan.py[line:149] _do_Hash
2022-12-02 20:49:11 [P-13376] [MainThread] [parse_query_plan] [DEBUG] parse_query_plan.py[line:126] Bitmap Heap Scan on role_type rt  (cost=4.18..12.64 rows=4 width=4) (actual time=0.132..0.133 rows=1 loops=3)
2022-12-02 20:49:11 [P-13376] [MainThread] [parse_query_plan] [DEBUG] parse_query_plan.py[line:132] ['Bitmap Heap Scan', 'role_type rt']
2022-12-02 20:49:11 [P-13376] [MainThread] [parse_query_plan] [DEBUG] parse_query_plan.py[line:149] _do_BitMapHeapScan
2022-12-02 20:49:11 [P-13376] [MainThread] [parse_query_plan] [DEBUG] parse_query_plan.py[line:126] Bitmap Index Scan on role_type_role  (cost=0.00..4.18 rows=4 width=0) (actual time=0.116..0.117 rows=1 loops=3)
2022-12-02 20:49:11 [P-13376] [MainThread] [parse_query_plan] [DEBUG] parse_query_plan.py[line:132] ['Bitmap Index Scan', 'role_type_role']
2022-12-02 20:49:11 [P-13376] [MainThread] [parse_query_plan] [DEBUG] parse_query_plan.py[line:149] _do_BitMapIndexScan
2022-12-02 20:49:11 [P-13376] [MainThread] [parse_query_plan] [DEBUG] parse_query_plan.py[line:126] Index Scan using name_pkey on name n  (cost=0.43..2.59 rows=1 width=19) (actual time=0.002..0.002 rows=0 loops=533295)
2022-12-02 20:49:11 [P-13376] [MainThread] [parse_query_plan] [DEBUG] parse_query_plan.py[line:132] ['Index Scan', 'name_pkey', 'name n']
2022-12-02 20:49:11 [P-13376] [MainThread] [parse_query_plan] [DEBUG] parse_query_plan.py[line:149] _do_IndexScan
2022-12-02 20:49:11 [P-13376] [MainThread] [parse_query_plan] [DEBUG] parse_query_plan.py[line:126] Index Scan using char_name_pkey on char_name chn  (cost=0.43..2.50 rows=1 width=20) (actual time=0.058..0.058 rows=1 loops=13814)
2022-12-02 20:49:11 [P-13376] [MainThread] [parse_query_plan] [DEBUG] parse_query_plan.py[line:132] ['Index Scan', 'char_name_pkey', 'char_name chn']
2022-12-02 20:49:11 [P-13376] [MainThread] [parse_query_plan] [DEBUG] parse_query_plan.py[line:149] _do_IndexScan
2022-12-02 20:49:11 [P-13376] [MainThread] [parse_query_plan] [DEBUG] parse_query_plan.py[line:126] Index Scan using movie_companies_idx_mid on movie_companies mc  (cost=0.43..6.90 rows=6 width=8) (actual time=0.052..0.062 rows=3 loops=12131)
2022-12-02 20:49:11 [P-13376] [MainThread] [parse_query_plan] [DEBUG] parse_query_plan.py[line:132] ['Index Scan', 'movie_companies_idx_mid', 'movie_companies mc']
2022-12-02 20:49:11 [P-13376] [MainThread] [parse_query_plan] [DEBUG] parse_query_plan.py[line:149] _do_IndexScan
2022-12-02 20:49:11 [P-13376] [MainThread] [parse_query_plan] [DEBUG] parse_query_plan.py[line:126] Index Scan using company_name_pkey on company_name cn  (cost=0.42..2.33 rows=1 width=4) (actual time=0.011..0.011 rows=0 loops=31908)
2022-12-02 20:49:11 [P-13376] [MainThread] [parse_query_plan] [DEBUG] parse_query_plan.py[line:132] ['Index Scan', 'company_name_pkey', 'company_name cn']
2022-12-02 20:49:11 [P-13376] [MainThread] [parse_query_plan] [DEBUG] parse_query_plan.py[line:149] _do_IndexScan
2022-12-02 20:49:11 [P-13376] [MainThread] [parse_query_plan] [DEBUG] parse_query_plan.py[line:126] Index Scan using title_pkey on title t  (cost=0.43..2.42 rows=1 width=20) (actual time=0.011..0.011 rows=1 loops=11002)
2022-12-02 20:49:11 [P-13376] [MainThread] [parse_query_plan] [DEBUG] parse_query_plan.py[line:132] ['Index Scan', 'title_pkey', 'title t']
2022-12-02 20:49:11 [P-13376] [MainThread] [parse_query_plan] [DEBUG] parse_query_plan.py[line:149] _do_IndexScan
2022-12-02 20:49:11 [P-13376] [MainThread] [parse_query_plan] [DEBUG] parse_query_plan.py[line:126] Index Scan using aka_name_idx_person on aka_name an  (cost=0.43..3.33 rows=2 width=20) (actual time=0.002..0.002 rows=2 loops=5856)
2022-12-02 20:49:11 [P-13376] [MainThread] [parse_query_plan] [DEBUG] parse_query_plan.py[line:132] ['Index Scan', 'aka_name_idx_person', 'aka_name an']
2022-12-02 20:49:11 [P-13376] [MainThread] [parse_query_plan] [DEBUG] parse_query_plan.py[line:149] _do_IndexScan
2022-12-02 20:49:11 [P-13376] [MainThread] [parse_query_plan] [DEBUG] parse_query_plan.py[line:126] Finalize Aggregate  (cost=866461.79..866461.80 rows=1 width=128) (actual time=9281.265..9308.408 rows=1 loops=1)
2022-12-02 20:49:11 [P-13376] [MainThread] [parse_query_plan] [DEBUG] parse_query_plan.py[line:132] ['Finalize Aggregate']
2022-12-02 20:49:11 [P-13376] [MainThread] [parse_query_plan] [DEBUG] parse_query_plan.py[line:149] _do_FinalizeAggregate
2022-12-02 20:49:11 [P-13376] [MainThread] [parse_query_plan] [DEBUG] parse_query_plan.py[line:126] Gather  (cost=866461.56..866461.77 rows=2 width=128) (actual time=9280.988..9308.381 rows=3 loops=1)
2022-12-02 20:49:11 [P-13376] [MainThread] [parse_query_plan] [DEBUG] parse_query_plan.py[line:132] ['Gather']
2022-12-02 20:49:11 [P-13376] [MainThread] [parse_query_plan] [DEBUG] parse_query_plan.py[line:149] _do_Gather
2022-12-02 20:49:11 [P-13376] [MainThread] [parse_query_plan] [DEBUG] parse_query_plan.py[line:126] Partial Aggregate  (cost=865461.56..865461.57 rows=1 width=128) (actual time=9240.820..9240.827 rows=1 loops=3)
2022-12-02 20:49:11 [P-13376] [MainThread] [parse_query_plan] [DEBUG] parse_query_plan.py[line:132] ['Partial Aggregate']
2022-12-02 20:49:11 [P-13376] [MainThread] [parse_query_plan] [DEBUG] parse_query_plan.py[line:149] _do_PartialAggregate
2022-12-02 20:49:11 [P-13376] [MainThread] [parse_query_plan] [DEBUG] parse_query_plan.py[line:126] Nested Loop  (cost=15.27..865449.74 rows=1182 width=63) (actual time=1453.116..9142.809 rows=401289 loops=3)
2022-12-02 20:49:11 [P-13376] [MainThread] [parse_query_plan] [DEBUG] parse_query_plan.py[line:132] ['Nested Loop']
2022-12-02 20:49:11 [P-13376] [MainThread] [parse_query_plan] [DEBUG] parse_query_plan.py[line:149] _do_NestedLoop
2022-12-02 20:49:11 [P-13376] [MainThread] [parse_query_plan] [DEBUG] parse_query_plan.py[line:126] Nested Loop  (cost=14.84..863821.58 rows=485 width=55) (actual time=1447.991..8746.404 rows=94552 loops=3)
2022-12-02 20:49:11 [P-13376] [MainThread] [parse_query_plan] [DEBUG] parse_query_plan.py[line:132] ['Nested Loop']
2022-12-02 20:49:11 [P-13376] [MainThread] [parse_query_plan] [DEBUG] parse_query_plan.py[line:149] _do_NestedLoop
2022-12-02 20:49:11 [P-13376] [MainThread] [parse_query_plan] [DEBUG] parse_query_plan.py[line:126] Nested Loop  (cost=14.42..860858.53 rows=1274 width=59) (actual time=1447.071..8312.382 rows=234645 loops=3)
2022-12-02 20:49:11 [P-13376] [MainThread] [parse_query_plan] [DEBUG] parse_query_plan.py[line:132] ['Nested Loop']
2022-12-02 20:49:11 [P-13376] [MainThread] [parse_query_plan] [DEBUG] parse_query_plan.py[line:149] _do_NestedLoop
2022-12-02 20:49:11 [P-13376] [MainThread] [parse_query_plan] [DEBUG] parse_query_plan.py[line:126] Nested Loop  (cost=13.99..857583.04 rows=471 width=63) (actual time=1446.564..7497.191 rows=133851 loops=3)
2022-12-02 20:49:11 [P-13376] [MainThread] [parse_query_plan] [DEBUG] parse_query_plan.py[line:132] ['Nested Loop']
2022-12-02 20:49:11 [P-13376] [MainThread] [parse_query_plan] [DEBUG] parse_query_plan.py[line:149] _do_NestedLoop
2022-12-02 20:49:11 [P-13376] [MainThread] [parse_query_plan] [DEBUG] parse_query_plan.py[line:126] Nested Loop  (cost=13.56..856422.72 rows=471 width=43) (actual time=1445.533..6350.060 rows=164431 loops=3)
2022-12-02 20:49:11 [P-13376] [MainThread] [parse_query_plan] [DEBUG] parse_query_plan.py[line:132] ['Nested Loop']
2022-12-02 20:49:11 [P-13376] [MainThread] [parse_query_plan] [DEBUG] parse_query_plan.py[line:149] _do_NestedLoop
2022-12-02 20:49:11 [P-13376] [MainThread] [parse_query_plan] [DEBUG] parse_query_plan.py[line:126] Nested Loop  (cost=13.12..854069.90 rows=943 width=31) (actual time=1444.861..4639.814 rows=177738 loops=3)
2022-12-02 20:49:11 [P-13376] [MainThread] [parse_query_plan] [DEBUG] parse_query_plan.py[line:132] ['Nested Loop']
2022-12-02 20:49:11 [P-13376] [MainThread] [parse_query_plan] [DEBUG] parse_query_plan.py[line:149] _do_NestedLoop
2022-12-02 20:49:11 [P-13376] [MainThread] [parse_query_plan] [DEBUG] parse_query_plan.py[line:126] Hash Join  (cost=12.69..843714.07 rows=4003 width=12) (actual time=1444.325..4232.948 rows=177765 loops=3)
2022-12-02 20:49:11 [P-13376] [MainThread] [parse_query_plan] [DEBUG] parse_query_plan.py[line:132] ['Hash Join']
2022-12-02 20:49:11 [P-13376] [MainThread] [parse_query_plan] [DEBUG] parse_query_plan.py[line:149] _do_HashJoin
2022-12-02 20:49:11 [P-13376] [MainThread] [parse_query_plan] [DEBUG] parse_query_plan.py[line:126] Seq Scan on cast_info ci  (cost=0.00..841824.97 rows=710577 width=16) (actual time=277.168..4170.916 rows=531113 loops=3)
2022-12-02 20:49:11 [P-13376] [MainThread] [parse_query_plan] [DEBUG] parse_query_plan.py[line:132] ['Seq Scan', 'cast_info ci']
2022-12-02 20:49:11 [P-13376] [MainThread] [parse_query_plan] [DEBUG] parse_query_plan.py[line:149] _do_SeqScan
2022-12-02 20:49:11 [P-13376] [MainThread] [parse_query_plan] [DEBUG] parse_query_plan.py[line:207] <re.Match object; span=(0, 111), match='(note = ANY (\'{(voice),"(voice: Japanese version>
2022-12-02 20:49:11 [P-13376] [MainThread] [parse_query_plan] [DEBUG] parse_query_plan.py[line:126] Hash  (cost=12.64..12.64 rows=4 width=4) (actual time=0.234..0.236 rows=1 loops=3)
2022-12-02 20:49:11 [P-13376] [MainThread] [parse_query_plan] [DEBUG] parse_query_plan.py[line:132] ['Hash']
2022-12-02 20:49:11 [P-13376] [MainThread] [parse_query_plan] [DEBUG] parse_query_plan.py[line:149] _do_Hash
2022-12-02 20:49:11 [P-13376] [MainThread] [parse_query_plan] [DEBUG] parse_query_plan.py[line:126] Bitmap Heap Scan on role_type rt  (cost=4.18..12.64 rows=4 width=4) (actual time=0.227..0.228 rows=1 loops=3)
2022-12-02 20:49:11 [P-13376] [MainThread] [parse_query_plan] [DEBUG] parse_query_plan.py[line:132] ['Bitmap Heap Scan', 'role_type rt']
2022-12-02 20:49:11 [P-13376] [MainThread] [parse_query_plan] [DEBUG] parse_query_plan.py[line:149] _do_BitMapHeapScan
2022-12-02 20:49:11 [P-13376] [MainThread] [parse_query_plan] [DEBUG] parse_query_plan.py[line:126] Bitmap Index Scan on role_type_role  (cost=0.00..4.18 rows=4 width=0) (actual time=0.203..0.203 rows=1 loops=3)
2022-12-02 20:49:11 [P-13376] [MainThread] [parse_query_plan] [DEBUG] parse_query_plan.py[line:132] ['Bitmap Index Scan', 'role_type_role']
2022-12-02 20:49:11 [P-13376] [MainThread] [parse_query_plan] [DEBUG] parse_query_plan.py[line:149] _do_BitMapIndexScan
2022-12-02 20:49:11 [P-13376] [MainThread] [parse_query_plan] [DEBUG] parse_query_plan.py[line:126] Index Scan using name_pkey on name n  (cost=0.43..2.59 rows=1 width=19) (actual time=0.002..0.002 rows=1 loops=533295)
2022-12-02 20:49:11 [P-13376] [MainThread] [parse_query_plan] [DEBUG] parse_query_plan.py[line:132] ['Index Scan', 'name_pkey', 'name n']
2022-12-02 20:49:11 [P-13376] [MainThread] [parse_query_plan] [DEBUG] parse_query_plan.py[line:149] _do_IndexScan
2022-12-02 20:49:11 [P-13376] [MainThread] [parse_query_plan] [DEBUG] parse_query_plan.py[line:126] Index Scan using char_name_pkey on char_name chn  (cost=0.43..2.50 rows=1 width=20) (actual time=0.009..0.009 rows=1 loops=533214)
2022-12-02 20:49:11 [P-13376] [MainThread] [parse_query_plan] [DEBUG] parse_query_plan.py[line:132] ['Index Scan', 'char_name_pkey', 'char_name chn']
2022-12-02 20:49:11 [P-13376] [MainThread] [parse_query_plan] [DEBUG] parse_query_plan.py[line:149] _do_IndexScan
2022-12-02 20:49:11 [P-13376] [MainThread] [parse_query_plan] [DEBUG] parse_query_plan.py[line:126] Index Scan using title_pkey on title t  (cost=0.43..2.46 rows=1 width=20) (actual time=0.007..0.007 rows=1 loops=493292)
2022-12-02 20:49:11 [P-13376] [MainThread] [parse_query_plan] [DEBUG] parse_query_plan.py[line:132] ['Index Scan', 'title_pkey', 'title t']
2022-12-02 20:49:11 [P-13376] [MainThread] [parse_query_plan] [DEBUG] parse_query_plan.py[line:149] _do_IndexScan
2022-12-02 20:49:11 [P-13376] [MainThread] [parse_query_plan] [DEBUG] parse_query_plan.py[line:126] Index Scan using movie_companies_idx_mid on movie_companies mc  (cost=0.43..6.88 rows=6 width=8) (actual time=0.005..0.006 rows=2 loops=401554)
2022-12-02 20:49:11 [P-13376] [MainThread] [parse_query_plan] [DEBUG] parse_query_plan.py[line:132] ['Index Scan', 'movie_companies_idx_mid', 'movie_companies mc']
2022-12-02 20:49:11 [P-13376] [MainThread] [parse_query_plan] [DEBUG] parse_query_plan.py[line:149] _do_IndexScan
2022-12-02 20:49:11 [P-13376] [MainThread] [parse_query_plan] [DEBUG] parse_query_plan.py[line:126] Index Scan using company_name_pkey on company_name cn  (cost=0.42..2.33 rows=1 width=4) (actual time=0.002..0.002 rows=0 loops=703935)
2022-12-02 20:49:11 [P-13376] [MainThread] [parse_query_plan] [DEBUG] parse_query_plan.py[line:132] ['Index Scan', 'company_name_pkey', 'company_name cn']
2022-12-02 20:49:11 [P-13376] [MainThread] [parse_query_plan] [DEBUG] parse_query_plan.py[line:149] _do_IndexScan
2022-12-02 20:49:11 [P-13376] [MainThread] [parse_query_plan] [DEBUG] parse_query_plan.py[line:126] Index Scan using aka_name_idx_person on aka_name an  (cost=0.43..3.34 rows=2 width=20) (actual time=0.003..0.004 rows=4 loops=283655)
2022-12-02 20:49:11 [P-13376] [MainThread] [parse_query_plan] [DEBUG] parse_query_plan.py[line:132] ['Index Scan', 'aka_name_idx_person', 'aka_name an']
2022-12-02 20:49:11 [P-13376] [MainThread] [parse_query_plan] [DEBUG] parse_query_plan.py[line:149] _do_IndexScan
