2022-12-02 19:46:32 [P-7932] [MainThread] [parse_query_plan] [DEBUG] parse_query_plan.py[line:110] Finalize Aggregate  (cost=1147265.62..1147265.63 rows=1 width=64) (actual time=9997.443..10121.476 rows=1 loops=1)
2022-12-02 19:46:32 [P-7932] [MainThread] [parse_query_plan] [DEBUG] parse_query_plan.py[line:116] ['Finalize Aggregate']
2022-12-02 19:46:32 [P-7932] [MainThread] [parse_query_plan] [DEBUG] parse_query_plan.py[line:133] _do_FinalizeAggregate
