2022-12-02 20:48:01 [P-396] [MainThread] [parse_query_plan] [DEBUG] parse_query_plan.py[line:126] Aggregate  (cost=344940.28..344940.29 rows=1 width=64) (actual time=280.480..285.606 rows=1 loops=1)
2022-12-02 20:48:01 [P-396] [MainThread] [parse_query_plan] [DEBUG] parse_query_plan.py[line:132] ['Aggregate']
2022-12-02 20:48:01 [P-396] [MainThread] [parse_query_plan] [DEBUG] parse_query_plan.py[line:149] _do_Aggregate
2022-12-02 20:48:01 [P-396] [MainThread] [parse_query_plan] [DEBUG] parse_query_plan.py[line:126] Gather  (cost=5285.08..344940.27 rows=2 width=32) (actual time=85.895..285.543 rows=41 loops=1)
2022-12-02 20:48:01 [P-396] [MainThread] [parse_query_plan] [DEBUG] parse_query_plan.py[line:132] ['Gather']
2022-12-02 20:48:01 [P-396] [MainThread] [parse_query_plan] [DEBUG] parse_query_plan.py[line:149] _do_Gather
2022-12-02 20:48:01 [P-396] [MainThread] [parse_query_plan] [DEBUG] parse_query_plan.py[line:126] Nested Loop  (cost=4285.08..343940.07 rows=1 width=32) (actual time=51.653..267.320 rows=14 loops=3)
2022-12-02 20:48:01 [P-396] [MainThread] [parse_query_plan] [DEBUG] parse_query_plan.py[line:132] ['Nested Loop']
2022-12-02 20:48:01 [P-396] [MainThread] [parse_query_plan] [DEBUG] parse_query_plan.py[line:149] _do_NestedLoop
2022-12-02 20:48:01 [P-396] [MainThread] [parse_query_plan] [DEBUG] parse_query_plan.py[line:126] Nested Loop  (cost=4284.93..343939.50 rows=1 width=36) (actual time=51.630..267.276 rows=14 loops=3)
2022-12-02 20:48:01 [P-396] [MainThread] [parse_query_plan] [DEBUG] parse_query_plan.py[line:132] ['Nested Loop']
2022-12-02 20:48:01 [P-396] [MainThread] [parse_query_plan] [DEBUG] parse_query_plan.py[line:149] _do_NestedLoop
2022-12-02 20:48:01 [P-396] [MainThread] [parse_query_plan] [DEBUG] parse_query_plan.py[line:126] Nested Loop  (cost=4284.50..343935.27 rows=1 width=24) (actual time=51.589..267.146 rows=15 loops=3)
2022-12-02 20:48:01 [P-396] [MainThread] [parse_query_plan] [DEBUG] parse_query_plan.py[line:132] ['Nested Loop']
2022-12-02 20:48:01 [P-396] [MainThread] [parse_query_plan] [DEBUG] parse_query_plan.py[line:149] _do_NestedLoop
2022-12-02 20:48:01 [P-396] [MainThread] [parse_query_plan] [DEBUG] parse_query_plan.py[line:126] Nested Loop  (cost=4284.34..343922.90 rows=245 width=28) (actual time=51.559..267.078 rows=24 loops=3)
2022-12-02 20:48:01 [P-396] [MainThread] [parse_query_plan] [DEBUG] parse_query_plan.py[line:132] ['Nested Loop']
2022-12-02 20:48:01 [P-396] [MainThread] [parse_query_plan] [DEBUG] parse_query_plan.py[line:149] _do_NestedLoop
2022-12-02 20:48:01 [P-396] [MainThread] [parse_query_plan] [DEBUG] parse_query_plan.py[line:126] Nested Loop  (cost=4283.90..87652.37 rows=8880 width=28) (actual time=20.461..209.730 rows=1943 loops=3)
2022-12-02 20:48:01 [P-396] [MainThread] [parse_query_plan] [DEBUG] parse_query_plan.py[line:132] ['Nested Loop']
2022-12-02 20:48:01 [P-396] [MainThread] [parse_query_plan] [DEBUG] parse_query_plan.py[line:149] _do_NestedLoop
2022-12-02 20:48:01 [P-396] [MainThread] [parse_query_plan] [DEBUG] parse_query_plan.py[line:126] Hash Join  (cost=4283.47..65225.24 rows=16048 width=8) (actual time=20.397..196.831 rows=6981 loops=3)
2022-12-02 20:48:01 [P-396] [MainThread] [parse_query_plan] [DEBUG] parse_query_plan.py[line:132] ['Hash Join']
2022-12-02 20:48:01 [P-396] [MainThread] [parse_query_plan] [DEBUG] parse_query_plan.py[line:149] _do_HashJoin
2022-12-02 20:48:01 [P-396] [MainThread] [parse_query_plan] [DEBUG] parse_query_plan.py[line:126] Seq Scan on movie_companies mc  (cost=0.00..55518.57 rows=2065957 width=12) (actual time=0.040..87.446 rows=1652765 loops=3)
2022-12-02 20:48:01 [P-396] [MainThread] [parse_query_plan] [DEBUG] parse_query_plan.py[line:132] ['Seq Scan', 'movie_companies mc']
2022-12-02 20:48:01 [P-396] [MainThread] [parse_query_plan] [DEBUG] parse_query_plan.py[line:149] _do_SeqScan
2022-12-02 20:48:01 [P-396] [MainThread] [parse_query_plan] [DEBUG] parse_query_plan.py[line:126] Hash  (cost=4262.78..4262.78 rows=1655 width=4) (actual time=19.152..19.153 rows=810 loops=3)
2022-12-02 20:48:01 [P-396] [MainThread] [parse_query_plan] [DEBUG] parse_query_plan.py[line:132] ['Hash']
2022-12-02 20:48:01 [P-396] [MainThread] [parse_query_plan] [DEBUG] parse_query_plan.py[line:149] _do_Hash
2022-12-02 20:48:01 [P-396] [MainThread] [parse_query_plan] [DEBUG] parse_query_plan.py[line:126] Bitmap Heap Scan on company_name cn  (cost=34.22..4262.78 rows=1655 width=4) (actual time=13.404..16.048 rows=810 loops=3)
2022-12-02 20:48:01 [P-396] [MainThread] [parse_query_plan] [DEBUG] parse_query_plan.py[line:132] ['Bitmap Heap Scan', 'company_name cn']
2022-12-02 20:48:01 [P-396] [MainThread] [parse_query_plan] [DEBUG] parse_query_plan.py[line:149] _do_BitMapHeapScan
2022-12-02 20:48:01 [P-396] [MainThread] [parse_query_plan] [DEBUG] parse_query_plan.py[line:126] Bitmap Index Scan on company_name_idx_ccode  (cost=0.00..33.52 rows=2813 width=0) (actual time=0.202..0.202 rows=2430 loops=1)
2022-12-02 20:48:01 [P-396] [MainThread] [parse_query_plan] [DEBUG] parse_query_plan.py[line:132] ['Bitmap Index Scan', 'company_name_idx_ccode']
2022-12-02 20:48:01 [P-396] [MainThread] [parse_query_plan] [DEBUG] parse_query_plan.py[line:149] _do_BitMapIndexScan
2022-12-02 20:48:01 [P-396] [MainThread] [parse_query_plan] [DEBUG] parse_query_plan.py[line:126] Index Scan using title_pkey on title t  (cost=0.43..1.40 rows=1 width=20) (actual time=0.002..0.002 rows=0 loops=20944)
2022-12-02 20:48:01 [P-396] [MainThread] [parse_query_plan] [DEBUG] parse_query_plan.py[line:132] ['Index Scan', 'title_pkey', 'title t']
2022-12-02 20:48:01 [P-396] [MainThread] [parse_query_plan] [DEBUG] parse_query_plan.py[line:149] _do_IndexScan
2022-12-02 20:48:01 [P-396] [MainThread] [parse_query_plan] [DEBUG] parse_query_plan.py[line:126] Index Scan using cast_info_idx_mid on cast_info ci  (cost=0.44..28.85 rows=1 width=12) (actual time=0.028..0.029 rows=0 loops=5830)
2022-12-02 20:48:01 [P-396] [MainThread] [parse_query_plan] [DEBUG] parse_query_plan.py[line:132] ['Index Scan', 'cast_info_idx_mid', 'cast_info ci']
2022-12-02 20:48:01 [P-396] [MainThread] [parse_query_plan] [DEBUG] parse_query_plan.py[line:149] _do_IndexScan
2022-12-02 20:48:01 [P-396] [MainThread] [parse_query_plan] [DEBUG] parse_query_plan.py[line:126] Memoize  (cost=0.16..0.58 rows=1 width=4) (actual time=0.002..0.002 rows=1 loops=72)
2022-12-02 20:48:01 [P-396] [MainThread] [parse_query_plan] [DEBUG] parse_query_plan.py[line:132] ['Memoize']
2022-12-02 20:48:01 [P-396] [MainThread] [parse_query_plan] [DEBUG] parse_query_plan.py[line:149] _do_Memorize
2022-12-02 20:48:01 [P-396] [MainThread] [parse_query_plan] [DEBUG] parse_query_plan.py[line:126] Index Scan using role_type_pkey on role_type rt  (cost=0.15..0.57 rows=1 width=4) (actual time=0.010..0.010 rows=0 loops=7)
2022-12-02 20:48:01 [P-396] [MainThread] [parse_query_plan] [DEBUG] parse_query_plan.py[line:132] ['Index Scan', 'role_type_pkey', 'role_type rt']
2022-12-02 20:48:01 [P-396] [MainThread] [parse_query_plan] [DEBUG] parse_query_plan.py[line:149] _do_IndexScan
2022-12-02 20:48:01 [P-396] [MainThread] [parse_query_plan] [DEBUG] parse_query_plan.py[line:126] Index Scan using char_name_pkey on char_name chn  (cost=0.43..4.23 rows=1 width=20) (actual time=0.007..0.007 rows=1 loops=46)
2022-12-02 20:48:01 [P-396] [MainThread] [parse_query_plan] [DEBUG] parse_query_plan.py[line:132] ['Index Scan', 'char_name_pkey', 'char_name chn']
2022-12-02 20:48:01 [P-396] [MainThread] [parse_query_plan] [DEBUG] parse_query_plan.py[line:149] _do_IndexScan
2022-12-02 20:48:01 [P-396] [MainThread] [parse_query_plan] [DEBUG] parse_query_plan.py[line:126] Index Only Scan using company_type_pkey on company_type ct  (cost=0.15..0.57 rows=1 width=4) (actual time=0.002..0.002 rows=1 loops=41)
2022-12-02 20:48:01 [P-396] [MainThread] [parse_query_plan] [DEBUG] parse_query_plan.py[line:132] ['Index Only Scan', 'company_type_pkey', 'company_type ct']
2022-12-02 20:48:01 [P-396] [MainThread] [parse_query_plan] [DEBUG] parse_query_plan.py[line:149] _do_IndexOnlyScan
2022-12-02 20:48:02 [P-396] [MainThread] [parse_query_plan] [DEBUG] parse_query_plan.py[line:126] Finalize Aggregate  (cost=263875.96..263875.97 rows=1 width=64) (actual time=236.485..241.236 rows=1 loops=1)
2022-12-02 20:48:02 [P-396] [MainThread] [parse_query_plan] [DEBUG] parse_query_plan.py[line:132] ['Finalize Aggregate']
2022-12-02 20:48:02 [P-396] [MainThread] [parse_query_plan] [DEBUG] parse_query_plan.py[line:149] _do_FinalizeAggregate
2022-12-02 20:48:02 [P-396] [MainThread] [parse_query_plan] [DEBUG] parse_query_plan.py[line:126] Gather  (cost=263875.74..263875.95 rows=2 width=64) (actual time=236.228..241.217 rows=3 loops=1)
2022-12-02 20:48:02 [P-396] [MainThread] [parse_query_plan] [DEBUG] parse_query_plan.py[line:132] ['Gather']
2022-12-02 20:48:02 [P-396] [MainThread] [parse_query_plan] [DEBUG] parse_query_plan.py[line:149] _do_Gather
2022-12-02 20:48:02 [P-396] [MainThread] [parse_query_plan] [DEBUG] parse_query_plan.py[line:126] Partial Aggregate  (cost=262875.74..262875.75 rows=1 width=64) (actual time=223.910..223.915 rows=1 loops=3)
2022-12-02 20:48:02 [P-396] [MainThread] [parse_query_plan] [DEBUG] parse_query_plan.py[line:132] ['Partial Aggregate']
2022-12-02 20:48:02 [P-396] [MainThread] [parse_query_plan] [DEBUG] parse_query_plan.py[line:149] _do_PartialAggregate
2022-12-02 20:48:02 [P-396] [MainThread] [parse_query_plan] [DEBUG] parse_query_plan.py[line:126] Nested Loop  (cost=4297.62..262875.59 rows=30 width=32) (actual time=223.890..223.894 rows=0 loops=3)
2022-12-02 20:48:02 [P-396] [MainThread] [parse_query_plan] [DEBUG] parse_query_plan.py[line:132] ['Nested Loop']
2022-12-02 20:48:02 [P-396] [MainThread] [parse_query_plan] [DEBUG] parse_query_plan.py[line:149] _do_NestedLoop
2022-12-02 20:48:02 [P-396] [MainThread] [parse_query_plan] [DEBUG] parse_query_plan.py[line:126] Nested Loop  (cost=4297.46..262873.18 rows=30 width=36) (actual time=223.890..223.894 rows=0 loops=3)
2022-12-02 20:48:02 [P-396] [MainThread] [parse_query_plan] [DEBUG] parse_query_plan.py[line:132] ['Nested Loop']
2022-12-02 20:48:02 [P-396] [MainThread] [parse_query_plan] [DEBUG] parse_query_plan.py[line:149] _do_NestedLoop
2022-12-02 20:48:02 [P-396] [MainThread] [parse_query_plan] [DEBUG] parse_query_plan.py[line:126] Hash Join  (cost=4297.03..262787.43 rows=59 width=24) (actual time=223.889..223.893 rows=0 loops=3)
2022-12-02 20:48:02 [P-396] [MainThread] [parse_query_plan] [DEBUG] parse_query_plan.py[line:132] ['Hash Join']
2022-12-02 20:48:02 [P-396] [MainThread] [parse_query_plan] [DEBUG] parse_query_plan.py[line:149] _do_HashJoin
2022-12-02 20:48:02 [P-396] [MainThread] [parse_query_plan] [DEBUG] parse_query_plan.py[line:126] Nested Loop  (cost=4284.34..262747.23 rows=10418 width=28) (actual time=3.268..210.030 rows=1220 loops=3)
2022-12-02 20:48:02 [P-396] [MainThread] [parse_query_plan] [DEBUG] parse_query_plan.py[line:132] ['Nested Loop']
2022-12-02 20:48:02 [P-396] [MainThread] [parse_query_plan] [DEBUG] parse_query_plan.py[line:149] _do_NestedLoop
2022-12-02 20:48:02 [P-396] [MainThread] [parse_query_plan] [DEBUG] parse_query_plan.py[line:126] Nested Loop  (cost=4283.90..87652.37 rows=6083 width=28) (actual time=2.972..180.318 rows=1309 loops=3)
2022-12-02 20:48:02 [P-396] [MainThread] [parse_query_plan] [DEBUG] parse_query_plan.py[line:132] ['Nested Loop']
2022-12-02 20:48:02 [P-396] [MainThread] [parse_query_plan] [DEBUG] parse_query_plan.py[line:149] _do_NestedLoop
2022-12-02 20:48:02 [P-396] [MainThread] [parse_query_plan] [DEBUG] parse_query_plan.py[line:126] Hash Join  (cost=4283.47..65225.24 rows=16048 width=8) (actual time=2.617..169.188 rows=6981 loops=3)
2022-12-02 20:48:02 [P-396] [MainThread] [parse_query_plan] [DEBUG] parse_query_plan.py[line:132] ['Hash Join']
2022-12-02 20:48:02 [P-396] [MainThread] [parse_query_plan] [DEBUG] parse_query_plan.py[line:149] _do_HashJoin
2022-12-02 20:48:02 [P-396] [MainThread] [parse_query_plan] [DEBUG] parse_query_plan.py[line:126] Seq Scan on movie_companies mc  (cost=0.00..55518.57 rows=2065957 width=12) (actual time=0.019..81.841 rows=1652765 loops=3)
2022-12-02 20:48:02 [P-396] [MainThread] [parse_query_plan] [DEBUG] parse_query_plan.py[line:132] ['Seq Scan', 'movie_companies mc']
2022-12-02 20:48:02 [P-396] [MainThread] [parse_query_plan] [DEBUG] parse_query_plan.py[line:149] _do_SeqScan
2022-12-02 20:48:02 [P-396] [MainThread] [parse_query_plan] [DEBUG] parse_query_plan.py[line:126] Hash  (cost=4262.78..4262.78 rows=1655 width=4) (actual time=1.972..1.973 rows=810 loops=3)
2022-12-02 20:48:02 [P-396] [MainThread] [parse_query_plan] [DEBUG] parse_query_plan.py[line:132] ['Hash']
2022-12-02 20:48:02 [P-396] [MainThread] [parse_query_plan] [DEBUG] parse_query_plan.py[line:149] _do_Hash
2022-12-02 20:48:02 [P-396] [MainThread] [parse_query_plan] [DEBUG] parse_query_plan.py[line:126] Bitmap Heap Scan on company_name cn  (cost=34.22..4262.78 rows=1655 width=4) (actual time=0.352..5.605 rows=2430 loops=1)
2022-12-02 20:48:02 [P-396] [MainThread] [parse_query_plan] [DEBUG] parse_query_plan.py[line:132] ['Bitmap Heap Scan', 'company_name cn']
2022-12-02 20:48:02 [P-396] [MainThread] [parse_query_plan] [DEBUG] parse_query_plan.py[line:149] _do_BitMapHeapScan
2022-12-02 20:48:02 [P-396] [MainThread] [parse_query_plan] [DEBUG] parse_query_plan.py[line:126] Bitmap Index Scan on company_name_idx_ccode  (cost=0.00..33.52 rows=2813 width=0) (actual time=0.234..0.234 rows=2430 loops=1)
2022-12-02 20:48:02 [P-396] [MainThread] [parse_query_plan] [DEBUG] parse_query_plan.py[line:132] ['Bitmap Index Scan', 'company_name_idx_ccode']
2022-12-02 20:48:02 [P-396] [MainThread] [parse_query_plan] [DEBUG] parse_query_plan.py[line:149] _do_BitMapIndexScan
2022-12-02 20:48:02 [P-396] [MainThread] [parse_query_plan] [DEBUG] parse_query_plan.py[line:126] Index Scan using title_pkey on title t  (cost=0.43..1.40 rows=1 width=20) (actual time=0.001..0.001 rows=0 loops=20944)
2022-12-02 20:48:02 [P-396] [MainThread] [parse_query_plan] [DEBUG] parse_query_plan.py[line:132] ['Index Scan', 'title_pkey', 'title t']
2022-12-02 20:48:02 [P-396] [MainThread] [parse_query_plan] [DEBUG] parse_query_plan.py[line:149] _do_IndexScan
2022-12-02 20:48:02 [P-396] [MainThread] [parse_query_plan] [DEBUG] parse_query_plan.py[line:126] Index Scan using cast_info_idx_mid on cast_info ci  (cost=0.44..28.76 rows=2 width=12) (actual time=0.015..0.022 rows=1 loops=3928)
2022-12-02 20:48:02 [P-396] [MainThread] [parse_query_plan] [DEBUG] parse_query_plan.py[line:132] ['Index Scan', 'cast_info_idx_mid', 'cast_info ci']
2022-12-02 20:48:02 [P-396] [MainThread] [parse_query_plan] [DEBUG] parse_query_plan.py[line:149] _do_IndexScan
2022-12-02 20:48:02 [P-396] [MainThread] [parse_query_plan] [DEBUG] parse_query_plan.py[line:126] Hash  (cost=12.64..12.64 rows=4 width=4) (actual time=13.746..13.746 rows=1 loops=3)
2022-12-02 20:48:02 [P-396] [MainThread] [parse_query_plan] [DEBUG] parse_query_plan.py[line:132] ['Hash']
2022-12-02 20:48:02 [P-396] [MainThread] [parse_query_plan] [DEBUG] parse_query_plan.py[line:149] _do_Hash
2022-12-02 20:48:02 [P-396] [MainThread] [parse_query_plan] [DEBUG] parse_query_plan.py[line:126] Bitmap Heap Scan on role_type rt  (cost=4.18..12.64 rows=4 width=4) (actual time=13.725..13.729 rows=1 loops=3)
2022-12-02 20:48:02 [P-396] [MainThread] [parse_query_plan] [DEBUG] parse_query_plan.py[line:132] ['Bitmap Heap Scan', 'role_type rt']
2022-12-02 20:48:02 [P-396] [MainThread] [parse_query_plan] [DEBUG] parse_query_plan.py[line:149] _do_BitMapHeapScan
2022-12-02 20:48:02 [P-396] [MainThread] [parse_query_plan] [DEBUG] parse_query_plan.py[line:126] Bitmap Index Scan on role_type_role  (cost=0.00..4.18 rows=4 width=0) (actual time=0.013..0.013 rows=1 loops=3)
2022-12-02 20:48:02 [P-396] [MainThread] [parse_query_plan] [DEBUG] parse_query_plan.py[line:132] ['Bitmap Index Scan', 'role_type_role']
2022-12-02 20:48:02 [P-396] [MainThread] [parse_query_plan] [DEBUG] parse_query_plan.py[line:149] _do_BitMapIndexScan
2022-12-02 20:48:02 [P-396] [MainThread] [parse_query_plan] [DEBUG] parse_query_plan.py[line:126] Index Scan using char_name_pkey on char_name chn  (cost=0.43..1.45 rows=1 width=20) (never executed)
2022-12-02 20:48:02 [P-396] [MainThread] [parse_query_plan] [DEBUG] parse_query_plan.py[line:132] ['Index Scan', 'char_name_pkey', 'char_name chn']
2022-12-02 20:48:02 [P-396] [MainThread] [parse_query_plan] [DEBUG] parse_query_plan.py[line:149] _do_IndexScan
2022-12-02 20:48:02 [P-396] [MainThread] [parse_query_plan] [DEBUG] parse_query_plan.py[line:126] Memoize  (cost=0.16..0.58 rows=1 width=4) (never executed)
2022-12-02 20:48:02 [P-396] [MainThread] [parse_query_plan] [DEBUG] parse_query_plan.py[line:132] ['Memoize']
2022-12-02 20:48:02 [P-396] [MainThread] [parse_query_plan] [DEBUG] parse_query_plan.py[line:149] _do_Memorize
2022-12-02 20:48:02 [P-396] [MainThread] [parse_query_plan] [DEBUG] parse_query_plan.py[line:126] Index Only Scan using company_type_pkey on company_type ct  (cost=0.15..0.57 rows=1 width=4) (never executed)
2022-12-02 20:48:02 [P-396] [MainThread] [parse_query_plan] [DEBUG] parse_query_plan.py[line:132] ['Index Only Scan', 'company_type_pkey', 'company_type ct']
2022-12-02 20:48:02 [P-396] [MainThread] [parse_query_plan] [DEBUG] parse_query_plan.py[line:149] _do_IndexOnlyScan
2022-12-02 20:48:02 [P-396] [MainThread] [parse_query_plan] [DEBUG] parse_query_plan.py[line:126] Finalize Aggregate  (cost=1039315.89..1039315.90 rows=1 width=64) (actual time=7161.336..7203.405 rows=1 loops=1)
2022-12-02 20:48:02 [P-396] [MainThread] [parse_query_plan] [DEBUG] parse_query_plan.py[line:132] ['Finalize Aggregate']
2022-12-02 20:48:02 [P-396] [MainThread] [parse_query_plan] [DEBUG] parse_query_plan.py[line:149] _do_FinalizeAggregate
2022-12-02 20:48:02 [P-396] [MainThread] [parse_query_plan] [DEBUG] parse_query_plan.py[line:126] Gather  (cost=1039315.67..1039315.88 rows=2 width=64) (actual time=7155.352..7202.009 rows=3 loops=1)
2022-12-02 20:48:02 [P-396] [MainThread] [parse_query_plan] [DEBUG] parse_query_plan.py[line:132] ['Gather']
2022-12-02 20:48:02 [P-396] [MainThread] [parse_query_plan] [DEBUG] parse_query_plan.py[line:149] _do_Gather
2022-12-02 20:48:02 [P-396] [MainThread] [parse_query_plan] [DEBUG] parse_query_plan.py[line:126] Partial Aggregate  (cost=1038315.67..1038315.68 rows=1 width=64) (actual time=7140.414..7140.734 rows=1 loops=3)
2022-12-02 20:48:02 [P-396] [MainThread] [parse_query_plan] [DEBUG] parse_query_plan.py[line:132] ['Partial Aggregate']
2022-12-02 20:48:02 [P-396] [MainThread] [parse_query_plan] [DEBUG] parse_query_plan.py[line:149] _do_PartialAggregate
2022-12-02 20:48:02 [P-396] [MainThread] [parse_query_plan] [DEBUG] parse_query_plan.py[line:126] Hash Join  (cost=959121.53..1035706.51 rows=521832 width=32) (actual time=7129.078..7140.045 rows=4 loops=3)
2022-12-02 20:48:02 [P-396] [MainThread] [parse_query_plan] [DEBUG] parse_query_plan.py[line:132] ['Hash Join']
2022-12-02 20:48:02 [P-396] [MainThread] [parse_query_plan] [DEBUG] parse_query_plan.py[line:149] _do_HashJoin
2022-12-02 20:48:02 [P-396] [MainThread] [parse_query_plan] [DEBUG] parse_query_plan.py[line:126] Hash Join  (cost=959095.55..1034302.55 rows=521832 width=36) (actual time=6794.129..6805.094 rows=4 loops=3)
2022-12-02 20:48:02 [P-396] [MainThread] [parse_query_plan] [DEBUG] parse_query_plan.py[line:132] ['Hash Join']
2022-12-02 20:48:02 [P-396] [MainThread] [parse_query_plan] [DEBUG] parse_query_plan.py[line:149] _do_HashJoin
2022-12-02 20:48:02 [P-396] [MainThread] [parse_query_plan] [DEBUG] parse_query_plan.py[line:126] Hash Join  (cost=7227.32..68169.09 rows=786713 width=8) (actual time=93.407..482.316 rows=738720 loops=3)
2022-12-02 20:48:02 [P-396] [MainThread] [parse_query_plan] [DEBUG] parse_query_plan.py[line:132] ['Hash Join']
2022-12-02 20:48:02 [P-396] [MainThread] [parse_query_plan] [DEBUG] parse_query_plan.py[line:149] _do_HashJoin
2022-12-02 20:48:02 [P-396] [MainThread] [parse_query_plan] [DEBUG] parse_query_plan.py[line:126] Seq Scan on movie_companies mc  (cost=0.00..55518.57 rows=2065957 width=12) (actual time=1.078..206.400 rows=1652765 loops=3)
2022-12-02 20:48:02 [P-396] [MainThread] [parse_query_plan] [DEBUG] parse_query_plan.py[line:132] ['Seq Scan', 'movie_companies mc']
2022-12-02 20:48:02 [P-396] [MainThread] [parse_query_plan] [DEBUG] parse_query_plan.py[line:149] _do_SeqScan
2022-12-02 20:48:02 [P-396] [MainThread] [parse_query_plan] [DEBUG] parse_query_plan.py[line:126] Hash  (cost=6509.10..6509.10 rows=57458 width=4) (actual time=91.292..91.293 rows=46313 loops=3)
2022-12-02 20:48:02 [P-396] [MainThread] [parse_query_plan] [DEBUG] parse_query_plan.py[line:132] ['Hash']
2022-12-02 20:48:02 [P-396] [MainThread] [parse_query_plan] [DEBUG] parse_query_plan.py[line:149] _do_Hash
2022-12-02 20:48:02 [P-396] [MainThread] [parse_query_plan] [DEBUG] parse_query_plan.py[line:126] Seq Scan on company_name cn  (cost=0.00..6509.10 rows=57458 width=4) (actual time=1.466..82.971 rows=46313 loops=3)
2022-12-02 20:48:02 [P-396] [MainThread] [parse_query_plan] [DEBUG] parse_query_plan.py[line:132] ['Seq Scan', 'company_name cn']
2022-12-02 20:48:02 [P-396] [MainThread] [parse_query_plan] [DEBUG] parse_query_plan.py[line:149] _do_SeqScan
2022-12-02 20:48:02 [P-396] [MainThread] [parse_query_plan] [DEBUG] parse_query_plan.py[line:126] Hash  (cost=941575.04..941575.04 rows=506735 width=40) (actual time=6206.278..6206.436 rows=6 loops=3)
2022-12-02 20:48:02 [P-396] [MainThread] [parse_query_plan] [DEBUG] parse_query_plan.py[line:132] ['Hash']
2022-12-02 20:48:02 [P-396] [MainThread] [parse_query_plan] [DEBUG] parse_query_plan.py[line:149] _do_Hash
2022-12-02 20:48:02 [P-396] [MainThread] [parse_query_plan] [DEBUG] parse_query_plan.py[line:126] Nested Loop  (cost=84903.74..941575.04 rows=506735 width=40) (actual time=5943.007..6205.400 rows=6 loops=3)
2022-12-02 20:48:02 [P-396] [MainThread] [parse_query_plan] [DEBUG] parse_query_plan.py[line:132] ['Nested Loop']
2022-12-02 20:48:02 [P-396] [MainThread] [parse_query_plan] [DEBUG] parse_query_plan.py[line:149] _do_NestedLoop
2022-12-02 20:48:02 [P-396] [MainThread] [parse_query_plan] [DEBUG] parse_query_plan.py[line:126] Hash Join  (cost=84903.30..883963.01 rows=1013942 width=28) (actual time=5891.657..6140.763 rows=454969 loops=3)
2022-12-02 20:48:02 [P-396] [MainThread] [parse_query_plan] [DEBUG] parse_query_plan.py[line:132] ['Hash Join']
2022-12-02 20:48:02 [P-396] [MainThread] [parse_query_plan] [DEBUG] parse_query_plan.py[line:149] _do_HashJoin
2022-12-02 20:48:02 [P-396] [MainThread] [parse_query_plan] [DEBUG] parse_query_plan.py[line:126] Hash Join  (cost=25.98..779185.24 rows=1308361 width=8) (actual time=354.620..5013.920 rows=936355 loops=3)
2022-12-02 20:48:02 [P-396] [MainThread] [parse_query_plan] [DEBUG] parse_query_plan.py[line:132] ['Hash Join']
2022-12-02 20:48:02 [P-396] [MainThread] [parse_query_plan] [DEBUG] parse_query_plan.py[line:149] _do_HashJoin
2022-12-02 20:48:02 [P-396] [MainThread] [parse_query_plan] [DEBUG] parse_query_plan.py[line:126] Seq Scan on cast_info ci  (cost=0.00..775704.31 rows=1308361 width=12) (actual time=354.541..4912.101 rows=936355 loops=3)
2022-12-02 20:48:02 [P-396] [MainThread] [parse_query_plan] [DEBUG] parse_query_plan.py[line:132] ['Seq Scan', 'cast_info ci']
2022-12-02 20:48:02 [P-396] [MainThread] [parse_query_plan] [DEBUG] parse_query_plan.py[line:149] _do_SeqScan
2022-12-02 20:48:02 [P-396] [MainThread] [parse_query_plan] [DEBUG] parse_query_plan.py[line:126] Hash  (cost=17.10..17.10 rows=710 width=4) (actual time=0.054..0.055 rows=12 loops=3)
2022-12-02 20:48:02 [P-396] [MainThread] [parse_query_plan] [DEBUG] parse_query_plan.py[line:132] ['Hash']
2022-12-02 20:48:02 [P-396] [MainThread] [parse_query_plan] [DEBUG] parse_query_plan.py[line:149] _do_Hash
2022-12-02 20:48:02 [P-396] [MainThread] [parse_query_plan] [DEBUG] parse_query_plan.py[line:126] Seq Scan on role_type rt  (cost=0.00..17.10 rows=710 width=4) (actual time=0.045..0.046 rows=12 loops=3)
2022-12-02 20:48:02 [P-396] [MainThread] [parse_query_plan] [DEBUG] parse_query_plan.py[line:132] ['Seq Scan', 'role_type rt']
2022-12-02 20:48:02 [P-396] [MainThread] [parse_query_plan] [DEBUG] parse_query_plan.py[line:149] _do_SeqScan
2022-12-02 20:48:02 [P-396] [MainThread] [parse_query_plan] [DEBUG] parse_query_plan.py[line:126] Hash  (cost=65313.50..65313.50 rows=1065586 width=20) (actual time=733.414..733.415 rows=847455 loops=3)
2022-12-02 20:48:02 [P-396] [MainThread] [parse_query_plan] [DEBUG] parse_query_plan.py[line:132] ['Hash']
2022-12-02 20:48:02 [P-396] [MainThread] [parse_query_plan] [DEBUG] parse_query_plan.py[line:149] _do_Hash
2022-12-02 20:48:02 [P-396] [MainThread] [parse_query_plan] [DEBUG] parse_query_plan.py[line:126] Seq Scan on title t  (cost=0.00..65313.50 rows=1065586 width=20) (actual time=0.306..551.579 rows=847455 loops=3)
2022-12-02 20:48:02 [P-396] [MainThread] [parse_query_plan] [DEBUG] parse_query_plan.py[line:132] ['Seq Scan', 'title t']
2022-12-02 20:48:02 [P-396] [MainThread] [parse_query_plan] [DEBUG] parse_query_plan.py[line:149] _do_SeqScan
2022-12-02 20:48:02 [P-396] [MainThread] [parse_query_plan] [DEBUG] parse_query_plan.py[line:126] Memoize  (cost=0.44..1.46 rows=1 width=20) (actual time=0.000..0.000 rows=0 loops=1364907)
2022-12-02 20:48:02 [P-396] [MainThread] [parse_query_plan] [DEBUG] parse_query_plan.py[line:132] ['Memoize']
2022-12-02 20:48:02 [P-396] [MainThread] [parse_query_plan] [DEBUG] parse_query_plan.py[line:149] _do_Memorize
2022-12-02 20:48:02 [P-396] [MainThread] [parse_query_plan] [DEBUG] parse_query_plan.py[line:126] Index Scan using char_name_pkey on char_name chn  (cost=0.43..1.45 rows=1 width=20) (actual time=0.357..0.357 rows=1 loops=18)
2022-12-02 20:48:02 [P-396] [MainThread] [parse_query_plan] [DEBUG] parse_query_plan.py[line:132] ['Index Scan', 'char_name_pkey', 'char_name chn']
2022-12-02 20:48:02 [P-396] [MainThread] [parse_query_plan] [DEBUG] parse_query_plan.py[line:149] _do_IndexScan
2022-12-02 20:48:02 [P-396] [MainThread] [parse_query_plan] [DEBUG] parse_query_plan.py[line:126] Hash  (cost=17.10..17.10 rows=710 width=4) (actual time=334.152..334.153 rows=4 loops=3)
2022-12-02 20:48:02 [P-396] [MainThread] [parse_query_plan] [DEBUG] parse_query_plan.py[line:132] ['Hash']
2022-12-02 20:48:02 [P-396] [MainThread] [parse_query_plan] [DEBUG] parse_query_plan.py[line:149] _do_Hash
2022-12-02 20:48:02 [P-396] [MainThread] [parse_query_plan] [DEBUG] parse_query_plan.py[line:126] Seq Scan on company_type ct  (cost=0.00..17.10 rows=710 width=4) (actual time=334.128..334.132 rows=4 loops=3)
2022-12-02 20:48:02 [P-396] [MainThread] [parse_query_plan] [DEBUG] parse_query_plan.py[line:132] ['Seq Scan', 'company_type ct']
2022-12-02 20:48:02 [P-396] [MainThread] [parse_query_plan] [DEBUG] parse_query_plan.py[line:149] _do_SeqScan
2022-12-02 20:48:02 [P-396] [MainThread] [parse_query_plan] [DEBUG] parse_query_plan.py[line:126] Aggregate  (cost=1563.11..1563.12 rows=1 width=96) (actual time=865.971..865.975 rows=1 loops=1)
2022-12-02 20:48:02 [P-396] [MainThread] [parse_query_plan] [DEBUG] parse_query_plan.py[line:132] ['Aggregate']
2022-12-02 20:48:02 [P-396] [MainThread] [parse_query_plan] [DEBUG] parse_query_plan.py[line:149] _do_Aggregate
2022-12-02 20:48:02 [P-396] [MainThread] [parse_query_plan] [DEBUG] parse_query_plan.py[line:126] Nested Loop  (cost=10.06..1563.10 rows=1 width=117) (actual time=16.608..865.500 rows=568 loops=1)
2022-12-02 20:48:02 [P-396] [MainThread] [parse_query_plan] [DEBUG] parse_query_plan.py[line:132] ['Nested Loop']
2022-12-02 20:48:02 [P-396] [MainThread] [parse_query_plan] [DEBUG] parse_query_plan.py[line:149] _do_NestedLoop
2022-12-02 20:48:02 [P-396] [MainThread] [parse_query_plan] [DEBUG] parse_query_plan.py[line:126] Nested Loop  (cost=9.91..1562.06 rows=6 width=39) (actual time=6.757..863.914 rows=1119 loops=1)
2022-12-02 20:48:02 [P-396] [MainThread] [parse_query_plan] [DEBUG] parse_query_plan.py[line:132] ['Nested Loop']
2022-12-02 20:48:02 [P-396] [MainThread] [parse_query_plan] [DEBUG] parse_query_plan.py[line:149] _do_NestedLoop
2022-12-02 20:48:02 [P-396] [MainThread] [parse_query_plan] [DEBUG] parse_query_plan.py[line:126] Nested Loop  (cost=9.48..1560.34 rows=1 width=47) (actual time=6.527..846.349 rows=129 loops=1)
2022-12-02 20:48:02 [P-396] [MainThread] [parse_query_plan] [DEBUG] parse_query_plan.py[line:132] ['Nested Loop']
2022-12-02 20:48:02 [P-396] [MainThread] [parse_query_plan] [DEBUG] parse_query_plan.py[line:149] _do_NestedLoop
2022-12-02 20:48:02 [P-396] [MainThread] [parse_query_plan] [DEBUG] parse_query_plan.py[line:126] Nested Loop  (cost=9.06..1559.89 rows=1 width=32) (actual time=5.303..823.430 rows=905 loops=1)
2022-12-02 20:48:02 [P-396] [MainThread] [parse_query_plan] [DEBUG] parse_query_plan.py[line:132] ['Nested Loop']
2022-12-02 20:48:02 [P-396] [MainThread] [parse_query_plan] [DEBUG] parse_query_plan.py[line:149] _do_NestedLoop
2022-12-02 20:48:02 [P-396] [MainThread] [parse_query_plan] [DEBUG] parse_query_plan.py[line:126] Nested Loop  (cost=8.90..1558.75 rows=26 width=36) (actual time=5.295..822.304 rows=1054 loops=1)
2022-12-02 20:48:02 [P-396] [MainThread] [parse_query_plan] [DEBUG] parse_query_plan.py[line:132] ['Nested Loop']
2022-12-02 20:48:02 [P-396] [MainThread] [parse_query_plan] [DEBUG] parse_query_plan.py[line:149] _do_NestedLoop
2022-12-02 20:48:02 [P-396] [MainThread] [parse_query_plan] [DEBUG] parse_query_plan.py[line:126] Nested Loop  (cost=8.47..1553.35 rows=9 width=24) (actual time=5.161..779.914 rows=606 loops=1)
2022-12-02 20:48:02 [P-396] [MainThread] [parse_query_plan] [DEBUG] parse_query_plan.py[line:132] ['Nested Loop']
2022-12-02 20:48:02 [P-396] [MainThread] [parse_query_plan] [DEBUG] parse_query_plan.py[line:149] _do_NestedLoop
2022-12-02 20:48:02 [P-396] [MainThread] [parse_query_plan] [DEBUG] parse_query_plan.py[line:126] Nested Loop  (cost=8.04..1537.90 rows=32 width=4) (actual time=2.935..565.164 rows=11404 loops=1)
2022-12-02 20:48:02 [P-396] [MainThread] [parse_query_plan] [DEBUG] parse_query_plan.py[line:132] ['Nested Loop']
2022-12-02 20:48:02 [P-396] [MainThread] [parse_query_plan] [DEBUG] parse_query_plan.py[line:149] _do_NestedLoop
2022-12-02 20:48:02 [P-396] [MainThread] [parse_query_plan] [DEBUG] parse_query_plan.py[line:126] Index Scan using keyword_idx_keyword on keyword k  (cost=0.42..8.44 rows=1 width=4) (actual time=0.869..0.870 rows=1 loops=1)
2022-12-02 20:48:02 [P-396] [MainThread] [parse_query_plan] [DEBUG] parse_query_plan.py[line:132] ['Index Scan', 'keyword_idx_keyword', 'keyword k']
2022-12-02 20:48:02 [P-396] [MainThread] [parse_query_plan] [DEBUG] parse_query_plan.py[line:149] _do_IndexScan
2022-12-02 20:48:02 [P-396] [MainThread] [parse_query_plan] [DEBUG] parse_query_plan.py[line:126] Bitmap Heap Scan on movie_keyword mk  (cost=7.62..1525.35 rows=411 width=8) (actual time=2.061..555.883 rows=11404 loops=1)
2022-12-02 20:48:02 [P-396] [MainThread] [parse_query_plan] [DEBUG] parse_query_plan.py[line:132] ['Bitmap Heap Scan', 'movie_keyword mk']
2022-12-02 20:48:02 [P-396] [MainThread] [parse_query_plan] [DEBUG] parse_query_plan.py[line:149] _do_BitMapHeapScan
2022-12-02 20:48:02 [P-396] [MainThread] [parse_query_plan] [DEBUG] parse_query_plan.py[line:126] Bitmap Index Scan on movie_keyword_idx_keywordid  (cost=0.00..7.51 rows=411 width=0) (actual time=1.338..1.338 rows=11404 loops=1)
2022-12-02 20:48:02 [P-396] [MainThread] [parse_query_plan] [DEBUG] parse_query_plan.py[line:132] ['Bitmap Index Scan', 'movie_keyword_idx_keywordid']
2022-12-02 20:48:02 [P-396] [MainThread] [parse_query_plan] [DEBUG] parse_query_plan.py[line:149] _do_BitMapIndexScan
2022-12-02 20:48:02 [P-396] [MainThread] [parse_query_plan] [DEBUG] parse_query_plan.py[line:126] Index Scan using title_pkey on title t  (cost=0.43..0.48 rows=1 width=20) (actual time=0.017..0.017 rows=0 loops=11404)
2022-12-02 20:48:02 [P-396] [MainThread] [parse_query_plan] [DEBUG] parse_query_plan.py[line:132] ['Index Scan', 'title_pkey', 'title t']
2022-12-02 20:48:02 [P-396] [MainThread] [parse_query_plan] [DEBUG] parse_query_plan.py[line:149] _do_IndexScan
2022-12-02 20:48:02 [P-396] [MainThread] [parse_query_plan] [DEBUG] parse_query_plan.py[line:126] Index Scan using movie_companies_idx_mid on movie_companies mc  (cost=0.43..0.56 rows=3 width=12) (actual time=0.067..0.068 rows=2 loops=606)
2022-12-02 20:48:02 [P-396] [MainThread] [parse_query_plan] [DEBUG] parse_query_plan.py[line:132] ['Index Scan', 'movie_companies_idx_mid', 'movie_companies mc']
2022-12-02 20:48:02 [P-396] [MainThread] [parse_query_plan] [DEBUG] parse_query_plan.py[line:149] _do_IndexScan
2022-12-02 20:48:02 [P-396] [MainThread] [parse_query_plan] [DEBUG] parse_query_plan.py[line:126] Memoize  (cost=0.16..0.18 rows=1 width=4) (actual time=0.001..0.001 rows=1 loops=1054)
2022-12-02 20:48:02 [P-396] [MainThread] [parse_query_plan] [DEBUG] parse_query_plan.py[line:132] ['Memoize']
2022-12-02 20:48:02 [P-396] [MainThread] [parse_query_plan] [DEBUG] parse_query_plan.py[line:149] _do_Memorize
2022-12-02 20:48:02 [P-396] [MainThread] [parse_query_plan] [DEBUG] parse_query_plan.py[line:126] Index Scan using company_type_pkey on company_type ct  (cost=0.15..0.17 rows=1 width=4) (actual time=0.003..0.003 rows=0 loops=2)
2022-12-02 20:48:02 [P-396] [MainThread] [parse_query_plan] [DEBUG] parse_query_plan.py[line:132] ['Index Scan', 'company_type_pkey', 'company_type ct']
2022-12-02 20:48:02 [P-396] [MainThread] [parse_query_plan] [DEBUG] parse_query_plan.py[line:149] _do_IndexScan
2022-12-02 20:48:02 [P-396] [MainThread] [parse_query_plan] [DEBUG] parse_query_plan.py[line:126] Index Scan using company_name_pkey on company_name cn  (cost=0.42..0.46 rows=1 width=23) (actual time=0.025..0.025 rows=0 loops=905)
2022-12-02 20:48:02 [P-396] [MainThread] [parse_query_plan] [DEBUG] parse_query_plan.py[line:132] ['Index Scan', 'company_name_pkey', 'company_name cn']
2022-12-02 20:48:02 [P-396] [MainThread] [parse_query_plan] [DEBUG] parse_query_plan.py[line:149] _do_IndexScan
2022-12-02 20:48:02 [P-396] [MainThread] [parse_query_plan] [DEBUG] parse_query_plan.py[line:126] Index Scan using movie_link_idx_mid on movie_link ml  (cost=0.43..1.28 rows=44 width=8) (actual time=0.125..0.135 rows=9 loops=129)
2022-12-02 20:48:02 [P-396] [MainThread] [parse_query_plan] [DEBUG] parse_query_plan.py[line:132] ['Index Scan', 'movie_link_idx_mid', 'movie_link ml']
2022-12-02 20:48:02 [P-396] [MainThread] [parse_query_plan] [DEBUG] parse_query_plan.py[line:149] _do_IndexScan
2022-12-02 20:48:02 [P-396] [MainThread] [parse_query_plan] [DEBUG] parse_query_plan.py[line:126] Index Scan using link_type_pkey on link_type lt  (cost=0.15..0.17 rows=1 width=86) (actual time=0.001..0.001 rows=1 loops=1119)
2022-12-02 20:48:02 [P-396] [MainThread] [parse_query_plan] [DEBUG] parse_query_plan.py[line:132] ['Index Scan', 'link_type_pkey', 'link_type lt']
2022-12-02 20:48:02 [P-396] [MainThread] [parse_query_plan] [DEBUG] parse_query_plan.py[line:149] _do_IndexScan
2022-12-02 20:48:02 [P-396] [MainThread] [parse_query_plan] [DEBUG] parse_query_plan.py[line:126] Aggregate  (cost=1556.57..1556.58 rows=1 width=96) (actual time=15.210..15.212 rows=1 loops=1)
2022-12-02 20:48:02 [P-396] [MainThread] [parse_query_plan] [DEBUG] parse_query_plan.py[line:132] ['Aggregate']
2022-12-02 20:48:02 [P-396] [MainThread] [parse_query_plan] [DEBUG] parse_query_plan.py[line:149] _do_Aggregate
2022-12-02 20:48:02 [P-396] [MainThread] [parse_query_plan] [DEBUG] parse_query_plan.py[line:126] Nested Loop  (cost=10.05..1556.56 rows=1 width=117) (actual time=15.208..15.210 rows=0 loops=1)
2022-12-02 20:48:02 [P-396] [MainThread] [parse_query_plan] [DEBUG] parse_query_plan.py[line:132] ['Nested Loop']
2022-12-02 20:48:02 [P-396] [MainThread] [parse_query_plan] [DEBUG] parse_query_plan.py[line:149] _do_NestedLoop
2022-12-02 20:48:02 [P-396] [MainThread] [parse_query_plan] [DEBUG] parse_query_plan.py[line:126] Nested Loop  (cost=9.90..1556.37 rows=1 width=39) (actual time=15.207..15.210 rows=0 loops=1)
2022-12-02 20:48:02 [P-396] [MainThread] [parse_query_plan] [DEBUG] parse_query_plan.py[line:132] ['Nested Loop']
2022-12-02 20:48:02 [P-396] [MainThread] [parse_query_plan] [DEBUG] parse_query_plan.py[line:149] _do_NestedLoop
2022-12-02 20:48:02 [P-396] [MainThread] [parse_query_plan] [DEBUG] parse_query_plan.py[line:126] Nested Loop  (cost=9.47..1554.61 rows=1 width=47) (actual time=1.077..15.206 rows=2 loops=1)
2022-12-02 20:48:02 [P-396] [MainThread] [parse_query_plan] [DEBUG] parse_query_plan.py[line:132] ['Nested Loop']
2022-12-02 20:48:02 [P-396] [MainThread] [parse_query_plan] [DEBUG] parse_query_plan.py[line:149] _do_NestedLoop
2022-12-02 20:48:02 [P-396] [MainThread] [parse_query_plan] [DEBUG] parse_query_plan.py[line:126] Nested Loop  (cost=9.32..1554.43 rows=1 width=51) (actual time=1.074..15.202 rows=2 loops=1)
2022-12-02 20:48:02 [P-396] [MainThread] [parse_query_plan] [DEBUG] parse_query_plan.py[line:132] ['Nested Loop']
2022-12-02 20:48:02 [P-396] [MainThread] [parse_query_plan] [DEBUG] parse_query_plan.py[line:149] _do_NestedLoop
2022-12-02 20:48:02 [P-396] [MainThread] [parse_query_plan] [DEBUG] parse_query_plan.py[line:126] Nested Loop  (cost=8.90..1553.97 rows=1 width=36) (actual time=1.070..15.191 rows=3 loops=1)
2022-12-02 20:48:02 [P-396] [MainThread] [parse_query_plan] [DEBUG] parse_query_plan.py[line:132] ['Nested Loop']
2022-12-02 20:48:02 [P-396] [MainThread] [parse_query_plan] [DEBUG] parse_query_plan.py[line:149] _do_NestedLoop
2022-12-02 20:48:02 [P-396] [MainThread] [parse_query_plan] [DEBUG] parse_query_plan.py[line:126] Nested Loop  (cost=8.47..1553.38 rows=1 width=24) (actual time=1.065..15.185 rows=1 loops=1)
2022-12-02 20:48:02 [P-396] [MainThread] [parse_query_plan] [DEBUG] parse_query_plan.py[line:132] ['Nested Loop']
2022-12-02 20:48:02 [P-396] [MainThread] [parse_query_plan] [DEBUG] parse_query_plan.py[line:149] _do_NestedLoop
2022-12-02 20:48:02 [P-396] [MainThread] [parse_query_plan] [DEBUG] parse_query_plan.py[line:126] Nested Loop  (cost=8.04..1537.90 rows=32 width=4) (actual time=0.959..6.388 rows=11404 loops=1)
2022-12-02 20:48:02 [P-396] [MainThread] [parse_query_plan] [DEBUG] parse_query_plan.py[line:132] ['Nested Loop']
2022-12-02 20:48:02 [P-396] [MainThread] [parse_query_plan] [DEBUG] parse_query_plan.py[line:149] _do_NestedLoop
2022-12-02 20:48:02 [P-396] [MainThread] [parse_query_plan] [DEBUG] parse_query_plan.py[line:126] Index Scan using keyword_idx_keyword on keyword k  (cost=0.42..8.44 rows=1 width=4) (actual time=0.010..0.011 rows=1 loops=1)
2022-12-02 20:48:02 [P-396] [MainThread] [parse_query_plan] [DEBUG] parse_query_plan.py[line:132] ['Index Scan', 'keyword_idx_keyword', 'keyword k']
2022-12-02 20:48:02 [P-396] [MainThread] [parse_query_plan] [DEBUG] parse_query_plan.py[line:149] _do_IndexScan
2022-12-02 20:48:02 [P-396] [MainThread] [parse_query_plan] [DEBUG] parse_query_plan.py[line:126] Bitmap Heap Scan on movie_keyword mk  (cost=7.62..1525.35 rows=411 width=8) (actual time=0.947..5.775 rows=11404 loops=1)
2022-12-02 20:48:02 [P-396] [MainThread] [parse_query_plan] [DEBUG] parse_query_plan.py[line:132] ['Bitmap Heap Scan', 'movie_keyword mk']
2022-12-02 20:48:02 [P-396] [MainThread] [parse_query_plan] [DEBUG] parse_query_plan.py[line:149] _do_BitMapHeapScan
2022-12-02 20:48:02 [P-396] [MainThread] [parse_query_plan] [DEBUG] parse_query_plan.py[line:126] Bitmap Index Scan on movie_keyword_idx_keywordid  (cost=0.00..7.51 rows=411 width=0) (actual time=0.417..0.417 rows=11404 loops=1)
2022-12-02 20:48:02 [P-396] [MainThread] [parse_query_plan] [DEBUG] parse_query_plan.py[line:132] ['Bitmap Index Scan', 'movie_keyword_idx_keywordid']
2022-12-02 20:48:02 [P-396] [MainThread] [parse_query_plan] [DEBUG] parse_query_plan.py[line:149] _do_BitMapIndexScan
2022-12-02 20:48:02 [P-396] [MainThread] [parse_query_plan] [DEBUG] parse_query_plan.py[line:126] Index Scan using title_pkey on title t  (cost=0.43..0.48 rows=1 width=20) (actual time=0.001..0.001 rows=0 loops=11404)
2022-12-02 20:48:02 [P-396] [MainThread] [parse_query_plan] [DEBUG] parse_query_plan.py[line:132] ['Index Scan', 'title_pkey', 'title t']
2022-12-02 20:48:02 [P-396] [MainThread] [parse_query_plan] [DEBUG] parse_query_plan.py[line:149] _do_IndexScan
2022-12-02 20:48:02 [P-396] [MainThread] [parse_query_plan] [DEBUG] parse_query_plan.py[line:126] Index Scan using movie_companies_idx_mid on movie_companies mc  (cost=0.43..0.56 rows=3 width=12) (actual time=0.004..0.005 rows=3 loops=1)
2022-12-02 20:48:02 [P-396] [MainThread] [parse_query_plan] [DEBUG] parse_query_plan.py[line:132] ['Index Scan', 'movie_companies_idx_mid', 'movie_companies mc']
2022-12-02 20:48:02 [P-396] [MainThread] [parse_query_plan] [DEBUG] parse_query_plan.py[line:149] _do_IndexScan
2022-12-02 20:48:02 [P-396] [MainThread] [parse_query_plan] [DEBUG] parse_query_plan.py[line:126] Index Scan using company_name_pkey on company_name cn  (cost=0.42..0.46 rows=1 width=23) (actual time=0.003..0.003 rows=1 loops=3)
2022-12-02 20:48:02 [P-396] [MainThread] [parse_query_plan] [DEBUG] parse_query_plan.py[line:132] ['Index Scan', 'company_name_pkey', 'company_name cn']
2022-12-02 20:48:02 [P-396] [MainThread] [parse_query_plan] [DEBUG] parse_query_plan.py[line:149] _do_IndexScan
2022-12-02 20:48:02 [P-396] [MainThread] [parse_query_plan] [DEBUG] parse_query_plan.py[line:126] Index Scan using company_type_pkey on company_type ct  (cost=0.15..0.17 rows=1 width=4) (actual time=0.001..0.001 rows=1 loops=2)
2022-12-02 20:48:02 [P-396] [MainThread] [parse_query_plan] [DEBUG] parse_query_plan.py[line:132] ['Index Scan', 'company_type_pkey', 'company_type ct']
2022-12-02 20:48:02 [P-396] [MainThread] [parse_query_plan] [DEBUG] parse_query_plan.py[line:149] _do_IndexScan
2022-12-02 20:48:02 [P-396] [MainThread] [parse_query_plan] [DEBUG] parse_query_plan.py[line:126] Index Scan using movie_link_idx_mid on movie_link ml  (cost=0.43..1.21 rows=44 width=8) (actual time=0.002..0.002 rows=0 loops=2)
2022-12-02 20:48:02 [P-396] [MainThread] [parse_query_plan] [DEBUG] parse_query_plan.py[line:132] ['Index Scan', 'movie_link_idx_mid', 'movie_link ml']
2022-12-02 20:48:02 [P-396] [MainThread] [parse_query_plan] [DEBUG] parse_query_plan.py[line:149] _do_IndexScan
2022-12-02 20:48:02 [P-396] [MainThread] [parse_query_plan] [DEBUG] parse_query_plan.py[line:126] Index Scan using link_type_pkey on link_type lt  (cost=0.15..0.17 rows=1 width=86) (never executed)
2022-12-02 20:48:02 [P-396] [MainThread] [parse_query_plan] [DEBUG] parse_query_plan.py[line:132] ['Index Scan', 'link_type_pkey', 'link_type lt']
2022-12-02 20:48:02 [P-396] [MainThread] [parse_query_plan] [DEBUG] parse_query_plan.py[line:149] _do_IndexScan
2022-12-02 20:48:02 [P-396] [MainThread] [parse_query_plan] [DEBUG] parse_query_plan.py[line:126] Aggregate  (cost=4746.91..4746.92 rows=1 width=96) (actual time=2729.986..2729.990 rows=1 loops=1)
2022-12-02 20:48:02 [P-396] [MainThread] [parse_query_plan] [DEBUG] parse_query_plan.py[line:132] ['Aggregate']
2022-12-02 20:48:02 [P-396] [MainThread] [parse_query_plan] [DEBUG] parse_query_plan.py[line:149] _do_Aggregate
2022-12-02 20:48:02 [P-396] [MainThread] [parse_query_plan] [DEBUG] parse_query_plan.py[line:126] Nested Loop  (cost=22.93..4746.76 rows=20 width=59) (actual time=16.192..2719.648 rows=48573 loops=1)
2022-12-02 20:48:02 [P-396] [MainThread] [parse_query_plan] [DEBUG] parse_query_plan.py[line:132] ['Nested Loop']
2022-12-02 20:48:02 [P-396] [MainThread] [parse_query_plan] [DEBUG] parse_query_plan.py[line:149] _do_NestedLoop
2022-12-02 20:48:02 [P-396] [MainThread] [parse_query_plan] [DEBUG] parse_query_plan.py[line:126] Nested Loop  (cost=22.77..4743.55 rows=20 width=63) (actual time=16.033..2710.711 rows=48573 loops=1)
2022-12-02 20:48:02 [P-396] [MainThread] [parse_query_plan] [DEBUG] parse_query_plan.py[line:132] ['Nested Loop']
2022-12-02 20:48:02 [P-396] [MainThread] [parse_query_plan] [DEBUG] parse_query_plan.py[line:149] _do_NestedLoop
2022-12-02 20:48:02 [P-396] [MainThread] [parse_query_plan] [DEBUG] parse_query_plan.py[line:126] Nested Loop  (cost=22.34..4741.89 rows=1 width=71) (actual time=15.715..2682.110 rows=722 loops=1)
2022-12-02 20:48:02 [P-396] [MainThread] [parse_query_plan] [DEBUG] parse_query_plan.py[line:132] ['Nested Loop']
2022-12-02 20:48:02 [P-396] [MainThread] [parse_query_plan] [DEBUG] parse_query_plan.py[line:149] _do_NestedLoop
2022-12-02 20:48:02 [P-396] [MainThread] [parse_query_plan] [DEBUG] parse_query_plan.py[line:126] Nested Loop  (cost=21.91..4741.41 rows=1 width=51) (actual time=5.891..2662.148 rows=7871 loops=1)
2022-12-02 20:48:02 [P-396] [MainThread] [parse_query_plan] [DEBUG] parse_query_plan.py[line:132] ['Nested Loop']
2022-12-02 20:48:02 [P-396] [MainThread] [parse_query_plan] [DEBUG] parse_query_plan.py[line:149] _do_NestedLoop
2022-12-02 20:48:02 [P-396] [MainThread] [parse_query_plan] [DEBUG] parse_query_plan.py[line:126] Nested Loop  (cost=21.76..4741.24 rows=1 width=55) (actual time=5.887..2655.909 rows=8125 loops=1)
2022-12-02 20:48:02 [P-396] [MainThread] [parse_query_plan] [DEBUG] parse_query_plan.py[line:132] ['Nested Loop']
2022-12-02 20:48:02 [P-396] [MainThread] [parse_query_plan] [DEBUG] parse_query_plan.py[line:149] _do_NestedLoop
2022-12-02 20:48:02 [P-396] [MainThread] [parse_query_plan] [DEBUG] parse_query_plan.py[line:126] Nested Loop  (cost=21.33..4626.93 rows=250 width=40) (actual time=4.262..2182.934 rows=254842 loops=1)
2022-12-02 20:48:02 [P-396] [MainThread] [parse_query_plan] [DEBUG] parse_query_plan.py[line:132] ['Nested Loop']
2022-12-02 20:48:02 [P-396] [MainThread] [parse_query_plan] [DEBUG] parse_query_plan.py[line:149] _do_NestedLoop
2022-12-02 20:48:02 [P-396] [MainThread] [parse_query_plan] [DEBUG] parse_query_plan.py[line:126] Nested Loop  (cost=20.90..4570.74 rows=95 width=4) (actual time=3.888..905.103 rows=52583 loops=1)
2022-12-02 20:48:02 [P-396] [MainThread] [parse_query_plan] [DEBUG] parse_query_plan.py[line:132] ['Nested Loop']
2022-12-02 20:48:02 [P-396] [MainThread] [parse_query_plan] [DEBUG] parse_query_plan.py[line:149] _do_NestedLoop
2022-12-02 20:48:02 [P-396] [MainThread] [parse_query_plan] [DEBUG] parse_query_plan.py[line:126] Bitmap Heap Scan on keyword k  (cost=13.28..24.95 rows=3 width=4) (actual time=0.779..0.787 rows=3 loops=1)
2022-12-02 20:48:02 [P-396] [MainThread] [parse_query_plan] [DEBUG] parse_query_plan.py[line:132] ['Bitmap Heap Scan', 'keyword k']
2022-12-02 20:48:02 [P-396] [MainThread] [parse_query_plan] [DEBUG] parse_query_plan.py[line:149] _do_BitMapHeapScan
2022-12-02 20:48:02 [P-396] [MainThread] [parse_query_plan] [DEBUG] parse_query_plan.py[line:207] <re.Match object; span=(0, 58), match="(keyword = ANY ('{sequel,revenge,based-on-novel}'>
2022-12-02 20:48:02 [P-396] [MainThread] [parse_query_plan] [DEBUG] parse_query_plan.py[line:126] Bitmap Index Scan on keyword_idx_keyword  (cost=0.00..13.28 rows=3 width=0) (actual time=0.491..0.491 rows=3 loops=1)
2022-12-02 20:48:02 [P-396] [MainThread] [parse_query_plan] [DEBUG] parse_query_plan.py[line:132] ['Bitmap Index Scan', 'keyword_idx_keyword']
2022-12-02 20:48:02 [P-396] [MainThread] [parse_query_plan] [DEBUG] parse_query_plan.py[line:149] _do_BitMapIndexScan
2022-12-02 20:48:02 [P-396] [MainThread] [parse_query_plan] [DEBUG] parse_query_plan.py[line:207] <re.Match object; span=(0, 58), match="(keyword = ANY ('{sequel,revenge,based-on-novel}'>
2022-12-02 20:48:02 [P-396] [MainThread] [parse_query_plan] [DEBUG] parse_query_plan.py[line:126] Bitmap Heap Scan on movie_keyword mk  (cost=7.62..1511.15 rows=411 width=8) (actual time=2.858..296.121 rows=17528 loops=3)
2022-12-02 20:48:02 [P-396] [MainThread] [parse_query_plan] [DEBUG] parse_query_plan.py[line:132] ['Bitmap Heap Scan', 'movie_keyword mk']
2022-12-02 20:48:02 [P-396] [MainThread] [parse_query_plan] [DEBUG] parse_query_plan.py[line:149] _do_BitMapHeapScan
2022-12-02 20:48:02 [P-396] [MainThread] [parse_query_plan] [DEBUG] parse_query_plan.py[line:126] Bitmap Index Scan on movie_keyword_idx_keywordid  (cost=0.00..7.51 rows=411 width=0) (actual time=1.802..1.802 rows=17528 loops=3)
2022-12-02 20:48:02 [P-396] [MainThread] [parse_query_plan] [DEBUG] parse_query_plan.py[line:132] ['Bitmap Index Scan', 'movie_keyword_idx_keywordid']
2022-12-02 20:48:02 [P-396] [MainThread] [parse_query_plan] [DEBUG] parse_query_plan.py[line:149] _do_BitMapIndexScan
2022-12-02 20:48:02 [P-396] [MainThread] [parse_query_plan] [DEBUG] parse_query_plan.py[line:126] Index Scan using movie_companies_idx_mid on movie_companies mc  (cost=0.43..0.56 rows=3 width=36) (actual time=0.021..0.023 rows=5 loops=52583)
2022-12-02 20:48:02 [P-396] [MainThread] [parse_query_plan] [DEBUG] parse_query_plan.py[line:132] ['Index Scan', 'movie_companies_idx_mid', 'movie_companies mc']
2022-12-02 20:48:02 [P-396] [MainThread] [parse_query_plan] [DEBUG] parse_query_plan.py[line:149] _do_IndexScan
2022-12-02 20:48:02 [P-396] [MainThread] [parse_query_plan] [DEBUG] parse_query_plan.py[line:126] Index Scan using company_name_pkey on company_name cn  (cost=0.42..0.46 rows=1 width=23) (actual time=0.002..0.002 rows=0 loops=254842)
2022-12-02 20:48:02 [P-396] [MainThread] [parse_query_plan] [DEBUG] parse_query_plan.py[line:132] ['Index Scan', 'company_name_pkey', 'company_name cn']
2022-12-02 20:48:02 [P-396] [MainThread] [parse_query_plan] [DEBUG] parse_query_plan.py[line:149] _do_IndexScan
2022-12-02 20:48:02 [P-396] [MainThread] [parse_query_plan] [DEBUG] parse_query_plan.py[line:126] Index Scan using company_type_pkey on company_type ct  (cost=0.15..0.17 rows=1 width=4) (actual time=0.001..0.001 rows=1 loops=8125)
2022-12-02 20:48:02 [P-396] [MainThread] [parse_query_plan] [DEBUG] parse_query_plan.py[line:132] ['Index Scan', 'company_type_pkey', 'company_type ct']
2022-12-02 20:48:02 [P-396] [MainThread] [parse_query_plan] [DEBUG] parse_query_plan.py[line:149] _do_IndexScan
2022-12-02 20:48:02 [P-396] [MainThread] [parse_query_plan] [DEBUG] parse_query_plan.py[line:126] Index Scan using title_pkey on title t  (cost=0.43..0.48 rows=1 width=20) (actual time=0.002..0.002 rows=0 loops=7871)
2022-12-02 20:48:02 [P-396] [MainThread] [parse_query_plan] [DEBUG] parse_query_plan.py[line:132] ['Index Scan', 'title_pkey', 'title t']
2022-12-02 20:48:02 [P-396] [MainThread] [parse_query_plan] [DEBUG] parse_query_plan.py[line:149] _do_IndexScan
2022-12-02 20:48:02 [P-396] [MainThread] [parse_query_plan] [DEBUG] parse_query_plan.py[line:126] Index Scan using movie_link_idx_mid on movie_link ml  (cost=0.43..1.22 rows=44 width=8) (actual time=0.025..0.035 rows=67 loops=722)
2022-12-02 20:48:02 [P-396] [MainThread] [parse_query_plan] [DEBUG] parse_query_plan.py[line:132] ['Index Scan', 'movie_link_idx_mid', 'movie_link ml']
2022-12-02 20:48:02 [P-396] [MainThread] [parse_query_plan] [DEBUG] parse_query_plan.py[line:149] _do_IndexScan
2022-12-02 20:48:02 [P-396] [MainThread] [parse_query_plan] [DEBUG] parse_query_plan.py[line:126] Memoize  (cost=0.16..0.18 rows=1 width=4) (actual time=0.000..0.000 rows=1 loops=48573)
2022-12-02 20:48:02 [P-396] [MainThread] [parse_query_plan] [DEBUG] parse_query_plan.py[line:132] ['Memoize']
2022-12-02 20:48:02 [P-396] [MainThread] [parse_query_plan] [DEBUG] parse_query_plan.py[line:149] _do_Memorize
2022-12-02 20:48:02 [P-396] [MainThread] [parse_query_plan] [DEBUG] parse_query_plan.py[line:126] Index Only Scan using link_type_pkey on link_type lt  (cost=0.15..0.17 rows=1 width=4) (actual time=0.012..0.012 rows=1 loops=15)
2022-12-02 20:48:02 [P-396] [MainThread] [parse_query_plan] [DEBUG] parse_query_plan.py[line:132] ['Index Only Scan', 'link_type_pkey', 'link_type lt']
2022-12-02 20:48:02 [P-396] [MainThread] [parse_query_plan] [DEBUG] parse_query_plan.py[line:149] _do_IndexOnlyScan
2022-12-02 20:48:02 [P-396] [MainThread] [parse_query_plan] [DEBUG] parse_query_plan.py[line:126] Aggregate  (cost=5208.11..5208.12 rows=1 width=96) (actual time=1303.649..1303.653 rows=1 loops=1)
2022-12-02 20:48:02 [P-396] [MainThread] [parse_query_plan] [DEBUG] parse_query_plan.py[line:132] ['Aggregate']
2022-12-02 20:48:02 [P-396] [MainThread] [parse_query_plan] [DEBUG] parse_query_plan.py[line:149] _do_Aggregate
2022-12-02 20:48:02 [P-396] [MainThread] [parse_query_plan] [DEBUG] parse_query_plan.py[line:126] Hash Join  (cost=48.75..5173.01 rows=4680 width=59) (actual time=2.916..1183.899 rows=765319 loops=1)
2022-12-02 20:48:02 [P-396] [MainThread] [parse_query_plan] [DEBUG] parse_query_plan.py[line:132] ['Hash Join']
2022-12-02 20:48:02 [P-396] [MainThread] [parse_query_plan] [DEBUG] parse_query_plan.py[line:149] _do_HashJoin
2022-12-02 20:48:02 [P-396] [MainThread] [parse_query_plan] [DEBUG] parse_query_plan.py[line:126] Nested Loop  (cost=22.78..5134.68 rows=4680 width=63) (actual time=2.904..1112.150 rows=765319 loops=1)
2022-12-02 20:48:02 [P-396] [MainThread] [parse_query_plan] [DEBUG] parse_query_plan.py[line:132] ['Nested Loop']
2022-12-02 20:48:02 [P-396] [MainThread] [parse_query_plan] [DEBUG] parse_query_plan.py[line:149] _do_NestedLoop
2022-12-02 20:48:02 [P-396] [MainThread] [parse_query_plan] [DEBUG] parse_query_plan.py[line:126] Nested Loop  (cost=22.35..4778.97 rows=214 width=71) (actual time=2.411..848.488 rows=24078 loops=1)
2022-12-02 20:48:02 [P-396] [MainThread] [parse_query_plan] [DEBUG] parse_query_plan.py[line:132] ['Nested Loop']
2022-12-02 20:48:02 [P-396] [MainThread] [parse_query_plan] [DEBUG] parse_query_plan.py[line:149] _do_NestedLoop
2022-12-02 20:48:02 [P-396] [MainThread] [parse_query_plan] [DEBUG] parse_query_plan.py[line:126] Nested Loop  (cost=21.92..4675.41 rows=229 width=56) (actual time=2.407..809.210 rows=24382 loops=1)
2022-12-02 20:48:02 [P-396] [MainThread] [parse_query_plan] [DEBUG] parse_query_plan.py[line:132] ['Nested Loop']
2022-12-02 20:48:02 [P-396] [MainThread] [parse_query_plan] [DEBUG] parse_query_plan.py[line:149] _do_NestedLoop
2022-12-02 20:48:02 [P-396] [MainThread] [parse_query_plan] [DEBUG] parse_query_plan.py[line:126] Nested Loop  (cost=21.76..4669.10 rows=232 width=60) (actual time=2.400..798.767 rows=27273 loops=1)
2022-12-02 20:48:02 [P-396] [MainThread] [parse_query_plan] [DEBUG] parse_query_plan.py[line:132] ['Nested Loop']
2022-12-02 20:48:02 [P-396] [MainThread] [parse_query_plan] [DEBUG] parse_query_plan.py[line:149] _do_NestedLoop
2022-12-02 20:48:02 [P-396] [MainThread] [parse_query_plan] [DEBUG] parse_query_plan.py[line:126] Nested Loop  (cost=21.33..4616.40 rows=88 width=24) (actual time=2.384..726.006 rows=7738 loops=1)
2022-12-02 20:48:02 [P-396] [MainThread] [parse_query_plan] [DEBUG] parse_query_plan.py[line:132] ['Nested Loop']
2022-12-02 20:48:02 [P-396] [MainThread] [parse_query_plan] [DEBUG] parse_query_plan.py[line:149] _do_NestedLoop
2022-12-02 20:48:02 [P-396] [MainThread] [parse_query_plan] [DEBUG] parse_query_plan.py[line:126] Nested Loop  (cost=20.90..4570.74 rows=95 width=4) (actual time=1.654..119.835 rows=52583 loops=1)
2022-12-02 20:48:02 [P-396] [MainThread] [parse_query_plan] [DEBUG] parse_query_plan.py[line:132] ['Nested Loop']
2022-12-02 20:48:02 [P-396] [MainThread] [parse_query_plan] [DEBUG] parse_query_plan.py[line:149] _do_NestedLoop
2022-12-02 20:48:02 [P-396] [MainThread] [parse_query_plan] [DEBUG] parse_query_plan.py[line:126] Bitmap Heap Scan on keyword k  (cost=13.28..24.95 rows=3 width=4) (actual time=0.036..0.043 rows=3 loops=1)
2022-12-02 20:48:02 [P-396] [MainThread] [parse_query_plan] [DEBUG] parse_query_plan.py[line:132] ['Bitmap Heap Scan', 'keyword k']
2022-12-02 20:48:02 [P-396] [MainThread] [parse_query_plan] [DEBUG] parse_query_plan.py[line:149] _do_BitMapHeapScan
2022-12-02 20:48:02 [P-396] [MainThread] [parse_query_plan] [DEBUG] parse_query_plan.py[line:207] <re.Match object; span=(0, 58), match="(keyword = ANY ('{sequel,revenge,based-on-novel}'>
2022-12-02 20:48:02 [P-396] [MainThread] [parse_query_plan] [DEBUG] parse_query_plan.py[line:126] Bitmap Index Scan on keyword_idx_keyword  (cost=0.00..13.28 rows=3 width=0) (actual time=0.031..0.032 rows=3 loops=1)
2022-12-02 20:48:02 [P-396] [MainThread] [parse_query_plan] [DEBUG] parse_query_plan.py[line:132] ['Bitmap Index Scan', 'keyword_idx_keyword']
2022-12-02 20:48:02 [P-396] [MainThread] [parse_query_plan] [DEBUG] parse_query_plan.py[line:149] _do_BitMapIndexScan
2022-12-02 20:48:02 [P-396] [MainThread] [parse_query_plan] [DEBUG] parse_query_plan.py[line:207] <re.Match object; span=(0, 58), match="(keyword = ANY ('{sequel,revenge,based-on-novel}'>
2022-12-02 20:48:02 [P-396] [MainThread] [parse_query_plan] [DEBUG] parse_query_plan.py[line:126] Bitmap Heap Scan on movie_keyword mk  (cost=7.62..1511.15 rows=411 width=8) (actual time=2.106..38.430 rows=17528 loops=3)
2022-12-02 20:48:02 [P-396] [MainThread] [parse_query_plan] [DEBUG] parse_query_plan.py[line:132] ['Bitmap Heap Scan', 'movie_keyword mk']
2022-12-02 20:48:02 [P-396] [MainThread] [parse_query_plan] [DEBUG] parse_query_plan.py[line:149] _do_BitMapHeapScan
2022-12-02 20:48:02 [P-396] [MainThread] [parse_query_plan] [DEBUG] parse_query_plan.py[line:126] Bitmap Index Scan on movie_keyword_idx_keywordid  (cost=0.00..7.51 rows=411 width=0) (actual time=1.148..1.148 rows=17528 loops=3)
2022-12-02 20:48:02 [P-396] [MainThread] [parse_query_plan] [DEBUG] parse_query_plan.py[line:132] ['Bitmap Index Scan', 'movie_keyword_idx_keywordid']
2022-12-02 20:48:02 [P-396] [MainThread] [parse_query_plan] [DEBUG] parse_query_plan.py[line:149] _do_BitMapIndexScan
2022-12-02 20:48:02 [P-396] [MainThread] [parse_query_plan] [DEBUG] parse_query_plan.py[line:126] Index Scan using title_pkey on title t  (cost=0.43..0.48 rows=1 width=20) (actual time=0.011..0.011 rows=0 loops=52583)
2022-12-02 20:48:02 [P-396] [MainThread] [parse_query_plan] [DEBUG] parse_query_plan.py[line:132] ['Index Scan', 'title_pkey', 'title t']
2022-12-02 20:48:02 [P-396] [MainThread] [parse_query_plan] [DEBUG] parse_query_plan.py[line:149] _do_IndexScan
2022-12-02 20:48:02 [P-396] [MainThread] [parse_query_plan] [DEBUG] parse_query_plan.py[line:126] Index Scan using movie_companies_idx_mid on movie_companies mc  (cost=0.43..0.56 rows=3 width=36) (actual time=0.006..0.008 rows=4 loops=7738)
2022-12-02 20:48:02 [P-396] [MainThread] [parse_query_plan] [DEBUG] parse_query_plan.py[line:132] ['Index Scan', 'movie_companies_idx_mid', 'movie_companies mc']
2022-12-02 20:48:02 [P-396] [MainThread] [parse_query_plan] [DEBUG] parse_query_plan.py[line:149] _do_IndexScan
2022-12-02 20:48:02 [P-396] [MainThread] [parse_query_plan] [DEBUG] parse_query_plan.py[line:126] Memoize  (cost=0.16..0.18 rows=1 width=4) (actual time=0.000..0.000 rows=1 loops=27273)
2022-12-02 20:48:02 [P-396] [MainThread] [parse_query_plan] [DEBUG] parse_query_plan.py[line:132] ['Memoize']
2022-12-02 20:48:02 [P-396] [MainThread] [parse_query_plan] [DEBUG] parse_query_plan.py[line:149] _do_Memorize
2022-12-02 20:48:02 [P-396] [MainThread] [parse_query_plan] [DEBUG] parse_query_plan.py[line:126] Index Scan using company_type_pkey on company_type ct  (cost=0.15..0.17 rows=1 width=4) (actual time=0.002..0.002 rows=0 loops=2)
2022-12-02 20:48:02 [P-396] [MainThread] [parse_query_plan] [DEBUG] parse_query_plan.py[line:132] ['Index Scan', 'company_type_pkey', 'company_type ct']
2022-12-02 20:48:02 [P-396] [MainThread] [parse_query_plan] [DEBUG] parse_query_plan.py[line:149] _do_IndexScan
2022-12-02 20:48:02 [P-396] [MainThread] [parse_query_plan] [DEBUG] parse_query_plan.py[line:126] Index Scan using company_name_pkey on company_name cn  (cost=0.42..0.45 rows=1 width=23) (actual time=0.001..0.001 rows=1 loops=24382)
2022-12-02 20:48:02 [P-396] [MainThread] [parse_query_plan] [DEBUG] parse_query_plan.py[line:132] ['Index Scan', 'company_name_pkey', 'company_name cn']
2022-12-02 20:48:02 [P-396] [MainThread] [parse_query_plan] [DEBUG] parse_query_plan.py[line:149] _do_IndexScan
2022-12-02 20:48:02 [P-396] [MainThread] [parse_query_plan] [DEBUG] parse_query_plan.py[line:126] Index Scan using movie_link_idx_mid on movie_link ml  (cost=0.43..1.22 rows=44 width=8) (actual time=0.006..0.009 rows=32 loops=24078)
2022-12-02 20:48:02 [P-396] [MainThread] [parse_query_plan] [DEBUG] parse_query_plan.py[line:132] ['Index Scan', 'movie_link_idx_mid', 'movie_link ml']
2022-12-02 20:48:02 [P-396] [MainThread] [parse_query_plan] [DEBUG] parse_query_plan.py[line:149] _do_IndexScan
2022-12-02 20:48:02 [P-396] [MainThread] [parse_query_plan] [DEBUG] parse_query_plan.py[line:126] Hash  (cost=17.10..17.10 rows=710 width=4) (actual time=0.008..0.009 rows=18 loops=1)
2022-12-02 20:48:02 [P-396] [MainThread] [parse_query_plan] [DEBUG] parse_query_plan.py[line:132] ['Hash']
2022-12-02 20:48:02 [P-396] [MainThread] [parse_query_plan] [DEBUG] parse_query_plan.py[line:149] _do_Hash
2022-12-02 20:48:02 [P-396] [MainThread] [parse_query_plan] [DEBUG] parse_query_plan.py[line:126] Seq Scan on link_type lt  (cost=0.00..17.10 rows=710 width=4) (actual time=0.005..0.006 rows=18 loops=1)
2022-12-02 20:48:02 [P-396] [MainThread] [parse_query_plan] [DEBUG] parse_query_plan.py[line:132] ['Seq Scan', 'link_type lt']
2022-12-02 20:48:02 [P-396] [MainThread] [parse_query_plan] [DEBUG] parse_query_plan.py[line:149] _do_SeqScan
2022-12-02 20:48:03 [P-396] [MainThread] [parse_query_plan] [DEBUG] parse_query_plan.py[line:126] Aggregate  (cost=27.30..27.31 rows=1 width=96) (actual time=0.015..0.016 rows=1 loops=1)
2022-12-02 20:48:03 [P-396] [MainThread] [parse_query_plan] [DEBUG] parse_query_plan.py[line:132] ['Aggregate']
2022-12-02 20:48:03 [P-396] [MainThread] [parse_query_plan] [DEBUG] parse_query_plan.py[line:149] _do_Aggregate
2022-12-02 20:48:03 [P-396] [MainThread] [parse_query_plan] [DEBUG] parse_query_plan.py[line:126] Nested Loop  (cost=6.20..27.29 rows=1 width=67) (actual time=0.014..0.015 rows=0 loops=1)
2022-12-02 20:48:03 [P-396] [MainThread] [parse_query_plan] [DEBUG] parse_query_plan.py[line:132] ['Nested Loop']
2022-12-02 20:48:03 [P-396] [MainThread] [parse_query_plan] [DEBUG] parse_query_plan.py[line:149] _do_NestedLoop
2022-12-02 20:48:03 [P-396] [MainThread] [parse_query_plan] [DEBUG] parse_query_plan.py[line:126] Nested Loop  (cost=6.05..27.11 rows=1 width=71) (actual time=0.014..0.015 rows=0 loops=1)
2022-12-02 20:48:03 [P-396] [MainThread] [parse_query_plan] [DEBUG] parse_query_plan.py[line:132] ['Nested Loop']
2022-12-02 20:48:03 [P-396] [MainThread] [parse_query_plan] [DEBUG] parse_query_plan.py[line:149] _do_NestedLoop
2022-12-02 20:48:03 [P-396] [MainThread] [parse_query_plan] [DEBUG] parse_query_plan.py[line:126] Nested Loop  (cost=5.62..25.13 rows=1 width=79) (actual time=0.014..0.015 rows=0 loops=1)
2022-12-02 20:48:03 [P-396] [MainThread] [parse_query_plan] [DEBUG] parse_query_plan.py[line:132] ['Nested Loop']
2022-12-02 20:48:03 [P-396] [MainThread] [parse_query_plan] [DEBUG] parse_query_plan.py[line:149] _do_NestedLoop
2022-12-02 20:48:03 [P-396] [MainThread] [parse_query_plan] [DEBUG] parse_query_plan.py[line:126] Nested Loop  (cost=5.47..24.96 rows=1 width=83) (actual time=0.014..0.014 rows=0 loops=1)
2022-12-02 20:48:03 [P-396] [MainThread] [parse_query_plan] [DEBUG] parse_query_plan.py[line:132] ['Nested Loop']
2022-12-02 20:48:03 [P-396] [MainThread] [parse_query_plan] [DEBUG] parse_query_plan.py[line:149] _do_NestedLoop
2022-12-02 20:48:03 [P-396] [MainThread] [parse_query_plan] [DEBUG] parse_query_plan.py[line:126] Nested Loop  (cost=5.04..24.51 rows=1 width=68) (actual time=0.014..0.014 rows=0 loops=1)
2022-12-02 20:48:03 [P-396] [MainThread] [parse_query_plan] [DEBUG] parse_query_plan.py[line:132] ['Nested Loop']
2022-12-02 20:48:03 [P-396] [MainThread] [parse_query_plan] [DEBUG] parse_query_plan.py[line:149] _do_NestedLoop
2022-12-02 20:48:03 [P-396] [MainThread] [parse_query_plan] [DEBUG] parse_query_plan.py[line:126] Nested Loop  (cost=4.61..23.48 rows=1 width=56) (actual time=0.014..0.014 rows=0 loops=1)
2022-12-02 20:48:03 [P-396] [MainThread] [parse_query_plan] [DEBUG] parse_query_plan.py[line:132] ['Nested Loop']
2022-12-02 20:48:03 [P-396] [MainThread] [parse_query_plan] [DEBUG] parse_query_plan.py[line:149] _do_NestedLoop
2022-12-02 20:48:03 [P-396] [MainThread] [parse_query_plan] [DEBUG] parse_query_plan.py[line:126] Nested Loop  (cost=4.18..15.07 rows=1 width=36) (actual time=0.014..0.014 rows=0 loops=1)
2022-12-02 20:48:03 [P-396] [MainThread] [parse_query_plan] [DEBUG] parse_query_plan.py[line:132] ['Nested Loop']
2022-12-02 20:48:03 [P-396] [MainThread] [parse_query_plan] [DEBUG] parse_query_plan.py[line:149] _do_NestedLoop
2022-12-02 20:48:03 [P-396] [MainThread] [parse_query_plan] [DEBUG] parse_query_plan.py[line:126] Seq Scan on info_type it2  (cost=0.00..2.41 rows=1 width=4) (actual time=0.008..0.009 rows=1 loops=1)
2022-12-02 20:48:03 [P-396] [MainThread] [parse_query_plan] [DEBUG] parse_query_plan.py[line:132] ['Seq Scan', 'info_type it2']
2022-12-02 20:48:03 [P-396] [MainThread] [parse_query_plan] [DEBUG] parse_query_plan.py[line:149] _do_SeqScan
2022-12-02 20:48:03 [P-396] [MainThread] [parse_query_plan] [DEBUG] parse_query_plan.py[line:126] Bitmap Heap Scan on movie_info_idx mi_idx  (cost=4.18..12.65 rows=1 width=40) (actual time=0.003..0.003 rows=0 loops=1)
2022-12-02 20:48:03 [P-396] [MainThread] [parse_query_plan] [DEBUG] parse_query_plan.py[line:132] ['Bitmap Heap Scan', 'movie_info_idx mi_idx']
2022-12-02 20:48:03 [P-396] [MainThread] [parse_query_plan] [DEBUG] parse_query_plan.py[line:149] _do_BitMapHeapScan
2022-12-02 20:48:03 [P-396] [MainThread] [parse_query_plan] [DEBUG] parse_query_plan.py[line:126] Bitmap Index Scan on info_type_id_movie_info_idx  (cost=0.00..4.18 rows=4 width=0) (actual time=0.002..0.002 rows=0 loops=1)
2022-12-02 20:48:03 [P-396] [MainThread] [parse_query_plan] [DEBUG] parse_query_plan.py[line:132] ['Bitmap Index Scan', 'info_type_id_movie_info_idx']
2022-12-02 20:48:03 [P-396] [MainThread] [parse_query_plan] [DEBUG] parse_query_plan.py[line:149] _do_BitMapIndexScan
2022-12-02 20:48:03 [P-396] [MainThread] [parse_query_plan] [DEBUG] parse_query_plan.py[line:126] Index Scan using title_pkey on title t  (cost=0.43..8.41 rows=1 width=20) (never executed)
2022-12-02 20:48:03 [P-396] [MainThread] [parse_query_plan] [DEBUG] parse_query_plan.py[line:132] ['Index Scan', 'title_pkey', 'title t']
2022-12-02 20:48:03 [P-396] [MainThread] [parse_query_plan] [DEBUG] parse_query_plan.py[line:149] _do_IndexScan
2022-12-02 20:48:03 [P-396] [MainThread] [parse_query_plan] [DEBUG] parse_query_plan.py[line:126] Index Scan using movie_companies_idx_mid on movie_companies mc  (cost=0.43..0.97 rows=6 width=12) (never executed)
2022-12-02 20:48:03 [P-396] [MainThread] [parse_query_plan] [DEBUG] parse_query_plan.py[line:132] ['Index Scan', 'movie_companies_idx_mid', 'movie_companies mc']
2022-12-02 20:48:03 [P-396] [MainThread] [parse_query_plan] [DEBUG] parse_query_plan.py[line:149] _do_IndexScan
2022-12-02 20:48:03 [P-396] [MainThread] [parse_query_plan] [DEBUG] parse_query_plan.py[line:126] Index Scan using company_name_pkey on company_name cn  (cost=0.42..0.45 rows=1 width=23) (never executed)
2022-12-02 20:48:03 [P-396] [MainThread] [parse_query_plan] [DEBUG] parse_query_plan.py[line:132] ['Index Scan', 'company_name_pkey', 'company_name cn']
2022-12-02 20:48:03 [P-396] [MainThread] [parse_query_plan] [DEBUG] parse_query_plan.py[line:149] _do_IndexScan
2022-12-02 20:48:03 [P-396] [MainThread] [parse_query_plan] [DEBUG] parse_query_plan.py[line:126] Index Scan using company_type_pkey on company_type ct  (cost=0.15..0.17 rows=1 width=4) (never executed)
2022-12-02 20:48:03 [P-396] [MainThread] [parse_query_plan] [DEBUG] parse_query_plan.py[line:132] ['Index Scan', 'company_type_pkey', 'company_type ct']
2022-12-02 20:48:03 [P-396] [MainThread] [parse_query_plan] [DEBUG] parse_query_plan.py[line:149] _do_IndexScan
2022-12-02 20:48:03 [P-396] [MainThread] [parse_query_plan] [DEBUG] parse_query_plan.py[line:126] Index Scan using movie_info_idx_mid on movie_info mi  (cost=0.44..1.96 rows=1 width=8) (never executed)
2022-12-02 20:48:03 [P-396] [MainThread] [parse_query_plan] [DEBUG] parse_query_plan.py[line:132] ['Index Scan', 'movie_info_idx_mid', 'movie_info mi']
2022-12-02 20:48:03 [P-396] [MainThread] [parse_query_plan] [DEBUG] parse_query_plan.py[line:149] _do_IndexScan
2022-12-02 20:48:03 [P-396] [MainThread] [parse_query_plan] [DEBUG] parse_query_plan.py[line:183] <re.Match object; span=(0, 37), match="info = ANY ('{Drama,Horror}'::text[])">
2022-12-02 20:48:03 [P-396] [MainThread] [parse_query_plan] [DEBUG] parse_query_plan.py[line:126] Index Scan using info_type_pkey on info_type it1  (cost=0.14..0.16 rows=1 width=4) (never executed)
2022-12-02 20:48:03 [P-396] [MainThread] [parse_query_plan] [DEBUG] parse_query_plan.py[line:132] ['Index Scan', 'info_type_pkey', 'info_type it1']
2022-12-02 20:48:03 [P-396] [MainThread] [parse_query_plan] [DEBUG] parse_query_plan.py[line:149] _do_IndexScan
2022-12-02 20:48:03 [P-396] [MainThread] [parse_query_plan] [DEBUG] parse_query_plan.py[line:126] Aggregate  (cost=76.45..76.46 rows=1 width=64) (actual time=0.013..0.014 rows=1 loops=1)
2022-12-02 20:48:03 [P-396] [MainThread] [parse_query_plan] [DEBUG] parse_query_plan.py[line:132] ['Aggregate']
2022-12-02 20:48:03 [P-396] [MainThread] [parse_query_plan] [DEBUG] parse_query_plan.py[line:149] _do_Aggregate
2022-12-02 20:48:03 [P-396] [MainThread] [parse_query_plan] [DEBUG] parse_query_plan.py[line:126] Nested Loop  (cost=6.20..76.44 rows=1 width=59) (actual time=0.012..0.013 rows=0 loops=1)
2022-12-02 20:48:03 [P-396] [MainThread] [parse_query_plan] [DEBUG] parse_query_plan.py[line:132] ['Nested Loop']
2022-12-02 20:48:03 [P-396] [MainThread] [parse_query_plan] [DEBUG] parse_query_plan.py[line:149] _do_NestedLoop
2022-12-02 20:48:03 [P-396] [MainThread] [parse_query_plan] [DEBUG] parse_query_plan.py[line:126] Nested Loop  (cost=6.05..76.26 rows=1 width=63) (actual time=0.012..0.012 rows=0 loops=1)
2022-12-02 20:48:03 [P-396] [MainThread] [parse_query_plan] [DEBUG] parse_query_plan.py[line:132] ['Nested Loop']
2022-12-02 20:48:03 [P-396] [MainThread] [parse_query_plan] [DEBUG] parse_query_plan.py[line:149] _do_NestedLoop
2022-12-02 20:48:03 [P-396] [MainThread] [parse_query_plan] [DEBUG] parse_query_plan.py[line:126] Nested Loop  (cost=5.62..73.68 rows=1 width=28) (actual time=0.012..0.012 rows=0 loops=1)
2022-12-02 20:48:03 [P-396] [MainThread] [parse_query_plan] [DEBUG] parse_query_plan.py[line:132] ['Nested Loop']
2022-12-02 20:48:03 [P-396] [MainThread] [parse_query_plan] [DEBUG] parse_query_plan.py[line:149] _do_NestedLoop
2022-12-02 20:48:03 [P-396] [MainThread] [parse_query_plan] [DEBUG] parse_query_plan.py[line:126] Nested Loop  (cost=5.47..73.50 rows=1 width=32) (actual time=0.012..0.012 rows=0 loops=1)
2022-12-02 20:48:03 [P-396] [MainThread] [parse_query_plan] [DEBUG] parse_query_plan.py[line:132] ['Nested Loop']
2022-12-02 20:48:03 [P-396] [MainThread] [parse_query_plan] [DEBUG] parse_query_plan.py[line:149] _do_NestedLoop
2022-12-02 20:48:03 [P-396] [MainThread] [parse_query_plan] [DEBUG] parse_query_plan.py[line:126] Nested Loop  (cost=5.04..73.05 rows=1 width=36) (actual time=0.011..0.012 rows=0 loops=1)
2022-12-02 20:48:03 [P-396] [MainThread] [parse_query_plan] [DEBUG] parse_query_plan.py[line:132] ['Nested Loop']
2022-12-02 20:48:03 [P-396] [MainThread] [parse_query_plan] [DEBUG] parse_query_plan.py[line:149] _do_NestedLoop
2022-12-02 20:48:03 [P-396] [MainThread] [parse_query_plan] [DEBUG] parse_query_plan.py[line:126] Nested Loop  (cost=4.61..48.18 rows=1 width=24) (actual time=0.011..0.012 rows=0 loops=1)
2022-12-02 20:48:03 [P-396] [MainThread] [parse_query_plan] [DEBUG] parse_query_plan.py[line:132] ['Nested Loop']
2022-12-02 20:48:03 [P-396] [MainThread] [parse_query_plan] [DEBUG] parse_query_plan.py[line:149] _do_NestedLoop
2022-12-02 20:48:03 [P-396] [MainThread] [parse_query_plan] [DEBUG] parse_query_plan.py[line:126] Nested Loop  (cost=4.18..15.09 rows=4 width=4) (actual time=0.011..0.012 rows=0 loops=1)
2022-12-02 20:48:03 [P-396] [MainThread] [parse_query_plan] [DEBUG] parse_query_plan.py[line:132] ['Nested Loop']
2022-12-02 20:48:03 [P-396] [MainThread] [parse_query_plan] [DEBUG] parse_query_plan.py[line:149] _do_NestedLoop
2022-12-02 20:48:03 [P-396] [MainThread] [parse_query_plan] [DEBUG] parse_query_plan.py[line:126] Seq Scan on info_type it2  (cost=0.00..2.41 rows=1 width=4) (actual time=0.008..0.008 rows=1 loops=1)
2022-12-02 20:48:03 [P-396] [MainThread] [parse_query_plan] [DEBUG] parse_query_plan.py[line:132] ['Seq Scan', 'info_type it2']
2022-12-02 20:48:03 [P-396] [MainThread] [parse_query_plan] [DEBUG] parse_query_plan.py[line:149] _do_SeqScan
2022-12-02 20:48:03 [P-396] [MainThread] [parse_query_plan] [DEBUG] parse_query_plan.py[line:126] Bitmap Heap Scan on movie_info_idx mi_idx  (cost=4.18..12.64 rows=4 width=8) (actual time=0.002..0.002 rows=0 loops=1)
2022-12-02 20:48:03 [P-396] [MainThread] [parse_query_plan] [DEBUG] parse_query_plan.py[line:132] ['Bitmap Heap Scan', 'movie_info_idx mi_idx']
2022-12-02 20:48:03 [P-396] [MainThread] [parse_query_plan] [DEBUG] parse_query_plan.py[line:149] _do_BitMapHeapScan
2022-12-02 20:48:03 [P-396] [MainThread] [parse_query_plan] [DEBUG] parse_query_plan.py[line:126] Bitmap Index Scan on info_type_id_movie_info_idx  (cost=0.00..4.18 rows=4 width=0) (actual time=0.001..0.001 rows=0 loops=1)
2022-12-02 20:48:03 [P-396] [MainThread] [parse_query_plan] [DEBUG] parse_query_plan.py[line:132] ['Bitmap Index Scan', 'info_type_id_movie_info_idx']
2022-12-02 20:48:03 [P-396] [MainThread] [parse_query_plan] [DEBUG] parse_query_plan.py[line:149] _do_BitMapIndexScan
2022-12-02 20:48:03 [P-396] [MainThread] [parse_query_plan] [DEBUG] parse_query_plan.py[line:126] Index Scan using title_pkey on title t  (cost=0.43..8.26 rows=1 width=20) (never executed)
2022-12-02 20:48:03 [P-396] [MainThread] [parse_query_plan] [DEBUG] parse_query_plan.py[line:132] ['Index Scan', 'title_pkey', 'title t']
2022-12-02 20:48:03 [P-396] [MainThread] [parse_query_plan] [DEBUG] parse_query_plan.py[line:149] _do_IndexScan
2022-12-02 20:48:03 [P-396] [MainThread] [parse_query_plan] [DEBUG] parse_query_plan.py[line:126] Index Scan using movie_companies_idx_mid on movie_companies mc  (cost=0.43..24.80 rows=6 width=12) (never executed)
2022-12-02 20:48:03 [P-396] [MainThread] [parse_query_plan] [DEBUG] parse_query_plan.py[line:132] ['Index Scan', 'movie_companies_idx_mid', 'movie_companies mc']
2022-12-02 20:48:03 [P-396] [MainThread] [parse_query_plan] [DEBUG] parse_query_plan.py[line:149] _do_IndexScan
2022-12-02 20:48:03 [P-396] [MainThread] [parse_query_plan] [DEBUG] parse_query_plan.py[line:126] Index Scan using company_name_pkey on company_name cn  (cost=0.42..0.45 rows=1 width=4) (never executed)
2022-12-02 20:48:03 [P-396] [MainThread] [parse_query_plan] [DEBUG] parse_query_plan.py[line:132] ['Index Scan', 'company_name_pkey', 'company_name cn']
2022-12-02 20:48:03 [P-396] [MainThread] [parse_query_plan] [DEBUG] parse_query_plan.py[line:149] _do_IndexScan
2022-12-02 20:48:03 [P-396] [MainThread] [parse_query_plan] [DEBUG] parse_query_plan.py[line:126] Index Scan using company_type_pkey on company_type ct  (cost=0.15..0.17 rows=1 width=4) (never executed)
2022-12-02 20:48:03 [P-396] [MainThread] [parse_query_plan] [DEBUG] parse_query_plan.py[line:132] ['Index Scan', 'company_type_pkey', 'company_type ct']
2022-12-02 20:48:03 [P-396] [MainThread] [parse_query_plan] [DEBUG] parse_query_plan.py[line:149] _do_IndexScan
2022-12-02 20:48:03 [P-396] [MainThread] [parse_query_plan] [DEBUG] parse_query_plan.py[line:126] Index Scan using movie_info_idx_mid on movie_info mi  (cost=0.44..1.81 rows=62 width=51) (never executed)
2022-12-02 20:48:03 [P-396] [MainThread] [parse_query_plan] [DEBUG] parse_query_plan.py[line:132] ['Index Scan', 'movie_info_idx_mid', 'movie_info mi']
2022-12-02 20:48:03 [P-396] [MainThread] [parse_query_plan] [DEBUG] parse_query_plan.py[line:149] _do_IndexScan
2022-12-02 20:48:03 [P-396] [MainThread] [parse_query_plan] [DEBUG] parse_query_plan.py[line:126] Index Scan using info_type_pkey on info_type it1  (cost=0.14..0.16 rows=1 width=4) (never executed)
2022-12-02 20:48:03 [P-396] [MainThread] [parse_query_plan] [DEBUG] parse_query_plan.py[line:132] ['Index Scan', 'info_type_pkey', 'info_type it1']
2022-12-02 20:48:03 [P-396] [MainThread] [parse_query_plan] [DEBUG] parse_query_plan.py[line:149] _do_IndexScan
2022-12-02 20:48:03 [P-396] [MainThread] [parse_query_plan] [DEBUG] parse_query_plan.py[line:126] Aggregate  (cost=27.37..27.38 rows=1 width=96) (actual time=0.013..0.014 rows=1 loops=1)
2022-12-02 20:48:03 [P-396] [MainThread] [parse_query_plan] [DEBUG] parse_query_plan.py[line:132] ['Aggregate']
2022-12-02 20:48:03 [P-396] [MainThread] [parse_query_plan] [DEBUG] parse_query_plan.py[line:149] _do_Aggregate
2022-12-02 20:48:03 [P-396] [MainThread] [parse_query_plan] [DEBUG] parse_query_plan.py[line:126] Nested Loop  (cost=6.20..27.36 rows=1 width=67) (actual time=0.012..0.013 rows=0 loops=1)
2022-12-02 20:48:03 [P-396] [MainThread] [parse_query_plan] [DEBUG] parse_query_plan.py[line:132] ['Nested Loop']
2022-12-02 20:48:03 [P-396] [MainThread] [parse_query_plan] [DEBUG] parse_query_plan.py[line:149] _do_NestedLoop
2022-12-02 20:48:03 [P-396] [MainThread] [parse_query_plan] [DEBUG] parse_query_plan.py[line:126] Nested Loop  (cost=6.05..27.18 rows=1 width=71) (actual time=0.012..0.013 rows=0 loops=1)
2022-12-02 20:48:03 [P-396] [MainThread] [parse_query_plan] [DEBUG] parse_query_plan.py[line:132] ['Nested Loop']
2022-12-02 20:48:03 [P-396] [MainThread] [parse_query_plan] [DEBUG] parse_query_plan.py[line:149] _do_NestedLoop
2022-12-02 20:48:03 [P-396] [MainThread] [parse_query_plan] [DEBUG] parse_query_plan.py[line:126] Nested Loop  (cost=5.62..25.05 rows=1 width=79) (actual time=0.012..0.013 rows=0 loops=1)
2022-12-02 20:48:03 [P-396] [MainThread] [parse_query_plan] [DEBUG] parse_query_plan.py[line:132] ['Nested Loop']
2022-12-02 20:48:03 [P-396] [MainThread] [parse_query_plan] [DEBUG] parse_query_plan.py[line:149] _do_NestedLoop
2022-12-02 20:48:03 [P-396] [MainThread] [parse_query_plan] [DEBUG] parse_query_plan.py[line:126] Nested Loop  (cost=5.19..24.61 rows=1 width=64) (actual time=0.012..0.013 rows=0 loops=1)
2022-12-02 20:48:03 [P-396] [MainThread] [parse_query_plan] [DEBUG] parse_query_plan.py[line:132] ['Nested Loop']
2022-12-02 20:48:03 [P-396] [MainThread] [parse_query_plan] [DEBUG] parse_query_plan.py[line:149] _do_NestedLoop
2022-12-02 20:48:03 [P-396] [MainThread] [parse_query_plan] [DEBUG] parse_query_plan.py[line:126] Nested Loop  (cost=5.04..24.26 rows=2 width=68) (actual time=0.012..0.012 rows=0 loops=1)
2022-12-02 20:48:03 [P-396] [MainThread] [parse_query_plan] [DEBUG] parse_query_plan.py[line:132] ['Nested Loop']
2022-12-02 20:48:03 [P-396] [MainThread] [parse_query_plan] [DEBUG] parse_query_plan.py[line:149] _do_NestedLoop
2022-12-02 20:48:03 [P-396] [MainThread] [parse_query_plan] [DEBUG] parse_query_plan.py[line:126] Nested Loop  (cost=4.61..23.48 rows=1 width=56) (actual time=0.012..0.012 rows=0 loops=1)
2022-12-02 20:48:03 [P-396] [MainThread] [parse_query_plan] [DEBUG] parse_query_plan.py[line:132] ['Nested Loop']
2022-12-02 20:48:03 [P-396] [MainThread] [parse_query_plan] [DEBUG] parse_query_plan.py[line:149] _do_NestedLoop
2022-12-02 20:48:03 [P-396] [MainThread] [parse_query_plan] [DEBUG] parse_query_plan.py[line:126] Nested Loop  (cost=4.18..15.07 rows=1 width=36) (actual time=0.012..0.012 rows=0 loops=1)
2022-12-02 20:48:03 [P-396] [MainThread] [parse_query_plan] [DEBUG] parse_query_plan.py[line:132] ['Nested Loop']
2022-12-02 20:48:03 [P-396] [MainThread] [parse_query_plan] [DEBUG] parse_query_plan.py[line:149] _do_NestedLoop
2022-12-02 20:48:03 [P-396] [MainThread] [parse_query_plan] [DEBUG] parse_query_plan.py[line:126] Seq Scan on info_type it2  (cost=0.00..2.41 rows=1 width=4) (actual time=0.008..0.008 rows=1 loops=1)
2022-12-02 20:48:03 [P-396] [MainThread] [parse_query_plan] [DEBUG] parse_query_plan.py[line:132] ['Seq Scan', 'info_type it2']
2022-12-02 20:48:03 [P-396] [MainThread] [parse_query_plan] [DEBUG] parse_query_plan.py[line:149] _do_SeqScan
2022-12-02 20:48:03 [P-396] [MainThread] [parse_query_plan] [DEBUG] parse_query_plan.py[line:126] Bitmap Heap Scan on movie_info_idx mi_idx  (cost=4.18..12.65 rows=1 width=40) (actual time=0.002..0.002 rows=0 loops=1)
2022-12-02 20:48:03 [P-396] [MainThread] [parse_query_plan] [DEBUG] parse_query_plan.py[line:132] ['Bitmap Heap Scan', 'movie_info_idx mi_idx']
2022-12-02 20:48:03 [P-396] [MainThread] [parse_query_plan] [DEBUG] parse_query_plan.py[line:149] _do_BitMapHeapScan
2022-12-02 20:48:03 [P-396] [MainThread] [parse_query_plan] [DEBUG] parse_query_plan.py[line:126] Bitmap Index Scan on info_type_id_movie_info_idx  (cost=0.00..4.18 rows=4 width=0) (actual time=0.001..0.001 rows=0 loops=1)
2022-12-02 20:48:03 [P-396] [MainThread] [parse_query_plan] [DEBUG] parse_query_plan.py[line:132] ['Bitmap Index Scan', 'info_type_id_movie_info_idx']
2022-12-02 20:48:03 [P-396] [MainThread] [parse_query_plan] [DEBUG] parse_query_plan.py[line:149] _do_BitMapIndexScan
2022-12-02 20:48:03 [P-396] [MainThread] [parse_query_plan] [DEBUG] parse_query_plan.py[line:126] Index Scan using title_pkey on title t  (cost=0.43..8.41 rows=1 width=20) (never executed)
2022-12-02 20:48:03 [P-396] [MainThread] [parse_query_plan] [DEBUG] parse_query_plan.py[line:132] ['Index Scan', 'title_pkey', 'title t']
2022-12-02 20:48:03 [P-396] [MainThread] [parse_query_plan] [DEBUG] parse_query_plan.py[line:149] _do_IndexScan
2022-12-02 20:48:03 [P-396] [MainThread] [parse_query_plan] [DEBUG] parse_query_plan.py[line:126] Index Scan using movie_companies_idx_mid on movie_companies mc  (cost=0.43..0.72 rows=6 width=12) (never executed)
2022-12-02 20:48:03 [P-396] [MainThread] [parse_query_plan] [DEBUG] parse_query_plan.py[line:132] ['Index Scan', 'movie_companies_idx_mid', 'movie_companies mc']
2022-12-02 20:48:03 [P-396] [MainThread] [parse_query_plan] [DEBUG] parse_query_plan.py[line:149] _do_IndexScan
2022-12-02 20:48:03 [P-396] [MainThread] [parse_query_plan] [DEBUG] parse_query_plan.py[line:126] Index Scan using company_type_pkey on company_type ct  (cost=0.15..0.17 rows=1 width=4) (never executed)
2022-12-02 20:48:03 [P-396] [MainThread] [parse_query_plan] [DEBUG] parse_query_plan.py[line:132] ['Index Scan', 'company_type_pkey', 'company_type ct']
2022-12-02 20:48:03 [P-396] [MainThread] [parse_query_plan] [DEBUG] parse_query_plan.py[line:149] _do_IndexScan
2022-12-02 20:48:03 [P-396] [MainThread] [parse_query_plan] [DEBUG] parse_query_plan.py[line:126] Index Scan using company_name_pkey on company_name cn  (cost=0.42..0.45 rows=1 width=23) (never executed)
2022-12-02 20:48:03 [P-396] [MainThread] [parse_query_plan] [DEBUG] parse_query_plan.py[line:132] ['Index Scan', 'company_name_pkey', 'company_name cn']
2022-12-02 20:48:03 [P-396] [MainThread] [parse_query_plan] [DEBUG] parse_query_plan.py[line:149] _do_IndexScan
2022-12-02 20:48:03 [P-396] [MainThread] [parse_query_plan] [DEBUG] parse_query_plan.py[line:126] Index Scan using movie_info_idx_mid on movie_info mi  (cost=0.44..2.12 rows=1 width=8) (never executed)
2022-12-02 20:48:03 [P-396] [MainThread] [parse_query_plan] [DEBUG] parse_query_plan.py[line:132] ['Index Scan', 'movie_info_idx_mid', 'movie_info mi']
2022-12-02 20:48:03 [P-396] [MainThread] [parse_query_plan] [DEBUG] parse_query_plan.py[line:149] _do_IndexScan
2022-12-02 20:48:03 [P-396] [MainThread] [parse_query_plan] [DEBUG] parse_query_plan.py[line:183] <re.Match object; span=(0, 52), match="info = ANY ('{Drama,Horror,Western,Family}'::text>
2022-12-02 20:48:03 [P-396] [MainThread] [parse_query_plan] [DEBUG] parse_query_plan.py[line:126] Index Scan using info_type_pkey on info_type it1  (cost=0.14..0.16 rows=1 width=4) (never executed)
2022-12-02 20:48:03 [P-396] [MainThread] [parse_query_plan] [DEBUG] parse_query_plan.py[line:132] ['Index Scan', 'info_type_pkey', 'info_type it1']
2022-12-02 20:48:03 [P-396] [MainThread] [parse_query_plan] [DEBUG] parse_query_plan.py[line:149] _do_IndexScan
2022-12-02 20:48:03 [P-396] [MainThread] [parse_query_plan] [DEBUG] parse_query_plan.py[line:126] Aggregate  (cost=52.74..52.75 rows=1 width=96) (actual time=0.013..0.014 rows=1 loops=1)
2022-12-02 20:48:03 [P-396] [MainThread] [parse_query_plan] [DEBUG] parse_query_plan.py[line:132] ['Aggregate']
2022-12-02 20:48:03 [P-396] [MainThread] [parse_query_plan] [DEBUG] parse_query_plan.py[line:149] _do_Aggregate
2022-12-02 20:48:03 [P-396] [MainThread] [parse_query_plan] [DEBUG] parse_query_plan.py[line:126] Nested Loop  (cost=6.36..52.73 rows=1 width=91) (actual time=0.012..0.013 rows=0 loops=1)
2022-12-02 20:48:03 [P-396] [MainThread] [parse_query_plan] [DEBUG] parse_query_plan.py[line:132] ['Nested Loop']
2022-12-02 20:48:03 [P-396] [MainThread] [parse_query_plan] [DEBUG] parse_query_plan.py[line:149] _do_NestedLoop
2022-12-02 20:48:03 [P-396] [MainThread] [parse_query_plan] [DEBUG] parse_query_plan.py[line:126] Nested Loop  (cost=6.21..52.55 rows=1 width=95) (actual time=0.012..0.013 rows=0 loops=1)
2022-12-02 20:48:03 [P-396] [MainThread] [parse_query_plan] [DEBUG] parse_query_plan.py[line:132] ['Nested Loop']
2022-12-02 20:48:03 [P-396] [MainThread] [parse_query_plan] [DEBUG] parse_query_plan.py[line:149] _do_NestedLoop
2022-12-02 20:48:03 [P-396] [MainThread] [parse_query_plan] [DEBUG] parse_query_plan.py[line:126] Nested Loop  (cost=5.78..52.11 rows=1 width=99) (actual time=0.012..0.013 rows=0 loops=1)
2022-12-02 20:48:03 [P-396] [MainThread] [parse_query_plan] [DEBUG] parse_query_plan.py[line:132] ['Nested Loop']
2022-12-02 20:48:03 [P-396] [MainThread] [parse_query_plan] [DEBUG] parse_query_plan.py[line:149] _do_NestedLoop
2022-12-02 20:48:03 [P-396] [MainThread] [parse_query_plan] [DEBUG] parse_query_plan.py[line:126] Nested Loop  (cost=5.35..51.50 rows=1 width=103) (actual time=0.012..0.013 rows=0 loops=1)
2022-12-02 20:48:03 [P-396] [MainThread] [parse_query_plan] [DEBUG] parse_query_plan.py[line:132] ['Nested Loop']
2022-12-02 20:48:03 [P-396] [MainThread] [parse_query_plan] [DEBUG] parse_query_plan.py[line:149] _do_NestedLoop
2022-12-02 20:48:03 [P-396] [MainThread] [parse_query_plan] [DEBUG] parse_query_plan.py[line:126] Nested Loop  (cost=5.21..51.32 rows=1 width=107) (actual time=0.012..0.013 rows=0 loops=1)
2022-12-02 20:48:03 [P-396] [MainThread] [parse_query_plan] [DEBUG] parse_query_plan.py[line:132] ['Nested Loop']
2022-12-02 20:48:03 [P-396] [MainThread] [parse_query_plan] [DEBUG] parse_query_plan.py[line:149] _do_NestedLoop
2022-12-02 20:48:03 [P-396] [MainThread] [parse_query_plan] [DEBUG] parse_query_plan.py[line:126] Nested Loop  (cost=4.77..48.75 rows=1 width=56) (actual time=0.012..0.012 rows=0 loops=1)
2022-12-02 20:48:03 [P-396] [MainThread] [parse_query_plan] [DEBUG] parse_query_plan.py[line:132] ['Nested Loop']
2022-12-02 20:48:03 [P-396] [MainThread] [parse_query_plan] [DEBUG] parse_query_plan.py[line:149] _do_NestedLoop
2022-12-02 20:48:03 [P-396] [MainThread] [parse_query_plan] [DEBUG] parse_query_plan.py[line:126] Nested Loop  (cost=4.61..48.10 rows=4 width=60) (actual time=0.012..0.012 rows=0 loops=1)
2022-12-02 20:48:03 [P-396] [MainThread] [parse_query_plan] [DEBUG] parse_query_plan.py[line:132] ['Nested Loop']
2022-12-02 20:48:03 [P-396] [MainThread] [parse_query_plan] [DEBUG] parse_query_plan.py[line:149] _do_NestedLoop
2022-12-02 20:48:03 [P-396] [MainThread] [parse_query_plan] [DEBUG] parse_query_plan.py[line:126] Nested Loop  (cost=4.18..15.09 rows=4 width=36) (actual time=0.012..0.012 rows=0 loops=1)
2022-12-02 20:48:03 [P-396] [MainThread] [parse_query_plan] [DEBUG] parse_query_plan.py[line:132] ['Nested Loop']
2022-12-02 20:48:03 [P-396] [MainThread] [parse_query_plan] [DEBUG] parse_query_plan.py[line:149] _do_NestedLoop
2022-12-02 20:48:03 [P-396] [MainThread] [parse_query_plan] [DEBUG] parse_query_plan.py[line:126] Seq Scan on info_type it  (cost=0.00..2.41 rows=1 width=4) (actual time=0.008..0.008 rows=1 loops=1)
2022-12-02 20:48:03 [P-396] [MainThread] [parse_query_plan] [DEBUG] parse_query_plan.py[line:132] ['Seq Scan', 'info_type it']
2022-12-02 20:48:03 [P-396] [MainThread] [parse_query_plan] [DEBUG] parse_query_plan.py[line:149] _do_SeqScan
2022-12-02 20:48:03 [P-396] [MainThread] [parse_query_plan] [DEBUG] parse_query_plan.py[line:126] Bitmap Heap Scan on movie_info_idx miidx  (cost=4.18..12.64 rows=4 width=40) (actual time=0.002..0.002 rows=0 loops=1)
2022-12-02 20:48:03 [P-396] [MainThread] [parse_query_plan] [DEBUG] parse_query_plan.py[line:132] ['Bitmap Heap Scan', 'movie_info_idx miidx']
2022-12-02 20:48:03 [P-396] [MainThread] [parse_query_plan] [DEBUG] parse_query_plan.py[line:149] _do_BitMapHeapScan
2022-12-02 20:48:03 [P-396] [MainThread] [parse_query_plan] [DEBUG] parse_query_plan.py[line:126] Bitmap Index Scan on info_type_id_movie_info_idx  (cost=0.00..4.18 rows=4 width=0) (actual time=0.001..0.001 rows=0 loops=1)
2022-12-02 20:48:03 [P-396] [MainThread] [parse_query_plan] [DEBUG] parse_query_plan.py[line:132] ['Bitmap Index Scan', 'info_type_id_movie_info_idx']
2022-12-02 20:48:03 [P-396] [MainThread] [parse_query_plan] [DEBUG] parse_query_plan.py[line:149] _do_BitMapIndexScan
2022-12-02 20:48:03 [P-396] [MainThread] [parse_query_plan] [DEBUG] parse_query_plan.py[line:126] Index Scan using title_pkey on title t  (cost=0.43..8.25 rows=1 width=24) (never executed)
2022-12-02 20:48:03 [P-396] [MainThread] [parse_query_plan] [DEBUG] parse_query_plan.py[line:132] ['Index Scan', 'title_pkey', 'title t']
2022-12-02 20:48:03 [P-396] [MainThread] [parse_query_plan] [DEBUG] parse_query_plan.py[line:149] _do_IndexScan
2022-12-02 20:48:03 [P-396] [MainThread] [parse_query_plan] [DEBUG] parse_query_plan.py[line:126] Memoize  (cost=0.16..0.18 rows=1 width=4) (never executed)
2022-12-02 20:48:03 [P-396] [MainThread] [parse_query_plan] [DEBUG] parse_query_plan.py[line:132] ['Memoize']
2022-12-02 20:48:03 [P-396] [MainThread] [parse_query_plan] [DEBUG] parse_query_plan.py[line:149] _do_Memorize
2022-12-02 20:48:03 [P-396] [MainThread] [parse_query_plan] [DEBUG] parse_query_plan.py[line:126] Index Scan using kind_type_pkey on kind_type kt  (cost=0.15..0.17 rows=1 width=4) (never executed)
2022-12-02 20:48:03 [P-396] [MainThread] [parse_query_plan] [DEBUG] parse_query_plan.py[line:132] ['Index Scan', 'kind_type_pkey', 'kind_type kt']
2022-12-02 20:48:03 [P-396] [MainThread] [parse_query_plan] [DEBUG] parse_query_plan.py[line:149] _do_IndexScan
2022-12-02 20:48:03 [P-396] [MainThread] [parse_query_plan] [DEBUG] parse_query_plan.py[line:126] Index Scan using movie_info_idx_mid on movie_info mi  (cost=0.44..1.95 rows=62 width=51) (never executed)
2022-12-02 20:48:03 [P-396] [MainThread] [parse_query_plan] [DEBUG] parse_query_plan.py[line:132] ['Index Scan', 'movie_info_idx_mid', 'movie_info mi']
2022-12-02 20:48:03 [P-396] [MainThread] [parse_query_plan] [DEBUG] parse_query_plan.py[line:149] _do_IndexScan
2022-12-02 20:48:03 [P-396] [MainThread] [parse_query_plan] [DEBUG] parse_query_plan.py[line:126] Index Scan using info_type_pkey on info_type it2  (cost=0.14..0.16 rows=1 width=4) (never executed)
2022-12-02 20:48:03 [P-396] [MainThread] [parse_query_plan] [DEBUG] parse_query_plan.py[line:132] ['Index Scan', 'info_type_pkey', 'info_type it2']
2022-12-02 20:48:03 [P-396] [MainThread] [parse_query_plan] [DEBUG] parse_query_plan.py[line:149] _do_IndexScan
2022-12-02 20:48:03 [P-396] [MainThread] [parse_query_plan] [DEBUG] parse_query_plan.py[line:126] Index Scan using movie_companies_idx_mid on movie_companies mc  (cost=0.43..0.54 rows=6 width=12) (never executed)
2022-12-02 20:48:03 [P-396] [MainThread] [parse_query_plan] [DEBUG] parse_query_plan.py[line:132] ['Index Scan', 'movie_companies_idx_mid', 'movie_companies mc']
2022-12-02 20:48:03 [P-396] [MainThread] [parse_query_plan] [DEBUG] parse_query_plan.py[line:149] _do_IndexScan
2022-12-02 20:48:03 [P-396] [MainThread] [parse_query_plan] [DEBUG] parse_query_plan.py[line:126] Index Scan using company_name_pkey on company_name cn  (cost=0.42..0.45 rows=1 width=4) (never executed)
2022-12-02 20:48:03 [P-396] [MainThread] [parse_query_plan] [DEBUG] parse_query_plan.py[line:132] ['Index Scan', 'company_name_pkey', 'company_name cn']
2022-12-02 20:48:03 [P-396] [MainThread] [parse_query_plan] [DEBUG] parse_query_plan.py[line:149] _do_IndexScan
2022-12-02 20:48:03 [P-396] [MainThread] [parse_query_plan] [DEBUG] parse_query_plan.py[line:126] Index Scan using company_type_pkey on company_type ct  (cost=0.15..0.17 rows=1 width=4) (never executed)
2022-12-02 20:48:03 [P-396] [MainThread] [parse_query_plan] [DEBUG] parse_query_plan.py[line:132] ['Index Scan', 'company_type_pkey', 'company_type ct']
2022-12-02 20:48:03 [P-396] [MainThread] [parse_query_plan] [DEBUG] parse_query_plan.py[line:149] _do_IndexScan
2022-12-02 20:48:03 [P-396] [MainThread] [parse_query_plan] [DEBUG] parse_query_plan.py[line:126] Aggregate  (cost=76.72..76.73 rows=1 width=96) (actual time=0.013..0.014 rows=1 loops=1)
2022-12-02 20:48:03 [P-396] [MainThread] [parse_query_plan] [DEBUG] parse_query_plan.py[line:132] ['Aggregate']
2022-12-02 20:48:03 [P-396] [MainThread] [parse_query_plan] [DEBUG] parse_query_plan.py[line:149] _do_Aggregate
2022-12-02 20:48:03 [P-396] [MainThread] [parse_query_plan] [DEBUG] parse_query_plan.py[line:126] Nested Loop  (cost=6.35..76.72 rows=1 width=67) (actual time=0.013..0.013 rows=0 loops=1)
2022-12-02 20:48:03 [P-396] [MainThread] [parse_query_plan] [DEBUG] parse_query_plan.py[line:132] ['Nested Loop']
2022-12-02 20:48:03 [P-396] [MainThread] [parse_query_plan] [DEBUG] parse_query_plan.py[line:149] _do_NestedLoop
2022-12-02 20:48:03 [P-396] [MainThread] [parse_query_plan] [DEBUG] parse_query_plan.py[line:126] Nested Loop  (cost=6.20..76.43 rows=1 width=71) (actual time=0.012..0.013 rows=0 loops=1)
2022-12-02 20:48:03 [P-396] [MainThread] [parse_query_plan] [DEBUG] parse_query_plan.py[line:132] ['Nested Loop']
2022-12-02 20:48:03 [P-396] [MainThread] [parse_query_plan] [DEBUG] parse_query_plan.py[line:149] _do_NestedLoop
2022-12-02 20:48:03 [P-396] [MainThread] [parse_query_plan] [DEBUG] parse_query_plan.py[line:126] Nested Loop  (cost=6.05..76.24 rows=1 width=75) (actual time=0.012..0.013 rows=0 loops=1)
2022-12-02 20:48:03 [P-396] [MainThread] [parse_query_plan] [DEBUG] parse_query_plan.py[line:132] ['Nested Loop']
2022-12-02 20:48:03 [P-396] [MainThread] [parse_query_plan] [DEBUG] parse_query_plan.py[line:149] _do_NestedLoop
2022-12-02 20:48:03 [P-396] [MainThread] [parse_query_plan] [DEBUG] parse_query_plan.py[line:126] Nested Loop  (cost=5.62..73.66 rows=1 width=83) (actual time=0.012..0.013 rows=0 loops=1)
2022-12-02 20:48:03 [P-396] [MainThread] [parse_query_plan] [DEBUG] parse_query_plan.py[line:132] ['Nested Loop']
2022-12-02 20:48:03 [P-396] [MainThread] [parse_query_plan] [DEBUG] parse_query_plan.py[line:149] _do_NestedLoop
2022-12-02 20:48:03 [P-396] [MainThread] [parse_query_plan] [DEBUG] parse_query_plan.py[line:126] Nested Loop  (cost=5.47..73.49 rows=1 width=87) (actual time=0.012..0.013 rows=0 loops=1)
2022-12-02 20:48:03 [P-396] [MainThread] [parse_query_plan] [DEBUG] parse_query_plan.py[line:132] ['Nested Loop']
2022-12-02 20:48:03 [P-396] [MainThread] [parse_query_plan] [DEBUG] parse_query_plan.py[line:149] _do_NestedLoop
2022-12-02 20:48:03 [P-396] [MainThread] [parse_query_plan] [DEBUG] parse_query_plan.py[line:126] Nested Loop  (cost=5.04..73.04 rows=1 width=72) (actual time=0.012..0.013 rows=0 loops=1)
2022-12-02 20:48:03 [P-396] [MainThread] [parse_query_plan] [DEBUG] parse_query_plan.py[line:132] ['Nested Loop']
2022-12-02 20:48:03 [P-396] [MainThread] [parse_query_plan] [DEBUG] parse_query_plan.py[line:149] _do_NestedLoop
2022-12-02 20:48:03 [P-396] [MainThread] [parse_query_plan] [DEBUG] parse_query_plan.py[line:126] Nested Loop  (cost=4.61..48.16 rows=1 width=60) (actual time=0.012..0.012 rows=0 loops=1)
2022-12-02 20:48:03 [P-396] [MainThread] [parse_query_plan] [DEBUG] parse_query_plan.py[line:132] ['Nested Loop']
2022-12-02 20:48:03 [P-396] [MainThread] [parse_query_plan] [DEBUG] parse_query_plan.py[line:149] _do_NestedLoop
2022-12-02 20:48:03 [P-396] [MainThread] [parse_query_plan] [DEBUG] parse_query_plan.py[line:126] Nested Loop  (cost=4.18..15.09 rows=4 width=36) (actual time=0.012..0.012 rows=0 loops=1)
2022-12-02 20:48:03 [P-396] [MainThread] [parse_query_plan] [DEBUG] parse_query_plan.py[line:132] ['Nested Loop']
2022-12-02 20:48:03 [P-396] [MainThread] [parse_query_plan] [DEBUG] parse_query_plan.py[line:149] _do_NestedLoop
2022-12-02 20:48:03 [P-396] [MainThread] [parse_query_plan] [DEBUG] parse_query_plan.py[line:126] Seq Scan on info_type it  (cost=0.00..2.41 rows=1 width=4) (actual time=0.008..0.009 rows=1 loops=1)
2022-12-02 20:48:03 [P-396] [MainThread] [parse_query_plan] [DEBUG] parse_query_plan.py[line:132] ['Seq Scan', 'info_type it']
2022-12-02 20:48:03 [P-396] [MainThread] [parse_query_plan] [DEBUG] parse_query_plan.py[line:149] _do_SeqScan
2022-12-02 20:48:03 [P-396] [MainThread] [parse_query_plan] [DEBUG] parse_query_plan.py[line:126] Bitmap Heap Scan on movie_info_idx miidx  (cost=4.18..12.64 rows=4 width=40) (actual time=0.002..0.002 rows=0 loops=1)
2022-12-02 20:48:03 [P-396] [MainThread] [parse_query_plan] [DEBUG] parse_query_plan.py[line:132] ['Bitmap Heap Scan', 'movie_info_idx miidx']
2022-12-02 20:48:03 [P-396] [MainThread] [parse_query_plan] [DEBUG] parse_query_plan.py[line:149] _do_BitMapHeapScan
2022-12-02 20:48:03 [P-396] [MainThread] [parse_query_plan] [DEBUG] parse_query_plan.py[line:126] Bitmap Index Scan on info_type_id_movie_info_idx  (cost=0.00..4.18 rows=4 width=0) (actual time=0.001..0.001 rows=0 loops=1)
2022-12-02 20:48:03 [P-396] [MainThread] [parse_query_plan] [DEBUG] parse_query_plan.py[line:132] ['Bitmap Index Scan', 'info_type_id_movie_info_idx']
2022-12-02 20:48:03 [P-396] [MainThread] [parse_query_plan] [DEBUG] parse_query_plan.py[line:149] _do_BitMapIndexScan
2022-12-02 20:48:03 [P-396] [MainThread] [parse_query_plan] [DEBUG] parse_query_plan.py[line:126] Index Scan using title_pkey on title t  (cost=0.43..8.26 rows=1 width=24) (never executed)
2022-12-02 20:48:03 [P-396] [MainThread] [parse_query_plan] [DEBUG] parse_query_plan.py[line:132] ['Index Scan', 'title_pkey', 'title t']
2022-12-02 20:48:03 [P-396] [MainThread] [parse_query_plan] [DEBUG] parse_query_plan.py[line:149] _do_IndexScan
2022-12-02 20:48:03 [P-396] [MainThread] [parse_query_plan] [DEBUG] parse_query_plan.py[line:126] Index Scan using movie_companies_idx_mid on movie_companies mc  (cost=0.43..24.80 rows=6 width=12) (never executed)
2022-12-02 20:48:03 [P-396] [MainThread] [parse_query_plan] [DEBUG] parse_query_plan.py[line:132] ['Index Scan', 'movie_companies_idx_mid', 'movie_companies mc']
2022-12-02 20:48:03 [P-396] [MainThread] [parse_query_plan] [DEBUG] parse_query_plan.py[line:149] _do_IndexScan
2022-12-02 20:48:03 [P-396] [MainThread] [parse_query_plan] [DEBUG] parse_query_plan.py[line:126] Index Scan using company_name_pkey on company_name cn  (cost=0.42..0.45 rows=1 width=23) (never executed)
2022-12-02 20:48:03 [P-396] [MainThread] [parse_query_plan] [DEBUG] parse_query_plan.py[line:132] ['Index Scan', 'company_name_pkey', 'company_name cn']
2022-12-02 20:48:03 [P-396] [MainThread] [parse_query_plan] [DEBUG] parse_query_plan.py[line:149] _do_IndexScan
2022-12-02 20:48:03 [P-396] [MainThread] [parse_query_plan] [DEBUG] parse_query_plan.py[line:126] Index Scan using company_type_pkey on company_type ct  (cost=0.15..0.17 rows=1 width=4) (never executed)
2022-12-02 20:48:03 [P-396] [MainThread] [parse_query_plan] [DEBUG] parse_query_plan.py[line:132] ['Index Scan', 'company_type_pkey', 'company_type ct']
2022-12-02 20:48:03 [P-396] [MainThread] [parse_query_plan] [DEBUG] parse_query_plan.py[line:149] _do_IndexScan
2022-12-02 20:48:03 [P-396] [MainThread] [parse_query_plan] [DEBUG] parse_query_plan.py[line:126] Index Scan using movie_info_idx_mid on movie_info mi  (cost=0.44..1.81 rows=62 width=8) (never executed)
2022-12-02 20:48:03 [P-396] [MainThread] [parse_query_plan] [DEBUG] parse_query_plan.py[line:132] ['Index Scan', 'movie_info_idx_mid', 'movie_info mi']
2022-12-02 20:48:03 [P-396] [MainThread] [parse_query_plan] [DEBUG] parse_query_plan.py[line:149] _do_IndexScan
2022-12-02 20:48:03 [P-396] [MainThread] [parse_query_plan] [DEBUG] parse_query_plan.py[line:126] Index Scan using info_type_pkey on info_type it2  (cost=0.14..0.16 rows=1 width=4) (never executed)
2022-12-02 20:48:03 [P-396] [MainThread] [parse_query_plan] [DEBUG] parse_query_plan.py[line:132] ['Index Scan', 'info_type_pkey', 'info_type it2']
2022-12-02 20:48:03 [P-396] [MainThread] [parse_query_plan] [DEBUG] parse_query_plan.py[line:149] _do_IndexScan
2022-12-02 20:48:03 [P-396] [MainThread] [parse_query_plan] [DEBUG] parse_query_plan.py[line:126] Index Scan using kind_type_pkey on kind_type kt  (cost=0.15..0.25 rows=1 width=4) (never executed)
2022-12-02 20:48:03 [P-396] [MainThread] [parse_query_plan] [DEBUG] parse_query_plan.py[line:132] ['Index Scan', 'kind_type_pkey', 'kind_type kt']
2022-12-02 20:48:03 [P-396] [MainThread] [parse_query_plan] [DEBUG] parse_query_plan.py[line:149] _do_IndexScan
2022-12-02 20:48:04 [P-396] [MainThread] [parse_query_plan] [DEBUG] parse_query_plan.py[line:126] Aggregate  (cost=76.72..76.73 rows=1 width=96) (actual time=0.015..0.016 rows=1 loops=1)
2022-12-02 20:48:04 [P-396] [MainThread] [parse_query_plan] [DEBUG] parse_query_plan.py[line:132] ['Aggregate']
2022-12-02 20:48:04 [P-396] [MainThread] [parse_query_plan] [DEBUG] parse_query_plan.py[line:149] _do_Aggregate
2022-12-02 20:48:04 [P-396] [MainThread] [parse_query_plan] [DEBUG] parse_query_plan.py[line:126] Nested Loop  (cost=6.35..76.72 rows=1 width=67) (actual time=0.014..0.015 rows=0 loops=1)
2022-12-02 20:48:04 [P-396] [MainThread] [parse_query_plan] [DEBUG] parse_query_plan.py[line:132] ['Nested Loop']
2022-12-02 20:48:04 [P-396] [MainThread] [parse_query_plan] [DEBUG] parse_query_plan.py[line:149] _do_NestedLoop
2022-12-02 20:48:04 [P-396] [MainThread] [parse_query_plan] [DEBUG] parse_query_plan.py[line:126] Nested Loop  (cost=6.20..76.43 rows=1 width=71) (actual time=0.014..0.014 rows=0 loops=1)
2022-12-02 20:48:04 [P-396] [MainThread] [parse_query_plan] [DEBUG] parse_query_plan.py[line:132] ['Nested Loop']
2022-12-02 20:48:04 [P-396] [MainThread] [parse_query_plan] [DEBUG] parse_query_plan.py[line:149] _do_NestedLoop
2022-12-02 20:48:04 [P-396] [MainThread] [parse_query_plan] [DEBUG] parse_query_plan.py[line:126] Nested Loop  (cost=6.05..76.24 rows=1 width=75) (actual time=0.014..0.014 rows=0 loops=1)
2022-12-02 20:48:04 [P-396] [MainThread] [parse_query_plan] [DEBUG] parse_query_plan.py[line:132] ['Nested Loop']
2022-12-02 20:48:04 [P-396] [MainThread] [parse_query_plan] [DEBUG] parse_query_plan.py[line:149] _do_NestedLoop
2022-12-02 20:48:04 [P-396] [MainThread] [parse_query_plan] [DEBUG] parse_query_plan.py[line:126] Nested Loop  (cost=5.62..73.66 rows=1 width=83) (actual time=0.014..0.014 rows=0 loops=1)
2022-12-02 20:48:04 [P-396] [MainThread] [parse_query_plan] [DEBUG] parse_query_plan.py[line:132] ['Nested Loop']
2022-12-02 20:48:04 [P-396] [MainThread] [parse_query_plan] [DEBUG] parse_query_plan.py[line:149] _do_NestedLoop
2022-12-02 20:48:04 [P-396] [MainThread] [parse_query_plan] [DEBUG] parse_query_plan.py[line:126] Nested Loop  (cost=5.47..73.49 rows=1 width=87) (actual time=0.013..0.014 rows=0 loops=1)
2022-12-02 20:48:04 [P-396] [MainThread] [parse_query_plan] [DEBUG] parse_query_plan.py[line:132] ['Nested Loop']
2022-12-02 20:48:04 [P-396] [MainThread] [parse_query_plan] [DEBUG] parse_query_plan.py[line:149] _do_NestedLoop
2022-12-02 20:48:04 [P-396] [MainThread] [parse_query_plan] [DEBUG] parse_query_plan.py[line:126] Nested Loop  (cost=5.04..73.04 rows=1 width=72) (actual time=0.013..0.014 rows=0 loops=1)
2022-12-02 20:48:04 [P-396] [MainThread] [parse_query_plan] [DEBUG] parse_query_plan.py[line:132] ['Nested Loop']
2022-12-02 20:48:04 [P-396] [MainThread] [parse_query_plan] [DEBUG] parse_query_plan.py[line:149] _do_NestedLoop
2022-12-02 20:48:04 [P-396] [MainThread] [parse_query_plan] [DEBUG] parse_query_plan.py[line:126] Nested Loop  (cost=4.61..48.16 rows=1 width=60) (actual time=0.013..0.014 rows=0 loops=1)
2022-12-02 20:48:04 [P-396] [MainThread] [parse_query_plan] [DEBUG] parse_query_plan.py[line:132] ['Nested Loop']
2022-12-02 20:48:04 [P-396] [MainThread] [parse_query_plan] [DEBUG] parse_query_plan.py[line:149] _do_NestedLoop
2022-12-02 20:48:04 [P-396] [MainThread] [parse_query_plan] [DEBUG] parse_query_plan.py[line:126] Nested Loop  (cost=4.18..15.09 rows=4 width=36) (actual time=0.013..0.014 rows=0 loops=1)
2022-12-02 20:48:04 [P-396] [MainThread] [parse_query_plan] [DEBUG] parse_query_plan.py[line:132] ['Nested Loop']
2022-12-02 20:48:04 [P-396] [MainThread] [parse_query_plan] [DEBUG] parse_query_plan.py[line:149] _do_NestedLoop
2022-12-02 20:48:04 [P-396] [MainThread] [parse_query_plan] [DEBUG] parse_query_plan.py[line:126] Seq Scan on info_type it  (cost=0.00..2.41 rows=1 width=4) (actual time=0.009..0.009 rows=1 loops=1)
2022-12-02 20:48:04 [P-396] [MainThread] [parse_query_plan] [DEBUG] parse_query_plan.py[line:132] ['Seq Scan', 'info_type it']
2022-12-02 20:48:04 [P-396] [MainThread] [parse_query_plan] [DEBUG] parse_query_plan.py[line:149] _do_SeqScan
2022-12-02 20:48:04 [P-396] [MainThread] [parse_query_plan] [DEBUG] parse_query_plan.py[line:126] Bitmap Heap Scan on movie_info_idx miidx  (cost=4.18..12.64 rows=4 width=40) (actual time=0.002..0.002 rows=0 loops=1)
2022-12-02 20:48:04 [P-396] [MainThread] [parse_query_plan] [DEBUG] parse_query_plan.py[line:132] ['Bitmap Heap Scan', 'movie_info_idx miidx']
2022-12-02 20:48:04 [P-396] [MainThread] [parse_query_plan] [DEBUG] parse_query_plan.py[line:149] _do_BitMapHeapScan
2022-12-02 20:48:04 [P-396] [MainThread] [parse_query_plan] [DEBUG] parse_query_plan.py[line:126] Bitmap Index Scan on info_type_id_movie_info_idx  (cost=0.00..4.18 rows=4 width=0) (actual time=0.001..0.001 rows=0 loops=1)
2022-12-02 20:48:04 [P-396] [MainThread] [parse_query_plan] [DEBUG] parse_query_plan.py[line:132] ['Bitmap Index Scan', 'info_type_id_movie_info_idx']
2022-12-02 20:48:04 [P-396] [MainThread] [parse_query_plan] [DEBUG] parse_query_plan.py[line:149] _do_BitMapIndexScan
2022-12-02 20:48:04 [P-396] [MainThread] [parse_query_plan] [DEBUG] parse_query_plan.py[line:126] Index Scan using title_pkey on title t  (cost=0.43..8.26 rows=1 width=24) (never executed)
2022-12-02 20:48:04 [P-396] [MainThread] [parse_query_plan] [DEBUG] parse_query_plan.py[line:132] ['Index Scan', 'title_pkey', 'title t']
2022-12-02 20:48:04 [P-396] [MainThread] [parse_query_plan] [DEBUG] parse_query_plan.py[line:149] _do_IndexScan
2022-12-02 20:48:04 [P-396] [MainThread] [parse_query_plan] [DEBUG] parse_query_plan.py[line:126] Index Scan using movie_companies_idx_mid on movie_companies mc  (cost=0.43..24.80 rows=6 width=12) (never executed)
2022-12-02 20:48:04 [P-396] [MainThread] [parse_query_plan] [DEBUG] parse_query_plan.py[line:132] ['Index Scan', 'movie_companies_idx_mid', 'movie_companies mc']
2022-12-02 20:48:04 [P-396] [MainThread] [parse_query_plan] [DEBUG] parse_query_plan.py[line:149] _do_IndexScan
2022-12-02 20:48:04 [P-396] [MainThread] [parse_query_plan] [DEBUG] parse_query_plan.py[line:126] Index Scan using company_name_pkey on company_name cn  (cost=0.42..0.45 rows=1 width=23) (never executed)
2022-12-02 20:48:04 [P-396] [MainThread] [parse_query_plan] [DEBUG] parse_query_plan.py[line:132] ['Index Scan', 'company_name_pkey', 'company_name cn']
2022-12-02 20:48:04 [P-396] [MainThread] [parse_query_plan] [DEBUG] parse_query_plan.py[line:149] _do_IndexScan
2022-12-02 20:48:04 [P-396] [MainThread] [parse_query_plan] [DEBUG] parse_query_plan.py[line:126] Index Scan using company_type_pkey on company_type ct  (cost=0.15..0.17 rows=1 width=4) (never executed)
2022-12-02 20:48:04 [P-396] [MainThread] [parse_query_plan] [DEBUG] parse_query_plan.py[line:132] ['Index Scan', 'company_type_pkey', 'company_type ct']
2022-12-02 20:48:04 [P-396] [MainThread] [parse_query_plan] [DEBUG] parse_query_plan.py[line:149] _do_IndexScan
2022-12-02 20:48:04 [P-396] [MainThread] [parse_query_plan] [DEBUG] parse_query_plan.py[line:126] Index Scan using movie_info_idx_mid on movie_info mi  (cost=0.44..1.81 rows=62 width=8) (never executed)
2022-12-02 20:48:04 [P-396] [MainThread] [parse_query_plan] [DEBUG] parse_query_plan.py[line:132] ['Index Scan', 'movie_info_idx_mid', 'movie_info mi']
2022-12-02 20:48:04 [P-396] [MainThread] [parse_query_plan] [DEBUG] parse_query_plan.py[line:149] _do_IndexScan
2022-12-02 20:48:04 [P-396] [MainThread] [parse_query_plan] [DEBUG] parse_query_plan.py[line:126] Index Scan using info_type_pkey on info_type it2  (cost=0.14..0.16 rows=1 width=4) (never executed)
2022-12-02 20:48:04 [P-396] [MainThread] [parse_query_plan] [DEBUG] parse_query_plan.py[line:132] ['Index Scan', 'info_type_pkey', 'info_type it2']
2022-12-02 20:48:04 [P-396] [MainThread] [parse_query_plan] [DEBUG] parse_query_plan.py[line:149] _do_IndexScan
2022-12-02 20:48:04 [P-396] [MainThread] [parse_query_plan] [DEBUG] parse_query_plan.py[line:126] Index Scan using kind_type_pkey on kind_type kt  (cost=0.15..0.25 rows=1 width=4) (never executed)
2022-12-02 20:48:04 [P-396] [MainThread] [parse_query_plan] [DEBUG] parse_query_plan.py[line:132] ['Index Scan', 'kind_type_pkey', 'kind_type kt']
2022-12-02 20:48:04 [P-396] [MainThread] [parse_query_plan] [DEBUG] parse_query_plan.py[line:149] _do_IndexScan
2022-12-02 20:48:04 [P-396] [MainThread] [parse_query_plan] [DEBUG] parse_query_plan.py[line:126] Aggregate  (cost=52.74..52.75 rows=1 width=96) (actual time=0.017..0.018 rows=1 loops=1)
2022-12-02 20:48:04 [P-396] [MainThread] [parse_query_plan] [DEBUG] parse_query_plan.py[line:132] ['Aggregate']
2022-12-02 20:48:04 [P-396] [MainThread] [parse_query_plan] [DEBUG] parse_query_plan.py[line:149] _do_Aggregate
2022-12-02 20:48:04 [P-396] [MainThread] [parse_query_plan] [DEBUG] parse_query_plan.py[line:126] Nested Loop  (cost=6.36..52.73 rows=1 width=67) (actual time=0.016..0.017 rows=0 loops=1)
2022-12-02 20:48:04 [P-396] [MainThread] [parse_query_plan] [DEBUG] parse_query_plan.py[line:132] ['Nested Loop']
2022-12-02 20:48:04 [P-396] [MainThread] [parse_query_plan] [DEBUG] parse_query_plan.py[line:149] _do_NestedLoop
2022-12-02 20:48:04 [P-396] [MainThread] [parse_query_plan] [DEBUG] parse_query_plan.py[line:126] Nested Loop  (cost=6.21..52.55 rows=1 width=71) (actual time=0.016..0.017 rows=0 loops=1)
2022-12-02 20:48:04 [P-396] [MainThread] [parse_query_plan] [DEBUG] parse_query_plan.py[line:132] ['Nested Loop']
2022-12-02 20:48:04 [P-396] [MainThread] [parse_query_plan] [DEBUG] parse_query_plan.py[line:149] _do_NestedLoop
2022-12-02 20:48:04 [P-396] [MainThread] [parse_query_plan] [DEBUG] parse_query_plan.py[line:126] Nested Loop  (cost=5.78..52.11 rows=1 width=56) (actual time=0.016..0.017 rows=0 loops=1)
2022-12-02 20:48:04 [P-396] [MainThread] [parse_query_plan] [DEBUG] parse_query_plan.py[line:132] ['Nested Loop']
2022-12-02 20:48:04 [P-396] [MainThread] [parse_query_plan] [DEBUG] parse_query_plan.py[line:149] _do_NestedLoop
2022-12-02 20:48:04 [P-396] [MainThread] [parse_query_plan] [DEBUG] parse_query_plan.py[line:126] Nested Loop  (cost=5.35..51.50 rows=1 width=60) (actual time=0.016..0.016 rows=0 loops=1)
2022-12-02 20:48:04 [P-396] [MainThread] [parse_query_plan] [DEBUG] parse_query_plan.py[line:132] ['Nested Loop']
2022-12-02 20:48:04 [P-396] [MainThread] [parse_query_plan] [DEBUG] parse_query_plan.py[line:149] _do_NestedLoop
2022-12-02 20:48:04 [P-396] [MainThread] [parse_query_plan] [DEBUG] parse_query_plan.py[line:126] Nested Loop  (cost=5.21..51.32 rows=1 width=64) (actual time=0.016..0.016 rows=0 loops=1)
2022-12-02 20:48:04 [P-396] [MainThread] [parse_query_plan] [DEBUG] parse_query_plan.py[line:132] ['Nested Loop']
2022-12-02 20:48:04 [P-396] [MainThread] [parse_query_plan] [DEBUG] parse_query_plan.py[line:149] _do_NestedLoop
2022-12-02 20:48:04 [P-396] [MainThread] [parse_query_plan] [DEBUG] parse_query_plan.py[line:126] Nested Loop  (cost=4.77..48.75 rows=1 width=56) (actual time=0.016..0.016 rows=0 loops=1)
2022-12-02 20:48:04 [P-396] [MainThread] [parse_query_plan] [DEBUG] parse_query_plan.py[line:132] ['Nested Loop']
2022-12-02 20:48:04 [P-396] [MainThread] [parse_query_plan] [DEBUG] parse_query_plan.py[line:149] _do_NestedLoop
2022-12-02 20:48:04 [P-396] [MainThread] [parse_query_plan] [DEBUG] parse_query_plan.py[line:126] Nested Loop  (cost=4.61..48.10 rows=4 width=60) (actual time=0.016..0.016 rows=0 loops=1)
2022-12-02 20:48:04 [P-396] [MainThread] [parse_query_plan] [DEBUG] parse_query_plan.py[line:132] ['Nested Loop']
2022-12-02 20:48:04 [P-396] [MainThread] [parse_query_plan] [DEBUG] parse_query_plan.py[line:149] _do_NestedLoop
2022-12-02 20:48:04 [P-396] [MainThread] [parse_query_plan] [DEBUG] parse_query_plan.py[line:126] Nested Loop  (cost=4.18..15.09 rows=4 width=36) (actual time=0.016..0.016 rows=0 loops=1)
2022-12-02 20:48:04 [P-396] [MainThread] [parse_query_plan] [DEBUG] parse_query_plan.py[line:132] ['Nested Loop']
2022-12-02 20:48:04 [P-396] [MainThread] [parse_query_plan] [DEBUG] parse_query_plan.py[line:149] _do_NestedLoop
2022-12-02 20:48:04 [P-396] [MainThread] [parse_query_plan] [DEBUG] parse_query_plan.py[line:126] Seq Scan on info_type it  (cost=0.00..2.41 rows=1 width=4) (actual time=0.010..0.011 rows=1 loops=1)
2022-12-02 20:48:04 [P-396] [MainThread] [parse_query_plan] [DEBUG] parse_query_plan.py[line:132] ['Seq Scan', 'info_type it']
2022-12-02 20:48:04 [P-396] [MainThread] [parse_query_plan] [DEBUG] parse_query_plan.py[line:149] _do_SeqScan
2022-12-02 20:48:04 [P-396] [MainThread] [parse_query_plan] [DEBUG] parse_query_plan.py[line:126] Bitmap Heap Scan on movie_info_idx miidx  (cost=4.18..12.64 rows=4 width=40) (actual time=0.003..0.003 rows=0 loops=1)
2022-12-02 20:48:04 [P-396] [MainThread] [parse_query_plan] [DEBUG] parse_query_plan.py[line:132] ['Bitmap Heap Scan', 'movie_info_idx miidx']
2022-12-02 20:48:04 [P-396] [MainThread] [parse_query_plan] [DEBUG] parse_query_plan.py[line:149] _do_BitMapHeapScan
2022-12-02 20:48:04 [P-396] [MainThread] [parse_query_plan] [DEBUG] parse_query_plan.py[line:126] Bitmap Index Scan on info_type_id_movie_info_idx  (cost=0.00..4.18 rows=4 width=0) (actual time=0.002..0.002 rows=0 loops=1)
2022-12-02 20:48:04 [P-396] [MainThread] [parse_query_plan] [DEBUG] parse_query_plan.py[line:132] ['Bitmap Index Scan', 'info_type_id_movie_info_idx']
2022-12-02 20:48:04 [P-396] [MainThread] [parse_query_plan] [DEBUG] parse_query_plan.py[line:149] _do_BitMapIndexScan
2022-12-02 20:48:04 [P-396] [MainThread] [parse_query_plan] [DEBUG] parse_query_plan.py[line:126] Index Scan using title_pkey on title t  (cost=0.43..8.25 rows=1 width=24) (never executed)
2022-12-02 20:48:04 [P-396] [MainThread] [parse_query_plan] [DEBUG] parse_query_plan.py[line:132] ['Index Scan', 'title_pkey', 'title t']
2022-12-02 20:48:04 [P-396] [MainThread] [parse_query_plan] [DEBUG] parse_query_plan.py[line:149] _do_IndexScan
2022-12-02 20:48:04 [P-396] [MainThread] [parse_query_plan] [DEBUG] parse_query_plan.py[line:126] Memoize  (cost=0.16..0.18 rows=1 width=4) (never executed)
2022-12-02 20:48:04 [P-396] [MainThread] [parse_query_plan] [DEBUG] parse_query_plan.py[line:132] ['Memoize']
2022-12-02 20:48:04 [P-396] [MainThread] [parse_query_plan] [DEBUG] parse_query_plan.py[line:149] _do_Memorize
2022-12-02 20:48:04 [P-396] [MainThread] [parse_query_plan] [DEBUG] parse_query_plan.py[line:126] Index Scan using kind_type_pkey on kind_type kt  (cost=0.15..0.17 rows=1 width=4) (never executed)
2022-12-02 20:48:04 [P-396] [MainThread] [parse_query_plan] [DEBUG] parse_query_plan.py[line:132] ['Index Scan', 'kind_type_pkey', 'kind_type kt']
2022-12-02 20:48:04 [P-396] [MainThread] [parse_query_plan] [DEBUG] parse_query_plan.py[line:149] _do_IndexScan
2022-12-02 20:48:04 [P-396] [MainThread] [parse_query_plan] [DEBUG] parse_query_plan.py[line:126] Index Scan using movie_info_idx_mid on movie_info mi  (cost=0.44..1.95 rows=62 width=8) (never executed)
2022-12-02 20:48:04 [P-396] [MainThread] [parse_query_plan] [DEBUG] parse_query_plan.py[line:132] ['Index Scan', 'movie_info_idx_mid', 'movie_info mi']
2022-12-02 20:48:04 [P-396] [MainThread] [parse_query_plan] [DEBUG] parse_query_plan.py[line:149] _do_IndexScan
2022-12-02 20:48:04 [P-396] [MainThread] [parse_query_plan] [DEBUG] parse_query_plan.py[line:126] Index Scan using info_type_pkey on info_type it2  (cost=0.14..0.16 rows=1 width=4) (never executed)
2022-12-02 20:48:04 [P-396] [MainThread] [parse_query_plan] [DEBUG] parse_query_plan.py[line:132] ['Index Scan', 'info_type_pkey', 'info_type it2']
2022-12-02 20:48:04 [P-396] [MainThread] [parse_query_plan] [DEBUG] parse_query_plan.py[line:149] _do_IndexScan
2022-12-02 20:48:04 [P-396] [MainThread] [parse_query_plan] [DEBUG] parse_query_plan.py[line:126] Index Scan using movie_companies_idx_mid on movie_companies mc  (cost=0.43..0.54 rows=6 width=12) (never executed)
2022-12-02 20:48:04 [P-396] [MainThread] [parse_query_plan] [DEBUG] parse_query_plan.py[line:132] ['Index Scan', 'movie_companies_idx_mid', 'movie_companies mc']
2022-12-02 20:48:04 [P-396] [MainThread] [parse_query_plan] [DEBUG] parse_query_plan.py[line:149] _do_IndexScan
2022-12-02 20:48:04 [P-396] [MainThread] [parse_query_plan] [DEBUG] parse_query_plan.py[line:126] Index Scan using company_name_pkey on company_name cn  (cost=0.42..0.45 rows=1 width=23) (never executed)
2022-12-02 20:48:04 [P-396] [MainThread] [parse_query_plan] [DEBUG] parse_query_plan.py[line:132] ['Index Scan', 'company_name_pkey', 'company_name cn']
2022-12-02 20:48:04 [P-396] [MainThread] [parse_query_plan] [DEBUG] parse_query_plan.py[line:149] _do_IndexScan
2022-12-02 20:48:04 [P-396] [MainThread] [parse_query_plan] [DEBUG] parse_query_plan.py[line:126] Index Scan using company_type_pkey on company_type ct  (cost=0.15..0.17 rows=1 width=4) (never executed)
2022-12-02 20:48:04 [P-396] [MainThread] [parse_query_plan] [DEBUG] parse_query_plan.py[line:132] ['Index Scan', 'company_type_pkey', 'company_type ct']
2022-12-02 20:48:04 [P-396] [MainThread] [parse_query_plan] [DEBUG] parse_query_plan.py[line:149] _do_IndexScan
2022-12-02 20:48:04 [P-396] [MainThread] [parse_query_plan] [DEBUG] parse_query_plan.py[line:126] Aggregate  (cost=29.13..29.14 rows=1 width=64) (actual time=0.013..0.014 rows=1 loops=1)
2022-12-02 20:48:04 [P-396] [MainThread] [parse_query_plan] [DEBUG] parse_query_plan.py[line:132] ['Aggregate']
2022-12-02 20:48:04 [P-396] [MainThread] [parse_query_plan] [DEBUG] parse_query_plan.py[line:149] _do_Aggregate
2022-12-02 20:48:04 [P-396] [MainThread] [parse_query_plan] [DEBUG] parse_query_plan.py[line:126] Nested Loop  (cost=6.19..29.12 rows=1 width=48) (actual time=0.012..0.013 rows=0 loops=1)
2022-12-02 20:48:04 [P-396] [MainThread] [parse_query_plan] [DEBUG] parse_query_plan.py[line:132] ['Nested Loop']
2022-12-02 20:48:04 [P-396] [MainThread] [parse_query_plan] [DEBUG] parse_query_plan.py[line:149] _do_NestedLoop
2022-12-02 20:48:04 [P-396] [MainThread] [parse_query_plan] [DEBUG] parse_query_plan.py[line:126] Nested Loop  (cost=5.77..28.67 rows=1 width=52) (actual time=0.012..0.013 rows=0 loops=1)
2022-12-02 20:48:04 [P-396] [MainThread] [parse_query_plan] [DEBUG] parse_query_plan.py[line:132] ['Nested Loop']
2022-12-02 20:48:04 [P-396] [MainThread] [parse_query_plan] [DEBUG] parse_query_plan.py[line:149] _do_NestedLoop
2022-12-02 20:48:04 [P-396] [MainThread] [parse_query_plan] [DEBUG] parse_query_plan.py[line:126] Nested Loop  (cost=5.63..28.48 rows=1 width=56) (actual time=0.012..0.013 rows=0 loops=1)
2022-12-02 20:48:04 [P-396] [MainThread] [parse_query_plan] [DEBUG] parse_query_plan.py[line:132] ['Nested Loop']
2022-12-02 20:48:04 [P-396] [MainThread] [parse_query_plan] [DEBUG] parse_query_plan.py[line:149] _do_NestedLoop
2022-12-02 20:48:04 [P-396] [MainThread] [parse_query_plan] [DEBUG] parse_query_plan.py[line:126] Nested Loop  (cost=5.19..25.97 rows=1 width=64) (actual time=0.012..0.012 rows=0 loops=1)
2022-12-02 20:48:04 [P-396] [MainThread] [parse_query_plan] [DEBUG] parse_query_plan.py[line:132] ['Nested Loop']
2022-12-02 20:48:04 [P-396] [MainThread] [parse_query_plan] [DEBUG] parse_query_plan.py[line:149] _do_NestedLoop
2022-12-02 20:48:04 [P-396] [MainThread] [parse_query_plan] [DEBUG] parse_query_plan.py[line:126] Nested Loop  (cost=4.76..23.65 rows=1 width=56) (actual time=0.012..0.012 rows=0 loops=1)
2022-12-02 20:48:04 [P-396] [MainThread] [parse_query_plan] [DEBUG] parse_query_plan.py[line:132] ['Nested Loop']
2022-12-02 20:48:04 [P-396] [MainThread] [parse_query_plan] [DEBUG] parse_query_plan.py[line:149] _do_NestedLoop
2022-12-02 20:48:04 [P-396] [MainThread] [parse_query_plan] [DEBUG] parse_query_plan.py[line:126] Nested Loop  (cost=4.61..23.48 rows=1 width=60) (actual time=0.012..0.012 rows=0 loops=1)
2022-12-02 20:48:04 [P-396] [MainThread] [parse_query_plan] [DEBUG] parse_query_plan.py[line:132] ['Nested Loop']
2022-12-02 20:48:04 [P-396] [MainThread] [parse_query_plan] [DEBUG] parse_query_plan.py[line:149] _do_NestedLoop
2022-12-02 20:48:04 [P-396] [MainThread] [parse_query_plan] [DEBUG] parse_query_plan.py[line:126] Nested Loop  (cost=4.18..15.07 rows=1 width=36) (actual time=0.012..0.012 rows=0 loops=1)
2022-12-02 20:48:04 [P-396] [MainThread] [parse_query_plan] [DEBUG] parse_query_plan.py[line:132] ['Nested Loop']
2022-12-02 20:48:04 [P-396] [MainThread] [parse_query_plan] [DEBUG] parse_query_plan.py[line:149] _do_NestedLoop
2022-12-02 20:48:04 [P-396] [MainThread] [parse_query_plan] [DEBUG] parse_query_plan.py[line:126] Seq Scan on info_type it2  (cost=0.00..2.41 rows=1 width=4) (actual time=0.008..0.008 rows=1 loops=1)
2022-12-02 20:48:04 [P-396] [MainThread] [parse_query_plan] [DEBUG] parse_query_plan.py[line:132] ['Seq Scan', 'info_type it2']
2022-12-02 20:48:04 [P-396] [MainThread] [parse_query_plan] [DEBUG] parse_query_plan.py[line:149] _do_SeqScan
2022-12-02 20:48:04 [P-396] [MainThread] [parse_query_plan] [DEBUG] parse_query_plan.py[line:126] Bitmap Heap Scan on movie_info_idx mi_idx  (cost=4.18..12.65 rows=1 width=40) (actual time=0.002..0.002 rows=0 loops=1)
2022-12-02 20:48:04 [P-396] [MainThread] [parse_query_plan] [DEBUG] parse_query_plan.py[line:132] ['Bitmap Heap Scan', 'movie_info_idx mi_idx']
2022-12-02 20:48:04 [P-396] [MainThread] [parse_query_plan] [DEBUG] parse_query_plan.py[line:149] _do_BitMapHeapScan
2022-12-02 20:48:04 [P-396] [MainThread] [parse_query_plan] [DEBUG] parse_query_plan.py[line:126] Bitmap Index Scan on info_type_id_movie_info_idx  (cost=0.00..4.18 rows=4 width=0) (actual time=0.001..0.001 rows=0 loops=1)
2022-12-02 20:48:04 [P-396] [MainThread] [parse_query_plan] [DEBUG] parse_query_plan.py[line:132] ['Bitmap Index Scan', 'info_type_id_movie_info_idx']
2022-12-02 20:48:04 [P-396] [MainThread] [parse_query_plan] [DEBUG] parse_query_plan.py[line:149] _do_BitMapIndexScan
2022-12-02 20:48:04 [P-396] [MainThread] [parse_query_plan] [DEBUG] parse_query_plan.py[line:126] Index Scan using title_pkey on title t  (cost=0.43..8.40 rows=1 width=24) (never executed)
2022-12-02 20:48:04 [P-396] [MainThread] [parse_query_plan] [DEBUG] parse_query_plan.py[line:132] ['Index Scan', 'title_pkey', 'title t']
2022-12-02 20:48:04 [P-396] [MainThread] [parse_query_plan] [DEBUG] parse_query_plan.py[line:149] _do_IndexScan
2022-12-02 20:48:04 [P-396] [MainThread] [parse_query_plan] [DEBUG] parse_query_plan.py[line:126] Index Scan using kind_type_pkey on kind_type kt  (cost=0.15..0.17 rows=1 width=4) (never executed)
2022-12-02 20:48:04 [P-396] [MainThread] [parse_query_plan] [DEBUG] parse_query_plan.py[line:132] ['Index Scan', 'kind_type_pkey', 'kind_type kt']
2022-12-02 20:48:04 [P-396] [MainThread] [parse_query_plan] [DEBUG] parse_query_plan.py[line:149] _do_IndexScan
2022-12-02 20:48:04 [P-396] [MainThread] [parse_query_plan] [DEBUG] parse_query_plan.py[line:126] Index Scan using movie_keyword_idx_mid on movie_keyword mk  (cost=0.43..1.69 rows=63 width=8) (never executed)
2022-12-02 20:48:04 [P-396] [MainThread] [parse_query_plan] [DEBUG] parse_query_plan.py[line:132] ['Index Scan', 'movie_keyword_idx_mid', 'movie_keyword mk']
2022-12-02 20:48:04 [P-396] [MainThread] [parse_query_plan] [DEBUG] parse_query_plan.py[line:149] _do_IndexScan
2022-12-02 20:48:04 [P-396] [MainThread] [parse_query_plan] [DEBUG] parse_query_plan.py[line:126] Index Scan using movie_info_idx_mid on movie_info mi  (cost=0.44..2.49 rows=2 width=8) (never executed)
2022-12-02 20:48:04 [P-396] [MainThread] [parse_query_plan] [DEBUG] parse_query_plan.py[line:132] ['Index Scan', 'movie_info_idx_mid', 'movie_info mi']
2022-12-02 20:48:04 [P-396] [MainThread] [parse_query_plan] [DEBUG] parse_query_plan.py[line:149] _do_IndexScan
2022-12-02 20:48:04 [P-396] [MainThread] [parse_query_plan] [DEBUG] parse_query_plan.py[line:183] <re.Match object; span=(0, 99), match="info = ANY ('{Sweden,Norway,Germany,Denmark,Swedi>
2022-12-02 20:48:04 [P-396] [MainThread] [parse_query_plan] [DEBUG] parse_query_plan.py[line:126] Index Scan using info_type_pkey on info_type it1  (cost=0.14..0.16 rows=1 width=4) (never executed)
2022-12-02 20:48:04 [P-396] [MainThread] [parse_query_plan] [DEBUG] parse_query_plan.py[line:132] ['Index Scan', 'info_type_pkey', 'info_type it1']
2022-12-02 20:48:04 [P-396] [MainThread] [parse_query_plan] [DEBUG] parse_query_plan.py[line:149] _do_IndexScan
2022-12-02 20:48:04 [P-396] [MainThread] [parse_query_plan] [DEBUG] parse_query_plan.py[line:126] Index Scan using keyword_pkey on keyword k  (cost=0.42..0.44 rows=1 width=4) (never executed)
2022-12-02 20:48:04 [P-396] [MainThread] [parse_query_plan] [DEBUG] parse_query_plan.py[line:132] ['Index Scan', 'keyword_pkey', 'keyword k']
2022-12-02 20:48:04 [P-396] [MainThread] [parse_query_plan] [DEBUG] parse_query_plan.py[line:149] _do_IndexScan
2022-12-02 20:48:04 [P-396] [MainThread] [parse_query_plan] [DEBUG] parse_query_plan.py[line:183] <re.Match object; span=(0, 65), match="keyword = ANY ('{murder,murder-in-title,blood,vio>
2022-12-02 20:48:04 [P-396] [MainThread] [parse_query_plan] [DEBUG] parse_query_plan.py[line:126] Aggregate  (cost=37.78..37.79 rows=1 width=64) (actual time=0.012..0.012 rows=1 loops=1)
2022-12-02 20:48:04 [P-396] [MainThread] [parse_query_plan] [DEBUG] parse_query_plan.py[line:132] ['Aggregate']
2022-12-02 20:48:04 [P-396] [MainThread] [parse_query_plan] [DEBUG] parse_query_plan.py[line:149] _do_Aggregate
2022-12-02 20:48:04 [P-396] [MainThread] [parse_query_plan] [DEBUG] parse_query_plan.py[line:126] Nested Loop  (cost=6.19..37.77 rows=1 width=48) (actual time=0.011..0.012 rows=0 loops=1)
2022-12-02 20:48:04 [P-396] [MainThread] [parse_query_plan] [DEBUG] parse_query_plan.py[line:132] ['Nested Loop']
2022-12-02 20:48:04 [P-396] [MainThread] [parse_query_plan] [DEBUG] parse_query_plan.py[line:149] _do_NestedLoop
2022-12-02 20:48:04 [P-396] [MainThread] [parse_query_plan] [DEBUG] parse_query_plan.py[line:126] Nested Loop  (cost=6.04..37.40 rows=1 width=52) (actual time=0.011..0.011 rows=0 loops=1)
2022-12-02 20:48:04 [P-396] [MainThread] [parse_query_plan] [DEBUG] parse_query_plan.py[line:132] ['Nested Loop']
2022-12-02 20:48:04 [P-396] [MainThread] [parse_query_plan] [DEBUG] parse_query_plan.py[line:149] _do_NestedLoop
2022-12-02 20:48:04 [P-396] [MainThread] [parse_query_plan] [DEBUG] parse_query_plan.py[line:126] Nested Loop  (cost=5.62..36.94 rows=1 width=56) (actual time=0.011..0.011 rows=0 loops=1)
2022-12-02 20:48:04 [P-396] [MainThread] [parse_query_plan] [DEBUG] parse_query_plan.py[line:132] ['Nested Loop']
2022-12-02 20:48:04 [P-396] [MainThread] [parse_query_plan] [DEBUG] parse_query_plan.py[line:149] _do_NestedLoop
2022-12-02 20:48:04 [P-396] [MainThread] [parse_query_plan] [DEBUG] parse_query_plan.py[line:126] Nested Loop  (cost=5.48..36.76 rows=1 width=60) (actual time=0.011..0.011 rows=0 loops=1)
2022-12-02 20:48:04 [P-396] [MainThread] [parse_query_plan] [DEBUG] parse_query_plan.py[line:132] ['Nested Loop']
2022-12-02 20:48:04 [P-396] [MainThread] [parse_query_plan] [DEBUG] parse_query_plan.py[line:149] _do_NestedLoop
2022-12-02 20:48:04 [P-396] [MainThread] [parse_query_plan] [DEBUG] parse_query_plan.py[line:126] Nested Loop  (cost=5.04..34.25 rows=1 width=68) (actual time=0.011..0.011 rows=0 loops=1)
2022-12-02 20:48:04 [P-396] [MainThread] [parse_query_plan] [DEBUG] parse_query_plan.py[line:132] ['Nested Loop']
2022-12-02 20:48:04 [P-396] [MainThread] [parse_query_plan] [DEBUG] parse_query_plan.py[line:149] _do_NestedLoop
2022-12-02 20:48:04 [P-396] [MainThread] [parse_query_plan] [DEBUG] parse_query_plan.py[line:126] Nested Loop  (cost=4.61..23.53 rows=1 width=60) (actual time=0.011..0.011 rows=0 loops=1)
2022-12-02 20:48:04 [P-396] [MainThread] [parse_query_plan] [DEBUG] parse_query_plan.py[line:132] ['Nested Loop']
2022-12-02 20:48:04 [P-396] [MainThread] [parse_query_plan] [DEBUG] parse_query_plan.py[line:149] _do_NestedLoop
2022-12-02 20:48:04 [P-396] [MainThread] [parse_query_plan] [DEBUG] parse_query_plan.py[line:126] Nested Loop  (cost=4.18..15.07 rows=1 width=36) (actual time=0.011..0.011 rows=0 loops=1)
2022-12-02 20:48:04 [P-396] [MainThread] [parse_query_plan] [DEBUG] parse_query_plan.py[line:132] ['Nested Loop']
2022-12-02 20:48:04 [P-396] [MainThread] [parse_query_plan] [DEBUG] parse_query_plan.py[line:149] _do_NestedLoop
2022-12-02 20:48:04 [P-396] [MainThread] [parse_query_plan] [DEBUG] parse_query_plan.py[line:126] Seq Scan on info_type it2  (cost=0.00..2.41 rows=1 width=4) (actual time=0.007..0.008 rows=1 loops=1)
2022-12-02 20:48:04 [P-396] [MainThread] [parse_query_plan] [DEBUG] parse_query_plan.py[line:132] ['Seq Scan', 'info_type it2']
2022-12-02 20:48:04 [P-396] [MainThread] [parse_query_plan] [DEBUG] parse_query_plan.py[line:149] _do_SeqScan
2022-12-02 20:48:04 [P-396] [MainThread] [parse_query_plan] [DEBUG] parse_query_plan.py[line:126] Bitmap Heap Scan on movie_info_idx mi_idx  (cost=4.18..12.65 rows=1 width=40) (actual time=0.002..0.002 rows=0 loops=1)
2022-12-02 20:48:04 [P-396] [MainThread] [parse_query_plan] [DEBUG] parse_query_plan.py[line:132] ['Bitmap Heap Scan', 'movie_info_idx mi_idx']
2022-12-02 20:48:04 [P-396] [MainThread] [parse_query_plan] [DEBUG] parse_query_plan.py[line:149] _do_BitMapHeapScan
2022-12-02 20:48:04 [P-396] [MainThread] [parse_query_plan] [DEBUG] parse_query_plan.py[line:126] Bitmap Index Scan on info_type_id_movie_info_idx  (cost=0.00..4.18 rows=4 width=0) (actual time=0.001..0.001 rows=0 loops=1)
2022-12-02 20:48:04 [P-396] [MainThread] [parse_query_plan] [DEBUG] parse_query_plan.py[line:132] ['Bitmap Index Scan', 'info_type_id_movie_info_idx']
2022-12-02 20:48:04 [P-396] [MainThread] [parse_query_plan] [DEBUG] parse_query_plan.py[line:149] _do_BitMapIndexScan
2022-12-02 20:48:04 [P-396] [MainThread] [parse_query_plan] [DEBUG] parse_query_plan.py[line:126] Index Scan using title_pkey on title t  (cost=0.43..8.41 rows=1 width=24) (never executed)
2022-12-02 20:48:04 [P-396] [MainThread] [parse_query_plan] [DEBUG] parse_query_plan.py[line:132] ['Index Scan', 'title_pkey', 'title t']
2022-12-02 20:48:04 [P-396] [MainThread] [parse_query_plan] [DEBUG] parse_query_plan.py[line:149] _do_IndexScan
2022-12-02 20:48:04 [P-396] [MainThread] [parse_query_plan] [DEBUG] parse_query_plan.py[line:126] Index Scan using movie_keyword_idx_mid on movie_keyword mk  (cost=0.43..10.09 rows=63 width=8) (never executed)
2022-12-02 20:48:04 [P-396] [MainThread] [parse_query_plan] [DEBUG] parse_query_plan.py[line:132] ['Index Scan', 'movie_keyword_idx_mid', 'movie_keyword mk']
2022-12-02 20:48:04 [P-396] [MainThread] [parse_query_plan] [DEBUG] parse_query_plan.py[line:149] _do_IndexScan
2022-12-02 20:48:04 [P-396] [MainThread] [parse_query_plan] [DEBUG] parse_query_plan.py[line:126] Index Scan using movie_info_idx_mid on movie_info mi  (cost=0.44..2.49 rows=2 width=8) (never executed)
2022-12-02 20:48:04 [P-396] [MainThread] [parse_query_plan] [DEBUG] parse_query_plan.py[line:132] ['Index Scan', 'movie_info_idx_mid', 'movie_info mi']
2022-12-02 20:48:04 [P-396] [MainThread] [parse_query_plan] [DEBUG] parse_query_plan.py[line:149] _do_IndexScan
2022-12-02 20:48:04 [P-396] [MainThread] [parse_query_plan] [DEBUG] parse_query_plan.py[line:183] <re.Match object; span=(0, 99), match="info = ANY ('{Sweden,Norway,Germany,Denmark,Swedi>
2022-12-02 20:48:04 [P-396] [MainThread] [parse_query_plan] [DEBUG] parse_query_plan.py[line:126] Index Scan using info_type_pkey on info_type it1  (cost=0.14..0.16 rows=1 width=4) (never executed)
2022-12-02 20:48:04 [P-396] [MainThread] [parse_query_plan] [DEBUG] parse_query_plan.py[line:132] ['Index Scan', 'info_type_pkey', 'info_type it1']
2022-12-02 20:48:04 [P-396] [MainThread] [parse_query_plan] [DEBUG] parse_query_plan.py[line:149] _do_IndexScan
2022-12-02 20:48:04 [P-396] [MainThread] [parse_query_plan] [DEBUG] parse_query_plan.py[line:126] Index Scan using keyword_pkey on keyword k  (cost=0.42..0.44 rows=1 width=4) (never executed)
2022-12-02 20:48:04 [P-396] [MainThread] [parse_query_plan] [DEBUG] parse_query_plan.py[line:132] ['Index Scan', 'keyword_pkey', 'keyword k']
2022-12-02 20:48:04 [P-396] [MainThread] [parse_query_plan] [DEBUG] parse_query_plan.py[line:149] _do_IndexScan
2022-12-02 20:48:04 [P-396] [MainThread] [parse_query_plan] [DEBUG] parse_query_plan.py[line:183] <re.Match object; span=(0, 50), match="keyword = ANY ('{murder,murder-in-title}'::text[]>
2022-12-02 20:48:04 [P-396] [MainThread] [parse_query_plan] [DEBUG] parse_query_plan.py[line:126] Index Scan using kind_type_pkey on kind_type kt  (cost=0.15..0.32 rows=1 width=4) (never executed)
2022-12-02 20:48:04 [P-396] [MainThread] [parse_query_plan] [DEBUG] parse_query_plan.py[line:132] ['Index Scan', 'kind_type_pkey', 'kind_type kt']
2022-12-02 20:48:04 [P-396] [MainThread] [parse_query_plan] [DEBUG] parse_query_plan.py[line:149] _do_IndexScan
2022-12-02 20:48:04 [P-396] [MainThread] [parse_query_plan] [DEBUG] parse_query_plan.py[line:126] Aggregate  (cost=29.07..29.08 rows=1 width=64) (actual time=0.012..0.013 rows=1 loops=1)
2022-12-02 20:48:04 [P-396] [MainThread] [parse_query_plan] [DEBUG] parse_query_plan.py[line:132] ['Aggregate']
2022-12-02 20:48:04 [P-396] [MainThread] [parse_query_plan] [DEBUG] parse_query_plan.py[line:149] _do_Aggregate
2022-12-02 20:48:04 [P-396] [MainThread] [parse_query_plan] [DEBUG] parse_query_plan.py[line:126] Nested Loop  (cost=6.19..29.07 rows=1 width=48) (actual time=0.012..0.012 rows=0 loops=1)
2022-12-02 20:48:04 [P-396] [MainThread] [parse_query_plan] [DEBUG] parse_query_plan.py[line:132] ['Nested Loop']
2022-12-02 20:48:04 [P-396] [MainThread] [parse_query_plan] [DEBUG] parse_query_plan.py[line:149] _do_NestedLoop
2022-12-02 20:48:04 [P-396] [MainThread] [parse_query_plan] [DEBUG] parse_query_plan.py[line:126] Nested Loop  (cost=5.77..28.62 rows=1 width=52) (actual time=0.012..0.012 rows=0 loops=1)
2022-12-02 20:48:04 [P-396] [MainThread] [parse_query_plan] [DEBUG] parse_query_plan.py[line:132] ['Nested Loop']
2022-12-02 20:48:04 [P-396] [MainThread] [parse_query_plan] [DEBUG] parse_query_plan.py[line:149] _do_NestedLoop
2022-12-02 20:48:04 [P-396] [MainThread] [parse_query_plan] [DEBUG] parse_query_plan.py[line:126] Nested Loop  (cost=5.63..28.43 rows=1 width=56) (actual time=0.012..0.012 rows=0 loops=1)
2022-12-02 20:48:04 [P-396] [MainThread] [parse_query_plan] [DEBUG] parse_query_plan.py[line:132] ['Nested Loop']
2022-12-02 20:48:04 [P-396] [MainThread] [parse_query_plan] [DEBUG] parse_query_plan.py[line:149] _do_NestedLoop
2022-12-02 20:48:04 [P-396] [MainThread] [parse_query_plan] [DEBUG] parse_query_plan.py[line:126] Nested Loop  (cost=5.19..25.92 rows=1 width=64) (actual time=0.011..0.012 rows=0 loops=1)
2022-12-02 20:48:04 [P-396] [MainThread] [parse_query_plan] [DEBUG] parse_query_plan.py[line:132] ['Nested Loop']
2022-12-02 20:48:04 [P-396] [MainThread] [parse_query_plan] [DEBUG] parse_query_plan.py[line:149] _do_NestedLoop
2022-12-02 20:48:04 [P-396] [MainThread] [parse_query_plan] [DEBUG] parse_query_plan.py[line:126] Nested Loop  (cost=4.76..23.65 rows=1 width=56) (actual time=0.011..0.012 rows=0 loops=1)
2022-12-02 20:48:04 [P-396] [MainThread] [parse_query_plan] [DEBUG] parse_query_plan.py[line:132] ['Nested Loop']
2022-12-02 20:48:04 [P-396] [MainThread] [parse_query_plan] [DEBUG] parse_query_plan.py[line:149] _do_NestedLoop
2022-12-02 20:48:04 [P-396] [MainThread] [parse_query_plan] [DEBUG] parse_query_plan.py[line:126] Nested Loop  (cost=4.61..23.48 rows=1 width=60) (actual time=0.011..0.012 rows=0 loops=1)
2022-12-02 20:48:04 [P-396] [MainThread] [parse_query_plan] [DEBUG] parse_query_plan.py[line:132] ['Nested Loop']
2022-12-02 20:48:04 [P-396] [MainThread] [parse_query_plan] [DEBUG] parse_query_plan.py[line:149] _do_NestedLoop
2022-12-02 20:48:04 [P-396] [MainThread] [parse_query_plan] [DEBUG] parse_query_plan.py[line:126] Nested Loop  (cost=4.18..15.07 rows=1 width=36) (actual time=0.011..0.012 rows=0 loops=1)
2022-12-02 20:48:04 [P-396] [MainThread] [parse_query_plan] [DEBUG] parse_query_plan.py[line:132] ['Nested Loop']
2022-12-02 20:48:04 [P-396] [MainThread] [parse_query_plan] [DEBUG] parse_query_plan.py[line:149] _do_NestedLoop
2022-12-02 20:48:04 [P-396] [MainThread] [parse_query_plan] [DEBUG] parse_query_plan.py[line:126] Seq Scan on info_type it2  (cost=0.00..2.41 rows=1 width=4) (actual time=0.007..0.008 rows=1 loops=1)
2022-12-02 20:48:04 [P-396] [MainThread] [parse_query_plan] [DEBUG] parse_query_plan.py[line:132] ['Seq Scan', 'info_type it2']
2022-12-02 20:48:04 [P-396] [MainThread] [parse_query_plan] [DEBUG] parse_query_plan.py[line:149] _do_SeqScan
2022-12-02 20:48:04 [P-396] [MainThread] [parse_query_plan] [DEBUG] parse_query_plan.py[line:126] Bitmap Heap Scan on movie_info_idx mi_idx  (cost=4.18..12.65 rows=1 width=40) (actual time=0.002..0.002 rows=0 loops=1)
2022-12-02 20:48:04 [P-396] [MainThread] [parse_query_plan] [DEBUG] parse_query_plan.py[line:132] ['Bitmap Heap Scan', 'movie_info_idx mi_idx']
2022-12-02 20:48:04 [P-396] [MainThread] [parse_query_plan] [DEBUG] parse_query_plan.py[line:149] _do_BitMapHeapScan
2022-12-02 20:48:04 [P-396] [MainThread] [parse_query_plan] [DEBUG] parse_query_plan.py[line:126] Bitmap Index Scan on info_type_id_movie_info_idx  (cost=0.00..4.18 rows=4 width=0) (actual time=0.001..0.001 rows=0 loops=1)
2022-12-02 20:48:04 [P-396] [MainThread] [parse_query_plan] [DEBUG] parse_query_plan.py[line:132] ['Bitmap Index Scan', 'info_type_id_movie_info_idx']
2022-12-02 20:48:04 [P-396] [MainThread] [parse_query_plan] [DEBUG] parse_query_plan.py[line:149] _do_BitMapIndexScan
2022-12-02 20:48:04 [P-396] [MainThread] [parse_query_plan] [DEBUG] parse_query_plan.py[line:126] Index Scan using title_pkey on title t  (cost=0.43..8.40 rows=1 width=24) (never executed)
2022-12-02 20:48:04 [P-396] [MainThread] [parse_query_plan] [DEBUG] parse_query_plan.py[line:132] ['Index Scan', 'title_pkey', 'title t']
2022-12-02 20:48:04 [P-396] [MainThread] [parse_query_plan] [DEBUG] parse_query_plan.py[line:149] _do_IndexScan
2022-12-02 20:48:04 [P-396] [MainThread] [parse_query_plan] [DEBUG] parse_query_plan.py[line:126] Index Scan using kind_type_pkey on kind_type kt  (cost=0.15..0.17 rows=1 width=4) (never executed)
2022-12-02 20:48:04 [P-396] [MainThread] [parse_query_plan] [DEBUG] parse_query_plan.py[line:132] ['Index Scan', 'kind_type_pkey', 'kind_type kt']
2022-12-02 20:48:04 [P-396] [MainThread] [parse_query_plan] [DEBUG] parse_query_plan.py[line:149] _do_IndexScan
2022-12-02 20:48:04 [P-396] [MainThread] [parse_query_plan] [DEBUG] parse_query_plan.py[line:183] <re.Match object; span=(0, 46), match="(kind)::text = ANY ('{movie,episode}'::text[])">
2022-12-02 20:48:04 [P-396] [MainThread] [parse_query_plan] [DEBUG] parse_query_plan.py[line:126] Index Scan using movie_keyword_idx_mid on movie_keyword mk  (cost=0.43..1.64 rows=63 width=8) (never executed)
2022-12-02 20:48:04 [P-396] [MainThread] [parse_query_plan] [DEBUG] parse_query_plan.py[line:132] ['Index Scan', 'movie_keyword_idx_mid', 'movie_keyword mk']
2022-12-02 20:48:04 [P-396] [MainThread] [parse_query_plan] [DEBUG] parse_query_plan.py[line:149] _do_IndexScan
2022-12-02 20:48:04 [P-396] [MainThread] [parse_query_plan] [DEBUG] parse_query_plan.py[line:126] Index Scan using movie_info_idx_mid on movie_info mi  (cost=0.44..2.49 rows=2 width=8) (never executed)
2022-12-02 20:48:04 [P-396] [MainThread] [parse_query_plan] [DEBUG] parse_query_plan.py[line:132] ['Index Scan', 'movie_info_idx_mid', 'movie_info mi']
2022-12-02 20:48:04 [P-396] [MainThread] [parse_query_plan] [DEBUG] parse_query_plan.py[line:149] _do_IndexScan
2022-12-02 20:48:04 [P-396] [MainThread] [parse_query_plan] [DEBUG] parse_query_plan.py[line:183] <re.Match object; span=(0, 99), match="info = ANY ('{Sweden,Norway,Germany,Denmark,Swedi>
2022-12-02 20:48:04 [P-396] [MainThread] [parse_query_plan] [DEBUG] parse_query_plan.py[line:126] Index Scan using info_type_pkey on info_type it1  (cost=0.14..0.16 rows=1 width=4) (never executed)
2022-12-02 20:48:04 [P-396] [MainThread] [parse_query_plan] [DEBUG] parse_query_plan.py[line:132] ['Index Scan', 'info_type_pkey', 'info_type it1']
2022-12-02 20:48:04 [P-396] [MainThread] [parse_query_plan] [DEBUG] parse_query_plan.py[line:149] _do_IndexScan
2022-12-02 20:48:04 [P-396] [MainThread] [parse_query_plan] [DEBUG] parse_query_plan.py[line:126] Index Scan using keyword_pkey on keyword k  (cost=0.42..0.44 rows=1 width=4) (never executed)
2022-12-02 20:48:04 [P-396] [MainThread] [parse_query_plan] [DEBUG] parse_query_plan.py[line:132] ['Index Scan', 'keyword_pkey', 'keyword k']
2022-12-02 20:48:04 [P-396] [MainThread] [parse_query_plan] [DEBUG] parse_query_plan.py[line:149] _do_IndexScan
2022-12-02 20:48:04 [P-396] [MainThread] [parse_query_plan] [DEBUG] parse_query_plan.py[line:183] <re.Match object; span=(0, 65), match="keyword = ANY ('{murder,murder-in-title,blood,vio>
2022-12-02 20:48:05 [P-396] [MainThread] [parse_query_plan] [DEBUG] parse_query_plan.py[line:126] Finalize Aggregate  (cost=82289.96..82289.97 rows=1 width=64) (actual time=696.579..700.697 rows=1 loops=1)
2022-12-02 20:48:05 [P-396] [MainThread] [parse_query_plan] [DEBUG] parse_query_plan.py[line:132] ['Finalize Aggregate']
2022-12-02 20:48:05 [P-396] [MainThread] [parse_query_plan] [DEBUG] parse_query_plan.py[line:149] _do_FinalizeAggregate
2022-12-02 20:48:05 [P-396] [MainThread] [parse_query_plan] [DEBUG] parse_query_plan.py[line:126] Gather  (cost=82289.74..82289.95 rows=2 width=64) (actual time=693.108..700.684 rows=3 loops=1)
2022-12-02 20:48:05 [P-396] [MainThread] [parse_query_plan] [DEBUG] parse_query_plan.py[line:132] ['Gather']
2022-12-02 20:48:05 [P-396] [MainThread] [parse_query_plan] [DEBUG] parse_query_plan.py[line:149] _do_Gather
2022-12-02 20:48:05 [P-396] [MainThread] [parse_query_plan] [DEBUG] parse_query_plan.py[line:126] Partial Aggregate  (cost=81289.74..81289.75 rows=1 width=64) (actual time=659.005..659.010 rows=1 loops=3)
2022-12-02 20:48:05 [P-396] [MainThread] [parse_query_plan] [DEBUG] parse_query_plan.py[line:132] ['Partial Aggregate']
2022-12-02 20:48:05 [P-396] [MainThread] [parse_query_plan] [DEBUG] parse_query_plan.py[line:149] _do_PartialAggregate
2022-12-02 20:48:05 [P-396] [MainThread] [parse_query_plan] [DEBUG] parse_query_plan.py[line:126] Nested Loop  (cost=7229.76..81289.69 rows=10 width=59) (actual time=137.960..658.896 rows=205 loops=3)
2022-12-02 20:48:05 [P-396] [MainThread] [parse_query_plan] [DEBUG] parse_query_plan.py[line:132] ['Nested Loop']
2022-12-02 20:48:05 [P-396] [MainThread] [parse_query_plan] [DEBUG] parse_query_plan.py[line:149] _do_NestedLoop
2022-12-02 20:48:05 [P-396] [MainThread] [parse_query_plan] [DEBUG] parse_query_plan.py[line:126] Nested Loop  (cost=7229.34..81285.31 rows=10 width=63) (actual time=137.885..656.237 rows=205 loops=3)
2022-12-02 20:48:05 [P-396] [MainThread] [parse_query_plan] [DEBUG] parse_query_plan.py[line:132] ['Nested Loop']
2022-12-02 20:48:05 [P-396] [MainThread] [parse_query_plan] [DEBUG] parse_query_plan.py[line:149] _do_NestedLoop
2022-12-02 20:48:05 [P-396] [MainThread] [parse_query_plan] [DEBUG] parse_query_plan.py[line:126] Nested Loop  (cost=7228.91..81283.06 rows=1 width=75) (actual time=135.228..653.830 rows=20 loops=3)
2022-12-02 20:48:05 [P-396] [MainThread] [parse_query_plan] [DEBUG] parse_query_plan.py[line:132] ['Nested Loop']
2022-12-02 20:48:05 [P-396] [MainThread] [parse_query_plan] [DEBUG] parse_query_plan.py[line:149] _do_NestedLoop
2022-12-02 20:48:05 [P-396] [MainThread] [parse_query_plan] [DEBUG] parse_query_plan.py[line:126] Nested Loop  (cost=7228.76..81282.89 rows=1 width=79) (actual time=135.100..653.633 rows=20 loops=3)
2022-12-02 20:48:05 [P-396] [MainThread] [parse_query_plan] [DEBUG] parse_query_plan.py[line:132] ['Nested Loop']
2022-12-02 20:48:05 [P-396] [MainThread] [parse_query_plan] [DEBUG] parse_query_plan.py[line:149] _do_NestedLoop
2022-12-02 20:48:05 [P-396] [MainThread] [parse_query_plan] [DEBUG] parse_query_plan.py[line:126] Nested Loop  (cost=7228.62..81282.01 rows=5 width=83) (actual time=135.077..653.546 rows=20 loops=3)
2022-12-02 20:48:05 [P-396] [MainThread] [parse_query_plan] [DEBUG] parse_query_plan.py[line:132] ['Nested Loop']
2022-12-02 20:48:05 [P-396] [MainThread] [parse_query_plan] [DEBUG] parse_query_plan.py[line:149] _do_NestedLoop
2022-12-02 20:48:05 [P-396] [MainThread] [parse_query_plan] [DEBUG] parse_query_plan.py[line:126] Nested Loop  (cost=7228.18..77648.74 rows=1461 width=32) (actual time=23.980..251.347 rows=413 loops=3)
2022-12-02 20:48:05 [P-396] [MainThread] [parse_query_plan] [DEBUG] parse_query_plan.py[line:132] ['Nested Loop']
2022-12-02 20:48:05 [P-396] [MainThread] [parse_query_plan] [DEBUG] parse_query_plan.py[line:149] _do_NestedLoop
2022-12-02 20:48:05 [P-396] [MainThread] [parse_query_plan] [DEBUG] parse_query_plan.py[line:126] Nested Loop  (cost=7227.75..75699.33 rows=2208 width=12) (actual time=23.683..214.074 rows=5964 loops=3)
2022-12-02 20:48:05 [P-396] [MainThread] [parse_query_plan] [DEBUG] parse_query_plan.py[line:132] ['Nested Loop']
2022-12-02 20:48:05 [P-396] [MainThread] [parse_query_plan] [DEBUG] parse_query_plan.py[line:149] _do_NestedLoop
2022-12-02 20:48:05 [P-396] [MainThread] [parse_query_plan] [DEBUG] parse_query_plan.py[line:126] Hash Join  (cost=7227.32..73100.89 rows=3658 width=8) (actual time=22.988..180.487 rows=17111 loops=3)
2022-12-02 20:48:05 [P-396] [MainThread] [parse_query_plan] [DEBUG] parse_query_plan.py[line:132] ['Hash Join']
2022-12-02 20:48:05 [P-396] [MainThread] [parse_query_plan] [DEBUG] parse_query_plan.py[line:149] _do_HashJoin
2022-12-02 20:48:05 [P-396] [MainThread] [parse_query_plan] [DEBUG] parse_query_plan.py[line:126] Seq Scan on movie_companies mc  (cost=0.00..65848.35 rows=9605 width=12) (actual time=0.076..150.211 rows=24642 loops=3)
2022-12-02 20:48:05 [P-396] [MainThread] [parse_query_plan] [DEBUG] parse_query_plan.py[line:132] ['Seq Scan', 'movie_companies mc']
2022-12-02 20:48:05 [P-396] [MainThread] [parse_query_plan] [DEBUG] parse_query_plan.py[line:149] _do_SeqScan
2022-12-02 20:48:05 [P-396] [MainThread] [parse_query_plan] [DEBUG] parse_query_plan.py[line:126] Hash  (cost=6509.10..6509.10 rows=57458 width=4) (actual time=22.099..22.100 rows=46313 loops=3)
2022-12-02 20:48:05 [P-396] [MainThread] [parse_query_plan] [DEBUG] parse_query_plan.py[line:132] ['Hash']
2022-12-02 20:48:05 [P-396] [MainThread] [parse_query_plan] [DEBUG] parse_query_plan.py[line:149] _do_Hash
2022-12-02 20:48:05 [P-396] [MainThread] [parse_query_plan] [DEBUG] parse_query_plan.py[line:126] Seq Scan on company_name cn  (cost=0.00..6509.10 rows=57458 width=4) (actual time=0.013..12.538 rows=46313 loops=3)
2022-12-02 20:48:05 [P-396] [MainThread] [parse_query_plan] [DEBUG] parse_query_plan.py[line:132] ['Seq Scan', 'company_name cn']
2022-12-02 20:48:05 [P-396] [MainThread] [parse_query_plan] [DEBUG] parse_query_plan.py[line:149] _do_SeqScan
2022-12-02 20:48:05 [P-396] [MainThread] [parse_query_plan] [DEBUG] parse_query_plan.py[line:126] Index Only Scan using aka_title_idx_movieid on aka_title aka_t  (cost=0.42..0.68 rows=3 width=4) (actual time=0.002..0.002 rows=0 loops=51334)
2022-12-02 20:48:05 [P-396] [MainThread] [parse_query_plan] [DEBUG] parse_query_plan.py[line:132] ['Index Only Scan', 'aka_title_idx_movieid', 'aka_title aka_t']
2022-12-02 20:48:05 [P-396] [MainThread] [parse_query_plan] [DEBUG] parse_query_plan.py[line:149] _do_IndexOnlyScan
2022-12-02 20:48:05 [P-396] [MainThread] [parse_query_plan] [DEBUG] parse_query_plan.py[line:126] Index Scan using title_pkey on title t  (cost=0.43..0.88 rows=1 width=20) (actual time=0.006..0.006 rows=0 loops=17892)
2022-12-02 20:48:05 [P-396] [MainThread] [parse_query_plan] [DEBUG] parse_query_plan.py[line:132] ['Index Scan', 'title_pkey', 'title t']
2022-12-02 20:48:05 [P-396] [MainThread] [parse_query_plan] [DEBUG] parse_query_plan.py[line:149] _do_IndexScan
2022-12-02 20:48:05 [P-396] [MainThread] [parse_query_plan] [DEBUG] parse_query_plan.py[line:126] Index Scan using movie_info_idx_mid on movie_info mi  (cost=0.44..2.48 rows=1 width=51) (actual time=0.970..0.974 rows=0 loops=1238)
2022-12-02 20:48:05 [P-396] [MainThread] [parse_query_plan] [DEBUG] parse_query_plan.py[line:132] ['Index Scan', 'movie_info_idx_mid', 'movie_info mi']
2022-12-02 20:48:05 [P-396] [MainThread] [parse_query_plan] [DEBUG] parse_query_plan.py[line:149] _do_IndexScan
2022-12-02 20:48:05 [P-396] [MainThread] [parse_query_plan] [DEBUG] parse_query_plan.py[line:126] Index Scan using info_type_pkey on info_type it1  (cost=0.14..0.17 rows=1 width=4) (actual time=0.003..0.003 rows=1 loops=59)
2022-12-02 20:48:05 [P-396] [MainThread] [parse_query_plan] [DEBUG] parse_query_plan.py[line:132] ['Index Scan', 'info_type_pkey', 'info_type it1']
2022-12-02 20:48:05 [P-396] [MainThread] [parse_query_plan] [DEBUG] parse_query_plan.py[line:149] _do_IndexScan
2022-12-02 20:48:05 [P-396] [MainThread] [parse_query_plan] [DEBUG] parse_query_plan.py[line:126] Index Only Scan using company_type_pkey on company_type ct  (cost=0.15..0.17 rows=1 width=4) (actual time=0.008..0.008 rows=1 loops=59)
2022-12-02 20:48:05 [P-396] [MainThread] [parse_query_plan] [DEBUG] parse_query_plan.py[line:132] ['Index Only Scan', 'company_type_pkey', 'company_type ct']
2022-12-02 20:48:05 [P-396] [MainThread] [parse_query_plan] [DEBUG] parse_query_plan.py[line:149] _do_IndexOnlyScan
2022-12-02 20:48:05 [P-396] [MainThread] [parse_query_plan] [DEBUG] parse_query_plan.py[line:126] Index Scan using movie_keyword_idx_mid on movie_keyword mk  (cost=0.43..1.62 rows=63 width=8) (actual time=0.106..0.119 rows=10 loops=59)
2022-12-02 20:48:05 [P-396] [MainThread] [parse_query_plan] [DEBUG] parse_query_plan.py[line:132] ['Index Scan', 'movie_keyword_idx_mid', 'movie_keyword mk']
2022-12-02 20:48:05 [P-396] [MainThread] [parse_query_plan] [DEBUG] parse_query_plan.py[line:149] _do_IndexScan
2022-12-02 20:48:05 [P-396] [MainThread] [parse_query_plan] [DEBUG] parse_query_plan.py[line:126] Index Only Scan using keyword_pkey on keyword k  (cost=0.42..0.44 rows=1 width=4) (actual time=0.013..0.013 rows=1 loops=616)
2022-12-02 20:48:05 [P-396] [MainThread] [parse_query_plan] [DEBUG] parse_query_plan.py[line:132] ['Index Only Scan', 'keyword_pkey', 'keyword k']
2022-12-02 20:48:05 [P-396] [MainThread] [parse_query_plan] [DEBUG] parse_query_plan.py[line:149] _do_IndexOnlyScan
2022-12-02 20:48:05 [P-396] [MainThread] [parse_query_plan] [DEBUG] parse_query_plan.py[line:126] Aggregate  (cost=703.13..703.14 rows=1 width=64) (actual time=19.194..19.198 rows=1 loops=1)
2022-12-02 20:48:05 [P-396] [MainThread] [parse_query_plan] [DEBUG] parse_query_plan.py[line:132] ['Aggregate']
2022-12-02 20:48:05 [P-396] [MainThread] [parse_query_plan] [DEBUG] parse_query_plan.py[line:149] _do_Aggregate
2022-12-02 20:48:05 [P-396] [MainThread] [parse_query_plan] [DEBUG] parse_query_plan.py[line:126] Nested Loop  (cost=3.15..703.09 rows=8 width=59) (actual time=4.864..19.188 rows=18 loops=1)
2022-12-02 20:48:05 [P-396] [MainThread] [parse_query_plan] [DEBUG] parse_query_plan.py[line:132] ['Nested Loop']
2022-12-02 20:48:05 [P-396] [MainThread] [parse_query_plan] [DEBUG] parse_query_plan.py[line:149] _do_NestedLoop
2022-12-02 20:48:05 [P-396] [MainThread] [parse_query_plan] [DEBUG] parse_query_plan.py[line:126] Nested Loop  (cost=2.73..699.58 rows=8 width=63) (actual time=4.854..19.149 rows=18 loops=1)
2022-12-02 20:48:05 [P-396] [MainThread] [parse_query_plan] [DEBUG] parse_query_plan.py[line:132] ['Nested Loop']
2022-12-02 20:48:05 [P-396] [MainThread] [parse_query_plan] [DEBUG] parse_query_plan.py[line:149] _do_NestedLoop
2022-12-02 20:48:05 [P-396] [MainThread] [parse_query_plan] [DEBUG] parse_query_plan.py[line:126] Nested Loop  (cost=2.30..697.13 rows=1 width=75) (actual time=4.843..19.126 rows=3 loops=1)
2022-12-02 20:48:05 [P-396] [MainThread] [parse_query_plan] [DEBUG] parse_query_plan.py[line:132] ['Nested Loop']
2022-12-02 20:48:05 [P-396] [MainThread] [parse_query_plan] [DEBUG] parse_query_plan.py[line:149] _do_NestedLoop
2022-12-02 20:48:05 [P-396] [MainThread] [parse_query_plan] [DEBUG] parse_query_plan.py[line:126] Nested Loop  (cost=2.30..694.70 rows=1 width=79) (actual time=4.836..19.109 rows=3 loops=1)
2022-12-02 20:48:05 [P-396] [MainThread] [parse_query_plan] [DEBUG] parse_query_plan.py[line:132] ['Nested Loop']
2022-12-02 20:48:05 [P-396] [MainThread] [parse_query_plan] [DEBUG] parse_query_plan.py[line:149] _do_NestedLoop
2022-12-02 20:48:05 [P-396] [MainThread] [parse_query_plan] [DEBUG] parse_query_plan.py[line:126] Nested Loop  (cost=1.86..690.74 rows=1 width=28) (actual time=2.703..18.836 rows=31 loops=1)
2022-12-02 20:48:05 [P-396] [MainThread] [parse_query_plan] [DEBUG] parse_query_plan.py[line:132] ['Nested Loop']
2022-12-02 20:48:05 [P-396] [MainThread] [parse_query_plan] [DEBUG] parse_query_plan.py[line:149] _do_NestedLoop
2022-12-02 20:48:05 [P-396] [MainThread] [parse_query_plan] [DEBUG] parse_query_plan.py[line:126] Nested Loop  (cost=1.43..689.86 rows=1 width=8) (actual time=2.693..18.677 rows=86 loops=1)
2022-12-02 20:48:05 [P-396] [MainThread] [parse_query_plan] [DEBUG] parse_query_plan.py[line:132] ['Nested Loop']
2022-12-02 20:48:05 [P-396] [MainThread] [parse_query_plan] [DEBUG] parse_query_plan.py[line:149] _do_NestedLoop
2022-12-02 20:48:05 [P-396] [MainThread] [parse_query_plan] [DEBUG] parse_query_plan.py[line:126] Nested Loop  (cost=1.28..689.69 rows=1 width=12) (actual time=2.682..18.595 rows=86 loops=1)
2022-12-02 20:48:05 [P-396] [MainThread] [parse_query_plan] [DEBUG] parse_query_plan.py[line:132] ['Nested Loop']
2022-12-02 20:48:05 [P-396] [MainThread] [parse_query_plan] [DEBUG] parse_query_plan.py[line:149] _do_NestedLoop
2022-12-02 20:48:05 [P-396] [MainThread] [parse_query_plan] [DEBUG] parse_query_plan.py[line:126] Nested Loop  (cost=0.85..688.98 rows=1 width=8) (actual time=0.805..16.551 rows=1852 loops=1)
2022-12-02 20:48:05 [P-396] [MainThread] [parse_query_plan] [DEBUG] parse_query_plan.py[line:132] ['Nested Loop']
2022-12-02 20:48:05 [P-396] [MainThread] [parse_query_plan] [DEBUG] parse_query_plan.py[line:149] _do_NestedLoop
2022-12-02 20:48:05 [P-396] [MainThread] [parse_query_plan] [DEBUG] parse_query_plan.py[line:126] Index Scan using company_name_idx_name on company_name cn  (cost=0.42..8.44 rows=1 width=4) (actual time=0.607..0.630 rows=1 loops=1)
2022-12-02 20:48:05 [P-396] [MainThread] [parse_query_plan] [DEBUG] parse_query_plan.py[line:132] ['Index Scan', 'company_name_idx_name', 'company_name cn']
2022-12-02 20:48:05 [P-396] [MainThread] [parse_query_plan] [DEBUG] parse_query_plan.py[line:149] _do_IndexScan
2022-12-02 20:48:05 [P-396] [MainThread] [parse_query_plan] [DEBUG] parse_query_plan.py[line:126] Index Scan using movie_companies_idx_cid on movie_companies mc  (cost=0.43..680.53 rows=1 width=12) (actual time=0.196..15.789 rows=1852 loops=1)
2022-12-02 20:48:05 [P-396] [MainThread] [parse_query_plan] [DEBUG] parse_query_plan.py[line:132] ['Index Scan', 'movie_companies_idx_cid', 'movie_companies mc']
2022-12-02 20:48:05 [P-396] [MainThread] [parse_query_plan] [DEBUG] parse_query_plan.py[line:149] _do_IndexScan
2022-12-02 20:48:05 [P-396] [MainThread] [parse_query_plan] [DEBUG] parse_query_plan.py[line:126] Index Only Scan using aka_title_idx_movieid on aka_title at  (cost=0.42..0.68 rows=3 width=4) (actual time=0.001..0.001 rows=0 loops=1852)
2022-12-02 20:48:05 [P-396] [MainThread] [parse_query_plan] [DEBUG] parse_query_plan.py[line:132] ['Index Only Scan', 'aka_title_idx_movieid', 'aka_title at']
2022-12-02 20:48:05 [P-396] [MainThread] [parse_query_plan] [DEBUG] parse_query_plan.py[line:149] _do_IndexOnlyScan
2022-12-02 20:48:05 [P-396] [MainThread] [parse_query_plan] [DEBUG] parse_query_plan.py[line:126] Index Only Scan using company_type_pkey on company_type ct  (cost=0.15..0.17 rows=1 width=4) (actual time=0.001..0.001 rows=1 loops=86)
2022-12-02 20:48:05 [P-396] [MainThread] [parse_query_plan] [DEBUG] parse_query_plan.py[line:132] ['Index Only Scan', 'company_type_pkey', 'company_type ct']
2022-12-02 20:48:05 [P-396] [MainThread] [parse_query_plan] [DEBUG] parse_query_plan.py[line:149] _do_IndexOnlyScan
2022-12-02 20:48:05 [P-396] [MainThread] [parse_query_plan] [DEBUG] parse_query_plan.py[line:126] Index Scan using title_pkey on title t  (cost=0.43..0.89 rows=1 width=20) (actual time=0.002..0.002 rows=0 loops=86)
2022-12-02 20:48:05 [P-396] [MainThread] [parse_query_plan] [DEBUG] parse_query_plan.py[line:132] ['Index Scan', 'title_pkey', 'title t']
2022-12-02 20:48:05 [P-396] [MainThread] [parse_query_plan] [DEBUG] parse_query_plan.py[line:149] _do_IndexScan
2022-12-02 20:48:05 [P-396] [MainThread] [parse_query_plan] [DEBUG] parse_query_plan.py[line:126] Index Scan using movie_info_idx_mid on movie_info mi  (cost=0.44..3.95 rows=1 width=51) (actual time=0.008..0.009 rows=0 loops=31)
2022-12-02 20:48:05 [P-396] [MainThread] [parse_query_plan] [DEBUG] parse_query_plan.py[line:132] ['Index Scan', 'movie_info_idx_mid', 'movie_info mi']
2022-12-02 20:48:05 [P-396] [MainThread] [parse_query_plan] [DEBUG] parse_query_plan.py[line:149] _do_IndexScan
2022-12-02 20:48:05 [P-396] [MainThread] [parse_query_plan] [DEBUG] parse_query_plan.py[line:126] Seq Scan on info_type it1  (cost=0.00..2.41 rows=1 width=4) (actual time=0.003..0.003 rows=1 loops=3)
2022-12-02 20:48:05 [P-396] [MainThread] [parse_query_plan] [DEBUG] parse_query_plan.py[line:132] ['Seq Scan', 'info_type it1']
2022-12-02 20:48:05 [P-396] [MainThread] [parse_query_plan] [DEBUG] parse_query_plan.py[line:149] _do_SeqScan
2022-12-02 20:48:05 [P-396] [MainThread] [parse_query_plan] [DEBUG] parse_query_plan.py[line:126] Index Scan using movie_keyword_idx_mid on movie_keyword mk  (cost=0.43..1.83 rows=63 width=8) (actual time=0.006..0.006 rows=6 loops=3)
2022-12-02 20:48:05 [P-396] [MainThread] [parse_query_plan] [DEBUG] parse_query_plan.py[line:132] ['Index Scan', 'movie_keyword_idx_mid', 'movie_keyword mk']
2022-12-02 20:48:05 [P-396] [MainThread] [parse_query_plan] [DEBUG] parse_query_plan.py[line:149] _do_IndexScan
2022-12-02 20:48:05 [P-396] [MainThread] [parse_query_plan] [DEBUG] parse_query_plan.py[line:126] Index Only Scan using keyword_pkey on keyword k  (cost=0.42..0.44 rows=1 width=4) (actual time=0.002..0.002 rows=1 loops=18)
2022-12-02 20:48:05 [P-396] [MainThread] [parse_query_plan] [DEBUG] parse_query_plan.py[line:132] ['Index Only Scan', 'keyword_pkey', 'keyword k']
2022-12-02 20:48:05 [P-396] [MainThread] [parse_query_plan] [DEBUG] parse_query_plan.py[line:149] _do_IndexOnlyScan
2022-12-02 20:48:05 [P-396] [MainThread] [parse_query_plan] [DEBUG] parse_query_plan.py[line:126] Finalize Aggregate  (cost=533640.72..533640.73 rows=1 width=64) (actual time=3377.559..3383.955 rows=1 loops=1)
2022-12-02 20:48:05 [P-396] [MainThread] [parse_query_plan] [DEBUG] parse_query_plan.py[line:132] ['Finalize Aggregate']
2022-12-02 20:48:05 [P-396] [MainThread] [parse_query_plan] [DEBUG] parse_query_plan.py[line:149] _do_FinalizeAggregate
2022-12-02 20:48:05 [P-396] [MainThread] [parse_query_plan] [DEBUG] parse_query_plan.py[line:126] Gather  (cost=533640.50..533640.71 rows=2 width=64) (actual time=3377.331..3383.927 rows=3 loops=1)
2022-12-02 20:48:05 [P-396] [MainThread] [parse_query_plan] [DEBUG] parse_query_plan.py[line:132] ['Gather']
2022-12-02 20:48:05 [P-396] [MainThread] [parse_query_plan] [DEBUG] parse_query_plan.py[line:149] _do_Gather
2022-12-02 20:48:05 [P-396] [MainThread] [parse_query_plan] [DEBUG] parse_query_plan.py[line:126] Partial Aggregate  (cost=532640.50..532640.51 rows=1 width=64) (actual time=3364.530..3364.537 rows=1 loops=3)
2022-12-02 20:48:05 [P-396] [MainThread] [parse_query_plan] [DEBUG] parse_query_plan.py[line:132] ['Partial Aggregate']
2022-12-02 20:48:05 [P-396] [MainThread] [parse_query_plan] [DEBUG] parse_query_plan.py[line:149] _do_PartialAggregate
2022-12-02 20:48:05 [P-396] [MainThread] [parse_query_plan] [DEBUG] parse_query_plan.py[line:126] Nested Loop  (cost=5.15..532637.89 rows=522 width=59) (actual time=2567.245..3364.131 rows=1653 loops=3)
2022-12-02 20:48:05 [P-396] [MainThread] [parse_query_plan] [DEBUG] parse_query_plan.py[line:132] ['Nested Loop']
2022-12-02 20:48:05 [P-396] [MainThread] [parse_query_plan] [DEBUG] parse_query_plan.py[line:149] _do_NestedLoop
2022-12-02 20:48:05 [P-396] [MainThread] [parse_query_plan] [DEBUG] parse_query_plan.py[line:126] Nested Loop  (cost=4.72..532541.12 rows=190 width=75) (actual time=2518.970..3362.016 rows=1434 loops=3)
2022-12-02 20:48:05 [P-396] [MainThread] [parse_query_plan] [DEBUG] parse_query_plan.py[line:132] ['Nested Loop']
2022-12-02 20:48:05 [P-396] [MainThread] [parse_query_plan] [DEBUG] parse_query_plan.py[line:149] _do_NestedLoop
2022-12-02 20:48:05 [P-396] [MainThread] [parse_query_plan] [DEBUG] parse_query_plan.py[line:126] Nested Loop  (cost=4.30..532457.92 rows=190 width=79) (actual time=2518.942..3347.173 rows=1434 loops=3)
2022-12-02 20:48:05 [P-396] [MainThread] [parse_query_plan] [DEBUG] parse_query_plan.py[line:132] ['Nested Loop']
2022-12-02 20:48:05 [P-396] [MainThread] [parse_query_plan] [DEBUG] parse_query_plan.py[line:149] _do_NestedLoop
2022-12-02 20:48:05 [P-396] [MainThread] [parse_query_plan] [DEBUG] parse_query_plan.py[line:126] Nested Loop  (cost=3.87..532431.03 rows=12 width=71) (actual time=2513.316..3293.335 rows=530 loops=3)
2022-12-02 20:48:05 [P-396] [MainThread] [parse_query_plan] [DEBUG] parse_query_plan.py[line:132] ['Nested Loop']
2022-12-02 20:48:05 [P-396] [MainThread] [parse_query_plan] [DEBUG] parse_query_plan.py[line:149] _do_NestedLoop
2022-12-02 20:48:05 [P-396] [MainThread] [parse_query_plan] [DEBUG] parse_query_plan.py[line:126] Nested Loop  (cost=3.71..532430.26 rows=12 width=75) (actual time=2513.294..3292.714 rows=530 loops=3)
2022-12-02 20:48:05 [P-396] [MainThread] [parse_query_plan] [DEBUG] parse_query_plan.py[line:132] ['Nested Loop']
2022-12-02 20:48:05 [P-396] [MainThread] [parse_query_plan] [DEBUG] parse_query_plan.py[line:149] _do_NestedLoop
2022-12-02 20:48:05 [P-396] [MainThread] [parse_query_plan] [DEBUG] parse_query_plan.py[line:126] Nested Loop  (cost=3.29..532415.51 rows=33 width=79) (actual time=2513.141..3284.257 rows=575 loops=3)
2022-12-02 20:48:05 [P-396] [MainThread] [parse_query_plan] [DEBUG] parse_query_plan.py[line:132] ['Nested Loop']
2022-12-02 20:48:05 [P-396] [MainThread] [parse_query_plan] [DEBUG] parse_query_plan.py[line:149] _do_NestedLoop
2022-12-02 20:48:05 [P-396] [MainThread] [parse_query_plan] [DEBUG] parse_query_plan.py[line:126] Nested Loop  (cost=2.86..532411.50 rows=6 width=67) (actual time=2512.175..3254.604 rows=377 loops=3)
2022-12-02 20:48:05 [P-396] [MainThread] [parse_query_plan] [DEBUG] parse_query_plan.py[line:132] ['Nested Loop']
2022-12-02 20:48:05 [P-396] [MainThread] [parse_query_plan] [DEBUG] parse_query_plan.py[line:149] _do_NestedLoop
2022-12-02 20:48:05 [P-396] [MainThread] [parse_query_plan] [DEBUG] parse_query_plan.py[line:126] Hash Join  (cost=2.43..532347.70 rows=8 width=47) (actual time=2503.842..3150.314 rows=1244 loops=3)
2022-12-02 20:48:05 [P-396] [MainThread] [parse_query_plan] [DEBUG] parse_query_plan.py[line:132] ['Hash Join']
2022-12-02 20:48:05 [P-396] [MainThread] [parse_query_plan] [DEBUG] parse_query_plan.py[line:149] _do_HashJoin
2022-12-02 20:48:05 [P-396] [MainThread] [parse_query_plan] [DEBUG] parse_query_plan.py[line:126] Seq Scan on movie_info mi  (cost=0.00..532343.03 rows=828 width=51) (actual time=2503.568..3149.010 rows=1244 loops=3)
2022-12-02 20:48:05 [P-396] [MainThread] [parse_query_plan] [DEBUG] parse_query_plan.py[line:132] ['Seq Scan', 'movie_info mi']
2022-12-02 20:48:05 [P-396] [MainThread] [parse_query_plan] [DEBUG] parse_query_plan.py[line:149] _do_SeqScan
2022-12-02 20:48:05 [P-396] [MainThread] [parse_query_plan] [DEBUG] parse_query_plan.py[line:126] Hash  (cost=2.41..2.41 rows=1 width=4) (actual time=0.060..0.060 rows=1 loops=3)
2022-12-02 20:48:05 [P-396] [MainThread] [parse_query_plan] [DEBUG] parse_query_plan.py[line:132] ['Hash']
2022-12-02 20:48:05 [P-396] [MainThread] [parse_query_plan] [DEBUG] parse_query_plan.py[line:149] _do_Hash
2022-12-02 20:48:05 [P-396] [MainThread] [parse_query_plan] [DEBUG] parse_query_plan.py[line:126] Seq Scan on info_type it1  (cost=0.00..2.41 rows=1 width=4) (actual time=0.048..0.051 rows=1 loops=3)
2022-12-02 20:48:05 [P-396] [MainThread] [parse_query_plan] [DEBUG] parse_query_plan.py[line:132] ['Seq Scan', 'info_type it1']
2022-12-02 20:48:05 [P-396] [MainThread] [parse_query_plan] [DEBUG] parse_query_plan.py[line:149] _do_SeqScan
2022-12-02 20:48:05 [P-396] [MainThread] [parse_query_plan] [DEBUG] parse_query_plan.py[line:126] Index Scan using title_pkey on title t  (cost=0.43..7.97 rows=1 width=20) (actual time=0.083..0.083 rows=0 loops=3733)
2022-12-02 20:48:05 [P-396] [MainThread] [parse_query_plan] [DEBUG] parse_query_plan.py[line:132] ['Index Scan', 'title_pkey', 'title t']
2022-12-02 20:48:05 [P-396] [MainThread] [parse_query_plan] [DEBUG] parse_query_plan.py[line:149] _do_IndexScan
2022-12-02 20:48:05 [P-396] [MainThread] [parse_query_plan] [DEBUG] parse_query_plan.py[line:126] Index Scan using movie_companies_idx_mid on movie_companies mc  (cost=0.43..0.61 rows=6 width=12) (actual time=0.074..0.077 rows=2 loops=1131)
2022-12-02 20:48:05 [P-396] [MainThread] [parse_query_plan] [DEBUG] parse_query_plan.py[line:132] ['Index Scan', 'movie_companies_idx_mid', 'movie_companies mc']
2022-12-02 20:48:05 [P-396] [MainThread] [parse_query_plan] [DEBUG] parse_query_plan.py[line:149] _do_IndexScan
2022-12-02 20:48:05 [P-396] [MainThread] [parse_query_plan] [DEBUG] parse_query_plan.py[line:126] Index Scan using company_name_pkey on company_name cn  (cost=0.42..0.45 rows=1 width=4) (actual time=0.014..0.014 rows=1 loops=1725)
2022-12-02 20:48:05 [P-396] [MainThread] [parse_query_plan] [DEBUG] parse_query_plan.py[line:132] ['Index Scan', 'company_name_pkey', 'company_name cn']
2022-12-02 20:48:05 [P-396] [MainThread] [parse_query_plan] [DEBUG] parse_query_plan.py[line:149] _do_IndexScan
2022-12-02 20:48:05 [P-396] [MainThread] [parse_query_plan] [DEBUG] parse_query_plan.py[line:126] Memoize  (cost=0.16..0.18 rows=1 width=4) (actual time=0.000..0.000 rows=1 loops=1590)
2022-12-02 20:48:05 [P-396] [MainThread] [parse_query_plan] [DEBUG] parse_query_plan.py[line:132] ['Memoize']
2022-12-02 20:48:05 [P-396] [MainThread] [parse_query_plan] [DEBUG] parse_query_plan.py[line:149] _do_Memorize
2022-12-02 20:48:05 [P-396] [MainThread] [parse_query_plan] [DEBUG] parse_query_plan.py[line:126] Index Only Scan using company_type_pkey on company_type ct  (cost=0.15..0.17 rows=1 width=4) (actual time=0.006..0.006 rows=1 loops=6)
2022-12-02 20:48:05 [P-396] [MainThread] [parse_query_plan] [DEBUG] parse_query_plan.py[line:132] ['Index Only Scan', 'company_type_pkey', 'company_type ct']
2022-12-02 20:48:05 [P-396] [MainThread] [parse_query_plan] [DEBUG] parse_query_plan.py[line:149] _do_IndexOnlyScan
2022-12-02 20:48:05 [P-396] [MainThread] [parse_query_plan] [DEBUG] parse_query_plan.py[line:126] Index Scan using movie_keyword_idx_mid on movie_keyword mk  (cost=0.43..1.61 rows=63 width=8) (actual time=0.100..0.101 rows=3 loops=1590)
2022-12-02 20:48:05 [P-396] [MainThread] [parse_query_plan] [DEBUG] parse_query_plan.py[line:132] ['Index Scan', 'movie_keyword_idx_mid', 'movie_keyword mk']
2022-12-02 20:48:05 [P-396] [MainThread] [parse_query_plan] [DEBUG] parse_query_plan.py[line:149] _do_IndexScan
2022-12-02 20:48:05 [P-396] [MainThread] [parse_query_plan] [DEBUG] parse_query_plan.py[line:126] Index Only Scan using keyword_pkey on keyword k  (cost=0.42..0.44 rows=1 width=4) (actual time=0.010..0.010 rows=1 loops=4303)
2022-12-02 20:48:05 [P-396] [MainThread] [parse_query_plan] [DEBUG] parse_query_plan.py[line:132] ['Index Only Scan', 'keyword_pkey', 'keyword k']
2022-12-02 20:48:05 [P-396] [MainThread] [parse_query_plan] [DEBUG] parse_query_plan.py[line:149] _do_IndexOnlyScan
2022-12-02 20:48:05 [P-396] [MainThread] [parse_query_plan] [DEBUG] parse_query_plan.py[line:126] Index Only Scan using aka_title_idx_movieid on aka_title at  (cost=0.42..0.48 rows=3 width=4) (actual time=0.001..0.001 rows=1 loops=4303)
2022-12-02 20:48:05 [P-396] [MainThread] [parse_query_plan] [DEBUG] parse_query_plan.py[line:132] ['Index Only Scan', 'aka_title_idx_movieid', 'aka_title at']
2022-12-02 20:48:05 [P-396] [MainThread] [parse_query_plan] [DEBUG] parse_query_plan.py[line:149] _do_IndexOnlyScan
2022-12-02 20:48:05 [P-396] [MainThread] [parse_query_plan] [DEBUG] parse_query_plan.py[line:126] Finalize Aggregate  (cost=479312.66..479312.67 rows=1 width=64) (actual time=3702.753..3749.909 rows=1 loops=1)
2022-12-02 20:48:05 [P-396] [MainThread] [parse_query_plan] [DEBUG] parse_query_plan.py[line:132] ['Finalize Aggregate']
2022-12-02 20:48:05 [P-396] [MainThread] [parse_query_plan] [DEBUG] parse_query_plan.py[line:149] _do_FinalizeAggregate
2022-12-02 20:48:05 [P-396] [MainThread] [parse_query_plan] [DEBUG] parse_query_plan.py[line:126] Gather  (cost=479312.44..479312.65 rows=2 width=64) (actual time=3689.332..3748.970 rows=3 loops=1)
2022-12-02 20:48:05 [P-396] [MainThread] [parse_query_plan] [DEBUG] parse_query_plan.py[line:132] ['Gather']
2022-12-02 20:48:05 [P-396] [MainThread] [parse_query_plan] [DEBUG] parse_query_plan.py[line:149] _do_Gather
2022-12-02 20:48:05 [P-396] [MainThread] [parse_query_plan] [DEBUG] parse_query_plan.py[line:126] Partial Aggregate  (cost=478312.44..478312.45 rows=1 width=64) (actual time=3675.106..3675.333 rows=1 loops=3)
2022-12-02 20:48:05 [P-396] [MainThread] [parse_query_plan] [DEBUG] parse_query_plan.py[line:132] ['Partial Aggregate']
2022-12-02 20:48:05 [P-396] [MainThread] [parse_query_plan] [DEBUG] parse_query_plan.py[line:149] _do_PartialAggregate
2022-12-02 20:48:05 [P-396] [MainThread] [parse_query_plan] [DEBUG] parse_query_plan.py[line:126] Hash Join  (cost=4852.55..478197.56 rows=22976 width=38) (actual time=2463.897..3672.310 rows=21331 loops=3)
2022-12-02 20:48:05 [P-396] [MainThread] [parse_query_plan] [DEBUG] parse_query_plan.py[line:132] ['Hash Join']
2022-12-02 20:48:05 [P-396] [MainThread] [parse_query_plan] [DEBUG] parse_query_plan.py[line:149] _do_HashJoin
2022-12-02 20:48:05 [P-396] [MainThread] [parse_query_plan] [DEBUG] parse_query_plan.py[line:126] Nested Loop  (cost=4.73..473289.43 rows=22976 width=42) (actual time=2407.897..3609.913 rows=21331 loops=3)
2022-12-02 20:48:05 [P-396] [MainThread] [parse_query_plan] [DEBUG] parse_query_plan.py[line:132] ['Nested Loop']
2022-12-02 20:48:05 [P-396] [MainThread] [parse_query_plan] [DEBUG] parse_query_plan.py[line:149] _do_NestedLoop
2022-12-02 20:48:05 [P-396] [MainThread] [parse_query_plan] [DEBUG] parse_query_plan.py[line:126] Nested Loop  (cost=4.30..471951.52 rows=597 width=54) (actual time=2406.849..3574.181 rows=984 loops=3)
2022-12-02 20:48:05 [P-396] [MainThread] [parse_query_plan] [DEBUG] parse_query_plan.py[line:132] ['Nested Loop']
2022-12-02 20:48:05 [P-396] [MainThread] [parse_query_plan] [DEBUG] parse_query_plan.py[line:149] _do_NestedLoop
2022-12-02 20:48:05 [P-396] [MainThread] [parse_query_plan] [DEBUG] parse_query_plan.py[line:126] Nested Loop  (cost=4.14..471936.12 rows=597 width=58) (actual time=2406.818..3573.372 rows=984 loops=3)
2022-12-02 20:48:05 [P-396] [MainThread] [parse_query_plan] [DEBUG] parse_query_plan.py[line:132] ['Nested Loop']
2022-12-02 20:48:05 [P-396] [MainThread] [parse_query_plan] [DEBUG] parse_query_plan.py[line:149] _do_NestedLoop
2022-12-02 20:48:05 [P-396] [MainThread] [parse_query_plan] [DEBUG] parse_query_plan.py[line:126] Nested Loop  (cost=3.71..471235.17 rows=1568 width=62) (actual time=2405.236..3557.170 rows=2530 loops=3)
2022-12-02 20:48:05 [P-396] [MainThread] [parse_query_plan] [DEBUG] parse_query_plan.py[line:132] ['Nested Loop']
2022-12-02 20:48:05 [P-396] [MainThread] [parse_query_plan] [DEBUG] parse_query_plan.py[line:149] _do_NestedLoop
2022-12-02 20:48:05 [P-396] [MainThread] [parse_query_plan] [DEBUG] parse_query_plan.py[line:126] Nested Loop  (cost=3.28..471050.26 rows=277 width=50) (actual time=2403.612..3529.974 rows=576 loops=3)
2022-12-02 20:48:05 [P-396] [MainThread] [parse_query_plan] [DEBUG] parse_query_plan.py[line:132] ['Nested Loop']
2022-12-02 20:48:05 [P-396] [MainThread] [parse_query_plan] [DEBUG] parse_query_plan.py[line:149] _do_NestedLoop
2022-12-02 20:48:05 [P-396] [MainThread] [parse_query_plan] [DEBUG] parse_query_plan.py[line:126] Nested Loop  (cost=2.85..470735.07 rows=357 width=30) (actual time=2393.181..3434.812 rows=3248 loops=3)
2022-12-02 20:48:05 [P-396] [MainThread] [parse_query_plan] [DEBUG] parse_query_plan.py[line:132] ['Nested Loop']
2022-12-02 20:48:05 [P-396] [MainThread] [parse_query_plan] [DEBUG] parse_query_plan.py[line:149] _do_NestedLoop
2022-12-02 20:48:05 [P-396] [MainThread] [parse_query_plan] [DEBUG] parse_query_plan.py[line:126] Hash Join  (cost=2.43..470414.72 rows=326 width=4) (actual time=2314.465..3232.808 rows=27188 loops=3)
2022-12-02 20:48:05 [P-396] [MainThread] [parse_query_plan] [DEBUG] parse_query_plan.py[line:132] ['Hash Join']
2022-12-02 20:48:05 [P-396] [MainThread] [parse_query_plan] [DEBUG] parse_query_plan.py[line:149] _do_HashJoin
2022-12-02 20:48:05 [P-396] [MainThread] [parse_query_plan] [DEBUG] parse_query_plan.py[line:126] Seq Scan on movie_info mi  (cost=0.00..470311.88 rows=36874 width=8) (actual time=1064.323..3225.221 rows=27311 loops=3)
2022-12-02 20:48:05 [P-396] [MainThread] [parse_query_plan] [DEBUG] parse_query_plan.py[line:132] ['Seq Scan', 'movie_info mi']
2022-12-02 20:48:05 [P-396] [MainThread] [parse_query_plan] [DEBUG] parse_query_plan.py[line:149] _do_SeqScan
2022-12-02 20:48:05 [P-396] [MainThread] [parse_query_plan] [DEBUG] parse_query_plan.py[line:126] Hash  (cost=2.41..2.41 rows=1 width=4) (actual time=0.098..0.100 rows=1 loops=3)
2022-12-02 20:48:05 [P-396] [MainThread] [parse_query_plan] [DEBUG] parse_query_plan.py[line:132] ['Hash']
2022-12-02 20:48:05 [P-396] [MainThread] [parse_query_plan] [DEBUG] parse_query_plan.py[line:149] _do_Hash
2022-12-02 20:48:05 [P-396] [MainThread] [parse_query_plan] [DEBUG] parse_query_plan.py[line:126] Seq Scan on info_type it1  (cost=0.00..2.41 rows=1 width=4) (actual time=0.084..0.089 rows=1 loops=3)
2022-12-02 20:48:05 [P-396] [MainThread] [parse_query_plan] [DEBUG] parse_query_plan.py[line:132] ['Seq Scan', 'info_type it1']
2022-12-02 20:48:05 [P-396] [MainThread] [parse_query_plan] [DEBUG] parse_query_plan.py[line:149] _do_SeqScan
2022-12-02 20:48:05 [P-396] [MainThread] [parse_query_plan] [DEBUG] parse_query_plan.py[line:126] Index Scan using aka_title_idx_movieid on aka_title at  (cost=0.42..0.95 rows=3 width=26) (actual time=0.007..0.007 rows=0 loops=81565)
2022-12-02 20:48:05 [P-396] [MainThread] [parse_query_plan] [DEBUG] parse_query_plan.py[line:132] ['Index Scan', 'aka_title_idx_movieid', 'aka_title at']
2022-12-02 20:48:05 [P-396] [MainThread] [parse_query_plan] [DEBUG] parse_query_plan.py[line:149] _do_IndexScan
2022-12-02 20:48:05 [P-396] [MainThread] [parse_query_plan] [DEBUG] parse_query_plan.py[line:126] Index Scan using title_pkey on title t  (cost=0.43..0.88 rows=1 width=20) (actual time=0.029..0.029 rows=0 loops=9743)
2022-12-02 20:48:05 [P-396] [MainThread] [parse_query_plan] [DEBUG] parse_query_plan.py[line:132] ['Index Scan', 'title_pkey', 'title t']
2022-12-02 20:48:05 [P-396] [MainThread] [parse_query_plan] [DEBUG] parse_query_plan.py[line:149] _do_IndexScan
2022-12-02 20:48:05 [P-396] [MainThread] [parse_query_plan] [DEBUG] parse_query_plan.py[line:126] Index Scan using movie_companies_idx_mid on movie_companies mc  (cost=0.43..0.61 rows=6 width=12) (actual time=0.040..0.045 rows=4 loops=1729)
2022-12-02 20:48:05 [P-396] [MainThread] [parse_query_plan] [DEBUG] parse_query_plan.py[line:132] ['Index Scan', 'movie_companies_idx_mid', 'movie_companies mc']
2022-12-02 20:48:05 [P-396] [MainThread] [parse_query_plan] [DEBUG] parse_query_plan.py[line:149] _do_IndexScan
2022-12-02 20:48:05 [P-396] [MainThread] [parse_query_plan] [DEBUG] parse_query_plan.py[line:126] Index Scan using company_name_pkey on company_name cn  (cost=0.42..0.45 rows=1 width=4) (actual time=0.006..0.006 rows=0 loops=7589)
2022-12-02 20:48:05 [P-396] [MainThread] [parse_query_plan] [DEBUG] parse_query_plan.py[line:132] ['Index Scan', 'company_name_pkey', 'company_name cn']
2022-12-02 20:48:05 [P-396] [MainThread] [parse_query_plan] [DEBUG] parse_query_plan.py[line:149] _do_IndexScan
2022-12-02 20:48:05 [P-396] [MainThread] [parse_query_plan] [DEBUG] parse_query_plan.py[line:126] Memoize  (cost=0.16..0.18 rows=1 width=4) (actual time=0.000..0.000 rows=1 loops=2953)
2022-12-02 20:48:05 [P-396] [MainThread] [parse_query_plan] [DEBUG] parse_query_plan.py[line:132] ['Memoize']
2022-12-02 20:48:05 [P-396] [MainThread] [parse_query_plan] [DEBUG] parse_query_plan.py[line:149] _do_Memorize
2022-12-02 20:48:05 [P-396] [MainThread] [parse_query_plan] [DEBUG] parse_query_plan.py[line:126] Index Only Scan using company_type_pkey on company_type ct  (cost=0.15..0.17 rows=1 width=4) (actual time=0.007..0.007 rows=1 loops=6)
2022-12-02 20:48:05 [P-396] [MainThread] [parse_query_plan] [DEBUG] parse_query_plan.py[line:132] ['Index Only Scan', 'company_type_pkey', 'company_type ct']
2022-12-02 20:48:05 [P-396] [MainThread] [parse_query_plan] [DEBUG] parse_query_plan.py[line:149] _do_IndexOnlyScan
2022-12-02 20:48:05 [P-396] [MainThread] [parse_query_plan] [DEBUG] parse_query_plan.py[line:126] Index Scan using movie_keyword_idx_mid on movie_keyword mk  (cost=0.43..1.61 rows=63 width=8) (actual time=0.031..0.034 rows=22 loops=2953)
2022-12-02 20:48:05 [P-396] [MainThread] [parse_query_plan] [DEBUG] parse_query_plan.py[line:132] ['Index Scan', 'movie_keyword_idx_mid', 'movie_keyword mk']
2022-12-02 20:48:05 [P-396] [MainThread] [parse_query_plan] [DEBUG] parse_query_plan.py[line:149] _do_IndexScan
2022-12-02 20:48:05 [P-396] [MainThread] [parse_query_plan] [DEBUG] parse_query_plan.py[line:126] Hash  (cost=3107.92..3107.92 rows=139192 width=4) (actual time=55.467..55.468 rows=78876 loops=3)
2022-12-02 20:48:05 [P-396] [MainThread] [parse_query_plan] [DEBUG] parse_query_plan.py[line:132] ['Hash']
2022-12-02 20:48:05 [P-396] [MainThread] [parse_query_plan] [DEBUG] parse_query_plan.py[line:149] _do_Hash
2022-12-02 20:48:05 [P-396] [MainThread] [parse_query_plan] [DEBUG] parse_query_plan.py[line:126] Seq Scan on keyword k  (cost=0.00..3107.92 rows=139192 width=4) (actual time=16.440..39.060 rows=78876 loops=3)
2022-12-02 20:48:05 [P-396] [MainThread] [parse_query_plan] [DEBUG] parse_query_plan.py[line:132] ['Seq Scan', 'keyword k']
2022-12-02 20:48:05 [P-396] [MainThread] [parse_query_plan] [DEBUG] parse_query_plan.py[line:149] _do_SeqScan
2022-12-02 20:48:05 [P-396] [MainThread] [parse_query_plan] [DEBUG] parse_query_plan.py[line:126] Aggregate  (cost=2127.43..2127.44 rows=1 width=64) (actual time=2631.815..2631.820 rows=1 loops=1)
2022-12-02 20:48:05 [P-396] [MainThread] [parse_query_plan] [DEBUG] parse_query_plan.py[line:132] ['Aggregate']
2022-12-02 20:48:05 [P-396] [MainThread] [parse_query_plan] [DEBUG] parse_query_plan.py[line:149] _do_Aggregate
2022-12-02 20:48:05 [P-396] [MainThread] [parse_query_plan] [DEBUG] parse_query_plan.py[line:126] Nested Loop  (cost=10.62..2126.65 rows=155 width=32) (actual time=122.410..2631.008 rows=1041 loops=1)
2022-12-02 20:48:05 [P-396] [MainThread] [parse_query_plan] [DEBUG] parse_query_plan.py[line:132] ['Nested Loop']
2022-12-02 20:48:05 [P-396] [MainThread] [parse_query_plan] [DEBUG] parse_query_plan.py[line:149] _do_NestedLoop
2022-12-02 20:48:05 [P-396] [MainThread] [parse_query_plan] [DEBUG] parse_query_plan.py[line:126] Nested Loop  (cost=10.20..1923.22 rows=63 width=24) (actual time=121.659..2533.533 rows=550 loops=1)
2022-12-02 20:48:05 [P-396] [MainThread] [parse_query_plan] [DEBUG] parse_query_plan.py[line:132] ['Nested Loop']
2022-12-02 20:48:05 [P-396] [MainThread] [parse_query_plan] [DEBUG] parse_query_plan.py[line:149] _do_NestedLoop
2022-12-02 20:48:05 [P-396] [MainThread] [parse_query_plan] [DEBUG] parse_query_plan.py[line:126] Nested Loop  (cost=9.76..1823.94 rows=63 width=20) (actual time=121.258..2467.906 rows=550 loops=1)
2022-12-02 20:48:05 [P-396] [MainThread] [parse_query_plan] [DEBUG] parse_query_plan.py[line:132] ['Nested Loop']
2022-12-02 20:48:05 [P-396] [MainThread] [parse_query_plan] [DEBUG] parse_query_plan.py[line:149] _do_NestedLoop
2022-12-02 20:48:05 [P-396] [MainThread] [parse_query_plan] [DEBUG] parse_query_plan.py[line:126] Nested Loop  (cost=9.32..1649.05 rows=4 width=28) (actual time=120.543..2406.075 rows=32 loops=1)
2022-12-02 20:48:05 [P-396] [MainThread] [parse_query_plan] [DEBUG] parse_query_plan.py[line:132] ['Nested Loop']
2022-12-02 20:48:05 [P-396] [MainThread] [parse_query_plan] [DEBUG] parse_query_plan.py[line:149] _do_NestedLoop
2022-12-02 20:48:05 [P-396] [MainThread] [parse_query_plan] [DEBUG] parse_query_plan.py[line:126] Nested Loop  (cost=8.90..1626.52 rows=10 width=32) (actual time=85.317..2404.249 rows=154 loops=1)
2022-12-02 20:48:05 [P-396] [MainThread] [parse_query_plan] [DEBUG] parse_query_plan.py[line:132] ['Nested Loop']
2022-12-02 20:48:05 [P-396] [MainThread] [parse_query_plan] [DEBUG] parse_query_plan.py[line:149] _do_NestedLoop
2022-12-02 20:48:05 [P-396] [MainThread] [parse_query_plan] [DEBUG] parse_query_plan.py[line:126] Nested Loop  (cost=8.47..1613.09 rows=2 width=24) (actual time=85.068..2391.802 rows=154 loops=1)
2022-12-02 20:48:05 [P-396] [MainThread] [parse_query_plan] [DEBUG] parse_query_plan.py[line:132] ['Nested Loop']
2022-12-02 20:48:05 [P-396] [MainThread] [parse_query_plan] [DEBUG] parse_query_plan.py[line:149] _do_NestedLoop
2022-12-02 20:48:05 [P-396] [MainThread] [parse_query_plan] [DEBUG] parse_query_plan.py[line:126] Nested Loop  (cost=8.04..1537.90 rows=32 width=4) (actual time=53.350..887.087 rows=43721 loops=1)
2022-12-02 20:48:05 [P-396] [MainThread] [parse_query_plan] [DEBUG] parse_query_plan.py[line:132] ['Nested Loop']
2022-12-02 20:48:05 [P-396] [MainThread] [parse_query_plan] [DEBUG] parse_query_plan.py[line:149] _do_NestedLoop
2022-12-02 20:48:05 [P-396] [MainThread] [parse_query_plan] [DEBUG] parse_query_plan.py[line:126] Index Scan using keyword_idx_keyword on keyword k  (cost=0.42..8.44 rows=1 width=4) (actual time=0.198..0.201 rows=1 loops=1)
2022-12-02 20:48:05 [P-396] [MainThread] [parse_query_plan] [DEBUG] parse_query_plan.py[line:132] ['Index Scan', 'keyword_idx_keyword', 'keyword k']
2022-12-02 20:48:05 [P-396] [MainThread] [parse_query_plan] [DEBUG] parse_query_plan.py[line:149] _do_IndexScan
2022-12-02 20:48:05 [P-396] [MainThread] [parse_query_plan] [DEBUG] parse_query_plan.py[line:126] Bitmap Heap Scan on movie_keyword mk  (cost=7.62..1525.35 rows=411 width=8) (actual time=53.145..861.463 rows=43721 loops=1)
2022-12-02 20:48:05 [P-396] [MainThread] [parse_query_plan] [DEBUG] parse_query_plan.py[line:132] ['Bitmap Heap Scan', 'movie_keyword mk']
2022-12-02 20:48:05 [P-396] [MainThread] [parse_query_plan] [DEBUG] parse_query_plan.py[line:149] _do_BitMapHeapScan
2022-12-02 20:48:05 [P-396] [MainThread] [parse_query_plan] [DEBUG] parse_query_plan.py[line:126] Bitmap Index Scan on movie_keyword_idx_keywordid  (cost=0.00..7.51 rows=411 width=0) (actual time=50.421..50.422 rows=43721 loops=1)
2022-12-02 20:48:05 [P-396] [MainThread] [parse_query_plan] [DEBUG] parse_query_plan.py[line:132] ['Bitmap Index Scan', 'movie_keyword_idx_keywordid']
2022-12-02 20:48:05 [P-396] [MainThread] [parse_query_plan] [DEBUG] parse_query_plan.py[line:149] _do_BitMapIndexScan
2022-12-02 20:48:05 [P-396] [MainThread] [parse_query_plan] [DEBUG] parse_query_plan.py[line:126] Index Scan using title_pkey on title t  (cost=0.43..2.35 rows=1 width=20) (actual time=0.033..0.033 rows=0 loops=43721)
2022-12-02 20:48:05 [P-396] [MainThread] [parse_query_plan] [DEBUG] parse_query_plan.py[line:132] ['Index Scan', 'title_pkey', 'title t']
2022-12-02 20:48:05 [P-396] [MainThread] [parse_query_plan] [DEBUG] parse_query_plan.py[line:149] _do_IndexScan
2022-12-02 20:48:05 [P-396] [MainThread] [parse_query_plan] [DEBUG] parse_query_plan.py[line:126] Index Scan using movie_companies_idx_mid on movie_companies mc  (cost=0.43..6.64 rows=6 width=8) (actual time=0.064..0.079 rows=1 loops=154)
2022-12-02 20:48:05 [P-396] [MainThread] [parse_query_plan] [DEBUG] parse_query_plan.py[line:132] ['Index Scan', 'movie_companies_idx_mid', 'movie_companies mc']
2022-12-02 20:48:05 [P-396] [MainThread] [parse_query_plan] [DEBUG] parse_query_plan.py[line:149] _do_IndexScan
2022-12-02 20:48:05 [P-396] [MainThread] [parse_query_plan] [DEBUG] parse_query_plan.py[line:126] Index Scan using company_name_pkey on company_name cn  (cost=0.42..2.25 rows=1 width=4) (actual time=0.011..0.011 rows=0 loops=154)
2022-12-02 20:48:05 [P-396] [MainThread] [parse_query_plan] [DEBUG] parse_query_plan.py[line:132] ['Index Scan', 'company_name_pkey', 'company_name cn']
2022-12-02 20:48:05 [P-396] [MainThread] [parse_query_plan] [DEBUG] parse_query_plan.py[line:149] _do_IndexScan
2022-12-02 20:48:05 [P-396] [MainThread] [parse_query_plan] [DEBUG] parse_query_plan.py[line:126] Index Scan using cast_info_idx_mid on cast_info ci  (cost=0.44..43.29 rows=35 width=8) (actual time=0.329..1.919 rows=17 loops=32)
2022-12-02 20:48:05 [P-396] [MainThread] [parse_query_plan] [DEBUG] parse_query_plan.py[line:132] ['Index Scan', 'cast_info_idx_mid', 'cast_info ci']
2022-12-02 20:48:05 [P-396] [MainThread] [parse_query_plan] [DEBUG] parse_query_plan.py[line:149] _do_IndexScan
2022-12-02 20:48:05 [P-396] [MainThread] [parse_query_plan] [DEBUG] parse_query_plan.py[line:126] Index Only Scan using name_pkey on name n  (cost=0.43..1.58 rows=1 width=4) (actual time=0.118..0.118 rows=1 loops=550)
2022-12-02 20:48:05 [P-396] [MainThread] [parse_query_plan] [DEBUG] parse_query_plan.py[line:132] ['Index Only Scan', 'name_pkey', 'name n']
2022-12-02 20:48:05 [P-396] [MainThread] [parse_query_plan] [DEBUG] parse_query_plan.py[line:149] _do_IndexOnlyScan
2022-12-02 20:48:05 [P-396] [MainThread] [parse_query_plan] [DEBUG] parse_query_plan.py[line:126] Index Scan using aka_name_idx_person on aka_name an  (cost=0.43..3.20 rows=2 width=20) (actual time=0.144..0.175 rows=2 loops=550)
2022-12-02 20:48:05 [P-396] [MainThread] [parse_query_plan] [DEBUG] parse_query_plan.py[line:132] ['Index Scan', 'aka_name_idx_person', 'aka_name an']
2022-12-02 20:48:05 [P-396] [MainThread] [parse_query_plan] [DEBUG] parse_query_plan.py[line:149] _do_IndexScan
2022-12-02 20:48:06 [P-396] [MainThread] [parse_query_plan] [DEBUG] parse_query_plan.py[line:126] Aggregate  (cost=10637.62..10637.63 rows=1 width=64) (actual time=22038.658..22038.661 rows=1 loops=1)
2022-12-02 20:48:06 [P-396] [MainThread] [parse_query_plan] [DEBUG] parse_query_plan.py[line:132] ['Aggregate']
2022-12-02 20:48:06 [P-396] [MainThread] [parse_query_plan] [DEBUG] parse_query_plan.py[line:149] _do_Aggregate
2022-12-02 20:48:06 [P-396] [MainThread] [parse_query_plan] [DEBUG] parse_query_plan.py[line:126] Nested Loop  (cost=10.62..10623.89 rows=2746 width=32) (actual time=4.968..21842.881 rows=991805 loops=1)
2022-12-02 20:48:06 [P-396] [MainThread] [parse_query_plan] [DEBUG] parse_query_plan.py[line:132] ['Nested Loop']
2022-12-02 20:48:06 [P-396] [MainThread] [parse_query_plan] [DEBUG] parse_query_plan.py[line:149] _do_NestedLoop
2022-12-02 20:48:06 [P-396] [MainThread] [parse_query_plan] [DEBUG] parse_query_plan.py[line:126] Nested Loop  (cost=10.20..6984.67 rows=1127 width=24) (actual time=4.707..18806.055 rows=646823 loops=1)
2022-12-02 20:48:06 [P-396] [MainThread] [parse_query_plan] [DEBUG] parse_query_plan.py[line:132] ['Nested Loop']
2022-12-02 20:48:06 [P-396] [MainThread] [parse_query_plan] [DEBUG] parse_query_plan.py[line:149] _do_NestedLoop
2022-12-02 20:48:06 [P-396] [MainThread] [parse_query_plan] [DEBUG] parse_query_plan.py[line:126] Nested Loop  (cost=9.76..5208.67 rows=1127 width=20) (actual time=4.487..14988.622 rows=646823 loops=1)
2022-12-02 20:48:06 [P-396] [MainThread] [parse_query_plan] [DEBUG] parse_query_plan.py[line:132] ['Nested Loop']
2022-12-02 20:48:06 [P-396] [MainThread] [parse_query_plan] [DEBUG] parse_query_plan.py[line:149] _do_NestedLoop
2022-12-02 20:48:06 [P-396] [MainThread] [parse_query_plan] [DEBUG] parse_query_plan.py[line:126] Nested Loop  (cost=9.32..2235.53 rows=68 width=28) (actual time=4.029..1793.683 rows=23759 loops=1)
2022-12-02 20:48:06 [P-396] [MainThread] [parse_query_plan] [DEBUG] parse_query_plan.py[line:132] ['Nested Loop']
2022-12-02 20:48:06 [P-396] [MainThread] [parse_query_plan] [DEBUG] parse_query_plan.py[line:149] _do_NestedLoop
2022-12-02 20:48:06 [P-396] [MainThread] [parse_query_plan] [DEBUG] parse_query_plan.py[line:126] Nested Loop  (cost=8.90..1827.67 rows=181 width=32) (actual time=4.019..1485.836 rows=47028 loops=1)
2022-12-02 20:48:06 [P-396] [MainThread] [parse_query_plan] [DEBUG] parse_query_plan.py[line:132] ['Nested Loop']
2022-12-02 20:48:06 [P-396] [MainThread] [parse_query_plan] [DEBUG] parse_query_plan.py[line:149] _do_NestedLoop
2022-12-02 20:48:06 [P-396] [MainThread] [parse_query_plan] [DEBUG] parse_query_plan.py[line:126] Nested Loop  (cost=8.47..1612.93 rows=32 width=24) (actual time=3.392..952.426 rows=15818 loops=1)
2022-12-02 20:48:06 [P-396] [MainThread] [parse_query_plan] [DEBUG] parse_query_plan.py[line:132] ['Nested Loop']
2022-12-02 20:48:06 [P-396] [MainThread] [parse_query_plan] [DEBUG] parse_query_plan.py[line:149] _do_NestedLoop
2022-12-02 20:48:06 [P-396] [MainThread] [parse_query_plan] [DEBUG] parse_query_plan.py[line:126] Nested Loop  (cost=8.04..1537.90 rows=32 width=4) (actual time=2.879..531.606 rows=43721 loops=1)
2022-12-02 20:48:06 [P-396] [MainThread] [parse_query_plan] [DEBUG] parse_query_plan.py[line:132] ['Nested Loop']
2022-12-02 20:48:06 [P-396] [MainThread] [parse_query_plan] [DEBUG] parse_query_plan.py[line:149] _do_NestedLoop
2022-12-02 20:48:06 [P-396] [MainThread] [parse_query_plan] [DEBUG] parse_query_plan.py[line:126] Index Scan using keyword_idx_keyword on keyword k  (cost=0.42..8.44 rows=1 width=4) (actual time=0.021..0.023 rows=1 loops=1)
2022-12-02 20:48:06 [P-396] [MainThread] [parse_query_plan] [DEBUG] parse_query_plan.py[line:132] ['Index Scan', 'keyword_idx_keyword', 'keyword k']
2022-12-02 20:48:06 [P-396] [MainThread] [parse_query_plan] [DEBUG] parse_query_plan.py[line:149] _do_IndexScan
2022-12-02 20:48:06 [P-396] [MainThread] [parse_query_plan] [DEBUG] parse_query_plan.py[line:126] Bitmap Heap Scan on movie_keyword mk  (cost=7.62..1525.35 rows=411 width=8) (actual time=2.855..515.293 rows=43721 loops=1)
2022-12-02 20:48:06 [P-396] [MainThread] [parse_query_plan] [DEBUG] parse_query_plan.py[line:132] ['Bitmap Heap Scan', 'movie_keyword mk']
2022-12-02 20:48:06 [P-396] [MainThread] [parse_query_plan] [DEBUG] parse_query_plan.py[line:149] _do_BitMapHeapScan
2022-12-02 20:48:06 [P-396] [MainThread] [parse_query_plan] [DEBUG] parse_query_plan.py[line:126] Bitmap Index Scan on movie_keyword_idx_keywordid  (cost=0.00..7.51 rows=411 width=0) (actual time=1.382..1.383 rows=43721 loops=1)
2022-12-02 20:48:06 [P-396] [MainThread] [parse_query_plan] [DEBUG] parse_query_plan.py[line:132] ['Bitmap Index Scan', 'movie_keyword_idx_keywordid']
2022-12-02 20:48:06 [P-396] [MainThread] [parse_query_plan] [DEBUG] parse_query_plan.py[line:149] _do_BitMapIndexScan
2022-12-02 20:48:06 [P-396] [MainThread] [parse_query_plan] [DEBUG] parse_query_plan.py[line:126] Index Scan using title_pkey on title t  (cost=0.43..2.34 rows=1 width=20) (actual time=0.009..0.009 rows=0 loops=43721)
2022-12-02 20:48:06 [P-396] [MainThread] [parse_query_plan] [DEBUG] parse_query_plan.py[line:132] ['Index Scan', 'title_pkey', 'title t']
2022-12-02 20:48:06 [P-396] [MainThread] [parse_query_plan] [DEBUG] parse_query_plan.py[line:149] _do_IndexScan
2022-12-02 20:48:06 [P-396] [MainThread] [parse_query_plan] [DEBUG] parse_query_plan.py[line:126] Index Scan using movie_companies_idx_mid on movie_companies mc  (cost=0.43..6.65 rows=6 width=8) (actual time=0.022..0.033 rows=3 loops=15818)
2022-12-02 20:48:06 [P-396] [MainThread] [parse_query_plan] [DEBUG] parse_query_plan.py[line:132] ['Index Scan', 'movie_companies_idx_mid', 'movie_companies mc']
2022-12-02 20:48:06 [P-396] [MainThread] [parse_query_plan] [DEBUG] parse_query_plan.py[line:149] _do_IndexScan
2022-12-02 20:48:06 [P-396] [MainThread] [parse_query_plan] [DEBUG] parse_query_plan.py[line:126] Index Scan using company_name_pkey on company_name cn  (cost=0.42..2.25 rows=1 width=4) (actual time=0.006..0.006 rows=1 loops=47028)
2022-12-02 20:48:06 [P-396] [MainThread] [parse_query_plan] [DEBUG] parse_query_plan.py[line:132] ['Index Scan', 'company_name_pkey', 'company_name cn']
2022-12-02 20:48:06 [P-396] [MainThread] [parse_query_plan] [DEBUG] parse_query_plan.py[line:149] _do_IndexScan
2022-12-02 20:48:06 [P-396] [MainThread] [parse_query_plan] [DEBUG] parse_query_plan.py[line:126] Index Scan using cast_info_idx_mid on cast_info ci  (cost=0.44..43.29 rows=35 width=8) (actual time=0.044..0.550 rows=27 loops=23759)
2022-12-02 20:48:06 [P-396] [MainThread] [parse_query_plan] [DEBUG] parse_query_plan.py[line:132] ['Index Scan', 'cast_info_idx_mid', 'cast_info ci']
2022-12-02 20:48:06 [P-396] [MainThread] [parse_query_plan] [DEBUG] parse_query_plan.py[line:149] _do_IndexScan
2022-12-02 20:48:06 [P-396] [MainThread] [parse_query_plan] [DEBUG] parse_query_plan.py[line:126] Index Only Scan using name_pkey on name n  (cost=0.43..1.58 rows=1 width=4) (actual time=0.005..0.005 rows=1 loops=646823)
2022-12-02 20:48:06 [P-396] [MainThread] [parse_query_plan] [DEBUG] parse_query_plan.py[line:132] ['Index Only Scan', 'name_pkey', 'name n']
2022-12-02 20:48:06 [P-396] [MainThread] [parse_query_plan] [DEBUG] parse_query_plan.py[line:149] _do_IndexOnlyScan
2022-12-02 20:48:06 [P-396] [MainThread] [parse_query_plan] [DEBUG] parse_query_plan.py[line:126] Index Scan using aka_name_idx_person on aka_name an  (cost=0.43..3.20 rows=2 width=20) (actual time=0.004..0.004 rows=2 loops=646823)
2022-12-02 20:48:06 [P-396] [MainThread] [parse_query_plan] [DEBUG] parse_query_plan.py[line:132] ['Index Scan', 'aka_name_idx_person', 'aka_name an']
2022-12-02 20:48:06 [P-396] [MainThread] [parse_query_plan] [DEBUG] parse_query_plan.py[line:149] _do_IndexScan
2022-12-02 20:48:06 [P-396] [MainThread] [parse_query_plan] [DEBUG] parse_query_plan.py[line:126] Aggregate  (cost=6948.41..6948.42 rows=1 width=64) (actual time=1895.079..1895.084 rows=1 loops=1)
2022-12-02 20:48:06 [P-396] [MainThread] [parse_query_plan] [DEBUG] parse_query_plan.py[line:132] ['Aggregate']
2022-12-02 20:48:06 [P-396] [MainThread] [parse_query_plan] [DEBUG] parse_query_plan.py[line:149] _do_Aggregate
2022-12-02 20:48:06 [P-396] [MainThread] [parse_query_plan] [DEBUG] parse_query_plan.py[line:126] Nested Loop  (cost=10.62..6940.28 rows=1627 width=32) (actual time=9.655..1836.683 rows=460446 loops=1)
2022-12-02 20:48:06 [P-396] [MainThread] [parse_query_plan] [DEBUG] parse_query_plan.py[line:132] ['Nested Loop']
2022-12-02 20:48:06 [P-396] [MainThread] [parse_query_plan] [DEBUG] parse_query_plan.py[line:149] _do_NestedLoop
2022-12-02 20:48:06 [P-396] [MainThread] [parse_query_plan] [DEBUG] parse_query_plan.py[line:126] Nested Loop  (cost=10.20..4783.22 rows=668 width=24) (actual time=9.645..1332.021 rows=282627 loops=1)
2022-12-02 20:48:06 [P-396] [MainThread] [parse_query_plan] [DEBUG] parse_query_plan.py[line:132] ['Nested Loop']
2022-12-02 20:48:06 [P-396] [MainThread] [parse_query_plan] [DEBUG] parse_query_plan.py[line:149] _do_NestedLoop
2022-12-02 20:48:06 [P-396] [MainThread] [parse_query_plan] [DEBUG] parse_query_plan.py[line:126] Nested Loop  (cost=9.76..3730.54 rows=668 width=20) (actual time=9.637..900.216 rows=282627 loops=1)
2022-12-02 20:48:06 [P-396] [MainThread] [parse_query_plan] [DEBUG] parse_query_plan.py[line:132] ['Nested Loop']
2022-12-02 20:48:06 [P-396] [MainThread] [parse_query_plan] [DEBUG] parse_query_plan.py[line:149] _do_NestedLoop
2022-12-02 20:48:06 [P-396] [MainThread] [parse_query_plan] [DEBUG] parse_query_plan.py[line:126] Nested Loop  (cost=9.32..1981.64 rows=40 width=28) (actual time=9.620..611.982 rows=9406 loops=1)
2022-12-02 20:48:06 [P-396] [MainThread] [parse_query_plan] [DEBUG] parse_query_plan.py[line:132] ['Nested Loop']
2022-12-02 20:48:06 [P-396] [MainThread] [parse_query_plan] [DEBUG] parse_query_plan.py[line:149] _do_NestedLoop
2022-12-02 20:48:06 [P-396] [MainThread] [parse_query_plan] [DEBUG] parse_query_plan.py[line:126] Nested Loop  (cost=8.90..1740.53 rows=107 width=32) (actual time=9.611..583.218 rows=13746 loops=1)
2022-12-02 20:48:06 [P-396] [MainThread] [parse_query_plan] [DEBUG] parse_query_plan.py[line:132] ['Nested Loop']
2022-12-02 20:48:06 [P-396] [MainThread] [parse_query_plan] [DEBUG] parse_query_plan.py[line:149] _do_NestedLoop
2022-12-02 20:48:06 [P-396] [MainThread] [parse_query_plan] [DEBUG] parse_query_plan.py[line:126] Nested Loop  (cost=8.47..1613.01 rows=19 width=24) (actual time=9.360..550.108 rows=6735 loops=1)
2022-12-02 20:48:06 [P-396] [MainThread] [parse_query_plan] [DEBUG] parse_query_plan.py[line:132] ['Nested Loop']
2022-12-02 20:48:06 [P-396] [MainThread] [parse_query_plan] [DEBUG] parse_query_plan.py[line:149] _do_NestedLoop
2022-12-02 20:48:06 [P-396] [MainThread] [parse_query_plan] [DEBUG] parse_query_plan.py[line:126] Nested Loop  (cost=8.04..1537.90 rows=32 width=4) (actual time=3.108..201.472 rows=43721 loops=1)
2022-12-02 20:48:06 [P-396] [MainThread] [parse_query_plan] [DEBUG] parse_query_plan.py[line:132] ['Nested Loop']
2022-12-02 20:48:06 [P-396] [MainThread] [parse_query_plan] [DEBUG] parse_query_plan.py[line:149] _do_NestedLoop
2022-12-02 20:48:06 [P-396] [MainThread] [parse_query_plan] [DEBUG] parse_query_plan.py[line:126] Index Scan using keyword_idx_keyword on keyword k  (cost=0.42..8.44 rows=1 width=4) (actual time=0.020..0.021 rows=1 loops=1)
2022-12-02 20:48:06 [P-396] [MainThread] [parse_query_plan] [DEBUG] parse_query_plan.py[line:132] ['Index Scan', 'keyword_idx_keyword', 'keyword k']
2022-12-02 20:48:06 [P-396] [MainThread] [parse_query_plan] [DEBUG] parse_query_plan.py[line:149] _do_IndexScan
2022-12-02 20:48:06 [P-396] [MainThread] [parse_query_plan] [DEBUG] parse_query_plan.py[line:126] Bitmap Heap Scan on movie_keyword mk  (cost=7.62..1525.35 rows=411 width=8) (actual time=3.085..195.464 rows=43721 loops=1)
2022-12-02 20:48:06 [P-396] [MainThread] [parse_query_plan] [DEBUG] parse_query_plan.py[line:132] ['Bitmap Heap Scan', 'movie_keyword mk']
2022-12-02 20:48:06 [P-396] [MainThread] [parse_query_plan] [DEBUG] parse_query_plan.py[line:149] _do_BitMapHeapScan
2022-12-02 20:48:06 [P-396] [MainThread] [parse_query_plan] [DEBUG] parse_query_plan.py[line:126] Bitmap Index Scan on movie_keyword_idx_keywordid  (cost=0.00..7.51 rows=411 width=0) (actual time=1.575..1.575 rows=43721 loops=1)
2022-12-02 20:48:06 [P-396] [MainThread] [parse_query_plan] [DEBUG] parse_query_plan.py[line:132] ['Bitmap Index Scan', 'movie_keyword_idx_keywordid']
2022-12-02 20:48:06 [P-396] [MainThread] [parse_query_plan] [DEBUG] parse_query_plan.py[line:149] _do_BitMapIndexScan
2022-12-02 20:48:06 [P-396] [MainThread] [parse_query_plan] [DEBUG] parse_query_plan.py[line:126] Index Scan using title_pkey on title t  (cost=0.43..2.35 rows=1 width=20) (actual time=0.008..0.008 rows=0 loops=43721)
2022-12-02 20:48:06 [P-396] [MainThread] [parse_query_plan] [DEBUG] parse_query_plan.py[line:132] ['Index Scan', 'title_pkey', 'title t']
2022-12-02 20:48:06 [P-396] [MainThread] [parse_query_plan] [DEBUG] parse_query_plan.py[line:149] _do_IndexScan
2022-12-02 20:48:06 [P-396] [MainThread] [parse_query_plan] [DEBUG] parse_query_plan.py[line:126] Index Scan using movie_companies_idx_mid on movie_companies mc  (cost=0.43..6.64 rows=6 width=8) (actual time=0.004..0.004 rows=2 loops=6735)
2022-12-02 20:48:06 [P-396] [MainThread] [parse_query_plan] [DEBUG] parse_query_plan.py[line:132] ['Index Scan', 'movie_companies_idx_mid', 'movie_companies mc']
2022-12-02 20:48:06 [P-396] [MainThread] [parse_query_plan] [DEBUG] parse_query_plan.py[line:149] _do_IndexScan
2022-12-02 20:48:06 [P-396] [MainThread] [parse_query_plan] [DEBUG] parse_query_plan.py[line:126] Index Scan using company_name_pkey on company_name cn  (cost=0.42..2.25 rows=1 width=4) (actual time=0.002..0.002 rows=1 loops=13746)
2022-12-02 20:48:06 [P-396] [MainThread] [parse_query_plan] [DEBUG] parse_query_plan.py[line:132] ['Index Scan', 'company_name_pkey', 'company_name cn']
2022-12-02 20:48:06 [P-396] [MainThread] [parse_query_plan] [DEBUG] parse_query_plan.py[line:149] _do_IndexScan
2022-12-02 20:48:06 [P-396] [MainThread] [parse_query_plan] [DEBUG] parse_query_plan.py[line:126] Index Scan using cast_info_idx_mid on cast_info ci  (cost=0.44..43.29 rows=35 width=8) (actual time=0.003..0.028 rows=30 loops=9406)
2022-12-02 20:48:06 [P-396] [MainThread] [parse_query_plan] [DEBUG] parse_query_plan.py[line:132] ['Index Scan', 'cast_info_idx_mid', 'cast_info ci']
2022-12-02 20:48:06 [P-396] [MainThread] [parse_query_plan] [DEBUG] parse_query_plan.py[line:149] _do_IndexScan
2022-12-02 20:48:06 [P-396] [MainThread] [parse_query_plan] [DEBUG] parse_query_plan.py[line:126] Index Only Scan using name_pkey on name n  (cost=0.43..1.58 rows=1 width=4) (actual time=0.001..0.001 rows=1 loops=282627)
2022-12-02 20:48:06 [P-396] [MainThread] [parse_query_plan] [DEBUG] parse_query_plan.py[line:132] ['Index Only Scan', 'name_pkey', 'name n']
2022-12-02 20:48:06 [P-396] [MainThread] [parse_query_plan] [DEBUG] parse_query_plan.py[line:149] _do_IndexOnlyScan
2022-12-02 20:48:06 [P-396] [MainThread] [parse_query_plan] [DEBUG] parse_query_plan.py[line:126] Index Scan using aka_name_idx_person on aka_name an  (cost=0.43..3.20 rows=2 width=20) (actual time=0.001..0.002 rows=2 loops=282627)
2022-12-02 20:48:06 [P-396] [MainThread] [parse_query_plan] [DEBUG] parse_query_plan.py[line:132] ['Index Scan', 'aka_name_idx_person', 'aka_name an']
2022-12-02 20:48:06 [P-396] [MainThread] [parse_query_plan] [DEBUG] parse_query_plan.py[line:149] _do_IndexScan
2022-12-02 20:48:06 [P-396] [MainThread] [parse_query_plan] [DEBUG] parse_query_plan.py[line:126] Aggregate  (cost=5583.50..5583.51 rows=1 width=64) (actual time=1065.358..1065.363 rows=1 loops=1)
2022-12-02 20:48:06 [P-396] [MainThread] [parse_query_plan] [DEBUG] parse_query_plan.py[line:132] ['Aggregate']
2022-12-02 20:48:06 [P-396] [MainThread] [parse_query_plan] [DEBUG] parse_query_plan.py[line:149] _do_Aggregate
2022-12-02 20:48:06 [P-396] [MainThread] [parse_query_plan] [DEBUG] parse_query_plan.py[line:126] Nested Loop  (cost=10.62..5577.47 rows=1206 width=32) (actual time=3.668..1021.337 rows=358158 loops=1)
2022-12-02 20:48:06 [P-396] [MainThread] [parse_query_plan] [DEBUG] parse_query_plan.py[line:132] ['Nested Loop']
2022-12-02 20:48:06 [P-396] [MainThread] [parse_query_plan] [DEBUG] parse_query_plan.py[line:149] _do_NestedLoop
2022-12-02 20:48:06 [P-396] [MainThread] [parse_query_plan] [DEBUG] parse_query_plan.py[line:126] Nested Loop  (cost=10.20..3979.05 rows=495 width=24) (actual time=3.660..651.774 rows=215019 loops=1)
2022-12-02 20:48:06 [P-396] [MainThread] [parse_query_plan] [DEBUG] parse_query_plan.py[line:132] ['Nested Loop']
2022-12-02 20:48:06 [P-396] [MainThread] [parse_query_plan] [DEBUG] parse_query_plan.py[line:149] _do_NestedLoop
2022-12-02 20:48:06 [P-396] [MainThread] [parse_query_plan] [DEBUG] parse_query_plan.py[line:126] Nested Loop  (cost=9.76..3199.00 rows=495 width=20) (actual time=3.653..341.352 rows=215019 loops=1)
2022-12-02 20:48:06 [P-396] [MainThread] [parse_query_plan] [DEBUG] parse_query_plan.py[line:132] ['Nested Loop']
2022-12-02 20:48:06 [P-396] [MainThread] [parse_query_plan] [DEBUG] parse_query_plan.py[line:149] _do_NestedLoop
2022-12-02 20:48:06 [P-396] [MainThread] [parse_query_plan] [DEBUG] parse_query_plan.py[line:126] Nested Loop  (cost=9.32..1887.32 rows=30 width=28) (actual time=3.642..156.799 rows=7414 loops=1)
2022-12-02 20:48:06 [P-396] [MainThread] [parse_query_plan] [DEBUG] parse_query_plan.py[line:132] ['Nested Loop']
2022-12-02 20:48:06 [P-396] [MainThread] [parse_query_plan] [DEBUG] parse_query_plan.py[line:149] _do_NestedLoop
2022-12-02 20:48:06 [P-396] [MainThread] [parse_query_plan] [DEBUG] parse_query_plan.py[line:126] Nested Loop  (cost=8.90..1707.05 rows=80 width=32) (actual time=3.637..137.781 rows=10548 loops=1)
2022-12-02 20:48:06 [P-396] [MainThread] [parse_query_plan] [DEBUG] parse_query_plan.py[line:132] ['Nested Loop']
2022-12-02 20:48:06 [P-396] [MainThread] [parse_query_plan] [DEBUG] parse_query_plan.py[line:149] _do_NestedLoop
2022-12-02 20:48:06 [P-396] [MainThread] [parse_query_plan] [DEBUG] parse_query_plan.py[line:126] Nested Loop  (cost=8.47..1613.09 rows=14 width=24) (actual time=3.626..122.539 rows=5239 loops=1)
2022-12-02 20:48:06 [P-396] [MainThread] [parse_query_plan] [DEBUG] parse_query_plan.py[line:132] ['Nested Loop']
2022-12-02 20:48:06 [P-396] [MainThread] [parse_query_plan] [DEBUG] parse_query_plan.py[line:149] _do_NestedLoop
2022-12-02 20:48:06 [P-396] [MainThread] [parse_query_plan] [DEBUG] parse_query_plan.py[line:126] Nested Loop  (cost=8.04..1537.90 rows=32 width=4) (actual time=2.816..62.686 rows=43721 loops=1)
2022-12-02 20:48:06 [P-396] [MainThread] [parse_query_plan] [DEBUG] parse_query_plan.py[line:132] ['Nested Loop']
2022-12-02 20:48:06 [P-396] [MainThread] [parse_query_plan] [DEBUG] parse_query_plan.py[line:149] _do_NestedLoop
2022-12-02 20:48:06 [P-396] [MainThread] [parse_query_plan] [DEBUG] parse_query_plan.py[line:126] Index Scan using keyword_idx_keyword on keyword k  (cost=0.42..8.44 rows=1 width=4) (actual time=0.042..0.044 rows=1 loops=1)
2022-12-02 20:48:06 [P-396] [MainThread] [parse_query_plan] [DEBUG] parse_query_plan.py[line:132] ['Index Scan', 'keyword_idx_keyword', 'keyword k']
2022-12-02 20:48:06 [P-396] [MainThread] [parse_query_plan] [DEBUG] parse_query_plan.py[line:149] _do_IndexScan
2022-12-02 20:48:06 [P-396] [MainThread] [parse_query_plan] [DEBUG] parse_query_plan.py[line:126] Bitmap Heap Scan on movie_keyword mk  (cost=7.62..1525.35 rows=411 width=8) (actual time=2.771..59.540 rows=43721 loops=1)
2022-12-02 20:48:06 [P-396] [MainThread] [parse_query_plan] [DEBUG] parse_query_plan.py[line:132] ['Bitmap Heap Scan', 'movie_keyword mk']
2022-12-02 20:48:06 [P-396] [MainThread] [parse_query_plan] [DEBUG] parse_query_plan.py[line:149] _do_BitMapHeapScan
2022-12-02 20:48:06 [P-396] [MainThread] [parse_query_plan] [DEBUG] parse_query_plan.py[line:126] Bitmap Index Scan on movie_keyword_idx_keywordid  (cost=0.00..7.51 rows=411 width=0) (actual time=1.298..1.298 rows=43721 loops=1)
2022-12-02 20:48:06 [P-396] [MainThread] [parse_query_plan] [DEBUG] parse_query_plan.py[line:132] ['Bitmap Index Scan', 'movie_keyword_idx_keywordid']
2022-12-02 20:48:06 [P-396] [MainThread] [parse_query_plan] [DEBUG] parse_query_plan.py[line:149] _do_BitMapIndexScan
2022-12-02 20:48:06 [P-396] [MainThread] [parse_query_plan] [DEBUG] parse_query_plan.py[line:126] Index Scan using title_pkey on title t  (cost=0.43..2.35 rows=1 width=20) (actual time=0.001..0.001 rows=0 loops=43721)
2022-12-02 20:48:06 [P-396] [MainThread] [parse_query_plan] [DEBUG] parse_query_plan.py[line:132] ['Index Scan', 'title_pkey', 'title t']
2022-12-02 20:48:06 [P-396] [MainThread] [parse_query_plan] [DEBUG] parse_query_plan.py[line:149] _do_IndexScan
2022-12-02 20:48:06 [P-396] [MainThread] [parse_query_plan] [DEBUG] parse_query_plan.py[line:126] Index Scan using movie_companies_idx_mid on movie_companies mc  (cost=0.43..6.64 rows=6 width=8) (actual time=0.002..0.003 rows=2 loops=5239)
2022-12-02 20:48:06 [P-396] [MainThread] [parse_query_plan] [DEBUG] parse_query_plan.py[line:132] ['Index Scan', 'movie_companies_idx_mid', 'movie_companies mc']
2022-12-02 20:48:06 [P-396] [MainThread] [parse_query_plan] [DEBUG] parse_query_plan.py[line:149] _do_IndexScan
2022-12-02 20:48:06 [P-396] [MainThread] [parse_query_plan] [DEBUG] parse_query_plan.py[line:126] Index Scan using company_name_pkey on company_name cn  (cost=0.42..2.25 rows=1 width=4) (actual time=0.002..0.002 rows=1 loops=10548)
2022-12-02 20:48:06 [P-396] [MainThread] [parse_query_plan] [DEBUG] parse_query_plan.py[line:132] ['Index Scan', 'company_name_pkey', 'company_name cn']
2022-12-02 20:48:06 [P-396] [MainThread] [parse_query_plan] [DEBUG] parse_query_plan.py[line:149] _do_IndexScan
2022-12-02 20:48:06 [P-396] [MainThread] [parse_query_plan] [DEBUG] parse_query_plan.py[line:126] Index Scan using cast_info_idx_mid on cast_info ci  (cost=0.44..43.29 rows=35 width=8) (actual time=0.002..0.022 rows=29 loops=7414)
2022-12-02 20:48:06 [P-396] [MainThread] [parse_query_plan] [DEBUG] parse_query_plan.py[line:132] ['Index Scan', 'cast_info_idx_mid', 'cast_info ci']
2022-12-02 20:48:06 [P-396] [MainThread] [parse_query_plan] [DEBUG] parse_query_plan.py[line:149] _do_IndexScan
2022-12-02 20:48:06 [P-396] [MainThread] [parse_query_plan] [DEBUG] parse_query_plan.py[line:126] Index Only Scan using name_pkey on name n  (cost=0.43..1.58 rows=1 width=4) (actual time=0.001..0.001 rows=1 loops=215019)
2022-12-02 20:48:06 [P-396] [MainThread] [parse_query_plan] [DEBUG] parse_query_plan.py[line:132] ['Index Only Scan', 'name_pkey', 'name n']
2022-12-02 20:48:06 [P-396] [MainThread] [parse_query_plan] [DEBUG] parse_query_plan.py[line:149] _do_IndexOnlyScan
2022-12-02 20:48:06 [P-396] [MainThread] [parse_query_plan] [DEBUG] parse_query_plan.py[line:126] Index Scan using aka_name_idx_person on aka_name an  (cost=0.43..3.20 rows=2 width=20) (actual time=0.001..0.001 rows=2 loops=215019)
2022-12-02 20:48:06 [P-396] [MainThread] [parse_query_plan] [DEBUG] parse_query_plan.py[line:132] ['Index Scan', 'aka_name_idx_person', 'aka_name an']
2022-12-02 20:48:06 [P-396] [MainThread] [parse_query_plan] [DEBUG] parse_query_plan.py[line:149] _do_IndexScan
2022-12-02 20:48:06 [P-396] [MainThread] [parse_query_plan] [DEBUG] parse_query_plan.py[line:126] Aggregate  (cost=6433.09..6433.10 rows=1 width=64) (actual time=14996.828..14996.831 rows=1 loops=1)
2022-12-02 20:48:06 [P-396] [MainThread] [parse_query_plan] [DEBUG] parse_query_plan.py[line:132] ['Aggregate']
2022-12-02 20:48:06 [P-396] [MainThread] [parse_query_plan] [DEBUG] parse_query_plan.py[line:149] _do_Aggregate
2022-12-02 20:48:06 [P-396] [MainThread] [parse_query_plan] [DEBUG] parse_query_plan.py[line:126] Nested Loop  (cost=10.20..6432.86 rows=91 width=15) (actual time=10.245..14983.688 rows=59483 loops=1)
2022-12-02 20:48:06 [P-396] [MainThread] [parse_query_plan] [DEBUG] parse_query_plan.py[line:132] ['Nested Loop']
2022-12-02 20:48:06 [P-396] [MainThread] [parse_query_plan] [DEBUG] parse_query_plan.py[line:149] _do_NestedLoop
2022-12-02 20:48:06 [P-396] [MainThread] [parse_query_plan] [DEBUG] parse_query_plan.py[line:126] Nested Loop  (cost=9.77..5931.12 rows=239 width=19) (actual time=10.239..14779.835 rows=140153 loops=1)
2022-12-02 20:48:06 [P-396] [MainThread] [parse_query_plan] [DEBUG] parse_query_plan.py[line:132] ['Nested Loop']
2022-12-02 20:48:06 [P-396] [MainThread] [parse_query_plan] [DEBUG] parse_query_plan.py[line:149] _do_NestedLoop
2022-12-02 20:48:06 [P-396] [MainThread] [parse_query_plan] [DEBUG] parse_query_plan.py[line:126] Nested Loop  (cost=9.34..5385.45 rows=88 width=27) (actual time=10.225..14660.171 rows=25915 loops=1)
2022-12-02 20:48:06 [P-396] [MainThread] [parse_query_plan] [DEBUG] parse_query_plan.py[line:132] ['Nested Loop']
2022-12-02 20:48:06 [P-396] [MainThread] [parse_query_plan] [DEBUG] parse_query_plan.py[line:149] _do_NestedLoop
2022-12-02 20:48:06 [P-396] [MainThread] [parse_query_plan] [DEBUG] parse_query_plan.py[line:126] Nested Loop  (cost=8.91..2906.73 rows=1094 width=16) (actual time=3.363..6648.630 rows=292953 loops=1)
2022-12-02 20:48:06 [P-396] [MainThread] [parse_query_plan] [DEBUG] parse_query_plan.py[line:132] ['Nested Loop']
2022-12-02 20:48:06 [P-396] [MainThread] [parse_query_plan] [DEBUG] parse_query_plan.py[line:149] _do_NestedLoop
2022-12-02 20:48:06 [P-396] [MainThread] [parse_query_plan] [DEBUG] parse_query_plan.py[line:126] Nested Loop  (cost=8.47..1581.80 rows=32 width=8) (actual time=3.346..148.758 rows=15818 loops=1)
2022-12-02 20:48:06 [P-396] [MainThread] [parse_query_plan] [DEBUG] parse_query_plan.py[line:132] ['Nested Loop']
2022-12-02 20:48:06 [P-396] [MainThread] [parse_query_plan] [DEBUG] parse_query_plan.py[line:149] _do_NestedLoop
2022-12-02 20:48:06 [P-396] [MainThread] [parse_query_plan] [DEBUG] parse_query_plan.py[line:126] Nested Loop  (cost=8.04..1537.90 rows=32 width=4) (actual time=2.857..77.738 rows=43721 loops=1)
2022-12-02 20:48:06 [P-396] [MainThread] [parse_query_plan] [DEBUG] parse_query_plan.py[line:132] ['Nested Loop']
2022-12-02 20:48:06 [P-396] [MainThread] [parse_query_plan] [DEBUG] parse_query_plan.py[line:149] _do_NestedLoop
2022-12-02 20:48:06 [P-396] [MainThread] [parse_query_plan] [DEBUG] parse_query_plan.py[line:126] Index Scan using keyword_idx_keyword on keyword k  (cost=0.42..8.44 rows=1 width=4) (actual time=0.018..0.019 rows=1 loops=1)
2022-12-02 20:48:06 [P-396] [MainThread] [parse_query_plan] [DEBUG] parse_query_plan.py[line:132] ['Index Scan', 'keyword_idx_keyword', 'keyword k']
2022-12-02 20:48:06 [P-396] [MainThread] [parse_query_plan] [DEBUG] parse_query_plan.py[line:149] _do_IndexScan
2022-12-02 20:48:06 [P-396] [MainThread] [parse_query_plan] [DEBUG] parse_query_plan.py[line:126] Bitmap Heap Scan on movie_keyword mk  (cost=7.62..1525.35 rows=411 width=8) (actual time=2.837..71.939 rows=43721 loops=1)
2022-12-02 20:48:06 [P-396] [MainThread] [parse_query_plan] [DEBUG] parse_query_plan.py[line:132] ['Bitmap Heap Scan', 'movie_keyword mk']
2022-12-02 20:48:06 [P-396] [MainThread] [parse_query_plan] [DEBUG] parse_query_plan.py[line:149] _do_BitMapHeapScan
2022-12-02 20:48:06 [P-396] [MainThread] [parse_query_plan] [DEBUG] parse_query_plan.py[line:126] Bitmap Index Scan on movie_keyword_idx_keywordid  (cost=0.00..7.51 rows=411 width=0) (actual time=1.373..1.373 rows=43721 loops=1)
2022-12-02 20:48:06 [P-396] [MainThread] [parse_query_plan] [DEBUG] parse_query_plan.py[line:132] ['Bitmap Index Scan', 'movie_keyword_idx_keywordid']
2022-12-02 20:48:06 [P-396] [MainThread] [parse_query_plan] [DEBUG] parse_query_plan.py[line:149] _do_BitMapIndexScan
2022-12-02 20:48:06 [P-396] [MainThread] [parse_query_plan] [DEBUG] parse_query_plan.py[line:126] Index Only Scan using title_pkey on title t  (cost=0.43..1.37 rows=1 width=4) (actual time=0.001..0.001 rows=0 loops=43721)
2022-12-02 20:48:06 [P-396] [MainThread] [parse_query_plan] [DEBUG] parse_query_plan.py[line:132] ['Index Only Scan', 'title_pkey', 'title t']
2022-12-02 20:48:06 [P-396] [MainThread] [parse_query_plan] [DEBUG] parse_query_plan.py[line:149] _do_IndexOnlyScan
2022-12-02 20:48:06 [P-396] [MainThread] [parse_query_plan] [DEBUG] parse_query_plan.py[line:126] Index Scan using cast_info_idx_mid on cast_info ci  (cost=0.44..40.97 rows=35 width=8) (actual time=0.041..0.405 rows=19 loops=15818)
2022-12-02 20:48:06 [P-396] [MainThread] [parse_query_plan] [DEBUG] parse_query_plan.py[line:132] ['Index Scan', 'cast_info_idx_mid', 'cast_info ci']
2022-12-02 20:48:06 [P-396] [MainThread] [parse_query_plan] [DEBUG] parse_query_plan.py[line:149] _do_IndexScan
2022-12-02 20:48:06 [P-396] [MainThread] [parse_query_plan] [DEBUG] parse_query_plan.py[line:126] Index Scan using name_pkey on name n  (cost=0.43..2.27 rows=1 width=19) (actual time=0.027..0.027 rows=0 loops=292953)
2022-12-02 20:48:06 [P-396] [MainThread] [parse_query_plan] [DEBUG] parse_query_plan.py[line:132] ['Index Scan', 'name_pkey', 'name n']
2022-12-02 20:48:06 [P-396] [MainThread] [parse_query_plan] [DEBUG] parse_query_plan.py[line:149] _do_IndexScan
2022-12-02 20:48:06 [P-396] [MainThread] [parse_query_plan] [DEBUG] parse_query_plan.py[line:126] Index Scan using movie_companies_idx_mid on movie_companies mc  (cost=0.43..6.14 rows=6 width=8) (actual time=0.003..0.004 rows=5 loops=25915)
2022-12-02 20:48:06 [P-396] [MainThread] [parse_query_plan] [DEBUG] parse_query_plan.py[line:132] ['Index Scan', 'movie_companies_idx_mid', 'movie_companies mc']
2022-12-02 20:48:06 [P-396] [MainThread] [parse_query_plan] [DEBUG] parse_query_plan.py[line:149] _do_IndexScan
2022-12-02 20:48:06 [P-396] [MainThread] [parse_query_plan] [DEBUG] parse_query_plan.py[line:126] Index Scan using company_name_pkey on company_name cn  (cost=0.42..2.10 rows=1 width=4) (actual time=0.001..0.001 rows=0 loops=140153)
2022-12-02 20:48:06 [P-396] [MainThread] [parse_query_plan] [DEBUG] parse_query_plan.py[line:132] ['Index Scan', 'company_name_pkey', 'company_name cn']
2022-12-02 20:48:06 [P-396] [MainThread] [parse_query_plan] [DEBUG] parse_query_plan.py[line:149] _do_IndexScan
2022-12-02 20:48:06 [P-396] [MainThread] [parse_query_plan] [DEBUG] parse_query_plan.py[line:126] Aggregate  (cost=5347.59..5347.60 rows=1 width=64) (actual time=43480.462..43480.922 rows=1 loops=1)
2022-12-02 20:48:06 [P-396] [MainThread] [parse_query_plan] [DEBUG] parse_query_plan.py[line:132] ['Aggregate']
2022-12-02 20:48:06 [P-396] [MainThread] [parse_query_plan] [DEBUG] parse_query_plan.py[line:149] _do_Aggregate
2022-12-02 20:48:06 [P-396] [MainThread] [parse_query_plan] [DEBUG] parse_query_plan.py[line:126] Nested Loop  (cost=10.20..5347.59 rows=1 width=15) (actual time=280.633..43478.226 rows=10742 loops=1)
2022-12-02 20:48:06 [P-396] [MainThread] [parse_query_plan] [DEBUG] parse_query_plan.py[line:132] ['Nested Loop']
2022-12-02 20:48:06 [P-396] [MainThread] [parse_query_plan] [DEBUG] parse_query_plan.py[line:149] _do_NestedLoop
2022-12-02 20:48:06 [P-396] [MainThread] [parse_query_plan] [DEBUG] parse_query_plan.py[line:126] Nested Loop  (cost=9.77..5346.22 rows=1 width=27) (actual time=32.500..43397.416 rows=78722 loops=1)
2022-12-02 20:48:06 [P-396] [MainThread] [parse_query_plan] [DEBUG] parse_query_plan.py[line:132] ['Nested Loop']
2022-12-02 20:48:06 [P-396] [MainThread] [parse_query_plan] [DEBUG] parse_query_plan.py[line:149] _do_NestedLoop
2022-12-02 20:48:06 [P-396] [MainThread] [parse_query_plan] [DEBUG] parse_query_plan.py[line:126] Nested Loop  (cost=9.34..5344.95 rows=1 width=31) (actual time=32.489..43202.266 rows=78722 loops=1)
2022-12-02 20:48:06 [P-396] [MainThread] [parse_query_plan] [DEBUG] parse_query_plan.py[line:132] ['Nested Loop']
2022-12-02 20:48:06 [P-396] [MainThread] [parse_query_plan] [DEBUG] parse_query_plan.py[line:149] _do_NestedLoop
2022-12-02 20:48:06 [P-396] [MainThread] [parse_query_plan] [DEBUG] parse_query_plan.py[line:126] Nested Loop  (cost=8.91..5338.75 rows=1 width=23) (actual time=32.251..42623.723 rows=7825 loops=1)
2022-12-02 20:48:06 [P-396] [MainThread] [parse_query_plan] [DEBUG] parse_query_plan.py[line:132] ['Nested Loop']
2022-12-02 20:48:06 [P-396] [MainThread] [parse_query_plan] [DEBUG] parse_query_plan.py[line:149] _do_NestedLoop
2022-12-02 20:48:06 [P-396] [MainThread] [parse_query_plan] [DEBUG] parse_query_plan.py[line:126] Nested Loop  (cost=8.48..2860.02 rows=1094 width=12) (actual time=3.433..31599.700 rows=1180265 loops=1)
2022-12-02 20:48:06 [P-396] [MainThread] [parse_query_plan] [DEBUG] parse_query_plan.py[line:132] ['Nested Loop']
2022-12-02 20:48:06 [P-396] [MainThread] [parse_query_plan] [DEBUG] parse_query_plan.py[line:149] _do_NestedLoop
2022-12-02 20:48:06 [P-396] [MainThread] [parse_query_plan] [DEBUG] parse_query_plan.py[line:126] Nested Loop  (cost=8.04..1537.90 rows=32 width=4) (actual time=2.911..398.693 rows=43721 loops=1)
2022-12-02 20:48:06 [P-396] [MainThread] [parse_query_plan] [DEBUG] parse_query_plan.py[line:132] ['Nested Loop']
2022-12-02 20:48:06 [P-396] [MainThread] [parse_query_plan] [DEBUG] parse_query_plan.py[line:149] _do_NestedLoop
2022-12-02 20:48:06 [P-396] [MainThread] [parse_query_plan] [DEBUG] parse_query_plan.py[line:126] Index Scan using keyword_idx_keyword on keyword k  (cost=0.42..8.44 rows=1 width=4) (actual time=0.018..0.449 rows=1 loops=1)
2022-12-02 20:48:06 [P-396] [MainThread] [parse_query_plan] [DEBUG] parse_query_plan.py[line:132] ['Index Scan', 'keyword_idx_keyword', 'keyword k']
2022-12-02 20:48:06 [P-396] [MainThread] [parse_query_plan] [DEBUG] parse_query_plan.py[line:149] _do_IndexScan
2022-12-02 20:48:06 [P-396] [MainThread] [parse_query_plan] [DEBUG] parse_query_plan.py[line:126] Bitmap Heap Scan on movie_keyword mk  (cost=7.62..1525.35 rows=411 width=8) (actual time=2.892..384.734 rows=43721 loops=1)
2022-12-02 20:48:06 [P-396] [MainThread] [parse_query_plan] [DEBUG] parse_query_plan.py[line:132] ['Bitmap Heap Scan', 'movie_keyword mk']
2022-12-02 20:48:06 [P-396] [MainThread] [parse_query_plan] [DEBUG] parse_query_plan.py[line:149] _do_BitMapHeapScan
2022-12-02 20:48:06 [P-396] [MainThread] [parse_query_plan] [DEBUG] parse_query_plan.py[line:126] Bitmap Index Scan on movie_keyword_idx_keywordid  (cost=0.00..7.51 rows=411 width=0) (actual time=1.401..1.406 rows=43721 loops=1)
2022-12-02 20:48:06 [P-396] [MainThread] [parse_query_plan] [DEBUG] parse_query_plan.py[line:132] ['Bitmap Index Scan', 'movie_keyword_idx_keywordid']
2022-12-02 20:48:06 [P-396] [MainThread] [parse_query_plan] [DEBUG] parse_query_plan.py[line:149] _do_BitMapIndexScan
2022-12-02 20:48:06 [P-396] [MainThread] [parse_query_plan] [DEBUG] parse_query_plan.py[line:126] Index Scan using cast_info_idx_mid on cast_info ci  (cost=0.44..40.97 rows=35 width=8) (actual time=0.039..0.707 rows=27 loops=43721)
2022-12-02 20:48:06 [P-396] [MainThread] [parse_query_plan] [DEBUG] parse_query_plan.py[line:132] ['Index Scan', 'cast_info_idx_mid', 'cast_info ci']
2022-12-02 20:48:06 [P-396] [MainThread] [parse_query_plan] [DEBUG] parse_query_plan.py[line:149] _do_IndexScan
2022-12-02 20:48:06 [P-396] [MainThread] [parse_query_plan] [DEBUG] parse_query_plan.py[line:126] Index Scan using name_pkey on name n  (cost=0.43..2.27 rows=1 width=19) (actual time=0.009..0.009 rows=0 loops=1180265)
2022-12-02 20:48:06 [P-396] [MainThread] [parse_query_plan] [DEBUG] parse_query_plan.py[line:132] ['Index Scan', 'name_pkey', 'name n']
2022-12-02 20:48:06 [P-396] [MainThread] [parse_query_plan] [DEBUG] parse_query_plan.py[line:149] _do_IndexScan
2022-12-02 20:48:06 [P-396] [MainThread] [parse_query_plan] [DEBUG] parse_query_plan.py[line:126] Index Scan using movie_companies_idx_mid on movie_companies mc  (cost=0.43..6.14 rows=6 width=8) (actual time=0.047..0.072 rows=10 loops=7825)
2022-12-02 20:48:06 [P-396] [MainThread] [parse_query_plan] [DEBUG] parse_query_plan.py[line:132] ['Index Scan', 'movie_companies_idx_mid', 'movie_companies mc']
2022-12-02 20:48:06 [P-396] [MainThread] [parse_query_plan] [DEBUG] parse_query_plan.py[line:149] _do_IndexScan
2022-12-02 20:48:06 [P-396] [MainThread] [parse_query_plan] [DEBUG] parse_query_plan.py[line:126] Index Only Scan using company_name_pkey on company_name cn  (cost=0.42..1.27 rows=1 width=4) (actual time=0.002..0.002 rows=1 loops=78722)
2022-12-02 20:48:06 [P-396] [MainThread] [parse_query_plan] [DEBUG] parse_query_plan.py[line:132] ['Index Only Scan', 'company_name_pkey', 'company_name cn']
2022-12-02 20:48:06 [P-396] [MainThread] [parse_query_plan] [DEBUG] parse_query_plan.py[line:149] _do_IndexOnlyScan
2022-12-02 20:48:06 [P-396] [MainThread] [parse_query_plan] [DEBUG] parse_query_plan.py[line:126] Index Only Scan using title_pkey on title t  (cost=0.43..1.37 rows=1 width=4) (actual time=0.001..0.001 rows=0 loops=78722)
2022-12-02 20:48:06 [P-396] [MainThread] [parse_query_plan] [DEBUG] parse_query_plan.py[line:132] ['Index Only Scan', 'title_pkey', 'title t']
2022-12-02 20:48:06 [P-396] [MainThread] [parse_query_plan] [DEBUG] parse_query_plan.py[line:149] _do_IndexOnlyScan
