2022-12-02 20:03:16 [P-5060] [MainThread] [parse_query_plan] [DEBUG] parse_query_plan.py[line:112] Finalize Aggregate  (cost=1147265.62..1147265.63 rows=1 width=64) (actual time=9997.443..10121.476 rows=1 loops=1)
2022-12-02 20:03:16 [P-5060] [MainThread] [parse_query_plan] [DEBUG] parse_query_plan.py[line:118] ['Finalize Aggregate']
2022-12-02 20:03:16 [P-5060] [MainThread] [parse_query_plan] [DEBUG] parse_query_plan.py[line:135] _do_FinalizeAggregate
2022-12-02 20:03:16 [P-5060] [MainThread] [parse_query_plan] [DEBUG] parse_query_plan.py[line:112] Gather  (cost=1147265.40..1147265.61 rows=2 width=64) (actual time=9992.075..10121.451 rows=3 loops=1)
2022-12-02 20:03:16 [P-5060] [MainThread] [parse_query_plan] [DEBUG] parse_query_plan.py[line:118] ['Gather']
2022-12-02 20:03:16 [P-5060] [MainThread] [parse_query_plan] [DEBUG] parse_query_plan.py[line:135] _do_Gather
2022-12-02 20:03:16 [P-5060] [MainThread] [parse_query_plan] [DEBUG] parse_query_plan.py[line:112] Partial Aggregate  (cost=1146265.40..1146265.41 rows=1 width=64) (actual time=9975.993..9976.191 rows=1 loops=3)
2022-12-02 20:03:16 [P-5060] [MainThread] [parse_query_plan] [DEBUG] parse_query_plan.py[line:118] ['Partial Aggregate']
2022-12-02 20:03:16 [P-5060] [MainThread] [parse_query_plan] [DEBUG] parse_query_plan.py[line:135] _do_PartialAggregate
2022-12-02 20:03:16 [P-5060] [MainThread] [parse_query_plan] [DEBUG] parse_query_plan.py[line:112] Hash Join  (cost=1112895.15..1144395.88 rows=373903 width=32) (actual time=9746.826..9870.158 rows=1160410 loops=3)
2022-12-02 20:03:16 [P-5060] [MainThread] [parse_query_plan] [DEBUG] parse_query_plan.py[line:118] ['Hash Join']
2022-12-02 20:03:16 [P-5060] [MainThread] [parse_query_plan] [DEBUG] parse_query_plan.py[line:135] _do_HashJoin
2022-12-02 20:03:16 [P-5060] [MainThread] [parse_query_plan] [DEBUG] parse_query_plan.py[line:112] Seq Scan on aka_name a1  (cost=0.00..22010.80 rows=546780 width=20) (actual time=7.374..324.587 rows=437424 loops=3)
2022-12-02 20:03:16 [P-5060] [MainThread] [parse_query_plan] [DEBUG] parse_query_plan.py[line:118] ['Seq Scan', 'aka_name a1']
2022-12-02 20:03:16 [P-5060] [MainThread] [parse_query_plan] [DEBUG] parse_query_plan.py[line:135] _do_SeqScan
2022-12-02 20:03:16 [P-5060] [MainThread] [parse_query_plan] [DEBUG] parse_query_plan.py[line:112] Hash  (cost=1110077.10..1110077.10 rows=153444 width=24) (actual time=9340.914..9340.931 rows=917626 loops=3)
2022-12-02 20:03:16 [P-5060] [MainThread] [parse_query_plan] [DEBUG] parse_query_plan.py[line:118] ['Hash']
2022-12-02 20:03:16 [P-5060] [MainThread] [parse_query_plan] [DEBUG] parse_query_plan.py[line:135] _do_Hash
2022-12-02 20:03:16 [P-5060] [MainThread] [parse_query_plan] [DEBUG] parse_query_plan.py[line:112] Hash Join  (cost=1025541.50..1110077.10 rows=153444 width=24) (actual time=8892.681..9121.578 rows=917626 loops=3)
2022-12-02 20:03:16 [P-5060] [MainThread] [parse_query_plan] [DEBUG] parse_query_plan.py[line:118] ['Hash Join']
2022-12-02 20:03:16 [P-5060] [MainThread] [parse_query_plan] [DEBUG] parse_query_plan.py[line:135] _do_HashJoin
2022-12-02 20:03:16 [P-5060] [MainThread] [parse_query_plan] [DEBUG] parse_query_plan.py[line:112] Seq Scan on title t  (cost=0.00..61876.00 rows=1375000 width=20) (actual time=1.637..671.768 rows=1100000 loops=3)
2022-12-02 20:03:16 [P-5060] [MainThread] [parse_query_plan] [DEBUG] parse_query_plan.py[line:118] ['Seq Scan', 'title t']
2022-12-02 20:03:16 [P-5060] [MainThread] [parse_query_plan] [DEBUG] parse_query_plan.py[line:135] _do_SeqScan
2022-12-02 20:03:16 [P-5060] [MainThread] [parse_query_plan] [DEBUG] parse_query_plan.py[line:112] Hash  (cost=1022873.45..1022873.45 rows=153444 width=16) (actual time=8033.024..8033.037 rows=1359876 loops=3)
2022-12-02 20:03:16 [P-5060] [MainThread] [parse_query_plan] [DEBUG] parse_query_plan.py[line:118] ['Hash']
2022-12-02 20:03:16 [P-5060] [MainThread] [parse_query_plan] [DEBUG] parse_query_plan.py[line:135] _do_Hash
2022-12-02 20:03:16 [P-5060] [MainThread] [parse_query_plan] [DEBUG] parse_query_plan.py[line:112] Hash Join  (cost=951466.15..1022873.45 rows=153444 width=16) (actual time=7515.647..7790.292 rows=1359876 loops=3)
2022-12-02 20:03:16 [P-5060] [MainThread] [parse_query_plan] [DEBUG] parse_query_plan.py[line:118] ['Hash Join']
2022-12-02 20:03:16 [P-5060] [MainThread] [parse_query_plan] [DEBUG] parse_query_plan.py[line:135] _do_HashJoin
2022-12-02 20:03:16 [P-5060] [MainThread] [parse_query_plan] [DEBUG] parse_query_plan.py[line:112] Hash Join  (cost=7227.32..68169.09 rows=786713 width=4) (actual time=165.534..704.919 rows=738720 loops=3)
2022-12-02 20:03:16 [P-5060] [MainThread] [parse_query_plan] [DEBUG] parse_query_plan.py[line:118] ['Hash Join']
2022-12-02 20:03:16 [P-5060] [MainThread] [parse_query_plan] [DEBUG] parse_query_plan.py[line:135] _do_HashJoin
2022-12-02 20:03:16 [P-5060] [MainThread] [parse_query_plan] [DEBUG] parse_query_plan.py[line:112] Seq Scan on movie_companies mc  (cost=0.00..55518.57 rows=2065957 width=8) (actual time=0.368..352.714 rows=1652765 loops=3)
2022-12-02 20:03:16 [P-5060] [MainThread] [parse_query_plan] [DEBUG] parse_query_plan.py[line:118] ['Seq Scan', 'movie_companies mc']
2022-12-02 20:03:16 [P-5060] [MainThread] [parse_query_plan] [DEBUG] parse_query_plan.py[line:135] _do_SeqScan
2022-12-02 20:03:16 [P-5060] [MainThread] [parse_query_plan] [DEBUG] parse_query_plan.py[line:112] Hash  (cost=6509.10..6509.10 rows=57458 width=4) (actual time=164.783..164.784 rows=46313 loops=3)
2022-12-02 20:03:16 [P-5060] [MainThread] [parse_query_plan] [DEBUG] parse_query_plan.py[line:118] ['Hash']
2022-12-02 20:03:16 [P-5060] [MainThread] [parse_query_plan] [DEBUG] parse_query_plan.py[line:135] _do_Hash
2022-12-02 20:03:16 [P-5060] [MainThread] [parse_query_plan] [DEBUG] parse_query_plan.py[line:112] Seq Scan on company_name cn  (cost=0.00..6509.10 rows=57458 width=4) (actual time=0.959..150.677 rows=46313 loops=3)
2022-12-02 20:03:16 [P-5060] [MainThread] [parse_query_plan] [DEBUG] parse_query_plan.py[line:118] ['Seq Scan', 'company_name cn']
2022-12-02 20:03:16 [P-5060] [MainThread] [parse_query_plan] [DEBUG] parse_query_plan.py[line:135] _do_SeqScan
2022-12-02 20:03:16 [P-5060] [MainThread] [parse_query_plan] [DEBUG] parse_query_plan.py[line:112] Hash  (cost=941648.28..941648.28 rows=149004 width=12) (actual time=6721.567..6721.572 rows=1725212 loops=3)
2022-12-02 20:03:16 [P-5060] [MainThread] [parse_query_plan] [DEBUG] parse_query_plan.py[line:118] ['Hash']
2022-12-02 20:03:16 [P-5060] [MainThread] [parse_query_plan] [DEBUG] parse_query_plan.py[line:135] _do_Hash
2022-12-02 20:03:16 [P-5060] [MainThread] [parse_query_plan] [DEBUG] parse_query_plan.py[line:112] Nested Loop  (cost=13.13..941648.28 rows=149004 width=12) (actual time=3561.052..6372.401 rows=1725212 loops=3)
2022-12-02 20:03:16 [P-5060] [MainThread] [parse_query_plan] [DEBUG] parse_query_plan.py[line:118] ['Nested Loop']
2022-12-02 20:03:16 [P-5060] [MainThread] [parse_query_plan] [DEBUG] parse_query_plan.py[line:135] _do_NestedLoop
2022-12-02 20:03:16 [P-5060] [MainThread] [parse_query_plan] [DEBUG] parse_query_plan.py[line:112] Hash Join  (cost=12.69..779437.45 rows=149004 width=8) (actual time=3560.444..5496.505 rows=1725212 loops=3)
2022-12-02 20:03:16 [P-5060] [MainThread] [parse_query_plan] [DEBUG] parse_query_plan.py[line:118] ['Hash Join']
2022-12-02 20:03:16 [P-5060] [MainThread] [parse_query_plan] [DEBUG] parse_query_plan.py[line:135] _do_HashJoin
2022-12-02 20:03:16 [P-5060] [MainThread] [parse_query_plan] [DEBUG] parse_query_plan.py[line:112] Seq Scan on cast_info ci  (cost=0.00..709583.65 rows=26448265 width=12) (actual time=0.188..3817.974 rows=21158612 loops=3)
2022-12-02 20:03:16 [P-5060] [MainThread] [parse_query_plan] [DEBUG] parse_query_plan.py[line:118] ['Seq Scan', 'cast_info ci']
2022-12-02 20:03:16 [P-5060] [MainThread] [parse_query_plan] [DEBUG] parse_query_plan.py[line:135] _do_SeqScan
2022-12-02 20:03:16 [P-5060] [MainThread] [parse_query_plan] [DEBUG] parse_query_plan.py[line:112] Hash  (cost=12.64..12.64 rows=4 width=4) (actual time=302.691..302.693 rows=1 loops=3)
2022-12-02 20:03:16 [P-5060] [MainThread] [parse_query_plan] [DEBUG] parse_query_plan.py[line:118] ['Hash']
2022-12-02 20:03:16 [P-5060] [MainThread] [parse_query_plan] [DEBUG] parse_query_plan.py[line:135] _do_Hash
2022-12-02 20:03:16 [P-5060] [MainThread] [parse_query_plan] [DEBUG] parse_query_plan.py[line:112] Bitmap Heap Scan on role_type rt  (cost=4.18..12.64 rows=4 width=4) (actual time=302.669..302.673 rows=1 loops=3)
2022-12-02 20:03:16 [P-5060] [MainThread] [parse_query_plan] [DEBUG] parse_query_plan.py[line:118] ['Bitmap Heap Scan', 'role_type rt']
2022-12-02 20:03:16 [P-5060] [MainThread] [parse_query_plan] [DEBUG] parse_query_plan.py[line:135] _do_BitMapHeapScan
2022-12-02 20:03:16 [P-5060] [MainThread] [parse_query_plan] [DEBUG] parse_query_plan.py[line:112] Bitmap Index Scan on role_type_role  (cost=0.00..4.18 rows=4 width=0) (actual time=0.141..0.142 rows=1 loops=3)
2022-12-02 20:03:16 [P-5060] [MainThread] [parse_query_plan] [DEBUG] parse_query_plan.py[line:118] ['Bitmap Index Scan', 'role_type_role']
2022-12-02 20:03:16 [P-5060] [MainThread] [parse_query_plan] [DEBUG] parse_query_plan.py[line:135] _do_BitMapIndexScan
2022-12-02 20:03:16 [P-5060] [MainThread] [parse_query_plan] [DEBUG] parse_query_plan.py[line:112] Memoize  (cost=0.44..1.36 rows=1 width=4) (actual time=0.000..0.000 rows=1 loops=5175637)
2022-12-02 20:03:16 [P-5060] [MainThread] [parse_query_plan] [DEBUG] parse_query_plan.py[line:118] ['Memoize']
2022-12-02 20:03:16 [P-5060] [MainThread] [parse_query_plan] [DEBUG] parse_query_plan.py[line:135] _do_Memorize
2022-12-02 20:03:16 [P-5060] [MainThread] [parse_query_plan] [DEBUG] parse_query_plan.py[line:112] Index Only Scan using name_pkey on name n1  (cost=0.43..1.35 rows=1 width=4) (actual time=0.002..0.002 rows=1 loops=648808)
2022-12-02 20:03:16 [P-5060] [MainThread] [parse_query_plan] [DEBUG] parse_query_plan.py[line:118] ['Index Only Scan', 'name_pkey', 'name n1']
2022-12-02 20:03:16 [P-5060] [MainThread] [parse_query_plan] [DEBUG] parse_query_plan.py[line:135] _do_IndexOnlyScan
