2022-12-02 20:57:04 [P-4044] [MainThread] [parse_query_plan] [DEBUG] parse_query_plan.py[line:126] Finalize Aggregate  (cost=24708.35..24708.36 rows=1 width=32) (actual time=264.990..265.057 rows=1 loops=1)
2022-12-02 20:57:04 [P-4044] [MainThread] [parse_query_plan] [DEBUG] parse_query_plan.py[line:132] ['Finalize Aggregate']
2022-12-02 20:57:04 [P-4044] [MainThread] [parse_query_plan] [DEBUG] parse_query_plan.py[line:149] _do_FinalizeAggregate
2022-12-02 20:57:04 [P-4044] [MainThread] [parse_query_plan] [DEBUG] parse_query_plan.py[line:126] Gather  (cost=24708.24..24708.35 rows=1 width=32) (actual time=264.982..265.050 rows=2 loops=1)
2022-12-02 20:57:04 [P-4044] [MainThread] [parse_query_plan] [DEBUG] parse_query_plan.py[line:132] ['Gather']
2022-12-02 20:57:04 [P-4044] [MainThread] [parse_query_plan] [DEBUG] parse_query_plan.py[line:149] _do_Gather
2022-12-02 20:57:04 [P-4044] [MainThread] [parse_query_plan] [DEBUG] parse_query_plan.py[line:126] Partial Aggregate  (cost=23708.24..23708.25 rows=1 width=32) (actual time=178.619..178.621 rows=1 loops=2)
2022-12-02 20:57:04 [P-4044] [MainThread] [parse_query_plan] [DEBUG] parse_query_plan.py[line:132] ['Partial Aggregate']
2022-12-02 20:57:04 [P-4044] [MainThread] [parse_query_plan] [DEBUG] parse_query_plan.py[line:149] _do_PartialAggregate
2022-12-02 20:57:04 [P-4044] [MainThread] [parse_query_plan] [DEBUG] parse_query_plan.py[line:126] Nested Loop  (cost=8.51..23706.24 rows=801 width=16) (actual time=4.330..178.455 rows=447 loops=2)
2022-12-02 20:57:04 [P-4044] [MainThread] [parse_query_plan] [DEBUG] parse_query_plan.py[line:132] ['Nested Loop']
2022-12-02 20:57:04 [P-4044] [MainThread] [parse_query_plan] [DEBUG] parse_query_plan.py[line:149] _do_NestedLoop
2022-12-02 20:57:04 [P-4044] [MainThread] [parse_query_plan] [DEBUG] parse_query_plan.py[line:126] Nested Loop  (cost=8.05..22989.83 rows=346 width=24) (actual time=1.342..21.874 rows=514 loops=2)
2022-12-02 20:57:04 [P-4044] [MainThread] [parse_query_plan] [DEBUG] parse_query_plan.py[line:132] ['Nested Loop']
2022-12-02 20:57:04 [P-4044] [MainThread] [parse_query_plan] [DEBUG] parse_query_plan.py[line:149] _do_NestedLoop
2022-12-02 20:57:04 [P-4044] [MainThread] [parse_query_plan] [DEBUG] parse_query_plan.py[line:126] Nested Loop  (cost=7.62..22775.50 rows=446 width=4) (actual time=1.293..15.732 rows=7025 loops=2)
2022-12-02 20:57:04 [P-4044] [MainThread] [parse_query_plan] [DEBUG] parse_query_plan.py[line:132] ['Nested Loop']
2022-12-02 20:57:04 [P-4044] [MainThread] [parse_query_plan] [DEBUG] parse_query_plan.py[line:149] _do_NestedLoop
2022-12-02 20:57:04 [P-4044] [MainThread] [parse_query_plan] [DEBUG] parse_query_plan.py[line:126] Seq Scan on keyword k  (cost=0.00..3455.90 rows=14 width=4) (actual time=0.792..9.232 rows=20 loops=2)
2022-12-02 20:57:04 [P-4044] [MainThread] [parse_query_plan] [DEBUG] parse_query_plan.py[line:132] ['Seq Scan', 'keyword k']
2022-12-02 20:57:04 [P-4044] [MainThread] [parse_query_plan] [DEBUG] parse_query_plan.py[line:149] _do_SeqScan
2022-12-02 20:57:04 [P-4044] [MainThread] [parse_query_plan] [DEBUG] parse_query_plan.py[line:126] Bitmap Heap Scan on movie_keyword mk  (cost=7.62..1375.86 rows=411 width=8) (actual time=0.035..0.293 rows=343 loops=41)
2022-12-02 20:57:04 [P-4044] [MainThread] [parse_query_plan] [DEBUG] parse_query_plan.py[line:132] ['Bitmap Heap Scan', 'movie_keyword mk']
2022-12-02 20:57:04 [P-4044] [MainThread] [parse_query_plan] [DEBUG] parse_query_plan.py[line:149] _do_BitMapHeapScan
2022-12-02 20:57:04 [P-4044] [MainThread] [parse_query_plan] [DEBUG] parse_query_plan.py[line:126] Bitmap Index Scan on movie_keyword_idx_keywordid  (cost=0.00..7.51 rows=411 width=0) (actual time=0.017..0.017 rows=343 loops=41)
2022-12-02 20:57:04 [P-4044] [MainThread] [parse_query_plan] [DEBUG] parse_query_plan.py[line:132] ['Bitmap Index Scan', 'movie_keyword_idx_keywordid']
2022-12-02 20:57:04 [P-4044] [MainThread] [parse_query_plan] [DEBUG] parse_query_plan.py[line:149] _do_BitMapIndexScan
2022-12-02 20:57:04 [P-4044] [MainThread] [parse_query_plan] [DEBUG] parse_query_plan.py[line:126] Index Scan using title_pkey on title t  (cost=0.43..0.48 rows=1 width=20) (actual time=0.001..0.001 rows=0 loops=14050)
2022-12-02 20:57:04 [P-4044] [MainThread] [parse_query_plan] [DEBUG] parse_query_plan.py[line:132] ['Index Scan', 'title_pkey', 'title t']
2022-12-02 20:57:04 [P-4044] [MainThread] [parse_query_plan] [DEBUG] parse_query_plan.py[line:149] _do_IndexScan
2022-12-02 20:57:04 [P-4044] [MainThread] [parse_query_plan] [DEBUG] parse_query_plan.py[line:126] Index Scan using movie_info_idx_mid on movie_info mi  (cost=0.46..2.05 rows=2 width=4) (actual time=0.243..0.305 rows=1 loops=1027)
2022-12-02 20:57:04 [P-4044] [MainThread] [parse_query_plan] [DEBUG] parse_query_plan.py[line:132] ['Index Scan', 'movie_info_idx_mid', 'movie_info mi']
2022-12-02 20:57:04 [P-4044] [MainThread] [parse_query_plan] [DEBUG] parse_query_plan.py[line:149] _do_IndexScan
2022-12-02 20:57:04 [P-4044] [MainThread] [parse_query_plan] [DEBUG] parse_query_plan.py[line:183] <re.Match object; span=(0, 99), match="info = ANY ('{Sweden,Norway,Germany,Denmark,Swedi>
