2022-12-02 19:35:38 [P-8880] [MainThread] [parse_query_plan] [DEBUG] parse_query_plan.py[line:105] Finalize Aggregate  (cost=1147265.62..1147265.63 rows=1 width=64) (actual time=9997.443..10121.476 rows=1 loops=1)
2022-12-02 19:35:38 [P-8880] [MainThread] [parse_query_plan] [INFO] parse_query_plan.py[line:34] 'Finalize Aggregate' is not a valid OperatorType, Finalize Aggregate
2022-12-02 19:35:38 [P-8880] [MainThread] [parse_query_plan] [WARNING] parse_query_plan.py[line:130] no method named _do_OperatorType.NotImplemented
2022-12-02 19:35:38 [P-8880] [MainThread] [parse_query_plan] [DEBUG] parse_query_plan.py[line:105] ->  Gather  (cost=1147265.40..1147265.61 rows=2 width=64) (actual time=9992.075..10121.451 rows=3 loops=1)
