Aggregate  (cost=20.40..20.41 rows=1 width=8)
  ->  Seq Scan on movie_info_idx mi_idx  (cost=0.00..19.75 rows=260 width=0)
        Filter: (info_type_id > 99)