Aggregate  (cost=49.35..49.36 rows=1 width=8)
  ->  Index Scan using info_type_id_movie_info_idx on movie_info_idx mi_idx  (cost=0.15..48.70 rows=260 width=0)
        Index Cond: (info_type_id > 99)