Aggregate  (cost=7639.97..7639.98 rows=1 width=8)
  ->  Nested Loop  (cost=0.87..7637.84 rows=851 width=0)
        ->  Nested Loop  (cost=0.43..6456.80 rows=472 width=8)
              ->  Seq Scan on movie_info_idx mi_idx  (cost=0.00..17.80 rows=780 width=4)
              ->  Index Scan using title_pkey on title t  (cost=0.43..8.26 rows=1 width=4)
                    Index Cond: (id = mi_idx.movie_id)
                    Filter: (production_year > 2003)
        ->  Index Scan using movie_info_idx_mid on movie_info mi  (cost=0.44..2.38 rows=12 width=4)
              Index Cond: (movie_id = t.id)
              Filter: (info_type_id = 16)