Aggregate  (cost=7678.02..7678.03 rows=1 width=8)
  ->  Nested Loop  (cost=1.02..7675.89 rows=851 width=0)
        ->  Nested Loop  (cost=0.58..6494.85 rows=472 width=8)
              ->  Index Scan using movie_id_movie_info_idx on movie_info_idx mi_idx  (cost=0.15..55.85 rows=780 width=4)
              ->  Index Scan using title_pkey on title t  (cost=0.43..8.26 rows=1 width=4)
                    Index Cond: (id = mi_idx.movie_id)
                    Filter: (production_year > 2003)
        ->  Index Scan using movie_info_idx_mid on movie_info mi  (cost=0.44..2.38 rows=12 width=4)
              Index Cond: (movie_id = t.id)
              Filter: (info_type_id = 16)