Aggregate  (cost=10002544383.03..10002544383.04 rows=1 width=8)
  ->  Nested Loop  (cost=10000000000.43..10002531987.29 rows=4958296 width=0)
        ->  Seq Scan on movie_companies mc  (cost=0.00..84441.96 rows=4958296 width=4)
        ->  Index Scan using title_pkey on title t  (cost=0.43..0.49 rows=1 width=4)
              Index Cond: (id = mc.movie_id)
JIT:
  Functions: 5
  Options: Inlining true, Optimization true, Expressions true, Deforming true