Aggregate  (cost=10002244363.74..10002244363.75 rows=1 width=8)
  ->  Nested Loop  (cost=10000000000.43..10002231968.00 rows=4958296 width=0)
        ->  Seq Scan on title t  (cost=0.00..81126.00 rows=3300000 width=4)
        ->  Index Scan using movie_companies_idx_mid on movie_companies mc  (cost=0.43..0.59 rows=6 width=4)
              Index Cond: (movie_id = t.id)
JIT:
  Functions: 5
  Options: Inlining true, Optimization true, Expressions true, Deforming true