Finalize Aggregate  (cost=1298481.81..1298481.82 rows=1 width=8)
  ->  Gather  (cost=1298481.60..1298481.81 rows=2 width=8)
        Workers Planned: 2
        ->  Partial Aggregate  (cost=1297481.60..1297481.61 rows=1 width=8)
              ->  Parallel Index Scan using movie_info_idx_infotypeid on movie_info mi  (cost=0.44..1290376.95 rows=2841860 width=0)
                    Index Cond: (info_type_id < 4)
JIT:
  Functions: 6
  Options: Inlining true, Optimization true, Expressions true, Deforming true