Finalize Aggregate  (cost=1230727.84..1230727.85 rows=1 width=8)
  ->  Gather  (cost=1230727.62..1230727.83 rows=2 width=8)
        Workers Planned: 2
        ->  Partial Aggregate  (cost=1229727.62..1229727.63 rows=1 width=8)
              ->  Parallel Index Scan using movie_info_idx_infotypeid on movie_info mi  (cost=0.44..1226838.00 rows=1155847 width=0)
                    Index Cond: (info_type_id = 3)
JIT:
  Functions: 6
  Options: Inlining true, Optimization true, Expressions true, Deforming true