Aggregate  (cost=68967.13..68967.14 rows=1 width=8)
  ->  Gather  (cost=1019.80..68967.13 rows=2 width=0)
        Workers Planned: 2
        ->  Hash Join  (cost=19.80..67966.93 rows=1 width=0)
              Hash Cond: (t.id = mi_idx.movie_id)
              ->  Parallel Seq Scan on title t  (cost=0.00..65313.50 rows=702298 width=4)
                    Filter: (production_year < 2010)
              ->  Hash  (cost=19.75..19.75 rows=4 width=4)
                    ->  Seq Scan on movie_info_idx mi_idx  (cost=0.00..19.75 rows=4 width=4)
                          Filter: (info_type_id = 101)