Aggregate  (cost=54.03..54.04 rows=1 width=8)
  ->  Nested Loop  (cost=0.58..54.02 rows=2 width=0)
        ->  Index Scan using info_type_id_movie_info_idx on movie_info_idx mi_idx  (cost=0.15..20.22 rows=4 width=4)
              Index Cond: (info_type_id = 101)
        ->  Index Scan using title_pkey on title t  (cost=0.43..8.45 rows=1 width=4)
              Index Cond: (id = mi_idx.movie_id)
              Filter: (production_year < 2010)