Aggregate  (cost=68967.60..68967.61 rows=1 width=8)
  ->  Gather  (cost=1020.27..68967.60 rows=2 width=0)
        Workers Planned: 2
        ->  Hash Join  (cost=20.27..67967.40 rows=1 width=0)
              Hash Cond: (t.id = mi_idx.movie_id)
              ->  Parallel Seq Scan on title t  (cost=0.00..65313.50 rows=702298 width=4)
                    Filter: (production_year < 2010)
              ->  Hash  (cost=20.22..20.22 rows=4 width=4)
                    ->  Index Scan using info_type_id_movie_info_idx on movie_info_idx mi_idx  (cost=0.15..20.22 rows=4 width=4)
                          Index Cond: (info_type_id = 101)