Aggregate  (cost=247949.45..247949.46 rows=1 width=8)
  ->  Hash Join  (cost=175084.79..247846.97 rows=40992 width=0)
        Hash Cond: (mc.movie_id = t.id)
        ->  Index Scan using movie_companies_idx_cid on movie_companies mc  (cost=0.43..72655.00 rows=40992 width=4)
              Index Cond: (company_id < 27)
        ->  Hash  (cost=133834.36..133834.36 rows=3300000 width=4)
              ->  Index Scan using title_pkey on title t  (cost=0.43..133834.36 rows=3300000 width=4)
JIT:
  Functions: 13
  Options: Inlining false, Optimization false, Expressions true, Deforming true