Aggregate  (cost=2234.32..2234.33 rows=1 width=8)
  ->  Nested Loop  (cost=0.58..2233.70 rows=248 width=0)
        ->  Index Scan using info_type_id_movie_info_idx on movie_info_idx mi_idx  (cost=0.15..48.70 rows=260 width=4)
              Index Cond: (info_type_id > 99)
        ->  Index Scan using title_pkey on title t  (cost=0.43..8.40 rows=1 width=4)
              Index Cond: (id = mi_idx.movie_id)
              Filter: (kind_id = 7)