Aggregate  (cost=62.49..62.50 rows=1 width=8)
  ->  Nested Loop  (cost=0.87..62.47 rows=7 width=0)
        ->  Nested Loop  (cost=0.43..53.54 rows=4 width=8)
              ->  Seq Scan on movie_info_idx mi_idx  (cost=0.00..19.75 rows=4 width=4)
                    Filter: (info_type_id = 100)
              ->  Index Scan using title_pkey on title t  (cost=0.43..8.45 rows=1 width=4)
                    Index Cond: (id = mi_idx.movie_id)
        ->  Index Scan using movie_info_idx_mid on movie_info mi  (cost=0.44..2.10 rows=13 width=4)
              Index Cond: (movie_id = t.id)
              Filter: (info_type_id > 16)