Aggregate  (cost=1049.65..1049.66 rows=1 width=8)
  ->  Nested Loop  (cost=0.87..1049.63 rows=7 width=0)
        ->  Nested Loop  (cost=0.44..1024.89 rows=51 width=8)
              ->  Seq Scan on movie_info_idx mi_idx  (cost=0.00..19.75 rows=4 width=4)
                    Filter: (info_type_id = 100)
              ->  Index Scan using movie_info_idx_mid on movie_info mi  (cost=0.44..251.16 rows=13 width=4)
                    Index Cond: (movie_id = mi_idx.movie_id)
                    Filter: (info_type_id > 16)
        ->  Index Scan using title_pkey on title t  (cost=0.43..0.49 rows=1 width=4)
              Index Cond: (id = mi.movie_id)