Aggregate  (cost=62.96..62.97 rows=1 width=8)
  ->  Nested Loop  (cost=1.02..62.94 rows=7 width=0)
        ->  Nested Loop  (cost=0.58..54.01 rows=4 width=8)
              ->  Index Scan using info_type_id_movie_info_idx on movie_info_idx mi_idx  (cost=0.15..20.22 rows=4 width=4)
                    Index Cond: (info_type_id = 100)
              ->  Index Scan using title_pkey on title t  (cost=0.43..8.45 rows=1 width=4)
                    Index Cond: (id = mi_idx.movie_id)
        ->  Index Scan using movie_info_idx_mid on movie_info mi  (cost=0.44..2.10 rows=13 width=4)
              Index Cond: (movie_id = t.id)
              Filter: (info_type_id > 16)