Finalize Aggregate  (cost=80529.38..80529.39 rows=1 width=8)
  ->  Gather  (cost=80529.16..80529.37 rows=2 width=8)
        Workers Planned: 2
        ->  Partial Aggregate  (cost=79529.16..79529.17 rows=1 width=8)
              ->  Parallel Seq Scan on movie_keyword mk  (cost=0.00..79391.79 rows=54951 width=0)
                    Filter: (keyword_id < 55)