/*+ BitmapScan(t) IndexScan(mk) NestLoop(t mk) Leading (( mk t )) */ explain select count(*) from title t, movie_keyword mk where t.id=mk.movie_id and mk.keyword_id = 20450;

Aggregate  (cost=4290.26..4290.27 rows=1 width=8)
  ->  Nested Loop  (cost=4.80..4289.39 rows=346 width=0)
        ->  Index Scan using movie_keyword_idx_keywordid on movie_keyword mk  (cost=0.43..1389.61 rows=346 width=4)
              Index Cond: (keyword_id = 20450)
        ->  Bitmap Heap Scan on title t  (cost=4.37..8.38 rows=1 width=4)
              Recheck Cond: (id = mk.movie_id)
              ->  Bitmap Index Scan on title_pkey  (cost=0.00..4.37 rows=1 width=0)
                    Index Cond: (id = mk.movie_id)